[2025-03-17T23:34:50.141+0000] {local_task_job_runner.py:123} INFO - ::group::Pre task execution logs
[2025-03-17T23:34:50.204+0000] {taskinstance.py:2614} INFO - Dependencies all met for dep_context=non-requeueable deps ti=<TaskInstance: example_bash_decorator.runme_0 manual__2025-03-17T23:34:47.415930+00:00 [queued]>
[2025-03-17T23:34:50.237+0000] {taskinstance.py:2614} INFO - Dependencies all met for dep_context=requeueable deps ti=<TaskInstance: example_bash_decorator.runme_0 manual__2025-03-17T23:34:47.415930+00:00 [queued]>
[2025-03-17T23:34:50.239+0000] {taskinstance.py:2867} INFO - Starting attempt 1 of 1
[2025-03-17T23:34:50.268+0000] {taskinstance.py:2890} INFO - Executing <Task(_BashDecoratedOperator): runme_0> on 2025-03-17 23:34:47.415930+00:00
[2025-03-17T23:34:50.305+0000] {standard_task_runner.py:104} INFO - Running: ['***', 'tasks', 'run', 'example_bash_decorator', 'runme_0', 'manual__2025-03-17T23:34:47.415930+00:00', '--job-id', '9', '--raw', '--subdir', '/home/***/.local/lib/python3.12/site-packages/***/example_dags/example_bash_decorator.py', '--cfg-path', '/tmp/tmpxi29mxa1']
[2025-03-17T23:34:50.311+0000] {standard_task_runner.py:105} INFO - Job 9: Subtask runme_0
[2025-03-17T23:34:50.319+0000] {logging_mixin.py:190} WARNING - /home/***/.local/lib/python3.12/site-packages/***/task/task_runner/standard_task_runner.py:70 DeprecationWarning: This process (pid=7756) is multi-threaded, use of fork() may lead to deadlocks in the child.
[2025-03-17T23:34:50.321+0000] {standard_task_runner.py:72} INFO - Started process 7791 to run task
[2025-03-17T23:34:50.403+0000] {task_command.py:467} INFO - Running <TaskInstance: example_bash_decorator.runme_0 manual__2025-03-17T23:34:47.415930+00:00 [running]> on host e33ce2890154
[2025-03-17T23:34:50.541+0000] {taskinstance.py:3134} INFO - Exporting env vars: AIRFLOW_CTX_DAG_OWNER='***' AIRFLOW_CTX_DAG_ID='example_bash_decorator' AIRFLOW_CTX_TASK_ID='runme_0' AIRFLOW_CTX_EXECUTION_DATE='2025-03-17T23:34:47.415930+00:00' AIRFLOW_CTX_TRY_NUMBER='1' AIRFLOW_CTX_DAG_RUN_ID='manual__2025-03-17T23:34:47.415930+00:00'
[2025-03-17T23:34:50.545+0000] {logging_mixin.py:190} INFO - Task instance is in running state
[2025-03-17T23:34:50.546+0000] {logging_mixin.py:190} INFO -  Previous state of the Task instance: queued
[2025-03-17T23:34:50.547+0000] {logging_mixin.py:190} INFO - Current task name:runme_0 state:running start_date:2025-03-17 23:34:50.206438+00:00
[2025-03-17T23:34:50.549+0000] {logging_mixin.py:190} INFO - Dag name:example_bash_decorator and current dag run status:running
[2025-03-17T23:34:50.549+0000] {taskinstance.py:732} INFO - ::endgroup::
[2025-03-17T23:34:50.573+0000] {subprocess.py:78} INFO - Tmp dir root location: /tmp
[2025-03-17T23:34:50.575+0000] {subprocess.py:88} INFO - Running command: ['/usr/bin/bash', '-c', 'echo example_bash_decorator__runme_0__20250317 && sleep 0']
[2025-03-17T23:34:50.589+0000] {subprocess.py:99} INFO - Output:
[2025-03-17T23:34:50.592+0000] {subprocess.py:106} INFO - example_bash_decorator__runme_0__20250317
[2025-03-17T23:34:50.593+0000] {subprocess.py:110} INFO - Command exited with return code 0
[2025-03-17T23:34:50.642+0000] {taskinstance.py:341} INFO - ::group::Post task execution logs
[2025-03-17T23:34:50.643+0000] {taskinstance.py:353} INFO - Marking task as SUCCESS. dag_id=example_bash_decorator, task_id=runme_0, run_id=manual__2025-03-17T23:34:47.415930+00:00, execution_date=20250317T233447, start_date=20250317T233450, end_date=20250317T233450
[2025-03-17T23:34:50.673+0000] {logging_mixin.py:190} INFO - Task instance in success state
[2025-03-17T23:34:50.674+0000] {logging_mixin.py:190} INFO -  Previous state of the Task instance: running
[2025-03-17T23:34:50.674+0000] {logging_mixin.py:190} INFO - Dag name:example_bash_decorator queued_at:2025-03-17 23:34:47.439331+00:00
[2025-03-17T23:34:50.675+0000] {logging_mixin.py:190} INFO - Task hostname:e33ce2890154 operator:_BashDecoratedOperator
[2025-03-17T23:34:50.717+0000] {local_task_job_runner.py:266} INFO - Task exited with return code 0
[2025-03-17T23:34:50.725+0000] {local_task_job_runner.py:245} INFO - ::endgroup::
