[2025-03-17T23:34:49.904+0000] {local_task_job_runner.py:123} INFO - ::group::Pre task execution logs
[2025-03-17T23:34:49.936+0000] {taskinstance.py:2614} INFO - Dependencies all met for dep_context=non-requeueable deps ti=<TaskInstance: example_bash_decorator.runme_2 manual__2025-03-17T23:34:47.415930+00:00 [queued]>
[2025-03-17T23:34:49.943+0000] {taskinstance.py:2614} INFO - Dependencies all met for dep_context=requeueable deps ti=<TaskInstance: example_bash_decorator.runme_2 manual__2025-03-17T23:34:47.415930+00:00 [queued]>
[2025-03-17T23:34:49.943+0000] {taskinstance.py:2867} INFO - Starting attempt 1 of 1
[2025-03-17T23:34:49.978+0000] {taskinstance.py:2890} INFO - Executing <Task(_BashDecoratedOperator): runme_2> on 2025-03-17 23:34:47.415930+00:00
[2025-03-17T23:34:49.994+0000] {standard_task_runner.py:104} INFO - Running: ['***', 'tasks', 'run', 'example_bash_decorator', 'runme_2', 'manual__2025-03-17T23:34:47.415930+00:00', '--job-id', '3', '--raw', '--subdir', '/home/***/.local/lib/python3.12/site-packages/***/example_dags/example_bash_decorator.py', '--cfg-path', '/tmp/tmpw9k67sez']
[2025-03-17T23:34:49.996+0000] {logging_mixin.py:190} WARNING - /home/***/.local/lib/python3.12/site-packages/***/task/task_runner/standard_task_runner.py:70 DeprecationWarning: This process (pid=7750) is multi-threaded, use of fork() may lead to deadlocks in the child.
[2025-03-17T23:34:50.001+0000] {standard_task_runner.py:72} INFO - Started process 7773 to run task
[2025-03-17T23:34:49.997+0000] {standard_task_runner.py:105} INFO - Job 3: Subtask runme_2
[2025-03-17T23:34:50.170+0000] {task_command.py:467} INFO - Running <TaskInstance: example_bash_decorator.runme_2 manual__2025-03-17T23:34:47.415930+00:00 [running]> on host e33ce2890154
[2025-03-17T23:34:50.378+0000] {taskinstance.py:3134} INFO - Exporting env vars: AIRFLOW_CTX_DAG_OWNER='***' AIRFLOW_CTX_DAG_ID='example_bash_decorator' AIRFLOW_CTX_TASK_ID='runme_2' AIRFLOW_CTX_EXECUTION_DATE='2025-03-17T23:34:47.415930+00:00' AIRFLOW_CTX_TRY_NUMBER='1' AIRFLOW_CTX_DAG_RUN_ID='manual__2025-03-17T23:34:47.415930+00:00'
[2025-03-17T23:34:50.383+0000] {logging_mixin.py:190} INFO - Task instance is in running state
[2025-03-17T23:34:50.385+0000] {logging_mixin.py:190} INFO -  Previous state of the Task instance: queued
[2025-03-17T23:34:50.387+0000] {logging_mixin.py:190} INFO - Current task name:runme_2 state:running start_date:2025-03-17 23:34:49.937407+00:00
[2025-03-17T23:34:50.391+0000] {logging_mixin.py:190} INFO - Dag name:example_bash_decorator and current dag run status:running
[2025-03-17T23:34:50.391+0000] {taskinstance.py:732} INFO - ::endgroup::
[2025-03-17T23:34:50.435+0000] {subprocess.py:78} INFO - Tmp dir root location: /tmp
[2025-03-17T23:34:50.438+0000] {subprocess.py:88} INFO - Running command: ['/usr/bin/bash', '-c', 'echo example_bash_decorator__runme_2__20250317 && sleep 2']
[2025-03-17T23:34:50.473+0000] {subprocess.py:99} INFO - Output:
[2025-03-17T23:34:50.474+0000] {subprocess.py:106} INFO - example_bash_decorator__runme_2__20250317
[2025-03-17T23:34:52.507+0000] {subprocess.py:110} INFO - Command exited with return code 0
[2025-03-17T23:34:52.554+0000] {taskinstance.py:341} INFO - ::group::Post task execution logs
[2025-03-17T23:34:52.555+0000] {taskinstance.py:353} INFO - Marking task as SUCCESS. dag_id=example_bash_decorator, task_id=runme_2, run_id=manual__2025-03-17T23:34:47.415930+00:00, execution_date=20250317T233447, start_date=20250317T233449, end_date=20250317T233452
[2025-03-17T23:34:52.571+0000] {logging_mixin.py:190} INFO - Task instance in success state
[2025-03-17T23:34:52.572+0000] {logging_mixin.py:190} INFO -  Previous state of the Task instance: running
[2025-03-17T23:34:52.572+0000] {logging_mixin.py:190} INFO - Dag name:example_bash_decorator queued_at:2025-03-17 23:34:47.439331+00:00
[2025-03-17T23:34:52.572+0000] {logging_mixin.py:190} INFO - Task hostname:e33ce2890154 operator:_BashDecoratedOperator
[2025-03-17T23:34:52.608+0000] {local_task_job_runner.py:266} INFO - Task exited with return code 0
[2025-03-17T23:34:52.637+0000] {taskinstance.py:3901} INFO - 1 downstream tasks scheduled from follow-on schedule check
[2025-03-17T23:34:52.638+0000] {local_task_job_runner.py:245} INFO - ::endgroup::
