[2025-03-17T23:34:50.233+0000] {local_task_job_runner.py:123} INFO - ::group::Pre task execution logs
[2025-03-17T23:34:50.262+0000] {taskinstance.py:2614} INFO - Dependencies all met for dep_context=non-requeueable deps ti=<TaskInstance: example_bash_decorator.sleep_in manual__2025-03-17T23:34:47.415930+00:00 [queued]>
[2025-03-17T23:34:50.273+0000] {taskinstance.py:2614} INFO - Dependencies all met for dep_context=requeueable deps ti=<TaskInstance: example_bash_decorator.sleep_in manual__2025-03-17T23:34:47.415930+00:00 [queued]>
[2025-03-17T23:34:50.274+0000] {taskinstance.py:2867} INFO - Starting attempt 1 of 1
[2025-03-17T23:34:50.330+0000] {taskinstance.py:2890} INFO - Executing <Task(_BashDecoratedOperator): sleep_in> on 2025-03-17 23:34:47.415930+00:00
[2025-03-17T23:34:50.344+0000] {standard_task_runner.py:104} INFO - Running: ['***', 'tasks', 'run', 'example_bash_decorator', 'sleep_in', 'manual__2025-03-17T23:34:47.415930+00:00', '--job-id', '11', '--raw', '--subdir', '/home/***/.local/lib/python3.12/site-packages/***/example_dags/example_bash_decorator.py', '--cfg-path', '/tmp/tmphh__m18q']
[2025-03-17T23:34:50.345+0000] {standard_task_runner.py:105} INFO - Job 11: Subtask sleep_in
[2025-03-17T23:34:50.347+0000] {logging_mixin.py:190} WARNING - /home/***/.local/lib/python3.12/site-packages/***/task/task_runner/standard_task_runner.py:70 DeprecationWarning: This process (pid=7752) is multi-threaded, use of fork() may lead to deadlocks in the child.
[2025-03-17T23:34:50.352+0000] {standard_task_runner.py:72} INFO - Started process 7799 to run task
[2025-03-17T23:34:50.468+0000] {task_command.py:467} INFO - Running <TaskInstance: example_bash_decorator.sleep_in manual__2025-03-17T23:34:47.415930+00:00 [running]> on host e33ce2890154
[2025-03-17T23:34:50.590+0000] {taskinstance.py:3134} INFO - Exporting env vars: AIRFLOW_CTX_DAG_OWNER='***' AIRFLOW_CTX_DAG_ID='example_bash_decorator' AIRFLOW_CTX_TASK_ID='sleep_in' AIRFLOW_CTX_EXECUTION_DATE='2025-03-17T23:34:47.415930+00:00' AIRFLOW_CTX_TRY_NUMBER='1' AIRFLOW_CTX_DAG_RUN_ID='manual__2025-03-17T23:34:47.415930+00:00'
[2025-03-17T23:34:50.594+0000] {logging_mixin.py:190} INFO - Task instance is in running state
[2025-03-17T23:34:50.595+0000] {logging_mixin.py:190} INFO -  Previous state of the Task instance: queued
[2025-03-17T23:34:50.597+0000] {logging_mixin.py:190} INFO - Current task name:sleep_in state:running start_date:2025-03-17 23:34:50.265604+00:00
[2025-03-17T23:34:50.598+0000] {logging_mixin.py:190} INFO - Dag name:example_bash_decorator and current dag run status:running
[2025-03-17T23:34:50.599+0000] {taskinstance.py:732} INFO - ::endgroup::
[2025-03-17T23:34:50.601+0000] {taskinstance.py:302} INFO - No sleeping in today!
[2025-03-17T23:34:50.652+0000] {taskinstance.py:341} INFO - ::group::Post task execution logs
[2025-03-17T23:34:50.653+0000] {taskinstance.py:353} INFO - Marking task as SKIPPED. dag_id=example_bash_decorator, task_id=sleep_in, run_id=manual__2025-03-17T23:34:47.415930+00:00, execution_date=20250317T233447, start_date=20250317T233450, end_date=20250317T233450
[2025-03-17T23:34:50.708+0000] {local_task_job_runner.py:266} INFO - Task exited with return code 0
[2025-03-17T23:34:50.729+0000] {taskinstance.py:3901} INFO - 0 downstream tasks scheduled from follow-on schedule check
[2025-03-17T23:34:50.730+0000] {local_task_job_runner.py:245} INFO - ::endgroup::
