[2025-03-17T23:34:50.040+0000] {local_task_job_runner.py:123} INFO - ::group::Pre task execution logs
[2025-03-17T23:34:50.087+0000] {taskinstance.py:2614} INFO - Dependencies all met for dep_context=non-requeueable deps ti=<TaskInstance: example_bash_decorator.also_run_this_again manual__2025-03-17T23:34:47.415930+00:00 [queued]>
[2025-03-17T23:34:50.101+0000] {taskinstance.py:2614} INFO - Dependencies all met for dep_context=requeueable deps ti=<TaskInstance: example_bash_decorator.also_run_this_again manual__2025-03-17T23:34:47.415930+00:00 [queued]>
[2025-03-17T23:34:50.103+0000] {taskinstance.py:2867} INFO - Starting attempt 1 of 1
[2025-03-17T23:34:50.175+0000] {taskinstance.py:2890} INFO - Executing <Task(_BashDecoratedOperator): also_run_this_again> on 2025-03-17 23:34:47.415930+00:00
[2025-03-17T23:34:50.216+0000] {standard_task_runner.py:104} INFO - Running: ['***', 'tasks', 'run', 'example_bash_decorator', 'also_run_this_again', 'manual__2025-03-17T23:34:47.415930+00:00', '--job-id', '8', '--raw', '--subdir', '/home/***/.local/lib/python3.12/site-packages/***/example_dags/example_bash_decorator.py', '--cfg-path', '/tmp/tmpr3o33bqi']
[2025-03-17T23:34:50.223+0000] {standard_task_runner.py:105} INFO - Job 8: Subtask also_run_this_again
[2025-03-17T23:34:50.223+0000] {logging_mixin.py:190} WARNING - /home/***/.local/lib/python3.12/site-packages/***/task/task_runner/standard_task_runner.py:70 DeprecationWarning: This process (pid=7749) is multi-threaded, use of fork() may lead to deadlocks in the child.
[2025-03-17T23:34:50.232+0000] {standard_task_runner.py:72} INFO - Started process 7789 to run task
[2025-03-17T23:34:50.309+0000] {task_command.py:467} INFO - Running <TaskInstance: example_bash_decorator.also_run_this_again manual__2025-03-17T23:34:47.415930+00:00 [running]> on host e33ce2890154
[2025-03-17T23:34:50.420+0000] {taskinstance.py:3134} INFO - Exporting env vars: AIRFLOW_CTX_DAG_OWNER='***' AIRFLOW_CTX_DAG_ID='example_bash_decorator' AIRFLOW_CTX_TASK_ID='also_run_this_again' AIRFLOW_CTX_EXECUTION_DATE='2025-03-17T23:34:47.415930+00:00' AIRFLOW_CTX_TRY_NUMBER='1' AIRFLOW_CTX_DAG_RUN_ID='manual__2025-03-17T23:34:47.415930+00:00'
[2025-03-17T23:34:50.422+0000] {logging_mixin.py:190} INFO - Task instance is in running state
[2025-03-17T23:34:50.424+0000] {logging_mixin.py:190} INFO -  Previous state of the Task instance: queued
[2025-03-17T23:34:50.425+0000] {logging_mixin.py:190} INFO - Current task name:also_run_this_again state:running start_date:2025-03-17 23:34:50.089695+00:00
[2025-03-17T23:34:50.425+0000] {logging_mixin.py:190} INFO - Dag name:example_bash_decorator and current dag run status:running
[2025-03-17T23:34:50.426+0000] {taskinstance.py:732} INFO - ::endgroup::
[2025-03-17T23:34:50.454+0000] {subprocess.py:78} INFO - Tmp dir root location: /tmp
[2025-03-17T23:34:50.455+0000] {subprocess.py:88} INFO - Running command: ['/usr/bin/bash', '-c', 'echo "ti_key=example_bash_decorator__also_run_this_again__20250317"']
[2025-03-17T23:34:50.472+0000] {subprocess.py:99} INFO - Output:
[2025-03-17T23:34:50.478+0000] {subprocess.py:106} INFO - ti_key=example_bash_decorator__also_run_this_again__20250317
[2025-03-17T23:34:50.481+0000] {subprocess.py:110} INFO - Command exited with return code 0
[2025-03-17T23:34:50.525+0000] {taskinstance.py:341} INFO - ::group::Post task execution logs
[2025-03-17T23:34:50.525+0000] {taskinstance.py:353} INFO - Marking task as SUCCESS. dag_id=example_bash_decorator, task_id=also_run_this_again, run_id=manual__2025-03-17T23:34:47.415930+00:00, execution_date=20250317T233447, start_date=20250317T233450, end_date=20250317T233450
[2025-03-17T23:34:50.577+0000] {logging_mixin.py:190} INFO - Task instance in success state
[2025-03-17T23:34:50.579+0000] {logging_mixin.py:190} INFO -  Previous state of the Task instance: running
[2025-03-17T23:34:50.580+0000] {logging_mixin.py:190} INFO - Dag name:example_bash_decorator queued_at:2025-03-17 23:34:47.439331+00:00
[2025-03-17T23:34:50.581+0000] {logging_mixin.py:190} INFO - Task hostname:e33ce2890154 operator:_BashDecoratedOperator
[2025-03-17T23:34:50.596+0000] {local_task_job_runner.py:266} INFO - Task exited with return code 0
[2025-03-17T23:34:50.614+0000] {local_task_job_runner.py:245} INFO - ::endgroup::
