[2025-03-17T23:34:49.986+0000] {local_task_job_runner.py:123} INFO - ::group::Pre task execution logs
[2025-03-17T23:34:50.002+0000] {taskinstance.py:2614} INFO - Dependencies all met for dep_context=non-requeueable deps ti=<TaskInstance: example_bash_decorator.make_dynamic_dirs manual__2025-03-17T23:34:47.415930+00:00 [queued]>
[2025-03-17T23:34:50.014+0000] {taskinstance.py:2614} INFO - Dependencies all met for dep_context=requeueable deps ti=<TaskInstance: example_bash_decorator.make_dynamic_dirs manual__2025-03-17T23:34:47.415930+00:00 [queued]>
[2025-03-17T23:34:50.016+0000] {taskinstance.py:2867} INFO - Starting attempt 1 of 1
[2025-03-17T23:34:50.039+0000] {taskinstance.py:2890} INFO - Executing <Task(_BashDecoratedOperator): make_dynamic_dirs> on 2025-03-17 23:34:47.415930+00:00
[2025-03-17T23:34:50.079+0000] {logging_mixin.py:190} WARNING - /home/***/.local/lib/python3.12/site-packages/***/task/task_runner/standard_task_runner.py:70 DeprecationWarning: This process (pid=7754) is multi-threaded, use of fork() may lead to deadlocks in the child.
[2025-03-17T23:34:50.074+0000] {standard_task_runner.py:104} INFO - Running: ['***', 'tasks', 'run', 'example_bash_decorator', 'make_dynamic_dirs', 'manual__2025-03-17T23:34:47.415930+00:00', '--job-id', '7', '--raw', '--subdir', '/home/***/.local/lib/python3.12/site-packages/***/example_dags/example_bash_decorator.py', '--cfg-path', '/tmp/tmpv9dg6pm0']
[2025-03-17T23:34:50.082+0000] {standard_task_runner.py:72} INFO - Started process 7786 to run task
[2025-03-17T23:34:50.083+0000] {standard_task_runner.py:105} INFO - Job 7: Subtask make_dynamic_dirs
[2025-03-17T23:34:50.270+0000] {task_command.py:467} INFO - Running <TaskInstance: example_bash_decorator.make_dynamic_dirs manual__2025-03-17T23:34:47.415930+00:00 [running]> on host e33ce2890154
[2025-03-17T23:34:50.419+0000] {taskinstance.py:3134} INFO - Exporting env vars: AIRFLOW_CTX_DAG_OWNER='***' AIRFLOW_CTX_DAG_ID='example_bash_decorator' AIRFLOW_CTX_TASK_ID='make_dynamic_dirs' AIRFLOW_CTX_EXECUTION_DATE='2025-03-17T23:34:47.415930+00:00' AIRFLOW_CTX_TRY_NUMBER='1' AIRFLOW_CTX_DAG_RUN_ID='manual__2025-03-17T23:34:47.415930+00:00'
[2025-03-17T23:34:50.427+0000] {logging_mixin.py:190} INFO - Task instance is in running state
[2025-03-17T23:34:50.427+0000] {logging_mixin.py:190} INFO -  Previous state of the Task instance: queued
[2025-03-17T23:34:50.428+0000] {logging_mixin.py:190} INFO - Current task name:make_dynamic_dirs state:running start_date:2025-03-17 23:34:50.003669+00:00
[2025-03-17T23:34:50.428+0000] {logging_mixin.py:190} INFO - Dag name:example_bash_decorator and current dag run status:running
[2025-03-17T23:34:50.428+0000] {taskinstance.py:732} INFO - ::endgroup::
[2025-03-17T23:34:50.449+0000] {subprocess.py:78} INFO - Tmp dir root location: /tmp
[2025-03-17T23:34:50.451+0000] {subprocess.py:88} INFO - Running command: ['/usr/bin/bash', '-c', 'mkdir -p $AIRFLOW_HOME/$BASE_DIR/foo/bar/baz']
[2025-03-17T23:34:50.483+0000] {subprocess.py:99} INFO - Output:
[2025-03-17T23:34:50.511+0000] {subprocess.py:110} INFO - Command exited with return code 0
[2025-03-17T23:34:50.547+0000] {taskinstance.py:341} INFO - ::group::Post task execution logs
[2025-03-17T23:34:50.549+0000] {taskinstance.py:353} INFO - Marking task as SUCCESS. dag_id=example_bash_decorator, task_id=make_dynamic_dirs, run_id=manual__2025-03-17T23:34:47.415930+00:00, execution_date=20250317T233447, start_date=20250317T233450, end_date=20250317T233450
[2025-03-17T23:34:50.588+0000] {logging_mixin.py:190} INFO - Task instance in success state
[2025-03-17T23:34:50.591+0000] {logging_mixin.py:190} INFO -  Previous state of the Task instance: running
[2025-03-17T23:34:50.592+0000] {logging_mixin.py:190} INFO - Dag name:example_bash_decorator queued_at:2025-03-17 23:34:47.439331+00:00
[2025-03-17T23:34:50.592+0000] {logging_mixin.py:190} INFO - Task hostname:e33ce2890154 operator:_BashDecoratedOperator
[2025-03-17T23:34:50.604+0000] {local_task_job_runner.py:266} INFO - Task exited with return code 0
[2025-03-17T23:34:50.639+0000] {local_task_job_runner.py:245} INFO - ::endgroup::
