[2025-03-17T23:34:49.918+0000] {local_task_job_runner.py:123} INFO - ::group::Pre task execution logs
[2025-03-17T23:34:49.941+0000] {taskinstance.py:2614} INFO - Dependencies all met for dep_context=non-requeueable deps ti=<TaskInstance: example_bash_decorator.this_will_skip manual__2025-03-17T23:34:47.415930+00:00 [queued]>
[2025-03-17T23:34:49.962+0000] {taskinstance.py:2614} INFO - Dependencies all met for dep_context=requeueable deps ti=<TaskInstance: example_bash_decorator.this_will_skip manual__2025-03-17T23:34:47.415930+00:00 [queued]>
[2025-03-17T23:34:49.977+0000] {taskinstance.py:2867} INFO - Starting attempt 1 of 1
[2025-03-17T23:34:49.998+0000] {taskinstance.py:2890} INFO - Executing <Task(_BashDecoratedOperator): this_will_skip> on 2025-03-17 23:34:47.415930+00:00
[2025-03-17T23:34:50.011+0000] {standard_task_runner.py:104} INFO - Running: ['***', 'tasks', 'run', 'example_bash_decorator', 'this_will_skip', 'manual__2025-03-17T23:34:47.415930+00:00', '--job-id', '5', '--raw', '--subdir', '/home/***/.local/lib/python3.12/site-packages/***/example_dags/example_bash_decorator.py', '--cfg-path', '/tmp/tmp3m3b8nek']
[2025-03-17T23:34:50.015+0000] {logging_mixin.py:190} WARNING - /home/***/.local/lib/python3.12/site-packages/***/task/task_runner/standard_task_runner.py:70 DeprecationWarning: This process (pid=7755) is multi-threaded, use of fork() may lead to deadlocks in the child.
[2025-03-17T23:34:50.016+0000] {standard_task_runner.py:105} INFO - Job 5: Subtask this_will_skip
[2025-03-17T23:34:50.018+0000] {standard_task_runner.py:72} INFO - Started process 7775 to run task
[2025-03-17T23:34:50.137+0000] {task_command.py:467} INFO - Running <TaskInstance: example_bash_decorator.this_will_skip manual__2025-03-17T23:34:47.415930+00:00 [running]> on host e33ce2890154
[2025-03-17T23:34:50.353+0000] {taskinstance.py:3134} INFO - Exporting env vars: AIRFLOW_CTX_DAG_OWNER='***' AIRFLOW_CTX_DAG_ID='example_bash_decorator' AIRFLOW_CTX_TASK_ID='this_will_skip' AIRFLOW_CTX_EXECUTION_DATE='2025-03-17T23:34:47.415930+00:00' AIRFLOW_CTX_TRY_NUMBER='1' AIRFLOW_CTX_DAG_RUN_ID='manual__2025-03-17T23:34:47.415930+00:00'
[2025-03-17T23:34:50.361+0000] {logging_mixin.py:190} INFO - Task instance is in running state
[2025-03-17T23:34:50.361+0000] {logging_mixin.py:190} INFO -  Previous state of the Task instance: queued
[2025-03-17T23:34:50.361+0000] {logging_mixin.py:190} INFO - Current task name:this_will_skip state:running start_date:2025-03-17 23:34:49.942536+00:00
[2025-03-17T23:34:50.361+0000] {logging_mixin.py:190} INFO - Dag name:example_bash_decorator and current dag run status:running
[2025-03-17T23:34:50.362+0000] {taskinstance.py:732} INFO - ::endgroup::
[2025-03-17T23:34:50.383+0000] {subprocess.py:78} INFO - Tmp dir root location: /tmp
[2025-03-17T23:34:50.385+0000] {subprocess.py:88} INFO - Running command: ['/usr/bin/bash', '-c', 'echo "hello world"; exit 99;']
[2025-03-17T23:34:50.411+0000] {subprocess.py:99} INFO - Output:
[2025-03-17T23:34:50.433+0000] {subprocess.py:106} INFO - hello world
[2025-03-17T23:34:50.435+0000] {subprocess.py:110} INFO - Command exited with return code 99
[2025-03-17T23:34:50.436+0000] {taskinstance.py:302} INFO - Bash command returned exit code 99. Skipping.
[2025-03-17T23:34:50.509+0000] {taskinstance.py:341} INFO - ::group::Post task execution logs
[2025-03-17T23:34:50.510+0000] {taskinstance.py:353} INFO - Marking task as SKIPPED. dag_id=example_bash_decorator, task_id=this_will_skip, run_id=manual__2025-03-17T23:34:47.415930+00:00, execution_date=20250317T233447, start_date=20250317T233449, end_date=20250317T233450
[2025-03-17T23:34:50.598+0000] {local_task_job_runner.py:266} INFO - Task exited with return code 0
[2025-03-17T23:34:50.621+0000] {local_task_job_runner.py:245} INFO - ::endgroup::
