[2025-03-23T22:00:36.469+0000] {processor.py:186} INFO - Started process (PID=489) to work on /opt/airflow/dags/dag_with_taskflow_api.py
[2025-03-23T22:00:36.470+0000] {processor.py:914} INFO - Processing file /opt/airflow/dags/dag_with_taskflow_api.py for tasks to queue
[2025-03-23T22:00:36.471+0000] {logging_mixin.py:190} INFO - [2025-03-23T22:00:36.470+0000] {dagbag.py:588} INFO - Filling up the DagBag from /opt/airflow/dags/dag_with_taskflow_api.py
[2025-03-23T22:00:36.477+0000] {processor.py:925} INFO - DAG(s) 'dag_with_taskflow_api' retrieved from /opt/airflow/dags/dag_with_taskflow_api.py
[2025-03-23T22:00:36.539+0000] {logging_mixin.py:190} INFO - [2025-03-23T22:00:36.538+0000] {override.py:1912} INFO - Created Permission View: can edit on DAG:dag_with_taskflow_api
[2025-03-23T22:00:36.542+0000] {logging_mixin.py:190} INFO - [2025-03-23T22:00:36.542+0000] {override.py:1912} INFO - Created Permission View: can read on DAG:dag_with_taskflow_api
[2025-03-23T22:00:36.544+0000] {logging_mixin.py:190} INFO - [2025-03-23T22:00:36.544+0000] {override.py:1912} INFO - Created Permission View: can delete on DAG:dag_with_taskflow_api
[2025-03-23T22:00:36.546+0000] {logging_mixin.py:190} INFO - [2025-03-23T22:00:36.546+0000] {override.py:1912} INFO - Created Permission View: can read on DAG Run:dag_with_taskflow_api
[2025-03-23T22:00:36.548+0000] {logging_mixin.py:190} INFO - [2025-03-23T22:00:36.548+0000] {override.py:1912} INFO - Created Permission View: menu access on DAG Run:dag_with_taskflow_api
[2025-03-23T22:00:36.550+0000] {logging_mixin.py:190} INFO - [2025-03-23T22:00:36.550+0000] {override.py:1912} INFO - Created Permission View: can delete on DAG Run:dag_with_taskflow_api
[2025-03-23T22:00:36.552+0000] {logging_mixin.py:190} INFO - [2025-03-23T22:00:36.551+0000] {override.py:1912} INFO - Created Permission View: can create on DAG Run:dag_with_taskflow_api
[2025-03-23T22:00:36.552+0000] {logging_mixin.py:190} INFO - [2025-03-23T22:00:36.552+0000] {dag.py:3239} INFO - Sync 1 DAGs
[2025-03-23T22:00:36.557+0000] {logging_mixin.py:190} INFO - [2025-03-23T22:00:36.556+0000] {dag.py:3262} INFO - Creating ORM DAG for dag_with_taskflow_api
[2025-03-23T22:00:36.561+0000] {logging_mixin.py:190} INFO - [2025-03-23T22:00:36.560+0000] {dag.py:4180} INFO - Setting next_dagrun for dag_with_taskflow_api to 2025-03-23 00:00:00+00:00, run_after=2025-03-24 00:00:00+00:00
[2025-03-23T22:00:36.567+0000] {processor.py:208} INFO - Processing /opt/airflow/dags/dag_with_taskflow_api.py took 0.100 seconds
[2025-03-23T22:01:06.878+0000] {processor.py:186} INFO - Started process (PID=510) to work on /opt/airflow/dags/dag_with_taskflow_api.py
[2025-03-23T22:01:06.878+0000] {processor.py:914} INFO - Processing file /opt/airflow/dags/dag_with_taskflow_api.py for tasks to queue
[2025-03-23T22:01:06.879+0000] {logging_mixin.py:190} INFO - [2025-03-23T22:01:06.879+0000] {dagbag.py:588} INFO - Filling up the DagBag from /opt/airflow/dags/dag_with_taskflow_api.py
[2025-03-23T22:01:06.886+0000] {processor.py:925} INFO - DAG(s) 'dag_with_taskflow_api' retrieved from /opt/airflow/dags/dag_with_taskflow_api.py
[2025-03-23T22:01:06.899+0000] {logging_mixin.py:190} INFO - [2025-03-23T22:01:06.899+0000] {dag.py:3239} INFO - Sync 1 DAGs
[2025-03-23T22:01:06.910+0000] {logging_mixin.py:190} INFO - [2025-03-23T22:01:06.910+0000] {dag.py:4180} INFO - Setting next_dagrun for dag_with_taskflow_api to 2025-03-23 00:00:00+00:00, run_after=2025-03-24 00:00:00+00:00
[2025-03-23T22:01:06.921+0000] {processor.py:208} INFO - Processing /opt/airflow/dags/dag_with_taskflow_api.py took 0.046 seconds
[2025-03-23T22:01:37.263+0000] {processor.py:186} INFO - Started process (PID=531) to work on /opt/airflow/dags/dag_with_taskflow_api.py
[2025-03-23T22:01:37.264+0000] {processor.py:914} INFO - Processing file /opt/airflow/dags/dag_with_taskflow_api.py for tasks to queue
[2025-03-23T22:01:37.268+0000] {logging_mixin.py:190} INFO - [2025-03-23T22:01:37.268+0000] {dagbag.py:588} INFO - Filling up the DagBag from /opt/airflow/dags/dag_with_taskflow_api.py
[2025-03-23T22:01:37.283+0000] {processor.py:925} INFO - DAG(s) 'dag_with_taskflow_api' retrieved from /opt/airflow/dags/dag_with_taskflow_api.py
[2025-03-23T22:01:37.306+0000] {logging_mixin.py:190} INFO - [2025-03-23T22:01:37.306+0000] {dag.py:3239} INFO - Sync 1 DAGs
[2025-03-23T22:01:37.321+0000] {logging_mixin.py:190} INFO - [2025-03-23T22:01:37.321+0000] {dag.py:4180} INFO - Setting next_dagrun for dag_with_taskflow_api to 2025-03-23 00:00:00+00:00, run_after=2025-03-24 00:00:00+00:00
[2025-03-23T22:01:37.329+0000] {processor.py:208} INFO - Processing /opt/airflow/dags/dag_with_taskflow_api.py took 0.074 seconds
[2025-03-23T22:01:40.290+0000] {processor.py:186} INFO - Started process (PID=536) to work on /opt/airflow/dags/dag_with_taskflow_api.py
[2025-03-23T22:01:40.291+0000] {processor.py:914} INFO - Processing file /opt/airflow/dags/dag_with_taskflow_api.py for tasks to queue
[2025-03-23T22:01:40.293+0000] {logging_mixin.py:190} INFO - [2025-03-23T22:01:40.292+0000] {dagbag.py:588} INFO - Filling up the DagBag from /opt/airflow/dags/dag_with_taskflow_api.py
[2025-03-23T22:01:40.304+0000] {processor.py:925} INFO - DAG(s) 'dag_with_taskflow_api' retrieved from /opt/airflow/dags/dag_with_taskflow_api.py
[2025-03-23T22:01:40.324+0000] {logging_mixin.py:190} INFO - [2025-03-23T22:01:40.323+0000] {dag.py:3239} INFO - Sync 1 DAGs
[2025-03-23T22:01:40.338+0000] {logging_mixin.py:190} INFO - [2025-03-23T22:01:40.338+0000] {dag.py:4180} INFO - Setting next_dagrun for dag_with_taskflow_api to 2025-03-23 00:00:00+00:00, run_after=2025-03-24 00:00:00+00:00
[2025-03-23T22:01:40.351+0000] {processor.py:208} INFO - Processing /opt/airflow/dags/dag_with_taskflow_api.py took 0.066 seconds
[2025-03-23T22:02:10.661+0000] {processor.py:186} INFO - Started process (PID=557) to work on /opt/airflow/dags/dag_with_taskflow_api.py
[2025-03-23T22:02:10.661+0000] {processor.py:914} INFO - Processing file /opt/airflow/dags/dag_with_taskflow_api.py for tasks to queue
[2025-03-23T22:02:10.663+0000] {logging_mixin.py:190} INFO - [2025-03-23T22:02:10.663+0000] {dagbag.py:588} INFO - Filling up the DagBag from /opt/airflow/dags/dag_with_taskflow_api.py
[2025-03-23T22:02:10.672+0000] {processor.py:925} INFO - DAG(s) 'dag_with_taskflow_api' retrieved from /opt/airflow/dags/dag_with_taskflow_api.py
[2025-03-23T22:02:10.690+0000] {logging_mixin.py:190} INFO - [2025-03-23T22:02:10.690+0000] {dag.py:3239} INFO - Sync 1 DAGs
[2025-03-23T22:02:10.706+0000] {logging_mixin.py:190} INFO - [2025-03-23T22:02:10.705+0000] {dag.py:4180} INFO - Setting next_dagrun for dag_with_taskflow_api to 2025-03-23 00:00:00+00:00, run_after=2025-03-24 00:00:00+00:00
[2025-03-23T22:02:10.717+0000] {processor.py:208} INFO - Processing /opt/airflow/dags/dag_with_taskflow_api.py took 0.060 seconds
[2025-03-23T22:02:41.064+0000] {processor.py:186} INFO - Started process (PID=593) to work on /opt/airflow/dags/dag_with_taskflow_api.py
[2025-03-23T22:02:41.070+0000] {processor.py:914} INFO - Processing file /opt/airflow/dags/dag_with_taskflow_api.py for tasks to queue
[2025-03-23T22:02:41.072+0000] {logging_mixin.py:190} INFO - [2025-03-23T22:02:41.072+0000] {dagbag.py:588} INFO - Filling up the DagBag from /opt/airflow/dags/dag_with_taskflow_api.py
[2025-03-23T22:02:41.084+0000] {processor.py:925} INFO - DAG(s) 'dag_with_taskflow_api' retrieved from /opt/airflow/dags/dag_with_taskflow_api.py
[2025-03-23T22:02:41.104+0000] {logging_mixin.py:190} INFO - [2025-03-23T22:02:41.104+0000] {dag.py:3239} INFO - Sync 1 DAGs
[2025-03-23T22:02:41.126+0000] {logging_mixin.py:190} INFO - [2025-03-23T22:02:41.126+0000] {dag.py:4180} INFO - Setting next_dagrun for dag_with_taskflow_api to 2025-03-23 00:00:00+00:00, run_after=2025-03-24 00:00:00+00:00
[2025-03-23T22:02:41.136+0000] {processor.py:208} INFO - Processing /opt/airflow/dags/dag_with_taskflow_api.py took 0.082 seconds
[2025-03-23T22:02:50.286+0000] {processor.py:186} INFO - Started process (PID=608) to work on /opt/airflow/dags/dag_with_taskflow_api.py
[2025-03-23T22:02:50.287+0000] {processor.py:914} INFO - Processing file /opt/airflow/dags/dag_with_taskflow_api.py for tasks to queue
[2025-03-23T22:02:50.294+0000] {logging_mixin.py:190} INFO - [2025-03-23T22:02:50.293+0000] {dagbag.py:588} INFO - Filling up the DagBag from /opt/airflow/dags/dag_with_taskflow_api.py
[2025-03-23T22:02:50.331+0000] {processor.py:925} INFO - DAG(s) 'dag_with_taskflow_api' retrieved from /opt/airflow/dags/dag_with_taskflow_api.py
[2025-03-23T22:02:50.353+0000] {logging_mixin.py:190} INFO - [2025-03-23T22:02:50.353+0000] {dag.py:3239} INFO - Sync 1 DAGs
[2025-03-23T22:02:50.368+0000] {logging_mixin.py:190} INFO - [2025-03-23T22:02:50.368+0000] {dag.py:4180} INFO - Setting next_dagrun for dag_with_taskflow_api to 2025-03-23 00:00:00+00:00, run_after=2025-03-24 00:00:00+00:00
[2025-03-23T22:02:50.378+0000] {processor.py:208} INFO - Processing /opt/airflow/dags/dag_with_taskflow_api.py took 0.103 seconds
[2025-03-23T22:03:20.747+0000] {processor.py:186} INFO - Started process (PID=629) to work on /opt/airflow/dags/dag_with_taskflow_api.py
[2025-03-23T22:03:20.748+0000] {processor.py:914} INFO - Processing file /opt/airflow/dags/dag_with_taskflow_api.py for tasks to queue
[2025-03-23T22:03:20.750+0000] {logging_mixin.py:190} INFO - [2025-03-23T22:03:20.750+0000] {dagbag.py:588} INFO - Filling up the DagBag from /opt/airflow/dags/dag_with_taskflow_api.py
[2025-03-23T22:03:20.762+0000] {processor.py:925} INFO - DAG(s) 'dag_with_taskflow_api' retrieved from /opt/airflow/dags/dag_with_taskflow_api.py
[2025-03-23T22:03:20.780+0000] {logging_mixin.py:190} INFO - [2025-03-23T22:03:20.780+0000] {dag.py:3239} INFO - Sync 1 DAGs
[2025-03-23T22:03:20.796+0000] {logging_mixin.py:190} INFO - [2025-03-23T22:03:20.795+0000] {dag.py:4180} INFO - Setting next_dagrun for dag_with_taskflow_api to 2025-03-23 00:00:00+00:00, run_after=2025-03-24 00:00:00+00:00
[2025-03-23T22:03:20.806+0000] {processor.py:208} INFO - Processing /opt/airflow/dags/dag_with_taskflow_api.py took 0.064 seconds
[2025-03-23T22:03:51.069+0000] {processor.py:186} INFO - Started process (PID=650) to work on /opt/airflow/dags/dag_with_taskflow_api.py
[2025-03-23T22:03:51.071+0000] {processor.py:914} INFO - Processing file /opt/airflow/dags/dag_with_taskflow_api.py for tasks to queue
[2025-03-23T22:03:51.073+0000] {logging_mixin.py:190} INFO - [2025-03-23T22:03:51.073+0000] {dagbag.py:588} INFO - Filling up the DagBag from /opt/airflow/dags/dag_with_taskflow_api.py
[2025-03-23T22:03:51.085+0000] {processor.py:925} INFO - DAG(s) 'dag_with_taskflow_api' retrieved from /opt/airflow/dags/dag_with_taskflow_api.py
[2025-03-23T22:03:51.104+0000] {logging_mixin.py:190} INFO - [2025-03-23T22:03:51.104+0000] {dag.py:3239} INFO - Sync 1 DAGs
[2025-03-23T22:03:51.117+0000] {logging_mixin.py:190} INFO - [2025-03-23T22:03:51.117+0000] {dag.py:4180} INFO - Setting next_dagrun for dag_with_taskflow_api to 2025-03-23 00:00:00+00:00, run_after=2025-03-24 00:00:00+00:00
[2025-03-23T22:03:51.126+0000] {processor.py:208} INFO - Processing /opt/airflow/dags/dag_with_taskflow_api.py took 0.066 seconds
[2025-03-23T22:04:21.395+0000] {processor.py:186} INFO - Started process (PID=671) to work on /opt/airflow/dags/dag_with_taskflow_api.py
[2025-03-23T22:04:21.396+0000] {processor.py:914} INFO - Processing file /opt/airflow/dags/dag_with_taskflow_api.py for tasks to queue
[2025-03-23T22:04:21.399+0000] {logging_mixin.py:190} INFO - [2025-03-23T22:04:21.398+0000] {dagbag.py:588} INFO - Filling up the DagBag from /opt/airflow/dags/dag_with_taskflow_api.py
[2025-03-23T22:04:21.410+0000] {processor.py:925} INFO - DAG(s) 'dag_with_taskflow_api' retrieved from /opt/airflow/dags/dag_with_taskflow_api.py
[2025-03-23T22:04:21.430+0000] {logging_mixin.py:190} INFO - [2025-03-23T22:04:21.430+0000] {dag.py:3239} INFO - Sync 1 DAGs
[2025-03-23T22:04:21.444+0000] {logging_mixin.py:190} INFO - [2025-03-23T22:04:21.444+0000] {dag.py:4180} INFO - Setting next_dagrun for dag_with_taskflow_api to 2025-03-23 00:00:00+00:00, run_after=2025-03-24 00:00:00+00:00
[2025-03-23T22:04:21.453+0000] {processor.py:208} INFO - Processing /opt/airflow/dags/dag_with_taskflow_api.py took 0.064 seconds
[2025-03-23T22:04:42.665+0000] {processor.py:186} INFO - Started process (PID=682) to work on /opt/airflow/dags/dag_with_taskflow_api.py
[2025-03-23T22:04:42.666+0000] {processor.py:914} INFO - Processing file /opt/airflow/dags/dag_with_taskflow_api.py for tasks to queue
[2025-03-23T22:04:42.668+0000] {logging_mixin.py:190} INFO - [2025-03-23T22:04:42.667+0000] {dagbag.py:588} INFO - Filling up the DagBag from /opt/airflow/dags/dag_with_taskflow_api.py
[2025-03-23T22:04:42.680+0000] {logging_mixin.py:190} INFO - [2025-03-23T22:04:42.677+0000] {dagbag.py:387} ERROR - Failed to import: /opt/airflow/dags/dag_with_taskflow_api.py
Traceback (most recent call last):
  File "/home/airflow/.local/lib/python3.12/site-packages/airflow/models/dagbag.py", line 383, in parse
    loader.exec_module(new_module)
  File "<frozen importlib._bootstrap_external>", line 999, in exec_module
  File "<frozen importlib._bootstrap>", line 488, in _call_with_frames_removed
  File "/opt/airflow/dags/dag_with_taskflow_api.py", line 37, in <module>
    greet_dag = hello_world_etl()
                ^^^^^^^^^^^^^^^^^
  File "/home/airflow/.local/lib/python3.12/site-packages/airflow/models/dag.py", line 4307, in factory
    f(**f_kwargs)
  File "/opt/airflow/dags/dag_with_taskflow_api.py", line 33, in hello_world_etl
    name = get_name()
           ^^^^^^^^
NameError: name 'get_name' is not defined. Did you mean: 'get_age'?
[2025-03-23T22:04:42.681+0000] {processor.py:927} WARNING - No viable dags retrieved from /opt/airflow/dags/dag_with_taskflow_api.py
[2025-03-23T22:04:42.695+0000] {processor.py:208} INFO - Processing /opt/airflow/dags/dag_with_taskflow_api.py took 0.035 seconds
[2025-03-23T22:05:13.082+0000] {processor.py:186} INFO - Started process (PID=703) to work on /opt/airflow/dags/dag_with_taskflow_api.py
[2025-03-23T22:05:13.082+0000] {processor.py:914} INFO - Processing file /opt/airflow/dags/dag_with_taskflow_api.py for tasks to queue
[2025-03-23T22:05:13.086+0000] {logging_mixin.py:190} INFO - [2025-03-23T22:05:13.085+0000] {dagbag.py:588} INFO - Filling up the DagBag from /opt/airflow/dags/dag_with_taskflow_api.py
[2025-03-23T22:05:13.098+0000] {logging_mixin.py:190} INFO - [2025-03-23T22:05:13.095+0000] {dagbag.py:387} ERROR - Failed to import: /opt/airflow/dags/dag_with_taskflow_api.py
Traceback (most recent call last):
  File "/home/airflow/.local/lib/python3.12/site-packages/airflow/models/dagbag.py", line 383, in parse
    loader.exec_module(new_module)
  File "<frozen importlib._bootstrap_external>", line 999, in exec_module
  File "<frozen importlib._bootstrap>", line 488, in _call_with_frames_removed
  File "/opt/airflow/dags/dag_with_taskflow_api.py", line 37, in <module>
    greet_dag = hello_world_etl()
                ^^^^^^^^^^^^^^^^^
  File "/home/airflow/.local/lib/python3.12/site-packages/airflow/models/dag.py", line 4307, in factory
    f(**f_kwargs)
  File "/opt/airflow/dags/dag_with_taskflow_api.py", line 33, in hello_world_etl
    name = get_name()
           ^^^^^^^^
NameError: name 'get_name' is not defined. Did you mean: 'get_age'?
[2025-03-23T22:05:13.099+0000] {processor.py:927} WARNING - No viable dags retrieved from /opt/airflow/dags/dag_with_taskflow_api.py
[2025-03-23T22:05:13.114+0000] {processor.py:208} INFO - Processing /opt/airflow/dags/dag_with_taskflow_api.py took 0.041 seconds
[2025-03-23T22:05:17.181+0000] {processor.py:186} INFO - Started process (PID=718) to work on /opt/airflow/dags/dag_with_taskflow_api.py
[2025-03-23T22:05:17.182+0000] {processor.py:914} INFO - Processing file /opt/airflow/dags/dag_with_taskflow_api.py for tasks to queue
[2025-03-23T22:05:17.184+0000] {logging_mixin.py:190} INFO - [2025-03-23T22:05:17.184+0000] {dagbag.py:588} INFO - Filling up the DagBag from /opt/airflow/dags/dag_with_taskflow_api.py
[2025-03-23T22:05:17.198+0000] {processor.py:925} INFO - DAG(s) 'dag_with_taskflow_api' retrieved from /opt/airflow/dags/dag_with_taskflow_api.py
[2025-03-23T22:05:17.266+0000] {logging_mixin.py:190} INFO - [2025-03-23T22:05:17.266+0000] {dag.py:3239} INFO - Sync 1 DAGs
[2025-03-23T22:05:17.276+0000] {logging_mixin.py:190} INFO - [2025-03-23T22:05:17.276+0000] {dag.py:4180} INFO - Setting next_dagrun for dag_with_taskflow_api to 2025-03-23 00:00:00+00:00, run_after=2025-03-24 00:00:00+00:00
[2025-03-23T22:05:17.286+0000] {processor.py:208} INFO - Processing /opt/airflow/dags/dag_with_taskflow_api.py took 0.112 seconds
[2025-03-23T22:05:20.242+0000] {processor.py:186} INFO - Started process (PID=723) to work on /opt/airflow/dags/dag_with_taskflow_api.py
[2025-03-23T22:05:20.242+0000] {processor.py:914} INFO - Processing file /opt/airflow/dags/dag_with_taskflow_api.py for tasks to queue
[2025-03-23T22:05:20.244+0000] {logging_mixin.py:190} INFO - [2025-03-23T22:05:20.243+0000] {dagbag.py:588} INFO - Filling up the DagBag from /opt/airflow/dags/dag_with_taskflow_api.py
[2025-03-23T22:05:20.251+0000] {processor.py:925} INFO - DAG(s) 'dag_with_taskflow_api' retrieved from /opt/airflow/dags/dag_with_taskflow_api.py
[2025-03-23T22:05:20.260+0000] {logging_mixin.py:190} INFO - [2025-03-23T22:05:20.260+0000] {dag.py:3239} INFO - Sync 1 DAGs
[2025-03-23T22:05:20.273+0000] {logging_mixin.py:190} INFO - [2025-03-23T22:05:20.273+0000] {dag.py:4180} INFO - Setting next_dagrun for dag_with_taskflow_api to 2025-03-23 00:00:00+00:00, run_after=2025-03-24 00:00:00+00:00
[2025-03-23T22:05:20.282+0000] {processor.py:208} INFO - Processing /opt/airflow/dags/dag_with_taskflow_api.py took 0.044 seconds
[2025-03-23T22:05:21.260+0000] {processor.py:186} INFO - Started process (PID=728) to work on /opt/airflow/dags/dag_with_taskflow_api.py
[2025-03-23T22:05:21.260+0000] {processor.py:914} INFO - Processing file /opt/airflow/dags/dag_with_taskflow_api.py for tasks to queue
[2025-03-23T22:05:21.262+0000] {logging_mixin.py:190} INFO - [2025-03-23T22:05:21.262+0000] {dagbag.py:588} INFO - Filling up the DagBag from /opt/airflow/dags/dag_with_taskflow_api.py
[2025-03-23T22:05:21.274+0000] {processor.py:925} INFO - DAG(s) 'dag_with_taskflow_api' retrieved from /opt/airflow/dags/dag_with_taskflow_api.py
[2025-03-23T22:05:21.287+0000] {logging_mixin.py:190} INFO - [2025-03-23T22:05:21.287+0000] {dag.py:3239} INFO - Sync 1 DAGs
[2025-03-23T22:05:21.307+0000] {logging_mixin.py:190} INFO - [2025-03-23T22:05:21.306+0000] {dag.py:4180} INFO - Setting next_dagrun for dag_with_taskflow_api to 2025-03-23 00:00:00+00:00, run_after=2025-03-24 00:00:00+00:00
[2025-03-23T22:05:21.317+0000] {processor.py:208} INFO - Processing /opt/airflow/dags/dag_with_taskflow_api.py took 0.063 seconds
[2025-03-23T22:05:51.667+0000] {processor.py:186} INFO - Started process (PID=749) to work on /opt/airflow/dags/dag_with_taskflow_api.py
[2025-03-23T22:05:51.669+0000] {processor.py:914} INFO - Processing file /opt/airflow/dags/dag_with_taskflow_api.py for tasks to queue
[2025-03-23T22:05:51.670+0000] {logging_mixin.py:190} INFO - [2025-03-23T22:05:51.670+0000] {dagbag.py:588} INFO - Filling up the DagBag from /opt/airflow/dags/dag_with_taskflow_api.py
[2025-03-23T22:05:51.677+0000] {processor.py:925} INFO - DAG(s) 'dag_with_taskflow_api' retrieved from /opt/airflow/dags/dag_with_taskflow_api.py
[2025-03-23T22:05:51.692+0000] {logging_mixin.py:190} INFO - [2025-03-23T22:05:51.692+0000] {dag.py:3239} INFO - Sync 1 DAGs
[2025-03-23T22:05:51.706+0000] {logging_mixin.py:190} INFO - [2025-03-23T22:05:51.706+0000] {dag.py:4180} INFO - Setting next_dagrun for dag_with_taskflow_api to 2025-03-23 00:00:00+00:00, run_after=2025-03-24 00:00:00+00:00
[2025-03-23T22:05:51.716+0000] {processor.py:208} INFO - Processing /opt/airflow/dags/dag_with_taskflow_api.py took 0.053 seconds
[2025-03-23T22:06:22.120+0000] {processor.py:186} INFO - Started process (PID=770) to work on /opt/airflow/dags/dag_with_taskflow_api.py
[2025-03-23T22:06:22.121+0000] {processor.py:914} INFO - Processing file /opt/airflow/dags/dag_with_taskflow_api.py for tasks to queue
[2025-03-23T22:06:22.122+0000] {logging_mixin.py:190} INFO - [2025-03-23T22:06:22.122+0000] {dagbag.py:588} INFO - Filling up the DagBag from /opt/airflow/dags/dag_with_taskflow_api.py
[2025-03-23T22:06:22.131+0000] {processor.py:925} INFO - DAG(s) 'dag_with_taskflow_api' retrieved from /opt/airflow/dags/dag_with_taskflow_api.py
[2025-03-23T22:06:22.147+0000] {logging_mixin.py:190} INFO - [2025-03-23T22:06:22.147+0000] {dag.py:3239} INFO - Sync 1 DAGs
[2025-03-23T22:06:22.158+0000] {logging_mixin.py:190} INFO - [2025-03-23T22:06:22.158+0000] {dag.py:4180} INFO - Setting next_dagrun for dag_with_taskflow_api to 2025-03-23 00:00:00+00:00, run_after=2025-03-24 00:00:00+00:00
[2025-03-23T22:06:22.165+0000] {processor.py:208} INFO - Processing /opt/airflow/dags/dag_with_taskflow_api.py took 0.050 seconds
[2025-03-23T22:06:52.473+0000] {processor.py:186} INFO - Started process (PID=790) to work on /opt/airflow/dags/dag_with_taskflow_api.py
[2025-03-23T22:06:52.474+0000] {processor.py:914} INFO - Processing file /opt/airflow/dags/dag_with_taskflow_api.py for tasks to queue
[2025-03-23T22:06:52.477+0000] {logging_mixin.py:190} INFO - [2025-03-23T22:06:52.477+0000] {dagbag.py:588} INFO - Filling up the DagBag from /opt/airflow/dags/dag_with_taskflow_api.py
[2025-03-23T22:06:52.487+0000] {processor.py:925} INFO - DAG(s) 'dag_with_taskflow_api' retrieved from /opt/airflow/dags/dag_with_taskflow_api.py
[2025-03-23T22:06:52.507+0000] {logging_mixin.py:190} INFO - [2025-03-23T22:06:52.507+0000] {dag.py:3239} INFO - Sync 1 DAGs
[2025-03-23T22:06:52.530+0000] {logging_mixin.py:190} INFO - [2025-03-23T22:06:52.530+0000] {dag.py:4180} INFO - Setting next_dagrun for dag_with_taskflow_api to 2025-03-23 00:00:00+00:00, run_after=2025-03-24 00:00:00+00:00
[2025-03-23T22:06:52.542+0000] {processor.py:208} INFO - Processing /opt/airflow/dags/dag_with_taskflow_api.py took 0.075 seconds
[2025-03-23T22:07:22.921+0000] {processor.py:186} INFO - Started process (PID=811) to work on /opt/airflow/dags/dag_with_taskflow_api.py
[2025-03-23T22:07:22.923+0000] {processor.py:914} INFO - Processing file /opt/airflow/dags/dag_with_taskflow_api.py for tasks to queue
[2025-03-23T22:07:22.925+0000] {logging_mixin.py:190} INFO - [2025-03-23T22:07:22.925+0000] {dagbag.py:588} INFO - Filling up the DagBag from /opt/airflow/dags/dag_with_taskflow_api.py
[2025-03-23T22:07:22.936+0000] {processor.py:925} INFO - DAG(s) 'dag_with_taskflow_api' retrieved from /opt/airflow/dags/dag_with_taskflow_api.py
[2025-03-23T22:07:22.955+0000] {logging_mixin.py:190} INFO - [2025-03-23T22:07:22.955+0000] {dag.py:3239} INFO - Sync 1 DAGs
[2025-03-23T22:07:22.969+0000] {logging_mixin.py:190} INFO - [2025-03-23T22:07:22.969+0000] {dag.py:4180} INFO - Setting next_dagrun for dag_with_taskflow_api to 2025-03-23 00:00:00+00:00, run_after=2025-03-24 00:00:00+00:00
[2025-03-23T22:07:22.977+0000] {processor.py:208} INFO - Processing /opt/airflow/dags/dag_with_taskflow_api.py took 0.061 seconds
[2025-03-23T22:07:53.367+0000] {processor.py:186} INFO - Started process (PID=832) to work on /opt/airflow/dags/dag_with_taskflow_api.py
[2025-03-23T22:07:53.369+0000] {processor.py:914} INFO - Processing file /opt/airflow/dags/dag_with_taskflow_api.py for tasks to queue
[2025-03-23T22:07:53.372+0000] {logging_mixin.py:190} INFO - [2025-03-23T22:07:53.371+0000] {dagbag.py:588} INFO - Filling up the DagBag from /opt/airflow/dags/dag_with_taskflow_api.py
[2025-03-23T22:07:53.383+0000] {processor.py:925} INFO - DAG(s) 'dag_with_taskflow_api' retrieved from /opt/airflow/dags/dag_with_taskflow_api.py
[2025-03-23T22:07:53.403+0000] {logging_mixin.py:190} INFO - [2025-03-23T22:07:53.403+0000] {dag.py:3239} INFO - Sync 1 DAGs
[2025-03-23T22:07:53.416+0000] {logging_mixin.py:190} INFO - [2025-03-23T22:07:53.416+0000] {dag.py:4180} INFO - Setting next_dagrun for dag_with_taskflow_api to 2025-03-23 00:00:00+00:00, run_after=2025-03-24 00:00:00+00:00
[2025-03-23T22:07:53.423+0000] {processor.py:208} INFO - Processing /opt/airflow/dags/dag_with_taskflow_api.py took 0.062 seconds
[2025-03-23T22:07:59.425+0000] {processor.py:186} INFO - Started process (PID=837) to work on /opt/airflow/dags/dag_with_taskflow_api.py
[2025-03-23T22:07:59.426+0000] {processor.py:914} INFO - Processing file /opt/airflow/dags/dag_with_taskflow_api.py for tasks to queue
[2025-03-23T22:07:59.429+0000] {logging_mixin.py:190} INFO - [2025-03-23T22:07:59.428+0000] {dagbag.py:588} INFO - Filling up the DagBag from /opt/airflow/dags/dag_with_taskflow_api.py
[2025-03-23T22:07:59.441+0000] {processor.py:925} INFO - DAG(s) 'dag_with_taskflow_api' retrieved from /opt/airflow/dags/dag_with_taskflow_api.py
[2025-03-23T22:07:59.522+0000] {logging_mixin.py:190} INFO - [2025-03-23T22:07:59.522+0000] {dag.py:3239} INFO - Sync 1 DAGs
[2025-03-23T22:07:59.531+0000] {logging_mixin.py:190} INFO - [2025-03-23T22:07:59.530+0000] {dag.py:4180} INFO - Setting next_dagrun for dag_with_taskflow_api to 2025-03-23 00:00:00+00:00, run_after=2025-03-24 00:00:00+00:00
[2025-03-23T22:07:59.538+0000] {processor.py:208} INFO - Processing /opt/airflow/dags/dag_with_taskflow_api.py took 0.119 seconds
[2025-03-23T22:08:01.516+0000] {processor.py:186} INFO - Started process (PID=842) to work on /opt/airflow/dags/dag_with_taskflow_api.py
[2025-03-23T22:08:01.517+0000] {processor.py:914} INFO - Processing file /opt/airflow/dags/dag_with_taskflow_api.py for tasks to queue
[2025-03-23T22:08:01.519+0000] {logging_mixin.py:190} INFO - [2025-03-23T22:08:01.519+0000] {dagbag.py:588} INFO - Filling up the DagBag from /opt/airflow/dags/dag_with_taskflow_api.py
[2025-03-23T22:08:01.532+0000] {processor.py:925} INFO - DAG(s) 'dag_with_taskflow_api' retrieved from /opt/airflow/dags/dag_with_taskflow_api.py
[2025-03-23T22:08:01.544+0000] {logging_mixin.py:190} INFO - [2025-03-23T22:08:01.544+0000] {dag.py:3239} INFO - Sync 1 DAGs
[2025-03-23T22:08:01.559+0000] {logging_mixin.py:190} INFO - [2025-03-23T22:08:01.559+0000] {dag.py:4180} INFO - Setting next_dagrun for dag_with_taskflow_api to 2025-03-23 00:00:00+00:00, run_after=2025-03-24 00:00:00+00:00
[2025-03-23T22:08:01.569+0000] {processor.py:208} INFO - Processing /opt/airflow/dags/dag_with_taskflow_api.py took 0.060 seconds
[2025-03-23T22:08:31.926+0000] {processor.py:186} INFO - Started process (PID=872) to work on /opt/airflow/dags/dag_with_taskflow_api.py
[2025-03-23T22:08:31.928+0000] {processor.py:914} INFO - Processing file /opt/airflow/dags/dag_with_taskflow_api.py for tasks to queue
[2025-03-23T22:08:31.932+0000] {logging_mixin.py:190} INFO - [2025-03-23T22:08:31.931+0000] {dagbag.py:588} INFO - Filling up the DagBag from /opt/airflow/dags/dag_with_taskflow_api.py
[2025-03-23T22:08:31.947+0000] {processor.py:925} INFO - DAG(s) 'dag_with_taskflow_api' retrieved from /opt/airflow/dags/dag_with_taskflow_api.py
[2025-03-23T22:08:31.966+0000] {logging_mixin.py:190} INFO - [2025-03-23T22:08:31.966+0000] {dag.py:3239} INFO - Sync 1 DAGs
[2025-03-23T22:08:31.985+0000] {logging_mixin.py:190} INFO - [2025-03-23T22:08:31.984+0000] {dag.py:4180} INFO - Setting next_dagrun for dag_with_taskflow_api to 2025-03-23 00:00:00+00:00, run_after=2025-03-24 00:00:00+00:00
[2025-03-23T22:08:31.993+0000] {processor.py:208} INFO - Processing /opt/airflow/dags/dag_with_taskflow_api.py took 0.075 seconds
[2025-03-23T22:08:58.356+0000] {processor.py:186} INFO - Started process (PID=892) to work on /opt/airflow/dags/dag_with_taskflow_api.py
[2025-03-23T22:08:58.358+0000] {processor.py:914} INFO - Processing file /opt/airflow/dags/dag_with_taskflow_api.py for tasks to queue
[2025-03-23T22:08:58.362+0000] {logging_mixin.py:190} INFO - [2025-03-23T22:08:58.361+0000] {dagbag.py:588} INFO - Filling up the DagBag from /opt/airflow/dags/dag_with_taskflow_api.py
[2025-03-23T22:08:58.381+0000] {processor.py:925} INFO - DAG(s) 'dag_with_taskflow_api' retrieved from /opt/airflow/dags/dag_with_taskflow_api.py
[2025-03-23T22:08:58.404+0000] {logging_mixin.py:190} INFO - [2025-03-23T22:08:58.404+0000] {dag.py:3239} INFO - Sync 1 DAGs
[2025-03-23T22:08:58.419+0000] {logging_mixin.py:190} INFO - [2025-03-23T22:08:58.419+0000] {dag.py:4180} INFO - Setting next_dagrun for dag_with_taskflow_api to 2025-03-23 00:00:00+00:00, run_after=2025-03-24 00:00:00+00:00
[2025-03-23T22:08:58.429+0000] {processor.py:208} INFO - Processing /opt/airflow/dags/dag_with_taskflow_api.py took 0.082 seconds
[2025-03-23T22:09:28.756+0000] {processor.py:186} INFO - Started process (PID=913) to work on /opt/airflow/dags/dag_with_taskflow_api.py
[2025-03-23T22:09:28.758+0000] {processor.py:914} INFO - Processing file /opt/airflow/dags/dag_with_taskflow_api.py for tasks to queue
[2025-03-23T22:09:28.761+0000] {logging_mixin.py:190} INFO - [2025-03-23T22:09:28.760+0000] {dagbag.py:588} INFO - Filling up the DagBag from /opt/airflow/dags/dag_with_taskflow_api.py
[2025-03-23T22:09:28.773+0000] {processor.py:925} INFO - DAG(s) 'dag_with_taskflow_api' retrieved from /opt/airflow/dags/dag_with_taskflow_api.py
[2025-03-23T22:09:28.793+0000] {logging_mixin.py:190} INFO - [2025-03-23T22:09:28.793+0000] {dag.py:3239} INFO - Sync 1 DAGs
[2025-03-23T22:09:28.806+0000] {logging_mixin.py:190} INFO - [2025-03-23T22:09:28.806+0000] {dag.py:4180} INFO - Setting next_dagrun for dag_with_taskflow_api to 2025-03-23 00:00:00+00:00, run_after=2025-03-24 00:00:00+00:00
[2025-03-23T22:09:28.815+0000] {processor.py:208} INFO - Processing /opt/airflow/dags/dag_with_taskflow_api.py took 0.066 seconds
[2025-03-23T22:09:59.166+0000] {processor.py:186} INFO - Started process (PID=933) to work on /opt/airflow/dags/dag_with_taskflow_api.py
[2025-03-23T22:09:59.168+0000] {processor.py:914} INFO - Processing file /opt/airflow/dags/dag_with_taskflow_api.py for tasks to queue
[2025-03-23T22:09:59.170+0000] {logging_mixin.py:190} INFO - [2025-03-23T22:09:59.169+0000] {dagbag.py:588} INFO - Filling up the DagBag from /opt/airflow/dags/dag_with_taskflow_api.py
[2025-03-23T22:09:59.182+0000] {processor.py:925} INFO - DAG(s) 'dag_with_taskflow_api' retrieved from /opt/airflow/dags/dag_with_taskflow_api.py
[2025-03-23T22:09:59.202+0000] {logging_mixin.py:190} INFO - [2025-03-23T22:09:59.201+0000] {dag.py:3239} INFO - Sync 1 DAGs
[2025-03-23T22:09:59.215+0000] {logging_mixin.py:190} INFO - [2025-03-23T22:09:59.215+0000] {dag.py:4180} INFO - Setting next_dagrun for dag_with_taskflow_api to 2025-03-23 00:00:00+00:00, run_after=2025-03-24 00:00:00+00:00
[2025-03-23T22:09:59.223+0000] {processor.py:208} INFO - Processing /opt/airflow/dags/dag_with_taskflow_api.py took 0.063 seconds
[2025-03-23T22:10:19.405+0000] {processor.py:186} INFO - Started process (PID=944) to work on /opt/airflow/dags/dag_with_taskflow_api.py
[2025-03-23T22:10:19.406+0000] {processor.py:914} INFO - Processing file /opt/airflow/dags/dag_with_taskflow_api.py for tasks to queue
[2025-03-23T22:10:19.409+0000] {logging_mixin.py:190} INFO - [2025-03-23T22:10:19.408+0000] {dagbag.py:588} INFO - Filling up the DagBag from /opt/airflow/dags/dag_with_taskflow_api.py
[2025-03-23T22:10:19.423+0000] {processor.py:925} INFO - DAG(s) 'dag_with_taskflow_api' retrieved from /opt/airflow/dags/dag_with_taskflow_api.py
[2025-03-23T22:10:19.443+0000] {logging_mixin.py:190} INFO - [2025-03-23T22:10:19.443+0000] {dag.py:3239} INFO - Sync 1 DAGs
[2025-03-23T22:10:19.456+0000] {logging_mixin.py:190} INFO - [2025-03-23T22:10:19.456+0000] {dag.py:4180} INFO - Setting next_dagrun for dag_with_taskflow_api to 2025-03-23 00:00:00+00:00, run_after=2025-03-24 00:00:00+00:00
[2025-03-23T22:10:19.465+0000] {processor.py:208} INFO - Processing /opt/airflow/dags/dag_with_taskflow_api.py took 0.066 seconds
[2025-03-23T22:10:20.436+0000] {processor.py:186} INFO - Started process (PID=949) to work on /opt/airflow/dags/dag_with_taskflow_api.py
[2025-03-23T22:10:20.438+0000] {processor.py:914} INFO - Processing file /opt/airflow/dags/dag_with_taskflow_api.py for tasks to queue
[2025-03-23T22:10:20.440+0000] {logging_mixin.py:190} INFO - [2025-03-23T22:10:20.440+0000] {dagbag.py:588} INFO - Filling up the DagBag from /opt/airflow/dags/dag_with_taskflow_api.py
[2025-03-23T22:10:20.458+0000] {processor.py:925} INFO - DAG(s) 'dag_with_taskflow_api' retrieved from /opt/airflow/dags/dag_with_taskflow_api.py
[2025-03-23T22:10:20.481+0000] {logging_mixin.py:190} INFO - [2025-03-23T22:10:20.481+0000] {dag.py:3239} INFO - Sync 1 DAGs
[2025-03-23T22:10:20.494+0000] {logging_mixin.py:190} INFO - [2025-03-23T22:10:20.494+0000] {dag.py:4180} INFO - Setting next_dagrun for dag_with_taskflow_api to 2025-03-23 00:00:00+00:00, run_after=2025-03-24 00:00:00+00:00
[2025-03-23T22:10:20.507+0000] {processor.py:208} INFO - Processing /opt/airflow/dags/dag_with_taskflow_api.py took 0.079 seconds
[2025-03-23T22:10:44.830+0000] {processor.py:186} INFO - Started process (PID=979) to work on /opt/airflow/dags/dag_with_taskflow_api.py
[2025-03-23T22:10:44.832+0000] {processor.py:914} INFO - Processing file /opt/airflow/dags/dag_with_taskflow_api.py for tasks to queue
[2025-03-23T22:10:44.836+0000] {logging_mixin.py:190} INFO - [2025-03-23T22:10:44.836+0000] {dagbag.py:588} INFO - Filling up the DagBag from /opt/airflow/dags/dag_with_taskflow_api.py
[2025-03-23T22:10:44.857+0000] {processor.py:925} INFO - DAG(s) 'dag_with_taskflow_api' retrieved from /opt/airflow/dags/dag_with_taskflow_api.py
[2025-03-23T22:10:44.881+0000] {logging_mixin.py:190} INFO - [2025-03-23T22:10:44.881+0000] {dag.py:3239} INFO - Sync 1 DAGs
[2025-03-23T22:10:44.899+0000] {logging_mixin.py:190} INFO - [2025-03-23T22:10:44.899+0000] {dag.py:4180} INFO - Setting next_dagrun for dag_with_taskflow_api to 2025-03-23 00:00:00+00:00, run_after=2025-03-24 00:00:00+00:00
[2025-03-23T22:10:44.911+0000] {processor.py:208} INFO - Processing /opt/airflow/dags/dag_with_taskflow_api.py took 0.092 seconds
[2025-03-23T22:11:15.253+0000] {processor.py:186} INFO - Started process (PID=1000) to work on /opt/airflow/dags/dag_with_taskflow_api.py
[2025-03-23T22:11:15.255+0000] {processor.py:914} INFO - Processing file /opt/airflow/dags/dag_with_taskflow_api.py for tasks to queue
[2025-03-23T22:11:15.259+0000] {logging_mixin.py:190} INFO - [2025-03-23T22:11:15.258+0000] {dagbag.py:588} INFO - Filling up the DagBag from /opt/airflow/dags/dag_with_taskflow_api.py
[2025-03-23T22:11:15.275+0000] {processor.py:925} INFO - DAG(s) 'dag_with_taskflow_api' retrieved from /opt/airflow/dags/dag_with_taskflow_api.py
[2025-03-23T22:11:15.297+0000] {logging_mixin.py:190} INFO - [2025-03-23T22:11:15.296+0000] {dag.py:3239} INFO - Sync 1 DAGs
[2025-03-23T22:11:15.310+0000] {logging_mixin.py:190} INFO - [2025-03-23T22:11:15.310+0000] {dag.py:4180} INFO - Setting next_dagrun for dag_with_taskflow_api to 2025-03-23 00:00:00+00:00, run_after=2025-03-24 00:00:00+00:00
[2025-03-23T22:11:15.318+0000] {processor.py:208} INFO - Processing /opt/airflow/dags/dag_with_taskflow_api.py took 0.074 seconds
[2025-03-23T22:11:45.646+0000] {processor.py:186} INFO - Started process (PID=1021) to work on /opt/airflow/dags/dag_with_taskflow_api.py
[2025-03-23T22:11:45.647+0000] {processor.py:914} INFO - Processing file /opt/airflow/dags/dag_with_taskflow_api.py for tasks to queue
[2025-03-23T22:11:45.651+0000] {logging_mixin.py:190} INFO - [2025-03-23T22:11:45.651+0000] {dagbag.py:588} INFO - Filling up the DagBag from /opt/airflow/dags/dag_with_taskflow_api.py
[2025-03-23T22:11:45.678+0000] {processor.py:925} INFO - DAG(s) 'dag_with_taskflow_api' retrieved from /opt/airflow/dags/dag_with_taskflow_api.py
[2025-03-23T22:11:45.701+0000] {logging_mixin.py:190} INFO - [2025-03-23T22:11:45.701+0000] {dag.py:3239} INFO - Sync 1 DAGs
[2025-03-23T22:11:45.718+0000] {logging_mixin.py:190} INFO - [2025-03-23T22:11:45.717+0000] {dag.py:4180} INFO - Setting next_dagrun for dag_with_taskflow_api to 2025-03-23 00:00:00+00:00, run_after=2025-03-24 00:00:00+00:00
[2025-03-23T22:11:45.732+0000] {processor.py:208} INFO - Processing /opt/airflow/dags/dag_with_taskflow_api.py took 0.096 seconds
[2025-03-23T22:11:46.654+0000] {processor.py:186} INFO - Started process (PID=1026) to work on /opt/airflow/dags/dag_with_taskflow_api.py
[2025-03-23T22:11:46.655+0000] {processor.py:914} INFO - Processing file /opt/airflow/dags/dag_with_taskflow_api.py for tasks to queue
[2025-03-23T22:11:46.656+0000] {logging_mixin.py:190} INFO - [2025-03-23T22:11:46.656+0000] {dagbag.py:588} INFO - Filling up the DagBag from /opt/airflow/dags/dag_with_taskflow_api.py
[2025-03-23T22:11:46.666+0000] {processor.py:925} INFO - DAG(s) 'dag_with_taskflow_api' retrieved from /opt/airflow/dags/dag_with_taskflow_api.py
[2025-03-23T22:11:46.682+0000] {logging_mixin.py:190} INFO - [2025-03-23T22:11:46.682+0000] {dag.py:3239} INFO - Sync 1 DAGs
[2025-03-23T22:11:46.694+0000] {logging_mixin.py:190} INFO - [2025-03-23T22:11:46.694+0000] {dag.py:4180} INFO - Setting next_dagrun for dag_with_taskflow_api to 2025-03-23 00:00:00+00:00, run_after=2025-03-24 00:00:00+00:00
[2025-03-23T22:11:46.704+0000] {processor.py:208} INFO - Processing /opt/airflow/dags/dag_with_taskflow_api.py took 0.054 seconds
[2025-03-23T22:12:16.985+0000] {processor.py:186} INFO - Started process (PID=1056) to work on /opt/airflow/dags/dag_with_taskflow_api.py
[2025-03-23T22:12:16.986+0000] {processor.py:914} INFO - Processing file /opt/airflow/dags/dag_with_taskflow_api.py for tasks to queue
[2025-03-23T22:12:16.989+0000] {logging_mixin.py:190} INFO - [2025-03-23T22:12:16.988+0000] {dagbag.py:588} INFO - Filling up the DagBag from /opt/airflow/dags/dag_with_taskflow_api.py
[2025-03-23T22:12:16.999+0000] {processor.py:925} INFO - DAG(s) 'dag_with_taskflow_api' retrieved from /opt/airflow/dags/dag_with_taskflow_api.py
[2025-03-23T22:12:17.017+0000] {logging_mixin.py:190} INFO - [2025-03-23T22:12:17.017+0000] {dag.py:3239} INFO - Sync 1 DAGs
[2025-03-23T22:12:17.030+0000] {logging_mixin.py:190} INFO - [2025-03-23T22:12:17.030+0000] {dag.py:4180} INFO - Setting next_dagrun for dag_with_taskflow_api to 2025-03-23 00:00:00+00:00, run_after=2025-03-24 00:00:00+00:00
[2025-03-23T22:12:17.038+0000] {processor.py:208} INFO - Processing /opt/airflow/dags/dag_with_taskflow_api.py took 0.060 seconds
[2025-03-23T22:12:47.351+0000] {processor.py:186} INFO - Started process (PID=1077) to work on /opt/airflow/dags/dag_with_taskflow_api.py
[2025-03-23T22:12:47.352+0000] {processor.py:914} INFO - Processing file /opt/airflow/dags/dag_with_taskflow_api.py for tasks to queue
[2025-03-23T22:12:47.356+0000] {logging_mixin.py:190} INFO - [2025-03-23T22:12:47.355+0000] {dagbag.py:588} INFO - Filling up the DagBag from /opt/airflow/dags/dag_with_taskflow_api.py
[2025-03-23T22:12:47.371+0000] {processor.py:925} INFO - DAG(s) 'dag_with_taskflow_api' retrieved from /opt/airflow/dags/dag_with_taskflow_api.py
[2025-03-23T22:12:47.392+0000] {logging_mixin.py:190} INFO - [2025-03-23T22:12:47.392+0000] {dag.py:3239} INFO - Sync 1 DAGs
[2025-03-23T22:12:47.406+0000] {logging_mixin.py:190} INFO - [2025-03-23T22:12:47.406+0000] {dag.py:4180} INFO - Setting next_dagrun for dag_with_taskflow_api to 2025-03-23 00:00:00+00:00, run_after=2025-03-24 00:00:00+00:00
[2025-03-23T22:12:47.415+0000] {processor.py:208} INFO - Processing /opt/airflow/dags/dag_with_taskflow_api.py took 0.071 seconds
[2025-03-23T22:13:17.734+0000] {processor.py:186} INFO - Started process (PID=1098) to work on /opt/airflow/dags/dag_with_taskflow_api.py
[2025-03-23T22:13:17.736+0000] {processor.py:914} INFO - Processing file /opt/airflow/dags/dag_with_taskflow_api.py for tasks to queue
[2025-03-23T22:13:17.739+0000] {logging_mixin.py:190} INFO - [2025-03-23T22:13:17.739+0000] {dagbag.py:588} INFO - Filling up the DagBag from /opt/airflow/dags/dag_with_taskflow_api.py
[2025-03-23T22:13:17.756+0000] {processor.py:925} INFO - DAG(s) 'dag_with_taskflow_api' retrieved from /opt/airflow/dags/dag_with_taskflow_api.py
[2025-03-23T22:13:17.780+0000] {logging_mixin.py:190} INFO - [2025-03-23T22:13:17.779+0000] {dag.py:3239} INFO - Sync 1 DAGs
[2025-03-23T22:13:17.794+0000] {logging_mixin.py:190} INFO - [2025-03-23T22:13:17.794+0000] {dag.py:4180} INFO - Setting next_dagrun for dag_with_taskflow_api to 2025-03-23 00:00:00+00:00, run_after=2025-03-24 00:00:00+00:00
[2025-03-23T22:13:17.803+0000] {processor.py:208} INFO - Processing /opt/airflow/dags/dag_with_taskflow_api.py took 0.077 seconds
[2025-03-23T22:13:48.103+0000] {processor.py:186} INFO - Started process (PID=1119) to work on /opt/airflow/dags/dag_with_taskflow_api.py
[2025-03-23T22:13:48.103+0000] {processor.py:914} INFO - Processing file /opt/airflow/dags/dag_with_taskflow_api.py for tasks to queue
[2025-03-23T22:13:48.106+0000] {logging_mixin.py:190} INFO - [2025-03-23T22:13:48.105+0000] {dagbag.py:588} INFO - Filling up the DagBag from /opt/airflow/dags/dag_with_taskflow_api.py
[2025-03-23T22:13:48.116+0000] {processor.py:925} INFO - DAG(s) 'dag_with_taskflow_api' retrieved from /opt/airflow/dags/dag_with_taskflow_api.py
[2025-03-23T22:13:48.134+0000] {logging_mixin.py:190} INFO - [2025-03-23T22:13:48.134+0000] {dag.py:3239} INFO - Sync 1 DAGs
[2025-03-23T22:13:48.147+0000] {logging_mixin.py:190} INFO - [2025-03-23T22:13:48.147+0000] {dag.py:4180} INFO - Setting next_dagrun for dag_with_taskflow_api to 2025-03-23 00:00:00+00:00, run_after=2025-03-24 00:00:00+00:00
[2025-03-23T22:13:48.156+0000] {processor.py:208} INFO - Processing /opt/airflow/dags/dag_with_taskflow_api.py took 0.059 seconds
[2025-03-23T22:14:18.495+0000] {processor.py:186} INFO - Started process (PID=1140) to work on /opt/airflow/dags/dag_with_taskflow_api.py
[2025-03-23T22:14:18.497+0000] {processor.py:914} INFO - Processing file /opt/airflow/dags/dag_with_taskflow_api.py for tasks to queue
[2025-03-23T22:14:18.499+0000] {logging_mixin.py:190} INFO - [2025-03-23T22:14:18.499+0000] {dagbag.py:588} INFO - Filling up the DagBag from /opt/airflow/dags/dag_with_taskflow_api.py
[2025-03-23T22:14:18.512+0000] {processor.py:925} INFO - DAG(s) 'dag_with_taskflow_api' retrieved from /opt/airflow/dags/dag_with_taskflow_api.py
[2025-03-23T22:14:18.533+0000] {logging_mixin.py:190} INFO - [2025-03-23T22:14:18.532+0000] {dag.py:3239} INFO - Sync 1 DAGs
[2025-03-23T22:14:18.545+0000] {logging_mixin.py:190} INFO - [2025-03-23T22:14:18.545+0000] {dag.py:4180} INFO - Setting next_dagrun for dag_with_taskflow_api to 2025-03-23 00:00:00+00:00, run_after=2025-03-24 00:00:00+00:00
[2025-03-23T22:14:18.553+0000] {processor.py:208} INFO - Processing /opt/airflow/dags/dag_with_taskflow_api.py took 0.064 seconds
[2025-03-23T22:14:48.872+0000] {processor.py:186} INFO - Started process (PID=1161) to work on /opt/airflow/dags/dag_with_taskflow_api.py
[2025-03-23T22:14:48.873+0000] {processor.py:914} INFO - Processing file /opt/airflow/dags/dag_with_taskflow_api.py for tasks to queue
[2025-03-23T22:14:48.875+0000] {logging_mixin.py:190} INFO - [2025-03-23T22:14:48.874+0000] {dagbag.py:588} INFO - Filling up the DagBag from /opt/airflow/dags/dag_with_taskflow_api.py
[2025-03-23T22:14:48.885+0000] {processor.py:925} INFO - DAG(s) 'dag_with_taskflow_api' retrieved from /opt/airflow/dags/dag_with_taskflow_api.py
[2025-03-23T22:14:48.905+0000] {logging_mixin.py:190} INFO - [2025-03-23T22:14:48.905+0000] {dag.py:3239} INFO - Sync 1 DAGs
[2025-03-23T22:14:48.918+0000] {logging_mixin.py:190} INFO - [2025-03-23T22:14:48.918+0000] {dag.py:4180} INFO - Setting next_dagrun for dag_with_taskflow_api to 2025-03-23 00:00:00+00:00, run_after=2025-03-24 00:00:00+00:00
[2025-03-23T22:14:48.926+0000] {processor.py:208} INFO - Processing /opt/airflow/dags/dag_with_taskflow_api.py took 0.061 seconds
[2025-03-23T22:15:19.251+0000] {processor.py:186} INFO - Started process (PID=1182) to work on /opt/airflow/dags/dag_with_taskflow_api.py
[2025-03-23T22:15:19.252+0000] {processor.py:914} INFO - Processing file /opt/airflow/dags/dag_with_taskflow_api.py for tasks to queue
[2025-03-23T22:15:19.254+0000] {logging_mixin.py:190} INFO - [2025-03-23T22:15:19.254+0000] {dagbag.py:588} INFO - Filling up the DagBag from /opt/airflow/dags/dag_with_taskflow_api.py
[2025-03-23T22:15:19.265+0000] {processor.py:925} INFO - DAG(s) 'dag_with_taskflow_api' retrieved from /opt/airflow/dags/dag_with_taskflow_api.py
[2025-03-23T22:15:19.287+0000] {logging_mixin.py:190} INFO - [2025-03-23T22:15:19.286+0000] {dag.py:3239} INFO - Sync 1 DAGs
[2025-03-23T22:15:19.303+0000] {logging_mixin.py:190} INFO - [2025-03-23T22:15:19.303+0000] {dag.py:4180} INFO - Setting next_dagrun for dag_with_taskflow_api to 2025-03-23 00:00:00+00:00, run_after=2025-03-24 00:00:00+00:00
[2025-03-23T22:15:19.323+0000] {processor.py:208} INFO - Processing /opt/airflow/dags/dag_with_taskflow_api.py took 0.078 seconds
[2025-03-23T22:15:43.630+0000] {processor.py:186} INFO - Started process (PID=1203) to work on /opt/airflow/dags/dag_with_taskflow_api.py
[2025-03-23T22:15:43.631+0000] {processor.py:914} INFO - Processing file /opt/airflow/dags/dag_with_taskflow_api.py for tasks to queue
[2025-03-23T22:15:43.635+0000] {logging_mixin.py:190} INFO - [2025-03-23T22:15:43.635+0000] {dagbag.py:588} INFO - Filling up the DagBag from /opt/airflow/dags/dag_with_taskflow_api.py
[2025-03-23T22:15:43.668+0000] {processor.py:925} INFO - DAG(s) 'dag_with_taskflow_api_v02' retrieved from /opt/airflow/dags/dag_with_taskflow_api.py
[2025-03-23T22:15:43.743+0000] {logging_mixin.py:190} INFO - [2025-03-23T22:15:43.742+0000] {override.py:1912} INFO - Created Permission View: can edit on DAG:dag_with_taskflow_api_v02
[2025-03-23T22:15:43.747+0000] {logging_mixin.py:190} INFO - [2025-03-23T22:15:43.747+0000] {override.py:1912} INFO - Created Permission View: can read on DAG:dag_with_taskflow_api_v02
[2025-03-23T22:15:43.749+0000] {logging_mixin.py:190} INFO - [2025-03-23T22:15:43.749+0000] {override.py:1912} INFO - Created Permission View: can delete on DAG:dag_with_taskflow_api_v02
[2025-03-23T22:15:43.751+0000] {logging_mixin.py:190} INFO - [2025-03-23T22:15:43.751+0000] {override.py:1912} INFO - Created Permission View: can read on DAG Run:dag_with_taskflow_api_v02
[2025-03-23T22:15:43.753+0000] {logging_mixin.py:190} INFO - [2025-03-23T22:15:43.753+0000] {override.py:1912} INFO - Created Permission View: menu access on DAG Run:dag_with_taskflow_api_v02
[2025-03-23T22:15:43.755+0000] {logging_mixin.py:190} INFO - [2025-03-23T22:15:43.755+0000] {override.py:1912} INFO - Created Permission View: can delete on DAG Run:dag_with_taskflow_api_v02
[2025-03-23T22:15:43.757+0000] {logging_mixin.py:190} INFO - [2025-03-23T22:15:43.757+0000] {override.py:1912} INFO - Created Permission View: can create on DAG Run:dag_with_taskflow_api_v02
[2025-03-23T22:15:43.757+0000] {logging_mixin.py:190} INFO - [2025-03-23T22:15:43.757+0000] {dag.py:3239} INFO - Sync 1 DAGs
[2025-03-23T22:15:43.764+0000] {logging_mixin.py:190} INFO - [2025-03-23T22:15:43.763+0000] {dag.py:3262} INFO - Creating ORM DAG for dag_with_taskflow_api_v02
[2025-03-23T22:15:43.770+0000] {logging_mixin.py:190} INFO - [2025-03-23T22:15:43.770+0000] {dag.py:4180} INFO - Setting next_dagrun for dag_with_taskflow_api_v02 to 2021-10-26 00:00:00+00:00, run_after=2021-10-27 00:00:00+00:00
[2025-03-23T22:15:43.781+0000] {processor.py:208} INFO - Processing /opt/airflow/dags/dag_with_taskflow_api.py took 0.160 seconds
[2025-03-23T22:15:49.702+0000] {processor.py:186} INFO - Started process (PID=1208) to work on /opt/airflow/dags/dag_with_taskflow_api.py
[2025-03-23T22:15:49.703+0000] {processor.py:914} INFO - Processing file /opt/airflow/dags/dag_with_taskflow_api.py for tasks to queue
[2025-03-23T22:15:49.705+0000] {logging_mixin.py:190} INFO - [2025-03-23T22:15:49.704+0000] {dagbag.py:588} INFO - Filling up the DagBag from /opt/airflow/dags/dag_with_taskflow_api.py
[2025-03-23T22:15:49.718+0000] {processor.py:925} INFO - DAG(s) 'dag_with_taskflow_api_v02' retrieved from /opt/airflow/dags/dag_with_taskflow_api.py
[2025-03-23T22:15:49.727+0000] {logging_mixin.py:190} INFO - [2025-03-23T22:15:49.727+0000] {dag.py:3239} INFO - Sync 1 DAGs
[2025-03-23T22:15:49.741+0000] {logging_mixin.py:190} INFO - [2025-03-23T22:15:49.741+0000] {dag.py:4180} INFO - Setting next_dagrun for dag_with_taskflow_api_v02 to 2021-10-26 00:00:00+00:00, run_after=2021-10-27 00:00:00+00:00
[2025-03-23T22:15:49.750+0000] {processor.py:208} INFO - Processing /opt/airflow/dags/dag_with_taskflow_api.py took 0.057 seconds
[2025-03-23T22:16:17.145+0000] {processor.py:186} INFO - Started process (PID=1562) to work on /opt/airflow/dags/dag_with_taskflow_api.py
[2025-03-23T22:16:17.147+0000] {processor.py:914} INFO - Processing file /opt/airflow/dags/dag_with_taskflow_api.py for tasks to queue
[2025-03-23T22:16:17.157+0000] {logging_mixin.py:190} INFO - [2025-03-23T22:16:17.157+0000] {dagbag.py:588} INFO - Filling up the DagBag from /opt/airflow/dags/dag_with_taskflow_api.py
[2025-03-23T22:16:17.191+0000] {processor.py:925} INFO - DAG(s) 'dag_with_taskflow_api_v02' retrieved from /opt/airflow/dags/dag_with_taskflow_api.py
[2025-03-23T22:16:17.225+0000] {logging_mixin.py:190} INFO - [2025-03-23T22:16:17.224+0000] {dag.py:3239} INFO - Sync 1 DAGs
[2025-03-23T22:16:17.306+0000] {logging_mixin.py:190} INFO - [2025-03-23T22:16:17.306+0000] {dag.py:4180} INFO - Setting next_dagrun for dag_with_taskflow_api_v02 to 2021-12-05 00:00:00+00:00, run_after=2021-12-06 00:00:00+00:00
[2025-03-23T22:16:17.350+0000] {processor.py:208} INFO - Processing /opt/airflow/dags/dag_with_taskflow_api.py took 0.210 seconds
[2025-03-23T22:16:47.563+0000] {processor.py:186} INFO - Started process (PID=1665) to work on /opt/airflow/dags/dag_with_taskflow_api.py
[2025-03-23T22:16:47.565+0000] {processor.py:914} INFO - Processing file /opt/airflow/dags/dag_with_taskflow_api.py for tasks to queue
[2025-03-23T22:16:47.569+0000] {logging_mixin.py:190} INFO - [2025-03-23T22:16:47.569+0000] {dagbag.py:588} INFO - Filling up the DagBag from /opt/airflow/dags/dag_with_taskflow_api.py
[2025-03-23T22:16:47.588+0000] {processor.py:925} INFO - DAG(s) 'dag_with_taskflow_api_v02' retrieved from /opt/airflow/dags/dag_with_taskflow_api.py
[2025-03-23T22:16:47.616+0000] {logging_mixin.py:190} INFO - [2025-03-23T22:16:47.615+0000] {dag.py:3239} INFO - Sync 1 DAGs
[2025-03-23T22:16:47.638+0000] {logging_mixin.py:190} INFO - [2025-03-23T22:16:47.637+0000] {dag.py:4180} INFO - Setting next_dagrun for dag_with_taskflow_api_v02 to 2021-12-10 00:00:00+00:00, run_after=2021-12-11 00:00:00+00:00
[2025-03-23T22:16:47.647+0000] {processor.py:208} INFO - Processing /opt/airflow/dags/dag_with_taskflow_api.py took 0.095 seconds
[2025-03-23T22:17:14.969+0000] {processor.py:186} INFO - Started process (PID=1686) to work on /opt/airflow/dags/dag_with_taskflow_api.py
[2025-03-23T22:17:14.971+0000] {processor.py:914} INFO - Processing file /opt/airflow/dags/dag_with_taskflow_api.py for tasks to queue
[2025-03-23T22:17:14.973+0000] {logging_mixin.py:190} INFO - [2025-03-23T22:17:14.972+0000] {dagbag.py:588} INFO - Filling up the DagBag from /opt/airflow/dags/dag_with_taskflow_api.py
[2025-03-23T22:17:15.004+0000] {processor.py:925} INFO - DAG(s) 'dag_with_taskflow_api_v02' retrieved from /opt/airflow/dags/dag_with_taskflow_api.py
[2025-03-23T22:17:15.032+0000] {logging_mixin.py:190} INFO - [2025-03-23T22:17:15.032+0000] {dag.py:3239} INFO - Sync 1 DAGs
[2025-03-23T22:17:15.048+0000] {logging_mixin.py:190} INFO - [2025-03-23T22:17:15.048+0000] {dag.py:4180} INFO - Setting next_dagrun for dag_with_taskflow_api_v02 to 2021-12-10 00:00:00+00:00, run_after=2021-12-11 00:00:00+00:00
[2025-03-23T22:17:15.058+0000] {processor.py:208} INFO - Processing /opt/airflow/dags/dag_with_taskflow_api.py took 0.098 seconds
[2025-03-23T22:17:45.386+0000] {processor.py:186} INFO - Started process (PID=1707) to work on /opt/airflow/dags/dag_with_taskflow_api.py
[2025-03-23T22:17:45.387+0000] {processor.py:914} INFO - Processing file /opt/airflow/dags/dag_with_taskflow_api.py for tasks to queue
[2025-03-23T22:17:45.389+0000] {logging_mixin.py:190} INFO - [2025-03-23T22:17:45.388+0000] {dagbag.py:588} INFO - Filling up the DagBag from /opt/airflow/dags/dag_with_taskflow_api.py
[2025-03-23T22:17:45.404+0000] {processor.py:925} INFO - DAG(s) 'dag_with_taskflow_api_v02' retrieved from /opt/airflow/dags/dag_with_taskflow_api.py
[2025-03-23T22:17:45.427+0000] {logging_mixin.py:190} INFO - [2025-03-23T22:17:45.427+0000] {dag.py:3239} INFO - Sync 1 DAGs
[2025-03-23T22:17:45.444+0000] {logging_mixin.py:190} INFO - [2025-03-23T22:17:45.444+0000] {dag.py:4180} INFO - Setting next_dagrun for dag_with_taskflow_api_v02 to 2021-12-10 00:00:00+00:00, run_after=2021-12-11 00:00:00+00:00
[2025-03-23T22:17:45.454+0000] {processor.py:208} INFO - Processing /opt/airflow/dags/dag_with_taskflow_api.py took 0.076 seconds
[2025-03-23T22:18:15.764+0000] {processor.py:186} INFO - Started process (PID=1728) to work on /opt/airflow/dags/dag_with_taskflow_api.py
[2025-03-23T22:18:15.765+0000] {processor.py:914} INFO - Processing file /opt/airflow/dags/dag_with_taskflow_api.py for tasks to queue
[2025-03-23T22:18:15.766+0000] {logging_mixin.py:190} INFO - [2025-03-23T22:18:15.766+0000] {dagbag.py:588} INFO - Filling up the DagBag from /opt/airflow/dags/dag_with_taskflow_api.py
[2025-03-23T22:18:15.782+0000] {processor.py:925} INFO - DAG(s) 'dag_with_taskflow_api_v02' retrieved from /opt/airflow/dags/dag_with_taskflow_api.py
[2025-03-23T22:18:15.810+0000] {logging_mixin.py:190} INFO - [2025-03-23T22:18:15.810+0000] {dag.py:3239} INFO - Sync 1 DAGs
[2025-03-23T22:18:15.828+0000] {logging_mixin.py:190} INFO - [2025-03-23T22:18:15.828+0000] {dag.py:4180} INFO - Setting next_dagrun for dag_with_taskflow_api_v02 to 2021-12-10 00:00:00+00:00, run_after=2021-12-11 00:00:00+00:00
[2025-03-23T22:18:15.839+0000] {processor.py:208} INFO - Processing /opt/airflow/dags/dag_with_taskflow_api.py took 0.081 seconds
[2025-03-23T22:18:46.115+0000] {processor.py:186} INFO - Started process (PID=1749) to work on /opt/airflow/dags/dag_with_taskflow_api.py
[2025-03-23T22:18:46.116+0000] {processor.py:914} INFO - Processing file /opt/airflow/dags/dag_with_taskflow_api.py for tasks to queue
[2025-03-23T22:18:46.117+0000] {logging_mixin.py:190} INFO - [2025-03-23T22:18:46.117+0000] {dagbag.py:588} INFO - Filling up the DagBag from /opt/airflow/dags/dag_with_taskflow_api.py
[2025-03-23T22:18:46.148+0000] {processor.py:925} INFO - DAG(s) 'dag_with_taskflow_api_v02' retrieved from /opt/airflow/dags/dag_with_taskflow_api.py
[2025-03-23T22:18:46.173+0000] {logging_mixin.py:190} INFO - [2025-03-23T22:18:46.173+0000] {dag.py:3239} INFO - Sync 1 DAGs
[2025-03-23T22:18:46.190+0000] {logging_mixin.py:190} INFO - [2025-03-23T22:18:46.190+0000] {dag.py:4180} INFO - Setting next_dagrun for dag_with_taskflow_api_v02 to 2021-12-10 00:00:00+00:00, run_after=2021-12-11 00:00:00+00:00
[2025-03-23T22:18:46.218+0000] {processor.py:208} INFO - Processing /opt/airflow/dags/dag_with_taskflow_api.py took 0.112 seconds
[2025-03-23T22:19:16.523+0000] {processor.py:186} INFO - Started process (PID=1770) to work on /opt/airflow/dags/dag_with_taskflow_api.py
[2025-03-23T22:19:16.524+0000] {processor.py:914} INFO - Processing file /opt/airflow/dags/dag_with_taskflow_api.py for tasks to queue
[2025-03-23T22:19:16.526+0000] {logging_mixin.py:190} INFO - [2025-03-23T22:19:16.525+0000] {dagbag.py:588} INFO - Filling up the DagBag from /opt/airflow/dags/dag_with_taskflow_api.py
[2025-03-23T22:19:16.547+0000] {processor.py:925} INFO - DAG(s) 'dag_with_taskflow_api_v02' retrieved from /opt/airflow/dags/dag_with_taskflow_api.py
[2025-03-23T22:19:16.581+0000] {logging_mixin.py:190} INFO - [2025-03-23T22:19:16.580+0000] {dag.py:3239} INFO - Sync 1 DAGs
[2025-03-23T22:19:16.606+0000] {logging_mixin.py:190} INFO - [2025-03-23T22:19:16.606+0000] {dag.py:4180} INFO - Setting next_dagrun for dag_with_taskflow_api_v02 to 2021-12-10 00:00:00+00:00, run_after=2021-12-11 00:00:00+00:00
[2025-03-23T22:19:16.616+0000] {processor.py:208} INFO - Processing /opt/airflow/dags/dag_with_taskflow_api.py took 0.103 seconds
[2025-03-23T22:19:46.963+0000] {processor.py:186} INFO - Started process (PID=1791) to work on /opt/airflow/dags/dag_with_taskflow_api.py
[2025-03-23T22:19:46.965+0000] {processor.py:914} INFO - Processing file /opt/airflow/dags/dag_with_taskflow_api.py for tasks to queue
[2025-03-23T22:19:46.966+0000] {logging_mixin.py:190} INFO - [2025-03-23T22:19:46.966+0000] {dagbag.py:588} INFO - Filling up the DagBag from /opt/airflow/dags/dag_with_taskflow_api.py
[2025-03-23T22:19:46.984+0000] {processor.py:925} INFO - DAG(s) 'dag_with_taskflow_api_v02' retrieved from /opt/airflow/dags/dag_with_taskflow_api.py
[2025-03-23T22:19:47.006+0000] {logging_mixin.py:190} INFO - [2025-03-23T22:19:47.006+0000] {dag.py:3239} INFO - Sync 1 DAGs
[2025-03-23T22:19:47.022+0000] {logging_mixin.py:190} INFO - [2025-03-23T22:19:47.022+0000] {dag.py:4180} INFO - Setting next_dagrun for dag_with_taskflow_api_v02 to 2021-12-10 00:00:00+00:00, run_after=2021-12-11 00:00:00+00:00
[2025-03-23T22:19:47.031+0000] {processor.py:208} INFO - Processing /opt/airflow/dags/dag_with_taskflow_api.py took 0.079 seconds
[2025-03-23T22:20:17.371+0000] {processor.py:186} INFO - Started process (PID=1812) to work on /opt/airflow/dags/dag_with_taskflow_api.py
[2025-03-23T22:20:17.372+0000] {processor.py:914} INFO - Processing file /opt/airflow/dags/dag_with_taskflow_api.py for tasks to queue
[2025-03-23T22:20:17.374+0000] {logging_mixin.py:190} INFO - [2025-03-23T22:20:17.373+0000] {dagbag.py:588} INFO - Filling up the DagBag from /opt/airflow/dags/dag_with_taskflow_api.py
[2025-03-23T22:20:17.393+0000] {processor.py:925} INFO - DAG(s) 'dag_with_taskflow_api_v02' retrieved from /opt/airflow/dags/dag_with_taskflow_api.py
[2025-03-23T22:20:17.435+0000] {logging_mixin.py:190} INFO - [2025-03-23T22:20:17.435+0000] {dag.py:3239} INFO - Sync 1 DAGs
[2025-03-23T22:20:17.454+0000] {logging_mixin.py:190} INFO - [2025-03-23T22:20:17.454+0000] {dag.py:4180} INFO - Setting next_dagrun for dag_with_taskflow_api_v02 to 2021-12-10 00:00:00+00:00, run_after=2021-12-11 00:00:00+00:00
[2025-03-23T22:20:17.463+0000] {processor.py:208} INFO - Processing /opt/airflow/dags/dag_with_taskflow_api.py took 0.101 seconds
[2025-03-23T22:20:47.869+0000] {processor.py:186} INFO - Started process (PID=1833) to work on /opt/airflow/dags/dag_with_taskflow_api.py
[2025-03-23T22:20:47.870+0000] {processor.py:914} INFO - Processing file /opt/airflow/dags/dag_with_taskflow_api.py for tasks to queue
[2025-03-23T22:20:47.872+0000] {logging_mixin.py:190} INFO - [2025-03-23T22:20:47.871+0000] {dagbag.py:588} INFO - Filling up the DagBag from /opt/airflow/dags/dag_with_taskflow_api.py
[2025-03-23T22:20:47.899+0000] {processor.py:925} INFO - DAG(s) 'dag_with_taskflow_api_v02' retrieved from /opt/airflow/dags/dag_with_taskflow_api.py
[2025-03-23T22:20:47.923+0000] {logging_mixin.py:190} INFO - [2025-03-23T22:20:47.923+0000] {dag.py:3239} INFO - Sync 1 DAGs
[2025-03-23T22:20:47.940+0000] {logging_mixin.py:190} INFO - [2025-03-23T22:20:47.940+0000] {dag.py:4180} INFO - Setting next_dagrun for dag_with_taskflow_api_v02 to 2021-12-10 00:00:00+00:00, run_after=2021-12-11 00:00:00+00:00
[2025-03-23T22:20:47.950+0000] {processor.py:208} INFO - Processing /opt/airflow/dags/dag_with_taskflow_api.py took 0.092 seconds
[2025-03-23T22:21:18.369+0000] {processor.py:186} INFO - Started process (PID=1854) to work on /opt/airflow/dags/dag_with_taskflow_api.py
[2025-03-23T22:21:18.371+0000] {processor.py:914} INFO - Processing file /opt/airflow/dags/dag_with_taskflow_api.py for tasks to queue
[2025-03-23T22:21:18.373+0000] {logging_mixin.py:190} INFO - [2025-03-23T22:21:18.372+0000] {dagbag.py:588} INFO - Filling up the DagBag from /opt/airflow/dags/dag_with_taskflow_api.py
[2025-03-23T22:21:18.393+0000] {processor.py:925} INFO - DAG(s) 'dag_with_taskflow_api_v02' retrieved from /opt/airflow/dags/dag_with_taskflow_api.py
[2025-03-23T22:21:18.423+0000] {logging_mixin.py:190} INFO - [2025-03-23T22:21:18.423+0000] {dag.py:3239} INFO - Sync 1 DAGs
[2025-03-23T22:21:18.448+0000] {logging_mixin.py:190} INFO - [2025-03-23T22:21:18.448+0000] {dag.py:4180} INFO - Setting next_dagrun for dag_with_taskflow_api_v02 to 2021-12-10 00:00:00+00:00, run_after=2021-12-11 00:00:00+00:00
[2025-03-23T22:21:18.458+0000] {processor.py:208} INFO - Processing /opt/airflow/dags/dag_with_taskflow_api.py took 0.105 seconds
[2025-03-23T22:21:48.835+0000] {processor.py:186} INFO - Started process (PID=1875) to work on /opt/airflow/dags/dag_with_taskflow_api.py
[2025-03-23T22:21:48.836+0000] {processor.py:914} INFO - Processing file /opt/airflow/dags/dag_with_taskflow_api.py for tasks to queue
[2025-03-23T22:21:48.837+0000] {logging_mixin.py:190} INFO - [2025-03-23T22:21:48.837+0000] {dagbag.py:588} INFO - Filling up the DagBag from /opt/airflow/dags/dag_with_taskflow_api.py
[2025-03-23T22:21:48.848+0000] {processor.py:925} INFO - DAG(s) 'dag_with_taskflow_api_v02' retrieved from /opt/airflow/dags/dag_with_taskflow_api.py
[2025-03-23T22:21:48.867+0000] {logging_mixin.py:190} INFO - [2025-03-23T22:21:48.867+0000] {dag.py:3239} INFO - Sync 1 DAGs
[2025-03-23T22:21:48.881+0000] {logging_mixin.py:190} INFO - [2025-03-23T22:21:48.881+0000] {dag.py:4180} INFO - Setting next_dagrun for dag_with_taskflow_api_v02 to 2021-12-10 00:00:00+00:00, run_after=2021-12-11 00:00:00+00:00
[2025-03-23T22:21:48.889+0000] {processor.py:208} INFO - Processing /opt/airflow/dags/dag_with_taskflow_api.py took 0.061 seconds
[2025-03-23T22:22:19.202+0000] {processor.py:186} INFO - Started process (PID=1896) to work on /opt/airflow/dags/dag_with_taskflow_api.py
[2025-03-23T22:22:19.203+0000] {processor.py:914} INFO - Processing file /opt/airflow/dags/dag_with_taskflow_api.py for tasks to queue
[2025-03-23T22:22:19.205+0000] {logging_mixin.py:190} INFO - [2025-03-23T22:22:19.205+0000] {dagbag.py:588} INFO - Filling up the DagBag from /opt/airflow/dags/dag_with_taskflow_api.py
[2025-03-23T22:22:19.217+0000] {processor.py:925} INFO - DAG(s) 'dag_with_taskflow_api_v02' retrieved from /opt/airflow/dags/dag_with_taskflow_api.py
[2025-03-23T22:22:19.236+0000] {logging_mixin.py:190} INFO - [2025-03-23T22:22:19.236+0000] {dag.py:3239} INFO - Sync 1 DAGs
[2025-03-23T22:22:19.250+0000] {logging_mixin.py:190} INFO - [2025-03-23T22:22:19.250+0000] {dag.py:4180} INFO - Setting next_dagrun for dag_with_taskflow_api_v02 to 2021-12-10 00:00:00+00:00, run_after=2021-12-11 00:00:00+00:00
[2025-03-23T22:22:19.259+0000] {processor.py:208} INFO - Processing /opt/airflow/dags/dag_with_taskflow_api.py took 0.067 seconds
[2025-03-23T22:22:49.645+0000] {processor.py:186} INFO - Started process (PID=1917) to work on /opt/airflow/dags/dag_with_taskflow_api.py
[2025-03-23T22:22:49.647+0000] {processor.py:914} INFO - Processing file /opt/airflow/dags/dag_with_taskflow_api.py for tasks to queue
[2025-03-23T22:22:49.648+0000] {logging_mixin.py:190} INFO - [2025-03-23T22:22:49.647+0000] {dagbag.py:588} INFO - Filling up the DagBag from /opt/airflow/dags/dag_with_taskflow_api.py
[2025-03-23T22:22:49.664+0000] {processor.py:925} INFO - DAG(s) 'dag_with_taskflow_api_v02' retrieved from /opt/airflow/dags/dag_with_taskflow_api.py
[2025-03-23T22:22:49.685+0000] {logging_mixin.py:190} INFO - [2025-03-23T22:22:49.685+0000] {dag.py:3239} INFO - Sync 1 DAGs
[2025-03-23T22:22:49.699+0000] {logging_mixin.py:190} INFO - [2025-03-23T22:22:49.698+0000] {dag.py:4180} INFO - Setting next_dagrun for dag_with_taskflow_api_v02 to 2021-12-10 00:00:00+00:00, run_after=2021-12-11 00:00:00+00:00
[2025-03-23T22:22:49.744+0000] {processor.py:208} INFO - Processing /opt/airflow/dags/dag_with_taskflow_api.py took 0.106 seconds
[2025-03-23T22:23:20.131+0000] {processor.py:186} INFO - Started process (PID=1938) to work on /opt/airflow/dags/dag_with_taskflow_api.py
[2025-03-23T22:23:20.133+0000] {processor.py:914} INFO - Processing file /opt/airflow/dags/dag_with_taskflow_api.py for tasks to queue
[2025-03-23T22:23:20.134+0000] {logging_mixin.py:190} INFO - [2025-03-23T22:23:20.134+0000] {dagbag.py:588} INFO - Filling up the DagBag from /opt/airflow/dags/dag_with_taskflow_api.py
[2025-03-23T22:23:20.155+0000] {processor.py:925} INFO - DAG(s) 'dag_with_taskflow_api_v02' retrieved from /opt/airflow/dags/dag_with_taskflow_api.py
[2025-03-23T22:23:20.196+0000] {logging_mixin.py:190} INFO - [2025-03-23T22:23:20.196+0000] {dag.py:3239} INFO - Sync 1 DAGs
[2025-03-23T22:23:20.213+0000] {logging_mixin.py:190} INFO - [2025-03-23T22:23:20.213+0000] {dag.py:4180} INFO - Setting next_dagrun for dag_with_taskflow_api_v02 to 2021-12-10 00:00:00+00:00, run_after=2021-12-11 00:00:00+00:00
[2025-03-23T22:23:20.223+0000] {processor.py:208} INFO - Processing /opt/airflow/dags/dag_with_taskflow_api.py took 0.098 seconds
[2025-03-23T22:23:50.499+0000] {processor.py:186} INFO - Started process (PID=1959) to work on /opt/airflow/dags/dag_with_taskflow_api.py
[2025-03-23T22:23:50.500+0000] {processor.py:914} INFO - Processing file /opt/airflow/dags/dag_with_taskflow_api.py for tasks to queue
[2025-03-23T22:23:50.502+0000] {logging_mixin.py:190} INFO - [2025-03-23T22:23:50.502+0000] {dagbag.py:588} INFO - Filling up the DagBag from /opt/airflow/dags/dag_with_taskflow_api.py
[2025-03-23T22:23:50.518+0000] {processor.py:925} INFO - DAG(s) 'dag_with_taskflow_api_v02' retrieved from /opt/airflow/dags/dag_with_taskflow_api.py
[2025-03-23T22:23:50.540+0000] {logging_mixin.py:190} INFO - [2025-03-23T22:23:50.540+0000] {dag.py:3239} INFO - Sync 1 DAGs
[2025-03-23T22:23:50.555+0000] {logging_mixin.py:190} INFO - [2025-03-23T22:23:50.554+0000] {dag.py:4180} INFO - Setting next_dagrun for dag_with_taskflow_api_v02 to 2021-12-10 00:00:00+00:00, run_after=2021-12-11 00:00:00+00:00
[2025-03-23T22:23:50.563+0000] {processor.py:208} INFO - Processing /opt/airflow/dags/dag_with_taskflow_api.py took 0.073 seconds
[2025-03-23T22:24:20.928+0000] {processor.py:186} INFO - Started process (PID=1980) to work on /opt/airflow/dags/dag_with_taskflow_api.py
[2025-03-23T22:24:20.930+0000] {processor.py:914} INFO - Processing file /opt/airflow/dags/dag_with_taskflow_api.py for tasks to queue
[2025-03-23T22:24:20.931+0000] {logging_mixin.py:190} INFO - [2025-03-23T22:24:20.931+0000] {dagbag.py:588} INFO - Filling up the DagBag from /opt/airflow/dags/dag_with_taskflow_api.py
[2025-03-23T22:24:20.947+0000] {processor.py:925} INFO - DAG(s) 'dag_with_taskflow_api_v02' retrieved from /opt/airflow/dags/dag_with_taskflow_api.py
[2025-03-23T22:24:20.970+0000] {logging_mixin.py:190} INFO - [2025-03-23T22:24:20.970+0000] {dag.py:3239} INFO - Sync 1 DAGs
[2025-03-23T22:24:20.985+0000] {logging_mixin.py:190} INFO - [2025-03-23T22:24:20.985+0000] {dag.py:4180} INFO - Setting next_dagrun for dag_with_taskflow_api_v02 to 2021-12-10 00:00:00+00:00, run_after=2021-12-11 00:00:00+00:00
[2025-03-23T22:24:20.993+0000] {processor.py:208} INFO - Processing /opt/airflow/dags/dag_with_taskflow_api.py took 0.073 seconds
[2025-03-23T22:24:51.311+0000] {processor.py:186} INFO - Started process (PID=2001) to work on /opt/airflow/dags/dag_with_taskflow_api.py
[2025-03-23T22:24:51.312+0000] {processor.py:914} INFO - Processing file /opt/airflow/dags/dag_with_taskflow_api.py for tasks to queue
[2025-03-23T22:24:51.314+0000] {logging_mixin.py:190} INFO - [2025-03-23T22:24:51.314+0000] {dagbag.py:588} INFO - Filling up the DagBag from /opt/airflow/dags/dag_with_taskflow_api.py
[2025-03-23T22:24:51.330+0000] {processor.py:925} INFO - DAG(s) 'dag_with_taskflow_api_v02' retrieved from /opt/airflow/dags/dag_with_taskflow_api.py
[2025-03-23T22:24:51.351+0000] {logging_mixin.py:190} INFO - [2025-03-23T22:24:51.350+0000] {dag.py:3239} INFO - Sync 1 DAGs
[2025-03-23T22:24:51.369+0000] {logging_mixin.py:190} INFO - [2025-03-23T22:24:51.368+0000] {dag.py:4180} INFO - Setting next_dagrun for dag_with_taskflow_api_v02 to 2021-12-10 00:00:00+00:00, run_after=2021-12-11 00:00:00+00:00
[2025-03-23T22:24:51.377+0000] {processor.py:208} INFO - Processing /opt/airflow/dags/dag_with_taskflow_api.py took 0.074 seconds
[2025-03-23T22:25:21.688+0000] {processor.py:186} INFO - Started process (PID=2022) to work on /opt/airflow/dags/dag_with_taskflow_api.py
[2025-03-23T22:25:21.689+0000] {processor.py:914} INFO - Processing file /opt/airflow/dags/dag_with_taskflow_api.py for tasks to queue
[2025-03-23T22:25:21.690+0000] {logging_mixin.py:190} INFO - [2025-03-23T22:25:21.689+0000] {dagbag.py:588} INFO - Filling up the DagBag from /opt/airflow/dags/dag_with_taskflow_api.py
[2025-03-23T22:25:21.699+0000] {processor.py:925} INFO - DAG(s) 'dag_with_taskflow_api_v02' retrieved from /opt/airflow/dags/dag_with_taskflow_api.py
[2025-03-23T22:25:21.717+0000] {logging_mixin.py:190} INFO - [2025-03-23T22:25:21.717+0000] {dag.py:3239} INFO - Sync 1 DAGs
[2025-03-23T22:25:21.733+0000] {logging_mixin.py:190} INFO - [2025-03-23T22:25:21.732+0000] {dag.py:4180} INFO - Setting next_dagrun for dag_with_taskflow_api_v02 to 2021-12-10 00:00:00+00:00, run_after=2021-12-11 00:00:00+00:00
[2025-03-23T22:25:21.747+0000] {processor.py:208} INFO - Processing /opt/airflow/dags/dag_with_taskflow_api.py took 0.065 seconds
[2025-03-23T22:25:52.119+0000] {processor.py:186} INFO - Started process (PID=2048) to work on /opt/airflow/dags/dag_with_taskflow_api.py
[2025-03-23T22:25:52.120+0000] {processor.py:914} INFO - Processing file /opt/airflow/dags/dag_with_taskflow_api.py for tasks to queue
[2025-03-23T22:25:52.120+0000] {logging_mixin.py:190} INFO - [2025-03-23T22:25:52.120+0000] {dagbag.py:588} INFO - Filling up the DagBag from /opt/airflow/dags/dag_with_taskflow_api.py
[2025-03-23T22:25:52.130+0000] {processor.py:925} INFO - DAG(s) 'dag_with_taskflow_api_v02' retrieved from /opt/airflow/dags/dag_with_taskflow_api.py
[2025-03-23T22:25:52.151+0000] {logging_mixin.py:190} INFO - [2025-03-23T22:25:52.151+0000] {dag.py:3239} INFO - Sync 1 DAGs
[2025-03-23T22:25:52.166+0000] {logging_mixin.py:190} INFO - [2025-03-23T22:25:52.166+0000] {dag.py:4180} INFO - Setting next_dagrun for dag_with_taskflow_api_v02 to 2021-12-10 00:00:00+00:00, run_after=2021-12-11 00:00:00+00:00
[2025-03-23T22:25:52.177+0000] {processor.py:208} INFO - Processing /opt/airflow/dags/dag_with_taskflow_api.py took 0.062 seconds
[2025-03-23T22:26:22.547+0000] {processor.py:186} INFO - Started process (PID=2084) to work on /opt/airflow/dags/dag_with_taskflow_api.py
[2025-03-23T22:26:22.548+0000] {processor.py:914} INFO - Processing file /opt/airflow/dags/dag_with_taskflow_api.py for tasks to queue
[2025-03-23T22:26:22.550+0000] {logging_mixin.py:190} INFO - [2025-03-23T22:26:22.549+0000] {dagbag.py:588} INFO - Filling up the DagBag from /opt/airflow/dags/dag_with_taskflow_api.py
[2025-03-23T22:26:22.567+0000] {processor.py:925} INFO - DAG(s) 'dag_with_taskflow_api_v02' retrieved from /opt/airflow/dags/dag_with_taskflow_api.py
[2025-03-23T22:26:22.592+0000] {logging_mixin.py:190} INFO - [2025-03-23T22:26:22.591+0000] {dag.py:3239} INFO - Sync 1 DAGs
[2025-03-23T22:26:22.609+0000] {logging_mixin.py:190} INFO - [2025-03-23T22:26:22.608+0000] {dag.py:4180} INFO - Setting next_dagrun for dag_with_taskflow_api_v02 to 2021-12-10 00:00:00+00:00, run_after=2021-12-11 00:00:00+00:00
[2025-03-23T22:26:22.618+0000] {processor.py:208} INFO - Processing /opt/airflow/dags/dag_with_taskflow_api.py took 0.079 seconds
[2025-03-23T22:26:52.976+0000] {processor.py:186} INFO - Started process (PID=2114) to work on /opt/airflow/dags/dag_with_taskflow_api.py
[2025-03-23T22:26:52.977+0000] {processor.py:914} INFO - Processing file /opt/airflow/dags/dag_with_taskflow_api.py for tasks to queue
[2025-03-23T22:26:52.978+0000] {logging_mixin.py:190} INFO - [2025-03-23T22:26:52.978+0000] {dagbag.py:588} INFO - Filling up the DagBag from /opt/airflow/dags/dag_with_taskflow_api.py
[2025-03-23T22:26:52.994+0000] {processor.py:925} INFO - DAG(s) 'dag_with_taskflow_api_v02' retrieved from /opt/airflow/dags/dag_with_taskflow_api.py
[2025-03-23T22:26:53.017+0000] {logging_mixin.py:190} INFO - [2025-03-23T22:26:53.017+0000] {dag.py:3239} INFO - Sync 1 DAGs
[2025-03-23T22:26:53.033+0000] {logging_mixin.py:190} INFO - [2025-03-23T22:26:53.033+0000] {dag.py:4180} INFO - Setting next_dagrun for dag_with_taskflow_api_v02 to 2021-12-10 00:00:00+00:00, run_after=2021-12-11 00:00:00+00:00
[2025-03-23T22:26:53.042+0000] {processor.py:208} INFO - Processing /opt/airflow/dags/dag_with_taskflow_api.py took 0.074 seconds
[2025-03-23T22:27:23.557+0000] {processor.py:186} INFO - Started process (PID=2140) to work on /opt/airflow/dags/dag_with_taskflow_api.py
[2025-03-23T22:27:23.559+0000] {processor.py:914} INFO - Processing file /opt/airflow/dags/dag_with_taskflow_api.py for tasks to queue
[2025-03-23T22:27:23.561+0000] {logging_mixin.py:190} INFO - [2025-03-23T22:27:23.560+0000] {dagbag.py:588} INFO - Filling up the DagBag from /opt/airflow/dags/dag_with_taskflow_api.py
[2025-03-23T22:27:23.576+0000] {processor.py:925} INFO - DAG(s) 'dag_with_taskflow_api_v02' retrieved from /opt/airflow/dags/dag_with_taskflow_api.py
[2025-03-23T22:27:23.600+0000] {logging_mixin.py:190} INFO - [2025-03-23T22:27:23.600+0000] {dag.py:3239} INFO - Sync 1 DAGs
[2025-03-23T22:27:23.615+0000] {logging_mixin.py:190} INFO - [2025-03-23T22:27:23.615+0000] {dag.py:4180} INFO - Setting next_dagrun for dag_with_taskflow_api_v02 to 2021-12-10 00:00:00+00:00, run_after=2021-12-11 00:00:00+00:00
[2025-03-23T22:27:23.623+0000] {processor.py:208} INFO - Processing /opt/airflow/dags/dag_with_taskflow_api.py took 0.077 seconds
[2025-03-23T22:27:53.970+0000] {processor.py:186} INFO - Started process (PID=2166) to work on /opt/airflow/dags/dag_with_taskflow_api.py
[2025-03-23T22:27:53.971+0000] {processor.py:914} INFO - Processing file /opt/airflow/dags/dag_with_taskflow_api.py for tasks to queue
[2025-03-23T22:27:53.972+0000] {logging_mixin.py:190} INFO - [2025-03-23T22:27:53.972+0000] {dagbag.py:588} INFO - Filling up the DagBag from /opt/airflow/dags/dag_with_taskflow_api.py
[2025-03-23T22:27:53.982+0000] {processor.py:925} INFO - DAG(s) 'dag_with_taskflow_api_v02' retrieved from /opt/airflow/dags/dag_with_taskflow_api.py
[2025-03-23T22:27:54.001+0000] {logging_mixin.py:190} INFO - [2025-03-23T22:27:54.001+0000] {dag.py:3239} INFO - Sync 1 DAGs
[2025-03-23T22:27:54.014+0000] {logging_mixin.py:190} INFO - [2025-03-23T22:27:54.014+0000] {dag.py:4180} INFO - Setting next_dagrun for dag_with_taskflow_api_v02 to 2021-12-10 00:00:00+00:00, run_after=2021-12-11 00:00:00+00:00
[2025-03-23T22:27:54.022+0000] {processor.py:208} INFO - Processing /opt/airflow/dags/dag_with_taskflow_api.py took 0.057 seconds
[2025-03-23T22:28:24.464+0000] {processor.py:186} INFO - Started process (PID=2197) to work on /opt/airflow/dags/dag_with_taskflow_api.py
[2025-03-23T22:28:24.465+0000] {processor.py:914} INFO - Processing file /opt/airflow/dags/dag_with_taskflow_api.py for tasks to queue
[2025-03-23T22:28:24.466+0000] {logging_mixin.py:190} INFO - [2025-03-23T22:28:24.466+0000] {dagbag.py:588} INFO - Filling up the DagBag from /opt/airflow/dags/dag_with_taskflow_api.py
[2025-03-23T22:28:24.486+0000] {processor.py:925} INFO - DAG(s) 'dag_with_taskflow_api_v02' retrieved from /opt/airflow/dags/dag_with_taskflow_api.py
[2025-03-23T22:28:24.512+0000] {logging_mixin.py:190} INFO - [2025-03-23T22:28:24.512+0000] {dag.py:3239} INFO - Sync 1 DAGs
[2025-03-23T22:28:24.529+0000] {logging_mixin.py:190} INFO - [2025-03-23T22:28:24.529+0000] {dag.py:4180} INFO - Setting next_dagrun for dag_with_taskflow_api_v02 to 2021-12-10 00:00:00+00:00, run_after=2021-12-11 00:00:00+00:00
[2025-03-23T22:28:24.540+0000] {processor.py:208} INFO - Processing /opt/airflow/dags/dag_with_taskflow_api.py took 0.084 seconds
[2025-03-23T22:28:54.913+0000] {processor.py:186} INFO - Started process (PID=2227) to work on /opt/airflow/dags/dag_with_taskflow_api.py
[2025-03-23T22:28:54.915+0000] {processor.py:914} INFO - Processing file /opt/airflow/dags/dag_with_taskflow_api.py for tasks to queue
[2025-03-23T22:28:54.916+0000] {logging_mixin.py:190} INFO - [2025-03-23T22:28:54.916+0000] {dagbag.py:588} INFO - Filling up the DagBag from /opt/airflow/dags/dag_with_taskflow_api.py
[2025-03-23T22:28:54.929+0000] {processor.py:925} INFO - DAG(s) 'dag_with_taskflow_api_v02' retrieved from /opt/airflow/dags/dag_with_taskflow_api.py
[2025-03-23T22:28:54.959+0000] {logging_mixin.py:190} INFO - [2025-03-23T22:28:54.959+0000] {dag.py:3239} INFO - Sync 1 DAGs
[2025-03-23T22:28:54.974+0000] {logging_mixin.py:190} INFO - [2025-03-23T22:28:54.974+0000] {dag.py:4180} INFO - Setting next_dagrun for dag_with_taskflow_api_v02 to 2021-12-10 00:00:00+00:00, run_after=2021-12-11 00:00:00+00:00
[2025-03-23T22:28:54.983+0000] {processor.py:208} INFO - Processing /opt/airflow/dags/dag_with_taskflow_api.py took 0.079 seconds
[2025-03-23T22:29:25.401+0000] {processor.py:186} INFO - Started process (PID=2253) to work on /opt/airflow/dags/dag_with_taskflow_api.py
[2025-03-23T22:29:25.402+0000] {processor.py:914} INFO - Processing file /opt/airflow/dags/dag_with_taskflow_api.py for tasks to queue
[2025-03-23T22:29:25.403+0000] {logging_mixin.py:190} INFO - [2025-03-23T22:29:25.403+0000] {dagbag.py:588} INFO - Filling up the DagBag from /opt/airflow/dags/dag_with_taskflow_api.py
[2025-03-23T22:29:25.415+0000] {processor.py:925} INFO - DAG(s) 'dag_with_taskflow_api_v02' retrieved from /opt/airflow/dags/dag_with_taskflow_api.py
[2025-03-23T22:29:25.435+0000] {logging_mixin.py:190} INFO - [2025-03-23T22:29:25.435+0000] {dag.py:3239} INFO - Sync 1 DAGs
[2025-03-23T22:29:25.450+0000] {logging_mixin.py:190} INFO - [2025-03-23T22:29:25.450+0000] {dag.py:4180} INFO - Setting next_dagrun for dag_with_taskflow_api_v02 to 2021-12-10 00:00:00+00:00, run_after=2021-12-11 00:00:00+00:00
[2025-03-23T22:29:25.458+0000] {processor.py:208} INFO - Processing /opt/airflow/dags/dag_with_taskflow_api.py took 0.065 seconds
[2025-03-23T22:29:55.858+0000] {processor.py:186} INFO - Started process (PID=2286) to work on /opt/airflow/dags/dag_with_taskflow_api.py
[2025-03-23T22:29:55.859+0000] {processor.py:914} INFO - Processing file /opt/airflow/dags/dag_with_taskflow_api.py for tasks to queue
[2025-03-23T22:29:55.860+0000] {logging_mixin.py:190} INFO - [2025-03-23T22:29:55.860+0000] {dagbag.py:588} INFO - Filling up the DagBag from /opt/airflow/dags/dag_with_taskflow_api.py
[2025-03-23T22:29:55.871+0000] {processor.py:925} INFO - DAG(s) 'dag_with_taskflow_api_v02' retrieved from /opt/airflow/dags/dag_with_taskflow_api.py
[2025-03-23T22:29:55.891+0000] {logging_mixin.py:190} INFO - [2025-03-23T22:29:55.891+0000] {dag.py:3239} INFO - Sync 1 DAGs
[2025-03-23T22:29:55.907+0000] {logging_mixin.py:190} INFO - [2025-03-23T22:29:55.907+0000] {dag.py:4180} INFO - Setting next_dagrun for dag_with_taskflow_api_v02 to 2021-12-10 00:00:00+00:00, run_after=2021-12-11 00:00:00+00:00
[2025-03-23T22:29:55.916+0000] {processor.py:208} INFO - Processing /opt/airflow/dags/dag_with_taskflow_api.py took 0.064 seconds
[2025-03-23T22:30:26.275+0000] {processor.py:186} INFO - Started process (PID=2312) to work on /opt/airflow/dags/dag_with_taskflow_api.py
[2025-03-23T22:30:26.276+0000] {processor.py:914} INFO - Processing file /opt/airflow/dags/dag_with_taskflow_api.py for tasks to queue
[2025-03-23T22:30:26.277+0000] {logging_mixin.py:190} INFO - [2025-03-23T22:30:26.277+0000] {dagbag.py:588} INFO - Filling up the DagBag from /opt/airflow/dags/dag_with_taskflow_api.py
[2025-03-23T22:30:26.288+0000] {processor.py:925} INFO - DAG(s) 'dag_with_taskflow_api_v02' retrieved from /opt/airflow/dags/dag_with_taskflow_api.py
[2025-03-23T22:30:26.307+0000] {logging_mixin.py:190} INFO - [2025-03-23T22:30:26.307+0000] {dag.py:3239} INFO - Sync 1 DAGs
[2025-03-23T22:30:26.322+0000] {logging_mixin.py:190} INFO - [2025-03-23T22:30:26.322+0000] {dag.py:4180} INFO - Setting next_dagrun for dag_with_taskflow_api_v02 to 2021-12-10 00:00:00+00:00, run_after=2021-12-11 00:00:00+00:00
[2025-03-23T22:30:26.331+0000] {processor.py:208} INFO - Processing /opt/airflow/dags/dag_with_taskflow_api.py took 0.062 seconds
[2025-03-23T22:30:56.723+0000] {processor.py:186} INFO - Started process (PID=2555) to work on /opt/airflow/dags/dag_with_taskflow_api.py
[2025-03-23T22:30:56.724+0000] {processor.py:914} INFO - Processing file /opt/airflow/dags/dag_with_taskflow_api.py for tasks to queue
[2025-03-23T22:30:56.726+0000] {logging_mixin.py:190} INFO - [2025-03-23T22:30:56.725+0000] {dagbag.py:588} INFO - Filling up the DagBag from /opt/airflow/dags/dag_with_taskflow_api.py
[2025-03-23T22:30:56.743+0000] {processor.py:925} INFO - DAG(s) 'dag_with_taskflow_api_v02' retrieved from /opt/airflow/dags/dag_with_taskflow_api.py
[2025-03-23T22:30:56.765+0000] {logging_mixin.py:190} INFO - [2025-03-23T22:30:56.764+0000] {dag.py:3239} INFO - Sync 1 DAGs
[2025-03-23T22:30:56.779+0000] {logging_mixin.py:190} INFO - [2025-03-23T22:30:56.779+0000] {dag.py:4180} INFO - Setting next_dagrun for dag_with_taskflow_api_v02 to 2021-12-10 00:00:00+00:00, run_after=2021-12-11 00:00:00+00:00
[2025-03-23T22:30:56.788+0000] {processor.py:208} INFO - Processing /opt/airflow/dags/dag_with_taskflow_api.py took 0.074 seconds
[2025-03-23T22:31:27.241+0000] {processor.py:186} INFO - Started process (PID=2581) to work on /opt/airflow/dags/dag_with_taskflow_api.py
[2025-03-23T22:31:27.243+0000] {processor.py:914} INFO - Processing file /opt/airflow/dags/dag_with_taskflow_api.py for tasks to queue
[2025-03-23T22:31:27.246+0000] {logging_mixin.py:190} INFO - [2025-03-23T22:31:27.245+0000] {dagbag.py:588} INFO - Filling up the DagBag from /opt/airflow/dags/dag_with_taskflow_api.py
[2025-03-23T22:31:27.263+0000] {processor.py:925} INFO - DAG(s) 'dag_with_taskflow_api_v02' retrieved from /opt/airflow/dags/dag_with_taskflow_api.py
[2025-03-23T22:31:27.287+0000] {logging_mixin.py:190} INFO - [2025-03-23T22:31:27.287+0000] {dag.py:3239} INFO - Sync 1 DAGs
[2025-03-23T22:31:27.316+0000] {logging_mixin.py:190} INFO - [2025-03-23T22:31:27.316+0000] {dag.py:4180} INFO - Setting next_dagrun for dag_with_taskflow_api_v02 to 2021-12-10 00:00:00+00:00, run_after=2021-12-11 00:00:00+00:00
[2025-03-23T22:31:27.326+0000] {processor.py:208} INFO - Processing /opt/airflow/dags/dag_with_taskflow_api.py took 0.094 seconds
[2025-03-23T22:31:57.680+0000] {processor.py:186} INFO - Started process (PID=2607) to work on /opt/airflow/dags/dag_with_taskflow_api.py
[2025-03-23T22:31:57.681+0000] {processor.py:914} INFO - Processing file /opt/airflow/dags/dag_with_taskflow_api.py for tasks to queue
[2025-03-23T22:31:57.683+0000] {logging_mixin.py:190} INFO - [2025-03-23T22:31:57.683+0000] {dagbag.py:588} INFO - Filling up the DagBag from /opt/airflow/dags/dag_with_taskflow_api.py
[2025-03-23T22:31:57.703+0000] {processor.py:925} INFO - DAG(s) 'dag_with_taskflow_api_v02' retrieved from /opt/airflow/dags/dag_with_taskflow_api.py
[2025-03-23T22:31:57.733+0000] {logging_mixin.py:190} INFO - [2025-03-23T22:31:57.733+0000] {dag.py:3239} INFO - Sync 1 DAGs
[2025-03-23T22:31:57.751+0000] {logging_mixin.py:190} INFO - [2025-03-23T22:31:57.751+0000] {dag.py:4180} INFO - Setting next_dagrun for dag_with_taskflow_api_v02 to 2021-12-10 00:00:00+00:00, run_after=2021-12-11 00:00:00+00:00
[2025-03-23T22:31:57.761+0000] {processor.py:208} INFO - Processing /opt/airflow/dags/dag_with_taskflow_api.py took 0.095 seconds
[2025-03-23T22:32:28.125+0000] {processor.py:186} INFO - Started process (PID=2633) to work on /opt/airflow/dags/dag_with_taskflow_api.py
[2025-03-23T22:32:28.126+0000] {processor.py:914} INFO - Processing file /opt/airflow/dags/dag_with_taskflow_api.py for tasks to queue
[2025-03-23T22:32:28.127+0000] {logging_mixin.py:190} INFO - [2025-03-23T22:32:28.127+0000] {dagbag.py:588} INFO - Filling up the DagBag from /opt/airflow/dags/dag_with_taskflow_api.py
[2025-03-23T22:32:28.140+0000] {processor.py:925} INFO - DAG(s) 'dag_with_taskflow_api_v02' retrieved from /opt/airflow/dags/dag_with_taskflow_api.py
[2025-03-23T22:32:28.161+0000] {logging_mixin.py:190} INFO - [2025-03-23T22:32:28.161+0000] {dag.py:3239} INFO - Sync 1 DAGs
[2025-03-23T22:32:28.177+0000] {logging_mixin.py:190} INFO - [2025-03-23T22:32:28.177+0000] {dag.py:4180} INFO - Setting next_dagrun for dag_with_taskflow_api_v02 to 2021-12-10 00:00:00+00:00, run_after=2021-12-11 00:00:00+00:00
[2025-03-23T22:32:28.186+0000] {processor.py:208} INFO - Processing /opt/airflow/dags/dag_with_taskflow_api.py took 0.068 seconds
[2025-03-23T22:32:58.504+0000] {processor.py:186} INFO - Started process (PID=2659) to work on /opt/airflow/dags/dag_with_taskflow_api.py
[2025-03-23T22:32:58.505+0000] {processor.py:914} INFO - Processing file /opt/airflow/dags/dag_with_taskflow_api.py for tasks to queue
[2025-03-23T22:32:58.505+0000] {logging_mixin.py:190} INFO - [2025-03-23T22:32:58.505+0000] {dagbag.py:588} INFO - Filling up the DagBag from /opt/airflow/dags/dag_with_taskflow_api.py
[2025-03-23T22:32:58.513+0000] {processor.py:925} INFO - DAG(s) 'dag_with_taskflow_api_v02' retrieved from /opt/airflow/dags/dag_with_taskflow_api.py
[2025-03-23T22:32:58.529+0000] {logging_mixin.py:190} INFO - [2025-03-23T22:32:58.529+0000] {dag.py:3239} INFO - Sync 1 DAGs
[2025-03-23T22:32:58.542+0000] {logging_mixin.py:190} INFO - [2025-03-23T22:32:58.542+0000] {dag.py:4180} INFO - Setting next_dagrun for dag_with_taskflow_api_v02 to 2021-12-10 00:00:00+00:00, run_after=2021-12-11 00:00:00+00:00
[2025-03-23T22:32:58.552+0000] {processor.py:208} INFO - Processing /opt/airflow/dags/dag_with_taskflow_api.py took 0.053 seconds
[2025-03-23T22:33:28.946+0000] {processor.py:186} INFO - Started process (PID=2685) to work on /opt/airflow/dags/dag_with_taskflow_api.py
[2025-03-23T22:33:28.947+0000] {processor.py:914} INFO - Processing file /opt/airflow/dags/dag_with_taskflow_api.py for tasks to queue
[2025-03-23T22:33:28.948+0000] {logging_mixin.py:190} INFO - [2025-03-23T22:33:28.948+0000] {dagbag.py:588} INFO - Filling up the DagBag from /opt/airflow/dags/dag_with_taskflow_api.py
[2025-03-23T22:33:28.959+0000] {processor.py:925} INFO - DAG(s) 'dag_with_taskflow_api_v02' retrieved from /opt/airflow/dags/dag_with_taskflow_api.py
[2025-03-23T22:33:28.979+0000] {logging_mixin.py:190} INFO - [2025-03-23T22:33:28.979+0000] {dag.py:3239} INFO - Sync 1 DAGs
[2025-03-23T22:33:28.993+0000] {logging_mixin.py:190} INFO - [2025-03-23T22:33:28.992+0000] {dag.py:4180} INFO - Setting next_dagrun for dag_with_taskflow_api_v02 to 2021-12-10 00:00:00+00:00, run_after=2021-12-11 00:00:00+00:00
[2025-03-23T22:33:29.001+0000] {processor.py:208} INFO - Processing /opt/airflow/dags/dag_with_taskflow_api.py took 0.062 seconds
[2025-03-23T22:33:59.411+0000] {processor.py:186} INFO - Started process (PID=2711) to work on /opt/airflow/dags/dag_with_taskflow_api.py
[2025-03-23T22:33:59.412+0000] {processor.py:914} INFO - Processing file /opt/airflow/dags/dag_with_taskflow_api.py for tasks to queue
[2025-03-23T22:33:59.414+0000] {logging_mixin.py:190} INFO - [2025-03-23T22:33:59.413+0000] {dagbag.py:588} INFO - Filling up the DagBag from /opt/airflow/dags/dag_with_taskflow_api.py
[2025-03-23T22:33:59.426+0000] {processor.py:925} INFO - DAG(s) 'dag_with_taskflow_api_v02' retrieved from /opt/airflow/dags/dag_with_taskflow_api.py
[2025-03-23T22:33:59.446+0000] {logging_mixin.py:190} INFO - [2025-03-23T22:33:59.445+0000] {dag.py:3239} INFO - Sync 1 DAGs
[2025-03-23T22:33:59.460+0000] {logging_mixin.py:190} INFO - [2025-03-23T22:33:59.459+0000] {dag.py:4180} INFO - Setting next_dagrun for dag_with_taskflow_api_v02 to 2021-12-10 00:00:00+00:00, run_after=2021-12-11 00:00:00+00:00
[2025-03-23T22:33:59.468+0000] {processor.py:208} INFO - Processing /opt/airflow/dags/dag_with_taskflow_api.py took 0.063 seconds
[2025-03-23T22:34:29.828+0000] {processor.py:186} INFO - Started process (PID=2737) to work on /opt/airflow/dags/dag_with_taskflow_api.py
[2025-03-23T22:34:29.830+0000] {processor.py:914} INFO - Processing file /opt/airflow/dags/dag_with_taskflow_api.py for tasks to queue
[2025-03-23T22:34:29.831+0000] {logging_mixin.py:190} INFO - [2025-03-23T22:34:29.831+0000] {dagbag.py:588} INFO - Filling up the DagBag from /opt/airflow/dags/dag_with_taskflow_api.py
[2025-03-23T22:34:29.842+0000] {processor.py:925} INFO - DAG(s) 'dag_with_taskflow_api_v02' retrieved from /opt/airflow/dags/dag_with_taskflow_api.py
[2025-03-23T22:34:29.862+0000] {logging_mixin.py:190} INFO - [2025-03-23T22:34:29.862+0000] {dag.py:3239} INFO - Sync 1 DAGs
[2025-03-23T22:34:29.878+0000] {logging_mixin.py:190} INFO - [2025-03-23T22:34:29.878+0000] {dag.py:4180} INFO - Setting next_dagrun for dag_with_taskflow_api_v02 to 2021-12-10 00:00:00+00:00, run_after=2021-12-11 00:00:00+00:00
[2025-03-23T22:34:29.886+0000] {processor.py:208} INFO - Processing /opt/airflow/dags/dag_with_taskflow_api.py took 0.065 seconds
[2025-03-23T22:35:00.329+0000] {processor.py:186} INFO - Started process (PID=2763) to work on /opt/airflow/dags/dag_with_taskflow_api.py
[2025-03-23T22:35:00.331+0000] {processor.py:914} INFO - Processing file /opt/airflow/dags/dag_with_taskflow_api.py for tasks to queue
[2025-03-23T22:35:00.332+0000] {logging_mixin.py:190} INFO - [2025-03-23T22:35:00.332+0000] {dagbag.py:588} INFO - Filling up the DagBag from /opt/airflow/dags/dag_with_taskflow_api.py
[2025-03-23T22:35:00.349+0000] {processor.py:925} INFO - DAG(s) 'dag_with_taskflow_api_v02' retrieved from /opt/airflow/dags/dag_with_taskflow_api.py
[2025-03-23T22:35:00.373+0000] {logging_mixin.py:190} INFO - [2025-03-23T22:35:00.372+0000] {dag.py:3239} INFO - Sync 1 DAGs
[2025-03-23T22:35:00.391+0000] {logging_mixin.py:190} INFO - [2025-03-23T22:35:00.390+0000] {dag.py:4180} INFO - Setting next_dagrun for dag_with_taskflow_api_v02 to 2021-12-10 00:00:00+00:00, run_after=2021-12-11 00:00:00+00:00
[2025-03-23T22:35:00.401+0000] {processor.py:208} INFO - Processing /opt/airflow/dags/dag_with_taskflow_api.py took 0.080 seconds
