[2025-03-23T22:25:37.968+0000] {processor.py:186} INFO - Started process (PID=2037) to work on /opt/airflow/dags/dag_with_catchup_and_backfill.py
[2025-03-23T22:25:37.969+0000] {processor.py:914} INFO - Processing file /opt/airflow/dags/dag_with_catchup_and_backfill.py for tasks to queue
[2025-03-23T22:25:37.970+0000] {logging_mixin.py:190} INFO - [2025-03-23T22:25:37.970+0000] {dagbag.py:588} INFO - Filling up the DagBag from /opt/airflow/dags/dag_with_catchup_and_backfill.py
[2025-03-23T22:25:37.975+0000] {logging_mixin.py:190} INFO - [2025-03-23T22:25:37.973+0000] {dagbag.py:387} ERROR - Failed to import: /opt/airflow/dags/dag_with_catchup_and_backfill.py
Traceback (most recent call last):
  File "/home/airflow/.local/lib/python3.12/site-packages/airflow/models/dagbag.py", line 383, in parse
    loader.exec_module(new_module)
  File "<frozen importlib._bootstrap_external>", line 995, in exec_module
  File "<frozen importlib._bootstrap_external>", line 1133, in get_code
  File "<frozen importlib._bootstrap_external>", line 1063, in source_to_code
  File "<frozen importlib._bootstrap>", line 488, in _call_with_frames_removed
  File "/opt/airflow/dags/dag_with_catchup_and_backfill.py", line 17
    schedule_interval = '@daily',
    ^^^^^^^^^^^^^^^^^^^^^^^^^^^^
SyntaxError: keyword argument repeated: schedule_interval
[2025-03-23T22:25:37.976+0000] {processor.py:927} WARNING - No viable dags retrieved from /opt/airflow/dags/dag_with_catchup_and_backfill.py
[2025-03-23T22:25:37.990+0000] {processor.py:208} INFO - Processing /opt/airflow/dags/dag_with_catchup_and_backfill.py took 0.030 seconds
[2025-03-23T22:26:08.366+0000] {processor.py:186} INFO - Started process (PID=2063) to work on /opt/airflow/dags/dag_with_catchup_and_backfill.py
[2025-03-23T22:26:08.366+0000] {processor.py:914} INFO - Processing file /opt/airflow/dags/dag_with_catchup_and_backfill.py for tasks to queue
[2025-03-23T22:26:08.367+0000] {logging_mixin.py:190} INFO - [2025-03-23T22:26:08.367+0000] {dagbag.py:588} INFO - Filling up the DagBag from /opt/airflow/dags/dag_with_catchup_and_backfill.py
[2025-03-23T22:26:08.370+0000] {logging_mixin.py:190} INFO - [2025-03-23T22:26:08.369+0000] {dagbag.py:387} ERROR - Failed to import: /opt/airflow/dags/dag_with_catchup_and_backfill.py
Traceback (most recent call last):
  File "/home/airflow/.local/lib/python3.12/site-packages/airflow/models/dagbag.py", line 383, in parse
    loader.exec_module(new_module)
  File "<frozen importlib._bootstrap_external>", line 995, in exec_module
  File "<frozen importlib._bootstrap_external>", line 1133, in get_code
  File "<frozen importlib._bootstrap_external>", line 1063, in source_to_code
  File "<frozen importlib._bootstrap>", line 488, in _call_with_frames_removed
  File "/opt/airflow/dags/dag_with_catchup_and_backfill.py", line 17
    schedule_interval = '@daily',
    ^^^^^^^^^^^^^^^^^^^^^^^^^^^^
SyntaxError: keyword argument repeated: schedule_interval
[2025-03-23T22:26:08.370+0000] {processor.py:927} WARNING - No viable dags retrieved from /opt/airflow/dags/dag_with_catchup_and_backfill.py
[2025-03-23T22:26:08.382+0000] {processor.py:208} INFO - Processing /opt/airflow/dags/dag_with_catchup_and_backfill.py took 0.021 seconds
[2025-03-23T22:26:10.386+0000] {processor.py:186} INFO - Started process (PID=2068) to work on /opt/airflow/dags/dag_with_catchup_and_backfill.py
[2025-03-23T22:26:10.387+0000] {processor.py:914} INFO - Processing file /opt/airflow/dags/dag_with_catchup_and_backfill.py for tasks to queue
[2025-03-23T22:26:10.387+0000] {logging_mixin.py:190} INFO - [2025-03-23T22:26:10.387+0000] {dagbag.py:588} INFO - Filling up the DagBag from /opt/airflow/dags/dag_with_catchup_and_backfill.py
[2025-03-23T22:26:10.389+0000] {logging_mixin.py:190} INFO - [2025-03-23T22:26:10.389+0000] {dagbag.py:387} ERROR - Failed to import: /opt/airflow/dags/dag_with_catchup_and_backfill.py
Traceback (most recent call last):
  File "/home/airflow/.local/lib/python3.12/site-packages/airflow/models/dagbag.py", line 383, in parse
    loader.exec_module(new_module)
  File "<frozen importlib._bootstrap_external>", line 995, in exec_module
  File "<frozen importlib._bootstrap_external>", line 1133, in get_code
  File "<frozen importlib._bootstrap_external>", line 1063, in source_to_code
  File "<frozen importlib._bootstrap>", line 488, in _call_with_frames_removed
  File "/opt/airflow/dags/dag_with_catchup_and_backfill.py", line 17
    schedule_interval = '@daily',
    ^^^^^^^^^^^^^^^^^^^^^^^^^^^^
SyntaxError: keyword argument repeated: schedule_interval
[2025-03-23T22:26:10.390+0000] {processor.py:927} WARNING - No viable dags retrieved from /opt/airflow/dags/dag_with_catchup_and_backfill.py
[2025-03-23T22:26:10.399+0000] {processor.py:208} INFO - Processing /opt/airflow/dags/dag_with_catchup_and_backfill.py took 0.016 seconds
[2025-03-23T22:26:20.506+0000] {processor.py:186} INFO - Started process (PID=2079) to work on /opt/airflow/dags/dag_with_catchup_and_backfill.py
[2025-03-23T22:26:20.507+0000] {processor.py:914} INFO - Processing file /opt/airflow/dags/dag_with_catchup_and_backfill.py for tasks to queue
[2025-03-23T22:26:20.509+0000] {logging_mixin.py:190} INFO - [2025-03-23T22:26:20.509+0000] {dagbag.py:588} INFO - Filling up the DagBag from /opt/airflow/dags/dag_with_catchup_and_backfill.py
[2025-03-23T22:26:20.517+0000] {processor.py:925} INFO - DAG(s) 'dag_with_catchup_and_backfill' retrieved from /opt/airflow/dags/dag_with_catchup_and_backfill.py
[2025-03-23T22:26:20.579+0000] {logging_mixin.py:190} INFO - [2025-03-23T22:26:20.579+0000] {override.py:1912} INFO - Created Permission View: can edit on DAG:dag_with_catchup_and_backfill
[2025-03-23T22:26:20.583+0000] {logging_mixin.py:190} INFO - [2025-03-23T22:26:20.583+0000] {override.py:1912} INFO - Created Permission View: can read on DAG:dag_with_catchup_and_backfill
[2025-03-23T22:26:20.585+0000] {logging_mixin.py:190} INFO - [2025-03-23T22:26:20.585+0000] {override.py:1912} INFO - Created Permission View: can delete on DAG:dag_with_catchup_and_backfill
[2025-03-23T22:26:20.587+0000] {logging_mixin.py:190} INFO - [2025-03-23T22:26:20.587+0000] {override.py:1912} INFO - Created Permission View: can read on DAG Run:dag_with_catchup_and_backfill
[2025-03-23T22:26:20.589+0000] {logging_mixin.py:190} INFO - [2025-03-23T22:26:20.589+0000] {override.py:1912} INFO - Created Permission View: menu access on DAG Run:dag_with_catchup_and_backfill
[2025-03-23T22:26:20.591+0000] {logging_mixin.py:190} INFO - [2025-03-23T22:26:20.591+0000] {override.py:1912} INFO - Created Permission View: can delete on DAG Run:dag_with_catchup_and_backfill
[2025-03-23T22:26:20.592+0000] {logging_mixin.py:190} INFO - [2025-03-23T22:26:20.592+0000] {override.py:1912} INFO - Created Permission View: can create on DAG Run:dag_with_catchup_and_backfill
[2025-03-23T22:26:20.593+0000] {logging_mixin.py:190} INFO - [2025-03-23T22:26:20.593+0000] {dag.py:3239} INFO - Sync 1 DAGs
[2025-03-23T22:26:20.599+0000] {logging_mixin.py:190} INFO - [2025-03-23T22:26:20.598+0000] {dag.py:3262} INFO - Creating ORM DAG for dag_with_catchup_and_backfill
[2025-03-23T22:26:20.603+0000] {logging_mixin.py:190} INFO - [2025-03-23T22:26:20.603+0000] {dag.py:4180} INFO - Setting next_dagrun for dag_with_catchup_and_backfill to 2025-03-23 00:00:00+00:00, run_after=2025-03-24 00:00:00+00:00
[2025-03-23T22:26:20.609+0000] {processor.py:208} INFO - Processing /opt/airflow/dags/dag_with_catchup_and_backfill.py took 0.107 seconds
[2025-03-23T22:26:50.936+0000] {processor.py:186} INFO - Started process (PID=2109) to work on /opt/airflow/dags/dag_with_catchup_and_backfill.py
[2025-03-23T22:26:50.938+0000] {processor.py:914} INFO - Processing file /opt/airflow/dags/dag_with_catchup_and_backfill.py for tasks to queue
[2025-03-23T22:26:50.941+0000] {logging_mixin.py:190} INFO - [2025-03-23T22:26:50.940+0000] {dagbag.py:588} INFO - Filling up the DagBag from /opt/airflow/dags/dag_with_catchup_and_backfill.py
[2025-03-23T22:26:50.956+0000] {processor.py:925} INFO - DAG(s) 'dag_with_catchup_and_backfill' retrieved from /opt/airflow/dags/dag_with_catchup_and_backfill.py
[2025-03-23T22:26:50.975+0000] {logging_mixin.py:190} INFO - [2025-03-23T22:26:50.975+0000] {dag.py:3239} INFO - Sync 1 DAGs
[2025-03-23T22:26:50.990+0000] {logging_mixin.py:190} INFO - [2025-03-23T22:26:50.990+0000] {dag.py:4180} INFO - Setting next_dagrun for dag_with_catchup_and_backfill to 2025-03-23 00:00:00+00:00, run_after=2025-03-24 00:00:00+00:00
[2025-03-23T22:26:51.001+0000] {processor.py:208} INFO - Processing /opt/airflow/dags/dag_with_catchup_and_backfill.py took 0.073 seconds
[2025-03-23T22:27:21.510+0000] {processor.py:186} INFO - Started process (PID=2135) to work on /opt/airflow/dags/dag_with_catchup_and_backfill.py
[2025-03-23T22:27:21.511+0000] {processor.py:914} INFO - Processing file /opt/airflow/dags/dag_with_catchup_and_backfill.py for tasks to queue
[2025-03-23T22:27:21.512+0000] {logging_mixin.py:190} INFO - [2025-03-23T22:27:21.512+0000] {dagbag.py:588} INFO - Filling up the DagBag from /opt/airflow/dags/dag_with_catchup_and_backfill.py
[2025-03-23T22:27:21.526+0000] {processor.py:925} INFO - DAG(s) 'dag_with_catchup_and_backfill' retrieved from /opt/airflow/dags/dag_with_catchup_and_backfill.py
[2025-03-23T22:27:21.561+0000] {logging_mixin.py:190} INFO - [2025-03-23T22:27:21.561+0000] {dag.py:3239} INFO - Sync 1 DAGs
[2025-03-23T22:27:21.576+0000] {logging_mixin.py:190} INFO - [2025-03-23T22:27:21.576+0000] {dag.py:4180} INFO - Setting next_dagrun for dag_with_catchup_and_backfill to 2025-03-23 00:00:00+00:00, run_after=2025-03-24 00:00:00+00:00
[2025-03-23T22:27:21.585+0000] {processor.py:208} INFO - Processing /opt/airflow/dags/dag_with_catchup_and_backfill.py took 0.082 seconds
[2025-03-23T22:27:51.907+0000] {processor.py:186} INFO - Started process (PID=2161) to work on /opt/airflow/dags/dag_with_catchup_and_backfill.py
[2025-03-23T22:27:51.909+0000] {processor.py:914} INFO - Processing file /opt/airflow/dags/dag_with_catchup_and_backfill.py for tasks to queue
[2025-03-23T22:27:51.910+0000] {logging_mixin.py:190} INFO - [2025-03-23T22:27:51.909+0000] {dagbag.py:588} INFO - Filling up the DagBag from /opt/airflow/dags/dag_with_catchup_and_backfill.py
[2025-03-23T22:27:51.918+0000] {processor.py:925} INFO - DAG(s) 'dag_with_catchup_and_backfill' retrieved from /opt/airflow/dags/dag_with_catchup_and_backfill.py
[2025-03-23T22:27:51.936+0000] {logging_mixin.py:190} INFO - [2025-03-23T22:27:51.936+0000] {dag.py:3239} INFO - Sync 1 DAGs
[2025-03-23T22:27:51.950+0000] {logging_mixin.py:190} INFO - [2025-03-23T22:27:51.950+0000] {dag.py:4180} INFO - Setting next_dagrun for dag_with_catchup_and_backfill to 2025-03-23 00:00:00+00:00, run_after=2025-03-24 00:00:00+00:00
[2025-03-23T22:27:51.957+0000] {processor.py:208} INFO - Processing /opt/airflow/dags/dag_with_catchup_and_backfill.py took 0.055 seconds
[2025-03-23T22:28:12.296+0000] {processor.py:186} INFO - Started process (PID=2181) to work on /opt/airflow/dags/dag_with_catchup_and_backfill.py
[2025-03-23T22:28:12.299+0000] {processor.py:914} INFO - Processing file /opt/airflow/dags/dag_with_catchup_and_backfill.py for tasks to queue
[2025-03-23T22:28:12.302+0000] {logging_mixin.py:190} INFO - [2025-03-23T22:28:12.301+0000] {dagbag.py:588} INFO - Filling up the DagBag from /opt/airflow/dags/dag_with_catchup_and_backfill.py
[2025-03-23T22:28:12.321+0000] {processor.py:925} INFO - DAG(s) 'dag_with_catchup_and_backfill' retrieved from /opt/airflow/dags/dag_with_catchup_and_backfill.py
[2025-03-23T22:28:12.399+0000] {logging_mixin.py:190} INFO - [2025-03-23T22:28:12.399+0000] {dag.py:3239} INFO - Sync 1 DAGs
[2025-03-23T22:28:12.415+0000] {logging_mixin.py:190} INFO - [2025-03-23T22:28:12.415+0000] {dag.py:4180} INFO - Setting next_dagrun for dag_with_catchup_and_backfill to 2025-03-23 00:00:00+00:00, run_after=2025-03-24 00:00:00+00:00
[2025-03-23T22:28:12.425+0000] {processor.py:208} INFO - Processing /opt/airflow/dags/dag_with_catchup_and_backfill.py took 0.140 seconds
[2025-03-23T22:28:13.315+0000] {processor.py:186} INFO - Started process (PID=2186) to work on /opt/airflow/dags/dag_with_catchup_and_backfill.py
[2025-03-23T22:28:13.315+0000] {processor.py:914} INFO - Processing file /opt/airflow/dags/dag_with_catchup_and_backfill.py for tasks to queue
[2025-03-23T22:28:13.317+0000] {logging_mixin.py:190} INFO - [2025-03-23T22:28:13.316+0000] {dagbag.py:588} INFO - Filling up the DagBag from /opt/airflow/dags/dag_with_catchup_and_backfill.py
[2025-03-23T22:28:13.328+0000] {processor.py:925} INFO - DAG(s) 'dag_with_catchup_and_backfill' retrieved from /opt/airflow/dags/dag_with_catchup_and_backfill.py
[2025-03-23T22:28:13.338+0000] {logging_mixin.py:190} INFO - [2025-03-23T22:28:13.338+0000] {dag.py:3239} INFO - Sync 1 DAGs
[2025-03-23T22:28:13.354+0000] {logging_mixin.py:190} INFO - [2025-03-23T22:28:13.354+0000] {dag.py:4180} INFO - Setting next_dagrun for dag_with_catchup_and_backfill to 2025-03-23 00:00:00+00:00, run_after=2025-03-24 00:00:00+00:00
[2025-03-23T22:28:13.364+0000] {processor.py:208} INFO - Processing /opt/airflow/dags/dag_with_catchup_and_backfill.py took 0.055 seconds
[2025-03-23T22:28:43.766+0000] {processor.py:186} INFO - Started process (PID=2216) to work on /opt/airflow/dags/dag_with_catchup_and_backfill.py
[2025-03-23T22:28:43.767+0000] {processor.py:914} INFO - Processing file /opt/airflow/dags/dag_with_catchup_and_backfill.py for tasks to queue
[2025-03-23T22:28:43.769+0000] {logging_mixin.py:190} INFO - [2025-03-23T22:28:43.769+0000] {dagbag.py:588} INFO - Filling up the DagBag from /opt/airflow/dags/dag_with_catchup_and_backfill.py
[2025-03-23T22:28:43.779+0000] {processor.py:925} INFO - DAG(s) 'dag_with_catchup_and_backfill' retrieved from /opt/airflow/dags/dag_with_catchup_and_backfill.py
[2025-03-23T22:28:43.799+0000] {logging_mixin.py:190} INFO - [2025-03-23T22:28:43.799+0000] {dag.py:3239} INFO - Sync 1 DAGs
[2025-03-23T22:28:43.813+0000] {logging_mixin.py:190} INFO - [2025-03-23T22:28:43.813+0000] {dag.py:4180} INFO - Setting next_dagrun for dag_with_catchup_and_backfill to 2025-03-23 00:00:00+00:00, run_after=2025-03-24 00:00:00+00:00
[2025-03-23T22:28:43.822+0000] {processor.py:208} INFO - Processing /opt/airflow/dags/dag_with_catchup_and_backfill.py took 0.064 seconds
[2025-03-23T22:29:14.202+0000] {processor.py:186} INFO - Started process (PID=2242) to work on /opt/airflow/dags/dag_with_catchup_and_backfill.py
[2025-03-23T22:29:14.204+0000] {processor.py:914} INFO - Processing file /opt/airflow/dags/dag_with_catchup_and_backfill.py for tasks to queue
[2025-03-23T22:29:14.205+0000] {logging_mixin.py:190} INFO - [2025-03-23T22:29:14.205+0000] {dagbag.py:588} INFO - Filling up the DagBag from /opt/airflow/dags/dag_with_catchup_and_backfill.py
[2025-03-23T22:29:14.216+0000] {processor.py:925} INFO - DAG(s) 'dag_with_catchup_and_backfill' retrieved from /opt/airflow/dags/dag_with_catchup_and_backfill.py
[2025-03-23T22:29:14.238+0000] {logging_mixin.py:190} INFO - [2025-03-23T22:29:14.238+0000] {dag.py:3239} INFO - Sync 1 DAGs
[2025-03-23T22:29:14.254+0000] {logging_mixin.py:190} INFO - [2025-03-23T22:29:14.253+0000] {dag.py:4180} INFO - Setting next_dagrun for dag_with_catchup_and_backfill to 2025-03-23 00:00:00+00:00, run_after=2025-03-24 00:00:00+00:00
[2025-03-23T22:29:14.262+0000] {processor.py:208} INFO - Processing /opt/airflow/dags/dag_with_catchup_and_backfill.py took 0.069 seconds
[2025-03-23T22:29:44.732+0000] {processor.py:186} INFO - Started process (PID=2275) to work on /opt/airflow/dags/dag_with_catchup_and_backfill.py
[2025-03-23T22:29:44.734+0000] {processor.py:914} INFO - Processing file /opt/airflow/dags/dag_with_catchup_and_backfill.py for tasks to queue
[2025-03-23T22:29:44.735+0000] {logging_mixin.py:190} INFO - [2025-03-23T22:29:44.735+0000] {dagbag.py:588} INFO - Filling up the DagBag from /opt/airflow/dags/dag_with_catchup_and_backfill.py
[2025-03-23T22:29:44.752+0000] {processor.py:925} INFO - DAG(s) 'dag_with_catchup_and_backfill' retrieved from /opt/airflow/dags/dag_with_catchup_and_backfill.py
[2025-03-23T22:29:44.777+0000] {logging_mixin.py:190} INFO - [2025-03-23T22:29:44.777+0000] {dag.py:3239} INFO - Sync 1 DAGs
[2025-03-23T22:29:44.794+0000] {logging_mixin.py:190} INFO - [2025-03-23T22:29:44.793+0000] {dag.py:4180} INFO - Setting next_dagrun for dag_with_catchup_and_backfill to 2025-03-23 00:00:00+00:00, run_after=2025-03-24 00:00:00+00:00
[2025-03-23T22:29:44.803+0000] {processor.py:208} INFO - Processing /opt/airflow/dags/dag_with_catchup_and_backfill.py took 0.080 seconds
[2025-03-23T22:30:15.129+0000] {processor.py:186} INFO - Started process (PID=2307) to work on /opt/airflow/dags/dag_with_catchup_and_backfill.py
[2025-03-23T22:30:15.129+0000] {processor.py:914} INFO - Processing file /opt/airflow/dags/dag_with_catchup_and_backfill.py for tasks to queue
[2025-03-23T22:30:15.130+0000] {logging_mixin.py:190} INFO - [2025-03-23T22:30:15.130+0000] {dagbag.py:588} INFO - Filling up the DagBag from /opt/airflow/dags/dag_with_catchup_and_backfill.py
[2025-03-23T22:30:15.138+0000] {processor.py:925} INFO - DAG(s) 'dag_with_catchup_and_backfill' retrieved from /opt/airflow/dags/dag_with_catchup_and_backfill.py
[2025-03-23T22:30:15.155+0000] {logging_mixin.py:190} INFO - [2025-03-23T22:30:15.155+0000] {dag.py:3239} INFO - Sync 1 DAGs
[2025-03-23T22:30:15.169+0000] {logging_mixin.py:190} INFO - [2025-03-23T22:30:15.169+0000] {dag.py:4180} INFO - Setting next_dagrun for dag_with_catchup_and_backfill to 2025-03-23 00:00:00+00:00, run_after=2025-03-24 00:00:00+00:00
[2025-03-23T22:30:15.178+0000] {processor.py:208} INFO - Processing /opt/airflow/dags/dag_with_catchup_and_backfill.py took 0.054 seconds
[2025-03-23T22:30:45.543+0000] {processor.py:186} INFO - Started process (PID=2333) to work on /opt/airflow/dags/dag_with_catchup_and_backfill.py
[2025-03-23T22:30:45.545+0000] {processor.py:914} INFO - Processing file /opt/airflow/dags/dag_with_catchup_and_backfill.py for tasks to queue
[2025-03-23T22:30:45.549+0000] {logging_mixin.py:190} INFO - [2025-03-23T22:30:45.548+0000] {dagbag.py:588} INFO - Filling up the DagBag from /opt/airflow/dags/dag_with_catchup_and_backfill.py
[2025-03-23T22:30:45.574+0000] {processor.py:925} INFO - DAG(s) 'dag_with_catchup_and_backfill' retrieved from /opt/airflow/dags/dag_with_catchup_and_backfill.py
[2025-03-23T22:30:45.600+0000] {logging_mixin.py:190} INFO - [2025-03-23T22:30:45.600+0000] {dag.py:3239} INFO - Sync 1 DAGs
[2025-03-23T22:30:45.628+0000] {logging_mixin.py:190} INFO - [2025-03-23T22:30:45.628+0000] {dag.py:4180} INFO - Setting next_dagrun for dag_with_catchup_and_backfill to 2025-03-23 00:00:00+00:00, run_after=2025-03-24 00:00:00+00:00
[2025-03-23T22:30:45.637+0000] {processor.py:208} INFO - Processing /opt/airflow/dags/dag_with_catchup_and_backfill.py took 0.103 seconds
[2025-03-23T22:31:16.103+0000] {processor.py:186} INFO - Started process (PID=2576) to work on /opt/airflow/dags/dag_with_catchup_and_backfill.py
[2025-03-23T22:31:16.104+0000] {processor.py:914} INFO - Processing file /opt/airflow/dags/dag_with_catchup_and_backfill.py for tasks to queue
[2025-03-23T22:31:16.105+0000] {logging_mixin.py:190} INFO - [2025-03-23T22:31:16.104+0000] {dagbag.py:588} INFO - Filling up the DagBag from /opt/airflow/dags/dag_with_catchup_and_backfill.py
[2025-03-23T22:31:16.112+0000] {processor.py:925} INFO - DAG(s) 'dag_with_catchup_and_backfill' retrieved from /opt/airflow/dags/dag_with_catchup_and_backfill.py
[2025-03-23T22:31:16.127+0000] {logging_mixin.py:190} INFO - [2025-03-23T22:31:16.126+0000] {dag.py:3239} INFO - Sync 1 DAGs
[2025-03-23T22:31:16.142+0000] {logging_mixin.py:190} INFO - [2025-03-23T22:31:16.141+0000] {dag.py:4180} INFO - Setting next_dagrun for dag_with_catchup_and_backfill to 2025-03-26 00:00:00+00:00, run_after=2025-03-27 00:00:00+00:00
[2025-03-23T22:31:16.151+0000] {processor.py:208} INFO - Processing /opt/airflow/dags/dag_with_catchup_and_backfill.py took 0.053 seconds
[2025-03-23T22:31:46.481+0000] {processor.py:186} INFO - Started process (PID=2602) to work on /opt/airflow/dags/dag_with_catchup_and_backfill.py
[2025-03-23T22:31:46.483+0000] {processor.py:914} INFO - Processing file /opt/airflow/dags/dag_with_catchup_and_backfill.py for tasks to queue
[2025-03-23T22:31:46.484+0000] {logging_mixin.py:190} INFO - [2025-03-23T22:31:46.484+0000] {dagbag.py:588} INFO - Filling up the DagBag from /opt/airflow/dags/dag_with_catchup_and_backfill.py
[2025-03-23T22:31:46.504+0000] {processor.py:925} INFO - DAG(s) 'dag_with_catchup_and_backfill' retrieved from /opt/airflow/dags/dag_with_catchup_and_backfill.py
[2025-03-23T22:31:46.529+0000] {logging_mixin.py:190} INFO - [2025-03-23T22:31:46.529+0000] {dag.py:3239} INFO - Sync 1 DAGs
[2025-03-23T22:31:46.547+0000] {logging_mixin.py:190} INFO - [2025-03-23T22:31:46.547+0000] {dag.py:4180} INFO - Setting next_dagrun for dag_with_catchup_and_backfill to 2025-03-26 00:00:00+00:00, run_after=2025-03-27 00:00:00+00:00
[2025-03-23T22:31:46.557+0000] {processor.py:208} INFO - Processing /opt/airflow/dags/dag_with_catchup_and_backfill.py took 0.085 seconds
[2025-03-23T22:32:16.978+0000] {processor.py:186} INFO - Started process (PID=2628) to work on /opt/airflow/dags/dag_with_catchup_and_backfill.py
[2025-03-23T22:32:16.981+0000] {processor.py:914} INFO - Processing file /opt/airflow/dags/dag_with_catchup_and_backfill.py for tasks to queue
[2025-03-23T22:32:16.982+0000] {logging_mixin.py:190} INFO - [2025-03-23T22:32:16.982+0000] {dagbag.py:588} INFO - Filling up the DagBag from /opt/airflow/dags/dag_with_catchup_and_backfill.py
[2025-03-23T22:32:16.999+0000] {processor.py:925} INFO - DAG(s) 'dag_with_catchup_and_backfill' retrieved from /opt/airflow/dags/dag_with_catchup_and_backfill.py
[2025-03-23T22:32:17.022+0000] {logging_mixin.py:190} INFO - [2025-03-23T22:32:17.022+0000] {dag.py:3239} INFO - Sync 1 DAGs
[2025-03-23T22:32:17.038+0000] {logging_mixin.py:190} INFO - [2025-03-23T22:32:17.038+0000] {dag.py:4180} INFO - Setting next_dagrun for dag_with_catchup_and_backfill to 2025-03-26 00:00:00+00:00, run_after=2025-03-27 00:00:00+00:00
[2025-03-23T22:32:17.047+0000] {processor.py:208} INFO - Processing /opt/airflow/dags/dag_with_catchup_and_backfill.py took 0.079 seconds
[2025-03-23T22:32:47.403+0000] {processor.py:186} INFO - Started process (PID=2654) to work on /opt/airflow/dags/dag_with_catchup_and_backfill.py
[2025-03-23T22:32:47.406+0000] {processor.py:914} INFO - Processing file /opt/airflow/dags/dag_with_catchup_and_backfill.py for tasks to queue
[2025-03-23T22:32:47.407+0000] {logging_mixin.py:190} INFO - [2025-03-23T22:32:47.406+0000] {dagbag.py:588} INFO - Filling up the DagBag from /opt/airflow/dags/dag_with_catchup_and_backfill.py
[2025-03-23T22:32:47.418+0000] {processor.py:925} INFO - DAG(s) 'dag_with_catchup_and_backfill' retrieved from /opt/airflow/dags/dag_with_catchup_and_backfill.py
[2025-03-23T22:32:47.438+0000] {logging_mixin.py:190} INFO - [2025-03-23T22:32:47.438+0000] {dag.py:3239} INFO - Sync 1 DAGs
[2025-03-23T22:32:47.461+0000] {logging_mixin.py:190} INFO - [2025-03-23T22:32:47.461+0000] {dag.py:4180} INFO - Setting next_dagrun for dag_with_catchup_and_backfill to 2025-03-26 00:00:00+00:00, run_after=2025-03-27 00:00:00+00:00
[2025-03-23T22:32:47.471+0000] {processor.py:208} INFO - Processing /opt/airflow/dags/dag_with_catchup_and_backfill.py took 0.074 seconds
[2025-03-23T22:33:17.767+0000] {processor.py:186} INFO - Started process (PID=2680) to work on /opt/airflow/dags/dag_with_catchup_and_backfill.py
[2025-03-23T22:33:17.768+0000] {processor.py:914} INFO - Processing file /opt/airflow/dags/dag_with_catchup_and_backfill.py for tasks to queue
[2025-03-23T22:33:17.769+0000] {logging_mixin.py:190} INFO - [2025-03-23T22:33:17.769+0000] {dagbag.py:588} INFO - Filling up the DagBag from /opt/airflow/dags/dag_with_catchup_and_backfill.py
[2025-03-23T22:33:17.779+0000] {processor.py:925} INFO - DAG(s) 'dag_with_catchup_and_backfill' retrieved from /opt/airflow/dags/dag_with_catchup_and_backfill.py
[2025-03-23T22:33:17.799+0000] {logging_mixin.py:190} INFO - [2025-03-23T22:33:17.799+0000] {dag.py:3239} INFO - Sync 1 DAGs
[2025-03-23T22:33:17.816+0000] {logging_mixin.py:190} INFO - [2025-03-23T22:33:17.816+0000] {dag.py:4180} INFO - Setting next_dagrun for dag_with_catchup_and_backfill to 2025-03-26 00:00:00+00:00, run_after=2025-03-27 00:00:00+00:00
[2025-03-23T22:33:17.830+0000] {processor.py:208} INFO - Processing /opt/airflow/dags/dag_with_catchup_and_backfill.py took 0.069 seconds
[2025-03-23T22:33:48.265+0000] {processor.py:186} INFO - Started process (PID=2706) to work on /opt/airflow/dags/dag_with_catchup_and_backfill.py
[2025-03-23T22:33:48.266+0000] {processor.py:914} INFO - Processing file /opt/airflow/dags/dag_with_catchup_and_backfill.py for tasks to queue
[2025-03-23T22:33:48.266+0000] {logging_mixin.py:190} INFO - [2025-03-23T22:33:48.266+0000] {dagbag.py:588} INFO - Filling up the DagBag from /opt/airflow/dags/dag_with_catchup_and_backfill.py
[2025-03-23T22:33:48.271+0000] {processor.py:925} INFO - DAG(s) 'dag_with_catchup_and_backfill' retrieved from /opt/airflow/dags/dag_with_catchup_and_backfill.py
[2025-03-23T22:33:48.283+0000] {logging_mixin.py:190} INFO - [2025-03-23T22:33:48.283+0000] {dag.py:3239} INFO - Sync 1 DAGs
[2025-03-23T22:33:48.294+0000] {logging_mixin.py:190} INFO - [2025-03-23T22:33:48.294+0000] {dag.py:4180} INFO - Setting next_dagrun for dag_with_catchup_and_backfill to 2025-03-26 00:00:00+00:00, run_after=2025-03-27 00:00:00+00:00
[2025-03-23T22:33:48.301+0000] {processor.py:208} INFO - Processing /opt/airflow/dags/dag_with_catchup_and_backfill.py took 0.040 seconds
[2025-03-23T22:34:18.691+0000] {processor.py:186} INFO - Started process (PID=2732) to work on /opt/airflow/dags/dag_with_catchup_and_backfill.py
[2025-03-23T22:34:18.692+0000] {processor.py:914} INFO - Processing file /opt/airflow/dags/dag_with_catchup_and_backfill.py for tasks to queue
[2025-03-23T22:34:18.692+0000] {logging_mixin.py:190} INFO - [2025-03-23T22:34:18.692+0000] {dagbag.py:588} INFO - Filling up the DagBag from /opt/airflow/dags/dag_with_catchup_and_backfill.py
[2025-03-23T22:34:18.697+0000] {processor.py:925} INFO - DAG(s) 'dag_with_catchup_and_backfill' retrieved from /opt/airflow/dags/dag_with_catchup_and_backfill.py
[2025-03-23T22:34:18.709+0000] {logging_mixin.py:190} INFO - [2025-03-23T22:34:18.709+0000] {dag.py:3239} INFO - Sync 1 DAGs
[2025-03-23T22:34:18.720+0000] {logging_mixin.py:190} INFO - [2025-03-23T22:34:18.720+0000] {dag.py:4180} INFO - Setting next_dagrun for dag_with_catchup_and_backfill to 2025-03-26 00:00:00+00:00, run_after=2025-03-27 00:00:00+00:00
[2025-03-23T22:34:18.728+0000] {processor.py:208} INFO - Processing /opt/airflow/dags/dag_with_catchup_and_backfill.py took 0.039 seconds
[2025-03-23T22:34:49.190+0000] {processor.py:186} INFO - Started process (PID=2758) to work on /opt/airflow/dags/dag_with_catchup_and_backfill.py
[2025-03-23T22:34:49.191+0000] {processor.py:914} INFO - Processing file /opt/airflow/dags/dag_with_catchup_and_backfill.py for tasks to queue
[2025-03-23T22:34:49.192+0000] {logging_mixin.py:190} INFO - [2025-03-23T22:34:49.191+0000] {dagbag.py:588} INFO - Filling up the DagBag from /opt/airflow/dags/dag_with_catchup_and_backfill.py
[2025-03-23T22:34:49.200+0000] {processor.py:925} INFO - DAG(s) 'dag_with_catchup_and_backfill' retrieved from /opt/airflow/dags/dag_with_catchup_and_backfill.py
[2025-03-23T22:34:49.218+0000] {logging_mixin.py:190} INFO - [2025-03-23T22:34:49.218+0000] {dag.py:3239} INFO - Sync 1 DAGs
[2025-03-23T22:34:49.232+0000] {logging_mixin.py:190} INFO - [2025-03-23T22:34:49.232+0000] {dag.py:4180} INFO - Setting next_dagrun for dag_with_catchup_and_backfill to 2025-03-26 00:00:00+00:00, run_after=2025-03-27 00:00:00+00:00
[2025-03-23T22:34:49.241+0000] {processor.py:208} INFO - Processing /opt/airflow/dags/dag_with_catchup_and_backfill.py took 0.056 seconds
