[2025-03-23T21:50:35.671+0000] {processor.py:186} INFO - Started process (PID=177) to work on /opt/airflow/dags/our_first_dag.py
[2025-03-23T21:50:35.673+0000] {processor.py:914} INFO - Processing file /opt/airflow/dags/our_first_dag.py for tasks to queue
[2025-03-23T21:50:35.675+0000] {logging_mixin.py:190} INFO - [2025-03-23T21:50:35.675+0000] {dagbag.py:588} INFO - Filling up the DagBag from /opt/airflow/dags/our_first_dag.py
[2025-03-23T21:50:35.693+0000] {processor.py:925} INFO - DAG(s) 'our_first_dag' retrieved from /opt/airflow/dags/our_first_dag.py
[2025-03-23T21:50:35.771+0000] {logging_mixin.py:190} INFO - [2025-03-23T21:50:35.766+0000] {dag.py:3239} INFO - Sync 1 DAGs
[2025-03-23T21:50:35.789+0000] {logging_mixin.py:190} INFO - [2025-03-23T21:50:35.789+0000] {dag.py:4180} INFO - Setting next_dagrun for our_first_dag to 2025-03-23 00:00:00+00:00, run_after=2025-03-24 00:00:00+00:00
[2025-03-23T21:50:35.811+0000] {processor.py:208} INFO - Processing /opt/airflow/dags/our_first_dag.py took 0.145 seconds
[2025-03-23T21:51:05.947+0000] {processor.py:186} INFO - Started process (PID=193) to work on /opt/airflow/dags/our_first_dag.py
[2025-03-23T21:51:05.949+0000] {processor.py:914} INFO - Processing file /opt/airflow/dags/our_first_dag.py for tasks to queue
[2025-03-23T21:51:05.953+0000] {logging_mixin.py:190} INFO - [2025-03-23T21:51:05.951+0000] {dagbag.py:588} INFO - Filling up the DagBag from /opt/airflow/dags/our_first_dag.py
[2025-03-23T21:51:05.970+0000] {processor.py:925} INFO - DAG(s) 'our_first_dag' retrieved from /opt/airflow/dags/our_first_dag.py
[2025-03-23T21:51:06.004+0000] {logging_mixin.py:190} INFO - [2025-03-23T21:51:06.003+0000] {dag.py:3239} INFO - Sync 1 DAGs
[2025-03-23T21:51:06.023+0000] {logging_mixin.py:190} INFO - [2025-03-23T21:51:06.023+0000] {dag.py:4180} INFO - Setting next_dagrun for our_first_dag to 2025-03-23 00:00:00+00:00, run_after=2025-03-24 00:00:00+00:00
[2025-03-23T21:51:06.034+0000] {processor.py:208} INFO - Processing /opt/airflow/dags/our_first_dag.py took 0.095 seconds
[2025-03-23T21:51:36.248+0000] {processor.py:186} INFO - Started process (PID=208) to work on /opt/airflow/dags/our_first_dag.py
[2025-03-23T21:51:36.250+0000] {processor.py:914} INFO - Processing file /opt/airflow/dags/our_first_dag.py for tasks to queue
[2025-03-23T21:51:36.252+0000] {logging_mixin.py:190} INFO - [2025-03-23T21:51:36.252+0000] {dagbag.py:588} INFO - Filling up the DagBag from /opt/airflow/dags/our_first_dag.py
[2025-03-23T21:51:36.265+0000] {processor.py:925} INFO - DAG(s) 'our_first_dag' retrieved from /opt/airflow/dags/our_first_dag.py
[2025-03-23T21:51:36.291+0000] {logging_mixin.py:190} INFO - [2025-03-23T21:51:36.290+0000] {dag.py:3239} INFO - Sync 1 DAGs
[2025-03-23T21:51:36.308+0000] {logging_mixin.py:190} INFO - [2025-03-23T21:51:36.308+0000] {dag.py:4180} INFO - Setting next_dagrun for our_first_dag to 2025-03-23 00:00:00+00:00, run_after=2025-03-24 00:00:00+00:00
[2025-03-23T21:51:36.322+0000] {processor.py:208} INFO - Processing /opt/airflow/dags/our_first_dag.py took 0.078 seconds
[2025-03-23T21:52:06.620+0000] {processor.py:186} INFO - Started process (PID=223) to work on /opt/airflow/dags/our_first_dag.py
[2025-03-23T21:52:06.624+0000] {processor.py:914} INFO - Processing file /opt/airflow/dags/our_first_dag.py for tasks to queue
[2025-03-23T21:52:06.626+0000] {logging_mixin.py:190} INFO - [2025-03-23T21:52:06.626+0000] {dagbag.py:588} INFO - Filling up the DagBag from /opt/airflow/dags/our_first_dag.py
[2025-03-23T21:52:06.646+0000] {processor.py:925} INFO - DAG(s) 'our_first_dag' retrieved from /opt/airflow/dags/our_first_dag.py
[2025-03-23T21:52:06.666+0000] {logging_mixin.py:190} INFO - [2025-03-23T21:52:06.666+0000] {dag.py:3239} INFO - Sync 1 DAGs
[2025-03-23T21:52:06.680+0000] {logging_mixin.py:190} INFO - [2025-03-23T21:52:06.679+0000] {dag.py:4180} INFO - Setting next_dagrun for our_first_dag to 2025-03-23 00:00:00+00:00, run_after=2025-03-24 00:00:00+00:00
[2025-03-23T21:52:06.690+0000] {processor.py:208} INFO - Processing /opt/airflow/dags/our_first_dag.py took 0.080 seconds
[2025-03-23T21:52:36.939+0000] {processor.py:186} INFO - Started process (PID=238) to work on /opt/airflow/dags/our_first_dag.py
[2025-03-23T21:52:36.944+0000] {processor.py:914} INFO - Processing file /opt/airflow/dags/our_first_dag.py for tasks to queue
[2025-03-23T21:52:36.950+0000] {logging_mixin.py:190} INFO - [2025-03-23T21:52:36.950+0000] {dagbag.py:588} INFO - Filling up the DagBag from /opt/airflow/dags/our_first_dag.py
[2025-03-23T21:52:36.967+0000] {processor.py:925} INFO - DAG(s) 'our_first_dag' retrieved from /opt/airflow/dags/our_first_dag.py
[2025-03-23T21:52:36.988+0000] {logging_mixin.py:190} INFO - [2025-03-23T21:52:36.987+0000] {dag.py:3239} INFO - Sync 1 DAGs
[2025-03-23T21:52:37.002+0000] {logging_mixin.py:190} INFO - [2025-03-23T21:52:37.002+0000] {dag.py:4180} INFO - Setting next_dagrun for our_first_dag to 2025-03-23 00:00:00+00:00, run_after=2025-03-24 00:00:00+00:00
[2025-03-23T21:52:37.014+0000] {processor.py:208} INFO - Processing /opt/airflow/dags/our_first_dag.py took 0.091 seconds
[2025-03-23T21:53:07.268+0000] {processor.py:186} INFO - Started process (PID=255) to work on /opt/airflow/dags/our_first_dag.py
[2025-03-23T21:53:07.269+0000] {processor.py:914} INFO - Processing file /opt/airflow/dags/our_first_dag.py for tasks to queue
[2025-03-23T21:53:07.271+0000] {logging_mixin.py:190} INFO - [2025-03-23T21:53:07.270+0000] {dagbag.py:588} INFO - Filling up the DagBag from /opt/airflow/dags/our_first_dag.py
[2025-03-23T21:53:07.282+0000] {processor.py:925} INFO - DAG(s) 'our_first_dag' retrieved from /opt/airflow/dags/our_first_dag.py
[2025-03-23T21:53:07.305+0000] {logging_mixin.py:190} INFO - [2025-03-23T21:53:07.305+0000] {dag.py:3239} INFO - Sync 1 DAGs
[2025-03-23T21:53:07.318+0000] {logging_mixin.py:190} INFO - [2025-03-23T21:53:07.318+0000] {dag.py:4180} INFO - Setting next_dagrun for our_first_dag to 2025-03-23 00:00:00+00:00, run_after=2025-03-24 00:00:00+00:00
[2025-03-23T21:53:07.328+0000] {processor.py:208} INFO - Processing /opt/airflow/dags/our_first_dag.py took 0.067 seconds
[2025-03-23T21:53:37.675+0000] {processor.py:186} INFO - Started process (PID=270) to work on /opt/airflow/dags/our_first_dag.py
[2025-03-23T21:53:37.676+0000] {processor.py:914} INFO - Processing file /opt/airflow/dags/our_first_dag.py for tasks to queue
[2025-03-23T21:53:37.681+0000] {logging_mixin.py:190} INFO - [2025-03-23T21:53:37.681+0000] {dagbag.py:588} INFO - Filling up the DagBag from /opt/airflow/dags/our_first_dag.py
[2025-03-23T21:53:37.699+0000] {processor.py:925} INFO - DAG(s) 'our_first_dag' retrieved from /opt/airflow/dags/our_first_dag.py
[2025-03-23T21:53:37.725+0000] {logging_mixin.py:190} INFO - [2025-03-23T21:53:37.725+0000] {dag.py:3239} INFO - Sync 1 DAGs
[2025-03-23T21:53:37.747+0000] {logging_mixin.py:190} INFO - [2025-03-23T21:53:37.747+0000] {dag.py:4180} INFO - Setting next_dagrun for our_first_dag to 2025-03-23 00:00:00+00:00, run_after=2025-03-24 00:00:00+00:00
[2025-03-23T21:53:37.759+0000] {processor.py:208} INFO - Processing /opt/airflow/dags/our_first_dag.py took 0.091 seconds
[2025-03-23T21:54:08.002+0000] {processor.py:186} INFO - Started process (PID=287) to work on /opt/airflow/dags/our_first_dag.py
[2025-03-23T21:54:08.002+0000] {processor.py:914} INFO - Processing file /opt/airflow/dags/our_first_dag.py for tasks to queue
[2025-03-23T21:54:08.006+0000] {logging_mixin.py:190} INFO - [2025-03-23T21:54:08.005+0000] {dagbag.py:588} INFO - Filling up the DagBag from /opt/airflow/dags/our_first_dag.py
[2025-03-23T21:54:08.019+0000] {processor.py:925} INFO - DAG(s) 'our_first_dag' retrieved from /opt/airflow/dags/our_first_dag.py
[2025-03-23T21:54:08.038+0000] {logging_mixin.py:190} INFO - [2025-03-23T21:54:08.037+0000] {dag.py:3239} INFO - Sync 1 DAGs
[2025-03-23T21:54:08.053+0000] {logging_mixin.py:190} INFO - [2025-03-23T21:54:08.053+0000] {dag.py:4180} INFO - Setting next_dagrun for our_first_dag to 2025-03-23 00:00:00+00:00, run_after=2025-03-24 00:00:00+00:00
[2025-03-23T21:54:08.064+0000] {processor.py:208} INFO - Processing /opt/airflow/dags/our_first_dag.py took 0.068 seconds
[2025-03-23T21:54:38.415+0000] {processor.py:186} INFO - Started process (PID=303) to work on /opt/airflow/dags/our_first_dag.py
[2025-03-23T21:54:38.418+0000] {processor.py:914} INFO - Processing file /opt/airflow/dags/our_first_dag.py for tasks to queue
[2025-03-23T21:54:38.422+0000] {logging_mixin.py:190} INFO - [2025-03-23T21:54:38.422+0000] {dagbag.py:588} INFO - Filling up the DagBag from /opt/airflow/dags/our_first_dag.py
[2025-03-23T21:54:38.436+0000] {processor.py:925} INFO - DAG(s) 'our_first_dag' retrieved from /opt/airflow/dags/our_first_dag.py
[2025-03-23T21:54:38.460+0000] {logging_mixin.py:190} INFO - [2025-03-23T21:54:38.459+0000] {dag.py:3239} INFO - Sync 1 DAGs
[2025-03-23T21:54:38.474+0000] {logging_mixin.py:190} INFO - [2025-03-23T21:54:38.474+0000] {dag.py:4180} INFO - Setting next_dagrun for our_first_dag to 2025-03-23 00:00:00+00:00, run_after=2025-03-24 00:00:00+00:00
[2025-03-23T21:54:38.487+0000] {processor.py:208} INFO - Processing /opt/airflow/dags/our_first_dag.py took 0.077 seconds
[2025-03-23T21:55:08.777+0000] {processor.py:186} INFO - Started process (PID=319) to work on /opt/airflow/dags/our_first_dag.py
[2025-03-23T21:55:08.778+0000] {processor.py:914} INFO - Processing file /opt/airflow/dags/our_first_dag.py for tasks to queue
[2025-03-23T21:55:08.780+0000] {logging_mixin.py:190} INFO - [2025-03-23T21:55:08.780+0000] {dagbag.py:588} INFO - Filling up the DagBag from /opt/airflow/dags/our_first_dag.py
[2025-03-23T21:55:08.795+0000] {processor.py:925} INFO - DAG(s) 'our_first_dag' retrieved from /opt/airflow/dags/our_first_dag.py
[2025-03-23T21:55:08.817+0000] {logging_mixin.py:190} INFO - [2025-03-23T21:55:08.817+0000] {dag.py:3239} INFO - Sync 1 DAGs
[2025-03-23T21:55:08.833+0000] {logging_mixin.py:190} INFO - [2025-03-23T21:55:08.833+0000] {dag.py:4180} INFO - Setting next_dagrun for our_first_dag to 2025-03-23 00:00:00+00:00, run_after=2025-03-24 00:00:00+00:00
[2025-03-23T21:55:08.844+0000] {processor.py:208} INFO - Processing /opt/airflow/dags/our_first_dag.py took 0.075 seconds
[2025-03-23T21:55:39.225+0000] {processor.py:186} INFO - Started process (PID=334) to work on /opt/airflow/dags/our_first_dag.py
[2025-03-23T21:55:39.228+0000] {processor.py:914} INFO - Processing file /opt/airflow/dags/our_first_dag.py for tasks to queue
[2025-03-23T21:55:39.230+0000] {logging_mixin.py:190} INFO - [2025-03-23T21:55:39.230+0000] {dagbag.py:588} INFO - Filling up the DagBag from /opt/airflow/dags/our_first_dag.py
[2025-03-23T21:55:39.248+0000] {processor.py:925} INFO - DAG(s) 'our_first_dag' retrieved from /opt/airflow/dags/our_first_dag.py
[2025-03-23T21:55:39.270+0000] {logging_mixin.py:190} INFO - [2025-03-23T21:55:39.270+0000] {dag.py:3239} INFO - Sync 1 DAGs
[2025-03-23T21:55:39.289+0000] {logging_mixin.py:190} INFO - [2025-03-23T21:55:39.289+0000] {dag.py:4180} INFO - Setting next_dagrun for our_first_dag to 2025-03-23 00:00:00+00:00, run_after=2025-03-24 00:00:00+00:00
[2025-03-23T21:55:39.301+0000] {processor.py:208} INFO - Processing /opt/airflow/dags/our_first_dag.py took 0.084 seconds
[2025-03-23T21:56:09.560+0000] {processor.py:186} INFO - Started process (PID=351) to work on /opt/airflow/dags/our_first_dag.py
[2025-03-23T21:56:09.563+0000] {processor.py:914} INFO - Processing file /opt/airflow/dags/our_first_dag.py for tasks to queue
[2025-03-23T21:56:09.566+0000] {logging_mixin.py:190} INFO - [2025-03-23T21:56:09.565+0000] {dagbag.py:588} INFO - Filling up the DagBag from /opt/airflow/dags/our_first_dag.py
[2025-03-23T21:56:09.600+0000] {processor.py:925} INFO - DAG(s) 'our_first_dag' retrieved from /opt/airflow/dags/our_first_dag.py
[2025-03-23T21:56:09.622+0000] {logging_mixin.py:190} INFO - [2025-03-23T21:56:09.622+0000] {dag.py:3239} INFO - Sync 1 DAGs
[2025-03-23T21:56:09.638+0000] {logging_mixin.py:190} INFO - [2025-03-23T21:56:09.638+0000] {dag.py:4180} INFO - Setting next_dagrun for our_first_dag to 2025-03-23 00:00:00+00:00, run_after=2025-03-24 00:00:00+00:00
[2025-03-23T21:56:09.649+0000] {processor.py:208} INFO - Processing /opt/airflow/dags/our_first_dag.py took 0.098 seconds
[2025-03-23T21:56:39.912+0000] {processor.py:186} INFO - Started process (PID=366) to work on /opt/airflow/dags/our_first_dag.py
[2025-03-23T21:56:39.913+0000] {processor.py:914} INFO - Processing file /opt/airflow/dags/our_first_dag.py for tasks to queue
[2025-03-23T21:56:39.916+0000] {logging_mixin.py:190} INFO - [2025-03-23T21:56:39.916+0000] {dagbag.py:588} INFO - Filling up the DagBag from /opt/airflow/dags/our_first_dag.py
[2025-03-23T21:56:39.926+0000] {processor.py:925} INFO - DAG(s) 'our_first_dag' retrieved from /opt/airflow/dags/our_first_dag.py
[2025-03-23T21:56:39.944+0000] {logging_mixin.py:190} INFO - [2025-03-23T21:56:39.944+0000] {dag.py:3239} INFO - Sync 1 DAGs
[2025-03-23T21:56:39.960+0000] {logging_mixin.py:190} INFO - [2025-03-23T21:56:39.960+0000] {dag.py:4180} INFO - Setting next_dagrun for our_first_dag to 2025-03-23 00:00:00+00:00, run_after=2025-03-24 00:00:00+00:00
[2025-03-23T21:56:39.971+0000] {processor.py:208} INFO - Processing /opt/airflow/dags/our_first_dag.py took 0.064 seconds
[2025-03-23T21:57:10.232+0000] {processor.py:186} INFO - Started process (PID=383) to work on /opt/airflow/dags/our_first_dag.py
[2025-03-23T21:57:10.234+0000] {processor.py:914} INFO - Processing file /opt/airflow/dags/our_first_dag.py for tasks to queue
[2025-03-23T21:57:10.239+0000] {logging_mixin.py:190} INFO - [2025-03-23T21:57:10.238+0000] {dagbag.py:588} INFO - Filling up the DagBag from /opt/airflow/dags/our_first_dag.py
[2025-03-23T21:57:10.262+0000] {processor.py:925} INFO - DAG(s) 'our_first_dag' retrieved from /opt/airflow/dags/our_first_dag.py
[2025-03-23T21:57:10.297+0000] {logging_mixin.py:190} INFO - [2025-03-23T21:57:10.297+0000] {dag.py:3239} INFO - Sync 1 DAGs
[2025-03-23T21:57:10.313+0000] {logging_mixin.py:190} INFO - [2025-03-23T21:57:10.313+0000] {dag.py:4180} INFO - Setting next_dagrun for our_first_dag to 2025-03-23 00:00:00+00:00, run_after=2025-03-24 00:00:00+00:00
[2025-03-23T21:57:10.325+0000] {processor.py:208} INFO - Processing /opt/airflow/dags/our_first_dag.py took 0.097 seconds
[2025-03-23T21:57:40.557+0000] {processor.py:186} INFO - Started process (PID=403) to work on /opt/airflow/dags/our_first_dag.py
[2025-03-23T21:57:40.559+0000] {processor.py:914} INFO - Processing file /opt/airflow/dags/our_first_dag.py for tasks to queue
[2025-03-23T21:57:40.563+0000] {logging_mixin.py:190} INFO - [2025-03-23T21:57:40.563+0000] {dagbag.py:588} INFO - Filling up the DagBag from /opt/airflow/dags/our_first_dag.py
[2025-03-23T21:57:40.584+0000] {processor.py:925} INFO - DAG(s) 'our_first_dag' retrieved from /opt/airflow/dags/our_first_dag.py
[2025-03-23T21:57:40.612+0000] {logging_mixin.py:190} INFO - [2025-03-23T21:57:40.612+0000] {dag.py:3239} INFO - Sync 1 DAGs
[2025-03-23T21:57:40.631+0000] {logging_mixin.py:190} INFO - [2025-03-23T21:57:40.631+0000] {dag.py:4180} INFO - Setting next_dagrun for our_first_dag to 2025-03-23 00:00:00+00:00, run_after=2025-03-24 00:00:00+00:00
[2025-03-23T21:57:40.645+0000] {processor.py:208} INFO - Processing /opt/airflow/dags/our_first_dag.py took 0.094 seconds
[2025-03-23T21:58:10.947+0000] {processor.py:186} INFO - Started process (PID=419) to work on /opt/airflow/dags/our_first_dag.py
[2025-03-23T21:58:10.950+0000] {processor.py:914} INFO - Processing file /opt/airflow/dags/our_first_dag.py for tasks to queue
[2025-03-23T21:58:10.954+0000] {logging_mixin.py:190} INFO - [2025-03-23T21:58:10.954+0000] {dagbag.py:588} INFO - Filling up the DagBag from /opt/airflow/dags/our_first_dag.py
[2025-03-23T21:58:10.976+0000] {processor.py:925} INFO - DAG(s) 'our_first_dag' retrieved from /opt/airflow/dags/our_first_dag.py
[2025-03-23T21:58:11.013+0000] {logging_mixin.py:190} INFO - [2025-03-23T21:58:11.013+0000] {dag.py:3239} INFO - Sync 1 DAGs
[2025-03-23T21:58:11.029+0000] {logging_mixin.py:190} INFO - [2025-03-23T21:58:11.028+0000] {dag.py:4180} INFO - Setting next_dagrun for our_first_dag to 2025-03-23 00:00:00+00:00, run_after=2025-03-24 00:00:00+00:00
[2025-03-23T21:58:11.040+0000] {processor.py:208} INFO - Processing /opt/airflow/dags/our_first_dag.py took 0.100 seconds
[2025-03-23T21:58:41.295+0000] {processor.py:186} INFO - Started process (PID=434) to work on /opt/airflow/dags/our_first_dag.py
[2025-03-23T21:58:41.298+0000] {processor.py:914} INFO - Processing file /opt/airflow/dags/our_first_dag.py for tasks to queue
[2025-03-23T21:58:41.302+0000] {logging_mixin.py:190} INFO - [2025-03-23T21:58:41.302+0000] {dagbag.py:588} INFO - Filling up the DagBag from /opt/airflow/dags/our_first_dag.py
[2025-03-23T21:58:41.318+0000] {processor.py:925} INFO - DAG(s) 'our_first_dag' retrieved from /opt/airflow/dags/our_first_dag.py
[2025-03-23T21:58:41.347+0000] {logging_mixin.py:190} INFO - [2025-03-23T21:58:41.347+0000] {dag.py:3239} INFO - Sync 1 DAGs
[2025-03-23T21:58:41.362+0000] {logging_mixin.py:190} INFO - [2025-03-23T21:58:41.362+0000] {dag.py:4180} INFO - Setting next_dagrun for our_first_dag to 2025-03-23 00:00:00+00:00, run_after=2025-03-24 00:00:00+00:00
[2025-03-23T21:58:41.372+0000] {processor.py:208} INFO - Processing /opt/airflow/dags/our_first_dag.py took 0.085 seconds
[2025-03-23T21:59:11.574+0000] {processor.py:186} INFO - Started process (PID=449) to work on /opt/airflow/dags/our_first_dag.py
[2025-03-23T21:59:11.575+0000] {processor.py:914} INFO - Processing file /opt/airflow/dags/our_first_dag.py for tasks to queue
[2025-03-23T21:59:11.580+0000] {logging_mixin.py:190} INFO - [2025-03-23T21:59:11.579+0000] {dagbag.py:588} INFO - Filling up the DagBag from /opt/airflow/dags/our_first_dag.py
[2025-03-23T21:59:11.597+0000] {processor.py:925} INFO - DAG(s) 'our_first_dag' retrieved from /opt/airflow/dags/our_first_dag.py
[2025-03-23T21:59:11.621+0000] {logging_mixin.py:190} INFO - [2025-03-23T21:59:11.621+0000] {dag.py:3239} INFO - Sync 1 DAGs
[2025-03-23T21:59:11.637+0000] {logging_mixin.py:190} INFO - [2025-03-23T21:59:11.636+0000] {dag.py:4180} INFO - Setting next_dagrun for our_first_dag to 2025-03-23 00:00:00+00:00, run_after=2025-03-24 00:00:00+00:00
[2025-03-23T21:59:11.648+0000] {processor.py:208} INFO - Processing /opt/airflow/dags/our_first_dag.py took 0.083 seconds
[2025-03-23T21:59:41.848+0000] {processor.py:186} INFO - Started process (PID=466) to work on /opt/airflow/dags/our_first_dag.py
[2025-03-23T21:59:41.849+0000] {processor.py:914} INFO - Processing file /opt/airflow/dags/our_first_dag.py for tasks to queue
[2025-03-23T21:59:41.851+0000] {logging_mixin.py:190} INFO - [2025-03-23T21:59:41.851+0000] {dagbag.py:588} INFO - Filling up the DagBag from /opt/airflow/dags/our_first_dag.py
[2025-03-23T21:59:41.862+0000] {processor.py:925} INFO - DAG(s) 'our_first_dag' retrieved from /opt/airflow/dags/our_first_dag.py
[2025-03-23T21:59:41.880+0000] {logging_mixin.py:190} INFO - [2025-03-23T21:59:41.880+0000] {dag.py:3239} INFO - Sync 1 DAGs
[2025-03-23T21:59:41.894+0000] {logging_mixin.py:190} INFO - [2025-03-23T21:59:41.894+0000] {dag.py:4180} INFO - Setting next_dagrun for our_first_dag to 2025-03-23 00:00:00+00:00, run_after=2025-03-24 00:00:00+00:00
[2025-03-23T21:59:41.903+0000] {processor.py:208} INFO - Processing /opt/airflow/dags/our_first_dag.py took 0.061 seconds
[2025-03-23T22:00:12.218+0000] {processor.py:186} INFO - Started process (PID=482) to work on /opt/airflow/dags/our_first_dag.py
[2025-03-23T22:00:12.220+0000] {processor.py:914} INFO - Processing file /opt/airflow/dags/our_first_dag.py for tasks to queue
[2025-03-23T22:00:12.223+0000] {logging_mixin.py:190} INFO - [2025-03-23T22:00:12.222+0000] {dagbag.py:588} INFO - Filling up the DagBag from /opt/airflow/dags/our_first_dag.py
[2025-03-23T22:00:12.239+0000] {processor.py:925} INFO - DAG(s) 'our_first_dag' retrieved from /opt/airflow/dags/our_first_dag.py
[2025-03-23T22:00:12.261+0000] {logging_mixin.py:190} INFO - [2025-03-23T22:00:12.261+0000] {dag.py:3239} INFO - Sync 1 DAGs
[2025-03-23T22:00:12.276+0000] {logging_mixin.py:190} INFO - [2025-03-23T22:00:12.276+0000] {dag.py:4180} INFO - Setting next_dagrun for our_first_dag to 2025-03-23 00:00:00+00:00, run_after=2025-03-24 00:00:00+00:00
[2025-03-23T22:00:12.288+0000] {processor.py:208} INFO - Processing /opt/airflow/dags/our_first_dag.py took 0.078 seconds
[2025-03-23T22:00:42.565+0000] {processor.py:186} INFO - Started process (PID=503) to work on /opt/airflow/dags/our_first_dag.py
[2025-03-23T22:00:42.566+0000] {processor.py:914} INFO - Processing file /opt/airflow/dags/our_first_dag.py for tasks to queue
[2025-03-23T22:00:42.569+0000] {logging_mixin.py:190} INFO - [2025-03-23T22:00:42.569+0000] {dagbag.py:588} INFO - Filling up the DagBag from /opt/airflow/dags/our_first_dag.py
[2025-03-23T22:00:42.579+0000] {processor.py:925} INFO - DAG(s) 'our_first_dag' retrieved from /opt/airflow/dags/our_first_dag.py
[2025-03-23T22:00:42.598+0000] {logging_mixin.py:190} INFO - [2025-03-23T22:00:42.598+0000] {dag.py:3239} INFO - Sync 1 DAGs
[2025-03-23T22:00:42.610+0000] {logging_mixin.py:190} INFO - [2025-03-23T22:00:42.610+0000] {dag.py:4180} INFO - Setting next_dagrun for our_first_dag to 2025-03-23 00:00:00+00:00, run_after=2025-03-24 00:00:00+00:00
[2025-03-23T22:00:42.619+0000] {processor.py:208} INFO - Processing /opt/airflow/dags/our_first_dag.py took 0.061 seconds
[2025-03-23T22:01:12.954+0000] {processor.py:186} INFO - Started process (PID=524) to work on /opt/airflow/dags/our_first_dag.py
[2025-03-23T22:01:12.955+0000] {processor.py:914} INFO - Processing file /opt/airflow/dags/our_first_dag.py for tasks to queue
[2025-03-23T22:01:12.957+0000] {logging_mixin.py:190} INFO - [2025-03-23T22:01:12.957+0000] {dagbag.py:588} INFO - Filling up the DagBag from /opt/airflow/dags/our_first_dag.py
[2025-03-23T22:01:12.970+0000] {processor.py:925} INFO - DAG(s) 'our_first_dag' retrieved from /opt/airflow/dags/our_first_dag.py
[2025-03-23T22:01:12.987+0000] {logging_mixin.py:190} INFO - [2025-03-23T22:01:12.987+0000] {dag.py:3239} INFO - Sync 1 DAGs
[2025-03-23T22:01:13.000+0000] {logging_mixin.py:190} INFO - [2025-03-23T22:01:13.000+0000] {dag.py:4180} INFO - Setting next_dagrun for our_first_dag to 2025-03-23 00:00:00+00:00, run_after=2025-03-24 00:00:00+00:00
[2025-03-23T22:01:13.012+0000] {processor.py:208} INFO - Processing /opt/airflow/dags/our_first_dag.py took 0.064 seconds
[2025-03-23T22:01:43.404+0000] {processor.py:186} INFO - Started process (PID=550) to work on /opt/airflow/dags/our_first_dag.py
[2025-03-23T22:01:43.405+0000] {processor.py:914} INFO - Processing file /opt/airflow/dags/our_first_dag.py for tasks to queue
[2025-03-23T22:01:43.408+0000] {logging_mixin.py:190} INFO - [2025-03-23T22:01:43.407+0000] {dagbag.py:588} INFO - Filling up the DagBag from /opt/airflow/dags/our_first_dag.py
[2025-03-23T22:01:43.422+0000] {processor.py:925} INFO - DAG(s) 'our_first_dag' retrieved from /opt/airflow/dags/our_first_dag.py
[2025-03-23T22:01:43.438+0000] {logging_mixin.py:190} INFO - [2025-03-23T22:01:43.438+0000] {dag.py:3239} INFO - Sync 1 DAGs
[2025-03-23T22:01:43.451+0000] {logging_mixin.py:190} INFO - [2025-03-23T22:01:43.451+0000] {dag.py:4180} INFO - Setting next_dagrun for our_first_dag to 2025-03-23 00:00:00+00:00, run_after=2025-03-24 00:00:00+00:00
[2025-03-23T22:01:43.461+0000] {processor.py:208} INFO - Processing /opt/airflow/dags/our_first_dag.py took 0.064 seconds
[2025-03-23T22:02:13.732+0000] {processor.py:186} INFO - Started process (PID=569) to work on /opt/airflow/dags/our_first_dag.py
[2025-03-23T22:02:13.733+0000] {processor.py:914} INFO - Processing file /opt/airflow/dags/our_first_dag.py for tasks to queue
[2025-03-23T22:02:13.737+0000] {logging_mixin.py:190} INFO - [2025-03-23T22:02:13.737+0000] {dagbag.py:588} INFO - Filling up the DagBag from /opt/airflow/dags/our_first_dag.py
[2025-03-23T22:02:13.763+0000] {processor.py:925} INFO - DAG(s) 'our_first_dag' retrieved from /opt/airflow/dags/our_first_dag.py
[2025-03-23T22:02:13.829+0000] {logging_mixin.py:190} INFO - [2025-03-23T22:02:13.829+0000] {dag.py:3239} INFO - Sync 1 DAGs
[2025-03-23T22:02:13.877+0000] {logging_mixin.py:190} INFO - [2025-03-23T22:02:13.877+0000] {dag.py:4180} INFO - Setting next_dagrun for our_first_dag to 2025-03-23 00:00:00+00:00, run_after=2025-03-24 00:00:00+00:00
[2025-03-23T22:02:13.894+0000] {processor.py:208} INFO - Processing /opt/airflow/dags/our_first_dag.py took 0.169 seconds
[2025-03-23T22:02:44.186+0000] {processor.py:186} INFO - Started process (PID=600) to work on /opt/airflow/dags/our_first_dag.py
[2025-03-23T22:02:44.188+0000] {processor.py:914} INFO - Processing file /opt/airflow/dags/our_first_dag.py for tasks to queue
[2025-03-23T22:02:44.189+0000] {logging_mixin.py:190} INFO - [2025-03-23T22:02:44.189+0000] {dagbag.py:588} INFO - Filling up the DagBag from /opt/airflow/dags/our_first_dag.py
[2025-03-23T22:02:44.199+0000] {processor.py:925} INFO - DAG(s) 'our_first_dag' retrieved from /opt/airflow/dags/our_first_dag.py
[2025-03-23T22:02:44.230+0000] {logging_mixin.py:190} INFO - [2025-03-23T22:02:44.230+0000] {dag.py:3239} INFO - Sync 1 DAGs
[2025-03-23T22:02:44.245+0000] {logging_mixin.py:190} INFO - [2025-03-23T22:02:44.245+0000] {dag.py:4180} INFO - Setting next_dagrun for our_first_dag to 2025-03-23 00:00:00+00:00, run_after=2025-03-24 00:00:00+00:00
[2025-03-23T22:02:44.256+0000] {processor.py:208} INFO - Processing /opt/airflow/dags/our_first_dag.py took 0.075 seconds
[2025-03-23T22:03:14.573+0000] {processor.py:186} INFO - Started process (PID=622) to work on /opt/airflow/dags/our_first_dag.py
[2025-03-23T22:03:14.575+0000] {processor.py:914} INFO - Processing file /opt/airflow/dags/our_first_dag.py for tasks to queue
[2025-03-23T22:03:14.579+0000] {logging_mixin.py:190} INFO - [2025-03-23T22:03:14.579+0000] {dagbag.py:588} INFO - Filling up the DagBag from /opt/airflow/dags/our_first_dag.py
[2025-03-23T22:03:14.598+0000] {processor.py:925} INFO - DAG(s) 'our_first_dag' retrieved from /opt/airflow/dags/our_first_dag.py
[2025-03-23T22:03:14.622+0000] {logging_mixin.py:190} INFO - [2025-03-23T22:03:14.622+0000] {dag.py:3239} INFO - Sync 1 DAGs
[2025-03-23T22:03:14.641+0000] {logging_mixin.py:190} INFO - [2025-03-23T22:03:14.641+0000] {dag.py:4180} INFO - Setting next_dagrun for our_first_dag to 2025-03-23 00:00:00+00:00, run_after=2025-03-24 00:00:00+00:00
[2025-03-23T22:03:14.655+0000] {processor.py:208} INFO - Processing /opt/airflow/dags/our_first_dag.py took 0.089 seconds
[2025-03-23T22:03:44.993+0000] {processor.py:186} INFO - Started process (PID=643) to work on /opt/airflow/dags/our_first_dag.py
[2025-03-23T22:03:44.995+0000] {processor.py:914} INFO - Processing file /opt/airflow/dags/our_first_dag.py for tasks to queue
[2025-03-23T22:03:44.997+0000] {logging_mixin.py:190} INFO - [2025-03-23T22:03:44.996+0000] {dagbag.py:588} INFO - Filling up the DagBag from /opt/airflow/dags/our_first_dag.py
[2025-03-23T22:03:45.008+0000] {processor.py:925} INFO - DAG(s) 'our_first_dag' retrieved from /opt/airflow/dags/our_first_dag.py
[2025-03-23T22:03:45.031+0000] {logging_mixin.py:190} INFO - [2025-03-23T22:03:45.031+0000] {dag.py:3239} INFO - Sync 1 DAGs
[2025-03-23T22:03:45.068+0000] {logging_mixin.py:190} INFO - [2025-03-23T22:03:45.068+0000] {dag.py:4180} INFO - Setting next_dagrun for our_first_dag to 2025-03-23 00:00:00+00:00, run_after=2025-03-24 00:00:00+00:00
[2025-03-23T22:03:45.083+0000] {processor.py:208} INFO - Processing /opt/airflow/dags/our_first_dag.py took 0.094 seconds
[2025-03-23T22:04:15.305+0000] {processor.py:186} INFO - Started process (PID=664) to work on /opt/airflow/dags/our_first_dag.py
[2025-03-23T22:04:15.307+0000] {processor.py:914} INFO - Processing file /opt/airflow/dags/our_first_dag.py for tasks to queue
[2025-03-23T22:04:15.309+0000] {logging_mixin.py:190} INFO - [2025-03-23T22:04:15.308+0000] {dagbag.py:588} INFO - Filling up the DagBag from /opt/airflow/dags/our_first_dag.py
[2025-03-23T22:04:15.326+0000] {processor.py:925} INFO - DAG(s) 'our_first_dag' retrieved from /opt/airflow/dags/our_first_dag.py
[2025-03-23T22:04:15.351+0000] {logging_mixin.py:190} INFO - [2025-03-23T22:04:15.351+0000] {dag.py:3239} INFO - Sync 1 DAGs
[2025-03-23T22:04:15.379+0000] {logging_mixin.py:190} INFO - [2025-03-23T22:04:15.379+0000] {dag.py:4180} INFO - Setting next_dagrun for our_first_dag to 2025-03-23 00:00:00+00:00, run_after=2025-03-24 00:00:00+00:00
[2025-03-23T22:04:15.392+0000] {processor.py:208} INFO - Processing /opt/airflow/dags/our_first_dag.py took 0.096 seconds
[2025-03-23T22:04:45.727+0000] {processor.py:186} INFO - Started process (PID=689) to work on /opt/airflow/dags/our_first_dag.py
[2025-03-23T22:04:45.728+0000] {processor.py:914} INFO - Processing file /opt/airflow/dags/our_first_dag.py for tasks to queue
[2025-03-23T22:04:45.731+0000] {logging_mixin.py:190} INFO - [2025-03-23T22:04:45.731+0000] {dagbag.py:588} INFO - Filling up the DagBag from /opt/airflow/dags/our_first_dag.py
[2025-03-23T22:04:45.745+0000] {processor.py:925} INFO - DAG(s) 'our_first_dag' retrieved from /opt/airflow/dags/our_first_dag.py
[2025-03-23T22:04:45.765+0000] {logging_mixin.py:190} INFO - [2025-03-23T22:04:45.765+0000] {dag.py:3239} INFO - Sync 1 DAGs
[2025-03-23T22:04:45.781+0000] {logging_mixin.py:190} INFO - [2025-03-23T22:04:45.780+0000] {dag.py:4180} INFO - Setting next_dagrun for our_first_dag to 2025-03-23 00:00:00+00:00, run_after=2025-03-24 00:00:00+00:00
[2025-03-23T22:04:45.791+0000] {processor.py:208} INFO - Processing /opt/airflow/dags/our_first_dag.py took 0.073 seconds
[2025-03-23T22:05:16.131+0000] {processor.py:186} INFO - Started process (PID=711) to work on /opt/airflow/dags/our_first_dag.py
[2025-03-23T22:05:16.134+0000] {processor.py:914} INFO - Processing file /opt/airflow/dags/our_first_dag.py for tasks to queue
[2025-03-23T22:05:16.136+0000] {logging_mixin.py:190} INFO - [2025-03-23T22:05:16.136+0000] {dagbag.py:588} INFO - Filling up the DagBag from /opt/airflow/dags/our_first_dag.py
[2025-03-23T22:05:16.152+0000] {processor.py:925} INFO - DAG(s) 'our_first_dag' retrieved from /opt/airflow/dags/our_first_dag.py
[2025-03-23T22:05:16.173+0000] {logging_mixin.py:190} INFO - [2025-03-23T22:05:16.173+0000] {dag.py:3239} INFO - Sync 1 DAGs
[2025-03-23T22:05:16.188+0000] {logging_mixin.py:190} INFO - [2025-03-23T22:05:16.188+0000] {dag.py:4180} INFO - Setting next_dagrun for our_first_dag to 2025-03-23 00:00:00+00:00, run_after=2025-03-24 00:00:00+00:00
[2025-03-23T22:05:16.200+0000] {processor.py:208} INFO - Processing /opt/airflow/dags/our_first_dag.py took 0.075 seconds
[2025-03-23T22:05:46.613+0000] {processor.py:186} INFO - Started process (PID=742) to work on /opt/airflow/dags/our_first_dag.py
[2025-03-23T22:05:46.616+0000] {processor.py:914} INFO - Processing file /opt/airflow/dags/our_first_dag.py for tasks to queue
[2025-03-23T22:05:46.627+0000] {logging_mixin.py:190} INFO - [2025-03-23T22:05:46.627+0000] {dagbag.py:588} INFO - Filling up the DagBag from /opt/airflow/dags/our_first_dag.py
[2025-03-23T22:05:46.643+0000] {processor.py:925} INFO - DAG(s) 'our_first_dag' retrieved from /opt/airflow/dags/our_first_dag.py
[2025-03-23T22:05:46.668+0000] {logging_mixin.py:190} INFO - [2025-03-23T22:05:46.668+0000] {dag.py:3239} INFO - Sync 1 DAGs
[2025-03-23T22:05:46.682+0000] {logging_mixin.py:190} INFO - [2025-03-23T22:05:46.682+0000] {dag.py:4180} INFO - Setting next_dagrun for our_first_dag to 2025-03-23 00:00:00+00:00, run_after=2025-03-24 00:00:00+00:00
[2025-03-23T22:05:46.694+0000] {processor.py:208} INFO - Processing /opt/airflow/dags/our_first_dag.py took 0.088 seconds
[2025-03-23T22:06:16.975+0000] {processor.py:186} INFO - Started process (PID=763) to work on /opt/airflow/dags/our_first_dag.py
[2025-03-23T22:06:16.976+0000] {processor.py:914} INFO - Processing file /opt/airflow/dags/our_first_dag.py for tasks to queue
[2025-03-23T22:06:16.979+0000] {logging_mixin.py:190} INFO - [2025-03-23T22:06:16.979+0000] {dagbag.py:588} INFO - Filling up the DagBag from /opt/airflow/dags/our_first_dag.py
[2025-03-23T22:06:16.996+0000] {processor.py:925} INFO - DAG(s) 'our_first_dag' retrieved from /opt/airflow/dags/our_first_dag.py
[2025-03-23T22:06:17.020+0000] {logging_mixin.py:190} INFO - [2025-03-23T22:06:17.020+0000] {dag.py:3239} INFO - Sync 1 DAGs
[2025-03-23T22:06:17.034+0000] {logging_mixin.py:190} INFO - [2025-03-23T22:06:17.034+0000] {dag.py:4180} INFO - Setting next_dagrun for our_first_dag to 2025-03-23 00:00:00+00:00, run_after=2025-03-24 00:00:00+00:00
[2025-03-23T22:06:17.046+0000] {processor.py:208} INFO - Processing /opt/airflow/dags/our_first_dag.py took 0.078 seconds
[2025-03-23T22:06:47.411+0000] {processor.py:186} INFO - Started process (PID=783) to work on /opt/airflow/dags/our_first_dag.py
[2025-03-23T22:06:47.412+0000] {processor.py:914} INFO - Processing file /opt/airflow/dags/our_first_dag.py for tasks to queue
[2025-03-23T22:06:47.416+0000] {logging_mixin.py:190} INFO - [2025-03-23T22:06:47.415+0000] {dagbag.py:588} INFO - Filling up the DagBag from /opt/airflow/dags/our_first_dag.py
[2025-03-23T22:06:47.434+0000] {processor.py:925} INFO - DAG(s) 'our_first_dag' retrieved from /opt/airflow/dags/our_first_dag.py
[2025-03-23T22:06:47.464+0000] {logging_mixin.py:190} INFO - [2025-03-23T22:06:47.464+0000] {dag.py:3239} INFO - Sync 1 DAGs
[2025-03-23T22:06:47.480+0000] {logging_mixin.py:190} INFO - [2025-03-23T22:06:47.480+0000] {dag.py:4180} INFO - Setting next_dagrun for our_first_dag to 2025-03-23 00:00:00+00:00, run_after=2025-03-24 00:00:00+00:00
[2025-03-23T22:06:47.492+0000] {processor.py:208} INFO - Processing /opt/airflow/dags/our_first_dag.py took 0.089 seconds
[2025-03-23T22:07:17.857+0000] {processor.py:186} INFO - Started process (PID=803) to work on /opt/airflow/dags/our_first_dag.py
[2025-03-23T22:07:17.858+0000] {processor.py:914} INFO - Processing file /opt/airflow/dags/our_first_dag.py for tasks to queue
[2025-03-23T22:07:17.862+0000] {logging_mixin.py:190} INFO - [2025-03-23T22:07:17.861+0000] {dagbag.py:588} INFO - Filling up the DagBag from /opt/airflow/dags/our_first_dag.py
[2025-03-23T22:07:17.881+0000] {processor.py:925} INFO - DAG(s) 'our_first_dag' retrieved from /opt/airflow/dags/our_first_dag.py
[2025-03-23T22:07:17.917+0000] {logging_mixin.py:190} INFO - [2025-03-23T22:07:17.917+0000] {dag.py:3239} INFO - Sync 1 DAGs
[2025-03-23T22:07:17.935+0000] {logging_mixin.py:190} INFO - [2025-03-23T22:07:17.935+0000] {dag.py:4180} INFO - Setting next_dagrun for our_first_dag to 2025-03-23 00:00:00+00:00, run_after=2025-03-24 00:00:00+00:00
[2025-03-23T22:07:17.947+0000] {processor.py:208} INFO - Processing /opt/airflow/dags/our_first_dag.py took 0.098 seconds
[2025-03-23T22:07:48.219+0000] {processor.py:186} INFO - Started process (PID=825) to work on /opt/airflow/dags/our_first_dag.py
[2025-03-23T22:07:48.221+0000] {processor.py:914} INFO - Processing file /opt/airflow/dags/our_first_dag.py for tasks to queue
[2025-03-23T22:07:48.224+0000] {logging_mixin.py:190} INFO - [2025-03-23T22:07:48.224+0000] {dagbag.py:588} INFO - Filling up the DagBag from /opt/airflow/dags/our_first_dag.py
[2025-03-23T22:07:48.241+0000] {processor.py:925} INFO - DAG(s) 'our_first_dag' retrieved from /opt/airflow/dags/our_first_dag.py
[2025-03-23T22:07:48.263+0000] {logging_mixin.py:190} INFO - [2025-03-23T22:07:48.263+0000] {dag.py:3239} INFO - Sync 1 DAGs
[2025-03-23T22:07:48.277+0000] {logging_mixin.py:190} INFO - [2025-03-23T22:07:48.277+0000] {dag.py:4180} INFO - Setting next_dagrun for our_first_dag to 2025-03-23 00:00:00+00:00, run_after=2025-03-24 00:00:00+00:00
[2025-03-23T22:07:48.288+0000] {processor.py:208} INFO - Processing /opt/airflow/dags/our_first_dag.py took 0.077 seconds
[2025-03-23T22:08:18.778+0000] {processor.py:186} INFO - Started process (PID=865) to work on /opt/airflow/dags/our_first_dag.py
[2025-03-23T22:08:18.780+0000] {processor.py:914} INFO - Processing file /opt/airflow/dags/our_first_dag.py for tasks to queue
[2025-03-23T22:08:18.783+0000] {logging_mixin.py:190} INFO - [2025-03-23T22:08:18.783+0000] {dagbag.py:588} INFO - Filling up the DagBag from /opt/airflow/dags/our_first_dag.py
[2025-03-23T22:08:18.794+0000] {processor.py:925} INFO - DAG(s) 'our_first_dag' retrieved from /opt/airflow/dags/our_first_dag.py
[2025-03-23T22:08:18.814+0000] {logging_mixin.py:190} INFO - [2025-03-23T22:08:18.813+0000] {dag.py:3239} INFO - Sync 1 DAGs
[2025-03-23T22:08:18.828+0000] {logging_mixin.py:190} INFO - [2025-03-23T22:08:18.828+0000] {dag.py:4180} INFO - Setting next_dagrun for our_first_dag to 2025-03-23 00:00:00+00:00, run_after=2025-03-24 00:00:00+00:00
[2025-03-23T22:08:18.838+0000] {processor.py:208} INFO - Processing /opt/airflow/dags/our_first_dag.py took 0.065 seconds
[2025-03-23T22:08:49.137+0000] {processor.py:186} INFO - Started process (PID=885) to work on /opt/airflow/dags/our_first_dag.py
[2025-03-23T22:08:49.138+0000] {processor.py:914} INFO - Processing file /opt/airflow/dags/our_first_dag.py for tasks to queue
[2025-03-23T22:08:49.141+0000] {logging_mixin.py:190} INFO - [2025-03-23T22:08:49.141+0000] {dagbag.py:588} INFO - Filling up the DagBag from /opt/airflow/dags/our_first_dag.py
[2025-03-23T22:08:49.154+0000] {processor.py:925} INFO - DAG(s) 'our_first_dag' retrieved from /opt/airflow/dags/our_first_dag.py
[2025-03-23T22:08:49.174+0000] {logging_mixin.py:190} INFO - [2025-03-23T22:08:49.174+0000] {dag.py:3239} INFO - Sync 1 DAGs
[2025-03-23T22:08:49.186+0000] {logging_mixin.py:190} INFO - [2025-03-23T22:08:49.186+0000] {dag.py:4180} INFO - Setting next_dagrun for our_first_dag to 2025-03-23 00:00:00+00:00, run_after=2025-03-24 00:00:00+00:00
[2025-03-23T22:08:49.200+0000] {processor.py:208} INFO - Processing /opt/airflow/dags/our_first_dag.py took 0.068 seconds
[2025-03-23T22:09:19.638+0000] {processor.py:186} INFO - Started process (PID=905) to work on /opt/airflow/dags/our_first_dag.py
[2025-03-23T22:09:19.641+0000] {processor.py:914} INFO - Processing file /opt/airflow/dags/our_first_dag.py for tasks to queue
[2025-03-23T22:09:19.644+0000] {logging_mixin.py:190} INFO - [2025-03-23T22:09:19.643+0000] {dagbag.py:588} INFO - Filling up the DagBag from /opt/airflow/dags/our_first_dag.py
[2025-03-23T22:09:19.659+0000] {processor.py:925} INFO - DAG(s) 'our_first_dag' retrieved from /opt/airflow/dags/our_first_dag.py
[2025-03-23T22:09:19.701+0000] {logging_mixin.py:190} INFO - [2025-03-23T22:09:19.700+0000] {dag.py:3239} INFO - Sync 1 DAGs
[2025-03-23T22:09:19.717+0000] {logging_mixin.py:190} INFO - [2025-03-23T22:09:19.717+0000] {dag.py:4180} INFO - Setting next_dagrun for our_first_dag to 2025-03-23 00:00:00+00:00, run_after=2025-03-24 00:00:00+00:00
[2025-03-23T22:09:19.729+0000] {processor.py:208} INFO - Processing /opt/airflow/dags/our_first_dag.py took 0.098 seconds
[2025-03-23T22:09:50.035+0000] {processor.py:186} INFO - Started process (PID=925) to work on /opt/airflow/dags/our_first_dag.py
[2025-03-23T22:09:50.036+0000] {processor.py:914} INFO - Processing file /opt/airflow/dags/our_first_dag.py for tasks to queue
[2025-03-23T22:09:50.039+0000] {logging_mixin.py:190} INFO - [2025-03-23T22:09:50.039+0000] {dagbag.py:588} INFO - Filling up the DagBag from /opt/airflow/dags/our_first_dag.py
[2025-03-23T22:09:50.054+0000] {processor.py:925} INFO - DAG(s) 'our_first_dag' retrieved from /opt/airflow/dags/our_first_dag.py
[2025-03-23T22:09:50.076+0000] {logging_mixin.py:190} INFO - [2025-03-23T22:09:50.076+0000] {dag.py:3239} INFO - Sync 1 DAGs
[2025-03-23T22:09:50.090+0000] {logging_mixin.py:190} INFO - [2025-03-23T22:09:50.090+0000] {dag.py:4180} INFO - Setting next_dagrun for our_first_dag to 2025-03-23 00:00:00+00:00, run_after=2025-03-24 00:00:00+00:00
[2025-03-23T22:09:50.102+0000] {processor.py:208} INFO - Processing /opt/airflow/dags/our_first_dag.py took 0.073 seconds
[2025-03-23T22:10:20.519+0000] {processor.py:186} INFO - Started process (PID=959) to work on /opt/airflow/dags/our_first_dag.py
[2025-03-23T22:10:20.520+0000] {processor.py:914} INFO - Processing file /opt/airflow/dags/our_first_dag.py for tasks to queue
[2025-03-23T22:10:20.521+0000] {logging_mixin.py:190} INFO - [2025-03-23T22:10:20.521+0000] {dagbag.py:588} INFO - Filling up the DagBag from /opt/airflow/dags/our_first_dag.py
[2025-03-23T22:10:20.526+0000] {processor.py:925} INFO - DAG(s) 'our_first_dag' retrieved from /opt/airflow/dags/our_first_dag.py
[2025-03-23T22:10:20.538+0000] {logging_mixin.py:190} INFO - [2025-03-23T22:10:20.538+0000] {dag.py:3239} INFO - Sync 1 DAGs
[2025-03-23T22:10:20.548+0000] {logging_mixin.py:190} INFO - [2025-03-23T22:10:20.548+0000] {dag.py:4180} INFO - Setting next_dagrun for our_first_dag to 2025-03-23 00:00:00+00:00, run_after=2025-03-24 00:00:00+00:00
[2025-03-23T22:10:20.555+0000] {processor.py:208} INFO - Processing /opt/airflow/dags/our_first_dag.py took 0.038 seconds
[2025-03-23T22:10:50.910+0000] {processor.py:186} INFO - Started process (PID=987) to work on /opt/airflow/dags/our_first_dag.py
[2025-03-23T22:10:50.912+0000] {processor.py:914} INFO - Processing file /opt/airflow/dags/our_first_dag.py for tasks to queue
[2025-03-23T22:10:50.916+0000] {logging_mixin.py:190} INFO - [2025-03-23T22:10:50.915+0000] {dagbag.py:588} INFO - Filling up the DagBag from /opt/airflow/dags/our_first_dag.py
[2025-03-23T22:10:50.929+0000] {processor.py:925} INFO - DAG(s) 'our_first_dag' retrieved from /opt/airflow/dags/our_first_dag.py
[2025-03-23T22:10:50.949+0000] {logging_mixin.py:190} INFO - [2025-03-23T22:10:50.949+0000] {dag.py:3239} INFO - Sync 1 DAGs
[2025-03-23T22:10:50.962+0000] {logging_mixin.py:190} INFO - [2025-03-23T22:10:50.961+0000] {dag.py:4180} INFO - Setting next_dagrun for our_first_dag to 2025-03-23 00:00:00+00:00, run_after=2025-03-24 00:00:00+00:00
[2025-03-23T22:10:50.973+0000] {processor.py:208} INFO - Processing /opt/airflow/dags/our_first_dag.py took 0.070 seconds
[2025-03-23T22:11:21.329+0000] {processor.py:186} INFO - Started process (PID=1008) to work on /opt/airflow/dags/our_first_dag.py
[2025-03-23T22:11:21.330+0000] {processor.py:914} INFO - Processing file /opt/airflow/dags/our_first_dag.py for tasks to queue
[2025-03-23T22:11:21.332+0000] {logging_mixin.py:190} INFO - [2025-03-23T22:11:21.332+0000] {dagbag.py:588} INFO - Filling up the DagBag from /opt/airflow/dags/our_first_dag.py
[2025-03-23T22:11:21.345+0000] {processor.py:925} INFO - DAG(s) 'our_first_dag' retrieved from /opt/airflow/dags/our_first_dag.py
[2025-03-23T22:11:21.364+0000] {logging_mixin.py:190} INFO - [2025-03-23T22:11:21.363+0000] {dag.py:3239} INFO - Sync 1 DAGs
[2025-03-23T22:11:21.376+0000] {logging_mixin.py:190} INFO - [2025-03-23T22:11:21.376+0000] {dag.py:4180} INFO - Setting next_dagrun for our_first_dag to 2025-03-23 00:00:00+00:00, run_after=2025-03-24 00:00:00+00:00
[2025-03-23T22:11:21.388+0000] {processor.py:208} INFO - Processing /opt/airflow/dags/our_first_dag.py took 0.067 seconds
[2025-03-23T22:11:51.757+0000] {processor.py:186} INFO - Started process (PID=1033) to work on /opt/airflow/dags/our_first_dag.py
[2025-03-23T22:11:51.758+0000] {processor.py:914} INFO - Processing file /opt/airflow/dags/our_first_dag.py for tasks to queue
[2025-03-23T22:11:51.761+0000] {logging_mixin.py:190} INFO - [2025-03-23T22:11:51.761+0000] {dagbag.py:588} INFO - Filling up the DagBag from /opt/airflow/dags/our_first_dag.py
[2025-03-23T22:11:51.777+0000] {processor.py:925} INFO - DAG(s) 'our_first_dag' retrieved from /opt/airflow/dags/our_first_dag.py
[2025-03-23T22:11:51.802+0000] {logging_mixin.py:190} INFO - [2025-03-23T22:11:51.802+0000] {dag.py:3239} INFO - Sync 1 DAGs
[2025-03-23T22:11:51.818+0000] {logging_mixin.py:190} INFO - [2025-03-23T22:11:51.818+0000] {dag.py:4180} INFO - Setting next_dagrun for our_first_dag to 2025-03-23 00:00:00+00:00, run_after=2025-03-24 00:00:00+00:00
[2025-03-23T22:11:51.830+0000] {processor.py:208} INFO - Processing /opt/airflow/dags/our_first_dag.py took 0.097 seconds
[2025-03-23T22:12:22.047+0000] {processor.py:186} INFO - Started process (PID=1064) to work on /opt/airflow/dags/our_first_dag.py
[2025-03-23T22:12:22.048+0000] {processor.py:914} INFO - Processing file /opt/airflow/dags/our_first_dag.py for tasks to queue
[2025-03-23T22:12:22.049+0000] {logging_mixin.py:190} INFO - [2025-03-23T22:12:22.049+0000] {dagbag.py:588} INFO - Filling up the DagBag from /opt/airflow/dags/our_first_dag.py
[2025-03-23T22:12:22.059+0000] {processor.py:925} INFO - DAG(s) 'our_first_dag' retrieved from /opt/airflow/dags/our_first_dag.py
[2025-03-23T22:12:22.075+0000] {logging_mixin.py:190} INFO - [2025-03-23T22:12:22.075+0000] {dag.py:3239} INFO - Sync 1 DAGs
[2025-03-23T22:12:22.087+0000] {logging_mixin.py:190} INFO - [2025-03-23T22:12:22.086+0000] {dag.py:4180} INFO - Setting next_dagrun for our_first_dag to 2025-03-23 00:00:00+00:00, run_after=2025-03-24 00:00:00+00:00
[2025-03-23T22:12:22.101+0000] {processor.py:208} INFO - Processing /opt/airflow/dags/our_first_dag.py took 0.059 seconds
[2025-03-23T22:12:52.412+0000] {processor.py:186} INFO - Started process (PID=1085) to work on /opt/airflow/dags/our_first_dag.py
[2025-03-23T22:12:52.414+0000] {processor.py:914} INFO - Processing file /opt/airflow/dags/our_first_dag.py for tasks to queue
[2025-03-23T22:12:52.419+0000] {logging_mixin.py:190} INFO - [2025-03-23T22:12:52.419+0000] {dagbag.py:588} INFO - Filling up the DagBag from /opt/airflow/dags/our_first_dag.py
[2025-03-23T22:12:52.430+0000] {processor.py:925} INFO - DAG(s) 'our_first_dag' retrieved from /opt/airflow/dags/our_first_dag.py
[2025-03-23T22:12:52.453+0000] {logging_mixin.py:190} INFO - [2025-03-23T22:12:52.453+0000] {dag.py:3239} INFO - Sync 1 DAGs
[2025-03-23T22:12:52.481+0000] {logging_mixin.py:190} INFO - [2025-03-23T22:12:52.480+0000] {dag.py:4180} INFO - Setting next_dagrun for our_first_dag to 2025-03-23 00:00:00+00:00, run_after=2025-03-24 00:00:00+00:00
[2025-03-23T22:12:52.498+0000] {processor.py:208} INFO - Processing /opt/airflow/dags/our_first_dag.py took 0.092 seconds
[2025-03-23T22:13:22.787+0000] {processor.py:186} INFO - Started process (PID=1106) to work on /opt/airflow/dags/our_first_dag.py
[2025-03-23T22:13:22.788+0000] {processor.py:914} INFO - Processing file /opt/airflow/dags/our_first_dag.py for tasks to queue
[2025-03-23T22:13:22.790+0000] {logging_mixin.py:190} INFO - [2025-03-23T22:13:22.790+0000] {dagbag.py:588} INFO - Filling up the DagBag from /opt/airflow/dags/our_first_dag.py
[2025-03-23T22:13:22.800+0000] {processor.py:925} INFO - DAG(s) 'our_first_dag' retrieved from /opt/airflow/dags/our_first_dag.py
[2025-03-23T22:13:22.815+0000] {logging_mixin.py:190} INFO - [2025-03-23T22:13:22.815+0000] {dag.py:3239} INFO - Sync 1 DAGs
[2025-03-23T22:13:22.826+0000] {logging_mixin.py:190} INFO - [2025-03-23T22:13:22.826+0000] {dag.py:4180} INFO - Setting next_dagrun for our_first_dag to 2025-03-23 00:00:00+00:00, run_after=2025-03-24 00:00:00+00:00
[2025-03-23T22:13:22.837+0000] {processor.py:208} INFO - Processing /opt/airflow/dags/our_first_dag.py took 0.053 seconds
[2025-03-23T22:13:53.184+0000] {processor.py:186} INFO - Started process (PID=1127) to work on /opt/airflow/dags/our_first_dag.py
[2025-03-23T22:13:53.185+0000] {processor.py:914} INFO - Processing file /opt/airflow/dags/our_first_dag.py for tasks to queue
[2025-03-23T22:13:53.187+0000] {logging_mixin.py:190} INFO - [2025-03-23T22:13:53.187+0000] {dagbag.py:588} INFO - Filling up the DagBag from /opt/airflow/dags/our_first_dag.py
[2025-03-23T22:13:53.199+0000] {processor.py:925} INFO - DAG(s) 'our_first_dag' retrieved from /opt/airflow/dags/our_first_dag.py
[2025-03-23T22:13:53.218+0000] {logging_mixin.py:190} INFO - [2025-03-23T22:13:53.218+0000] {dag.py:3239} INFO - Sync 1 DAGs
[2025-03-23T22:13:53.231+0000] {logging_mixin.py:190} INFO - [2025-03-23T22:13:53.231+0000] {dag.py:4180} INFO - Setting next_dagrun for our_first_dag to 2025-03-23 00:00:00+00:00, run_after=2025-03-24 00:00:00+00:00
[2025-03-23T22:13:53.242+0000] {processor.py:208} INFO - Processing /opt/airflow/dags/our_first_dag.py took 0.064 seconds
[2025-03-23T22:14:23.586+0000] {processor.py:186} INFO - Started process (PID=1146) to work on /opt/airflow/dags/our_first_dag.py
[2025-03-23T22:14:23.588+0000] {processor.py:914} INFO - Processing file /opt/airflow/dags/our_first_dag.py for tasks to queue
[2025-03-23T22:14:23.591+0000] {logging_mixin.py:190} INFO - [2025-03-23T22:14:23.591+0000] {dagbag.py:588} INFO - Filling up the DagBag from /opt/airflow/dags/our_first_dag.py
[2025-03-23T22:14:23.605+0000] {processor.py:925} INFO - DAG(s) 'our_first_dag' retrieved from /opt/airflow/dags/our_first_dag.py
[2025-03-23T22:14:23.626+0000] {logging_mixin.py:190} INFO - [2025-03-23T22:14:23.626+0000] {dag.py:3239} INFO - Sync 1 DAGs
[2025-03-23T22:14:23.640+0000] {logging_mixin.py:190} INFO - [2025-03-23T22:14:23.640+0000] {dag.py:4180} INFO - Setting next_dagrun for our_first_dag to 2025-03-23 00:00:00+00:00, run_after=2025-03-24 00:00:00+00:00
[2025-03-23T22:14:23.651+0000] {processor.py:208} INFO - Processing /opt/airflow/dags/our_first_dag.py took 0.073 seconds
[2025-03-23T22:14:53.943+0000] {processor.py:186} INFO - Started process (PID=1169) to work on /opt/airflow/dags/our_first_dag.py
[2025-03-23T22:14:53.944+0000] {processor.py:914} INFO - Processing file /opt/airflow/dags/our_first_dag.py for tasks to queue
[2025-03-23T22:14:53.947+0000] {logging_mixin.py:190} INFO - [2025-03-23T22:14:53.946+0000] {dagbag.py:588} INFO - Filling up the DagBag from /opt/airflow/dags/our_first_dag.py
[2025-03-23T22:14:53.960+0000] {processor.py:925} INFO - DAG(s) 'our_first_dag' retrieved from /opt/airflow/dags/our_first_dag.py
[2025-03-23T22:14:53.977+0000] {logging_mixin.py:190} INFO - [2025-03-23T22:14:53.977+0000] {dag.py:3239} INFO - Sync 1 DAGs
[2025-03-23T22:14:53.989+0000] {logging_mixin.py:190} INFO - [2025-03-23T22:14:53.989+0000] {dag.py:4180} INFO - Setting next_dagrun for our_first_dag to 2025-03-23 00:00:00+00:00, run_after=2025-03-24 00:00:00+00:00
[2025-03-23T22:14:54.001+0000] {processor.py:208} INFO - Processing /opt/airflow/dags/our_first_dag.py took 0.063 seconds
[2025-03-23T22:15:24.325+0000] {processor.py:186} INFO - Started process (PID=1190) to work on /opt/airflow/dags/our_first_dag.py
[2025-03-23T22:15:24.326+0000] {processor.py:914} INFO - Processing file /opt/airflow/dags/our_first_dag.py for tasks to queue
[2025-03-23T22:15:24.328+0000] {logging_mixin.py:190} INFO - [2025-03-23T22:15:24.327+0000] {dagbag.py:588} INFO - Filling up the DagBag from /opt/airflow/dags/our_first_dag.py
[2025-03-23T22:15:24.346+0000] {processor.py:925} INFO - DAG(s) 'our_first_dag' retrieved from /opt/airflow/dags/our_first_dag.py
[2025-03-23T22:15:24.362+0000] {logging_mixin.py:190} INFO - [2025-03-23T22:15:24.362+0000] {dag.py:3239} INFO - Sync 1 DAGs
[2025-03-23T22:15:24.375+0000] {logging_mixin.py:190} INFO - [2025-03-23T22:15:24.375+0000] {dag.py:4180} INFO - Setting next_dagrun for our_first_dag to 2025-03-23 00:00:00+00:00, run_after=2025-03-24 00:00:00+00:00
[2025-03-23T22:15:24.387+0000] {processor.py:208} INFO - Processing /opt/airflow/dags/our_first_dag.py took 0.067 seconds
[2025-03-23T22:15:54.779+0000] {processor.py:186} INFO - Started process (PID=1216) to work on /opt/airflow/dags/our_first_dag.py
[2025-03-23T22:15:54.782+0000] {processor.py:914} INFO - Processing file /opt/airflow/dags/our_first_dag.py for tasks to queue
[2025-03-23T22:15:54.786+0000] {logging_mixin.py:190} INFO - [2025-03-23T22:15:54.786+0000] {dagbag.py:588} INFO - Filling up the DagBag from /opt/airflow/dags/our_first_dag.py
[2025-03-23T22:15:54.808+0000] {processor.py:925} INFO - DAG(s) 'our_first_dag' retrieved from /opt/airflow/dags/our_first_dag.py
[2025-03-23T22:15:54.838+0000] {logging_mixin.py:190} INFO - [2025-03-23T22:15:54.838+0000] {dag.py:3239} INFO - Sync 1 DAGs
[2025-03-23T22:15:54.860+0000] {logging_mixin.py:190} INFO - [2025-03-23T22:15:54.860+0000] {dag.py:4180} INFO - Setting next_dagrun for our_first_dag to 2025-03-23 00:00:00+00:00, run_after=2025-03-24 00:00:00+00:00
[2025-03-23T22:15:54.871+0000] {processor.py:208} INFO - Processing /opt/airflow/dags/our_first_dag.py took 0.100 seconds
[2025-03-23T22:16:25.280+0000] {processor.py:186} INFO - Started process (PID=1651) to work on /opt/airflow/dags/our_first_dag.py
[2025-03-23T22:16:25.283+0000] {processor.py:914} INFO - Processing file /opt/airflow/dags/our_first_dag.py for tasks to queue
[2025-03-23T22:16:25.286+0000] {logging_mixin.py:190} INFO - [2025-03-23T22:16:25.285+0000] {dagbag.py:588} INFO - Filling up the DagBag from /opt/airflow/dags/our_first_dag.py
[2025-03-23T22:16:25.307+0000] {processor.py:925} INFO - DAG(s) 'our_first_dag' retrieved from /opt/airflow/dags/our_first_dag.py
[2025-03-23T22:16:25.331+0000] {logging_mixin.py:190} INFO - [2025-03-23T22:16:25.331+0000] {dag.py:3239} INFO - Sync 1 DAGs
[2025-03-23T22:16:25.347+0000] {logging_mixin.py:190} INFO - [2025-03-23T22:16:25.347+0000] {dag.py:4180} INFO - Setting next_dagrun for our_first_dag to 2025-03-23 00:00:00+00:00, run_after=2025-03-24 00:00:00+00:00
[2025-03-23T22:16:25.359+0000] {processor.py:208} INFO - Processing /opt/airflow/dags/our_first_dag.py took 0.086 seconds
[2025-03-23T22:16:55.665+0000] {processor.py:186} INFO - Started process (PID=1673) to work on /opt/airflow/dags/our_first_dag.py
[2025-03-23T22:16:55.666+0000] {processor.py:914} INFO - Processing file /opt/airflow/dags/our_first_dag.py for tasks to queue
[2025-03-23T22:16:55.669+0000] {logging_mixin.py:190} INFO - [2025-03-23T22:16:55.669+0000] {dagbag.py:588} INFO - Filling up the DagBag from /opt/airflow/dags/our_first_dag.py
[2025-03-23T22:16:55.681+0000] {processor.py:925} INFO - DAG(s) 'our_first_dag' retrieved from /opt/airflow/dags/our_first_dag.py
[2025-03-23T22:16:55.702+0000] {logging_mixin.py:190} INFO - [2025-03-23T22:16:55.702+0000] {dag.py:3239} INFO - Sync 1 DAGs
[2025-03-23T22:16:55.715+0000] {logging_mixin.py:190} INFO - [2025-03-23T22:16:55.715+0000] {dag.py:4180} INFO - Setting next_dagrun for our_first_dag to 2025-03-23 00:00:00+00:00, run_after=2025-03-24 00:00:00+00:00
[2025-03-23T22:16:55.727+0000] {processor.py:208} INFO - Processing /opt/airflow/dags/our_first_dag.py took 0.067 seconds
[2025-03-23T22:17:26.097+0000] {processor.py:186} INFO - Started process (PID=1694) to work on /opt/airflow/dags/our_first_dag.py
[2025-03-23T22:17:26.098+0000] {processor.py:914} INFO - Processing file /opt/airflow/dags/our_first_dag.py for tasks to queue
[2025-03-23T22:17:26.101+0000] {logging_mixin.py:190} INFO - [2025-03-23T22:17:26.101+0000] {dagbag.py:588} INFO - Filling up the DagBag from /opt/airflow/dags/our_first_dag.py
[2025-03-23T22:17:26.113+0000] {processor.py:925} INFO - DAG(s) 'our_first_dag' retrieved from /opt/airflow/dags/our_first_dag.py
[2025-03-23T22:17:26.132+0000] {logging_mixin.py:190} INFO - [2025-03-23T22:17:26.132+0000] {dag.py:3239} INFO - Sync 1 DAGs
[2025-03-23T22:17:26.147+0000] {logging_mixin.py:190} INFO - [2025-03-23T22:17:26.147+0000] {dag.py:4180} INFO - Setting next_dagrun for our_first_dag to 2025-03-23 00:00:00+00:00, run_after=2025-03-24 00:00:00+00:00
[2025-03-23T22:17:26.157+0000] {processor.py:208} INFO - Processing /opt/airflow/dags/our_first_dag.py took 0.065 seconds
[2025-03-23T22:17:56.505+0000] {processor.py:186} INFO - Started process (PID=1715) to work on /opt/airflow/dags/our_first_dag.py
[2025-03-23T22:17:56.509+0000] {processor.py:914} INFO - Processing file /opt/airflow/dags/our_first_dag.py for tasks to queue
[2025-03-23T22:17:56.510+0000] {logging_mixin.py:190} INFO - [2025-03-23T22:17:56.510+0000] {dagbag.py:588} INFO - Filling up the DagBag from /opt/airflow/dags/our_first_dag.py
[2025-03-23T22:17:56.522+0000] {processor.py:925} INFO - DAG(s) 'our_first_dag' retrieved from /opt/airflow/dags/our_first_dag.py
[2025-03-23T22:17:56.545+0000] {logging_mixin.py:190} INFO - [2025-03-23T22:17:56.545+0000] {dag.py:3239} INFO - Sync 1 DAGs
[2025-03-23T22:17:56.560+0000] {logging_mixin.py:190} INFO - [2025-03-23T22:17:56.560+0000] {dag.py:4180} INFO - Setting next_dagrun for our_first_dag to 2025-03-23 00:00:00+00:00, run_after=2025-03-24 00:00:00+00:00
[2025-03-23T22:17:56.573+0000] {processor.py:208} INFO - Processing /opt/airflow/dags/our_first_dag.py took 0.074 seconds
[2025-03-23T22:18:26.870+0000] {processor.py:186} INFO - Started process (PID=1736) to work on /opt/airflow/dags/our_first_dag.py
[2025-03-23T22:18:26.873+0000] {processor.py:914} INFO - Processing file /opt/airflow/dags/our_first_dag.py for tasks to queue
[2025-03-23T22:18:26.874+0000] {logging_mixin.py:190} INFO - [2025-03-23T22:18:26.874+0000] {dagbag.py:588} INFO - Filling up the DagBag from /opt/airflow/dags/our_first_dag.py
[2025-03-23T22:18:26.883+0000] {processor.py:925} INFO - DAG(s) 'our_first_dag' retrieved from /opt/airflow/dags/our_first_dag.py
[2025-03-23T22:18:26.900+0000] {logging_mixin.py:190} INFO - [2025-03-23T22:18:26.900+0000] {dag.py:3239} INFO - Sync 1 DAGs
[2025-03-23T22:18:26.917+0000] {logging_mixin.py:190} INFO - [2025-03-23T22:18:26.917+0000] {dag.py:4180} INFO - Setting next_dagrun for our_first_dag to 2025-03-23 00:00:00+00:00, run_after=2025-03-24 00:00:00+00:00
[2025-03-23T22:18:26.933+0000] {processor.py:208} INFO - Processing /opt/airflow/dags/our_first_dag.py took 0.070 seconds
[2025-03-23T22:18:57.244+0000] {processor.py:186} INFO - Started process (PID=1757) to work on /opt/airflow/dags/our_first_dag.py
[2025-03-23T22:18:57.246+0000] {processor.py:914} INFO - Processing file /opt/airflow/dags/our_first_dag.py for tasks to queue
[2025-03-23T22:18:57.248+0000] {logging_mixin.py:190} INFO - [2025-03-23T22:18:57.247+0000] {dagbag.py:588} INFO - Filling up the DagBag from /opt/airflow/dags/our_first_dag.py
[2025-03-23T22:18:57.261+0000] {processor.py:925} INFO - DAG(s) 'our_first_dag' retrieved from /opt/airflow/dags/our_first_dag.py
[2025-03-23T22:18:57.288+0000] {logging_mixin.py:190} INFO - [2025-03-23T22:18:57.288+0000] {dag.py:3239} INFO - Sync 1 DAGs
[2025-03-23T22:18:57.300+0000] {logging_mixin.py:190} INFO - [2025-03-23T22:18:57.300+0000] {dag.py:4180} INFO - Setting next_dagrun for our_first_dag to 2025-03-23 00:00:00+00:00, run_after=2025-03-24 00:00:00+00:00
[2025-03-23T22:18:57.310+0000] {processor.py:208} INFO - Processing /opt/airflow/dags/our_first_dag.py took 0.077 seconds
[2025-03-23T22:19:27.649+0000] {processor.py:186} INFO - Started process (PID=1778) to work on /opt/airflow/dags/our_first_dag.py
[2025-03-23T22:19:27.652+0000] {processor.py:914} INFO - Processing file /opt/airflow/dags/our_first_dag.py for tasks to queue
[2025-03-23T22:19:27.653+0000] {logging_mixin.py:190} INFO - [2025-03-23T22:19:27.653+0000] {dagbag.py:588} INFO - Filling up the DagBag from /opt/airflow/dags/our_first_dag.py
[2025-03-23T22:19:27.668+0000] {processor.py:925} INFO - DAG(s) 'our_first_dag' retrieved from /opt/airflow/dags/our_first_dag.py
[2025-03-23T22:19:27.687+0000] {logging_mixin.py:190} INFO - [2025-03-23T22:19:27.687+0000] {dag.py:3239} INFO - Sync 1 DAGs
[2025-03-23T22:19:27.703+0000] {logging_mixin.py:190} INFO - [2025-03-23T22:19:27.702+0000] {dag.py:4180} INFO - Setting next_dagrun for our_first_dag to 2025-03-23 00:00:00+00:00, run_after=2025-03-24 00:00:00+00:00
[2025-03-23T22:19:27.714+0000] {processor.py:208} INFO - Processing /opt/airflow/dags/our_first_dag.py took 0.071 seconds
[2025-03-23T22:19:58.101+0000] {processor.py:186} INFO - Started process (PID=1799) to work on /opt/airflow/dags/our_first_dag.py
[2025-03-23T22:19:58.102+0000] {processor.py:914} INFO - Processing file /opt/airflow/dags/our_first_dag.py for tasks to queue
[2025-03-23T22:19:58.104+0000] {logging_mixin.py:190} INFO - [2025-03-23T22:19:58.104+0000] {dagbag.py:588} INFO - Filling up the DagBag from /opt/airflow/dags/our_first_dag.py
[2025-03-23T22:19:58.121+0000] {processor.py:925} INFO - DAG(s) 'our_first_dag' retrieved from /opt/airflow/dags/our_first_dag.py
[2025-03-23T22:19:58.141+0000] {logging_mixin.py:190} INFO - [2025-03-23T22:19:58.141+0000] {dag.py:3239} INFO - Sync 1 DAGs
[2025-03-23T22:19:58.154+0000] {logging_mixin.py:190} INFO - [2025-03-23T22:19:58.154+0000] {dag.py:4180} INFO - Setting next_dagrun for our_first_dag to 2025-03-23 00:00:00+00:00, run_after=2025-03-24 00:00:00+00:00
[2025-03-23T22:19:58.164+0000] {processor.py:208} INFO - Processing /opt/airflow/dags/our_first_dag.py took 0.071 seconds
[2025-03-23T22:20:28.501+0000] {processor.py:186} INFO - Started process (PID=1820) to work on /opt/airflow/dags/our_first_dag.py
[2025-03-23T22:20:28.503+0000] {processor.py:914} INFO - Processing file /opt/airflow/dags/our_first_dag.py for tasks to queue
[2025-03-23T22:20:28.504+0000] {logging_mixin.py:190} INFO - [2025-03-23T22:20:28.504+0000] {dagbag.py:588} INFO - Filling up the DagBag from /opt/airflow/dags/our_first_dag.py
[2025-03-23T22:20:28.517+0000] {processor.py:925} INFO - DAG(s) 'our_first_dag' retrieved from /opt/airflow/dags/our_first_dag.py
[2025-03-23T22:20:28.536+0000] {logging_mixin.py:190} INFO - [2025-03-23T22:20:28.535+0000] {dag.py:3239} INFO - Sync 1 DAGs
[2025-03-23T22:20:28.552+0000] {logging_mixin.py:190} INFO - [2025-03-23T22:20:28.552+0000] {dag.py:4180} INFO - Setting next_dagrun for our_first_dag to 2025-03-23 00:00:00+00:00, run_after=2025-03-24 00:00:00+00:00
[2025-03-23T22:20:28.569+0000] {processor.py:208} INFO - Processing /opt/airflow/dags/our_first_dag.py took 0.072 seconds
[2025-03-23T22:20:59.029+0000] {processor.py:186} INFO - Started process (PID=1841) to work on /opt/airflow/dags/our_first_dag.py
[2025-03-23T22:20:59.032+0000] {processor.py:914} INFO - Processing file /opt/airflow/dags/our_first_dag.py for tasks to queue
[2025-03-23T22:20:59.033+0000] {logging_mixin.py:190} INFO - [2025-03-23T22:20:59.033+0000] {dagbag.py:588} INFO - Filling up the DagBag from /opt/airflow/dags/our_first_dag.py
[2025-03-23T22:20:59.050+0000] {processor.py:925} INFO - DAG(s) 'our_first_dag' retrieved from /opt/airflow/dags/our_first_dag.py
[2025-03-23T22:20:59.074+0000] {logging_mixin.py:190} INFO - [2025-03-23T22:20:59.074+0000] {dag.py:3239} INFO - Sync 1 DAGs
[2025-03-23T22:20:59.088+0000] {logging_mixin.py:190} INFO - [2025-03-23T22:20:59.088+0000] {dag.py:4180} INFO - Setting next_dagrun for our_first_dag to 2025-03-23 00:00:00+00:00, run_after=2025-03-24 00:00:00+00:00
[2025-03-23T22:20:59.100+0000] {processor.py:208} INFO - Processing /opt/airflow/dags/our_first_dag.py took 0.079 seconds
[2025-03-23T22:21:29.509+0000] {processor.py:186} INFO - Started process (PID=1862) to work on /opt/airflow/dags/our_first_dag.py
[2025-03-23T22:21:29.511+0000] {processor.py:914} INFO - Processing file /opt/airflow/dags/our_first_dag.py for tasks to queue
[2025-03-23T22:21:29.513+0000] {logging_mixin.py:190} INFO - [2025-03-23T22:21:29.513+0000] {dagbag.py:588} INFO - Filling up the DagBag from /opt/airflow/dags/our_first_dag.py
[2025-03-23T22:21:29.527+0000] {processor.py:925} INFO - DAG(s) 'our_first_dag' retrieved from /opt/airflow/dags/our_first_dag.py
[2025-03-23T22:21:29.552+0000] {logging_mixin.py:190} INFO - [2025-03-23T22:21:29.552+0000] {dag.py:3239} INFO - Sync 1 DAGs
[2025-03-23T22:21:29.568+0000] {logging_mixin.py:190} INFO - [2025-03-23T22:21:29.568+0000] {dag.py:4180} INFO - Setting next_dagrun for our_first_dag to 2025-03-23 00:00:00+00:00, run_after=2025-03-24 00:00:00+00:00
[2025-03-23T22:21:29.579+0000] {processor.py:208} INFO - Processing /opt/airflow/dags/our_first_dag.py took 0.079 seconds
[2025-03-23T22:21:59.972+0000] {processor.py:186} INFO - Started process (PID=1883) to work on /opt/airflow/dags/our_first_dag.py
[2025-03-23T22:21:59.973+0000] {processor.py:914} INFO - Processing file /opt/airflow/dags/our_first_dag.py for tasks to queue
[2025-03-23T22:21:59.974+0000] {logging_mixin.py:190} INFO - [2025-03-23T22:21:59.974+0000] {dagbag.py:588} INFO - Filling up the DagBag from /opt/airflow/dags/our_first_dag.py
[2025-03-23T22:21:59.989+0000] {processor.py:925} INFO - DAG(s) 'our_first_dag' retrieved from /opt/airflow/dags/our_first_dag.py
[2025-03-23T22:22:00.010+0000] {logging_mixin.py:190} INFO - [2025-03-23T22:22:00.009+0000] {dag.py:3239} INFO - Sync 1 DAGs
[2025-03-23T22:22:00.026+0000] {logging_mixin.py:190} INFO - [2025-03-23T22:22:00.026+0000] {dag.py:4180} INFO - Setting next_dagrun for our_first_dag to 2025-03-23 00:00:00+00:00, run_after=2025-03-24 00:00:00+00:00
[2025-03-23T22:22:00.037+0000] {processor.py:208} INFO - Processing /opt/airflow/dags/our_first_dag.py took 0.072 seconds
[2025-03-23T22:22:30.330+0000] {processor.py:186} INFO - Started process (PID=1904) to work on /opt/airflow/dags/our_first_dag.py
[2025-03-23T22:22:30.331+0000] {processor.py:914} INFO - Processing file /opt/airflow/dags/our_first_dag.py for tasks to queue
[2025-03-23T22:22:30.332+0000] {logging_mixin.py:190} INFO - [2025-03-23T22:22:30.331+0000] {dagbag.py:588} INFO - Filling up the DagBag from /opt/airflow/dags/our_first_dag.py
[2025-03-23T22:22:30.342+0000] {processor.py:925} INFO - DAG(s) 'our_first_dag' retrieved from /opt/airflow/dags/our_first_dag.py
[2025-03-23T22:22:30.357+0000] {logging_mixin.py:190} INFO - [2025-03-23T22:22:30.357+0000] {dag.py:3239} INFO - Sync 1 DAGs
[2025-03-23T22:22:30.369+0000] {logging_mixin.py:190} INFO - [2025-03-23T22:22:30.369+0000] {dag.py:4180} INFO - Setting next_dagrun for our_first_dag to 2025-03-23 00:00:00+00:00, run_after=2025-03-24 00:00:00+00:00
[2025-03-23T22:22:30.380+0000] {processor.py:208} INFO - Processing /opt/airflow/dags/our_first_dag.py took 0.053 seconds
[2025-03-23T22:23:00.808+0000] {processor.py:186} INFO - Started process (PID=1925) to work on /opt/airflow/dags/our_first_dag.py
[2025-03-23T22:23:00.811+0000] {processor.py:914} INFO - Processing file /opt/airflow/dags/our_first_dag.py for tasks to queue
[2025-03-23T22:23:00.812+0000] {logging_mixin.py:190} INFO - [2025-03-23T22:23:00.812+0000] {dagbag.py:588} INFO - Filling up the DagBag from /opt/airflow/dags/our_first_dag.py
[2025-03-23T22:23:00.834+0000] {processor.py:925} INFO - DAG(s) 'our_first_dag' retrieved from /opt/airflow/dags/our_first_dag.py
[2025-03-23T22:23:00.853+0000] {logging_mixin.py:190} INFO - [2025-03-23T22:23:00.853+0000] {dag.py:3239} INFO - Sync 1 DAGs
[2025-03-23T22:23:00.868+0000] {logging_mixin.py:190} INFO - [2025-03-23T22:23:00.868+0000] {dag.py:4180} INFO - Setting next_dagrun for our_first_dag to 2025-03-23 00:00:00+00:00, run_after=2025-03-24 00:00:00+00:00
[2025-03-23T22:23:00.879+0000] {processor.py:208} INFO - Processing /opt/airflow/dags/our_first_dag.py took 0.079 seconds
[2025-03-23T22:23:31.259+0000] {processor.py:186} INFO - Started process (PID=1946) to work on /opt/airflow/dags/our_first_dag.py
[2025-03-23T22:23:31.260+0000] {processor.py:914} INFO - Processing file /opt/airflow/dags/our_first_dag.py for tasks to queue
[2025-03-23T22:23:31.264+0000] {logging_mixin.py:190} INFO - [2025-03-23T22:23:31.264+0000] {dagbag.py:588} INFO - Filling up the DagBag from /opt/airflow/dags/our_first_dag.py
[2025-03-23T22:23:31.272+0000] {processor.py:925} INFO - DAG(s) 'our_first_dag' retrieved from /opt/airflow/dags/our_first_dag.py
[2025-03-23T22:23:31.290+0000] {logging_mixin.py:190} INFO - [2025-03-23T22:23:31.290+0000] {dag.py:3239} INFO - Sync 1 DAGs
[2025-03-23T22:23:31.305+0000] {logging_mixin.py:190} INFO - [2025-03-23T22:23:31.305+0000] {dag.py:4180} INFO - Setting next_dagrun for our_first_dag to 2025-03-23 00:00:00+00:00, run_after=2025-03-24 00:00:00+00:00
[2025-03-23T22:23:31.317+0000] {processor.py:208} INFO - Processing /opt/airflow/dags/our_first_dag.py took 0.064 seconds
[2025-03-23T22:24:01.653+0000] {processor.py:186} INFO - Started process (PID=1967) to work on /opt/airflow/dags/our_first_dag.py
[2025-03-23T22:24:01.654+0000] {processor.py:914} INFO - Processing file /opt/airflow/dags/our_first_dag.py for tasks to queue
[2025-03-23T22:24:01.655+0000] {logging_mixin.py:190} INFO - [2025-03-23T22:24:01.655+0000] {dagbag.py:588} INFO - Filling up the DagBag from /opt/airflow/dags/our_first_dag.py
[2025-03-23T22:24:01.668+0000] {processor.py:925} INFO - DAG(s) 'our_first_dag' retrieved from /opt/airflow/dags/our_first_dag.py
[2025-03-23T22:24:01.687+0000] {logging_mixin.py:190} INFO - [2025-03-23T22:24:01.687+0000] {dag.py:3239} INFO - Sync 1 DAGs
[2025-03-23T22:24:01.703+0000] {logging_mixin.py:190} INFO - [2025-03-23T22:24:01.703+0000] {dag.py:4180} INFO - Setting next_dagrun for our_first_dag to 2025-03-23 00:00:00+00:00, run_after=2025-03-24 00:00:00+00:00
[2025-03-23T22:24:01.711+0000] {processor.py:208} INFO - Processing /opt/airflow/dags/our_first_dag.py took 0.065 seconds
[2025-03-23T22:24:32.029+0000] {processor.py:186} INFO - Started process (PID=1988) to work on /opt/airflow/dags/our_first_dag.py
[2025-03-23T22:24:32.029+0000] {processor.py:914} INFO - Processing file /opt/airflow/dags/our_first_dag.py for tasks to queue
[2025-03-23T22:24:32.031+0000] {logging_mixin.py:190} INFO - [2025-03-23T22:24:32.031+0000] {dagbag.py:588} INFO - Filling up the DagBag from /opt/airflow/dags/our_first_dag.py
[2025-03-23T22:24:32.043+0000] {processor.py:925} INFO - DAG(s) 'our_first_dag' retrieved from /opt/airflow/dags/our_first_dag.py
[2025-03-23T22:24:32.060+0000] {logging_mixin.py:190} INFO - [2025-03-23T22:24:32.060+0000] {dag.py:3239} INFO - Sync 1 DAGs
[2025-03-23T22:24:32.071+0000] {logging_mixin.py:190} INFO - [2025-03-23T22:24:32.071+0000] {dag.py:4180} INFO - Setting next_dagrun for our_first_dag to 2025-03-23 00:00:00+00:00, run_after=2025-03-24 00:00:00+00:00
[2025-03-23T22:24:32.083+0000] {processor.py:208} INFO - Processing /opt/airflow/dags/our_first_dag.py took 0.059 seconds
[2025-03-23T22:25:02.434+0000] {processor.py:186} INFO - Started process (PID=2009) to work on /opt/airflow/dags/our_first_dag.py
[2025-03-23T22:25:02.435+0000] {processor.py:914} INFO - Processing file /opt/airflow/dags/our_first_dag.py for tasks to queue
[2025-03-23T22:25:02.437+0000] {logging_mixin.py:190} INFO - [2025-03-23T22:25:02.437+0000] {dagbag.py:588} INFO - Filling up the DagBag from /opt/airflow/dags/our_first_dag.py
[2025-03-23T22:25:02.451+0000] {processor.py:925} INFO - DAG(s) 'our_first_dag' retrieved from /opt/airflow/dags/our_first_dag.py
[2025-03-23T22:25:02.471+0000] {logging_mixin.py:190} INFO - [2025-03-23T22:25:02.471+0000] {dag.py:3239} INFO - Sync 1 DAGs
[2025-03-23T22:25:02.485+0000] {logging_mixin.py:190} INFO - [2025-03-23T22:25:02.485+0000] {dag.py:4180} INFO - Setting next_dagrun for our_first_dag to 2025-03-23 00:00:00+00:00, run_after=2025-03-24 00:00:00+00:00
[2025-03-23T22:25:02.498+0000] {processor.py:208} INFO - Processing /opt/airflow/dags/our_first_dag.py took 0.071 seconds
[2025-03-23T22:25:32.819+0000] {processor.py:186} INFO - Started process (PID=2030) to work on /opt/airflow/dags/our_first_dag.py
[2025-03-23T22:25:32.820+0000] {processor.py:914} INFO - Processing file /opt/airflow/dags/our_first_dag.py for tasks to queue
[2025-03-23T22:25:32.823+0000] {logging_mixin.py:190} INFO - [2025-03-23T22:25:32.822+0000] {dagbag.py:588} INFO - Filling up the DagBag from /opt/airflow/dags/our_first_dag.py
[2025-03-23T22:25:32.838+0000] {processor.py:925} INFO - DAG(s) 'our_first_dag' retrieved from /opt/airflow/dags/our_first_dag.py
[2025-03-23T22:25:32.859+0000] {logging_mixin.py:190} INFO - [2025-03-23T22:25:32.859+0000] {dag.py:3239} INFO - Sync 1 DAGs
[2025-03-23T22:25:32.872+0000] {logging_mixin.py:190} INFO - [2025-03-23T22:25:32.872+0000] {dag.py:4180} INFO - Setting next_dagrun for our_first_dag to 2025-03-23 00:00:00+00:00, run_after=2025-03-24 00:00:00+00:00
[2025-03-23T22:25:32.883+0000] {processor.py:208} INFO - Processing /opt/airflow/dags/our_first_dag.py took 0.072 seconds
[2025-03-23T22:26:03.287+0000] {processor.py:186} INFO - Started process (PID=2056) to work on /opt/airflow/dags/our_first_dag.py
[2025-03-23T22:26:03.289+0000] {processor.py:914} INFO - Processing file /opt/airflow/dags/our_first_dag.py for tasks to queue
[2025-03-23T22:26:03.290+0000] {logging_mixin.py:190} INFO - [2025-03-23T22:26:03.290+0000] {dagbag.py:588} INFO - Filling up the DagBag from /opt/airflow/dags/our_first_dag.py
[2025-03-23T22:26:03.303+0000] {processor.py:925} INFO - DAG(s) 'our_first_dag' retrieved from /opt/airflow/dags/our_first_dag.py
[2025-03-23T22:26:03.324+0000] {logging_mixin.py:190} INFO - [2025-03-23T22:26:03.323+0000] {dag.py:3239} INFO - Sync 1 DAGs
[2025-03-23T22:26:03.339+0000] {logging_mixin.py:190} INFO - [2025-03-23T22:26:03.339+0000] {dag.py:4180} INFO - Setting next_dagrun for our_first_dag to 2025-03-23 00:00:00+00:00, run_after=2025-03-24 00:00:00+00:00
[2025-03-23T22:26:03.351+0000] {processor.py:208} INFO - Processing /opt/airflow/dags/our_first_dag.py took 0.071 seconds
[2025-03-23T22:26:33.676+0000] {processor.py:186} INFO - Started process (PID=2095) to work on /opt/airflow/dags/our_first_dag.py
[2025-03-23T22:26:33.677+0000] {processor.py:914} INFO - Processing file /opt/airflow/dags/our_first_dag.py for tasks to queue
[2025-03-23T22:26:33.679+0000] {logging_mixin.py:190} INFO - [2025-03-23T22:26:33.678+0000] {dagbag.py:588} INFO - Filling up the DagBag from /opt/airflow/dags/our_first_dag.py
[2025-03-23T22:26:33.694+0000] {processor.py:925} INFO - DAG(s) 'our_first_dag' retrieved from /opt/airflow/dags/our_first_dag.py
[2025-03-23T22:26:33.717+0000] {logging_mixin.py:190} INFO - [2025-03-23T22:26:33.717+0000] {dag.py:3239} INFO - Sync 1 DAGs
[2025-03-23T22:26:33.733+0000] {logging_mixin.py:190} INFO - [2025-03-23T22:26:33.733+0000] {dag.py:4180} INFO - Setting next_dagrun for our_first_dag to 2025-03-23 00:00:00+00:00, run_after=2025-03-24 00:00:00+00:00
[2025-03-23T22:26:33.746+0000] {processor.py:208} INFO - Processing /opt/airflow/dags/our_first_dag.py took 0.078 seconds
[2025-03-23T22:27:04.194+0000] {processor.py:186} INFO - Started process (PID=2122) to work on /opt/airflow/dags/our_first_dag.py
[2025-03-23T22:27:04.195+0000] {processor.py:914} INFO - Processing file /opt/airflow/dags/our_first_dag.py for tasks to queue
[2025-03-23T22:27:04.196+0000] {logging_mixin.py:190} INFO - [2025-03-23T22:27:04.195+0000] {dagbag.py:588} INFO - Filling up the DagBag from /opt/airflow/dags/our_first_dag.py
[2025-03-23T22:27:04.210+0000] {processor.py:925} INFO - DAG(s) 'our_first_dag' retrieved from /opt/airflow/dags/our_first_dag.py
[2025-03-23T22:27:04.231+0000] {logging_mixin.py:190} INFO - [2025-03-23T22:27:04.231+0000] {dag.py:3239} INFO - Sync 1 DAGs
[2025-03-23T22:27:04.246+0000] {logging_mixin.py:190} INFO - [2025-03-23T22:27:04.246+0000] {dag.py:4180} INFO - Setting next_dagrun for our_first_dag to 2025-03-23 00:00:00+00:00, run_after=2025-03-24 00:00:00+00:00
[2025-03-23T22:27:04.258+0000] {processor.py:208} INFO - Processing /opt/airflow/dags/our_first_dag.py took 0.070 seconds
[2025-03-23T22:27:34.732+0000] {processor.py:186} INFO - Started process (PID=2148) to work on /opt/airflow/dags/our_first_dag.py
[2025-03-23T22:27:34.733+0000] {processor.py:914} INFO - Processing file /opt/airflow/dags/our_first_dag.py for tasks to queue
[2025-03-23T22:27:34.736+0000] {logging_mixin.py:190} INFO - [2025-03-23T22:27:34.736+0000] {dagbag.py:588} INFO - Filling up the DagBag from /opt/airflow/dags/our_first_dag.py
[2025-03-23T22:27:34.745+0000] {processor.py:925} INFO - DAG(s) 'our_first_dag' retrieved from /opt/airflow/dags/our_first_dag.py
[2025-03-23T22:27:34.766+0000] {logging_mixin.py:190} INFO - [2025-03-23T22:27:34.766+0000] {dag.py:3239} INFO - Sync 1 DAGs
[2025-03-23T22:27:34.780+0000] {logging_mixin.py:190} INFO - [2025-03-23T22:27:34.780+0000] {dag.py:4180} INFO - Setting next_dagrun for our_first_dag to 2025-03-23 00:00:00+00:00, run_after=2025-03-24 00:00:00+00:00
[2025-03-23T22:27:34.792+0000] {processor.py:208} INFO - Processing /opt/airflow/dags/our_first_dag.py took 0.065 seconds
[2025-03-23T22:28:05.110+0000] {processor.py:186} INFO - Started process (PID=2174) to work on /opt/airflow/dags/our_first_dag.py
[2025-03-23T22:28:05.111+0000] {processor.py:914} INFO - Processing file /opt/airflow/dags/our_first_dag.py for tasks to queue
[2025-03-23T22:28:05.113+0000] {logging_mixin.py:190} INFO - [2025-03-23T22:28:05.112+0000] {dagbag.py:588} INFO - Filling up the DagBag from /opt/airflow/dags/our_first_dag.py
[2025-03-23T22:28:05.124+0000] {processor.py:925} INFO - DAG(s) 'our_first_dag' retrieved from /opt/airflow/dags/our_first_dag.py
[2025-03-23T22:28:05.142+0000] {logging_mixin.py:190} INFO - [2025-03-23T22:28:05.142+0000] {dag.py:3239} INFO - Sync 1 DAGs
[2025-03-23T22:28:05.154+0000] {logging_mixin.py:190} INFO - [2025-03-23T22:28:05.154+0000] {dag.py:4180} INFO - Setting next_dagrun for our_first_dag to 2025-03-23 00:00:00+00:00, run_after=2025-03-24 00:00:00+00:00
[2025-03-23T22:28:05.166+0000] {processor.py:208} INFO - Processing /opt/airflow/dags/our_first_dag.py took 0.061 seconds
[2025-03-23T22:28:35.617+0000] {processor.py:186} INFO - Started process (PID=2208) to work on /opt/airflow/dags/our_first_dag.py
[2025-03-23T22:28:35.621+0000] {processor.py:914} INFO - Processing file /opt/airflow/dags/our_first_dag.py for tasks to queue
[2025-03-23T22:28:35.622+0000] {logging_mixin.py:190} INFO - [2025-03-23T22:28:35.622+0000] {dagbag.py:588} INFO - Filling up the DagBag from /opt/airflow/dags/our_first_dag.py
[2025-03-23T22:28:35.638+0000] {processor.py:925} INFO - DAG(s) 'our_first_dag' retrieved from /opt/airflow/dags/our_first_dag.py
[2025-03-23T22:28:35.662+0000] {logging_mixin.py:190} INFO - [2025-03-23T22:28:35.662+0000] {dag.py:3239} INFO - Sync 1 DAGs
[2025-03-23T22:28:35.677+0000] {logging_mixin.py:190} INFO - [2025-03-23T22:28:35.677+0000] {dag.py:4180} INFO - Setting next_dagrun for our_first_dag to 2025-03-23 00:00:00+00:00, run_after=2025-03-24 00:00:00+00:00
[2025-03-23T22:28:35.690+0000] {processor.py:208} INFO - Processing /opt/airflow/dags/our_first_dag.py took 0.083 seconds
[2025-03-23T22:29:06.069+0000] {processor.py:186} INFO - Started process (PID=2235) to work on /opt/airflow/dags/our_first_dag.py
[2025-03-23T22:29:06.071+0000] {processor.py:914} INFO - Processing file /opt/airflow/dags/our_first_dag.py for tasks to queue
[2025-03-23T22:29:06.072+0000] {logging_mixin.py:190} INFO - [2025-03-23T22:29:06.072+0000] {dagbag.py:588} INFO - Filling up the DagBag from /opt/airflow/dags/our_first_dag.py
[2025-03-23T22:29:06.089+0000] {processor.py:925} INFO - DAG(s) 'our_first_dag' retrieved from /opt/airflow/dags/our_first_dag.py
[2025-03-23T22:29:06.115+0000] {logging_mixin.py:190} INFO - [2025-03-23T22:29:06.115+0000] {dag.py:3239} INFO - Sync 1 DAGs
[2025-03-23T22:29:06.136+0000] {logging_mixin.py:190} INFO - [2025-03-23T22:29:06.136+0000] {dag.py:4180} INFO - Setting next_dagrun for our_first_dag to 2025-03-23 00:00:00+00:00, run_after=2025-03-24 00:00:00+00:00
[2025-03-23T22:29:06.149+0000] {processor.py:208} INFO - Processing /opt/airflow/dags/our_first_dag.py took 0.086 seconds
[2025-03-23T22:29:36.535+0000] {processor.py:186} INFO - Started process (PID=2261) to work on /opt/airflow/dags/our_first_dag.py
[2025-03-23T22:29:36.536+0000] {processor.py:914} INFO - Processing file /opt/airflow/dags/our_first_dag.py for tasks to queue
[2025-03-23T22:29:36.538+0000] {logging_mixin.py:190} INFO - [2025-03-23T22:29:36.538+0000] {dagbag.py:588} INFO - Filling up the DagBag from /opt/airflow/dags/our_first_dag.py
[2025-03-23T22:29:36.551+0000] {processor.py:925} INFO - DAG(s) 'our_first_dag' retrieved from /opt/airflow/dags/our_first_dag.py
[2025-03-23T22:29:36.574+0000] {logging_mixin.py:190} INFO - [2025-03-23T22:29:36.574+0000] {dag.py:3239} INFO - Sync 1 DAGs
[2025-03-23T22:29:36.589+0000] {logging_mixin.py:190} INFO - [2025-03-23T22:29:36.589+0000] {dag.py:4180} INFO - Setting next_dagrun for our_first_dag to 2025-03-23 00:00:00+00:00, run_after=2025-03-24 00:00:00+00:00
[2025-03-23T22:29:36.602+0000] {processor.py:208} INFO - Processing /opt/airflow/dags/our_first_dag.py took 0.073 seconds
[2025-03-23T22:30:07.043+0000] {processor.py:186} INFO - Started process (PID=2294) to work on /opt/airflow/dags/our_first_dag.py
[2025-03-23T22:30:07.044+0000] {processor.py:914} INFO - Processing file /opt/airflow/dags/our_first_dag.py for tasks to queue
[2025-03-23T22:30:07.046+0000] {logging_mixin.py:190} INFO - [2025-03-23T22:30:07.045+0000] {dagbag.py:588} INFO - Filling up the DagBag from /opt/airflow/dags/our_first_dag.py
[2025-03-23T22:30:07.057+0000] {processor.py:925} INFO - DAG(s) 'our_first_dag' retrieved from /opt/airflow/dags/our_first_dag.py
[2025-03-23T22:30:07.075+0000] {logging_mixin.py:190} INFO - [2025-03-23T22:30:07.075+0000] {dag.py:3239} INFO - Sync 1 DAGs
[2025-03-23T22:30:07.087+0000] {logging_mixin.py:190} INFO - [2025-03-23T22:30:07.087+0000] {dag.py:4180} INFO - Setting next_dagrun for our_first_dag to 2025-03-23 00:00:00+00:00, run_after=2025-03-24 00:00:00+00:00
[2025-03-23T22:30:07.098+0000] {processor.py:208} INFO - Processing /opt/airflow/dags/our_first_dag.py took 0.061 seconds
[2025-03-23T22:30:37.388+0000] {processor.py:186} INFO - Started process (PID=2319) to work on /opt/airflow/dags/our_first_dag.py
[2025-03-23T22:30:37.389+0000] {processor.py:914} INFO - Processing file /opt/airflow/dags/our_first_dag.py for tasks to queue
[2025-03-23T22:30:37.391+0000] {logging_mixin.py:190} INFO - [2025-03-23T22:30:37.391+0000] {dagbag.py:588} INFO - Filling up the DagBag from /opt/airflow/dags/our_first_dag.py
[2025-03-23T22:30:37.417+0000] {processor.py:925} INFO - DAG(s) 'our_first_dag' retrieved from /opt/airflow/dags/our_first_dag.py
[2025-03-23T22:30:37.441+0000] {logging_mixin.py:190} INFO - [2025-03-23T22:30:37.441+0000] {dag.py:3239} INFO - Sync 1 DAGs
[2025-03-23T22:30:37.469+0000] {logging_mixin.py:190} INFO - [2025-03-23T22:30:37.469+0000] {dag.py:4180} INFO - Setting next_dagrun for our_first_dag to 2025-03-23 00:00:00+00:00, run_after=2025-03-24 00:00:00+00:00
[2025-03-23T22:30:37.502+0000] {processor.py:208} INFO - Processing /opt/airflow/dags/our_first_dag.py took 0.120 seconds
[2025-03-23T22:31:07.893+0000] {processor.py:186} INFO - Started process (PID=2562) to work on /opt/airflow/dags/our_first_dag.py
[2025-03-23T22:31:07.895+0000] {processor.py:914} INFO - Processing file /opt/airflow/dags/our_first_dag.py for tasks to queue
[2025-03-23T22:31:07.897+0000] {logging_mixin.py:190} INFO - [2025-03-23T22:31:07.896+0000] {dagbag.py:588} INFO - Filling up the DagBag from /opt/airflow/dags/our_first_dag.py
[2025-03-23T22:31:07.920+0000] {processor.py:925} INFO - DAG(s) 'our_first_dag' retrieved from /opt/airflow/dags/our_first_dag.py
[2025-03-23T22:31:07.958+0000] {logging_mixin.py:190} INFO - [2025-03-23T22:31:07.958+0000] {dag.py:3239} INFO - Sync 1 DAGs
[2025-03-23T22:31:07.980+0000] {logging_mixin.py:190} INFO - [2025-03-23T22:31:07.980+0000] {dag.py:4180} INFO - Setting next_dagrun for our_first_dag to 2025-03-23 00:00:00+00:00, run_after=2025-03-24 00:00:00+00:00
[2025-03-23T22:31:08.002+0000] {processor.py:208} INFO - Processing /opt/airflow/dags/our_first_dag.py took 0.118 seconds
[2025-03-23T22:31:38.376+0000] {processor.py:186} INFO - Started process (PID=2589) to work on /opt/airflow/dags/our_first_dag.py
[2025-03-23T22:31:38.377+0000] {processor.py:914} INFO - Processing file /opt/airflow/dags/our_first_dag.py for tasks to queue
[2025-03-23T22:31:38.378+0000] {logging_mixin.py:190} INFO - [2025-03-23T22:31:38.378+0000] {dagbag.py:588} INFO - Filling up the DagBag from /opt/airflow/dags/our_first_dag.py
[2025-03-23T22:31:38.389+0000] {processor.py:925} INFO - DAG(s) 'our_first_dag' retrieved from /opt/airflow/dags/our_first_dag.py
[2025-03-23T22:31:38.407+0000] {logging_mixin.py:190} INFO - [2025-03-23T22:31:38.407+0000] {dag.py:3239} INFO - Sync 1 DAGs
[2025-03-23T22:31:38.420+0000] {logging_mixin.py:190} INFO - [2025-03-23T22:31:38.420+0000] {dag.py:4180} INFO - Setting next_dagrun for our_first_dag to 2025-03-23 00:00:00+00:00, run_after=2025-03-24 00:00:00+00:00
[2025-03-23T22:31:38.433+0000] {processor.py:208} INFO - Processing /opt/airflow/dags/our_first_dag.py took 0.060 seconds
[2025-03-23T22:32:08.824+0000] {processor.py:186} INFO - Started process (PID=2615) to work on /opt/airflow/dags/our_first_dag.py
[2025-03-23T22:32:08.826+0000] {processor.py:914} INFO - Processing file /opt/airflow/dags/our_first_dag.py for tasks to queue
[2025-03-23T22:32:08.828+0000] {logging_mixin.py:190} INFO - [2025-03-23T22:32:08.828+0000] {dagbag.py:588} INFO - Filling up the DagBag from /opt/airflow/dags/our_first_dag.py
[2025-03-23T22:32:08.838+0000] {processor.py:925} INFO - DAG(s) 'our_first_dag' retrieved from /opt/airflow/dags/our_first_dag.py
[2025-03-23T22:32:08.856+0000] {logging_mixin.py:190} INFO - [2025-03-23T22:32:08.856+0000] {dag.py:3239} INFO - Sync 1 DAGs
[2025-03-23T22:32:08.872+0000] {logging_mixin.py:190} INFO - [2025-03-23T22:32:08.872+0000] {dag.py:4180} INFO - Setting next_dagrun for our_first_dag to 2025-03-23 00:00:00+00:00, run_after=2025-03-24 00:00:00+00:00
[2025-03-23T22:32:08.882+0000] {processor.py:208} INFO - Processing /opt/airflow/dags/our_first_dag.py took 0.065 seconds
[2025-03-23T22:32:39.293+0000] {processor.py:186} INFO - Started process (PID=2641) to work on /opt/airflow/dags/our_first_dag.py
[2025-03-23T22:32:39.294+0000] {processor.py:914} INFO - Processing file /opt/airflow/dags/our_first_dag.py for tasks to queue
[2025-03-23T22:32:39.296+0000] {logging_mixin.py:190} INFO - [2025-03-23T22:32:39.295+0000] {dagbag.py:588} INFO - Filling up the DagBag from /opt/airflow/dags/our_first_dag.py
[2025-03-23T22:32:39.308+0000] {processor.py:925} INFO - DAG(s) 'our_first_dag' retrieved from /opt/airflow/dags/our_first_dag.py
[2025-03-23T22:32:39.327+0000] {logging_mixin.py:190} INFO - [2025-03-23T22:32:39.327+0000] {dag.py:3239} INFO - Sync 1 DAGs
[2025-03-23T22:32:39.342+0000] {logging_mixin.py:190} INFO - [2025-03-23T22:32:39.341+0000] {dag.py:4180} INFO - Setting next_dagrun for our_first_dag to 2025-03-23 00:00:00+00:00, run_after=2025-03-24 00:00:00+00:00
[2025-03-23T22:32:39.354+0000] {processor.py:208} INFO - Processing /opt/airflow/dags/our_first_dag.py took 0.067 seconds
[2025-03-23T22:33:09.671+0000] {processor.py:186} INFO - Started process (PID=2667) to work on /opt/airflow/dags/our_first_dag.py
[2025-03-23T22:33:09.673+0000] {processor.py:914} INFO - Processing file /opt/airflow/dags/our_first_dag.py for tasks to queue
[2025-03-23T22:33:09.674+0000] {logging_mixin.py:190} INFO - [2025-03-23T22:33:09.674+0000] {dagbag.py:588} INFO - Filling up the DagBag from /opt/airflow/dags/our_first_dag.py
[2025-03-23T22:33:09.691+0000] {processor.py:925} INFO - DAG(s) 'our_first_dag' retrieved from /opt/airflow/dags/our_first_dag.py
[2025-03-23T22:33:09.713+0000] {logging_mixin.py:190} INFO - [2025-03-23T22:33:09.713+0000] {dag.py:3239} INFO - Sync 1 DAGs
[2025-03-23T22:33:09.734+0000] {logging_mixin.py:190} INFO - [2025-03-23T22:33:09.734+0000] {dag.py:4180} INFO - Setting next_dagrun for our_first_dag to 2025-03-23 00:00:00+00:00, run_after=2025-03-24 00:00:00+00:00
[2025-03-23T22:33:09.746+0000] {processor.py:208} INFO - Processing /opt/airflow/dags/our_first_dag.py took 0.083 seconds
[2025-03-23T22:33:40.095+0000] {processor.py:186} INFO - Started process (PID=2693) to work on /opt/airflow/dags/our_first_dag.py
[2025-03-23T22:33:40.096+0000] {processor.py:914} INFO - Processing file /opt/airflow/dags/our_first_dag.py for tasks to queue
[2025-03-23T22:33:40.098+0000] {logging_mixin.py:190} INFO - [2025-03-23T22:33:40.098+0000] {dagbag.py:588} INFO - Filling up the DagBag from /opt/airflow/dags/our_first_dag.py
[2025-03-23T22:33:40.111+0000] {processor.py:925} INFO - DAG(s) 'our_first_dag' retrieved from /opt/airflow/dags/our_first_dag.py
[2025-03-23T22:33:40.132+0000] {logging_mixin.py:190} INFO - [2025-03-23T22:33:40.132+0000] {dag.py:3239} INFO - Sync 1 DAGs
[2025-03-23T22:33:40.144+0000] {logging_mixin.py:190} INFO - [2025-03-23T22:33:40.144+0000] {dag.py:4180} INFO - Setting next_dagrun for our_first_dag to 2025-03-23 00:00:00+00:00, run_after=2025-03-24 00:00:00+00:00
[2025-03-23T22:33:40.157+0000] {processor.py:208} INFO - Processing /opt/airflow/dags/our_first_dag.py took 0.068 seconds
[2025-03-23T22:34:10.595+0000] {processor.py:186} INFO - Started process (PID=2719) to work on /opt/airflow/dags/our_first_dag.py
[2025-03-23T22:34:10.597+0000] {processor.py:914} INFO - Processing file /opt/airflow/dags/our_first_dag.py for tasks to queue
[2025-03-23T22:34:10.599+0000] {logging_mixin.py:190} INFO - [2025-03-23T22:34:10.599+0000] {dagbag.py:588} INFO - Filling up the DagBag from /opt/airflow/dags/our_first_dag.py
[2025-03-23T22:34:10.621+0000] {processor.py:925} INFO - DAG(s) 'our_first_dag' retrieved from /opt/airflow/dags/our_first_dag.py
[2025-03-23T22:34:10.645+0000] {logging_mixin.py:190} INFO - [2025-03-23T22:34:10.645+0000] {dag.py:3239} INFO - Sync 1 DAGs
[2025-03-23T22:34:10.661+0000] {logging_mixin.py:190} INFO - [2025-03-23T22:34:10.660+0000] {dag.py:4180} INFO - Setting next_dagrun for our_first_dag to 2025-03-23 00:00:00+00:00, run_after=2025-03-24 00:00:00+00:00
[2025-03-23T22:34:10.674+0000] {processor.py:208} INFO - Processing /opt/airflow/dags/our_first_dag.py took 0.099 seconds
[2025-03-23T22:34:41.007+0000] {processor.py:186} INFO - Started process (PID=2745) to work on /opt/airflow/dags/our_first_dag.py
[2025-03-23T22:34:41.008+0000] {processor.py:914} INFO - Processing file /opt/airflow/dags/our_first_dag.py for tasks to queue
[2025-03-23T22:34:41.009+0000] {logging_mixin.py:190} INFO - [2025-03-23T22:34:41.008+0000] {dagbag.py:588} INFO - Filling up the DagBag from /opt/airflow/dags/our_first_dag.py
[2025-03-23T22:34:41.025+0000] {processor.py:925} INFO - DAG(s) 'our_first_dag' retrieved from /opt/airflow/dags/our_first_dag.py
[2025-03-23T22:34:41.048+0000] {logging_mixin.py:190} INFO - [2025-03-23T22:34:41.047+0000] {dag.py:3239} INFO - Sync 1 DAGs
[2025-03-23T22:34:41.060+0000] {logging_mixin.py:190} INFO - [2025-03-23T22:34:41.060+0000] {dag.py:4180} INFO - Setting next_dagrun for our_first_dag to 2025-03-23 00:00:00+00:00, run_after=2025-03-24 00:00:00+00:00
[2025-03-23T22:34:41.071+0000] {processor.py:208} INFO - Processing /opt/airflow/dags/our_first_dag.py took 0.070 seconds
[2025-03-23T22:35:11.524+0000] {processor.py:186} INFO - Started process (PID=2771) to work on /opt/airflow/dags/our_first_dag.py
[2025-03-23T22:35:11.526+0000] {processor.py:914} INFO - Processing file /opt/airflow/dags/our_first_dag.py for tasks to queue
[2025-03-23T22:35:11.529+0000] {logging_mixin.py:190} INFO - [2025-03-23T22:35:11.528+0000] {dagbag.py:588} INFO - Filling up the DagBag from /opt/airflow/dags/our_first_dag.py
[2025-03-23T22:35:11.541+0000] {processor.py:925} INFO - DAG(s) 'our_first_dag' retrieved from /opt/airflow/dags/our_first_dag.py
[2025-03-23T22:35:11.560+0000] {logging_mixin.py:190} INFO - [2025-03-23T22:35:11.560+0000] {dag.py:3239} INFO - Sync 1 DAGs
[2025-03-23T22:35:11.574+0000] {logging_mixin.py:190} INFO - [2025-03-23T22:35:11.573+0000] {dag.py:4180} INFO - Setting next_dagrun for our_first_dag to 2025-03-23 00:00:00+00:00, run_after=2025-03-24 00:00:00+00:00
[2025-03-23T22:35:11.586+0000] {processor.py:208} INFO - Processing /opt/airflow/dags/our_first_dag.py took 0.068 seconds
[2025-03-23T22:35:41.987+0000] {processor.py:186} INFO - Started process (PID=2797) to work on /opt/airflow/dags/our_first_dag.py
[2025-03-23T22:35:41.989+0000] {processor.py:914} INFO - Processing file /opt/airflow/dags/our_first_dag.py for tasks to queue
[2025-03-23T22:35:41.990+0000] {logging_mixin.py:190} INFO - [2025-03-23T22:35:41.989+0000] {dagbag.py:588} INFO - Filling up the DagBag from /opt/airflow/dags/our_first_dag.py
[2025-03-23T22:35:42.005+0000] {processor.py:925} INFO - DAG(s) 'our_first_dag' retrieved from /opt/airflow/dags/our_first_dag.py
[2025-03-23T22:35:42.024+0000] {logging_mixin.py:190} INFO - [2025-03-23T22:35:42.024+0000] {dag.py:3239} INFO - Sync 1 DAGs
[2025-03-23T22:35:42.039+0000] {logging_mixin.py:190} INFO - [2025-03-23T22:35:42.039+0000] {dag.py:4180} INFO - Setting next_dagrun for our_first_dag to 2025-03-23 00:00:00+00:00, run_after=2025-03-24 00:00:00+00:00
[2025-03-23T22:35:42.050+0000] {processor.py:208} INFO - Processing /opt/airflow/dags/our_first_dag.py took 0.071 seconds
[2025-03-23T22:36:12.533+0000] {processor.py:186} INFO - Started process (PID=2822) to work on /opt/airflow/dags/our_first_dag.py
[2025-03-23T22:36:12.536+0000] {processor.py:914} INFO - Processing file /opt/airflow/dags/our_first_dag.py for tasks to queue
[2025-03-23T22:36:12.538+0000] {logging_mixin.py:190} INFO - [2025-03-23T22:36:12.538+0000] {dagbag.py:588} INFO - Filling up the DagBag from /opt/airflow/dags/our_first_dag.py
[2025-03-23T22:36:12.557+0000] {processor.py:925} INFO - DAG(s) 'our_first_dag' retrieved from /opt/airflow/dags/our_first_dag.py
[2025-03-23T22:36:12.584+0000] {logging_mixin.py:190} INFO - [2025-03-23T22:36:12.583+0000] {dag.py:3239} INFO - Sync 1 DAGs
[2025-03-23T22:36:12.605+0000] {logging_mixin.py:190} INFO - [2025-03-23T22:36:12.605+0000] {dag.py:4180} INFO - Setting next_dagrun for our_first_dag to 2025-03-23 00:00:00+00:00, run_after=2025-03-24 00:00:00+00:00
[2025-03-23T22:36:12.618+0000] {processor.py:208} INFO - Processing /opt/airflow/dags/our_first_dag.py took 0.094 seconds
[2025-03-23T22:36:42.959+0000] {processor.py:186} INFO - Started process (PID=2850) to work on /opt/airflow/dags/our_first_dag.py
[2025-03-23T22:36:42.960+0000] {processor.py:914} INFO - Processing file /opt/airflow/dags/our_first_dag.py for tasks to queue
[2025-03-23T22:36:42.961+0000] {logging_mixin.py:190} INFO - [2025-03-23T22:36:42.961+0000] {dagbag.py:588} INFO - Filling up the DagBag from /opt/airflow/dags/our_first_dag.py
[2025-03-23T22:36:42.974+0000] {processor.py:925} INFO - DAG(s) 'our_first_dag' retrieved from /opt/airflow/dags/our_first_dag.py
[2025-03-23T22:36:42.994+0000] {logging_mixin.py:190} INFO - [2025-03-23T22:36:42.994+0000] {dag.py:3239} INFO - Sync 1 DAGs
[2025-03-23T22:36:43.009+0000] {logging_mixin.py:190} INFO - [2025-03-23T22:36:43.009+0000] {dag.py:4180} INFO - Setting next_dagrun for our_first_dag to 2025-03-23 00:00:00+00:00, run_after=2025-03-24 00:00:00+00:00
[2025-03-23T22:36:43.022+0000] {processor.py:208} INFO - Processing /opt/airflow/dags/our_first_dag.py took 0.070 seconds
[2025-03-23T22:37:13.428+0000] {processor.py:186} INFO - Started process (PID=2876) to work on /opt/airflow/dags/our_first_dag.py
[2025-03-23T22:37:13.430+0000] {processor.py:914} INFO - Processing file /opt/airflow/dags/our_first_dag.py for tasks to queue
[2025-03-23T22:37:13.432+0000] {logging_mixin.py:190} INFO - [2025-03-23T22:37:13.432+0000] {dagbag.py:588} INFO - Filling up the DagBag from /opt/airflow/dags/our_first_dag.py
[2025-03-23T22:37:13.447+0000] {processor.py:925} INFO - DAG(s) 'our_first_dag' retrieved from /opt/airflow/dags/our_first_dag.py
[2025-03-23T22:37:13.474+0000] {logging_mixin.py:190} INFO - [2025-03-23T22:37:13.474+0000] {dag.py:3239} INFO - Sync 1 DAGs
[2025-03-23T22:37:13.491+0000] {logging_mixin.py:190} INFO - [2025-03-23T22:37:13.491+0000] {dag.py:4180} INFO - Setting next_dagrun for our_first_dag to 2025-03-23 00:00:00+00:00, run_after=2025-03-24 00:00:00+00:00
[2025-03-23T22:37:13.504+0000] {processor.py:208} INFO - Processing /opt/airflow/dags/our_first_dag.py took 0.082 seconds
[2025-03-23T22:37:43.885+0000] {processor.py:186} INFO - Started process (PID=2902) to work on /opt/airflow/dags/our_first_dag.py
[2025-03-23T22:37:43.886+0000] {processor.py:914} INFO - Processing file /opt/airflow/dags/our_first_dag.py for tasks to queue
[2025-03-23T22:37:43.887+0000] {logging_mixin.py:190} INFO - [2025-03-23T22:37:43.887+0000] {dagbag.py:588} INFO - Filling up the DagBag from /opt/airflow/dags/our_first_dag.py
[2025-03-23T22:37:43.901+0000] {processor.py:925} INFO - DAG(s) 'our_first_dag' retrieved from /opt/airflow/dags/our_first_dag.py
[2025-03-23T22:37:43.925+0000] {logging_mixin.py:190} INFO - [2025-03-23T22:37:43.925+0000] {dag.py:3239} INFO - Sync 1 DAGs
[2025-03-23T22:37:43.938+0000] {logging_mixin.py:190} INFO - [2025-03-23T22:37:43.938+0000] {dag.py:4180} INFO - Setting next_dagrun for our_first_dag to 2025-03-23 00:00:00+00:00, run_after=2025-03-24 00:00:00+00:00
[2025-03-23T22:37:43.951+0000] {processor.py:208} INFO - Processing /opt/airflow/dags/our_first_dag.py took 0.071 seconds
[2025-03-23T22:38:14.327+0000] {processor.py:186} INFO - Started process (PID=2928) to work on /opt/airflow/dags/our_first_dag.py
[2025-03-23T22:38:14.328+0000] {processor.py:914} INFO - Processing file /opt/airflow/dags/our_first_dag.py for tasks to queue
[2025-03-23T22:38:14.329+0000] {logging_mixin.py:190} INFO - [2025-03-23T22:38:14.329+0000] {dagbag.py:588} INFO - Filling up the DagBag from /opt/airflow/dags/our_first_dag.py
[2025-03-23T22:38:14.341+0000] {processor.py:925} INFO - DAG(s) 'our_first_dag' retrieved from /opt/airflow/dags/our_first_dag.py
[2025-03-23T22:38:14.361+0000] {logging_mixin.py:190} INFO - [2025-03-23T22:38:14.361+0000] {dag.py:3239} INFO - Sync 1 DAGs
[2025-03-23T22:38:14.373+0000] {logging_mixin.py:190} INFO - [2025-03-23T22:38:14.373+0000] {dag.py:4180} INFO - Setting next_dagrun for our_first_dag to 2025-03-23 00:00:00+00:00, run_after=2025-03-24 00:00:00+00:00
[2025-03-23T22:38:14.388+0000] {processor.py:208} INFO - Processing /opt/airflow/dags/our_first_dag.py took 0.067 seconds
[2025-03-23T22:38:44.781+0000] {processor.py:186} INFO - Started process (PID=2954) to work on /opt/airflow/dags/our_first_dag.py
[2025-03-23T22:38:44.782+0000] {processor.py:914} INFO - Processing file /opt/airflow/dags/our_first_dag.py for tasks to queue
[2025-03-23T22:38:44.784+0000] {logging_mixin.py:190} INFO - [2025-03-23T22:38:44.783+0000] {dagbag.py:588} INFO - Filling up the DagBag from /opt/airflow/dags/our_first_dag.py
[2025-03-23T22:38:44.798+0000] {processor.py:925} INFO - DAG(s) 'our_first_dag' retrieved from /opt/airflow/dags/our_first_dag.py
[2025-03-23T22:38:44.818+0000] {logging_mixin.py:190} INFO - [2025-03-23T22:38:44.818+0000] {dag.py:3239} INFO - Sync 1 DAGs
[2025-03-23T22:38:44.832+0000] {logging_mixin.py:190} INFO - [2025-03-23T22:38:44.832+0000] {dag.py:4180} INFO - Setting next_dagrun for our_first_dag to 2025-03-23 00:00:00+00:00, run_after=2025-03-24 00:00:00+00:00
[2025-03-23T22:38:44.843+0000] {processor.py:208} INFO - Processing /opt/airflow/dags/our_first_dag.py took 0.069 seconds
