[2025-03-17T23:34:49.981+0000] {local_task_job_runner.py:123} INFO - ::group::Pre task execution logs
[2025-03-17T23:34:50.013+0000] {taskinstance.py:2614} INFO - Dependencies all met for dep_context=non-requeueable deps ti=<TaskInstance: example_bash_decorator.runme_1 manual__2025-03-17T23:34:47.415930+00:00 [queued]>
[2025-03-17T23:34:50.023+0000] {taskinstance.py:2614} INFO - Dependencies all met for dep_context=requeueable deps ti=<TaskInstance: example_bash_decorator.runme_1 manual__2025-03-17T23:34:47.415930+00:00 [queued]>
[2025-03-17T23:34:50.029+0000] {taskinstance.py:2867} INFO - Starting attempt 1 of 1
[2025-03-17T23:34:50.042+0000] {taskinstance.py:2890} INFO - Executing <Task(_BashDecoratedOperator): runme_1> on 2025-03-17 23:34:47.415930+00:00
[2025-03-17T23:34:50.062+0000] {standard_task_runner.py:104} INFO - Running: ['***', 'tasks', 'run', 'example_bash_decorator', 'runme_1', 'manual__2025-03-17T23:34:47.415930+00:00', '--job-id', '6', '--raw', '--subdir', '/home/***/.local/lib/python3.12/site-packages/***/example_dags/example_bash_decorator.py', '--cfg-path', '/tmp/tmp8j57u_xt']
[2025-03-17T23:34:50.068+0000] {standard_task_runner.py:105} INFO - Job 6: Subtask runme_1
[2025-03-17T23:34:50.066+0000] {logging_mixin.py:190} WARNING - /home/***/.local/lib/python3.12/site-packages/***/task/task_runner/standard_task_runner.py:70 DeprecationWarning: This process (pid=7757) is multi-threaded, use of fork() may lead to deadlocks in the child.
[2025-03-17T23:34:50.072+0000] {standard_task_runner.py:72} INFO - Started process 7785 to run task
[2025-03-17T23:34:50.253+0000] {task_command.py:467} INFO - Running <TaskInstance: example_bash_decorator.runme_1 manual__2025-03-17T23:34:47.415930+00:00 [running]> on host e33ce2890154
[2025-03-17T23:34:50.406+0000] {taskinstance.py:3134} INFO - Exporting env vars: AIRFLOW_CTX_DAG_OWNER='***' AIRFLOW_CTX_DAG_ID='example_bash_decorator' AIRFLOW_CTX_TASK_ID='runme_1' AIRFLOW_CTX_EXECUTION_DATE='2025-03-17T23:34:47.415930+00:00' AIRFLOW_CTX_TRY_NUMBER='1' AIRFLOW_CTX_DAG_RUN_ID='manual__2025-03-17T23:34:47.415930+00:00'
[2025-03-17T23:34:50.411+0000] {logging_mixin.py:190} INFO - Task instance is in running state
[2025-03-17T23:34:50.413+0000] {logging_mixin.py:190} INFO -  Previous state of the Task instance: queued
[2025-03-17T23:34:50.422+0000] {logging_mixin.py:190} INFO - Current task name:runme_1 state:running start_date:2025-03-17 23:34:50.017396+00:00
[2025-03-17T23:34:50.432+0000] {logging_mixin.py:190} INFO - Dag name:example_bash_decorator and current dag run status:running
[2025-03-17T23:34:50.432+0000] {taskinstance.py:732} INFO - ::endgroup::
[2025-03-17T23:34:50.465+0000] {subprocess.py:78} INFO - Tmp dir root location: /tmp
[2025-03-17T23:34:50.465+0000] {subprocess.py:88} INFO - Running command: ['/usr/bin/bash', '-c', 'echo example_bash_decorator__runme_1__20250317 && sleep 1']
[2025-03-17T23:34:50.517+0000] {subprocess.py:99} INFO - Output:
[2025-03-17T23:34:50.520+0000] {subprocess.py:106} INFO - example_bash_decorator__runme_1__20250317
[2025-03-17T23:34:51.522+0000] {subprocess.py:110} INFO - Command exited with return code 0
[2025-03-17T23:34:51.560+0000] {taskinstance.py:341} INFO - ::group::Post task execution logs
[2025-03-17T23:34:51.561+0000] {taskinstance.py:353} INFO - Marking task as SUCCESS. dag_id=example_bash_decorator, task_id=runme_1, run_id=manual__2025-03-17T23:34:47.415930+00:00, execution_date=20250317T233447, start_date=20250317T233450, end_date=20250317T233451
[2025-03-17T23:34:51.575+0000] {logging_mixin.py:190} INFO - Task instance in success state
[2025-03-17T23:34:51.575+0000] {logging_mixin.py:190} INFO -  Previous state of the Task instance: running
[2025-03-17T23:34:51.575+0000] {logging_mixin.py:190} INFO - Dag name:example_bash_decorator queued_at:2025-03-17 23:34:47.439331+00:00
[2025-03-17T23:34:51.576+0000] {logging_mixin.py:190} INFO - Task hostname:e33ce2890154 operator:_BashDecoratedOperator
[2025-03-17T23:34:51.609+0000] {local_task_job_runner.py:266} INFO - Task exited with return code 0
[2025-03-17T23:34:51.649+0000] {taskinstance.py:3901} INFO - 0 downstream tasks scheduled from follow-on schedule check
[2025-03-17T23:34:51.650+0000] {local_task_job_runner.py:245} INFO - ::endgroup::
