[2025-03-17T23:21:36.634+0000] {processor.py:186} INFO - Started process (PID=397) to work on /home/airflow/.local/lib/python3.12/site-packages/airflow/example_dags/example_workday_timetable.py
[2025-03-17T23:21:36.635+0000] {processor.py:914} INFO - Processing file /home/airflow/.local/lib/python3.12/site-packages/airflow/example_dags/example_workday_timetable.py for tasks to queue
[2025-03-17T23:21:36.636+0000] {logging_mixin.py:190} INFO - [2025-03-17T23:21:36.636+0000] {dagbag.py:588} INFO - Filling up the DagBag from /home/airflow/.local/lib/python3.12/site-packages/airflow/example_dags/example_workday_timetable.py
[2025-03-17T23:21:36.639+0000] {processor.py:925} INFO - DAG(s) 'example_workday_timetable' retrieved from /home/airflow/.local/lib/python3.12/site-packages/airflow/example_dags/example_workday_timetable.py
[2025-03-17T23:21:36.687+0000] {logging_mixin.py:190} INFO - [2025-03-17T23:21:36.687+0000] {override.py:1912} INFO - Created Permission View: can edit on DAG:example_workday_timetable
[2025-03-17T23:21:36.694+0000] {logging_mixin.py:190} INFO - [2025-03-17T23:21:36.694+0000] {override.py:1912} INFO - Created Permission View: can read on DAG:example_workday_timetable
[2025-03-17T23:21:36.697+0000] {logging_mixin.py:190} INFO - [2025-03-17T23:21:36.697+0000] {override.py:1912} INFO - Created Permission View: can delete on DAG:example_workday_timetable
[2025-03-17T23:21:36.700+0000] {logging_mixin.py:190} INFO - [2025-03-17T23:21:36.700+0000] {override.py:1912} INFO - Created Permission View: can create on DAG Run:example_workday_timetable
[2025-03-17T23:21:36.703+0000] {logging_mixin.py:190} INFO - [2025-03-17T23:21:36.703+0000] {override.py:1912} INFO - Created Permission View: menu access on DAG Run:example_workday_timetable
[2025-03-17T23:21:36.706+0000] {logging_mixin.py:190} INFO - [2025-03-17T23:21:36.705+0000] {override.py:1912} INFO - Created Permission View: can read on DAG Run:example_workday_timetable
[2025-03-17T23:21:36.708+0000] {logging_mixin.py:190} INFO - [2025-03-17T23:21:36.708+0000] {override.py:1912} INFO - Created Permission View: can delete on DAG Run:example_workday_timetable
[2025-03-17T23:21:36.708+0000] {logging_mixin.py:190} INFO - [2025-03-17T23:21:36.708+0000] {dag.py:3239} INFO - Sync 1 DAGs
[2025-03-17T23:21:36.714+0000] {logging_mixin.py:190} INFO - [2025-03-17T23:21:36.714+0000] {dag.py:3262} INFO - Creating ORM DAG for example_workday_timetable
[2025-03-17T23:21:36.740+0000] {logging_mixin.py:190} INFO - [2025-03-17T23:21:36.740+0000] {dag.py:4180} INFO - Setting next_dagrun for example_workday_timetable to 2021-01-04 00:00:00+00:00, run_after=2021-01-05 00:00:00+00:00
[2025-03-17T23:21:36.749+0000] {processor.py:208} INFO - Processing /home/airflow/.local/lib/python3.12/site-packages/airflow/example_dags/example_workday_timetable.py took 0.117 seconds
[2025-03-17T23:22:06.852+0000] {processor.py:186} INFO - Started process (PID=688) to work on /home/airflow/.local/lib/python3.12/site-packages/airflow/example_dags/example_workday_timetable.py
[2025-03-17T23:22:06.852+0000] {processor.py:914} INFO - Processing file /home/airflow/.local/lib/python3.12/site-packages/airflow/example_dags/example_workday_timetable.py for tasks to queue
[2025-03-17T23:22:06.853+0000] {logging_mixin.py:190} INFO - [2025-03-17T23:22:06.853+0000] {dagbag.py:588} INFO - Filling up the DagBag from /home/airflow/.local/lib/python3.12/site-packages/airflow/example_dags/example_workday_timetable.py
[2025-03-17T23:22:06.857+0000] {processor.py:925} INFO - DAG(s) 'example_workday_timetable' retrieved from /home/airflow/.local/lib/python3.12/site-packages/airflow/example_dags/example_workday_timetable.py
[2025-03-17T23:22:06.866+0000] {logging_mixin.py:190} INFO - [2025-03-17T23:22:06.866+0000] {dag.py:3239} INFO - Sync 1 DAGs
[2025-03-17T23:22:06.898+0000] {logging_mixin.py:190} INFO - [2025-03-17T23:22:06.898+0000] {dag.py:4180} INFO - Setting next_dagrun for example_workday_timetable to 2021-01-04 00:00:00+00:00, run_after=2021-01-05 00:00:00+00:00
[2025-03-17T23:22:06.907+0000] {processor.py:208} INFO - Processing /home/airflow/.local/lib/python3.12/site-packages/airflow/example_dags/example_workday_timetable.py took 0.058 seconds
[2025-03-17T23:22:36.954+0000] {processor.py:186} INFO - Started process (PID=979) to work on /home/airflow/.local/lib/python3.12/site-packages/airflow/example_dags/example_workday_timetable.py
[2025-03-17T23:22:36.955+0000] {processor.py:914} INFO - Processing file /home/airflow/.local/lib/python3.12/site-packages/airflow/example_dags/example_workday_timetable.py for tasks to queue
[2025-03-17T23:22:36.957+0000] {logging_mixin.py:190} INFO - [2025-03-17T23:22:36.956+0000] {dagbag.py:588} INFO - Filling up the DagBag from /home/airflow/.local/lib/python3.12/site-packages/airflow/example_dags/example_workday_timetable.py
[2025-03-17T23:22:36.960+0000] {processor.py:925} INFO - DAG(s) 'example_workday_timetable' retrieved from /home/airflow/.local/lib/python3.12/site-packages/airflow/example_dags/example_workday_timetable.py
[2025-03-17T23:22:36.973+0000] {logging_mixin.py:190} INFO - [2025-03-17T23:22:36.973+0000] {dag.py:3239} INFO - Sync 1 DAGs
[2025-03-17T23:22:37.009+0000] {logging_mixin.py:190} INFO - [2025-03-17T23:22:37.009+0000] {dag.py:4180} INFO - Setting next_dagrun for example_workday_timetable to 2021-01-04 00:00:00+00:00, run_after=2021-01-05 00:00:00+00:00
[2025-03-17T23:22:37.021+0000] {processor.py:208} INFO - Processing /home/airflow/.local/lib/python3.12/site-packages/airflow/example_dags/example_workday_timetable.py took 0.070 seconds
[2025-03-17T23:23:07.771+0000] {processor.py:186} INFO - Started process (PID=1270) to work on /home/airflow/.local/lib/python3.12/site-packages/airflow/example_dags/example_workday_timetable.py
[2025-03-17T23:23:07.772+0000] {processor.py:914} INFO - Processing file /home/airflow/.local/lib/python3.12/site-packages/airflow/example_dags/example_workday_timetable.py for tasks to queue
[2025-03-17T23:23:07.773+0000] {logging_mixin.py:190} INFO - [2025-03-17T23:23:07.773+0000] {dagbag.py:588} INFO - Filling up the DagBag from /home/airflow/.local/lib/python3.12/site-packages/airflow/example_dags/example_workday_timetable.py
[2025-03-17T23:23:07.776+0000] {processor.py:925} INFO - DAG(s) 'example_workday_timetable' retrieved from /home/airflow/.local/lib/python3.12/site-packages/airflow/example_dags/example_workday_timetable.py
[2025-03-17T23:23:07.786+0000] {logging_mixin.py:190} INFO - [2025-03-17T23:23:07.786+0000] {dag.py:3239} INFO - Sync 1 DAGs
[2025-03-17T23:23:07.821+0000] {logging_mixin.py:190} INFO - [2025-03-17T23:23:07.821+0000] {dag.py:4180} INFO - Setting next_dagrun for example_workday_timetable to 2021-01-04 00:00:00+00:00, run_after=2021-01-05 00:00:00+00:00
[2025-03-17T23:23:07.832+0000] {processor.py:208} INFO - Processing /home/airflow/.local/lib/python3.12/site-packages/airflow/example_dags/example_workday_timetable.py took 0.064 seconds
[2025-03-17T23:23:38.993+0000] {processor.py:186} INFO - Started process (PID=1561) to work on /home/airflow/.local/lib/python3.12/site-packages/airflow/example_dags/example_workday_timetable.py
[2025-03-17T23:23:38.994+0000] {processor.py:914} INFO - Processing file /home/airflow/.local/lib/python3.12/site-packages/airflow/example_dags/example_workday_timetable.py for tasks to queue
[2025-03-17T23:23:38.995+0000] {logging_mixin.py:190} INFO - [2025-03-17T23:23:38.995+0000] {dagbag.py:588} INFO - Filling up the DagBag from /home/airflow/.local/lib/python3.12/site-packages/airflow/example_dags/example_workday_timetable.py
[2025-03-17T23:23:38.999+0000] {processor.py:925} INFO - DAG(s) 'example_workday_timetable' retrieved from /home/airflow/.local/lib/python3.12/site-packages/airflow/example_dags/example_workday_timetable.py
[2025-03-17T23:23:39.008+0000] {logging_mixin.py:190} INFO - [2025-03-17T23:23:39.008+0000] {dag.py:3239} INFO - Sync 1 DAGs
[2025-03-17T23:23:39.040+0000] {logging_mixin.py:190} INFO - [2025-03-17T23:23:39.040+0000] {dag.py:4180} INFO - Setting next_dagrun for example_workday_timetable to 2021-01-04 00:00:00+00:00, run_after=2021-01-05 00:00:00+00:00
[2025-03-17T23:23:39.049+0000] {processor.py:208} INFO - Processing /home/airflow/.local/lib/python3.12/site-packages/airflow/example_dags/example_workday_timetable.py took 0.058 seconds
[2025-03-17T23:24:09.964+0000] {processor.py:186} INFO - Started process (PID=1852) to work on /home/airflow/.local/lib/python3.12/site-packages/airflow/example_dags/example_workday_timetable.py
[2025-03-17T23:24:09.964+0000] {processor.py:914} INFO - Processing file /home/airflow/.local/lib/python3.12/site-packages/airflow/example_dags/example_workday_timetable.py for tasks to queue
[2025-03-17T23:24:09.965+0000] {logging_mixin.py:190} INFO - [2025-03-17T23:24:09.965+0000] {dagbag.py:588} INFO - Filling up the DagBag from /home/airflow/.local/lib/python3.12/site-packages/airflow/example_dags/example_workday_timetable.py
[2025-03-17T23:24:09.968+0000] {processor.py:925} INFO - DAG(s) 'example_workday_timetable' retrieved from /home/airflow/.local/lib/python3.12/site-packages/airflow/example_dags/example_workday_timetable.py
[2025-03-17T23:24:09.977+0000] {logging_mixin.py:190} INFO - [2025-03-17T23:24:09.977+0000] {dag.py:3239} INFO - Sync 1 DAGs
[2025-03-17T23:24:10.006+0000] {logging_mixin.py:190} INFO - [2025-03-17T23:24:10.006+0000] {dag.py:4180} INFO - Setting next_dagrun for example_workday_timetable to 2021-01-04 00:00:00+00:00, run_after=2021-01-05 00:00:00+00:00
[2025-03-17T23:24:10.014+0000] {processor.py:208} INFO - Processing /home/airflow/.local/lib/python3.12/site-packages/airflow/example_dags/example_workday_timetable.py took 0.053 seconds
[2025-03-17T23:24:41.336+0000] {processor.py:186} INFO - Started process (PID=2142) to work on /home/airflow/.local/lib/python3.12/site-packages/airflow/example_dags/example_workday_timetable.py
[2025-03-17T23:24:41.337+0000] {processor.py:914} INFO - Processing file /home/airflow/.local/lib/python3.12/site-packages/airflow/example_dags/example_workday_timetable.py for tasks to queue
[2025-03-17T23:24:41.338+0000] {logging_mixin.py:190} INFO - [2025-03-17T23:24:41.338+0000] {dagbag.py:588} INFO - Filling up the DagBag from /home/airflow/.local/lib/python3.12/site-packages/airflow/example_dags/example_workday_timetable.py
[2025-03-17T23:24:41.341+0000] {processor.py:925} INFO - DAG(s) 'example_workday_timetable' retrieved from /home/airflow/.local/lib/python3.12/site-packages/airflow/example_dags/example_workday_timetable.py
[2025-03-17T23:24:41.350+0000] {logging_mixin.py:190} INFO - [2025-03-17T23:24:41.350+0000] {dag.py:3239} INFO - Sync 1 DAGs
[2025-03-17T23:24:41.382+0000] {logging_mixin.py:190} INFO - [2025-03-17T23:24:41.382+0000] {dag.py:4180} INFO - Setting next_dagrun for example_workday_timetable to 2021-01-04 00:00:00+00:00, run_after=2021-01-05 00:00:00+00:00
[2025-03-17T23:24:41.392+0000] {processor.py:208} INFO - Processing /home/airflow/.local/lib/python3.12/site-packages/airflow/example_dags/example_workday_timetable.py took 0.059 seconds
[2025-03-17T23:25:13.085+0000] {processor.py:186} INFO - Started process (PID=2433) to work on /home/airflow/.local/lib/python3.12/site-packages/airflow/example_dags/example_workday_timetable.py
[2025-03-17T23:25:13.086+0000] {processor.py:914} INFO - Processing file /home/airflow/.local/lib/python3.12/site-packages/airflow/example_dags/example_workday_timetable.py for tasks to queue
[2025-03-17T23:25:13.087+0000] {logging_mixin.py:190} INFO - [2025-03-17T23:25:13.087+0000] {dagbag.py:588} INFO - Filling up the DagBag from /home/airflow/.local/lib/python3.12/site-packages/airflow/example_dags/example_workday_timetable.py
[2025-03-17T23:25:13.092+0000] {processor.py:925} INFO - DAG(s) 'example_workday_timetable' retrieved from /home/airflow/.local/lib/python3.12/site-packages/airflow/example_dags/example_workday_timetable.py
[2025-03-17T23:25:13.106+0000] {logging_mixin.py:190} INFO - [2025-03-17T23:25:13.105+0000] {dag.py:3239} INFO - Sync 1 DAGs
[2025-03-17T23:25:13.143+0000] {logging_mixin.py:190} INFO - [2025-03-17T23:25:13.143+0000] {dag.py:4180} INFO - Setting next_dagrun for example_workday_timetable to 2021-01-04 00:00:00+00:00, run_after=2021-01-05 00:00:00+00:00
[2025-03-17T23:25:13.153+0000] {processor.py:208} INFO - Processing /home/airflow/.local/lib/python3.12/site-packages/airflow/example_dags/example_workday_timetable.py took 0.071 seconds
[2025-03-17T23:25:43.947+0000] {processor.py:186} INFO - Started process (PID=2724) to work on /home/airflow/.local/lib/python3.12/site-packages/airflow/example_dags/example_workday_timetable.py
[2025-03-17T23:25:43.948+0000] {processor.py:914} INFO - Processing file /home/airflow/.local/lib/python3.12/site-packages/airflow/example_dags/example_workday_timetable.py for tasks to queue
[2025-03-17T23:25:43.949+0000] {logging_mixin.py:190} INFO - [2025-03-17T23:25:43.949+0000] {dagbag.py:588} INFO - Filling up the DagBag from /home/airflow/.local/lib/python3.12/site-packages/airflow/example_dags/example_workday_timetable.py
[2025-03-17T23:25:43.953+0000] {processor.py:925} INFO - DAG(s) 'example_workday_timetable' retrieved from /home/airflow/.local/lib/python3.12/site-packages/airflow/example_dags/example_workday_timetable.py
[2025-03-17T23:25:43.963+0000] {logging_mixin.py:190} INFO - [2025-03-17T23:25:43.963+0000] {dag.py:3239} INFO - Sync 1 DAGs
[2025-03-17T23:25:43.996+0000] {logging_mixin.py:190} INFO - [2025-03-17T23:25:43.996+0000] {dag.py:4180} INFO - Setting next_dagrun for example_workday_timetable to 2021-01-04 00:00:00+00:00, run_after=2021-01-05 00:00:00+00:00
[2025-03-17T23:25:44.004+0000] {processor.py:208} INFO - Processing /home/airflow/.local/lib/python3.12/site-packages/airflow/example_dags/example_workday_timetable.py took 0.060 seconds
[2025-03-17T23:26:14.842+0000] {processor.py:186} INFO - Started process (PID=3015) to work on /home/airflow/.local/lib/python3.12/site-packages/airflow/example_dags/example_workday_timetable.py
[2025-03-17T23:26:14.843+0000] {processor.py:914} INFO - Processing file /home/airflow/.local/lib/python3.12/site-packages/airflow/example_dags/example_workday_timetable.py for tasks to queue
[2025-03-17T23:26:14.844+0000] {logging_mixin.py:190} INFO - [2025-03-17T23:26:14.844+0000] {dagbag.py:588} INFO - Filling up the DagBag from /home/airflow/.local/lib/python3.12/site-packages/airflow/example_dags/example_workday_timetable.py
[2025-03-17T23:26:14.847+0000] {processor.py:925} INFO - DAG(s) 'example_workday_timetable' retrieved from /home/airflow/.local/lib/python3.12/site-packages/airflow/example_dags/example_workday_timetable.py
[2025-03-17T23:26:14.856+0000] {logging_mixin.py:190} INFO - [2025-03-17T23:26:14.856+0000] {dag.py:3239} INFO - Sync 1 DAGs
[2025-03-17T23:26:14.884+0000] {logging_mixin.py:190} INFO - [2025-03-17T23:26:14.884+0000] {dag.py:4180} INFO - Setting next_dagrun for example_workday_timetable to 2021-01-04 00:00:00+00:00, run_after=2021-01-05 00:00:00+00:00
[2025-03-17T23:26:14.892+0000] {processor.py:208} INFO - Processing /home/airflow/.local/lib/python3.12/site-packages/airflow/example_dags/example_workday_timetable.py took 0.053 seconds
[2025-03-17T23:26:45.725+0000] {processor.py:186} INFO - Started process (PID=3306) to work on /home/airflow/.local/lib/python3.12/site-packages/airflow/example_dags/example_workday_timetable.py
[2025-03-17T23:26:45.726+0000] {processor.py:914} INFO - Processing file /home/airflow/.local/lib/python3.12/site-packages/airflow/example_dags/example_workday_timetable.py for tasks to queue
[2025-03-17T23:26:45.727+0000] {logging_mixin.py:190} INFO - [2025-03-17T23:26:45.727+0000] {dagbag.py:588} INFO - Filling up the DagBag from /home/airflow/.local/lib/python3.12/site-packages/airflow/example_dags/example_workday_timetable.py
[2025-03-17T23:26:45.730+0000] {processor.py:925} INFO - DAG(s) 'example_workday_timetable' retrieved from /home/airflow/.local/lib/python3.12/site-packages/airflow/example_dags/example_workday_timetable.py
[2025-03-17T23:26:45.743+0000] {logging_mixin.py:190} INFO - [2025-03-17T23:26:45.743+0000] {dag.py:3239} INFO - Sync 1 DAGs
[2025-03-17T23:26:45.773+0000] {logging_mixin.py:190} INFO - [2025-03-17T23:26:45.773+0000] {dag.py:4180} INFO - Setting next_dagrun for example_workday_timetable to 2021-01-04 00:00:00+00:00, run_after=2021-01-05 00:00:00+00:00
[2025-03-17T23:26:45.783+0000] {processor.py:208} INFO - Processing /home/airflow/.local/lib/python3.12/site-packages/airflow/example_dags/example_workday_timetable.py took 0.061 seconds
[2025-03-17T23:27:16.713+0000] {processor.py:186} INFO - Started process (PID=3597) to work on /home/airflow/.local/lib/python3.12/site-packages/airflow/example_dags/example_workday_timetable.py
[2025-03-17T23:27:16.714+0000] {processor.py:914} INFO - Processing file /home/airflow/.local/lib/python3.12/site-packages/airflow/example_dags/example_workday_timetable.py for tasks to queue
[2025-03-17T23:27:16.715+0000] {logging_mixin.py:190} INFO - [2025-03-17T23:27:16.715+0000] {dagbag.py:588} INFO - Filling up the DagBag from /home/airflow/.local/lib/python3.12/site-packages/airflow/example_dags/example_workday_timetable.py
[2025-03-17T23:27:16.718+0000] {processor.py:925} INFO - DAG(s) 'example_workday_timetable' retrieved from /home/airflow/.local/lib/python3.12/site-packages/airflow/example_dags/example_workday_timetable.py
[2025-03-17T23:27:16.730+0000] {logging_mixin.py:190} INFO - [2025-03-17T23:27:16.730+0000] {dag.py:3239} INFO - Sync 1 DAGs
[2025-03-17T23:27:16.758+0000] {logging_mixin.py:190} INFO - [2025-03-17T23:27:16.758+0000] {dag.py:4180} INFO - Setting next_dagrun for example_workday_timetable to 2021-01-04 00:00:00+00:00, run_after=2021-01-05 00:00:00+00:00
[2025-03-17T23:27:16.768+0000] {processor.py:208} INFO - Processing /home/airflow/.local/lib/python3.12/site-packages/airflow/example_dags/example_workday_timetable.py took 0.058 seconds
[2025-03-17T23:27:48.085+0000] {processor.py:186} INFO - Started process (PID=3890) to work on /home/airflow/.local/lib/python3.12/site-packages/airflow/example_dags/example_workday_timetable.py
[2025-03-17T23:27:48.087+0000] {processor.py:914} INFO - Processing file /home/airflow/.local/lib/python3.12/site-packages/airflow/example_dags/example_workday_timetable.py for tasks to queue
[2025-03-17T23:27:48.091+0000] {logging_mixin.py:190} INFO - [2025-03-17T23:27:48.091+0000] {dagbag.py:588} INFO - Filling up the DagBag from /home/airflow/.local/lib/python3.12/site-packages/airflow/example_dags/example_workday_timetable.py
[2025-03-17T23:27:48.122+0000] {processor.py:925} INFO - DAG(s) 'example_workday_timetable' retrieved from /home/airflow/.local/lib/python3.12/site-packages/airflow/example_dags/example_workday_timetable.py
[2025-03-17T23:27:48.194+0000] {logging_mixin.py:190} INFO - [2025-03-17T23:27:48.194+0000] {dag.py:3239} INFO - Sync 1 DAGs
[2025-03-17T23:27:48.251+0000] {logging_mixin.py:190} INFO - [2025-03-17T23:27:48.251+0000] {dag.py:4180} INFO - Setting next_dagrun for example_workday_timetable to 2021-01-04 00:00:00+00:00, run_after=2021-01-05 00:00:00+00:00
[2025-03-17T23:27:48.261+0000] {processor.py:208} INFO - Processing /home/airflow/.local/lib/python3.12/site-packages/airflow/example_dags/example_workday_timetable.py took 0.190 seconds
[2025-03-17T23:28:18.304+0000] {processor.py:186} INFO - Started process (PID=4184) to work on /home/airflow/.local/lib/python3.12/site-packages/airflow/example_dags/example_workday_timetable.py
[2025-03-17T23:28:18.305+0000] {processor.py:914} INFO - Processing file /home/airflow/.local/lib/python3.12/site-packages/airflow/example_dags/example_workday_timetable.py for tasks to queue
[2025-03-17T23:28:18.306+0000] {logging_mixin.py:190} INFO - [2025-03-17T23:28:18.306+0000] {dagbag.py:588} INFO - Filling up the DagBag from /home/airflow/.local/lib/python3.12/site-packages/airflow/example_dags/example_workday_timetable.py
[2025-03-17T23:28:18.310+0000] {processor.py:925} INFO - DAG(s) 'example_workday_timetable' retrieved from /home/airflow/.local/lib/python3.12/site-packages/airflow/example_dags/example_workday_timetable.py
[2025-03-17T23:28:18.319+0000] {logging_mixin.py:190} INFO - [2025-03-17T23:28:18.319+0000] {dag.py:3239} INFO - Sync 1 DAGs
[2025-03-17T23:28:18.350+0000] {logging_mixin.py:190} INFO - [2025-03-17T23:28:18.350+0000] {dag.py:4180} INFO - Setting next_dagrun for example_workday_timetable to 2021-01-04 00:00:00+00:00, run_after=2021-01-05 00:00:00+00:00
[2025-03-17T23:28:18.360+0000] {processor.py:208} INFO - Processing /home/airflow/.local/lib/python3.12/site-packages/airflow/example_dags/example_workday_timetable.py took 0.059 seconds
[2025-03-17T23:28:49.106+0000] {processor.py:186} INFO - Started process (PID=4470) to work on /home/airflow/.local/lib/python3.12/site-packages/airflow/example_dags/example_workday_timetable.py
[2025-03-17T23:28:49.107+0000] {processor.py:914} INFO - Processing file /home/airflow/.local/lib/python3.12/site-packages/airflow/example_dags/example_workday_timetable.py for tasks to queue
[2025-03-17T23:28:49.108+0000] {logging_mixin.py:190} INFO - [2025-03-17T23:28:49.108+0000] {dagbag.py:588} INFO - Filling up the DagBag from /home/airflow/.local/lib/python3.12/site-packages/airflow/example_dags/example_workday_timetable.py
[2025-03-17T23:28:49.112+0000] {processor.py:925} INFO - DAG(s) 'example_workday_timetable' retrieved from /home/airflow/.local/lib/python3.12/site-packages/airflow/example_dags/example_workday_timetable.py
[2025-03-17T23:28:49.125+0000] {logging_mixin.py:190} INFO - [2025-03-17T23:28:49.125+0000] {dag.py:3239} INFO - Sync 1 DAGs
[2025-03-17T23:28:49.154+0000] {logging_mixin.py:190} INFO - [2025-03-17T23:28:49.154+0000] {dag.py:4180} INFO - Setting next_dagrun for example_workday_timetable to 2021-01-04 00:00:00+00:00, run_after=2021-01-05 00:00:00+00:00
[2025-03-17T23:28:49.163+0000] {processor.py:208} INFO - Processing /home/airflow/.local/lib/python3.12/site-packages/airflow/example_dags/example_workday_timetable.py took 0.060 seconds
[2025-03-17T23:29:19.749+0000] {processor.py:186} INFO - Started process (PID=4761) to work on /home/airflow/.local/lib/python3.12/site-packages/airflow/example_dags/example_workday_timetable.py
[2025-03-17T23:29:19.750+0000] {processor.py:914} INFO - Processing file /home/airflow/.local/lib/python3.12/site-packages/airflow/example_dags/example_workday_timetable.py for tasks to queue
[2025-03-17T23:29:19.751+0000] {logging_mixin.py:190} INFO - [2025-03-17T23:29:19.751+0000] {dagbag.py:588} INFO - Filling up the DagBag from /home/airflow/.local/lib/python3.12/site-packages/airflow/example_dags/example_workday_timetable.py
[2025-03-17T23:29:19.756+0000] {processor.py:925} INFO - DAG(s) 'example_workday_timetable' retrieved from /home/airflow/.local/lib/python3.12/site-packages/airflow/example_dags/example_workday_timetable.py
[2025-03-17T23:29:19.765+0000] {logging_mixin.py:190} INFO - [2025-03-17T23:29:19.765+0000] {dag.py:3239} INFO - Sync 1 DAGs
[2025-03-17T23:29:19.792+0000] {logging_mixin.py:190} INFO - [2025-03-17T23:29:19.792+0000] {dag.py:4180} INFO - Setting next_dagrun for example_workday_timetable to 2021-01-04 00:00:00+00:00, run_after=2021-01-05 00:00:00+00:00
[2025-03-17T23:29:19.802+0000] {processor.py:208} INFO - Processing /home/airflow/.local/lib/python3.12/site-packages/airflow/example_dags/example_workday_timetable.py took 0.055 seconds
[2025-03-17T23:29:50.237+0000] {processor.py:186} INFO - Started process (PID=5052) to work on /home/airflow/.local/lib/python3.12/site-packages/airflow/example_dags/example_workday_timetable.py
[2025-03-17T23:29:50.238+0000] {processor.py:914} INFO - Processing file /home/airflow/.local/lib/python3.12/site-packages/airflow/example_dags/example_workday_timetable.py for tasks to queue
[2025-03-17T23:29:50.239+0000] {logging_mixin.py:190} INFO - [2025-03-17T23:29:50.239+0000] {dagbag.py:588} INFO - Filling up the DagBag from /home/airflow/.local/lib/python3.12/site-packages/airflow/example_dags/example_workday_timetable.py
[2025-03-17T23:29:50.242+0000] {processor.py:925} INFO - DAG(s) 'example_workday_timetable' retrieved from /home/airflow/.local/lib/python3.12/site-packages/airflow/example_dags/example_workday_timetable.py
[2025-03-17T23:29:50.252+0000] {logging_mixin.py:190} INFO - [2025-03-17T23:29:50.252+0000] {dag.py:3239} INFO - Sync 1 DAGs
[2025-03-17T23:29:50.280+0000] {logging_mixin.py:190} INFO - [2025-03-17T23:29:50.280+0000] {dag.py:4180} INFO - Setting next_dagrun for example_workday_timetable to 2021-01-04 00:00:00+00:00, run_after=2021-01-05 00:00:00+00:00
[2025-03-17T23:29:50.290+0000] {processor.py:208} INFO - Processing /home/airflow/.local/lib/python3.12/site-packages/airflow/example_dags/example_workday_timetable.py took 0.057 seconds
[2025-03-17T23:30:20.782+0000] {processor.py:186} INFO - Started process (PID=5343) to work on /home/airflow/.local/lib/python3.12/site-packages/airflow/example_dags/example_workday_timetable.py
[2025-03-17T23:30:20.783+0000] {processor.py:914} INFO - Processing file /home/airflow/.local/lib/python3.12/site-packages/airflow/example_dags/example_workday_timetable.py for tasks to queue
[2025-03-17T23:30:20.784+0000] {logging_mixin.py:190} INFO - [2025-03-17T23:30:20.784+0000] {dagbag.py:588} INFO - Filling up the DagBag from /home/airflow/.local/lib/python3.12/site-packages/airflow/example_dags/example_workday_timetable.py
[2025-03-17T23:30:20.788+0000] {processor.py:925} INFO - DAG(s) 'example_workday_timetable' retrieved from /home/airflow/.local/lib/python3.12/site-packages/airflow/example_dags/example_workday_timetable.py
[2025-03-17T23:30:20.797+0000] {logging_mixin.py:190} INFO - [2025-03-17T23:30:20.797+0000] {dag.py:3239} INFO - Sync 1 DAGs
[2025-03-17T23:30:20.823+0000] {logging_mixin.py:190} INFO - [2025-03-17T23:30:20.823+0000] {dag.py:4180} INFO - Setting next_dagrun for example_workday_timetable to 2021-01-04 00:00:00+00:00, run_after=2021-01-05 00:00:00+00:00
[2025-03-17T23:30:20.832+0000] {processor.py:208} INFO - Processing /home/airflow/.local/lib/python3.12/site-packages/airflow/example_dags/example_workday_timetable.py took 0.053 seconds
[2025-03-17T23:30:51.354+0000] {processor.py:186} INFO - Started process (PID=5629) to work on /home/airflow/.local/lib/python3.12/site-packages/airflow/example_dags/example_workday_timetable.py
[2025-03-17T23:30:51.355+0000] {processor.py:914} INFO - Processing file /home/airflow/.local/lib/python3.12/site-packages/airflow/example_dags/example_workday_timetable.py for tasks to queue
[2025-03-17T23:30:51.356+0000] {logging_mixin.py:190} INFO - [2025-03-17T23:30:51.356+0000] {dagbag.py:588} INFO - Filling up the DagBag from /home/airflow/.local/lib/python3.12/site-packages/airflow/example_dags/example_workday_timetable.py
[2025-03-17T23:30:51.359+0000] {processor.py:925} INFO - DAG(s) 'example_workday_timetable' retrieved from /home/airflow/.local/lib/python3.12/site-packages/airflow/example_dags/example_workday_timetable.py
[2025-03-17T23:30:51.369+0000] {logging_mixin.py:190} INFO - [2025-03-17T23:30:51.368+0000] {dag.py:3239} INFO - Sync 1 DAGs
[2025-03-17T23:30:51.395+0000] {logging_mixin.py:190} INFO - [2025-03-17T23:30:51.395+0000] {dag.py:4180} INFO - Setting next_dagrun for example_workday_timetable to 2021-01-04 00:00:00+00:00, run_after=2021-01-05 00:00:00+00:00
[2025-03-17T23:30:51.403+0000] {processor.py:208} INFO - Processing /home/airflow/.local/lib/python3.12/site-packages/airflow/example_dags/example_workday_timetable.py took 0.051 seconds
[2025-03-17T23:31:21.923+0000] {processor.py:186} INFO - Started process (PID=5925) to work on /home/airflow/.local/lib/python3.12/site-packages/airflow/example_dags/example_workday_timetable.py
[2025-03-17T23:31:21.925+0000] {processor.py:914} INFO - Processing file /home/airflow/.local/lib/python3.12/site-packages/airflow/example_dags/example_workday_timetable.py for tasks to queue
[2025-03-17T23:31:21.927+0000] {logging_mixin.py:190} INFO - [2025-03-17T23:31:21.927+0000] {dagbag.py:588} INFO - Filling up the DagBag from /home/airflow/.local/lib/python3.12/site-packages/airflow/example_dags/example_workday_timetable.py
[2025-03-17T23:31:21.930+0000] {processor.py:925} INFO - DAG(s) 'example_workday_timetable' retrieved from /home/airflow/.local/lib/python3.12/site-packages/airflow/example_dags/example_workday_timetable.py
[2025-03-17T23:31:21.940+0000] {logging_mixin.py:190} INFO - [2025-03-17T23:31:21.939+0000] {dag.py:3239} INFO - Sync 1 DAGs
[2025-03-17T23:31:21.965+0000] {logging_mixin.py:190} INFO - [2025-03-17T23:31:21.965+0000] {dag.py:4180} INFO - Setting next_dagrun for example_workday_timetable to 2021-01-04 00:00:00+00:00, run_after=2021-01-05 00:00:00+00:00
[2025-03-17T23:31:21.973+0000] {processor.py:208} INFO - Processing /home/airflow/.local/lib/python3.12/site-packages/airflow/example_dags/example_workday_timetable.py took 0.052 seconds
[2025-03-17T23:31:52.446+0000] {processor.py:186} INFO - Started process (PID=6216) to work on /home/airflow/.local/lib/python3.12/site-packages/airflow/example_dags/example_workday_timetable.py
[2025-03-17T23:31:52.447+0000] {processor.py:914} INFO - Processing file /home/airflow/.local/lib/python3.12/site-packages/airflow/example_dags/example_workday_timetable.py for tasks to queue
[2025-03-17T23:31:52.448+0000] {logging_mixin.py:190} INFO - [2025-03-17T23:31:52.448+0000] {dagbag.py:588} INFO - Filling up the DagBag from /home/airflow/.local/lib/python3.12/site-packages/airflow/example_dags/example_workday_timetable.py
[2025-03-17T23:31:52.451+0000] {processor.py:925} INFO - DAG(s) 'example_workday_timetable' retrieved from /home/airflow/.local/lib/python3.12/site-packages/airflow/example_dags/example_workday_timetable.py
[2025-03-17T23:31:52.460+0000] {logging_mixin.py:190} INFO - [2025-03-17T23:31:52.460+0000] {dag.py:3239} INFO - Sync 1 DAGs
[2025-03-17T23:31:52.485+0000] {logging_mixin.py:190} INFO - [2025-03-17T23:31:52.485+0000] {dag.py:4180} INFO - Setting next_dagrun for example_workday_timetable to 2021-01-04 00:00:00+00:00, run_after=2021-01-05 00:00:00+00:00
[2025-03-17T23:31:52.493+0000] {processor.py:208} INFO - Processing /home/airflow/.local/lib/python3.12/site-packages/airflow/example_dags/example_workday_timetable.py took 0.049 seconds
[2025-03-17T23:32:22.980+0000] {processor.py:186} INFO - Started process (PID=6502) to work on /home/airflow/.local/lib/python3.12/site-packages/airflow/example_dags/example_workday_timetable.py
[2025-03-17T23:32:22.980+0000] {processor.py:914} INFO - Processing file /home/airflow/.local/lib/python3.12/site-packages/airflow/example_dags/example_workday_timetable.py for tasks to queue
[2025-03-17T23:32:22.982+0000] {logging_mixin.py:190} INFO - [2025-03-17T23:32:22.982+0000] {dagbag.py:588} INFO - Filling up the DagBag from /home/airflow/.local/lib/python3.12/site-packages/airflow/example_dags/example_workday_timetable.py
[2025-03-17T23:32:22.985+0000] {processor.py:925} INFO - DAG(s) 'example_workday_timetable' retrieved from /home/airflow/.local/lib/python3.12/site-packages/airflow/example_dags/example_workday_timetable.py
[2025-03-17T23:32:22.996+0000] {logging_mixin.py:190} INFO - [2025-03-17T23:32:22.996+0000] {dag.py:3239} INFO - Sync 1 DAGs
[2025-03-17T23:32:23.027+0000] {logging_mixin.py:190} INFO - [2025-03-17T23:32:23.027+0000] {dag.py:4180} INFO - Setting next_dagrun for example_workday_timetable to 2021-01-04 00:00:00+00:00, run_after=2021-01-05 00:00:00+00:00
[2025-03-17T23:32:23.038+0000] {processor.py:208} INFO - Processing /home/airflow/.local/lib/python3.12/site-packages/airflow/example_dags/example_workday_timetable.py took 0.061 seconds
[2025-03-17T23:32:53.662+0000] {processor.py:186} INFO - Started process (PID=6793) to work on /home/airflow/.local/lib/python3.12/site-packages/airflow/example_dags/example_workday_timetable.py
[2025-03-17T23:32:53.663+0000] {processor.py:914} INFO - Processing file /home/airflow/.local/lib/python3.12/site-packages/airflow/example_dags/example_workday_timetable.py for tasks to queue
[2025-03-17T23:32:53.664+0000] {logging_mixin.py:190} INFO - [2025-03-17T23:32:53.664+0000] {dagbag.py:588} INFO - Filling up the DagBag from /home/airflow/.local/lib/python3.12/site-packages/airflow/example_dags/example_workday_timetable.py
[2025-03-17T23:32:53.667+0000] {processor.py:925} INFO - DAG(s) 'example_workday_timetable' retrieved from /home/airflow/.local/lib/python3.12/site-packages/airflow/example_dags/example_workday_timetable.py
[2025-03-17T23:32:53.678+0000] {logging_mixin.py:190} INFO - [2025-03-17T23:32:53.678+0000] {dag.py:3239} INFO - Sync 1 DAGs
[2025-03-17T23:32:53.705+0000] {logging_mixin.py:190} INFO - [2025-03-17T23:32:53.705+0000] {dag.py:4180} INFO - Setting next_dagrun for example_workday_timetable to 2021-01-04 00:00:00+00:00, run_after=2021-01-05 00:00:00+00:00
[2025-03-17T23:32:53.713+0000] {processor.py:208} INFO - Processing /home/airflow/.local/lib/python3.12/site-packages/airflow/example_dags/example_workday_timetable.py took 0.053 seconds
[2025-03-17T23:33:24.355+0000] {processor.py:186} INFO - Started process (PID=7084) to work on /home/airflow/.local/lib/python3.12/site-packages/airflow/example_dags/example_workday_timetable.py
[2025-03-17T23:33:24.357+0000] {processor.py:914} INFO - Processing file /home/airflow/.local/lib/python3.12/site-packages/airflow/example_dags/example_workday_timetable.py for tasks to queue
[2025-03-17T23:33:24.358+0000] {logging_mixin.py:190} INFO - [2025-03-17T23:33:24.358+0000] {dagbag.py:588} INFO - Filling up the DagBag from /home/airflow/.local/lib/python3.12/site-packages/airflow/example_dags/example_workday_timetable.py
[2025-03-17T23:33:24.362+0000] {processor.py:925} INFO - DAG(s) 'example_workday_timetable' retrieved from /home/airflow/.local/lib/python3.12/site-packages/airflow/example_dags/example_workday_timetable.py
[2025-03-17T23:33:24.374+0000] {logging_mixin.py:190} INFO - [2025-03-17T23:33:24.373+0000] {dag.py:3239} INFO - Sync 1 DAGs
[2025-03-17T23:33:24.405+0000] {logging_mixin.py:190} INFO - [2025-03-17T23:33:24.405+0000] {dag.py:4180} INFO - Setting next_dagrun for example_workday_timetable to 2021-01-04 00:00:00+00:00, run_after=2021-01-05 00:00:00+00:00
[2025-03-17T23:33:24.414+0000] {processor.py:208} INFO - Processing /home/airflow/.local/lib/python3.12/site-packages/airflow/example_dags/example_workday_timetable.py took 0.062 seconds
[2025-03-17T23:33:55.504+0000] {processor.py:186} INFO - Started process (PID=7380) to work on /home/airflow/.local/lib/python3.12/site-packages/airflow/example_dags/example_workday_timetable.py
[2025-03-17T23:33:55.504+0000] {processor.py:914} INFO - Processing file /home/airflow/.local/lib/python3.12/site-packages/airflow/example_dags/example_workday_timetable.py for tasks to queue
[2025-03-17T23:33:55.506+0000] {logging_mixin.py:190} INFO - [2025-03-17T23:33:55.506+0000] {dagbag.py:588} INFO - Filling up the DagBag from /home/airflow/.local/lib/python3.12/site-packages/airflow/example_dags/example_workday_timetable.py
[2025-03-17T23:33:55.509+0000] {processor.py:925} INFO - DAG(s) 'example_workday_timetable' retrieved from /home/airflow/.local/lib/python3.12/site-packages/airflow/example_dags/example_workday_timetable.py
[2025-03-17T23:33:55.519+0000] {logging_mixin.py:190} INFO - [2025-03-17T23:33:55.519+0000] {dag.py:3239} INFO - Sync 1 DAGs
[2025-03-17T23:33:55.560+0000] {logging_mixin.py:190} INFO - [2025-03-17T23:33:55.559+0000] {dag.py:4180} INFO - Setting next_dagrun for example_workday_timetable to 2021-01-04 00:00:00+00:00, run_after=2021-01-05 00:00:00+00:00
[2025-03-17T23:33:55.568+0000] {processor.py:208} INFO - Processing /home/airflow/.local/lib/python3.12/site-packages/airflow/example_dags/example_workday_timetable.py took 0.067 seconds
[2025-03-17T23:34:26.408+0000] {processor.py:186} INFO - Started process (PID=7671) to work on /home/airflow/.local/lib/python3.12/site-packages/airflow/example_dags/example_workday_timetable.py
[2025-03-17T23:34:26.409+0000] {processor.py:914} INFO - Processing file /home/airflow/.local/lib/python3.12/site-packages/airflow/example_dags/example_workday_timetable.py for tasks to queue
[2025-03-17T23:34:26.410+0000] {logging_mixin.py:190} INFO - [2025-03-17T23:34:26.409+0000] {dagbag.py:588} INFO - Filling up the DagBag from /home/airflow/.local/lib/python3.12/site-packages/airflow/example_dags/example_workday_timetable.py
[2025-03-17T23:34:26.413+0000] {processor.py:925} INFO - DAG(s) 'example_workday_timetable' retrieved from /home/airflow/.local/lib/python3.12/site-packages/airflow/example_dags/example_workday_timetable.py
[2025-03-17T23:34:26.424+0000] {logging_mixin.py:190} INFO - [2025-03-17T23:34:26.423+0000] {dag.py:3239} INFO - Sync 1 DAGs
[2025-03-17T23:34:26.452+0000] {logging_mixin.py:190} INFO - [2025-03-17T23:34:26.452+0000] {dag.py:4180} INFO - Setting next_dagrun for example_workday_timetable to 2021-01-04 00:00:00+00:00, run_after=2021-01-05 00:00:00+00:00
[2025-03-17T23:34:26.460+0000] {processor.py:208} INFO - Processing /home/airflow/.local/lib/python3.12/site-packages/airflow/example_dags/example_workday_timetable.py took 0.055 seconds
[2025-03-17T23:34:57.674+0000] {processor.py:186} INFO - Started process (PID=8001) to work on /home/airflow/.local/lib/python3.12/site-packages/airflow/example_dags/example_workday_timetable.py
[2025-03-17T23:34:57.675+0000] {processor.py:914} INFO - Processing file /home/airflow/.local/lib/python3.12/site-packages/airflow/example_dags/example_workday_timetable.py for tasks to queue
[2025-03-17T23:34:57.676+0000] {logging_mixin.py:190} INFO - [2025-03-17T23:34:57.676+0000] {dagbag.py:588} INFO - Filling up the DagBag from /home/airflow/.local/lib/python3.12/site-packages/airflow/example_dags/example_workday_timetable.py
[2025-03-17T23:34:57.679+0000] {processor.py:925} INFO - DAG(s) 'example_workday_timetable' retrieved from /home/airflow/.local/lib/python3.12/site-packages/airflow/example_dags/example_workday_timetable.py
[2025-03-17T23:34:57.688+0000] {logging_mixin.py:190} INFO - [2025-03-17T23:34:57.688+0000] {dag.py:3239} INFO - Sync 1 DAGs
[2025-03-17T23:34:57.730+0000] {logging_mixin.py:190} INFO - [2025-03-17T23:34:57.729+0000] {dag.py:4180} INFO - Setting next_dagrun for example_workday_timetable to 2021-01-04 00:00:00+00:00, run_after=2021-01-05 00:00:00+00:00
[2025-03-17T23:34:57.738+0000] {processor.py:208} INFO - Processing /home/airflow/.local/lib/python3.12/site-packages/airflow/example_dags/example_workday_timetable.py took 0.066 seconds
[2025-03-17T23:35:28.488+0000] {processor.py:186} INFO - Started process (PID=8292) to work on /home/airflow/.local/lib/python3.12/site-packages/airflow/example_dags/example_workday_timetable.py
[2025-03-17T23:35:28.488+0000] {processor.py:914} INFO - Processing file /home/airflow/.local/lib/python3.12/site-packages/airflow/example_dags/example_workday_timetable.py for tasks to queue
[2025-03-17T23:35:28.490+0000] {logging_mixin.py:190} INFO - [2025-03-17T23:35:28.490+0000] {dagbag.py:588} INFO - Filling up the DagBag from /home/airflow/.local/lib/python3.12/site-packages/airflow/example_dags/example_workday_timetable.py
[2025-03-17T23:35:28.493+0000] {processor.py:925} INFO - DAG(s) 'example_workday_timetable' retrieved from /home/airflow/.local/lib/python3.12/site-packages/airflow/example_dags/example_workday_timetable.py
[2025-03-17T23:35:28.502+0000] {logging_mixin.py:190} INFO - [2025-03-17T23:35:28.501+0000] {dag.py:3239} INFO - Sync 1 DAGs
[2025-03-17T23:35:28.530+0000] {logging_mixin.py:190} INFO - [2025-03-17T23:35:28.530+0000] {dag.py:4180} INFO - Setting next_dagrun for example_workday_timetable to 2021-01-04 00:00:00+00:00, run_after=2021-01-05 00:00:00+00:00
[2025-03-17T23:35:28.538+0000] {processor.py:208} INFO - Processing /home/airflow/.local/lib/python3.12/site-packages/airflow/example_dags/example_workday_timetable.py took 0.053 seconds
[2025-03-17T23:35:59.751+0000] {processor.py:186} INFO - Started process (PID=8583) to work on /home/airflow/.local/lib/python3.12/site-packages/airflow/example_dags/example_workday_timetable.py
[2025-03-17T23:35:59.752+0000] {processor.py:914} INFO - Processing file /home/airflow/.local/lib/python3.12/site-packages/airflow/example_dags/example_workday_timetable.py for tasks to queue
[2025-03-17T23:35:59.753+0000] {logging_mixin.py:190} INFO - [2025-03-17T23:35:59.753+0000] {dagbag.py:588} INFO - Filling up the DagBag from /home/airflow/.local/lib/python3.12/site-packages/airflow/example_dags/example_workday_timetable.py
[2025-03-17T23:35:59.756+0000] {processor.py:925} INFO - DAG(s) 'example_workday_timetable' retrieved from /home/airflow/.local/lib/python3.12/site-packages/airflow/example_dags/example_workday_timetable.py
[2025-03-17T23:35:59.766+0000] {logging_mixin.py:190} INFO - [2025-03-17T23:35:59.766+0000] {dag.py:3239} INFO - Sync 1 DAGs
[2025-03-17T23:35:59.797+0000] {logging_mixin.py:190} INFO - [2025-03-17T23:35:59.797+0000] {dag.py:4180} INFO - Setting next_dagrun for example_workday_timetable to 2021-01-04 00:00:00+00:00, run_after=2021-01-05 00:00:00+00:00
[2025-03-17T23:35:59.807+0000] {processor.py:208} INFO - Processing /home/airflow/.local/lib/python3.12/site-packages/airflow/example_dags/example_workday_timetable.py took 0.060 seconds
[2025-03-17T23:36:31.076+0000] {processor.py:186} INFO - Started process (PID=8874) to work on /home/airflow/.local/lib/python3.12/site-packages/airflow/example_dags/example_workday_timetable.py
[2025-03-17T23:36:31.077+0000] {processor.py:914} INFO - Processing file /home/airflow/.local/lib/python3.12/site-packages/airflow/example_dags/example_workday_timetable.py for tasks to queue
[2025-03-17T23:36:31.079+0000] {logging_mixin.py:190} INFO - [2025-03-17T23:36:31.079+0000] {dagbag.py:588} INFO - Filling up the DagBag from /home/airflow/.local/lib/python3.12/site-packages/airflow/example_dags/example_workday_timetable.py
[2025-03-17T23:36:31.084+0000] {processor.py:925} INFO - DAG(s) 'example_workday_timetable' retrieved from /home/airflow/.local/lib/python3.12/site-packages/airflow/example_dags/example_workday_timetable.py
[2025-03-17T23:36:31.100+0000] {logging_mixin.py:190} INFO - [2025-03-17T23:36:31.099+0000] {dag.py:3239} INFO - Sync 1 DAGs
[2025-03-17T23:36:31.143+0000] {logging_mixin.py:190} INFO - [2025-03-17T23:36:31.142+0000] {dag.py:4180} INFO - Setting next_dagrun for example_workday_timetable to 2021-01-04 00:00:00+00:00, run_after=2021-01-05 00:00:00+00:00
[2025-03-17T23:36:31.162+0000] {processor.py:208} INFO - Processing /home/airflow/.local/lib/python3.12/site-packages/airflow/example_dags/example_workday_timetable.py took 0.090 seconds
[2025-03-17T23:37:02.435+0000] {processor.py:186} INFO - Started process (PID=9165) to work on /home/airflow/.local/lib/python3.12/site-packages/airflow/example_dags/example_workday_timetable.py
[2025-03-17T23:37:02.437+0000] {processor.py:914} INFO - Processing file /home/airflow/.local/lib/python3.12/site-packages/airflow/example_dags/example_workday_timetable.py for tasks to queue
[2025-03-17T23:37:02.438+0000] {logging_mixin.py:190} INFO - [2025-03-17T23:37:02.438+0000] {dagbag.py:588} INFO - Filling up the DagBag from /home/airflow/.local/lib/python3.12/site-packages/airflow/example_dags/example_workday_timetable.py
[2025-03-17T23:37:02.442+0000] {processor.py:925} INFO - DAG(s) 'example_workday_timetable' retrieved from /home/airflow/.local/lib/python3.12/site-packages/airflow/example_dags/example_workday_timetable.py
[2025-03-17T23:37:02.456+0000] {logging_mixin.py:190} INFO - [2025-03-17T23:37:02.455+0000] {dag.py:3239} INFO - Sync 1 DAGs
[2025-03-17T23:37:02.503+0000] {logging_mixin.py:190} INFO - [2025-03-17T23:37:02.503+0000] {dag.py:4180} INFO - Setting next_dagrun for example_workday_timetable to 2021-01-04 00:00:00+00:00, run_after=2021-01-05 00:00:00+00:00
[2025-03-17T23:37:02.516+0000] {processor.py:208} INFO - Processing /home/airflow/.local/lib/python3.12/site-packages/airflow/example_dags/example_workday_timetable.py took 0.084 seconds
[2025-03-17T23:37:33.859+0000] {processor.py:186} INFO - Started process (PID=9462) to work on /home/airflow/.local/lib/python3.12/site-packages/airflow/example_dags/example_workday_timetable.py
[2025-03-17T23:37:33.860+0000] {processor.py:914} INFO - Processing file /home/airflow/.local/lib/python3.12/site-packages/airflow/example_dags/example_workday_timetable.py for tasks to queue
[2025-03-17T23:37:33.861+0000] {logging_mixin.py:190} INFO - [2025-03-17T23:37:33.861+0000] {dagbag.py:588} INFO - Filling up the DagBag from /home/airflow/.local/lib/python3.12/site-packages/airflow/example_dags/example_workday_timetable.py
[2025-03-17T23:37:33.864+0000] {processor.py:925} INFO - DAG(s) 'example_workday_timetable' retrieved from /home/airflow/.local/lib/python3.12/site-packages/airflow/example_dags/example_workday_timetable.py
[2025-03-17T23:37:33.873+0000] {logging_mixin.py:190} INFO - [2025-03-17T23:37:33.873+0000] {dag.py:3239} INFO - Sync 1 DAGs
[2025-03-17T23:37:33.902+0000] {logging_mixin.py:190} INFO - [2025-03-17T23:37:33.902+0000] {dag.py:4180} INFO - Setting next_dagrun for example_workday_timetable to 2021-01-04 00:00:00+00:00, run_after=2021-01-05 00:00:00+00:00
[2025-03-17T23:37:33.911+0000] {processor.py:208} INFO - Processing /home/airflow/.local/lib/python3.12/site-packages/airflow/example_dags/example_workday_timetable.py took 0.054 seconds
