[2025-03-17T23:21:36.813+0000] {processor.py:186} INFO - Started process (PID=412) to work on /home/airflow/.local/lib/python3.12/site-packages/airflow/example_dags/example_dynamic_task_mapping.py
[2025-03-17T23:21:36.814+0000] {processor.py:914} INFO - Processing file /home/airflow/.local/lib/python3.12/site-packages/airflow/example_dags/example_dynamic_task_mapping.py for tasks to queue
[2025-03-17T23:21:36.815+0000] {logging_mixin.py:190} INFO - [2025-03-17T23:21:36.815+0000] {dagbag.py:588} INFO - Filling up the DagBag from /home/airflow/.local/lib/python3.12/site-packages/airflow/example_dags/example_dynamic_task_mapping.py
[2025-03-17T23:21:36.819+0000] {processor.py:925} INFO - DAG(s) 'example_dynamic_task_mapping' retrieved from /home/airflow/.local/lib/python3.12/site-packages/airflow/example_dags/example_dynamic_task_mapping.py
[2025-03-17T23:21:36.867+0000] {logging_mixin.py:190} INFO - [2025-03-17T23:21:36.867+0000] {override.py:1912} INFO - Created Permission View: can edit on DAG:example_dynamic_task_mapping
[2025-03-17T23:21:36.872+0000] {logging_mixin.py:190} INFO - [2025-03-17T23:21:36.872+0000] {override.py:1912} INFO - Created Permission View: can read on DAG:example_dynamic_task_mapping
[2025-03-17T23:21:36.875+0000] {logging_mixin.py:190} INFO - [2025-03-17T23:21:36.875+0000] {override.py:1912} INFO - Created Permission View: can delete on DAG:example_dynamic_task_mapping
[2025-03-17T23:21:36.877+0000] {logging_mixin.py:190} INFO - [2025-03-17T23:21:36.877+0000] {override.py:1912} INFO - Created Permission View: can create on DAG Run:example_dynamic_task_mapping
[2025-03-17T23:21:36.879+0000] {logging_mixin.py:190} INFO - [2025-03-17T23:21:36.879+0000] {override.py:1912} INFO - Created Permission View: menu access on DAG Run:example_dynamic_task_mapping
[2025-03-17T23:21:36.882+0000] {logging_mixin.py:190} INFO - [2025-03-17T23:21:36.882+0000] {override.py:1912} INFO - Created Permission View: can read on DAG Run:example_dynamic_task_mapping
[2025-03-17T23:21:36.884+0000] {logging_mixin.py:190} INFO - [2025-03-17T23:21:36.884+0000] {override.py:1912} INFO - Created Permission View: can delete on DAG Run:example_dynamic_task_mapping
[2025-03-17T23:21:36.884+0000] {logging_mixin.py:190} INFO - [2025-03-17T23:21:36.884+0000] {dag.py:3239} INFO - Sync 1 DAGs
[2025-03-17T23:21:36.890+0000] {logging_mixin.py:190} INFO - [2025-03-17T23:21:36.890+0000] {dag.py:3262} INFO - Creating ORM DAG for example_dynamic_task_mapping
[2025-03-17T23:21:36.890+0000] {logging_mixin.py:190} INFO - [2025-03-17T23:21:36.890+0000] {dag.py:4180} INFO - Setting next_dagrun for example_dynamic_task_mapping to None, run_after=None
[2025-03-17T23:21:36.896+0000] {processor.py:208} INFO - Processing /home/airflow/.local/lib/python3.12/site-packages/airflow/example_dags/example_dynamic_task_mapping.py took 0.086 seconds
[2025-03-17T23:22:07.950+0000] {processor.py:186} INFO - Started process (PID=703) to work on /home/airflow/.local/lib/python3.12/site-packages/airflow/example_dags/example_dynamic_task_mapping.py
[2025-03-17T23:22:07.952+0000] {processor.py:914} INFO - Processing file /home/airflow/.local/lib/python3.12/site-packages/airflow/example_dags/example_dynamic_task_mapping.py for tasks to queue
[2025-03-17T23:22:07.954+0000] {logging_mixin.py:190} INFO - [2025-03-17T23:22:07.954+0000] {dagbag.py:588} INFO - Filling up the DagBag from /home/airflow/.local/lib/python3.12/site-packages/airflow/example_dags/example_dynamic_task_mapping.py
[2025-03-17T23:22:07.961+0000] {processor.py:925} INFO - DAG(s) 'example_dynamic_task_mapping' retrieved from /home/airflow/.local/lib/python3.12/site-packages/airflow/example_dags/example_dynamic_task_mapping.py
[2025-03-17T23:22:07.975+0000] {logging_mixin.py:190} INFO - [2025-03-17T23:22:07.974+0000] {dag.py:3239} INFO - Sync 1 DAGs
[2025-03-17T23:22:07.984+0000] {logging_mixin.py:190} INFO - [2025-03-17T23:22:07.984+0000] {dag.py:4180} INFO - Setting next_dagrun for example_dynamic_task_mapping to None, run_after=None
[2025-03-17T23:22:07.993+0000] {processor.py:208} INFO - Processing /home/airflow/.local/lib/python3.12/site-packages/airflow/example_dags/example_dynamic_task_mapping.py took 0.049 seconds
[2025-03-17T23:22:38.120+0000] {processor.py:186} INFO - Started process (PID=991) to work on /home/airflow/.local/lib/python3.12/site-packages/airflow/example_dags/example_dynamic_task_mapping.py
[2025-03-17T23:22:38.121+0000] {processor.py:914} INFO - Processing file /home/airflow/.local/lib/python3.12/site-packages/airflow/example_dags/example_dynamic_task_mapping.py for tasks to queue
[2025-03-17T23:22:38.123+0000] {logging_mixin.py:190} INFO - [2025-03-17T23:22:38.122+0000] {dagbag.py:588} INFO - Filling up the DagBag from /home/airflow/.local/lib/python3.12/site-packages/airflow/example_dags/example_dynamic_task_mapping.py
[2025-03-17T23:22:38.127+0000] {processor.py:925} INFO - DAG(s) 'example_dynamic_task_mapping' retrieved from /home/airflow/.local/lib/python3.12/site-packages/airflow/example_dags/example_dynamic_task_mapping.py
[2025-03-17T23:22:38.138+0000] {logging_mixin.py:190} INFO - [2025-03-17T23:22:38.138+0000] {dag.py:3239} INFO - Sync 1 DAGs
[2025-03-17T23:22:38.145+0000] {logging_mixin.py:190} INFO - [2025-03-17T23:22:38.145+0000] {dag.py:4180} INFO - Setting next_dagrun for example_dynamic_task_mapping to None, run_after=None
[2025-03-17T23:22:38.155+0000] {processor.py:208} INFO - Processing /home/airflow/.local/lib/python3.12/site-packages/airflow/example_dags/example_dynamic_task_mapping.py took 0.038 seconds
[2025-03-17T23:23:08.866+0000] {processor.py:186} INFO - Started process (PID=1282) to work on /home/airflow/.local/lib/python3.12/site-packages/airflow/example_dags/example_dynamic_task_mapping.py
[2025-03-17T23:23:08.867+0000] {processor.py:914} INFO - Processing file /home/airflow/.local/lib/python3.12/site-packages/airflow/example_dags/example_dynamic_task_mapping.py for tasks to queue
[2025-03-17T23:23:08.870+0000] {logging_mixin.py:190} INFO - [2025-03-17T23:23:08.869+0000] {dagbag.py:588} INFO - Filling up the DagBag from /home/airflow/.local/lib/python3.12/site-packages/airflow/example_dags/example_dynamic_task_mapping.py
[2025-03-17T23:23:08.878+0000] {processor.py:925} INFO - DAG(s) 'example_dynamic_task_mapping' retrieved from /home/airflow/.local/lib/python3.12/site-packages/airflow/example_dags/example_dynamic_task_mapping.py
[2025-03-17T23:23:08.892+0000] {logging_mixin.py:190} INFO - [2025-03-17T23:23:08.892+0000] {dag.py:3239} INFO - Sync 1 DAGs
[2025-03-17T23:23:08.902+0000] {logging_mixin.py:190} INFO - [2025-03-17T23:23:08.901+0000] {dag.py:4180} INFO - Setting next_dagrun for example_dynamic_task_mapping to None, run_after=None
[2025-03-17T23:23:08.912+0000] {processor.py:208} INFO - Processing /home/airflow/.local/lib/python3.12/site-packages/airflow/example_dags/example_dynamic_task_mapping.py took 0.051 seconds
[2025-03-17T23:23:39.086+0000] {processor.py:186} INFO - Started process (PID=1571) to work on /home/airflow/.local/lib/python3.12/site-packages/airflow/example_dags/example_dynamic_task_mapping.py
[2025-03-17T23:23:39.088+0000] {processor.py:914} INFO - Processing file /home/airflow/.local/lib/python3.12/site-packages/airflow/example_dags/example_dynamic_task_mapping.py for tasks to queue
[2025-03-17T23:23:39.089+0000] {logging_mixin.py:190} INFO - [2025-03-17T23:23:39.089+0000] {dagbag.py:588} INFO - Filling up the DagBag from /home/airflow/.local/lib/python3.12/site-packages/airflow/example_dags/example_dynamic_task_mapping.py
[2025-03-17T23:23:39.095+0000] {processor.py:925} INFO - DAG(s) 'example_dynamic_task_mapping' retrieved from /home/airflow/.local/lib/python3.12/site-packages/airflow/example_dags/example_dynamic_task_mapping.py
[2025-03-17T23:23:39.106+0000] {logging_mixin.py:190} INFO - [2025-03-17T23:23:39.106+0000] {dag.py:3239} INFO - Sync 1 DAGs
[2025-03-17T23:23:39.115+0000] {logging_mixin.py:190} INFO - [2025-03-17T23:23:39.115+0000] {dag.py:4180} INFO - Setting next_dagrun for example_dynamic_task_mapping to None, run_after=None
[2025-03-17T23:23:39.124+0000] {processor.py:208} INFO - Processing /home/airflow/.local/lib/python3.12/site-packages/airflow/example_dags/example_dynamic_task_mapping.py took 0.045 seconds
[2025-03-17T23:24:10.029+0000] {processor.py:186} INFO - Started process (PID=1862) to work on /home/airflow/.local/lib/python3.12/site-packages/airflow/example_dags/example_dynamic_task_mapping.py
[2025-03-17T23:24:10.030+0000] {processor.py:914} INFO - Processing file /home/airflow/.local/lib/python3.12/site-packages/airflow/example_dags/example_dynamic_task_mapping.py for tasks to queue
[2025-03-17T23:24:10.032+0000] {logging_mixin.py:190} INFO - [2025-03-17T23:24:10.031+0000] {dagbag.py:588} INFO - Filling up the DagBag from /home/airflow/.local/lib/python3.12/site-packages/airflow/example_dags/example_dynamic_task_mapping.py
[2025-03-17T23:24:10.036+0000] {processor.py:925} INFO - DAG(s) 'example_dynamic_task_mapping' retrieved from /home/airflow/.local/lib/python3.12/site-packages/airflow/example_dags/example_dynamic_task_mapping.py
[2025-03-17T23:24:10.047+0000] {logging_mixin.py:190} INFO - [2025-03-17T23:24:10.047+0000] {dag.py:3239} INFO - Sync 1 DAGs
[2025-03-17T23:24:10.054+0000] {logging_mixin.py:190} INFO - [2025-03-17T23:24:10.054+0000] {dag.py:4180} INFO - Setting next_dagrun for example_dynamic_task_mapping to None, run_after=None
[2025-03-17T23:24:10.062+0000] {processor.py:208} INFO - Processing /home/airflow/.local/lib/python3.12/site-packages/airflow/example_dags/example_dynamic_task_mapping.py took 0.036 seconds
[2025-03-17T23:24:41.406+0000] {processor.py:186} INFO - Started process (PID=2153) to work on /home/airflow/.local/lib/python3.12/site-packages/airflow/example_dags/example_dynamic_task_mapping.py
[2025-03-17T23:24:41.407+0000] {processor.py:914} INFO - Processing file /home/airflow/.local/lib/python3.12/site-packages/airflow/example_dags/example_dynamic_task_mapping.py for tasks to queue
[2025-03-17T23:24:41.408+0000] {logging_mixin.py:190} INFO - [2025-03-17T23:24:41.408+0000] {dagbag.py:588} INFO - Filling up the DagBag from /home/airflow/.local/lib/python3.12/site-packages/airflow/example_dags/example_dynamic_task_mapping.py
[2025-03-17T23:24:41.413+0000] {processor.py:925} INFO - DAG(s) 'example_dynamic_task_mapping' retrieved from /home/airflow/.local/lib/python3.12/site-packages/airflow/example_dags/example_dynamic_task_mapping.py
[2025-03-17T23:24:41.423+0000] {logging_mixin.py:190} INFO - [2025-03-17T23:24:41.423+0000] {dag.py:3239} INFO - Sync 1 DAGs
[2025-03-17T23:24:41.429+0000] {logging_mixin.py:190} INFO - [2025-03-17T23:24:41.429+0000] {dag.py:4180} INFO - Setting next_dagrun for example_dynamic_task_mapping to None, run_after=None
[2025-03-17T23:24:41.437+0000] {processor.py:208} INFO - Processing /home/airflow/.local/lib/python3.12/site-packages/airflow/example_dags/example_dynamic_task_mapping.py took 0.034 seconds
[2025-03-17T23:25:13.168+0000] {processor.py:186} INFO - Started process (PID=2445) to work on /home/airflow/.local/lib/python3.12/site-packages/airflow/example_dags/example_dynamic_task_mapping.py
[2025-03-17T23:25:13.169+0000] {processor.py:914} INFO - Processing file /home/airflow/.local/lib/python3.12/site-packages/airflow/example_dags/example_dynamic_task_mapping.py for tasks to queue
[2025-03-17T23:25:13.172+0000] {logging_mixin.py:190} INFO - [2025-03-17T23:25:13.172+0000] {dagbag.py:588} INFO - Filling up the DagBag from /home/airflow/.local/lib/python3.12/site-packages/airflow/example_dags/example_dynamic_task_mapping.py
[2025-03-17T23:25:13.181+0000] {processor.py:925} INFO - DAG(s) 'example_dynamic_task_mapping' retrieved from /home/airflow/.local/lib/python3.12/site-packages/airflow/example_dags/example_dynamic_task_mapping.py
[2025-03-17T23:25:13.196+0000] {logging_mixin.py:190} INFO - [2025-03-17T23:25:13.196+0000] {dag.py:3239} INFO - Sync 1 DAGs
[2025-03-17T23:25:13.209+0000] {logging_mixin.py:190} INFO - [2025-03-17T23:25:13.208+0000] {dag.py:4180} INFO - Setting next_dagrun for example_dynamic_task_mapping to None, run_after=None
[2025-03-17T23:25:13.224+0000] {processor.py:208} INFO - Processing /home/airflow/.local/lib/python3.12/site-packages/airflow/example_dags/example_dynamic_task_mapping.py took 0.059 seconds
[2025-03-17T23:25:44.020+0000] {processor.py:186} INFO - Started process (PID=2734) to work on /home/airflow/.local/lib/python3.12/site-packages/airflow/example_dags/example_dynamic_task_mapping.py
[2025-03-17T23:25:44.021+0000] {processor.py:914} INFO - Processing file /home/airflow/.local/lib/python3.12/site-packages/airflow/example_dags/example_dynamic_task_mapping.py for tasks to queue
[2025-03-17T23:25:44.022+0000] {logging_mixin.py:190} INFO - [2025-03-17T23:25:44.022+0000] {dagbag.py:588} INFO - Filling up the DagBag from /home/airflow/.local/lib/python3.12/site-packages/airflow/example_dags/example_dynamic_task_mapping.py
[2025-03-17T23:25:44.028+0000] {processor.py:925} INFO - DAG(s) 'example_dynamic_task_mapping' retrieved from /home/airflow/.local/lib/python3.12/site-packages/airflow/example_dags/example_dynamic_task_mapping.py
[2025-03-17T23:25:44.038+0000] {logging_mixin.py:190} INFO - [2025-03-17T23:25:44.038+0000] {dag.py:3239} INFO - Sync 1 DAGs
[2025-03-17T23:25:44.044+0000] {logging_mixin.py:190} INFO - [2025-03-17T23:25:44.044+0000] {dag.py:4180} INFO - Setting next_dagrun for example_dynamic_task_mapping to None, run_after=None
[2025-03-17T23:25:44.052+0000] {processor.py:208} INFO - Processing /home/airflow/.local/lib/python3.12/site-packages/airflow/example_dags/example_dynamic_task_mapping.py took 0.035 seconds
[2025-03-17T23:26:14.909+0000] {processor.py:186} INFO - Started process (PID=3025) to work on /home/airflow/.local/lib/python3.12/site-packages/airflow/example_dags/example_dynamic_task_mapping.py
[2025-03-17T23:26:14.910+0000] {processor.py:914} INFO - Processing file /home/airflow/.local/lib/python3.12/site-packages/airflow/example_dags/example_dynamic_task_mapping.py for tasks to queue
[2025-03-17T23:26:14.911+0000] {logging_mixin.py:190} INFO - [2025-03-17T23:26:14.911+0000] {dagbag.py:588} INFO - Filling up the DagBag from /home/airflow/.local/lib/python3.12/site-packages/airflow/example_dags/example_dynamic_task_mapping.py
[2025-03-17T23:26:14.915+0000] {processor.py:925} INFO - DAG(s) 'example_dynamic_task_mapping' retrieved from /home/airflow/.local/lib/python3.12/site-packages/airflow/example_dags/example_dynamic_task_mapping.py
[2025-03-17T23:26:14.924+0000] {logging_mixin.py:190} INFO - [2025-03-17T23:26:14.924+0000] {dag.py:3239} INFO - Sync 1 DAGs
[2025-03-17T23:26:14.931+0000] {logging_mixin.py:190} INFO - [2025-03-17T23:26:14.931+0000] {dag.py:4180} INFO - Setting next_dagrun for example_dynamic_task_mapping to None, run_after=None
[2025-03-17T23:26:14.939+0000] {processor.py:208} INFO - Processing /home/airflow/.local/lib/python3.12/site-packages/airflow/example_dags/example_dynamic_task_mapping.py took 0.033 seconds
[2025-03-17T23:26:45.798+0000] {processor.py:186} INFO - Started process (PID=3316) to work on /home/airflow/.local/lib/python3.12/site-packages/airflow/example_dags/example_dynamic_task_mapping.py
[2025-03-17T23:26:45.799+0000] {processor.py:914} INFO - Processing file /home/airflow/.local/lib/python3.12/site-packages/airflow/example_dags/example_dynamic_task_mapping.py for tasks to queue
[2025-03-17T23:26:45.800+0000] {logging_mixin.py:190} INFO - [2025-03-17T23:26:45.800+0000] {dagbag.py:588} INFO - Filling up the DagBag from /home/airflow/.local/lib/python3.12/site-packages/airflow/example_dags/example_dynamic_task_mapping.py
[2025-03-17T23:26:45.804+0000] {processor.py:925} INFO - DAG(s) 'example_dynamic_task_mapping' retrieved from /home/airflow/.local/lib/python3.12/site-packages/airflow/example_dags/example_dynamic_task_mapping.py
[2025-03-17T23:26:45.817+0000] {logging_mixin.py:190} INFO - [2025-03-17T23:26:45.817+0000] {dag.py:3239} INFO - Sync 1 DAGs
[2025-03-17T23:26:45.824+0000] {logging_mixin.py:190} INFO - [2025-03-17T23:26:45.824+0000] {dag.py:4180} INFO - Setting next_dagrun for example_dynamic_task_mapping to None, run_after=None
[2025-03-17T23:26:45.834+0000] {processor.py:208} INFO - Processing /home/airflow/.local/lib/python3.12/site-packages/airflow/example_dags/example_dynamic_task_mapping.py took 0.038 seconds
[2025-03-17T23:27:16.786+0000] {processor.py:186} INFO - Started process (PID=3607) to work on /home/airflow/.local/lib/python3.12/site-packages/airflow/example_dags/example_dynamic_task_mapping.py
[2025-03-17T23:27:16.788+0000] {processor.py:914} INFO - Processing file /home/airflow/.local/lib/python3.12/site-packages/airflow/example_dags/example_dynamic_task_mapping.py for tasks to queue
[2025-03-17T23:27:16.789+0000] {logging_mixin.py:190} INFO - [2025-03-17T23:27:16.789+0000] {dagbag.py:588} INFO - Filling up the DagBag from /home/airflow/.local/lib/python3.12/site-packages/airflow/example_dags/example_dynamic_task_mapping.py
[2025-03-17T23:27:16.793+0000] {processor.py:925} INFO - DAG(s) 'example_dynamic_task_mapping' retrieved from /home/airflow/.local/lib/python3.12/site-packages/airflow/example_dags/example_dynamic_task_mapping.py
[2025-03-17T23:27:16.803+0000] {logging_mixin.py:190} INFO - [2025-03-17T23:27:16.803+0000] {dag.py:3239} INFO - Sync 1 DAGs
[2025-03-17T23:27:16.810+0000] {logging_mixin.py:190} INFO - [2025-03-17T23:27:16.810+0000] {dag.py:4180} INFO - Setting next_dagrun for example_dynamic_task_mapping to None, run_after=None
[2025-03-17T23:27:16.820+0000] {processor.py:208} INFO - Processing /home/airflow/.local/lib/python3.12/site-packages/airflow/example_dags/example_dynamic_task_mapping.py took 0.036 seconds
[2025-03-17T23:27:48.252+0000] {processor.py:186} INFO - Started process (PID=3898) to work on /home/airflow/.local/lib/python3.12/site-packages/airflow/example_dags/example_dynamic_task_mapping.py
[2025-03-17T23:27:48.253+0000] {processor.py:914} INFO - Processing file /home/airflow/.local/lib/python3.12/site-packages/airflow/example_dags/example_dynamic_task_mapping.py for tasks to queue
[2025-03-17T23:27:48.254+0000] {logging_mixin.py:190} INFO - [2025-03-17T23:27:48.254+0000] {dagbag.py:588} INFO - Filling up the DagBag from /home/airflow/.local/lib/python3.12/site-packages/airflow/example_dags/example_dynamic_task_mapping.py
[2025-03-17T23:27:48.259+0000] {processor.py:925} INFO - DAG(s) 'example_dynamic_task_mapping' retrieved from /home/airflow/.local/lib/python3.12/site-packages/airflow/example_dags/example_dynamic_task_mapping.py
[2025-03-17T23:27:48.272+0000] {logging_mixin.py:190} INFO - [2025-03-17T23:27:48.272+0000] {dag.py:3239} INFO - Sync 1 DAGs
[2025-03-17T23:27:48.281+0000] {logging_mixin.py:190} INFO - [2025-03-17T23:27:48.281+0000] {dag.py:4180} INFO - Setting next_dagrun for example_dynamic_task_mapping to None, run_after=None
[2025-03-17T23:27:48.305+0000] {processor.py:208} INFO - Processing /home/airflow/.local/lib/python3.12/site-packages/airflow/example_dags/example_dynamic_task_mapping.py took 0.056 seconds
[2025-03-17T23:28:18.376+0000] {processor.py:186} INFO - Started process (PID=4189) to work on /home/airflow/.local/lib/python3.12/site-packages/airflow/example_dags/example_dynamic_task_mapping.py
[2025-03-17T23:28:18.377+0000] {processor.py:914} INFO - Processing file /home/airflow/.local/lib/python3.12/site-packages/airflow/example_dags/example_dynamic_task_mapping.py for tasks to queue
[2025-03-17T23:28:18.379+0000] {logging_mixin.py:190} INFO - [2025-03-17T23:28:18.378+0000] {dagbag.py:588} INFO - Filling up the DagBag from /home/airflow/.local/lib/python3.12/site-packages/airflow/example_dags/example_dynamic_task_mapping.py
[2025-03-17T23:28:18.387+0000] {processor.py:925} INFO - DAG(s) 'example_dynamic_task_mapping' retrieved from /home/airflow/.local/lib/python3.12/site-packages/airflow/example_dags/example_dynamic_task_mapping.py
[2025-03-17T23:28:18.398+0000] {logging_mixin.py:190} INFO - [2025-03-17T23:28:18.398+0000] {dag.py:3239} INFO - Sync 1 DAGs
[2025-03-17T23:28:18.404+0000] {logging_mixin.py:190} INFO - [2025-03-17T23:28:18.404+0000] {dag.py:4180} INFO - Setting next_dagrun for example_dynamic_task_mapping to None, run_after=None
[2025-03-17T23:28:18.412+0000] {processor.py:208} INFO - Processing /home/airflow/.local/lib/python3.12/site-packages/airflow/example_dags/example_dynamic_task_mapping.py took 0.039 seconds
[2025-03-17T23:28:49.181+0000] {processor.py:186} INFO - Started process (PID=4480) to work on /home/airflow/.local/lib/python3.12/site-packages/airflow/example_dags/example_dynamic_task_mapping.py
[2025-03-17T23:28:49.181+0000] {processor.py:914} INFO - Processing file /home/airflow/.local/lib/python3.12/site-packages/airflow/example_dags/example_dynamic_task_mapping.py for tasks to queue
[2025-03-17T23:28:49.182+0000] {logging_mixin.py:190} INFO - [2025-03-17T23:28:49.182+0000] {dagbag.py:588} INFO - Filling up the DagBag from /home/airflow/.local/lib/python3.12/site-packages/airflow/example_dags/example_dynamic_task_mapping.py
[2025-03-17T23:28:49.187+0000] {processor.py:925} INFO - DAG(s) 'example_dynamic_task_mapping' retrieved from /home/airflow/.local/lib/python3.12/site-packages/airflow/example_dags/example_dynamic_task_mapping.py
[2025-03-17T23:28:49.196+0000] {logging_mixin.py:190} INFO - [2025-03-17T23:28:49.196+0000] {dag.py:3239} INFO - Sync 1 DAGs
[2025-03-17T23:28:49.202+0000] {logging_mixin.py:190} INFO - [2025-03-17T23:28:49.202+0000] {dag.py:4180} INFO - Setting next_dagrun for example_dynamic_task_mapping to None, run_after=None
[2025-03-17T23:28:49.213+0000] {processor.py:208} INFO - Processing /home/airflow/.local/lib/python3.12/site-packages/airflow/example_dags/example_dynamic_task_mapping.py took 0.035 seconds
[2025-03-17T23:29:19.815+0000] {processor.py:186} INFO - Started process (PID=4773) to work on /home/airflow/.local/lib/python3.12/site-packages/airflow/example_dags/example_dynamic_task_mapping.py
[2025-03-17T23:29:19.815+0000] {processor.py:914} INFO - Processing file /home/airflow/.local/lib/python3.12/site-packages/airflow/example_dags/example_dynamic_task_mapping.py for tasks to queue
[2025-03-17T23:29:19.816+0000] {logging_mixin.py:190} INFO - [2025-03-17T23:29:19.816+0000] {dagbag.py:588} INFO - Filling up the DagBag from /home/airflow/.local/lib/python3.12/site-packages/airflow/example_dags/example_dynamic_task_mapping.py
[2025-03-17T23:29:19.820+0000] {processor.py:925} INFO - DAG(s) 'example_dynamic_task_mapping' retrieved from /home/airflow/.local/lib/python3.12/site-packages/airflow/example_dags/example_dynamic_task_mapping.py
[2025-03-17T23:29:19.829+0000] {logging_mixin.py:190} INFO - [2025-03-17T23:29:19.829+0000] {dag.py:3239} INFO - Sync 1 DAGs
[2025-03-17T23:29:19.835+0000] {logging_mixin.py:190} INFO - [2025-03-17T23:29:19.835+0000] {dag.py:4180} INFO - Setting next_dagrun for example_dynamic_task_mapping to None, run_after=None
[2025-03-17T23:29:19.842+0000] {processor.py:208} INFO - Processing /home/airflow/.local/lib/python3.12/site-packages/airflow/example_dags/example_dynamic_task_mapping.py took 0.029 seconds
[2025-03-17T23:29:50.356+0000] {processor.py:186} INFO - Started process (PID=5062) to work on /home/airflow/.local/lib/python3.12/site-packages/airflow/example_dags/example_dynamic_task_mapping.py
[2025-03-17T23:29:50.356+0000] {processor.py:914} INFO - Processing file /home/airflow/.local/lib/python3.12/site-packages/airflow/example_dags/example_dynamic_task_mapping.py for tasks to queue
[2025-03-17T23:29:50.357+0000] {logging_mixin.py:190} INFO - [2025-03-17T23:29:50.357+0000] {dagbag.py:588} INFO - Filling up the DagBag from /home/airflow/.local/lib/python3.12/site-packages/airflow/example_dags/example_dynamic_task_mapping.py
[2025-03-17T23:29:50.362+0000] {processor.py:925} INFO - DAG(s) 'example_dynamic_task_mapping' retrieved from /home/airflow/.local/lib/python3.12/site-packages/airflow/example_dags/example_dynamic_task_mapping.py
[2025-03-17T23:29:50.371+0000] {logging_mixin.py:190} INFO - [2025-03-17T23:29:50.371+0000] {dag.py:3239} INFO - Sync 1 DAGs
[2025-03-17T23:29:50.379+0000] {logging_mixin.py:190} INFO - [2025-03-17T23:29:50.378+0000] {dag.py:4180} INFO - Setting next_dagrun for example_dynamic_task_mapping to None, run_after=None
[2025-03-17T23:29:50.388+0000] {processor.py:208} INFO - Processing /home/airflow/.local/lib/python3.12/site-packages/airflow/example_dags/example_dynamic_task_mapping.py took 0.035 seconds
[2025-03-17T23:30:20.897+0000] {processor.py:186} INFO - Started process (PID=5353) to work on /home/airflow/.local/lib/python3.12/site-packages/airflow/example_dags/example_dynamic_task_mapping.py
[2025-03-17T23:30:20.899+0000] {processor.py:914} INFO - Processing file /home/airflow/.local/lib/python3.12/site-packages/airflow/example_dags/example_dynamic_task_mapping.py for tasks to queue
[2025-03-17T23:30:20.900+0000] {logging_mixin.py:190} INFO - [2025-03-17T23:30:20.900+0000] {dagbag.py:588} INFO - Filling up the DagBag from /home/airflow/.local/lib/python3.12/site-packages/airflow/example_dags/example_dynamic_task_mapping.py
[2025-03-17T23:30:20.905+0000] {processor.py:925} INFO - DAG(s) 'example_dynamic_task_mapping' retrieved from /home/airflow/.local/lib/python3.12/site-packages/airflow/example_dags/example_dynamic_task_mapping.py
[2025-03-17T23:30:20.916+0000] {logging_mixin.py:190} INFO - [2025-03-17T23:30:20.916+0000] {dag.py:3239} INFO - Sync 1 DAGs
[2025-03-17T23:30:20.923+0000] {logging_mixin.py:190} INFO - [2025-03-17T23:30:20.923+0000] {dag.py:4180} INFO - Setting next_dagrun for example_dynamic_task_mapping to None, run_after=None
[2025-03-17T23:30:20.933+0000] {processor.py:208} INFO - Processing /home/airflow/.local/lib/python3.12/site-packages/airflow/example_dags/example_dynamic_task_mapping.py took 0.038 seconds
[2025-03-17T23:30:51.459+0000] {processor.py:186} INFO - Started process (PID=5644) to work on /home/airflow/.local/lib/python3.12/site-packages/airflow/example_dags/example_dynamic_task_mapping.py
[2025-03-17T23:30:51.460+0000] {processor.py:914} INFO - Processing file /home/airflow/.local/lib/python3.12/site-packages/airflow/example_dags/example_dynamic_task_mapping.py for tasks to queue
[2025-03-17T23:30:51.461+0000] {logging_mixin.py:190} INFO - [2025-03-17T23:30:51.461+0000] {dagbag.py:588} INFO - Filling up the DagBag from /home/airflow/.local/lib/python3.12/site-packages/airflow/example_dags/example_dynamic_task_mapping.py
[2025-03-17T23:30:51.465+0000] {processor.py:925} INFO - DAG(s) 'example_dynamic_task_mapping' retrieved from /home/airflow/.local/lib/python3.12/site-packages/airflow/example_dags/example_dynamic_task_mapping.py
[2025-03-17T23:30:51.474+0000] {logging_mixin.py:190} INFO - [2025-03-17T23:30:51.474+0000] {dag.py:3239} INFO - Sync 1 DAGs
[2025-03-17T23:30:51.480+0000] {logging_mixin.py:190} INFO - [2025-03-17T23:30:51.480+0000] {dag.py:4180} INFO - Setting next_dagrun for example_dynamic_task_mapping to None, run_after=None
[2025-03-17T23:30:51.487+0000] {processor.py:208} INFO - Processing /home/airflow/.local/lib/python3.12/site-packages/airflow/example_dags/example_dynamic_task_mapping.py took 0.030 seconds
[2025-03-17T23:31:22.030+0000] {processor.py:186} INFO - Started process (PID=5935) to work on /home/airflow/.local/lib/python3.12/site-packages/airflow/example_dags/example_dynamic_task_mapping.py
[2025-03-17T23:31:22.031+0000] {processor.py:914} INFO - Processing file /home/airflow/.local/lib/python3.12/site-packages/airflow/example_dags/example_dynamic_task_mapping.py for tasks to queue
[2025-03-17T23:31:22.032+0000] {logging_mixin.py:190} INFO - [2025-03-17T23:31:22.032+0000] {dagbag.py:588} INFO - Filling up the DagBag from /home/airflow/.local/lib/python3.12/site-packages/airflow/example_dags/example_dynamic_task_mapping.py
[2025-03-17T23:31:22.036+0000] {processor.py:925} INFO - DAG(s) 'example_dynamic_task_mapping' retrieved from /home/airflow/.local/lib/python3.12/site-packages/airflow/example_dags/example_dynamic_task_mapping.py
[2025-03-17T23:31:22.045+0000] {logging_mixin.py:190} INFO - [2025-03-17T23:31:22.045+0000] {dag.py:3239} INFO - Sync 1 DAGs
[2025-03-17T23:31:22.052+0000] {logging_mixin.py:190} INFO - [2025-03-17T23:31:22.052+0000] {dag.py:4180} INFO - Setting next_dagrun for example_dynamic_task_mapping to None, run_after=None
[2025-03-17T23:31:22.061+0000] {processor.py:208} INFO - Processing /home/airflow/.local/lib/python3.12/site-packages/airflow/example_dags/example_dynamic_task_mapping.py took 0.033 seconds
[2025-03-17T23:31:52.550+0000] {processor.py:186} INFO - Started process (PID=6226) to work on /home/airflow/.local/lib/python3.12/site-packages/airflow/example_dags/example_dynamic_task_mapping.py
[2025-03-17T23:31:52.550+0000] {processor.py:914} INFO - Processing file /home/airflow/.local/lib/python3.12/site-packages/airflow/example_dags/example_dynamic_task_mapping.py for tasks to queue
[2025-03-17T23:31:52.552+0000] {logging_mixin.py:190} INFO - [2025-03-17T23:31:52.551+0000] {dagbag.py:588} INFO - Filling up the DagBag from /home/airflow/.local/lib/python3.12/site-packages/airflow/example_dags/example_dynamic_task_mapping.py
[2025-03-17T23:31:52.556+0000] {processor.py:925} INFO - DAG(s) 'example_dynamic_task_mapping' retrieved from /home/airflow/.local/lib/python3.12/site-packages/airflow/example_dags/example_dynamic_task_mapping.py
[2025-03-17T23:31:52.565+0000] {logging_mixin.py:190} INFO - [2025-03-17T23:31:52.565+0000] {dag.py:3239} INFO - Sync 1 DAGs
[2025-03-17T23:31:52.572+0000] {logging_mixin.py:190} INFO - [2025-03-17T23:31:52.572+0000] {dag.py:4180} INFO - Setting next_dagrun for example_dynamic_task_mapping to None, run_after=None
[2025-03-17T23:31:52.580+0000] {processor.py:208} INFO - Processing /home/airflow/.local/lib/python3.12/site-packages/airflow/example_dags/example_dynamic_task_mapping.py took 0.033 seconds
[2025-03-17T23:32:23.128+0000] {processor.py:186} INFO - Started process (PID=6517) to work on /home/airflow/.local/lib/python3.12/site-packages/airflow/example_dags/example_dynamic_task_mapping.py
[2025-03-17T23:32:23.128+0000] {processor.py:914} INFO - Processing file /home/airflow/.local/lib/python3.12/site-packages/airflow/example_dags/example_dynamic_task_mapping.py for tasks to queue
[2025-03-17T23:32:23.129+0000] {logging_mixin.py:190} INFO - [2025-03-17T23:32:23.129+0000] {dagbag.py:588} INFO - Filling up the DagBag from /home/airflow/.local/lib/python3.12/site-packages/airflow/example_dags/example_dynamic_task_mapping.py
[2025-03-17T23:32:23.134+0000] {processor.py:925} INFO - DAG(s) 'example_dynamic_task_mapping' retrieved from /home/airflow/.local/lib/python3.12/site-packages/airflow/example_dags/example_dynamic_task_mapping.py
[2025-03-17T23:32:23.145+0000] {logging_mixin.py:190} INFO - [2025-03-17T23:32:23.144+0000] {dag.py:3239} INFO - Sync 1 DAGs
[2025-03-17T23:32:23.152+0000] {logging_mixin.py:190} INFO - [2025-03-17T23:32:23.151+0000] {dag.py:4180} INFO - Setting next_dagrun for example_dynamic_task_mapping to None, run_after=None
[2025-03-17T23:32:23.160+0000] {processor.py:208} INFO - Processing /home/airflow/.local/lib/python3.12/site-packages/airflow/example_dags/example_dynamic_task_mapping.py took 0.036 seconds
[2025-03-17T23:32:53.724+0000] {processor.py:186} INFO - Started process (PID=6805) to work on /home/airflow/.local/lib/python3.12/site-packages/airflow/example_dags/example_dynamic_task_mapping.py
[2025-03-17T23:32:53.725+0000] {processor.py:914} INFO - Processing file /home/airflow/.local/lib/python3.12/site-packages/airflow/example_dags/example_dynamic_task_mapping.py for tasks to queue
[2025-03-17T23:32:53.726+0000] {logging_mixin.py:190} INFO - [2025-03-17T23:32:53.726+0000] {dagbag.py:588} INFO - Filling up the DagBag from /home/airflow/.local/lib/python3.12/site-packages/airflow/example_dags/example_dynamic_task_mapping.py
[2025-03-17T23:32:53.730+0000] {processor.py:925} INFO - DAG(s) 'example_dynamic_task_mapping' retrieved from /home/airflow/.local/lib/python3.12/site-packages/airflow/example_dags/example_dynamic_task_mapping.py
[2025-03-17T23:32:53.740+0000] {logging_mixin.py:190} INFO - [2025-03-17T23:32:53.740+0000] {dag.py:3239} INFO - Sync 1 DAGs
[2025-03-17T23:32:53.746+0000] {logging_mixin.py:190} INFO - [2025-03-17T23:32:53.746+0000] {dag.py:4180} INFO - Setting next_dagrun for example_dynamic_task_mapping to None, run_after=None
[2025-03-17T23:32:53.753+0000] {processor.py:208} INFO - Processing /home/airflow/.local/lib/python3.12/site-packages/airflow/example_dags/example_dynamic_task_mapping.py took 0.032 seconds
[2025-03-17T23:33:24.425+0000] {processor.py:186} INFO - Started process (PID=7096) to work on /home/airflow/.local/lib/python3.12/site-packages/airflow/example_dags/example_dynamic_task_mapping.py
[2025-03-17T23:33:24.426+0000] {processor.py:914} INFO - Processing file /home/airflow/.local/lib/python3.12/site-packages/airflow/example_dags/example_dynamic_task_mapping.py for tasks to queue
[2025-03-17T23:33:24.427+0000] {logging_mixin.py:190} INFO - [2025-03-17T23:33:24.427+0000] {dagbag.py:588} INFO - Filling up the DagBag from /home/airflow/.local/lib/python3.12/site-packages/airflow/example_dags/example_dynamic_task_mapping.py
[2025-03-17T23:33:24.431+0000] {processor.py:925} INFO - DAG(s) 'example_dynamic_task_mapping' retrieved from /home/airflow/.local/lib/python3.12/site-packages/airflow/example_dags/example_dynamic_task_mapping.py
[2025-03-17T23:33:24.440+0000] {logging_mixin.py:190} INFO - [2025-03-17T23:33:24.440+0000] {dag.py:3239} INFO - Sync 1 DAGs
[2025-03-17T23:33:24.446+0000] {logging_mixin.py:190} INFO - [2025-03-17T23:33:24.445+0000] {dag.py:4180} INFO - Setting next_dagrun for example_dynamic_task_mapping to None, run_after=None
[2025-03-17T23:33:24.452+0000] {processor.py:208} INFO - Processing /home/airflow/.local/lib/python3.12/site-packages/airflow/example_dags/example_dynamic_task_mapping.py took 0.029 seconds
[2025-03-17T23:33:55.582+0000] {processor.py:186} INFO - Started process (PID=7391) to work on /home/airflow/.local/lib/python3.12/site-packages/airflow/example_dags/example_dynamic_task_mapping.py
[2025-03-17T23:33:55.583+0000] {processor.py:914} INFO - Processing file /home/airflow/.local/lib/python3.12/site-packages/airflow/example_dags/example_dynamic_task_mapping.py for tasks to queue
[2025-03-17T23:33:55.585+0000] {logging_mixin.py:190} INFO - [2025-03-17T23:33:55.585+0000] {dagbag.py:588} INFO - Filling up the DagBag from /home/airflow/.local/lib/python3.12/site-packages/airflow/example_dags/example_dynamic_task_mapping.py
[2025-03-17T23:33:55.590+0000] {processor.py:925} INFO - DAG(s) 'example_dynamic_task_mapping' retrieved from /home/airflow/.local/lib/python3.12/site-packages/airflow/example_dags/example_dynamic_task_mapping.py
[2025-03-17T23:33:55.600+0000] {logging_mixin.py:190} INFO - [2025-03-17T23:33:55.600+0000] {dag.py:3239} INFO - Sync 1 DAGs
[2025-03-17T23:33:55.609+0000] {logging_mixin.py:190} INFO - [2025-03-17T23:33:55.609+0000] {dag.py:4180} INFO - Setting next_dagrun for example_dynamic_task_mapping to None, run_after=None
[2025-03-17T23:33:55.618+0000] {processor.py:208} INFO - Processing /home/airflow/.local/lib/python3.12/site-packages/airflow/example_dags/example_dynamic_task_mapping.py took 0.039 seconds
[2025-03-17T23:34:26.474+0000] {processor.py:186} INFO - Started process (PID=7683) to work on /home/airflow/.local/lib/python3.12/site-packages/airflow/example_dags/example_dynamic_task_mapping.py
[2025-03-17T23:34:26.474+0000] {processor.py:914} INFO - Processing file /home/airflow/.local/lib/python3.12/site-packages/airflow/example_dags/example_dynamic_task_mapping.py for tasks to queue
[2025-03-17T23:34:26.475+0000] {logging_mixin.py:190} INFO - [2025-03-17T23:34:26.475+0000] {dagbag.py:588} INFO - Filling up the DagBag from /home/airflow/.local/lib/python3.12/site-packages/airflow/example_dags/example_dynamic_task_mapping.py
[2025-03-17T23:34:26.480+0000] {processor.py:925} INFO - DAG(s) 'example_dynamic_task_mapping' retrieved from /home/airflow/.local/lib/python3.12/site-packages/airflow/example_dags/example_dynamic_task_mapping.py
[2025-03-17T23:34:26.489+0000] {logging_mixin.py:190} INFO - [2025-03-17T23:34:26.489+0000] {dag.py:3239} INFO - Sync 1 DAGs
[2025-03-17T23:34:26.495+0000] {logging_mixin.py:190} INFO - [2025-03-17T23:34:26.495+0000] {dag.py:4180} INFO - Setting next_dagrun for example_dynamic_task_mapping to None, run_after=None
[2025-03-17T23:34:26.503+0000] {processor.py:208} INFO - Processing /home/airflow/.local/lib/python3.12/site-packages/airflow/example_dags/example_dynamic_task_mapping.py took 0.033 seconds
[2025-03-17T23:34:57.755+0000] {processor.py:186} INFO - Started process (PID=8011) to work on /home/airflow/.local/lib/python3.12/site-packages/airflow/example_dags/example_dynamic_task_mapping.py
[2025-03-17T23:34:57.756+0000] {processor.py:914} INFO - Processing file /home/airflow/.local/lib/python3.12/site-packages/airflow/example_dags/example_dynamic_task_mapping.py for tasks to queue
[2025-03-17T23:34:57.757+0000] {logging_mixin.py:190} INFO - [2025-03-17T23:34:57.757+0000] {dagbag.py:588} INFO - Filling up the DagBag from /home/airflow/.local/lib/python3.12/site-packages/airflow/example_dags/example_dynamic_task_mapping.py
[2025-03-17T23:34:57.762+0000] {processor.py:925} INFO - DAG(s) 'example_dynamic_task_mapping' retrieved from /home/airflow/.local/lib/python3.12/site-packages/airflow/example_dags/example_dynamic_task_mapping.py
[2025-03-17T23:34:57.771+0000] {logging_mixin.py:190} INFO - [2025-03-17T23:34:57.770+0000] {dag.py:3239} INFO - Sync 1 DAGs
[2025-03-17T23:34:57.778+0000] {logging_mixin.py:190} INFO - [2025-03-17T23:34:57.778+0000] {dag.py:4180} INFO - Setting next_dagrun for example_dynamic_task_mapping to None, run_after=None
[2025-03-17T23:34:57.786+0000] {processor.py:208} INFO - Processing /home/airflow/.local/lib/python3.12/site-packages/airflow/example_dags/example_dynamic_task_mapping.py took 0.034 seconds
[2025-03-17T23:35:28.555+0000] {processor.py:186} INFO - Started process (PID=8302) to work on /home/airflow/.local/lib/python3.12/site-packages/airflow/example_dags/example_dynamic_task_mapping.py
[2025-03-17T23:35:28.556+0000] {processor.py:914} INFO - Processing file /home/airflow/.local/lib/python3.12/site-packages/airflow/example_dags/example_dynamic_task_mapping.py for tasks to queue
[2025-03-17T23:35:28.557+0000] {logging_mixin.py:190} INFO - [2025-03-17T23:35:28.557+0000] {dagbag.py:588} INFO - Filling up the DagBag from /home/airflow/.local/lib/python3.12/site-packages/airflow/example_dags/example_dynamic_task_mapping.py
[2025-03-17T23:35:28.563+0000] {processor.py:925} INFO - DAG(s) 'example_dynamic_task_mapping' retrieved from /home/airflow/.local/lib/python3.12/site-packages/airflow/example_dags/example_dynamic_task_mapping.py
[2025-03-17T23:35:28.573+0000] {logging_mixin.py:190} INFO - [2025-03-17T23:35:28.573+0000] {dag.py:3239} INFO - Sync 1 DAGs
[2025-03-17T23:35:28.579+0000] {logging_mixin.py:190} INFO - [2025-03-17T23:35:28.579+0000] {dag.py:4180} INFO - Setting next_dagrun for example_dynamic_task_mapping to None, run_after=None
[2025-03-17T23:35:28.587+0000] {processor.py:208} INFO - Processing /home/airflow/.local/lib/python3.12/site-packages/airflow/example_dags/example_dynamic_task_mapping.py took 0.034 seconds
[2025-03-17T23:35:59.825+0000] {processor.py:186} INFO - Started process (PID=8593) to work on /home/airflow/.local/lib/python3.12/site-packages/airflow/example_dags/example_dynamic_task_mapping.py
[2025-03-17T23:35:59.826+0000] {processor.py:914} INFO - Processing file /home/airflow/.local/lib/python3.12/site-packages/airflow/example_dags/example_dynamic_task_mapping.py for tasks to queue
[2025-03-17T23:35:59.827+0000] {logging_mixin.py:190} INFO - [2025-03-17T23:35:59.827+0000] {dagbag.py:588} INFO - Filling up the DagBag from /home/airflow/.local/lib/python3.12/site-packages/airflow/example_dags/example_dynamic_task_mapping.py
[2025-03-17T23:35:59.832+0000] {processor.py:925} INFO - DAG(s) 'example_dynamic_task_mapping' retrieved from /home/airflow/.local/lib/python3.12/site-packages/airflow/example_dags/example_dynamic_task_mapping.py
[2025-03-17T23:35:59.843+0000] {logging_mixin.py:190} INFO - [2025-03-17T23:35:59.843+0000] {dag.py:3239} INFO - Sync 1 DAGs
[2025-03-17T23:35:59.850+0000] {logging_mixin.py:190} INFO - [2025-03-17T23:35:59.850+0000] {dag.py:4180} INFO - Setting next_dagrun for example_dynamic_task_mapping to None, run_after=None
[2025-03-17T23:35:59.858+0000] {processor.py:208} INFO - Processing /home/airflow/.local/lib/python3.12/site-packages/airflow/example_dags/example_dynamic_task_mapping.py took 0.036 seconds
[2025-03-17T23:36:31.180+0000] {processor.py:186} INFO - Started process (PID=8884) to work on /home/airflow/.local/lib/python3.12/site-packages/airflow/example_dags/example_dynamic_task_mapping.py
[2025-03-17T23:36:31.181+0000] {processor.py:914} INFO - Processing file /home/airflow/.local/lib/python3.12/site-packages/airflow/example_dags/example_dynamic_task_mapping.py for tasks to queue
[2025-03-17T23:36:31.182+0000] {logging_mixin.py:190} INFO - [2025-03-17T23:36:31.182+0000] {dagbag.py:588} INFO - Filling up the DagBag from /home/airflow/.local/lib/python3.12/site-packages/airflow/example_dags/example_dynamic_task_mapping.py
[2025-03-17T23:36:31.187+0000] {processor.py:925} INFO - DAG(s) 'example_dynamic_task_mapping' retrieved from /home/airflow/.local/lib/python3.12/site-packages/airflow/example_dags/example_dynamic_task_mapping.py
[2025-03-17T23:36:31.199+0000] {logging_mixin.py:190} INFO - [2025-03-17T23:36:31.199+0000] {dag.py:3239} INFO - Sync 1 DAGs
[2025-03-17T23:36:31.208+0000] {logging_mixin.py:190} INFO - [2025-03-17T23:36:31.208+0000] {dag.py:4180} INFO - Setting next_dagrun for example_dynamic_task_mapping to None, run_after=None
[2025-03-17T23:36:31.217+0000] {processor.py:208} INFO - Processing /home/airflow/.local/lib/python3.12/site-packages/airflow/example_dags/example_dynamic_task_mapping.py took 0.040 seconds
[2025-03-17T23:37:02.553+0000] {processor.py:186} INFO - Started process (PID=9180) to work on /home/airflow/.local/lib/python3.12/site-packages/airflow/example_dags/example_dynamic_task_mapping.py
[2025-03-17T23:37:02.554+0000] {processor.py:914} INFO - Processing file /home/airflow/.local/lib/python3.12/site-packages/airflow/example_dags/example_dynamic_task_mapping.py for tasks to queue
[2025-03-17T23:37:02.557+0000] {logging_mixin.py:190} INFO - [2025-03-17T23:37:02.557+0000] {dagbag.py:588} INFO - Filling up the DagBag from /home/airflow/.local/lib/python3.12/site-packages/airflow/example_dags/example_dynamic_task_mapping.py
[2025-03-17T23:37:02.564+0000] {processor.py:925} INFO - DAG(s) 'example_dynamic_task_mapping' retrieved from /home/airflow/.local/lib/python3.12/site-packages/airflow/example_dags/example_dynamic_task_mapping.py
[2025-03-17T23:37:02.582+0000] {logging_mixin.py:190} INFO - [2025-03-17T23:37:02.581+0000] {dag.py:3239} INFO - Sync 1 DAGs
[2025-03-17T23:37:02.591+0000] {logging_mixin.py:190} INFO - [2025-03-17T23:37:02.591+0000] {dag.py:4180} INFO - Setting next_dagrun for example_dynamic_task_mapping to None, run_after=None
[2025-03-17T23:37:02.603+0000] {processor.py:208} INFO - Processing /home/airflow/.local/lib/python3.12/site-packages/airflow/example_dags/example_dynamic_task_mapping.py took 0.054 seconds
[2025-03-17T23:37:34.137+0000] {processor.py:186} INFO - Started process (PID=9477) to work on /home/airflow/.local/lib/python3.12/site-packages/airflow/example_dags/example_dynamic_task_mapping.py
[2025-03-17T23:37:34.138+0000] {processor.py:914} INFO - Processing file /home/airflow/.local/lib/python3.12/site-packages/airflow/example_dags/example_dynamic_task_mapping.py for tasks to queue
[2025-03-17T23:37:34.139+0000] {logging_mixin.py:190} INFO - [2025-03-17T23:37:34.139+0000] {dagbag.py:588} INFO - Filling up the DagBag from /home/airflow/.local/lib/python3.12/site-packages/airflow/example_dags/example_dynamic_task_mapping.py
[2025-03-17T23:37:34.144+0000] {processor.py:925} INFO - DAG(s) 'example_dynamic_task_mapping' retrieved from /home/airflow/.local/lib/python3.12/site-packages/airflow/example_dags/example_dynamic_task_mapping.py
[2025-03-17T23:37:34.155+0000] {logging_mixin.py:190} INFO - [2025-03-17T23:37:34.155+0000] {dag.py:3239} INFO - Sync 1 DAGs
[2025-03-17T23:37:34.162+0000] {logging_mixin.py:190} INFO - [2025-03-17T23:37:34.162+0000] {dag.py:4180} INFO - Setting next_dagrun for example_dynamic_task_mapping to None, run_after=None
[2025-03-17T23:37:34.171+0000] {processor.py:208} INFO - Processing /home/airflow/.local/lib/python3.12/site-packages/airflow/example_dags/example_dynamic_task_mapping.py took 0.037 seconds
