[2025-03-17T23:21:37.173+0000] {processor.py:186} INFO - Started process (PID=427) to work on /home/airflow/.local/lib/python3.12/site-packages/airflow/example_dags/example_branch_operator.py
[2025-03-17T23:21:37.174+0000] {processor.py:914} INFO - Processing file /home/airflow/.local/lib/python3.12/site-packages/airflow/example_dags/example_branch_operator.py for tasks to queue
[2025-03-17T23:21:37.175+0000] {logging_mixin.py:190} INFO - [2025-03-17T23:21:37.174+0000] {dagbag.py:588} INFO - Filling up the DagBag from /home/airflow/.local/lib/python3.12/site-packages/airflow/example_dags/example_branch_operator.py
[2025-03-17T23:21:37.185+0000] {processor.py:925} INFO - DAG(s) 'example_branch_operator' retrieved from /home/airflow/.local/lib/python3.12/site-packages/airflow/example_dags/example_branch_operator.py
[2025-03-17T23:21:37.240+0000] {logging_mixin.py:190} INFO - [2025-03-17T23:21:37.239+0000] {override.py:1912} INFO - Created Permission View: can edit on DAG:example_branch_operator
[2025-03-17T23:21:37.246+0000] {logging_mixin.py:190} INFO - [2025-03-17T23:21:37.246+0000] {override.py:1912} INFO - Created Permission View: can read on DAG:example_branch_operator
[2025-03-17T23:21:37.249+0000] {logging_mixin.py:190} INFO - [2025-03-17T23:21:37.249+0000] {override.py:1912} INFO - Created Permission View: can delete on DAG:example_branch_operator
[2025-03-17T23:21:37.253+0000] {logging_mixin.py:190} INFO - [2025-03-17T23:21:37.253+0000] {override.py:1912} INFO - Created Permission View: can create on DAG Run:example_branch_operator
[2025-03-17T23:21:37.257+0000] {logging_mixin.py:190} INFO - [2025-03-17T23:21:37.257+0000] {override.py:1912} INFO - Created Permission View: menu access on DAG Run:example_branch_operator
[2025-03-17T23:21:37.260+0000] {logging_mixin.py:190} INFO - [2025-03-17T23:21:37.260+0000] {override.py:1912} INFO - Created Permission View: can read on DAG Run:example_branch_operator
[2025-03-17T23:21:37.264+0000] {logging_mixin.py:190} INFO - [2025-03-17T23:21:37.264+0000] {override.py:1912} INFO - Created Permission View: can delete on DAG Run:example_branch_operator
[2025-03-17T23:21:37.265+0000] {logging_mixin.py:190} INFO - [2025-03-17T23:21:37.265+0000] {dag.py:3239} INFO - Sync 1 DAGs
[2025-03-17T23:21:37.274+0000] {logging_mixin.py:190} INFO - [2025-03-17T23:21:37.274+0000] {dag.py:3262} INFO - Creating ORM DAG for example_branch_operator
[2025-03-17T23:21:37.281+0000] {logging_mixin.py:190} INFO - [2025-03-17T23:21:37.281+0000] {dag.py:4180} INFO - Setting next_dagrun for example_branch_operator to 2025-03-16 00:00:00+00:00, run_after=2025-03-17 00:00:00+00:00
[2025-03-17T23:21:37.295+0000] {processor.py:208} INFO - Processing /home/airflow/.local/lib/python3.12/site-packages/airflow/example_dags/example_branch_operator.py took 0.125 seconds
[2025-03-17T23:22:08.117+0000] {processor.py:186} INFO - Started process (PID=718) to work on /home/airflow/.local/lib/python3.12/site-packages/airflow/example_dags/example_branch_operator.py
[2025-03-17T23:22:08.118+0000] {processor.py:914} INFO - Processing file /home/airflow/.local/lib/python3.12/site-packages/airflow/example_dags/example_branch_operator.py for tasks to queue
[2025-03-17T23:22:08.119+0000] {logging_mixin.py:190} INFO - [2025-03-17T23:22:08.119+0000] {dagbag.py:588} INFO - Filling up the DagBag from /home/airflow/.local/lib/python3.12/site-packages/airflow/example_dags/example_branch_operator.py
[2025-03-17T23:22:08.127+0000] {processor.py:925} INFO - DAG(s) 'example_branch_operator' retrieved from /home/airflow/.local/lib/python3.12/site-packages/airflow/example_dags/example_branch_operator.py
[2025-03-17T23:22:08.141+0000] {logging_mixin.py:190} INFO - [2025-03-17T23:22:08.141+0000] {dag.py:3239} INFO - Sync 1 DAGs
[2025-03-17T23:22:08.152+0000] {logging_mixin.py:190} INFO - [2025-03-17T23:22:08.152+0000] {dag.py:4180} INFO - Setting next_dagrun for example_branch_operator to 2025-03-16 00:00:00+00:00, run_after=2025-03-17 00:00:00+00:00
[2025-03-17T23:22:08.160+0000] {processor.py:208} INFO - Processing /home/airflow/.local/lib/python3.12/site-packages/airflow/example_dags/example_branch_operator.py took 0.046 seconds
[2025-03-17T23:22:38.223+0000] {processor.py:186} INFO - Started process (PID=1006) to work on /home/airflow/.local/lib/python3.12/site-packages/airflow/example_dags/example_branch_operator.py
[2025-03-17T23:22:38.224+0000] {processor.py:914} INFO - Processing file /home/airflow/.local/lib/python3.12/site-packages/airflow/example_dags/example_branch_operator.py for tasks to queue
[2025-03-17T23:22:38.225+0000] {logging_mixin.py:190} INFO - [2025-03-17T23:22:38.225+0000] {dagbag.py:588} INFO - Filling up the DagBag from /home/airflow/.local/lib/python3.12/site-packages/airflow/example_dags/example_branch_operator.py
[2025-03-17T23:22:38.234+0000] {processor.py:925} INFO - DAG(s) 'example_branch_operator' retrieved from /home/airflow/.local/lib/python3.12/site-packages/airflow/example_dags/example_branch_operator.py
[2025-03-17T23:22:38.247+0000] {logging_mixin.py:190} INFO - [2025-03-17T23:22:38.247+0000] {dag.py:3239} INFO - Sync 1 DAGs
[2025-03-17T23:22:38.260+0000] {logging_mixin.py:190} INFO - [2025-03-17T23:22:38.259+0000] {dag.py:4180} INFO - Setting next_dagrun for example_branch_operator to 2025-03-16 00:00:00+00:00, run_after=2025-03-17 00:00:00+00:00
[2025-03-17T23:22:38.270+0000] {processor.py:208} INFO - Processing /home/airflow/.local/lib/python3.12/site-packages/airflow/example_dags/example_branch_operator.py took 0.050 seconds
[2025-03-17T23:23:08.990+0000] {processor.py:186} INFO - Started process (PID=1297) to work on /home/airflow/.local/lib/python3.12/site-packages/airflow/example_dags/example_branch_operator.py
[2025-03-17T23:23:08.991+0000] {processor.py:914} INFO - Processing file /home/airflow/.local/lib/python3.12/site-packages/airflow/example_dags/example_branch_operator.py for tasks to queue
[2025-03-17T23:23:08.992+0000] {logging_mixin.py:190} INFO - [2025-03-17T23:23:08.991+0000] {dagbag.py:588} INFO - Filling up the DagBag from /home/airflow/.local/lib/python3.12/site-packages/airflow/example_dags/example_branch_operator.py
[2025-03-17T23:23:09.001+0000] {processor.py:925} INFO - DAG(s) 'example_branch_operator' retrieved from /home/airflow/.local/lib/python3.12/site-packages/airflow/example_dags/example_branch_operator.py
[2025-03-17T23:23:09.014+0000] {logging_mixin.py:190} INFO - [2025-03-17T23:23:09.014+0000] {dag.py:3239} INFO - Sync 1 DAGs
[2025-03-17T23:23:09.027+0000] {logging_mixin.py:190} INFO - [2025-03-17T23:23:09.026+0000] {dag.py:4180} INFO - Setting next_dagrun for example_branch_operator to 2025-03-16 00:00:00+00:00, run_after=2025-03-17 00:00:00+00:00
[2025-03-17T23:23:09.036+0000] {processor.py:208} INFO - Processing /home/airflow/.local/lib/python3.12/site-packages/airflow/example_dags/example_branch_operator.py took 0.049 seconds
[2025-03-17T23:23:39.155+0000] {processor.py:186} INFO - Started process (PID=1586) to work on /home/airflow/.local/lib/python3.12/site-packages/airflow/example_dags/example_branch_operator.py
[2025-03-17T23:23:39.155+0000] {processor.py:914} INFO - Processing file /home/airflow/.local/lib/python3.12/site-packages/airflow/example_dags/example_branch_operator.py for tasks to queue
[2025-03-17T23:23:39.156+0000] {logging_mixin.py:190} INFO - [2025-03-17T23:23:39.156+0000] {dagbag.py:588} INFO - Filling up the DagBag from /home/airflow/.local/lib/python3.12/site-packages/airflow/example_dags/example_branch_operator.py
[2025-03-17T23:23:39.166+0000] {processor.py:925} INFO - DAG(s) 'example_branch_operator' retrieved from /home/airflow/.local/lib/python3.12/site-packages/airflow/example_dags/example_branch_operator.py
[2025-03-17T23:23:39.180+0000] {logging_mixin.py:190} INFO - [2025-03-17T23:23:39.180+0000] {dag.py:3239} INFO - Sync 1 DAGs
[2025-03-17T23:23:39.194+0000] {logging_mixin.py:190} INFO - [2025-03-17T23:23:39.194+0000] {dag.py:4180} INFO - Setting next_dagrun for example_branch_operator to 2025-03-16 00:00:00+00:00, run_after=2025-03-17 00:00:00+00:00
[2025-03-17T23:23:39.212+0000] {processor.py:208} INFO - Processing /home/airflow/.local/lib/python3.12/site-packages/airflow/example_dags/example_branch_operator.py took 0.060 seconds
[2025-03-17T23:24:10.092+0000] {processor.py:186} INFO - Started process (PID=1877) to work on /home/airflow/.local/lib/python3.12/site-packages/airflow/example_dags/example_branch_operator.py
[2025-03-17T23:24:10.093+0000] {processor.py:914} INFO - Processing file /home/airflow/.local/lib/python3.12/site-packages/airflow/example_dags/example_branch_operator.py for tasks to queue
[2025-03-17T23:24:10.094+0000] {logging_mixin.py:190} INFO - [2025-03-17T23:24:10.094+0000] {dagbag.py:588} INFO - Filling up the DagBag from /home/airflow/.local/lib/python3.12/site-packages/airflow/example_dags/example_branch_operator.py
[2025-03-17T23:24:10.102+0000] {processor.py:925} INFO - DAG(s) 'example_branch_operator' retrieved from /home/airflow/.local/lib/python3.12/site-packages/airflow/example_dags/example_branch_operator.py
[2025-03-17T23:24:10.115+0000] {logging_mixin.py:190} INFO - [2025-03-17T23:24:10.115+0000] {dag.py:3239} INFO - Sync 1 DAGs
[2025-03-17T23:24:10.127+0000] {logging_mixin.py:190} INFO - [2025-03-17T23:24:10.127+0000] {dag.py:4180} INFO - Setting next_dagrun for example_branch_operator to 2025-03-16 00:00:00+00:00, run_after=2025-03-17 00:00:00+00:00
[2025-03-17T23:24:10.134+0000] {processor.py:208} INFO - Processing /home/airflow/.local/lib/python3.12/site-packages/airflow/example_dags/example_branch_operator.py took 0.045 seconds
[2025-03-17T23:24:41.474+0000] {processor.py:186} INFO - Started process (PID=2167) to work on /home/airflow/.local/lib/python3.12/site-packages/airflow/example_dags/example_branch_operator.py
[2025-03-17T23:24:41.475+0000] {processor.py:914} INFO - Processing file /home/airflow/.local/lib/python3.12/site-packages/airflow/example_dags/example_branch_operator.py for tasks to queue
[2025-03-17T23:24:41.478+0000] {logging_mixin.py:190} INFO - [2025-03-17T23:24:41.477+0000] {dagbag.py:588} INFO - Filling up the DagBag from /home/airflow/.local/lib/python3.12/site-packages/airflow/example_dags/example_branch_operator.py
[2025-03-17T23:24:41.494+0000] {processor.py:925} INFO - DAG(s) 'example_branch_operator' retrieved from /home/airflow/.local/lib/python3.12/site-packages/airflow/example_dags/example_branch_operator.py
[2025-03-17T23:24:41.508+0000] {logging_mixin.py:190} INFO - [2025-03-17T23:24:41.508+0000] {dag.py:3239} INFO - Sync 1 DAGs
[2025-03-17T23:24:41.523+0000] {logging_mixin.py:190} INFO - [2025-03-17T23:24:41.522+0000] {dag.py:4180} INFO - Setting next_dagrun for example_branch_operator to 2025-03-16 00:00:00+00:00, run_after=2025-03-17 00:00:00+00:00
[2025-03-17T23:24:41.534+0000] {processor.py:208} INFO - Processing /home/airflow/.local/lib/python3.12/site-packages/airflow/example_dags/example_branch_operator.py took 0.067 seconds
[2025-03-17T23:25:13.355+0000] {processor.py:186} INFO - Started process (PID=2458) to work on /home/airflow/.local/lib/python3.12/site-packages/airflow/example_dags/example_branch_operator.py
[2025-03-17T23:25:13.356+0000] {processor.py:914} INFO - Processing file /home/airflow/.local/lib/python3.12/site-packages/airflow/example_dags/example_branch_operator.py for tasks to queue
[2025-03-17T23:25:13.360+0000] {logging_mixin.py:190} INFO - [2025-03-17T23:25:13.360+0000] {dagbag.py:588} INFO - Filling up the DagBag from /home/airflow/.local/lib/python3.12/site-packages/airflow/example_dags/example_branch_operator.py
[2025-03-17T23:25:13.370+0000] {processor.py:925} INFO - DAG(s) 'example_branch_operator' retrieved from /home/airflow/.local/lib/python3.12/site-packages/airflow/example_dags/example_branch_operator.py
[2025-03-17T23:25:13.383+0000] {logging_mixin.py:190} INFO - [2025-03-17T23:25:13.382+0000] {dag.py:3239} INFO - Sync 1 DAGs
[2025-03-17T23:25:13.393+0000] {logging_mixin.py:190} INFO - [2025-03-17T23:25:13.393+0000] {dag.py:4180} INFO - Setting next_dagrun for example_branch_operator to 2025-03-16 00:00:00+00:00, run_after=2025-03-17 00:00:00+00:00
[2025-03-17T23:25:13.400+0000] {processor.py:208} INFO - Processing /home/airflow/.local/lib/python3.12/site-packages/airflow/example_dags/example_branch_operator.py took 0.052 seconds
[2025-03-17T23:25:44.083+0000] {processor.py:186} INFO - Started process (PID=2749) to work on /home/airflow/.local/lib/python3.12/site-packages/airflow/example_dags/example_branch_operator.py
[2025-03-17T23:25:44.084+0000] {processor.py:914} INFO - Processing file /home/airflow/.local/lib/python3.12/site-packages/airflow/example_dags/example_branch_operator.py for tasks to queue
[2025-03-17T23:25:44.085+0000] {logging_mixin.py:190} INFO - [2025-03-17T23:25:44.085+0000] {dagbag.py:588} INFO - Filling up the DagBag from /home/airflow/.local/lib/python3.12/site-packages/airflow/example_dags/example_branch_operator.py
[2025-03-17T23:25:44.093+0000] {processor.py:925} INFO - DAG(s) 'example_branch_operator' retrieved from /home/airflow/.local/lib/python3.12/site-packages/airflow/example_dags/example_branch_operator.py
[2025-03-17T23:25:44.107+0000] {logging_mixin.py:190} INFO - [2025-03-17T23:25:44.106+0000] {dag.py:3239} INFO - Sync 1 DAGs
[2025-03-17T23:25:44.117+0000] {logging_mixin.py:190} INFO - [2025-03-17T23:25:44.117+0000] {dag.py:4180} INFO - Setting next_dagrun for example_branch_operator to 2025-03-16 00:00:00+00:00, run_after=2025-03-17 00:00:00+00:00
[2025-03-17T23:25:44.124+0000] {processor.py:208} INFO - Processing /home/airflow/.local/lib/python3.12/site-packages/airflow/example_dags/example_branch_operator.py took 0.044 seconds
[2025-03-17T23:26:14.977+0000] {processor.py:186} INFO - Started process (PID=3040) to work on /home/airflow/.local/lib/python3.12/site-packages/airflow/example_dags/example_branch_operator.py
[2025-03-17T23:26:14.977+0000] {processor.py:914} INFO - Processing file /home/airflow/.local/lib/python3.12/site-packages/airflow/example_dags/example_branch_operator.py for tasks to queue
[2025-03-17T23:26:14.978+0000] {logging_mixin.py:190} INFO - [2025-03-17T23:26:14.978+0000] {dagbag.py:588} INFO - Filling up the DagBag from /home/airflow/.local/lib/python3.12/site-packages/airflow/example_dags/example_branch_operator.py
[2025-03-17T23:26:14.987+0000] {processor.py:925} INFO - DAG(s) 'example_branch_operator' retrieved from /home/airflow/.local/lib/python3.12/site-packages/airflow/example_dags/example_branch_operator.py
[2025-03-17T23:26:14.999+0000] {logging_mixin.py:190} INFO - [2025-03-17T23:26:14.999+0000] {dag.py:3239} INFO - Sync 1 DAGs
[2025-03-17T23:26:15.009+0000] {logging_mixin.py:190} INFO - [2025-03-17T23:26:15.009+0000] {dag.py:4180} INFO - Setting next_dagrun for example_branch_operator to 2025-03-16 00:00:00+00:00, run_after=2025-03-17 00:00:00+00:00
[2025-03-17T23:26:15.017+0000] {processor.py:208} INFO - Processing /home/airflow/.local/lib/python3.12/site-packages/airflow/example_dags/example_branch_operator.py took 0.043 seconds
[2025-03-17T23:26:45.884+0000] {processor.py:186} INFO - Started process (PID=3331) to work on /home/airflow/.local/lib/python3.12/site-packages/airflow/example_dags/example_branch_operator.py
[2025-03-17T23:26:45.885+0000] {processor.py:914} INFO - Processing file /home/airflow/.local/lib/python3.12/site-packages/airflow/example_dags/example_branch_operator.py for tasks to queue
[2025-03-17T23:26:45.886+0000] {logging_mixin.py:190} INFO - [2025-03-17T23:26:45.886+0000] {dagbag.py:588} INFO - Filling up the DagBag from /home/airflow/.local/lib/python3.12/site-packages/airflow/example_dags/example_branch_operator.py
[2025-03-17T23:26:45.897+0000] {processor.py:925} INFO - DAG(s) 'example_branch_operator' retrieved from /home/airflow/.local/lib/python3.12/site-packages/airflow/example_dags/example_branch_operator.py
[2025-03-17T23:26:45.909+0000] {logging_mixin.py:190} INFO - [2025-03-17T23:26:45.909+0000] {dag.py:3239} INFO - Sync 1 DAGs
[2025-03-17T23:26:45.918+0000] {logging_mixin.py:190} INFO - [2025-03-17T23:26:45.918+0000] {dag.py:4180} INFO - Setting next_dagrun for example_branch_operator to 2025-03-16 00:00:00+00:00, run_after=2025-03-17 00:00:00+00:00
[2025-03-17T23:26:45.925+0000] {processor.py:208} INFO - Processing /home/airflow/.local/lib/python3.12/site-packages/airflow/example_dags/example_branch_operator.py took 0.044 seconds
[2025-03-17T23:27:16.857+0000] {processor.py:186} INFO - Started process (PID=3622) to work on /home/airflow/.local/lib/python3.12/site-packages/airflow/example_dags/example_branch_operator.py
[2025-03-17T23:27:16.858+0000] {processor.py:914} INFO - Processing file /home/airflow/.local/lib/python3.12/site-packages/airflow/example_dags/example_branch_operator.py for tasks to queue
[2025-03-17T23:27:16.859+0000] {logging_mixin.py:190} INFO - [2025-03-17T23:27:16.859+0000] {dagbag.py:588} INFO - Filling up the DagBag from /home/airflow/.local/lib/python3.12/site-packages/airflow/example_dags/example_branch_operator.py
[2025-03-17T23:27:16.869+0000] {processor.py:925} INFO - DAG(s) 'example_branch_operator' retrieved from /home/airflow/.local/lib/python3.12/site-packages/airflow/example_dags/example_branch_operator.py
[2025-03-17T23:27:16.883+0000] {logging_mixin.py:190} INFO - [2025-03-17T23:27:16.882+0000] {dag.py:3239} INFO - Sync 1 DAGs
[2025-03-17T23:27:16.892+0000] {logging_mixin.py:190} INFO - [2025-03-17T23:27:16.892+0000] {dag.py:4180} INFO - Setting next_dagrun for example_branch_operator to 2025-03-16 00:00:00+00:00, run_after=2025-03-17 00:00:00+00:00
[2025-03-17T23:27:16.899+0000] {processor.py:208} INFO - Processing /home/airflow/.local/lib/python3.12/site-packages/airflow/example_dags/example_branch_operator.py took 0.045 seconds
[2025-03-17T23:27:48.419+0000] {processor.py:186} INFO - Started process (PID=3913) to work on /home/airflow/.local/lib/python3.12/site-packages/airflow/example_dags/example_branch_operator.py
[2025-03-17T23:27:48.420+0000] {processor.py:914} INFO - Processing file /home/airflow/.local/lib/python3.12/site-packages/airflow/example_dags/example_branch_operator.py for tasks to queue
[2025-03-17T23:27:48.421+0000] {logging_mixin.py:190} INFO - [2025-03-17T23:27:48.421+0000] {dagbag.py:588} INFO - Filling up the DagBag from /home/airflow/.local/lib/python3.12/site-packages/airflow/example_dags/example_branch_operator.py
[2025-03-17T23:27:48.435+0000] {processor.py:925} INFO - DAG(s) 'example_branch_operator' retrieved from /home/airflow/.local/lib/python3.12/site-packages/airflow/example_dags/example_branch_operator.py
[2025-03-17T23:27:48.453+0000] {logging_mixin.py:190} INFO - [2025-03-17T23:27:48.453+0000] {dag.py:3239} INFO - Sync 1 DAGs
[2025-03-17T23:27:48.467+0000] {logging_mixin.py:190} INFO - [2025-03-17T23:27:48.467+0000] {dag.py:4180} INFO - Setting next_dagrun for example_branch_operator to 2025-03-16 00:00:00+00:00, run_after=2025-03-17 00:00:00+00:00
[2025-03-17T23:27:48.477+0000] {processor.py:208} INFO - Processing /home/airflow/.local/lib/python3.12/site-packages/airflow/example_dags/example_branch_operator.py took 0.061 seconds
[2025-03-17T23:28:18.507+0000] {processor.py:186} INFO - Started process (PID=4206) to work on /home/airflow/.local/lib/python3.12/site-packages/airflow/example_dags/example_branch_operator.py
[2025-03-17T23:28:18.508+0000] {processor.py:914} INFO - Processing file /home/airflow/.local/lib/python3.12/site-packages/airflow/example_dags/example_branch_operator.py for tasks to queue
[2025-03-17T23:28:18.509+0000] {logging_mixin.py:190} INFO - [2025-03-17T23:28:18.509+0000] {dagbag.py:588} INFO - Filling up the DagBag from /home/airflow/.local/lib/python3.12/site-packages/airflow/example_dags/example_branch_operator.py
[2025-03-17T23:28:18.517+0000] {processor.py:925} INFO - DAG(s) 'example_branch_operator' retrieved from /home/airflow/.local/lib/python3.12/site-packages/airflow/example_dags/example_branch_operator.py
[2025-03-17T23:28:18.529+0000] {logging_mixin.py:190} INFO - [2025-03-17T23:28:18.528+0000] {dag.py:3239} INFO - Sync 1 DAGs
[2025-03-17T23:28:18.539+0000] {logging_mixin.py:190} INFO - [2025-03-17T23:28:18.539+0000] {dag.py:4180} INFO - Setting next_dagrun for example_branch_operator to 2025-03-16 00:00:00+00:00, run_after=2025-03-17 00:00:00+00:00
[2025-03-17T23:28:18.547+0000] {processor.py:208} INFO - Processing /home/airflow/.local/lib/python3.12/site-packages/airflow/example_dags/example_branch_operator.py took 0.042 seconds
[2025-03-17T23:28:49.250+0000] {processor.py:186} INFO - Started process (PID=4495) to work on /home/airflow/.local/lib/python3.12/site-packages/airflow/example_dags/example_branch_operator.py
[2025-03-17T23:28:49.250+0000] {processor.py:914} INFO - Processing file /home/airflow/.local/lib/python3.12/site-packages/airflow/example_dags/example_branch_operator.py for tasks to queue
[2025-03-17T23:28:49.252+0000] {logging_mixin.py:190} INFO - [2025-03-17T23:28:49.252+0000] {dagbag.py:588} INFO - Filling up the DagBag from /home/airflow/.local/lib/python3.12/site-packages/airflow/example_dags/example_branch_operator.py
[2025-03-17T23:28:49.261+0000] {processor.py:925} INFO - DAG(s) 'example_branch_operator' retrieved from /home/airflow/.local/lib/python3.12/site-packages/airflow/example_dags/example_branch_operator.py
[2025-03-17T23:28:49.275+0000] {logging_mixin.py:190} INFO - [2025-03-17T23:28:49.275+0000] {dag.py:3239} INFO - Sync 1 DAGs
[2025-03-17T23:28:49.285+0000] {logging_mixin.py:190} INFO - [2025-03-17T23:28:49.285+0000] {dag.py:4180} INFO - Setting next_dagrun for example_branch_operator to 2025-03-16 00:00:00+00:00, run_after=2025-03-17 00:00:00+00:00
[2025-03-17T23:28:49.292+0000] {processor.py:208} INFO - Processing /home/airflow/.local/lib/python3.12/site-packages/airflow/example_dags/example_branch_operator.py took 0.045 seconds
[2025-03-17T23:29:19.905+0000] {processor.py:186} INFO - Started process (PID=4787) to work on /home/airflow/.local/lib/python3.12/site-packages/airflow/example_dags/example_branch_operator.py
[2025-03-17T23:29:19.906+0000] {processor.py:914} INFO - Processing file /home/airflow/.local/lib/python3.12/site-packages/airflow/example_dags/example_branch_operator.py for tasks to queue
[2025-03-17T23:29:19.907+0000] {logging_mixin.py:190} INFO - [2025-03-17T23:29:19.907+0000] {dagbag.py:588} INFO - Filling up the DagBag from /home/airflow/.local/lib/python3.12/site-packages/airflow/example_dags/example_branch_operator.py
[2025-03-17T23:29:19.914+0000] {processor.py:925} INFO - DAG(s) 'example_branch_operator' retrieved from /home/airflow/.local/lib/python3.12/site-packages/airflow/example_dags/example_branch_operator.py
[2025-03-17T23:29:19.928+0000] {logging_mixin.py:190} INFO - [2025-03-17T23:29:19.928+0000] {dag.py:3239} INFO - Sync 1 DAGs
[2025-03-17T23:29:19.938+0000] {logging_mixin.py:190} INFO - [2025-03-17T23:29:19.937+0000] {dag.py:4180} INFO - Setting next_dagrun for example_branch_operator to 2025-03-16 00:00:00+00:00, run_after=2025-03-17 00:00:00+00:00
[2025-03-17T23:29:19.944+0000] {processor.py:208} INFO - Processing /home/airflow/.local/lib/python3.12/site-packages/airflow/example_dags/example_branch_operator.py took 0.042 seconds
[2025-03-17T23:29:50.426+0000] {processor.py:186} INFO - Started process (PID=5077) to work on /home/airflow/.local/lib/python3.12/site-packages/airflow/example_dags/example_branch_operator.py
[2025-03-17T23:29:50.427+0000] {processor.py:914} INFO - Processing file /home/airflow/.local/lib/python3.12/site-packages/airflow/example_dags/example_branch_operator.py for tasks to queue
[2025-03-17T23:29:50.429+0000] {logging_mixin.py:190} INFO - [2025-03-17T23:29:50.429+0000] {dagbag.py:588} INFO - Filling up the DagBag from /home/airflow/.local/lib/python3.12/site-packages/airflow/example_dags/example_branch_operator.py
[2025-03-17T23:29:50.438+0000] {processor.py:925} INFO - DAG(s) 'example_branch_operator' retrieved from /home/airflow/.local/lib/python3.12/site-packages/airflow/example_dags/example_branch_operator.py
[2025-03-17T23:29:50.451+0000] {logging_mixin.py:190} INFO - [2025-03-17T23:29:50.451+0000] {dag.py:3239} INFO - Sync 1 DAGs
[2025-03-17T23:29:50.461+0000] {logging_mixin.py:190} INFO - [2025-03-17T23:29:50.461+0000] {dag.py:4180} INFO - Setting next_dagrun for example_branch_operator to 2025-03-16 00:00:00+00:00, run_after=2025-03-17 00:00:00+00:00
[2025-03-17T23:29:50.468+0000] {processor.py:208} INFO - Processing /home/airflow/.local/lib/python3.12/site-packages/airflow/example_dags/example_branch_operator.py took 0.045 seconds
[2025-03-17T23:30:21.054+0000] {processor.py:186} INFO - Started process (PID=5368) to work on /home/airflow/.local/lib/python3.12/site-packages/airflow/example_dags/example_branch_operator.py
[2025-03-17T23:30:21.055+0000] {processor.py:914} INFO - Processing file /home/airflow/.local/lib/python3.12/site-packages/airflow/example_dags/example_branch_operator.py for tasks to queue
[2025-03-17T23:30:21.057+0000] {logging_mixin.py:190} INFO - [2025-03-17T23:30:21.056+0000] {dagbag.py:588} INFO - Filling up the DagBag from /home/airflow/.local/lib/python3.12/site-packages/airflow/example_dags/example_branch_operator.py
[2025-03-17T23:30:21.067+0000] {processor.py:925} INFO - DAG(s) 'example_branch_operator' retrieved from /home/airflow/.local/lib/python3.12/site-packages/airflow/example_dags/example_branch_operator.py
[2025-03-17T23:30:21.080+0000] {logging_mixin.py:190} INFO - [2025-03-17T23:30:21.080+0000] {dag.py:3239} INFO - Sync 1 DAGs
[2025-03-17T23:30:21.089+0000] {logging_mixin.py:190} INFO - [2025-03-17T23:30:21.089+0000] {dag.py:4180} INFO - Setting next_dagrun for example_branch_operator to 2025-03-16 00:00:00+00:00, run_after=2025-03-17 00:00:00+00:00
[2025-03-17T23:30:21.097+0000] {processor.py:208} INFO - Processing /home/airflow/.local/lib/python3.12/site-packages/airflow/example_dags/example_branch_operator.py took 0.046 seconds
[2025-03-17T23:30:51.603+0000] {processor.py:186} INFO - Started process (PID=5659) to work on /home/airflow/.local/lib/python3.12/site-packages/airflow/example_dags/example_branch_operator.py
[2025-03-17T23:30:51.604+0000] {processor.py:914} INFO - Processing file /home/airflow/.local/lib/python3.12/site-packages/airflow/example_dags/example_branch_operator.py for tasks to queue
[2025-03-17T23:30:51.606+0000] {logging_mixin.py:190} INFO - [2025-03-17T23:30:51.605+0000] {dagbag.py:588} INFO - Filling up the DagBag from /home/airflow/.local/lib/python3.12/site-packages/airflow/example_dags/example_branch_operator.py
[2025-03-17T23:30:51.616+0000] {processor.py:925} INFO - DAG(s) 'example_branch_operator' retrieved from /home/airflow/.local/lib/python3.12/site-packages/airflow/example_dags/example_branch_operator.py
[2025-03-17T23:30:51.628+0000] {logging_mixin.py:190} INFO - [2025-03-17T23:30:51.628+0000] {dag.py:3239} INFO - Sync 1 DAGs
[2025-03-17T23:30:51.638+0000] {logging_mixin.py:190} INFO - [2025-03-17T23:30:51.638+0000] {dag.py:4180} INFO - Setting next_dagrun for example_branch_operator to 2025-03-16 00:00:00+00:00, run_after=2025-03-17 00:00:00+00:00
[2025-03-17T23:30:51.648+0000] {processor.py:208} INFO - Processing /home/airflow/.local/lib/python3.12/site-packages/airflow/example_dags/example_branch_operator.py took 0.052 seconds
[2025-03-17T23:31:22.181+0000] {processor.py:186} INFO - Started process (PID=5950) to work on /home/airflow/.local/lib/python3.12/site-packages/airflow/example_dags/example_branch_operator.py
[2025-03-17T23:31:22.181+0000] {processor.py:914} INFO - Processing file /home/airflow/.local/lib/python3.12/site-packages/airflow/example_dags/example_branch_operator.py for tasks to queue
[2025-03-17T23:31:22.183+0000] {logging_mixin.py:190} INFO - [2025-03-17T23:31:22.183+0000] {dagbag.py:588} INFO - Filling up the DagBag from /home/airflow/.local/lib/python3.12/site-packages/airflow/example_dags/example_branch_operator.py
[2025-03-17T23:31:22.192+0000] {processor.py:925} INFO - DAG(s) 'example_branch_operator' retrieved from /home/airflow/.local/lib/python3.12/site-packages/airflow/example_dags/example_branch_operator.py
[2025-03-17T23:31:22.209+0000] {logging_mixin.py:190} INFO - [2025-03-17T23:31:22.209+0000] {dag.py:3239} INFO - Sync 1 DAGs
[2025-03-17T23:31:22.222+0000] {logging_mixin.py:190} INFO - [2025-03-17T23:31:22.222+0000] {dag.py:4180} INFO - Setting next_dagrun for example_branch_operator to 2025-03-16 00:00:00+00:00, run_after=2025-03-17 00:00:00+00:00
[2025-03-17T23:31:22.229+0000] {processor.py:208} INFO - Processing /home/airflow/.local/lib/python3.12/site-packages/airflow/example_dags/example_branch_operator.py took 0.051 seconds
[2025-03-17T23:31:52.701+0000] {processor.py:186} INFO - Started process (PID=6241) to work on /home/airflow/.local/lib/python3.12/site-packages/airflow/example_dags/example_branch_operator.py
[2025-03-17T23:31:52.701+0000] {processor.py:914} INFO - Processing file /home/airflow/.local/lib/python3.12/site-packages/airflow/example_dags/example_branch_operator.py for tasks to queue
[2025-03-17T23:31:52.703+0000] {logging_mixin.py:190} INFO - [2025-03-17T23:31:52.703+0000] {dagbag.py:588} INFO - Filling up the DagBag from /home/airflow/.local/lib/python3.12/site-packages/airflow/example_dags/example_branch_operator.py
[2025-03-17T23:31:52.712+0000] {processor.py:925} INFO - DAG(s) 'example_branch_operator' retrieved from /home/airflow/.local/lib/python3.12/site-packages/airflow/example_dags/example_branch_operator.py
[2025-03-17T23:31:52.726+0000] {logging_mixin.py:190} INFO - [2025-03-17T23:31:52.726+0000] {dag.py:3239} INFO - Sync 1 DAGs
[2025-03-17T23:31:52.740+0000] {logging_mixin.py:190} INFO - [2025-03-17T23:31:52.740+0000] {dag.py:4180} INFO - Setting next_dagrun for example_branch_operator to 2025-03-16 00:00:00+00:00, run_after=2025-03-17 00:00:00+00:00
[2025-03-17T23:31:52.747+0000] {processor.py:208} INFO - Processing /home/airflow/.local/lib/python3.12/site-packages/airflow/example_dags/example_branch_operator.py took 0.050 seconds
[2025-03-17T23:32:23.318+0000] {processor.py:186} INFO - Started process (PID=6532) to work on /home/airflow/.local/lib/python3.12/site-packages/airflow/example_dags/example_branch_operator.py
[2025-03-17T23:32:23.319+0000] {processor.py:914} INFO - Processing file /home/airflow/.local/lib/python3.12/site-packages/airflow/example_dags/example_branch_operator.py for tasks to queue
[2025-03-17T23:32:23.320+0000] {logging_mixin.py:190} INFO - [2025-03-17T23:32:23.320+0000] {dagbag.py:588} INFO - Filling up the DagBag from /home/airflow/.local/lib/python3.12/site-packages/airflow/example_dags/example_branch_operator.py
[2025-03-17T23:32:23.331+0000] {processor.py:925} INFO - DAG(s) 'example_branch_operator' retrieved from /home/airflow/.local/lib/python3.12/site-packages/airflow/example_dags/example_branch_operator.py
[2025-03-17T23:32:23.346+0000] {logging_mixin.py:190} INFO - [2025-03-17T23:32:23.346+0000] {dag.py:3239} INFO - Sync 1 DAGs
[2025-03-17T23:32:23.357+0000] {logging_mixin.py:190} INFO - [2025-03-17T23:32:23.357+0000] {dag.py:4180} INFO - Setting next_dagrun for example_branch_operator to 2025-03-16 00:00:00+00:00, run_after=2025-03-17 00:00:00+00:00
[2025-03-17T23:32:23.365+0000] {processor.py:208} INFO - Processing /home/airflow/.local/lib/python3.12/site-packages/airflow/example_dags/example_branch_operator.py took 0.051 seconds
[2025-03-17T23:32:53.817+0000] {processor.py:186} INFO - Started process (PID=6823) to work on /home/airflow/.local/lib/python3.12/site-packages/airflow/example_dags/example_branch_operator.py
[2025-03-17T23:32:53.817+0000] {processor.py:914} INFO - Processing file /home/airflow/.local/lib/python3.12/site-packages/airflow/example_dags/example_branch_operator.py for tasks to queue
[2025-03-17T23:32:53.819+0000] {logging_mixin.py:190} INFO - [2025-03-17T23:32:53.819+0000] {dagbag.py:588} INFO - Filling up the DagBag from /home/airflow/.local/lib/python3.12/site-packages/airflow/example_dags/example_branch_operator.py
[2025-03-17T23:32:53.826+0000] {processor.py:925} INFO - DAG(s) 'example_branch_operator' retrieved from /home/airflow/.local/lib/python3.12/site-packages/airflow/example_dags/example_branch_operator.py
[2025-03-17T23:32:53.839+0000] {logging_mixin.py:190} INFO - [2025-03-17T23:32:53.839+0000] {dag.py:3239} INFO - Sync 1 DAGs
[2025-03-17T23:32:53.849+0000] {logging_mixin.py:190} INFO - [2025-03-17T23:32:53.849+0000] {dag.py:4180} INFO - Setting next_dagrun for example_branch_operator to 2025-03-16 00:00:00+00:00, run_after=2025-03-17 00:00:00+00:00
[2025-03-17T23:32:53.856+0000] {processor.py:208} INFO - Processing /home/airflow/.local/lib/python3.12/site-packages/airflow/example_dags/example_branch_operator.py took 0.042 seconds
[2025-03-17T23:33:24.561+0000] {processor.py:186} INFO - Started process (PID=7114) to work on /home/airflow/.local/lib/python3.12/site-packages/airflow/example_dags/example_branch_operator.py
[2025-03-17T23:33:24.561+0000] {processor.py:914} INFO - Processing file /home/airflow/.local/lib/python3.12/site-packages/airflow/example_dags/example_branch_operator.py for tasks to queue
[2025-03-17T23:33:24.562+0000] {logging_mixin.py:190} INFO - [2025-03-17T23:33:24.562+0000] {dagbag.py:588} INFO - Filling up the DagBag from /home/airflow/.local/lib/python3.12/site-packages/airflow/example_dags/example_branch_operator.py
[2025-03-17T23:33:24.570+0000] {processor.py:925} INFO - DAG(s) 'example_branch_operator' retrieved from /home/airflow/.local/lib/python3.12/site-packages/airflow/example_dags/example_branch_operator.py
[2025-03-17T23:33:24.584+0000] {logging_mixin.py:190} INFO - [2025-03-17T23:33:24.584+0000] {dag.py:3239} INFO - Sync 1 DAGs
[2025-03-17T23:33:24.595+0000] {logging_mixin.py:190} INFO - [2025-03-17T23:33:24.595+0000] {dag.py:4180} INFO - Setting next_dagrun for example_branch_operator to 2025-03-16 00:00:00+00:00, run_after=2025-03-17 00:00:00+00:00
[2025-03-17T23:33:24.609+0000] {processor.py:208} INFO - Processing /home/airflow/.local/lib/python3.12/site-packages/airflow/example_dags/example_branch_operator.py took 0.051 seconds
[2025-03-17T23:33:55.645+0000] {processor.py:186} INFO - Started process (PID=7405) to work on /home/airflow/.local/lib/python3.12/site-packages/airflow/example_dags/example_branch_operator.py
[2025-03-17T23:33:55.646+0000] {processor.py:914} INFO - Processing file /home/airflow/.local/lib/python3.12/site-packages/airflow/example_dags/example_branch_operator.py for tasks to queue
[2025-03-17T23:33:55.647+0000] {logging_mixin.py:190} INFO - [2025-03-17T23:33:55.647+0000] {dagbag.py:588} INFO - Filling up the DagBag from /home/airflow/.local/lib/python3.12/site-packages/airflow/example_dags/example_branch_operator.py
[2025-03-17T23:33:55.657+0000] {processor.py:925} INFO - DAG(s) 'example_branch_operator' retrieved from /home/airflow/.local/lib/python3.12/site-packages/airflow/example_dags/example_branch_operator.py
[2025-03-17T23:33:55.670+0000] {logging_mixin.py:190} INFO - [2025-03-17T23:33:55.669+0000] {dag.py:3239} INFO - Sync 1 DAGs
[2025-03-17T23:33:55.680+0000] {logging_mixin.py:190} INFO - [2025-03-17T23:33:55.680+0000] {dag.py:4180} INFO - Setting next_dagrun for example_branch_operator to 2025-03-16 00:00:00+00:00, run_after=2025-03-17 00:00:00+00:00
[2025-03-17T23:33:55.688+0000] {processor.py:208} INFO - Processing /home/airflow/.local/lib/python3.12/site-packages/airflow/example_dags/example_branch_operator.py took 0.045 seconds
[2025-03-17T23:34:26.571+0000] {processor.py:186} INFO - Started process (PID=7698) to work on /home/airflow/.local/lib/python3.12/site-packages/airflow/example_dags/example_branch_operator.py
[2025-03-17T23:34:26.571+0000] {processor.py:914} INFO - Processing file /home/airflow/.local/lib/python3.12/site-packages/airflow/example_dags/example_branch_operator.py for tasks to queue
[2025-03-17T23:34:26.572+0000] {logging_mixin.py:190} INFO - [2025-03-17T23:34:26.572+0000] {dagbag.py:588} INFO - Filling up the DagBag from /home/airflow/.local/lib/python3.12/site-packages/airflow/example_dags/example_branch_operator.py
[2025-03-17T23:34:26.580+0000] {processor.py:925} INFO - DAG(s) 'example_branch_operator' retrieved from /home/airflow/.local/lib/python3.12/site-packages/airflow/example_dags/example_branch_operator.py
[2025-03-17T23:34:26.592+0000] {logging_mixin.py:190} INFO - [2025-03-17T23:34:26.592+0000] {dag.py:3239} INFO - Sync 1 DAGs
[2025-03-17T23:34:26.602+0000] {logging_mixin.py:190} INFO - [2025-03-17T23:34:26.602+0000] {dag.py:4180} INFO - Setting next_dagrun for example_branch_operator to 2025-03-16 00:00:00+00:00, run_after=2025-03-17 00:00:00+00:00
[2025-03-17T23:34:26.609+0000] {processor.py:208} INFO - Processing /home/airflow/.local/lib/python3.12/site-packages/airflow/example_dags/example_branch_operator.py took 0.042 seconds
[2025-03-17T23:34:57.824+0000] {processor.py:186} INFO - Started process (PID=8026) to work on /home/airflow/.local/lib/python3.12/site-packages/airflow/example_dags/example_branch_operator.py
[2025-03-17T23:34:57.825+0000] {processor.py:914} INFO - Processing file /home/airflow/.local/lib/python3.12/site-packages/airflow/example_dags/example_branch_operator.py for tasks to queue
[2025-03-17T23:34:57.827+0000] {logging_mixin.py:190} INFO - [2025-03-17T23:34:57.827+0000] {dagbag.py:588} INFO - Filling up the DagBag from /home/airflow/.local/lib/python3.12/site-packages/airflow/example_dags/example_branch_operator.py
[2025-03-17T23:34:57.835+0000] {processor.py:925} INFO - DAG(s) 'example_branch_operator' retrieved from /home/airflow/.local/lib/python3.12/site-packages/airflow/example_dags/example_branch_operator.py
[2025-03-17T23:34:57.848+0000] {logging_mixin.py:190} INFO - [2025-03-17T23:34:57.848+0000] {dag.py:3239} INFO - Sync 1 DAGs
[2025-03-17T23:34:57.859+0000] {logging_mixin.py:190} INFO - [2025-03-17T23:34:57.859+0000] {dag.py:4180} INFO - Setting next_dagrun for example_branch_operator to 2025-03-16 00:00:00+00:00, run_after=2025-03-17 00:00:00+00:00
[2025-03-17T23:34:57.867+0000] {processor.py:208} INFO - Processing /home/airflow/.local/lib/python3.12/site-packages/airflow/example_dags/example_branch_operator.py took 0.045 seconds
[2025-03-17T23:35:28.615+0000] {processor.py:186} INFO - Started process (PID=8317) to work on /home/airflow/.local/lib/python3.12/site-packages/airflow/example_dags/example_branch_operator.py
[2025-03-17T23:35:28.616+0000] {processor.py:914} INFO - Processing file /home/airflow/.local/lib/python3.12/site-packages/airflow/example_dags/example_branch_operator.py for tasks to queue
[2025-03-17T23:35:28.617+0000] {logging_mixin.py:190} INFO - [2025-03-17T23:35:28.617+0000] {dagbag.py:588} INFO - Filling up the DagBag from /home/airflow/.local/lib/python3.12/site-packages/airflow/example_dags/example_branch_operator.py
[2025-03-17T23:35:28.625+0000] {processor.py:925} INFO - DAG(s) 'example_branch_operator' retrieved from /home/airflow/.local/lib/python3.12/site-packages/airflow/example_dags/example_branch_operator.py
[2025-03-17T23:35:28.639+0000] {logging_mixin.py:190} INFO - [2025-03-17T23:35:28.638+0000] {dag.py:3239} INFO - Sync 1 DAGs
[2025-03-17T23:35:28.650+0000] {logging_mixin.py:190} INFO - [2025-03-17T23:35:28.650+0000] {dag.py:4180} INFO - Setting next_dagrun for example_branch_operator to 2025-03-16 00:00:00+00:00, run_after=2025-03-17 00:00:00+00:00
[2025-03-17T23:35:28.657+0000] {processor.py:208} INFO - Processing /home/airflow/.local/lib/python3.12/site-packages/airflow/example_dags/example_branch_operator.py took 0.045 seconds
[2025-03-17T23:35:59.891+0000] {processor.py:186} INFO - Started process (PID=8608) to work on /home/airflow/.local/lib/python3.12/site-packages/airflow/example_dags/example_branch_operator.py
[2025-03-17T23:35:59.892+0000] {processor.py:914} INFO - Processing file /home/airflow/.local/lib/python3.12/site-packages/airflow/example_dags/example_branch_operator.py for tasks to queue
[2025-03-17T23:35:59.893+0000] {logging_mixin.py:190} INFO - [2025-03-17T23:35:59.892+0000] {dagbag.py:588} INFO - Filling up the DagBag from /home/airflow/.local/lib/python3.12/site-packages/airflow/example_dags/example_branch_operator.py
[2025-03-17T23:35:59.901+0000] {processor.py:925} INFO - DAG(s) 'example_branch_operator' retrieved from /home/airflow/.local/lib/python3.12/site-packages/airflow/example_dags/example_branch_operator.py
[2025-03-17T23:35:59.915+0000] {logging_mixin.py:190} INFO - [2025-03-17T23:35:59.914+0000] {dag.py:3239} INFO - Sync 1 DAGs
[2025-03-17T23:35:59.926+0000] {logging_mixin.py:190} INFO - [2025-03-17T23:35:59.926+0000] {dag.py:4180} INFO - Setting next_dagrun for example_branch_operator to 2025-03-16 00:00:00+00:00, run_after=2025-03-17 00:00:00+00:00
[2025-03-17T23:35:59.933+0000] {processor.py:208} INFO - Processing /home/airflow/.local/lib/python3.12/site-packages/airflow/example_dags/example_branch_operator.py took 0.045 seconds
[2025-03-17T23:36:31.248+0000] {processor.py:186} INFO - Started process (PID=8899) to work on /home/airflow/.local/lib/python3.12/site-packages/airflow/example_dags/example_branch_operator.py
[2025-03-17T23:36:31.248+0000] {processor.py:914} INFO - Processing file /home/airflow/.local/lib/python3.12/site-packages/airflow/example_dags/example_branch_operator.py for tasks to queue
[2025-03-17T23:36:31.251+0000] {logging_mixin.py:190} INFO - [2025-03-17T23:36:31.250+0000] {dagbag.py:588} INFO - Filling up the DagBag from /home/airflow/.local/lib/python3.12/site-packages/airflow/example_dags/example_branch_operator.py
[2025-03-17T23:36:31.262+0000] {processor.py:925} INFO - DAG(s) 'example_branch_operator' retrieved from /home/airflow/.local/lib/python3.12/site-packages/airflow/example_dags/example_branch_operator.py
[2025-03-17T23:36:31.284+0000] {logging_mixin.py:190} INFO - [2025-03-17T23:36:31.283+0000] {dag.py:3239} INFO - Sync 1 DAGs
[2025-03-17T23:36:31.301+0000] {logging_mixin.py:190} INFO - [2025-03-17T23:36:31.301+0000] {dag.py:4180} INFO - Setting next_dagrun for example_branch_operator to 2025-03-16 00:00:00+00:00, run_after=2025-03-17 00:00:00+00:00
[2025-03-17T23:36:31.310+0000] {processor.py:208} INFO - Processing /home/airflow/.local/lib/python3.12/site-packages/airflow/example_dags/example_branch_operator.py took 0.065 seconds
[2025-03-17T23:37:02.778+0000] {processor.py:186} INFO - Started process (PID=9195) to work on /home/airflow/.local/lib/python3.12/site-packages/airflow/example_dags/example_branch_operator.py
[2025-03-17T23:37:02.780+0000] {processor.py:914} INFO - Processing file /home/airflow/.local/lib/python3.12/site-packages/airflow/example_dags/example_branch_operator.py for tasks to queue
[2025-03-17T23:37:02.782+0000] {logging_mixin.py:190} INFO - [2025-03-17T23:37:02.782+0000] {dagbag.py:588} INFO - Filling up the DagBag from /home/airflow/.local/lib/python3.12/site-packages/airflow/example_dags/example_branch_operator.py
[2025-03-17T23:37:02.803+0000] {processor.py:925} INFO - DAG(s) 'example_branch_operator' retrieved from /home/airflow/.local/lib/python3.12/site-packages/airflow/example_dags/example_branch_operator.py
[2025-03-17T23:37:02.825+0000] {logging_mixin.py:190} INFO - [2025-03-17T23:37:02.825+0000] {dag.py:3239} INFO - Sync 1 DAGs
[2025-03-17T23:37:02.841+0000] {logging_mixin.py:190} INFO - [2025-03-17T23:37:02.841+0000] {dag.py:4180} INFO - Setting next_dagrun for example_branch_operator to 2025-03-16 00:00:00+00:00, run_after=2025-03-17 00:00:00+00:00
[2025-03-17T23:37:02.859+0000] {processor.py:208} INFO - Processing /home/airflow/.local/lib/python3.12/site-packages/airflow/example_dags/example_branch_operator.py took 0.093 seconds
[2025-03-17T23:37:34.291+0000] {processor.py:186} INFO - Started process (PID=9492) to work on /home/airflow/.local/lib/python3.12/site-packages/airflow/example_dags/example_branch_operator.py
[2025-03-17T23:37:34.292+0000] {processor.py:914} INFO - Processing file /home/airflow/.local/lib/python3.12/site-packages/airflow/example_dags/example_branch_operator.py for tasks to queue
[2025-03-17T23:37:34.294+0000] {logging_mixin.py:190} INFO - [2025-03-17T23:37:34.294+0000] {dagbag.py:588} INFO - Filling up the DagBag from /home/airflow/.local/lib/python3.12/site-packages/airflow/example_dags/example_branch_operator.py
[2025-03-17T23:37:34.303+0000] {processor.py:925} INFO - DAG(s) 'example_branch_operator' retrieved from /home/airflow/.local/lib/python3.12/site-packages/airflow/example_dags/example_branch_operator.py
[2025-03-17T23:37:34.320+0000] {logging_mixin.py:190} INFO - [2025-03-17T23:37:34.320+0000] {dag.py:3239} INFO - Sync 1 DAGs
[2025-03-17T23:37:34.333+0000] {logging_mixin.py:190} INFO - [2025-03-17T23:37:34.333+0000] {dag.py:4180} INFO - Setting next_dagrun for example_branch_operator to 2025-03-16 00:00:00+00:00, run_after=2025-03-17 00:00:00+00:00
[2025-03-17T23:37:34.341+0000] {processor.py:208} INFO - Processing /home/airflow/.local/lib/python3.12/site-packages/airflow/example_dags/example_branch_operator.py took 0.053 seconds
