[2025-03-17T23:21:36.304+0000] {processor.py:186} INFO - Started process (PID=377) to work on /home/airflow/.local/lib/python3.12/site-packages/airflow/example_dags/example_bash_operator.py
[2025-03-17T23:21:36.304+0000] {processor.py:914} INFO - Processing file /home/airflow/.local/lib/python3.12/site-packages/airflow/example_dags/example_bash_operator.py for tasks to queue
[2025-03-17T23:21:36.305+0000] {logging_mixin.py:190} INFO - [2025-03-17T23:21:36.305+0000] {dagbag.py:588} INFO - Filling up the DagBag from /home/airflow/.local/lib/python3.12/site-packages/airflow/example_dags/example_bash_operator.py
[2025-03-17T23:21:36.312+0000] {processor.py:925} INFO - DAG(s) 'example_bash_operator' retrieved from /home/airflow/.local/lib/python3.12/site-packages/airflow/example_dags/example_bash_operator.py
[2025-03-17T23:21:36.364+0000] {logging_mixin.py:190} INFO - [2025-03-17T23:21:36.364+0000] {override.py:1912} INFO - Created Permission View: can edit on DAG:example_bash_operator
[2025-03-17T23:21:36.369+0000] {logging_mixin.py:190} INFO - [2025-03-17T23:21:36.369+0000] {override.py:1912} INFO - Created Permission View: can read on DAG:example_bash_operator
[2025-03-17T23:21:36.371+0000] {logging_mixin.py:190} INFO - [2025-03-17T23:21:36.371+0000] {override.py:1912} INFO - Created Permission View: can delete on DAG:example_bash_operator
[2025-03-17T23:21:36.374+0000] {logging_mixin.py:190} INFO - [2025-03-17T23:21:36.374+0000] {override.py:1912} INFO - Created Permission View: can create on DAG Run:example_bash_operator
[2025-03-17T23:21:36.378+0000] {logging_mixin.py:190} INFO - [2025-03-17T23:21:36.378+0000] {override.py:1912} INFO - Created Permission View: menu access on DAG Run:example_bash_operator
[2025-03-17T23:21:36.382+0000] {logging_mixin.py:190} INFO - [2025-03-17T23:21:36.382+0000] {override.py:1912} INFO - Created Permission View: can read on DAG Run:example_bash_operator
[2025-03-17T23:21:36.385+0000] {logging_mixin.py:190} INFO - [2025-03-17T23:21:36.385+0000] {override.py:1912} INFO - Created Permission View: can delete on DAG Run:example_bash_operator
[2025-03-17T23:21:36.386+0000] {logging_mixin.py:190} INFO - [2025-03-17T23:21:36.385+0000] {dag.py:3239} INFO - Sync 1 DAGs
[2025-03-17T23:21:36.394+0000] {logging_mixin.py:190} INFO - [2025-03-17T23:21:36.394+0000] {dag.py:3262} INFO - Creating ORM DAG for example_bash_operator
[2025-03-17T23:21:36.406+0000] {logging_mixin.py:190} INFO - [2025-03-17T23:21:36.406+0000] {dag.py:4180} INFO - Setting next_dagrun for example_bash_operator to 2025-03-16 00:00:00+00:00, run_after=2025-03-17 00:00:00+00:00
[2025-03-17T23:21:36.429+0000] {processor.py:208} INFO - Processing /home/airflow/.local/lib/python3.12/site-packages/airflow/example_dags/example_bash_operator.py took 0.129 seconds
[2025-03-17T23:22:06.627+0000] {processor.py:186} INFO - Started process (PID=668) to work on /home/airflow/.local/lib/python3.12/site-packages/airflow/example_dags/example_bash_operator.py
[2025-03-17T23:22:06.628+0000] {processor.py:914} INFO - Processing file /home/airflow/.local/lib/python3.12/site-packages/airflow/example_dags/example_bash_operator.py for tasks to queue
[2025-03-17T23:22:06.629+0000] {logging_mixin.py:190} INFO - [2025-03-17T23:22:06.629+0000] {dagbag.py:588} INFO - Filling up the DagBag from /home/airflow/.local/lib/python3.12/site-packages/airflow/example_dags/example_bash_operator.py
[2025-03-17T23:22:06.636+0000] {processor.py:925} INFO - DAG(s) 'example_bash_operator' retrieved from /home/airflow/.local/lib/python3.12/site-packages/airflow/example_dags/example_bash_operator.py
[2025-03-17T23:22:06.651+0000] {logging_mixin.py:190} INFO - [2025-03-17T23:22:06.651+0000] {dag.py:3239} INFO - Sync 1 DAGs
[2025-03-17T23:22:06.666+0000] {logging_mixin.py:190} INFO - [2025-03-17T23:22:06.666+0000] {dag.py:4180} INFO - Setting next_dagrun for example_bash_operator to 2025-03-16 00:00:00+00:00, run_after=2025-03-17 00:00:00+00:00
[2025-03-17T23:22:06.676+0000] {processor.py:208} INFO - Processing /home/airflow/.local/lib/python3.12/site-packages/airflow/example_dags/example_bash_operator.py took 0.052 seconds
[2025-03-17T23:22:36.713+0000] {processor.py:186} INFO - Started process (PID=954) to work on /home/airflow/.local/lib/python3.12/site-packages/airflow/example_dags/example_bash_operator.py
[2025-03-17T23:22:36.715+0000] {processor.py:914} INFO - Processing file /home/airflow/.local/lib/python3.12/site-packages/airflow/example_dags/example_bash_operator.py for tasks to queue
[2025-03-17T23:22:36.716+0000] {logging_mixin.py:190} INFO - [2025-03-17T23:22:36.716+0000] {dagbag.py:588} INFO - Filling up the DagBag from /home/airflow/.local/lib/python3.12/site-packages/airflow/example_dags/example_bash_operator.py
[2025-03-17T23:22:36.723+0000] {processor.py:925} INFO - DAG(s) 'example_bash_operator' retrieved from /home/airflow/.local/lib/python3.12/site-packages/airflow/example_dags/example_bash_operator.py
[2025-03-17T23:22:36.744+0000] {logging_mixin.py:190} INFO - [2025-03-17T23:22:36.743+0000] {dag.py:3239} INFO - Sync 1 DAGs
[2025-03-17T23:22:36.756+0000] {logging_mixin.py:190} INFO - [2025-03-17T23:22:36.756+0000] {dag.py:4180} INFO - Setting next_dagrun for example_bash_operator to 2025-03-16 00:00:00+00:00, run_after=2025-03-17 00:00:00+00:00
[2025-03-17T23:22:36.767+0000] {processor.py:208} INFO - Processing /home/airflow/.local/lib/python3.12/site-packages/airflow/example_dags/example_bash_operator.py took 0.057 seconds
[2025-03-17T23:23:07.611+0000] {processor.py:186} INFO - Started process (PID=1250) to work on /home/airflow/.local/lib/python3.12/site-packages/airflow/example_dags/example_bash_operator.py
[2025-03-17T23:23:07.612+0000] {processor.py:914} INFO - Processing file /home/airflow/.local/lib/python3.12/site-packages/airflow/example_dags/example_bash_operator.py for tasks to queue
[2025-03-17T23:23:07.613+0000] {logging_mixin.py:190} INFO - [2025-03-17T23:23:07.613+0000] {dagbag.py:588} INFO - Filling up the DagBag from /home/airflow/.local/lib/python3.12/site-packages/airflow/example_dags/example_bash_operator.py
[2025-03-17T23:23:07.621+0000] {processor.py:925} INFO - DAG(s) 'example_bash_operator' retrieved from /home/airflow/.local/lib/python3.12/site-packages/airflow/example_dags/example_bash_operator.py
[2025-03-17T23:23:07.637+0000] {logging_mixin.py:190} INFO - [2025-03-17T23:23:07.637+0000] {dag.py:3239} INFO - Sync 1 DAGs
[2025-03-17T23:23:07.649+0000] {logging_mixin.py:190} INFO - [2025-03-17T23:23:07.649+0000] {dag.py:4180} INFO - Setting next_dagrun for example_bash_operator to 2025-03-16 00:00:00+00:00, run_after=2025-03-17 00:00:00+00:00
[2025-03-17T23:23:07.658+0000] {processor.py:208} INFO - Processing /home/airflow/.local/lib/python3.12/site-packages/airflow/example_dags/example_bash_operator.py took 0.050 seconds
[2025-03-17T23:23:38.808+0000] {processor.py:186} INFO - Started process (PID=1541) to work on /home/airflow/.local/lib/python3.12/site-packages/airflow/example_dags/example_bash_operator.py
[2025-03-17T23:23:38.809+0000] {processor.py:914} INFO - Processing file /home/airflow/.local/lib/python3.12/site-packages/airflow/example_dags/example_bash_operator.py for tasks to queue
[2025-03-17T23:23:38.810+0000] {logging_mixin.py:190} INFO - [2025-03-17T23:23:38.809+0000] {dagbag.py:588} INFO - Filling up the DagBag from /home/airflow/.local/lib/python3.12/site-packages/airflow/example_dags/example_bash_operator.py
[2025-03-17T23:23:38.816+0000] {processor.py:925} INFO - DAG(s) 'example_bash_operator' retrieved from /home/airflow/.local/lib/python3.12/site-packages/airflow/example_dags/example_bash_operator.py
[2025-03-17T23:23:38.831+0000] {logging_mixin.py:190} INFO - [2025-03-17T23:23:38.831+0000] {dag.py:3239} INFO - Sync 1 DAGs
[2025-03-17T23:23:38.843+0000] {logging_mixin.py:190} INFO - [2025-03-17T23:23:38.843+0000] {dag.py:4180} INFO - Setting next_dagrun for example_bash_operator to 2025-03-16 00:00:00+00:00, run_after=2025-03-17 00:00:00+00:00
[2025-03-17T23:23:38.853+0000] {processor.py:208} INFO - Processing /home/airflow/.local/lib/python3.12/site-packages/airflow/example_dags/example_bash_operator.py took 0.047 seconds
[2025-03-17T23:24:09.803+0000] {processor.py:186} INFO - Started process (PID=1832) to work on /home/airflow/.local/lib/python3.12/site-packages/airflow/example_dags/example_bash_operator.py
[2025-03-17T23:24:09.804+0000] {processor.py:914} INFO - Processing file /home/airflow/.local/lib/python3.12/site-packages/airflow/example_dags/example_bash_operator.py for tasks to queue
[2025-03-17T23:24:09.805+0000] {logging_mixin.py:190} INFO - [2025-03-17T23:24:09.805+0000] {dagbag.py:588} INFO - Filling up the DagBag from /home/airflow/.local/lib/python3.12/site-packages/airflow/example_dags/example_bash_operator.py
[2025-03-17T23:24:09.811+0000] {processor.py:925} INFO - DAG(s) 'example_bash_operator' retrieved from /home/airflow/.local/lib/python3.12/site-packages/airflow/example_dags/example_bash_operator.py
[2025-03-17T23:24:09.825+0000] {logging_mixin.py:190} INFO - [2025-03-17T23:24:09.824+0000] {dag.py:3239} INFO - Sync 1 DAGs
[2025-03-17T23:24:09.837+0000] {logging_mixin.py:190} INFO - [2025-03-17T23:24:09.837+0000] {dag.py:4180} INFO - Setting next_dagrun for example_bash_operator to 2025-03-16 00:00:00+00:00, run_after=2025-03-17 00:00:00+00:00
[2025-03-17T23:24:09.846+0000] {processor.py:208} INFO - Processing /home/airflow/.local/lib/python3.12/site-packages/airflow/example_dags/example_bash_operator.py took 0.046 seconds
[2025-03-17T23:24:41.119+0000] {processor.py:186} INFO - Started process (PID=2122) to work on /home/airflow/.local/lib/python3.12/site-packages/airflow/example_dags/example_bash_operator.py
[2025-03-17T23:24:41.120+0000] {processor.py:914} INFO - Processing file /home/airflow/.local/lib/python3.12/site-packages/airflow/example_dags/example_bash_operator.py for tasks to queue
[2025-03-17T23:24:41.121+0000] {logging_mixin.py:190} INFO - [2025-03-17T23:24:41.121+0000] {dagbag.py:588} INFO - Filling up the DagBag from /home/airflow/.local/lib/python3.12/site-packages/airflow/example_dags/example_bash_operator.py
[2025-03-17T23:24:41.131+0000] {processor.py:925} INFO - DAG(s) 'example_bash_operator' retrieved from /home/airflow/.local/lib/python3.12/site-packages/airflow/example_dags/example_bash_operator.py
[2025-03-17T23:24:41.152+0000] {logging_mixin.py:190} INFO - [2025-03-17T23:24:41.151+0000] {dag.py:3239} INFO - Sync 1 DAGs
[2025-03-17T23:24:41.171+0000] {logging_mixin.py:190} INFO - [2025-03-17T23:24:41.171+0000] {dag.py:4180} INFO - Setting next_dagrun for example_bash_operator to 2025-03-16 00:00:00+00:00, run_after=2025-03-17 00:00:00+00:00
[2025-03-17T23:24:41.183+0000] {processor.py:208} INFO - Processing /home/airflow/.local/lib/python3.12/site-packages/airflow/example_dags/example_bash_operator.py took 0.068 seconds
[2025-03-17T23:25:12.607+0000] {processor.py:186} INFO - Started process (PID=2413) to work on /home/airflow/.local/lib/python3.12/site-packages/airflow/example_dags/example_bash_operator.py
[2025-03-17T23:25:12.608+0000] {processor.py:914} INFO - Processing file /home/airflow/.local/lib/python3.12/site-packages/airflow/example_dags/example_bash_operator.py for tasks to queue
[2025-03-17T23:25:12.612+0000] {logging_mixin.py:190} INFO - [2025-03-17T23:25:12.611+0000] {dagbag.py:588} INFO - Filling up the DagBag from /home/airflow/.local/lib/python3.12/site-packages/airflow/example_dags/example_bash_operator.py
[2025-03-17T23:25:12.644+0000] {processor.py:925} INFO - DAG(s) 'example_bash_operator' retrieved from /home/airflow/.local/lib/python3.12/site-packages/airflow/example_dags/example_bash_operator.py
[2025-03-17T23:25:12.690+0000] {logging_mixin.py:190} INFO - [2025-03-17T23:25:12.690+0000] {dag.py:3239} INFO - Sync 1 DAGs
[2025-03-17T23:25:12.748+0000] {logging_mixin.py:190} INFO - [2025-03-17T23:25:12.748+0000] {dag.py:4180} INFO - Setting next_dagrun for example_bash_operator to 2025-03-16 00:00:00+00:00, run_after=2025-03-17 00:00:00+00:00
[2025-03-17T23:25:12.773+0000] {processor.py:208} INFO - Processing /home/airflow/.local/lib/python3.12/site-packages/airflow/example_dags/example_bash_operator.py took 0.171 seconds
[2025-03-17T23:25:43.709+0000] {processor.py:186} INFO - Started process (PID=2704) to work on /home/airflow/.local/lib/python3.12/site-packages/airflow/example_dags/example_bash_operator.py
[2025-03-17T23:25:43.710+0000] {processor.py:914} INFO - Processing file /home/airflow/.local/lib/python3.12/site-packages/airflow/example_dags/example_bash_operator.py for tasks to queue
[2025-03-17T23:25:43.711+0000] {logging_mixin.py:190} INFO - [2025-03-17T23:25:43.711+0000] {dagbag.py:588} INFO - Filling up the DagBag from /home/airflow/.local/lib/python3.12/site-packages/airflow/example_dags/example_bash_operator.py
[2025-03-17T23:25:43.717+0000] {processor.py:925} INFO - DAG(s) 'example_bash_operator' retrieved from /home/airflow/.local/lib/python3.12/site-packages/airflow/example_dags/example_bash_operator.py
[2025-03-17T23:25:43.731+0000] {logging_mixin.py:190} INFO - [2025-03-17T23:25:43.730+0000] {dag.py:3239} INFO - Sync 1 DAGs
[2025-03-17T23:25:43.748+0000] {logging_mixin.py:190} INFO - [2025-03-17T23:25:43.748+0000] {dag.py:4180} INFO - Setting next_dagrun for example_bash_operator to 2025-03-16 00:00:00+00:00, run_after=2025-03-17 00:00:00+00:00
[2025-03-17T23:25:43.757+0000] {processor.py:208} INFO - Processing /home/airflow/.local/lib/python3.12/site-packages/airflow/example_dags/example_bash_operator.py took 0.052 seconds
[2025-03-17T23:26:14.683+0000] {processor.py:186} INFO - Started process (PID=2995) to work on /home/airflow/.local/lib/python3.12/site-packages/airflow/example_dags/example_bash_operator.py
[2025-03-17T23:26:14.683+0000] {processor.py:914} INFO - Processing file /home/airflow/.local/lib/python3.12/site-packages/airflow/example_dags/example_bash_operator.py for tasks to queue
[2025-03-17T23:26:14.685+0000] {logging_mixin.py:190} INFO - [2025-03-17T23:26:14.684+0000] {dagbag.py:588} INFO - Filling up the DagBag from /home/airflow/.local/lib/python3.12/site-packages/airflow/example_dags/example_bash_operator.py
[2025-03-17T23:26:14.691+0000] {processor.py:925} INFO - DAG(s) 'example_bash_operator' retrieved from /home/airflow/.local/lib/python3.12/site-packages/airflow/example_dags/example_bash_operator.py
[2025-03-17T23:26:14.704+0000] {logging_mixin.py:190} INFO - [2025-03-17T23:26:14.704+0000] {dag.py:3239} INFO - Sync 1 DAGs
[2025-03-17T23:26:14.716+0000] {logging_mixin.py:190} INFO - [2025-03-17T23:26:14.716+0000] {dag.py:4180} INFO - Setting next_dagrun for example_bash_operator to 2025-03-16 00:00:00+00:00, run_after=2025-03-17 00:00:00+00:00
[2025-03-17T23:26:14.725+0000] {processor.py:208} INFO - Processing /home/airflow/.local/lib/python3.12/site-packages/airflow/example_dags/example_bash_operator.py took 0.046 seconds
[2025-03-17T23:26:45.573+0000] {processor.py:186} INFO - Started process (PID=3286) to work on /home/airflow/.local/lib/python3.12/site-packages/airflow/example_dags/example_bash_operator.py
[2025-03-17T23:26:45.574+0000] {processor.py:914} INFO - Processing file /home/airflow/.local/lib/python3.12/site-packages/airflow/example_dags/example_bash_operator.py for tasks to queue
[2025-03-17T23:26:45.575+0000] {logging_mixin.py:190} INFO - [2025-03-17T23:26:45.575+0000] {dagbag.py:588} INFO - Filling up the DagBag from /home/airflow/.local/lib/python3.12/site-packages/airflow/example_dags/example_bash_operator.py
[2025-03-17T23:26:45.582+0000] {processor.py:925} INFO - DAG(s) 'example_bash_operator' retrieved from /home/airflow/.local/lib/python3.12/site-packages/airflow/example_dags/example_bash_operator.py
[2025-03-17T23:26:45.595+0000] {logging_mixin.py:190} INFO - [2025-03-17T23:26:45.595+0000] {dag.py:3239} INFO - Sync 1 DAGs
[2025-03-17T23:26:45.609+0000] {logging_mixin.py:190} INFO - [2025-03-17T23:26:45.609+0000] {dag.py:4180} INFO - Setting next_dagrun for example_bash_operator to 2025-03-16 00:00:00+00:00, run_after=2025-03-17 00:00:00+00:00
[2025-03-17T23:26:45.618+0000] {processor.py:208} INFO - Processing /home/airflow/.local/lib/python3.12/site-packages/airflow/example_dags/example_bash_operator.py took 0.048 seconds
[2025-03-17T23:27:16.551+0000] {processor.py:186} INFO - Started process (PID=3577) to work on /home/airflow/.local/lib/python3.12/site-packages/airflow/example_dags/example_bash_operator.py
[2025-03-17T23:27:16.552+0000] {processor.py:914} INFO - Processing file /home/airflow/.local/lib/python3.12/site-packages/airflow/example_dags/example_bash_operator.py for tasks to queue
[2025-03-17T23:27:16.553+0000] {logging_mixin.py:190} INFO - [2025-03-17T23:27:16.553+0000] {dagbag.py:588} INFO - Filling up the DagBag from /home/airflow/.local/lib/python3.12/site-packages/airflow/example_dags/example_bash_operator.py
[2025-03-17T23:27:16.560+0000] {processor.py:925} INFO - DAG(s) 'example_bash_operator' retrieved from /home/airflow/.local/lib/python3.12/site-packages/airflow/example_dags/example_bash_operator.py
[2025-03-17T23:27:16.573+0000] {logging_mixin.py:190} INFO - [2025-03-17T23:27:16.573+0000] {dag.py:3239} INFO - Sync 1 DAGs
[2025-03-17T23:27:16.585+0000] {logging_mixin.py:190} INFO - [2025-03-17T23:27:16.585+0000] {dag.py:4180} INFO - Setting next_dagrun for example_bash_operator to 2025-03-16 00:00:00+00:00, run_after=2025-03-17 00:00:00+00:00
[2025-03-17T23:27:16.595+0000] {processor.py:208} INFO - Processing /home/airflow/.local/lib/python3.12/site-packages/airflow/example_dags/example_bash_operator.py took 0.047 seconds
[2025-03-17T23:27:47.734+0000] {processor.py:186} INFO - Started process (PID=3868) to work on /home/airflow/.local/lib/python3.12/site-packages/airflow/example_dags/example_bash_operator.py
[2025-03-17T23:27:47.735+0000] {processor.py:914} INFO - Processing file /home/airflow/.local/lib/python3.12/site-packages/airflow/example_dags/example_bash_operator.py for tasks to queue
[2025-03-17T23:27:47.736+0000] {logging_mixin.py:190} INFO - [2025-03-17T23:27:47.736+0000] {dagbag.py:588} INFO - Filling up the DagBag from /home/airflow/.local/lib/python3.12/site-packages/airflow/example_dags/example_bash_operator.py
[2025-03-17T23:27:47.744+0000] {processor.py:925} INFO - DAG(s) 'example_bash_operator' retrieved from /home/airflow/.local/lib/python3.12/site-packages/airflow/example_dags/example_bash_operator.py
[2025-03-17T23:27:47.763+0000] {logging_mixin.py:190} INFO - [2025-03-17T23:27:47.763+0000] {dag.py:3239} INFO - Sync 1 DAGs
[2025-03-17T23:27:47.779+0000] {logging_mixin.py:190} INFO - [2025-03-17T23:27:47.779+0000] {dag.py:4180} INFO - Setting next_dagrun for example_bash_operator to 2025-03-16 00:00:00+00:00, run_after=2025-03-17 00:00:00+00:00
[2025-03-17T23:27:47.792+0000] {processor.py:208} INFO - Processing /home/airflow/.local/lib/python3.12/site-packages/airflow/example_dags/example_bash_operator.py took 0.062 seconds
[2025-03-17T23:28:18.059+0000] {processor.py:186} INFO - Started process (PID=4154) to work on /home/airflow/.local/lib/python3.12/site-packages/airflow/example_dags/example_bash_operator.py
[2025-03-17T23:28:18.061+0000] {processor.py:914} INFO - Processing file /home/airflow/.local/lib/python3.12/site-packages/airflow/example_dags/example_bash_operator.py for tasks to queue
[2025-03-17T23:28:18.062+0000] {logging_mixin.py:190} INFO - [2025-03-17T23:28:18.062+0000] {dagbag.py:588} INFO - Filling up the DagBag from /home/airflow/.local/lib/python3.12/site-packages/airflow/example_dags/example_bash_operator.py
[2025-03-17T23:28:18.070+0000] {processor.py:925} INFO - DAG(s) 'example_bash_operator' retrieved from /home/airflow/.local/lib/python3.12/site-packages/airflow/example_dags/example_bash_operator.py
[2025-03-17T23:28:18.097+0000] {logging_mixin.py:190} INFO - [2025-03-17T23:28:18.097+0000] {dag.py:3239} INFO - Sync 1 DAGs
[2025-03-17T23:28:18.111+0000] {logging_mixin.py:190} INFO - [2025-03-17T23:28:18.110+0000] {dag.py:4180} INFO - Setting next_dagrun for example_bash_operator to 2025-03-16 00:00:00+00:00, run_after=2025-03-17 00:00:00+00:00
[2025-03-17T23:28:18.119+0000] {processor.py:208} INFO - Processing /home/airflow/.local/lib/python3.12/site-packages/airflow/example_dags/example_bash_operator.py took 0.063 seconds
[2025-03-17T23:28:48.943+0000] {processor.py:186} INFO - Started process (PID=4450) to work on /home/airflow/.local/lib/python3.12/site-packages/airflow/example_dags/example_bash_operator.py
[2025-03-17T23:28:48.944+0000] {processor.py:914} INFO - Processing file /home/airflow/.local/lib/python3.12/site-packages/airflow/example_dags/example_bash_operator.py for tasks to queue
[2025-03-17T23:28:48.945+0000] {logging_mixin.py:190} INFO - [2025-03-17T23:28:48.945+0000] {dagbag.py:588} INFO - Filling up the DagBag from /home/airflow/.local/lib/python3.12/site-packages/airflow/example_dags/example_bash_operator.py
[2025-03-17T23:28:48.952+0000] {processor.py:925} INFO - DAG(s) 'example_bash_operator' retrieved from /home/airflow/.local/lib/python3.12/site-packages/airflow/example_dags/example_bash_operator.py
[2025-03-17T23:28:48.965+0000] {logging_mixin.py:190} INFO - [2025-03-17T23:28:48.965+0000] {dag.py:3239} INFO - Sync 1 DAGs
[2025-03-17T23:28:48.977+0000] {logging_mixin.py:190} INFO - [2025-03-17T23:28:48.977+0000] {dag.py:4180} INFO - Setting next_dagrun for example_bash_operator to 2025-03-16 00:00:00+00:00, run_after=2025-03-17 00:00:00+00:00
[2025-03-17T23:28:48.987+0000] {processor.py:208} INFO - Processing /home/airflow/.local/lib/python3.12/site-packages/airflow/example_dags/example_bash_operator.py took 0.047 seconds
[2025-03-17T23:29:19.592+0000] {processor.py:186} INFO - Started process (PID=4741) to work on /home/airflow/.local/lib/python3.12/site-packages/airflow/example_dags/example_bash_operator.py
[2025-03-17T23:29:19.593+0000] {processor.py:914} INFO - Processing file /home/airflow/.local/lib/python3.12/site-packages/airflow/example_dags/example_bash_operator.py for tasks to queue
[2025-03-17T23:29:19.594+0000] {logging_mixin.py:190} INFO - [2025-03-17T23:29:19.594+0000] {dagbag.py:588} INFO - Filling up the DagBag from /home/airflow/.local/lib/python3.12/site-packages/airflow/example_dags/example_bash_operator.py
[2025-03-17T23:29:19.601+0000] {processor.py:925} INFO - DAG(s) 'example_bash_operator' retrieved from /home/airflow/.local/lib/python3.12/site-packages/airflow/example_dags/example_bash_operator.py
[2025-03-17T23:29:19.615+0000] {logging_mixin.py:190} INFO - [2025-03-17T23:29:19.615+0000] {dag.py:3239} INFO - Sync 1 DAGs
[2025-03-17T23:29:19.627+0000] {logging_mixin.py:190} INFO - [2025-03-17T23:29:19.627+0000] {dag.py:4180} INFO - Setting next_dagrun for example_bash_operator to 2025-03-16 00:00:00+00:00, run_after=2025-03-17 00:00:00+00:00
[2025-03-17T23:29:19.637+0000] {processor.py:208} INFO - Processing /home/airflow/.local/lib/python3.12/site-packages/airflow/example_dags/example_bash_operator.py took 0.048 seconds
[2025-03-17T23:29:50.052+0000] {processor.py:186} INFO - Started process (PID=5027) to work on /home/airflow/.local/lib/python3.12/site-packages/airflow/example_dags/example_bash_operator.py
[2025-03-17T23:29:50.053+0000] {processor.py:914} INFO - Processing file /home/airflow/.local/lib/python3.12/site-packages/airflow/example_dags/example_bash_operator.py for tasks to queue
[2025-03-17T23:29:50.054+0000] {logging_mixin.py:190} INFO - [2025-03-17T23:29:50.054+0000] {dagbag.py:588} INFO - Filling up the DagBag from /home/airflow/.local/lib/python3.12/site-packages/airflow/example_dags/example_bash_operator.py
[2025-03-17T23:29:50.060+0000] {processor.py:925} INFO - DAG(s) 'example_bash_operator' retrieved from /home/airflow/.local/lib/python3.12/site-packages/airflow/example_dags/example_bash_operator.py
[2025-03-17T23:29:50.073+0000] {logging_mixin.py:190} INFO - [2025-03-17T23:29:50.073+0000] {dag.py:3239} INFO - Sync 1 DAGs
[2025-03-17T23:29:50.084+0000] {logging_mixin.py:190} INFO - [2025-03-17T23:29:50.084+0000] {dag.py:4180} INFO - Setting next_dagrun for example_bash_operator to 2025-03-16 00:00:00+00:00, run_after=2025-03-17 00:00:00+00:00
[2025-03-17T23:29:50.092+0000] {processor.py:208} INFO - Processing /home/airflow/.local/lib/python3.12/site-packages/airflow/example_dags/example_bash_operator.py took 0.043 seconds
[2025-03-17T23:30:20.665+0000] {processor.py:186} INFO - Started process (PID=5318) to work on /home/airflow/.local/lib/python3.12/site-packages/airflow/example_dags/example_bash_operator.py
[2025-03-17T23:30:20.665+0000] {processor.py:914} INFO - Processing file /home/airflow/.local/lib/python3.12/site-packages/airflow/example_dags/example_bash_operator.py for tasks to queue
[2025-03-17T23:30:20.667+0000] {logging_mixin.py:190} INFO - [2025-03-17T23:30:20.667+0000] {dagbag.py:588} INFO - Filling up the DagBag from /home/airflow/.local/lib/python3.12/site-packages/airflow/example_dags/example_bash_operator.py
[2025-03-17T23:30:20.674+0000] {processor.py:925} INFO - DAG(s) 'example_bash_operator' retrieved from /home/airflow/.local/lib/python3.12/site-packages/airflow/example_dags/example_bash_operator.py
[2025-03-17T23:30:20.686+0000] {logging_mixin.py:190} INFO - [2025-03-17T23:30:20.686+0000] {dag.py:3239} INFO - Sync 1 DAGs
[2025-03-17T23:30:20.699+0000] {logging_mixin.py:190} INFO - [2025-03-17T23:30:20.698+0000] {dag.py:4180} INFO - Setting next_dagrun for example_bash_operator to 2025-03-16 00:00:00+00:00, run_after=2025-03-17 00:00:00+00:00
[2025-03-17T23:30:20.708+0000] {processor.py:208} INFO - Processing /home/airflow/.local/lib/python3.12/site-packages/airflow/example_dags/example_bash_operator.py took 0.046 seconds
[2025-03-17T23:30:51.247+0000] {processor.py:186} INFO - Started process (PID=5609) to work on /home/airflow/.local/lib/python3.12/site-packages/airflow/example_dags/example_bash_operator.py
[2025-03-17T23:30:51.248+0000] {processor.py:914} INFO - Processing file /home/airflow/.local/lib/python3.12/site-packages/airflow/example_dags/example_bash_operator.py for tasks to queue
[2025-03-17T23:30:51.249+0000] {logging_mixin.py:190} INFO - [2025-03-17T23:30:51.249+0000] {dagbag.py:588} INFO - Filling up the DagBag from /home/airflow/.local/lib/python3.12/site-packages/airflow/example_dags/example_bash_operator.py
[2025-03-17T23:30:51.255+0000] {processor.py:925} INFO - DAG(s) 'example_bash_operator' retrieved from /home/airflow/.local/lib/python3.12/site-packages/airflow/example_dags/example_bash_operator.py
[2025-03-17T23:30:51.268+0000] {logging_mixin.py:190} INFO - [2025-03-17T23:30:51.268+0000] {dag.py:3239} INFO - Sync 1 DAGs
[2025-03-17T23:30:51.280+0000] {logging_mixin.py:190} INFO - [2025-03-17T23:30:51.279+0000] {dag.py:4180} INFO - Setting next_dagrun for example_bash_operator to 2025-03-16 00:00:00+00:00, run_after=2025-03-17 00:00:00+00:00
[2025-03-17T23:30:51.289+0000] {processor.py:208} INFO - Processing /home/airflow/.local/lib/python3.12/site-packages/airflow/example_dags/example_bash_operator.py took 0.044 seconds
[2025-03-17T23:31:21.803+0000] {processor.py:186} INFO - Started process (PID=5900) to work on /home/airflow/.local/lib/python3.12/site-packages/airflow/example_dags/example_bash_operator.py
[2025-03-17T23:31:21.804+0000] {processor.py:914} INFO - Processing file /home/airflow/.local/lib/python3.12/site-packages/airflow/example_dags/example_bash_operator.py for tasks to queue
[2025-03-17T23:31:21.806+0000] {logging_mixin.py:190} INFO - [2025-03-17T23:31:21.806+0000] {dagbag.py:588} INFO - Filling up the DagBag from /home/airflow/.local/lib/python3.12/site-packages/airflow/example_dags/example_bash_operator.py
[2025-03-17T23:31:21.812+0000] {processor.py:925} INFO - DAG(s) 'example_bash_operator' retrieved from /home/airflow/.local/lib/python3.12/site-packages/airflow/example_dags/example_bash_operator.py
[2025-03-17T23:31:21.826+0000] {logging_mixin.py:190} INFO - [2025-03-17T23:31:21.826+0000] {dag.py:3239} INFO - Sync 1 DAGs
[2025-03-17T23:31:21.837+0000] {logging_mixin.py:190} INFO - [2025-03-17T23:31:21.837+0000] {dag.py:4180} INFO - Setting next_dagrun for example_bash_operator to 2025-03-16 00:00:00+00:00, run_after=2025-03-17 00:00:00+00:00
[2025-03-17T23:31:21.845+0000] {processor.py:208} INFO - Processing /home/airflow/.local/lib/python3.12/site-packages/airflow/example_dags/example_bash_operator.py took 0.045 seconds
[2025-03-17T23:31:52.327+0000] {processor.py:186} INFO - Started process (PID=6191) to work on /home/airflow/.local/lib/python3.12/site-packages/airflow/example_dags/example_bash_operator.py
[2025-03-17T23:31:52.328+0000] {processor.py:914} INFO - Processing file /home/airflow/.local/lib/python3.12/site-packages/airflow/example_dags/example_bash_operator.py for tasks to queue
[2025-03-17T23:31:52.329+0000] {logging_mixin.py:190} INFO - [2025-03-17T23:31:52.329+0000] {dagbag.py:588} INFO - Filling up the DagBag from /home/airflow/.local/lib/python3.12/site-packages/airflow/example_dags/example_bash_operator.py
[2025-03-17T23:31:52.335+0000] {processor.py:925} INFO - DAG(s) 'example_bash_operator' retrieved from /home/airflow/.local/lib/python3.12/site-packages/airflow/example_dags/example_bash_operator.py
[2025-03-17T23:31:52.349+0000] {logging_mixin.py:190} INFO - [2025-03-17T23:31:52.349+0000] {dag.py:3239} INFO - Sync 1 DAGs
[2025-03-17T23:31:52.360+0000] {logging_mixin.py:190} INFO - [2025-03-17T23:31:52.360+0000] {dag.py:4180} INFO - Setting next_dagrun for example_bash_operator to 2025-03-16 00:00:00+00:00, run_after=2025-03-17 00:00:00+00:00
[2025-03-17T23:31:52.370+0000] {processor.py:208} INFO - Processing /home/airflow/.local/lib/python3.12/site-packages/airflow/example_dags/example_bash_operator.py took 0.045 seconds
[2025-03-17T23:32:22.880+0000] {processor.py:186} INFO - Started process (PID=6482) to work on /home/airflow/.local/lib/python3.12/site-packages/airflow/example_dags/example_bash_operator.py
[2025-03-17T23:32:22.880+0000] {processor.py:914} INFO - Processing file /home/airflow/.local/lib/python3.12/site-packages/airflow/example_dags/example_bash_operator.py for tasks to queue
[2025-03-17T23:32:22.882+0000] {logging_mixin.py:190} INFO - [2025-03-17T23:32:22.881+0000] {dagbag.py:588} INFO - Filling up the DagBag from /home/airflow/.local/lib/python3.12/site-packages/airflow/example_dags/example_bash_operator.py
[2025-03-17T23:32:22.888+0000] {processor.py:925} INFO - DAG(s) 'example_bash_operator' retrieved from /home/airflow/.local/lib/python3.12/site-packages/airflow/example_dags/example_bash_operator.py
[2025-03-17T23:32:22.903+0000] {logging_mixin.py:190} INFO - [2025-03-17T23:32:22.903+0000] {dag.py:3239} INFO - Sync 1 DAGs
[2025-03-17T23:32:22.914+0000] {logging_mixin.py:190} INFO - [2025-03-17T23:32:22.914+0000] {dag.py:4180} INFO - Setting next_dagrun for example_bash_operator to 2025-03-16 00:00:00+00:00, run_after=2025-03-17 00:00:00+00:00
[2025-03-17T23:32:22.922+0000] {processor.py:208} INFO - Processing /home/airflow/.local/lib/python3.12/site-packages/airflow/example_dags/example_bash_operator.py took 0.045 seconds
[2025-03-17T23:32:53.566+0000] {processor.py:186} INFO - Started process (PID=6773) to work on /home/airflow/.local/lib/python3.12/site-packages/airflow/example_dags/example_bash_operator.py
[2025-03-17T23:32:53.567+0000] {processor.py:914} INFO - Processing file /home/airflow/.local/lib/python3.12/site-packages/airflow/example_dags/example_bash_operator.py for tasks to queue
[2025-03-17T23:32:53.568+0000] {logging_mixin.py:190} INFO - [2025-03-17T23:32:53.568+0000] {dagbag.py:588} INFO - Filling up the DagBag from /home/airflow/.local/lib/python3.12/site-packages/airflow/example_dags/example_bash_operator.py
[2025-03-17T23:32:53.574+0000] {processor.py:925} INFO - DAG(s) 'example_bash_operator' retrieved from /home/airflow/.local/lib/python3.12/site-packages/airflow/example_dags/example_bash_operator.py
[2025-03-17T23:32:53.586+0000] {logging_mixin.py:190} INFO - [2025-03-17T23:32:53.586+0000] {dag.py:3239} INFO - Sync 1 DAGs
[2025-03-17T23:32:53.597+0000] {logging_mixin.py:190} INFO - [2025-03-17T23:32:53.597+0000] {dag.py:4180} INFO - Setting next_dagrun for example_bash_operator to 2025-03-16 00:00:00+00:00, run_after=2025-03-17 00:00:00+00:00
[2025-03-17T23:32:53.605+0000] {processor.py:208} INFO - Processing /home/airflow/.local/lib/python3.12/site-packages/airflow/example_dags/example_bash_operator.py took 0.042 seconds
[2025-03-17T23:33:24.241+0000] {processor.py:186} INFO - Started process (PID=7064) to work on /home/airflow/.local/lib/python3.12/site-packages/airflow/example_dags/example_bash_operator.py
[2025-03-17T23:33:24.242+0000] {processor.py:914} INFO - Processing file /home/airflow/.local/lib/python3.12/site-packages/airflow/example_dags/example_bash_operator.py for tasks to queue
[2025-03-17T23:33:24.243+0000] {logging_mixin.py:190} INFO - [2025-03-17T23:33:24.243+0000] {dagbag.py:588} INFO - Filling up the DagBag from /home/airflow/.local/lib/python3.12/site-packages/airflow/example_dags/example_bash_operator.py
[2025-03-17T23:33:24.249+0000] {processor.py:925} INFO - DAG(s) 'example_bash_operator' retrieved from /home/airflow/.local/lib/python3.12/site-packages/airflow/example_dags/example_bash_operator.py
[2025-03-17T23:33:24.262+0000] {logging_mixin.py:190} INFO - [2025-03-17T23:33:24.262+0000] {dag.py:3239} INFO - Sync 1 DAGs
[2025-03-17T23:33:24.274+0000] {logging_mixin.py:190} INFO - [2025-03-17T23:33:24.274+0000] {dag.py:4180} INFO - Setting next_dagrun for example_bash_operator to 2025-03-16 00:00:00+00:00, run_after=2025-03-17 00:00:00+00:00
[2025-03-17T23:33:24.282+0000] {processor.py:208} INFO - Processing /home/airflow/.local/lib/python3.12/site-packages/airflow/example_dags/example_bash_operator.py took 0.044 seconds
[2025-03-17T23:33:55.338+0000] {processor.py:186} INFO - Started process (PID=7360) to work on /home/airflow/.local/lib/python3.12/site-packages/airflow/example_dags/example_bash_operator.py
[2025-03-17T23:33:55.339+0000] {processor.py:914} INFO - Processing file /home/airflow/.local/lib/python3.12/site-packages/airflow/example_dags/example_bash_operator.py for tasks to queue
[2025-03-17T23:33:55.340+0000] {logging_mixin.py:190} INFO - [2025-03-17T23:33:55.340+0000] {dagbag.py:588} INFO - Filling up the DagBag from /home/airflow/.local/lib/python3.12/site-packages/airflow/example_dags/example_bash_operator.py
[2025-03-17T23:33:55.349+0000] {processor.py:925} INFO - DAG(s) 'example_bash_operator' retrieved from /home/airflow/.local/lib/python3.12/site-packages/airflow/example_dags/example_bash_operator.py
[2025-03-17T23:33:55.362+0000] {logging_mixin.py:190} INFO - [2025-03-17T23:33:55.362+0000] {dag.py:3239} INFO - Sync 1 DAGs
[2025-03-17T23:33:55.374+0000] {logging_mixin.py:190} INFO - [2025-03-17T23:33:55.374+0000] {dag.py:4180} INFO - Setting next_dagrun for example_bash_operator to 2025-03-16 00:00:00+00:00, run_after=2025-03-17 00:00:00+00:00
[2025-03-17T23:33:55.385+0000] {processor.py:208} INFO - Processing /home/airflow/.local/lib/python3.12/site-packages/airflow/example_dags/example_bash_operator.py took 0.050 seconds
[2025-03-17T23:34:26.256+0000] {processor.py:186} INFO - Started process (PID=7651) to work on /home/airflow/.local/lib/python3.12/site-packages/airflow/example_dags/example_bash_operator.py
[2025-03-17T23:34:26.257+0000] {processor.py:914} INFO - Processing file /home/airflow/.local/lib/python3.12/site-packages/airflow/example_dags/example_bash_operator.py for tasks to queue
[2025-03-17T23:34:26.259+0000] {logging_mixin.py:190} INFO - [2025-03-17T23:34:26.258+0000] {dagbag.py:588} INFO - Filling up the DagBag from /home/airflow/.local/lib/python3.12/site-packages/airflow/example_dags/example_bash_operator.py
[2025-03-17T23:34:26.266+0000] {processor.py:925} INFO - DAG(s) 'example_bash_operator' retrieved from /home/airflow/.local/lib/python3.12/site-packages/airflow/example_dags/example_bash_operator.py
[2025-03-17T23:34:26.280+0000] {logging_mixin.py:190} INFO - [2025-03-17T23:34:26.280+0000] {dag.py:3239} INFO - Sync 1 DAGs
[2025-03-17T23:34:26.293+0000] {logging_mixin.py:190} INFO - [2025-03-17T23:34:26.293+0000] {dag.py:4180} INFO - Setting next_dagrun for example_bash_operator to 2025-03-16 00:00:00+00:00, run_after=2025-03-17 00:00:00+00:00
[2025-03-17T23:34:26.301+0000] {processor.py:208} INFO - Processing /home/airflow/.local/lib/python3.12/site-packages/airflow/example_dags/example_bash_operator.py took 0.048 seconds
[2025-03-17T23:34:57.451+0000] {processor.py:186} INFO - Started process (PID=7981) to work on /home/airflow/.local/lib/python3.12/site-packages/airflow/example_dags/example_bash_operator.py
[2025-03-17T23:34:57.452+0000] {processor.py:914} INFO - Processing file /home/airflow/.local/lib/python3.12/site-packages/airflow/example_dags/example_bash_operator.py for tasks to queue
[2025-03-17T23:34:57.453+0000] {logging_mixin.py:190} INFO - [2025-03-17T23:34:57.453+0000] {dagbag.py:588} INFO - Filling up the DagBag from /home/airflow/.local/lib/python3.12/site-packages/airflow/example_dags/example_bash_operator.py
[2025-03-17T23:34:57.461+0000] {processor.py:925} INFO - DAG(s) 'example_bash_operator' retrieved from /home/airflow/.local/lib/python3.12/site-packages/airflow/example_dags/example_bash_operator.py
[2025-03-17T23:34:57.475+0000] {logging_mixin.py:190} INFO - [2025-03-17T23:34:57.475+0000] {dag.py:3239} INFO - Sync 1 DAGs
[2025-03-17T23:34:57.487+0000] {logging_mixin.py:190} INFO - [2025-03-17T23:34:57.487+0000] {dag.py:4180} INFO - Setting next_dagrun for example_bash_operator to 2025-03-16 00:00:00+00:00, run_after=2025-03-17 00:00:00+00:00
[2025-03-17T23:34:57.495+0000] {processor.py:208} INFO - Processing /home/airflow/.local/lib/python3.12/site-packages/airflow/example_dags/example_bash_operator.py took 0.046 seconds
[2025-03-17T23:35:28.340+0000] {processor.py:186} INFO - Started process (PID=8272) to work on /home/airflow/.local/lib/python3.12/site-packages/airflow/example_dags/example_bash_operator.py
[2025-03-17T23:35:28.341+0000] {processor.py:914} INFO - Processing file /home/airflow/.local/lib/python3.12/site-packages/airflow/example_dags/example_bash_operator.py for tasks to queue
[2025-03-17T23:35:28.342+0000] {logging_mixin.py:190} INFO - [2025-03-17T23:35:28.342+0000] {dagbag.py:588} INFO - Filling up the DagBag from /home/airflow/.local/lib/python3.12/site-packages/airflow/example_dags/example_bash_operator.py
[2025-03-17T23:35:28.349+0000] {processor.py:925} INFO - DAG(s) 'example_bash_operator' retrieved from /home/airflow/.local/lib/python3.12/site-packages/airflow/example_dags/example_bash_operator.py
[2025-03-17T23:35:28.363+0000] {logging_mixin.py:190} INFO - [2025-03-17T23:35:28.362+0000] {dag.py:3239} INFO - Sync 1 DAGs
[2025-03-17T23:35:28.376+0000] {logging_mixin.py:190} INFO - [2025-03-17T23:35:28.376+0000] {dag.py:4180} INFO - Setting next_dagrun for example_bash_operator to 2025-03-16 00:00:00+00:00, run_after=2025-03-17 00:00:00+00:00
[2025-03-17T23:35:28.383+0000] {processor.py:208} INFO - Processing /home/airflow/.local/lib/python3.12/site-packages/airflow/example_dags/example_bash_operator.py took 0.047 seconds
[2025-03-17T23:35:59.538+0000] {processor.py:186} INFO - Started process (PID=8563) to work on /home/airflow/.local/lib/python3.12/site-packages/airflow/example_dags/example_bash_operator.py
[2025-03-17T23:35:59.539+0000] {processor.py:914} INFO - Processing file /home/airflow/.local/lib/python3.12/site-packages/airflow/example_dags/example_bash_operator.py for tasks to queue
[2025-03-17T23:35:59.541+0000] {logging_mixin.py:190} INFO - [2025-03-17T23:35:59.541+0000] {dagbag.py:588} INFO - Filling up the DagBag from /home/airflow/.local/lib/python3.12/site-packages/airflow/example_dags/example_bash_operator.py
[2025-03-17T23:35:59.557+0000] {processor.py:925} INFO - DAG(s) 'example_bash_operator' retrieved from /home/airflow/.local/lib/python3.12/site-packages/airflow/example_dags/example_bash_operator.py
[2025-03-17T23:35:59.579+0000] {logging_mixin.py:190} INFO - [2025-03-17T23:35:59.578+0000] {dag.py:3239} INFO - Sync 1 DAGs
[2025-03-17T23:35:59.595+0000] {logging_mixin.py:190} INFO - [2025-03-17T23:35:59.595+0000] {dag.py:4180} INFO - Setting next_dagrun for example_bash_operator to 2025-03-16 00:00:00+00:00, run_after=2025-03-17 00:00:00+00:00
[2025-03-17T23:35:59.607+0000] {processor.py:208} INFO - Processing /home/airflow/.local/lib/python3.12/site-packages/airflow/example_dags/example_bash_operator.py took 0.076 seconds
[2025-03-17T23:36:30.789+0000] {processor.py:186} INFO - Started process (PID=8854) to work on /home/airflow/.local/lib/python3.12/site-packages/airflow/example_dags/example_bash_operator.py
[2025-03-17T23:36:30.790+0000] {processor.py:914} INFO - Processing file /home/airflow/.local/lib/python3.12/site-packages/airflow/example_dags/example_bash_operator.py for tasks to queue
[2025-03-17T23:36:30.791+0000] {logging_mixin.py:190} INFO - [2025-03-17T23:36:30.791+0000] {dagbag.py:588} INFO - Filling up the DagBag from /home/airflow/.local/lib/python3.12/site-packages/airflow/example_dags/example_bash_operator.py
[2025-03-17T23:36:30.797+0000] {processor.py:925} INFO - DAG(s) 'example_bash_operator' retrieved from /home/airflow/.local/lib/python3.12/site-packages/airflow/example_dags/example_bash_operator.py
[2025-03-17T23:36:30.810+0000] {logging_mixin.py:190} INFO - [2025-03-17T23:36:30.810+0000] {dag.py:3239} INFO - Sync 1 DAGs
[2025-03-17T23:36:30.824+0000] {logging_mixin.py:190} INFO - [2025-03-17T23:36:30.824+0000] {dag.py:4180} INFO - Setting next_dagrun for example_bash_operator to 2025-03-16 00:00:00+00:00, run_after=2025-03-17 00:00:00+00:00
[2025-03-17T23:36:30.834+0000] {processor.py:208} INFO - Processing /home/airflow/.local/lib/python3.12/site-packages/airflow/example_dags/example_bash_operator.py took 0.048 seconds
[2025-03-17T23:37:02.190+0000] {processor.py:186} INFO - Started process (PID=9145) to work on /home/airflow/.local/lib/python3.12/site-packages/airflow/example_dags/example_bash_operator.py
[2025-03-17T23:37:02.191+0000] {processor.py:914} INFO - Processing file /home/airflow/.local/lib/python3.12/site-packages/airflow/example_dags/example_bash_operator.py for tasks to queue
[2025-03-17T23:37:02.192+0000] {logging_mixin.py:190} INFO - [2025-03-17T23:37:02.192+0000] {dagbag.py:588} INFO - Filling up the DagBag from /home/airflow/.local/lib/python3.12/site-packages/airflow/example_dags/example_bash_operator.py
[2025-03-17T23:37:02.198+0000] {processor.py:925} INFO - DAG(s) 'example_bash_operator' retrieved from /home/airflow/.local/lib/python3.12/site-packages/airflow/example_dags/example_bash_operator.py
[2025-03-17T23:37:02.210+0000] {logging_mixin.py:190} INFO - [2025-03-17T23:37:02.210+0000] {dag.py:3239} INFO - Sync 1 DAGs
[2025-03-17T23:37:02.223+0000] {logging_mixin.py:190} INFO - [2025-03-17T23:37:02.222+0000] {dag.py:4180} INFO - Setting next_dagrun for example_bash_operator to 2025-03-16 00:00:00+00:00, run_after=2025-03-17 00:00:00+00:00
[2025-03-17T23:37:02.231+0000] {processor.py:208} INFO - Processing /home/airflow/.local/lib/python3.12/site-packages/airflow/example_dags/example_bash_operator.py took 0.044 seconds
[2025-03-17T23:37:33.697+0000] {processor.py:186} INFO - Started process (PID=9437) to work on /home/airflow/.local/lib/python3.12/site-packages/airflow/example_dags/example_bash_operator.py
[2025-03-17T23:37:33.698+0000] {processor.py:914} INFO - Processing file /home/airflow/.local/lib/python3.12/site-packages/airflow/example_dags/example_bash_operator.py for tasks to queue
[2025-03-17T23:37:33.700+0000] {logging_mixin.py:190} INFO - [2025-03-17T23:37:33.699+0000] {dagbag.py:588} INFO - Filling up the DagBag from /home/airflow/.local/lib/python3.12/site-packages/airflow/example_dags/example_bash_operator.py
[2025-03-17T23:37:33.708+0000] {processor.py:925} INFO - DAG(s) 'example_bash_operator' retrieved from /home/airflow/.local/lib/python3.12/site-packages/airflow/example_dags/example_bash_operator.py
[2025-03-17T23:37:33.724+0000] {logging_mixin.py:190} INFO - [2025-03-17T23:37:33.724+0000] {dag.py:3239} INFO - Sync 1 DAGs
[2025-03-17T23:37:33.735+0000] {logging_mixin.py:190} INFO - [2025-03-17T23:37:33.735+0000] {dag.py:4180} INFO - Setting next_dagrun for example_bash_operator to 2025-03-16 00:00:00+00:00, run_after=2025-03-17 00:00:00+00:00
[2025-03-17T23:37:33.745+0000] {processor.py:208} INFO - Processing /home/airflow/.local/lib/python3.12/site-packages/airflow/example_dags/example_bash_operator.py took 0.051 seconds
