[2025-03-17T23:21:36.564+0000] {processor.py:186} INFO - Started process (PID=392) to work on /home/airflow/.local/lib/python3.12/site-packages/airflow/example_dags/example_setup_teardown.py
[2025-03-17T23:21:36.565+0000] {processor.py:914} INFO - Processing file /home/airflow/.local/lib/python3.12/site-packages/airflow/example_dags/example_setup_teardown.py for tasks to queue
[2025-03-17T23:21:36.567+0000] {logging_mixin.py:190} INFO - [2025-03-17T23:21:36.566+0000] {dagbag.py:588} INFO - Filling up the DagBag from /home/airflow/.local/lib/python3.12/site-packages/airflow/example_dags/example_setup_teardown.py
[2025-03-17T23:21:36.575+0000] {processor.py:925} INFO - DAG(s) 'example_setup_teardown' retrieved from /home/airflow/.local/lib/python3.12/site-packages/airflow/example_dags/example_setup_teardown.py
[2025-03-17T23:21:36.649+0000] {logging_mixin.py:190} INFO - [2025-03-17T23:21:36.648+0000] {override.py:1912} INFO - Created Permission View: can edit on DAG:example_setup_teardown
[2025-03-17T23:21:36.654+0000] {logging_mixin.py:190} INFO - [2025-03-17T23:21:36.653+0000] {override.py:1912} INFO - Created Permission View: can read on DAG:example_setup_teardown
[2025-03-17T23:21:36.656+0000] {logging_mixin.py:190} INFO - [2025-03-17T23:21:36.656+0000] {override.py:1912} INFO - Created Permission View: can delete on DAG:example_setup_teardown
[2025-03-17T23:21:36.659+0000] {logging_mixin.py:190} INFO - [2025-03-17T23:21:36.659+0000] {override.py:1912} INFO - Created Permission View: can create on DAG Run:example_setup_teardown
[2025-03-17T23:21:36.661+0000] {logging_mixin.py:190} INFO - [2025-03-17T23:21:36.661+0000] {override.py:1912} INFO - Created Permission View: menu access on DAG Run:example_setup_teardown
[2025-03-17T23:21:36.663+0000] {logging_mixin.py:190} INFO - [2025-03-17T23:21:36.663+0000] {override.py:1912} INFO - Created Permission View: can read on DAG Run:example_setup_teardown
[2025-03-17T23:21:36.665+0000] {logging_mixin.py:190} INFO - [2025-03-17T23:21:36.664+0000] {override.py:1912} INFO - Created Permission View: can delete on DAG Run:example_setup_teardown
[2025-03-17T23:21:36.665+0000] {logging_mixin.py:190} INFO - [2025-03-17T23:21:36.665+0000] {dag.py:3239} INFO - Sync 1 DAGs
[2025-03-17T23:21:36.671+0000] {logging_mixin.py:190} INFO - [2025-03-17T23:21:36.670+0000] {dag.py:3262} INFO - Creating ORM DAG for example_setup_teardown
[2025-03-17T23:21:36.671+0000] {logging_mixin.py:190} INFO - [2025-03-17T23:21:36.671+0000] {dag.py:4180} INFO - Setting next_dagrun for example_setup_teardown to None, run_after=None
[2025-03-17T23:21:36.678+0000] {processor.py:208} INFO - Processing /home/airflow/.local/lib/python3.12/site-packages/airflow/example_dags/example_setup_teardown.py took 0.119 seconds
[2025-03-17T23:22:06.823+0000] {processor.py:186} INFO - Started process (PID=683) to work on /home/airflow/.local/lib/python3.12/site-packages/airflow/example_dags/example_setup_teardown.py
[2025-03-17T23:22:06.824+0000] {processor.py:914} INFO - Processing file /home/airflow/.local/lib/python3.12/site-packages/airflow/example_dags/example_setup_teardown.py for tasks to queue
[2025-03-17T23:22:06.825+0000] {logging_mixin.py:190} INFO - [2025-03-17T23:22:06.825+0000] {dagbag.py:588} INFO - Filling up the DagBag from /home/airflow/.local/lib/python3.12/site-packages/airflow/example_dags/example_setup_teardown.py
[2025-03-17T23:22:06.829+0000] {processor.py:925} INFO - DAG(s) 'example_setup_teardown' retrieved from /home/airflow/.local/lib/python3.12/site-packages/airflow/example_dags/example_setup_teardown.py
[2025-03-17T23:22:06.840+0000] {logging_mixin.py:190} INFO - [2025-03-17T23:22:06.840+0000] {dag.py:3239} INFO - Sync 1 DAGs
[2025-03-17T23:22:06.849+0000] {logging_mixin.py:190} INFO - [2025-03-17T23:22:06.849+0000] {dag.py:4180} INFO - Setting next_dagrun for example_setup_teardown to None, run_after=None
[2025-03-17T23:22:06.858+0000] {processor.py:208} INFO - Processing /home/airflow/.local/lib/python3.12/site-packages/airflow/example_dags/example_setup_teardown.py took 0.037 seconds
[2025-03-17T23:22:36.889+0000] {processor.py:186} INFO - Started process (PID=974) to work on /home/airflow/.local/lib/python3.12/site-packages/airflow/example_dags/example_setup_teardown.py
[2025-03-17T23:22:36.890+0000] {processor.py:914} INFO - Processing file /home/airflow/.local/lib/python3.12/site-packages/airflow/example_dags/example_setup_teardown.py for tasks to queue
[2025-03-17T23:22:36.891+0000] {logging_mixin.py:190} INFO - [2025-03-17T23:22:36.891+0000] {dagbag.py:588} INFO - Filling up the DagBag from /home/airflow/.local/lib/python3.12/site-packages/airflow/example_dags/example_setup_teardown.py
[2025-03-17T23:22:36.896+0000] {processor.py:925} INFO - DAG(s) 'example_setup_teardown' retrieved from /home/airflow/.local/lib/python3.12/site-packages/airflow/example_dags/example_setup_teardown.py
[2025-03-17T23:22:36.910+0000] {logging_mixin.py:190} INFO - [2025-03-17T23:22:36.910+0000] {dag.py:3239} INFO - Sync 1 DAGs
[2025-03-17T23:22:36.918+0000] {logging_mixin.py:190} INFO - [2025-03-17T23:22:36.918+0000] {dag.py:4180} INFO - Setting next_dagrun for example_setup_teardown to None, run_after=None
[2025-03-17T23:22:36.930+0000] {processor.py:208} INFO - Processing /home/airflow/.local/lib/python3.12/site-packages/airflow/example_dags/example_setup_teardown.py took 0.045 seconds
[2025-03-17T23:23:07.754+0000] {processor.py:186} INFO - Started process (PID=1265) to work on /home/airflow/.local/lib/python3.12/site-packages/airflow/example_dags/example_setup_teardown.py
[2025-03-17T23:23:07.756+0000] {processor.py:914} INFO - Processing file /home/airflow/.local/lib/python3.12/site-packages/airflow/example_dags/example_setup_teardown.py for tasks to queue
[2025-03-17T23:23:07.758+0000] {logging_mixin.py:190} INFO - [2025-03-17T23:23:07.758+0000] {dagbag.py:588} INFO - Filling up the DagBag from /home/airflow/.local/lib/python3.12/site-packages/airflow/example_dags/example_setup_teardown.py
[2025-03-17T23:23:07.765+0000] {processor.py:925} INFO - DAG(s) 'example_setup_teardown' retrieved from /home/airflow/.local/lib/python3.12/site-packages/airflow/example_dags/example_setup_teardown.py
[2025-03-17T23:23:07.775+0000] {logging_mixin.py:190} INFO - [2025-03-17T23:23:07.775+0000] {dag.py:3239} INFO - Sync 1 DAGs
[2025-03-17T23:23:07.782+0000] {logging_mixin.py:190} INFO - [2025-03-17T23:23:07.782+0000] {dag.py:4180} INFO - Setting next_dagrun for example_setup_teardown to None, run_after=None
[2025-03-17T23:23:07.792+0000] {processor.py:208} INFO - Processing /home/airflow/.local/lib/python3.12/site-packages/airflow/example_dags/example_setup_teardown.py took 0.041 seconds
[2025-03-17T23:23:38.969+0000] {processor.py:186} INFO - Started process (PID=1556) to work on /home/airflow/.local/lib/python3.12/site-packages/airflow/example_dags/example_setup_teardown.py
[2025-03-17T23:23:38.970+0000] {processor.py:914} INFO - Processing file /home/airflow/.local/lib/python3.12/site-packages/airflow/example_dags/example_setup_teardown.py for tasks to queue
[2025-03-17T23:23:38.972+0000] {logging_mixin.py:190} INFO - [2025-03-17T23:23:38.971+0000] {dagbag.py:588} INFO - Filling up the DagBag from /home/airflow/.local/lib/python3.12/site-packages/airflow/example_dags/example_setup_teardown.py
[2025-03-17T23:23:38.976+0000] {processor.py:925} INFO - DAG(s) 'example_setup_teardown' retrieved from /home/airflow/.local/lib/python3.12/site-packages/airflow/example_dags/example_setup_teardown.py
[2025-03-17T23:23:38.986+0000] {logging_mixin.py:190} INFO - [2025-03-17T23:23:38.986+0000] {dag.py:3239} INFO - Sync 1 DAGs
[2025-03-17T23:23:38.994+0000] {logging_mixin.py:190} INFO - [2025-03-17T23:23:38.994+0000] {dag.py:4180} INFO - Setting next_dagrun for example_setup_teardown to None, run_after=None
[2025-03-17T23:23:39.003+0000] {processor.py:208} INFO - Processing /home/airflow/.local/lib/python3.12/site-packages/airflow/example_dags/example_setup_teardown.py took 0.037 seconds
[2025-03-17T23:24:09.945+0000] {processor.py:186} INFO - Started process (PID=1847) to work on /home/airflow/.local/lib/python3.12/site-packages/airflow/example_dags/example_setup_teardown.py
[2025-03-17T23:24:09.946+0000] {processor.py:914} INFO - Processing file /home/airflow/.local/lib/python3.12/site-packages/airflow/example_dags/example_setup_teardown.py for tasks to queue
[2025-03-17T23:24:09.947+0000] {logging_mixin.py:190} INFO - [2025-03-17T23:24:09.947+0000] {dagbag.py:588} INFO - Filling up the DagBag from /home/airflow/.local/lib/python3.12/site-packages/airflow/example_dags/example_setup_teardown.py
[2025-03-17T23:24:09.951+0000] {processor.py:925} INFO - DAG(s) 'example_setup_teardown' retrieved from /home/airflow/.local/lib/python3.12/site-packages/airflow/example_dags/example_setup_teardown.py
[2025-03-17T23:24:09.963+0000] {logging_mixin.py:190} INFO - [2025-03-17T23:24:09.963+0000] {dag.py:3239} INFO - Sync 1 DAGs
[2025-03-17T23:24:09.970+0000] {logging_mixin.py:190} INFO - [2025-03-17T23:24:09.970+0000] {dag.py:4180} INFO - Setting next_dagrun for example_setup_teardown to None, run_after=None
[2025-03-17T23:24:09.978+0000] {processor.py:208} INFO - Processing /home/airflow/.local/lib/python3.12/site-packages/airflow/example_dags/example_setup_teardown.py took 0.036 seconds
[2025-03-17T23:24:41.315+0000] {processor.py:186} INFO - Started process (PID=2137) to work on /home/airflow/.local/lib/python3.12/site-packages/airflow/example_dags/example_setup_teardown.py
[2025-03-17T23:24:41.316+0000] {processor.py:914} INFO - Processing file /home/airflow/.local/lib/python3.12/site-packages/airflow/example_dags/example_setup_teardown.py for tasks to queue
[2025-03-17T23:24:41.317+0000] {logging_mixin.py:190} INFO - [2025-03-17T23:24:41.317+0000] {dagbag.py:588} INFO - Filling up the DagBag from /home/airflow/.local/lib/python3.12/site-packages/airflow/example_dags/example_setup_teardown.py
[2025-03-17T23:24:41.322+0000] {processor.py:925} INFO - DAG(s) 'example_setup_teardown' retrieved from /home/airflow/.local/lib/python3.12/site-packages/airflow/example_dags/example_setup_teardown.py
[2025-03-17T23:24:41.333+0000] {logging_mixin.py:190} INFO - [2025-03-17T23:24:41.333+0000] {dag.py:3239} INFO - Sync 1 DAGs
[2025-03-17T23:24:41.340+0000] {logging_mixin.py:190} INFO - [2025-03-17T23:24:41.340+0000] {dag.py:4180} INFO - Setting next_dagrun for example_setup_teardown to None, run_after=None
[2025-03-17T23:24:41.348+0000] {processor.py:208} INFO - Processing /home/airflow/.local/lib/python3.12/site-packages/airflow/example_dags/example_setup_teardown.py took 0.036 seconds
[2025-03-17T23:25:13.035+0000] {processor.py:186} INFO - Started process (PID=2428) to work on /home/airflow/.local/lib/python3.12/site-packages/airflow/example_dags/example_setup_teardown.py
[2025-03-17T23:25:13.036+0000] {processor.py:914} INFO - Processing file /home/airflow/.local/lib/python3.12/site-packages/airflow/example_dags/example_setup_teardown.py for tasks to queue
[2025-03-17T23:25:13.037+0000] {logging_mixin.py:190} INFO - [2025-03-17T23:25:13.037+0000] {dagbag.py:588} INFO - Filling up the DagBag from /home/airflow/.local/lib/python3.12/site-packages/airflow/example_dags/example_setup_teardown.py
[2025-03-17T23:25:13.043+0000] {processor.py:925} INFO - DAG(s) 'example_setup_teardown' retrieved from /home/airflow/.local/lib/python3.12/site-packages/airflow/example_dags/example_setup_teardown.py
[2025-03-17T23:25:13.053+0000] {logging_mixin.py:190} INFO - [2025-03-17T23:25:13.053+0000] {dag.py:3239} INFO - Sync 1 DAGs
[2025-03-17T23:25:13.060+0000] {logging_mixin.py:190} INFO - [2025-03-17T23:25:13.060+0000] {dag.py:4180} INFO - Setting next_dagrun for example_setup_teardown to None, run_after=None
[2025-03-17T23:25:13.068+0000] {processor.py:208} INFO - Processing /home/airflow/.local/lib/python3.12/site-packages/airflow/example_dags/example_setup_teardown.py took 0.040 seconds
[2025-03-17T23:25:43.897+0000] {processor.py:186} INFO - Started process (PID=2719) to work on /home/airflow/.local/lib/python3.12/site-packages/airflow/example_dags/example_setup_teardown.py
[2025-03-17T23:25:43.898+0000] {processor.py:914} INFO - Processing file /home/airflow/.local/lib/python3.12/site-packages/airflow/example_dags/example_setup_teardown.py for tasks to queue
[2025-03-17T23:25:43.899+0000] {logging_mixin.py:190} INFO - [2025-03-17T23:25:43.899+0000] {dagbag.py:588} INFO - Filling up the DagBag from /home/airflow/.local/lib/python3.12/site-packages/airflow/example_dags/example_setup_teardown.py
[2025-03-17T23:25:43.904+0000] {processor.py:925} INFO - DAG(s) 'example_setup_teardown' retrieved from /home/airflow/.local/lib/python3.12/site-packages/airflow/example_dags/example_setup_teardown.py
[2025-03-17T23:25:43.915+0000] {logging_mixin.py:190} INFO - [2025-03-17T23:25:43.915+0000] {dag.py:3239} INFO - Sync 1 DAGs
[2025-03-17T23:25:43.925+0000] {logging_mixin.py:190} INFO - [2025-03-17T23:25:43.924+0000] {dag.py:4180} INFO - Setting next_dagrun for example_setup_teardown to None, run_after=None
[2025-03-17T23:25:43.933+0000] {processor.py:208} INFO - Processing /home/airflow/.local/lib/python3.12/site-packages/airflow/example_dags/example_setup_teardown.py took 0.041 seconds
[2025-03-17T23:26:14.832+0000] {processor.py:186} INFO - Started process (PID=3010) to work on /home/airflow/.local/lib/python3.12/site-packages/airflow/example_dags/example_setup_teardown.py
[2025-03-17T23:26:14.832+0000] {processor.py:914} INFO - Processing file /home/airflow/.local/lib/python3.12/site-packages/airflow/example_dags/example_setup_teardown.py for tasks to queue
[2025-03-17T23:26:14.834+0000] {logging_mixin.py:190} INFO - [2025-03-17T23:26:14.834+0000] {dagbag.py:588} INFO - Filling up the DagBag from /home/airflow/.local/lib/python3.12/site-packages/airflow/example_dags/example_setup_teardown.py
[2025-03-17T23:26:14.839+0000] {processor.py:925} INFO - DAG(s) 'example_setup_teardown' retrieved from /home/airflow/.local/lib/python3.12/site-packages/airflow/example_dags/example_setup_teardown.py
[2025-03-17T23:26:14.848+0000] {logging_mixin.py:190} INFO - [2025-03-17T23:26:14.848+0000] {dag.py:3239} INFO - Sync 1 DAGs
[2025-03-17T23:26:14.855+0000] {logging_mixin.py:190} INFO - [2025-03-17T23:26:14.855+0000] {dag.py:4180} INFO - Setting next_dagrun for example_setup_teardown to None, run_after=None
[2025-03-17T23:26:14.863+0000] {processor.py:208} INFO - Processing /home/airflow/.local/lib/python3.12/site-packages/airflow/example_dags/example_setup_teardown.py took 0.034 seconds
[2025-03-17T23:26:45.723+0000] {processor.py:186} INFO - Started process (PID=3303) to work on /home/airflow/.local/lib/python3.12/site-packages/airflow/example_dags/example_setup_teardown.py
[2025-03-17T23:26:45.724+0000] {processor.py:914} INFO - Processing file /home/airflow/.local/lib/python3.12/site-packages/airflow/example_dags/example_setup_teardown.py for tasks to queue
[2025-03-17T23:26:45.725+0000] {logging_mixin.py:190} INFO - [2025-03-17T23:26:45.725+0000] {dagbag.py:588} INFO - Filling up the DagBag from /home/airflow/.local/lib/python3.12/site-packages/airflow/example_dags/example_setup_teardown.py
[2025-03-17T23:26:45.729+0000] {processor.py:925} INFO - DAG(s) 'example_setup_teardown' retrieved from /home/airflow/.local/lib/python3.12/site-packages/airflow/example_dags/example_setup_teardown.py
[2025-03-17T23:26:45.742+0000] {logging_mixin.py:190} INFO - [2025-03-17T23:26:45.742+0000] {dag.py:3239} INFO - Sync 1 DAGs
[2025-03-17T23:26:45.749+0000] {logging_mixin.py:190} INFO - [2025-03-17T23:26:45.749+0000] {dag.py:4180} INFO - Setting next_dagrun for example_setup_teardown to None, run_after=None
[2025-03-17T23:26:45.759+0000] {processor.py:208} INFO - Processing /home/airflow/.local/lib/python3.12/site-packages/airflow/example_dags/example_setup_teardown.py took 0.039 seconds
[2025-03-17T23:27:16.706+0000] {processor.py:186} INFO - Started process (PID=3592) to work on /home/airflow/.local/lib/python3.12/site-packages/airflow/example_dags/example_setup_teardown.py
[2025-03-17T23:27:16.706+0000] {processor.py:914} INFO - Processing file /home/airflow/.local/lib/python3.12/site-packages/airflow/example_dags/example_setup_teardown.py for tasks to queue
[2025-03-17T23:27:16.708+0000] {logging_mixin.py:190} INFO - [2025-03-17T23:27:16.707+0000] {dagbag.py:588} INFO - Filling up the DagBag from /home/airflow/.local/lib/python3.12/site-packages/airflow/example_dags/example_setup_teardown.py
[2025-03-17T23:27:16.712+0000] {processor.py:925} INFO - DAG(s) 'example_setup_teardown' retrieved from /home/airflow/.local/lib/python3.12/site-packages/airflow/example_dags/example_setup_teardown.py
[2025-03-17T23:27:16.724+0000] {logging_mixin.py:190} INFO - [2025-03-17T23:27:16.724+0000] {dag.py:3239} INFO - Sync 1 DAGs
[2025-03-17T23:27:16.732+0000] {logging_mixin.py:190} INFO - [2025-03-17T23:27:16.732+0000] {dag.py:4180} INFO - Setting next_dagrun for example_setup_teardown to None, run_after=None
[2025-03-17T23:27:16.743+0000] {processor.py:208} INFO - Processing /home/airflow/.local/lib/python3.12/site-packages/airflow/example_dags/example_setup_teardown.py took 0.040 seconds
[2025-03-17T23:27:47.992+0000] {processor.py:186} INFO - Started process (PID=3885) to work on /home/airflow/.local/lib/python3.12/site-packages/airflow/example_dags/example_setup_teardown.py
[2025-03-17T23:27:47.992+0000] {processor.py:914} INFO - Processing file /home/airflow/.local/lib/python3.12/site-packages/airflow/example_dags/example_setup_teardown.py for tasks to queue
[2025-03-17T23:27:47.994+0000] {logging_mixin.py:190} INFO - [2025-03-17T23:27:47.993+0000] {dagbag.py:588} INFO - Filling up the DagBag from /home/airflow/.local/lib/python3.12/site-packages/airflow/example_dags/example_setup_teardown.py
[2025-03-17T23:27:47.999+0000] {processor.py:925} INFO - DAG(s) 'example_setup_teardown' retrieved from /home/airflow/.local/lib/python3.12/site-packages/airflow/example_dags/example_setup_teardown.py
[2025-03-17T23:27:48.013+0000] {logging_mixin.py:190} INFO - [2025-03-17T23:27:48.013+0000] {dag.py:3239} INFO - Sync 1 DAGs
[2025-03-17T23:27:48.024+0000] {logging_mixin.py:190} INFO - [2025-03-17T23:27:48.024+0000] {dag.py:4180} INFO - Setting next_dagrun for example_setup_teardown to None, run_after=None
[2025-03-17T23:27:48.036+0000] {processor.py:208} INFO - Processing /home/airflow/.local/lib/python3.12/site-packages/airflow/example_dags/example_setup_teardown.py took 0.049 seconds
[2025-03-17T23:28:18.215+0000] {processor.py:186} INFO - Started process (PID=4174) to work on /home/airflow/.local/lib/python3.12/site-packages/airflow/example_dags/example_setup_teardown.py
[2025-03-17T23:28:18.216+0000] {processor.py:914} INFO - Processing file /home/airflow/.local/lib/python3.12/site-packages/airflow/example_dags/example_setup_teardown.py for tasks to queue
[2025-03-17T23:28:18.217+0000] {logging_mixin.py:190} INFO - [2025-03-17T23:28:18.217+0000] {dagbag.py:588} INFO - Filling up the DagBag from /home/airflow/.local/lib/python3.12/site-packages/airflow/example_dags/example_setup_teardown.py
[2025-03-17T23:28:18.221+0000] {processor.py:925} INFO - DAG(s) 'example_setup_teardown' retrieved from /home/airflow/.local/lib/python3.12/site-packages/airflow/example_dags/example_setup_teardown.py
[2025-03-17T23:28:18.231+0000] {logging_mixin.py:190} INFO - [2025-03-17T23:28:18.231+0000] {dag.py:3239} INFO - Sync 1 DAGs
[2025-03-17T23:28:18.237+0000] {logging_mixin.py:190} INFO - [2025-03-17T23:28:18.237+0000] {dag.py:4180} INFO - Setting next_dagrun for example_setup_teardown to None, run_after=None
[2025-03-17T23:28:18.245+0000] {processor.py:208} INFO - Processing /home/airflow/.local/lib/python3.12/site-packages/airflow/example_dags/example_setup_teardown.py took 0.032 seconds
[2025-03-17T23:28:49.100+0000] {processor.py:186} INFO - Started process (PID=4467) to work on /home/airflow/.local/lib/python3.12/site-packages/airflow/example_dags/example_setup_teardown.py
[2025-03-17T23:28:49.101+0000] {processor.py:914} INFO - Processing file /home/airflow/.local/lib/python3.12/site-packages/airflow/example_dags/example_setup_teardown.py for tasks to queue
[2025-03-17T23:28:49.102+0000] {logging_mixin.py:190} INFO - [2025-03-17T23:28:49.102+0000] {dagbag.py:588} INFO - Filling up the DagBag from /home/airflow/.local/lib/python3.12/site-packages/airflow/example_dags/example_setup_teardown.py
[2025-03-17T23:28:49.107+0000] {processor.py:925} INFO - DAG(s) 'example_setup_teardown' retrieved from /home/airflow/.local/lib/python3.12/site-packages/airflow/example_dags/example_setup_teardown.py
[2025-03-17T23:28:49.118+0000] {logging_mixin.py:190} INFO - [2025-03-17T23:28:49.118+0000] {dag.py:3239} INFO - Sync 1 DAGs
[2025-03-17T23:28:49.125+0000] {logging_mixin.py:190} INFO - [2025-03-17T23:28:49.125+0000] {dag.py:4180} INFO - Setting next_dagrun for example_setup_teardown to None, run_after=None
[2025-03-17T23:28:49.133+0000] {processor.py:208} INFO - Processing /home/airflow/.local/lib/python3.12/site-packages/airflow/example_dags/example_setup_teardown.py took 0.035 seconds
[2025-03-17T23:29:19.720+0000] {processor.py:186} INFO - Started process (PID=4756) to work on /home/airflow/.local/lib/python3.12/site-packages/airflow/example_dags/example_setup_teardown.py
[2025-03-17T23:29:19.721+0000] {processor.py:914} INFO - Processing file /home/airflow/.local/lib/python3.12/site-packages/airflow/example_dags/example_setup_teardown.py for tasks to queue
[2025-03-17T23:29:19.722+0000] {logging_mixin.py:190} INFO - [2025-03-17T23:29:19.721+0000] {dagbag.py:588} INFO - Filling up the DagBag from /home/airflow/.local/lib/python3.12/site-packages/airflow/example_dags/example_setup_teardown.py
[2025-03-17T23:29:19.726+0000] {processor.py:925} INFO - DAG(s) 'example_setup_teardown' retrieved from /home/airflow/.local/lib/python3.12/site-packages/airflow/example_dags/example_setup_teardown.py
[2025-03-17T23:29:19.736+0000] {logging_mixin.py:190} INFO - [2025-03-17T23:29:19.736+0000] {dag.py:3239} INFO - Sync 1 DAGs
[2025-03-17T23:29:19.743+0000] {logging_mixin.py:190} INFO - [2025-03-17T23:29:19.743+0000] {dag.py:4180} INFO - Setting next_dagrun for example_setup_teardown to None, run_after=None
[2025-03-17T23:29:19.753+0000] {processor.py:208} INFO - Processing /home/airflow/.local/lib/python3.12/site-packages/airflow/example_dags/example_setup_teardown.py took 0.036 seconds
[2025-03-17T23:29:50.190+0000] {processor.py:186} INFO - Started process (PID=5047) to work on /home/airflow/.local/lib/python3.12/site-packages/airflow/example_dags/example_setup_teardown.py
[2025-03-17T23:29:50.191+0000] {processor.py:914} INFO - Processing file /home/airflow/.local/lib/python3.12/site-packages/airflow/example_dags/example_setup_teardown.py for tasks to queue
[2025-03-17T23:29:50.192+0000] {logging_mixin.py:190} INFO - [2025-03-17T23:29:50.191+0000] {dagbag.py:588} INFO - Filling up the DagBag from /home/airflow/.local/lib/python3.12/site-packages/airflow/example_dags/example_setup_teardown.py
[2025-03-17T23:29:50.196+0000] {processor.py:925} INFO - DAG(s) 'example_setup_teardown' retrieved from /home/airflow/.local/lib/python3.12/site-packages/airflow/example_dags/example_setup_teardown.py
[2025-03-17T23:29:50.205+0000] {logging_mixin.py:190} INFO - [2025-03-17T23:29:50.205+0000] {dag.py:3239} INFO - Sync 1 DAGs
[2025-03-17T23:29:50.212+0000] {logging_mixin.py:190} INFO - [2025-03-17T23:29:50.212+0000] {dag.py:4180} INFO - Setting next_dagrun for example_setup_teardown to None, run_after=None
[2025-03-17T23:29:50.222+0000] {processor.py:208} INFO - Processing /home/airflow/.local/lib/python3.12/site-packages/airflow/example_dags/example_setup_teardown.py took 0.034 seconds
[2025-03-17T23:30:20.737+0000] {processor.py:186} INFO - Started process (PID=5333) to work on /home/airflow/.local/lib/python3.12/site-packages/airflow/example_dags/example_setup_teardown.py
[2025-03-17T23:30:20.737+0000] {processor.py:914} INFO - Processing file /home/airflow/.local/lib/python3.12/site-packages/airflow/example_dags/example_setup_teardown.py for tasks to queue
[2025-03-17T23:30:20.738+0000] {logging_mixin.py:190} INFO - [2025-03-17T23:30:20.738+0000] {dagbag.py:588} INFO - Filling up the DagBag from /home/airflow/.local/lib/python3.12/site-packages/airflow/example_dags/example_setup_teardown.py
[2025-03-17T23:30:20.743+0000] {processor.py:925} INFO - DAG(s) 'example_setup_teardown' retrieved from /home/airflow/.local/lib/python3.12/site-packages/airflow/example_dags/example_setup_teardown.py
[2025-03-17T23:30:20.752+0000] {logging_mixin.py:190} INFO - [2025-03-17T23:30:20.752+0000] {dag.py:3239} INFO - Sync 1 DAGs
[2025-03-17T23:30:20.759+0000] {logging_mixin.py:190} INFO - [2025-03-17T23:30:20.759+0000] {dag.py:4180} INFO - Setting next_dagrun for example_setup_teardown to None, run_after=None
[2025-03-17T23:30:20.767+0000] {processor.py:208} INFO - Processing /home/airflow/.local/lib/python3.12/site-packages/airflow/example_dags/example_setup_teardown.py took 0.034 seconds
[2025-03-17T23:30:51.331+0000] {processor.py:186} INFO - Started process (PID=5624) to work on /home/airflow/.local/lib/python3.12/site-packages/airflow/example_dags/example_setup_teardown.py
[2025-03-17T23:30:51.332+0000] {processor.py:914} INFO - Processing file /home/airflow/.local/lib/python3.12/site-packages/airflow/example_dags/example_setup_teardown.py for tasks to queue
[2025-03-17T23:30:51.333+0000] {logging_mixin.py:190} INFO - [2025-03-17T23:30:51.333+0000] {dagbag.py:588} INFO - Filling up the DagBag from /home/airflow/.local/lib/python3.12/site-packages/airflow/example_dags/example_setup_teardown.py
[2025-03-17T23:30:51.338+0000] {processor.py:925} INFO - DAG(s) 'example_setup_teardown' retrieved from /home/airflow/.local/lib/python3.12/site-packages/airflow/example_dags/example_setup_teardown.py
[2025-03-17T23:30:51.348+0000] {logging_mixin.py:190} INFO - [2025-03-17T23:30:51.348+0000] {dag.py:3239} INFO - Sync 1 DAGs
[2025-03-17T23:30:51.355+0000] {logging_mixin.py:190} INFO - [2025-03-17T23:30:51.355+0000] {dag.py:4180} INFO - Setting next_dagrun for example_setup_teardown to None, run_after=None
[2025-03-17T23:30:51.366+0000] {processor.py:208} INFO - Processing /home/airflow/.local/lib/python3.12/site-packages/airflow/example_dags/example_setup_teardown.py took 0.037 seconds
[2025-03-17T23:31:21.875+0000] {processor.py:186} INFO - Started process (PID=5915) to work on /home/airflow/.local/lib/python3.12/site-packages/airflow/example_dags/example_setup_teardown.py
[2025-03-17T23:31:21.876+0000] {processor.py:914} INFO - Processing file /home/airflow/.local/lib/python3.12/site-packages/airflow/example_dags/example_setup_teardown.py for tasks to queue
[2025-03-17T23:31:21.878+0000] {logging_mixin.py:190} INFO - [2025-03-17T23:31:21.878+0000] {dagbag.py:588} INFO - Filling up the DagBag from /home/airflow/.local/lib/python3.12/site-packages/airflow/example_dags/example_setup_teardown.py
[2025-03-17T23:31:21.882+0000] {processor.py:925} INFO - DAG(s) 'example_setup_teardown' retrieved from /home/airflow/.local/lib/python3.12/site-packages/airflow/example_dags/example_setup_teardown.py
[2025-03-17T23:31:21.895+0000] {logging_mixin.py:190} INFO - [2025-03-17T23:31:21.895+0000] {dag.py:3239} INFO - Sync 1 DAGs
[2025-03-17T23:31:21.901+0000] {logging_mixin.py:190} INFO - [2025-03-17T23:31:21.901+0000] {dag.py:4180} INFO - Setting next_dagrun for example_setup_teardown to None, run_after=None
[2025-03-17T23:31:21.909+0000] {processor.py:208} INFO - Processing /home/airflow/.local/lib/python3.12/site-packages/airflow/example_dags/example_setup_teardown.py took 0.037 seconds
[2025-03-17T23:31:52.400+0000] {processor.py:186} INFO - Started process (PID=6206) to work on /home/airflow/.local/lib/python3.12/site-packages/airflow/example_dags/example_setup_teardown.py
[2025-03-17T23:31:52.400+0000] {processor.py:914} INFO - Processing file /home/airflow/.local/lib/python3.12/site-packages/airflow/example_dags/example_setup_teardown.py for tasks to queue
[2025-03-17T23:31:52.401+0000] {logging_mixin.py:190} INFO - [2025-03-17T23:31:52.401+0000] {dagbag.py:588} INFO - Filling up the DagBag from /home/airflow/.local/lib/python3.12/site-packages/airflow/example_dags/example_setup_teardown.py
[2025-03-17T23:31:52.405+0000] {processor.py:925} INFO - DAG(s) 'example_setup_teardown' retrieved from /home/airflow/.local/lib/python3.12/site-packages/airflow/example_dags/example_setup_teardown.py
[2025-03-17T23:31:52.415+0000] {logging_mixin.py:190} INFO - [2025-03-17T23:31:52.415+0000] {dag.py:3239} INFO - Sync 1 DAGs
[2025-03-17T23:31:52.422+0000] {logging_mixin.py:190} INFO - [2025-03-17T23:31:52.422+0000] {dag.py:4180} INFO - Setting next_dagrun for example_setup_teardown to None, run_after=None
[2025-03-17T23:31:52.432+0000] {processor.py:208} INFO - Processing /home/airflow/.local/lib/python3.12/site-packages/airflow/example_dags/example_setup_teardown.py took 0.035 seconds
[2025-03-17T23:32:22.948+0000] {processor.py:186} INFO - Started process (PID=6497) to work on /home/airflow/.local/lib/python3.12/site-packages/airflow/example_dags/example_setup_teardown.py
[2025-03-17T23:32:22.949+0000] {processor.py:914} INFO - Processing file /home/airflow/.local/lib/python3.12/site-packages/airflow/example_dags/example_setup_teardown.py for tasks to queue
[2025-03-17T23:32:22.950+0000] {logging_mixin.py:190} INFO - [2025-03-17T23:32:22.949+0000] {dagbag.py:588} INFO - Filling up the DagBag from /home/airflow/.local/lib/python3.12/site-packages/airflow/example_dags/example_setup_teardown.py
[2025-03-17T23:32:22.954+0000] {processor.py:925} INFO - DAG(s) 'example_setup_teardown' retrieved from /home/airflow/.local/lib/python3.12/site-packages/airflow/example_dags/example_setup_teardown.py
[2025-03-17T23:32:22.963+0000] {logging_mixin.py:190} INFO - [2025-03-17T23:32:22.963+0000] {dag.py:3239} INFO - Sync 1 DAGs
[2025-03-17T23:32:22.970+0000] {logging_mixin.py:190} INFO - [2025-03-17T23:32:22.970+0000] {dag.py:4180} INFO - Setting next_dagrun for example_setup_teardown to None, run_after=None
[2025-03-17T23:32:22.978+0000] {processor.py:208} INFO - Processing /home/airflow/.local/lib/python3.12/site-packages/airflow/example_dags/example_setup_teardown.py took 0.033 seconds
[2025-03-17T23:32:53.632+0000] {processor.py:186} INFO - Started process (PID=6788) to work on /home/airflow/.local/lib/python3.12/site-packages/airflow/example_dags/example_setup_teardown.py
[2025-03-17T23:32:53.634+0000] {processor.py:914} INFO - Processing file /home/airflow/.local/lib/python3.12/site-packages/airflow/example_dags/example_setup_teardown.py for tasks to queue
[2025-03-17T23:32:53.635+0000] {logging_mixin.py:190} INFO - [2025-03-17T23:32:53.635+0000] {dagbag.py:588} INFO - Filling up the DagBag from /home/airflow/.local/lib/python3.12/site-packages/airflow/example_dags/example_setup_teardown.py
[2025-03-17T23:32:53.639+0000] {processor.py:925} INFO - DAG(s) 'example_setup_teardown' retrieved from /home/airflow/.local/lib/python3.12/site-packages/airflow/example_dags/example_setup_teardown.py
[2025-03-17T23:32:53.649+0000] {logging_mixin.py:190} INFO - [2025-03-17T23:32:53.648+0000] {dag.py:3239} INFO - Sync 1 DAGs
[2025-03-17T23:32:53.655+0000] {logging_mixin.py:190} INFO - [2025-03-17T23:32:53.655+0000] {dag.py:4180} INFO - Setting next_dagrun for example_setup_teardown to None, run_after=None
[2025-03-17T23:32:53.663+0000] {processor.py:208} INFO - Processing /home/airflow/.local/lib/python3.12/site-packages/airflow/example_dags/example_setup_teardown.py took 0.034 seconds
[2025-03-17T23:33:24.324+0000] {processor.py:186} INFO - Started process (PID=7079) to work on /home/airflow/.local/lib/python3.12/site-packages/airflow/example_dags/example_setup_teardown.py
[2025-03-17T23:33:24.324+0000] {processor.py:914} INFO - Processing file /home/airflow/.local/lib/python3.12/site-packages/airflow/example_dags/example_setup_teardown.py for tasks to queue
[2025-03-17T23:33:24.326+0000] {logging_mixin.py:190} INFO - [2025-03-17T23:33:24.325+0000] {dagbag.py:588} INFO - Filling up the DagBag from /home/airflow/.local/lib/python3.12/site-packages/airflow/example_dags/example_setup_teardown.py
[2025-03-17T23:33:24.330+0000] {processor.py:925} INFO - DAG(s) 'example_setup_teardown' retrieved from /home/airflow/.local/lib/python3.12/site-packages/airflow/example_dags/example_setup_teardown.py
[2025-03-17T23:33:24.341+0000] {logging_mixin.py:190} INFO - [2025-03-17T23:33:24.341+0000] {dag.py:3239} INFO - Sync 1 DAGs
[2025-03-17T23:33:24.348+0000] {logging_mixin.py:190} INFO - [2025-03-17T23:33:24.348+0000] {dag.py:4180} INFO - Setting next_dagrun for example_setup_teardown to None, run_after=None
[2025-03-17T23:33:24.359+0000] {processor.py:208} INFO - Processing /home/airflow/.local/lib/python3.12/site-packages/airflow/example_dags/example_setup_teardown.py took 0.039 seconds
[2025-03-17T23:33:55.483+0000] {processor.py:186} INFO - Started process (PID=7375) to work on /home/airflow/.local/lib/python3.12/site-packages/airflow/example_dags/example_setup_teardown.py
[2025-03-17T23:33:55.484+0000] {processor.py:914} INFO - Processing file /home/airflow/.local/lib/python3.12/site-packages/airflow/example_dags/example_setup_teardown.py for tasks to queue
[2025-03-17T23:33:55.485+0000] {logging_mixin.py:190} INFO - [2025-03-17T23:33:55.485+0000] {dagbag.py:588} INFO - Filling up the DagBag from /home/airflow/.local/lib/python3.12/site-packages/airflow/example_dags/example_setup_teardown.py
[2025-03-17T23:33:55.490+0000] {processor.py:925} INFO - DAG(s) 'example_setup_teardown' retrieved from /home/airflow/.local/lib/python3.12/site-packages/airflow/example_dags/example_setup_teardown.py
[2025-03-17T23:33:55.501+0000] {logging_mixin.py:190} INFO - [2025-03-17T23:33:55.500+0000] {dag.py:3239} INFO - Sync 1 DAGs
[2025-03-17T23:33:55.508+0000] {logging_mixin.py:190} INFO - [2025-03-17T23:33:55.508+0000] {dag.py:4180} INFO - Setting next_dagrun for example_setup_teardown to None, run_after=None
[2025-03-17T23:33:55.516+0000] {processor.py:208} INFO - Processing /home/airflow/.local/lib/python3.12/site-packages/airflow/example_dags/example_setup_teardown.py took 0.036 seconds
[2025-03-17T23:34:26.380+0000] {processor.py:186} INFO - Started process (PID=7666) to work on /home/airflow/.local/lib/python3.12/site-packages/airflow/example_dags/example_setup_teardown.py
[2025-03-17T23:34:26.380+0000] {processor.py:914} INFO - Processing file /home/airflow/.local/lib/python3.12/site-packages/airflow/example_dags/example_setup_teardown.py for tasks to queue
[2025-03-17T23:34:26.382+0000] {logging_mixin.py:190} INFO - [2025-03-17T23:34:26.381+0000] {dagbag.py:588} INFO - Filling up the DagBag from /home/airflow/.local/lib/python3.12/site-packages/airflow/example_dags/example_setup_teardown.py
[2025-03-17T23:34:26.386+0000] {processor.py:925} INFO - DAG(s) 'example_setup_teardown' retrieved from /home/airflow/.local/lib/python3.12/site-packages/airflow/example_dags/example_setup_teardown.py
[2025-03-17T23:34:26.395+0000] {logging_mixin.py:190} INFO - [2025-03-17T23:34:26.395+0000] {dag.py:3239} INFO - Sync 1 DAGs
[2025-03-17T23:34:26.402+0000] {logging_mixin.py:190} INFO - [2025-03-17T23:34:26.402+0000] {dag.py:4180} INFO - Setting next_dagrun for example_setup_teardown to None, run_after=None
[2025-03-17T23:34:26.412+0000] {processor.py:208} INFO - Processing /home/airflow/.local/lib/python3.12/site-packages/airflow/example_dags/example_setup_teardown.py took 0.035 seconds
[2025-03-17T23:34:57.627+0000] {processor.py:186} INFO - Started process (PID=7996) to work on /home/airflow/.local/lib/python3.12/site-packages/airflow/example_dags/example_setup_teardown.py
[2025-03-17T23:34:57.628+0000] {processor.py:914} INFO - Processing file /home/airflow/.local/lib/python3.12/site-packages/airflow/example_dags/example_setup_teardown.py for tasks to queue
[2025-03-17T23:34:57.629+0000] {logging_mixin.py:190} INFO - [2025-03-17T23:34:57.629+0000] {dagbag.py:588} INFO - Filling up the DagBag from /home/airflow/.local/lib/python3.12/site-packages/airflow/example_dags/example_setup_teardown.py
[2025-03-17T23:34:57.633+0000] {processor.py:925} INFO - DAG(s) 'example_setup_teardown' retrieved from /home/airflow/.local/lib/python3.12/site-packages/airflow/example_dags/example_setup_teardown.py
[2025-03-17T23:34:57.647+0000] {logging_mixin.py:190} INFO - [2025-03-17T23:34:57.647+0000] {dag.py:3239} INFO - Sync 1 DAGs
[2025-03-17T23:34:57.653+0000] {logging_mixin.py:190} INFO - [2025-03-17T23:34:57.653+0000] {dag.py:4180} INFO - Setting next_dagrun for example_setup_teardown to None, run_after=None
[2025-03-17T23:34:57.661+0000] {processor.py:208} INFO - Processing /home/airflow/.local/lib/python3.12/site-packages/airflow/example_dags/example_setup_teardown.py took 0.037 seconds
[2025-03-17T23:35:28.471+0000] {processor.py:186} INFO - Started process (PID=8287) to work on /home/airflow/.local/lib/python3.12/site-packages/airflow/example_dags/example_setup_teardown.py
[2025-03-17T23:35:28.472+0000] {processor.py:914} INFO - Processing file /home/airflow/.local/lib/python3.12/site-packages/airflow/example_dags/example_setup_teardown.py for tasks to queue
[2025-03-17T23:35:28.473+0000] {logging_mixin.py:190} INFO - [2025-03-17T23:35:28.473+0000] {dagbag.py:588} INFO - Filling up the DagBag from /home/airflow/.local/lib/python3.12/site-packages/airflow/example_dags/example_setup_teardown.py
[2025-03-17T23:35:28.477+0000] {processor.py:925} INFO - DAG(s) 'example_setup_teardown' retrieved from /home/airflow/.local/lib/python3.12/site-packages/airflow/example_dags/example_setup_teardown.py
[2025-03-17T23:35:28.489+0000] {logging_mixin.py:190} INFO - [2025-03-17T23:35:28.489+0000] {dag.py:3239} INFO - Sync 1 DAGs
[2025-03-17T23:35:28.496+0000] {logging_mixin.py:190} INFO - [2025-03-17T23:35:28.496+0000] {dag.py:4180} INFO - Setting next_dagrun for example_setup_teardown to None, run_after=None
[2025-03-17T23:35:28.504+0000] {processor.py:208} INFO - Processing /home/airflow/.local/lib/python3.12/site-packages/airflow/example_dags/example_setup_teardown.py took 0.035 seconds
[2025-03-17T23:35:59.733+0000] {processor.py:186} INFO - Started process (PID=8580) to work on /home/airflow/.local/lib/python3.12/site-packages/airflow/example_dags/example_setup_teardown.py
[2025-03-17T23:35:59.734+0000] {processor.py:914} INFO - Processing file /home/airflow/.local/lib/python3.12/site-packages/airflow/example_dags/example_setup_teardown.py for tasks to queue
[2025-03-17T23:35:59.736+0000] {logging_mixin.py:190} INFO - [2025-03-17T23:35:59.736+0000] {dagbag.py:588} INFO - Filling up the DagBag from /home/airflow/.local/lib/python3.12/site-packages/airflow/example_dags/example_setup_teardown.py
[2025-03-17T23:35:59.742+0000] {processor.py:925} INFO - DAG(s) 'example_setup_teardown' retrieved from /home/airflow/.local/lib/python3.12/site-packages/airflow/example_dags/example_setup_teardown.py
[2025-03-17T23:35:59.755+0000] {logging_mixin.py:190} INFO - [2025-03-17T23:35:59.755+0000] {dag.py:3239} INFO - Sync 1 DAGs
[2025-03-17T23:35:59.762+0000] {logging_mixin.py:190} INFO - [2025-03-17T23:35:59.762+0000] {dag.py:4180} INFO - Setting next_dagrun for example_setup_teardown to None, run_after=None
[2025-03-17T23:35:59.770+0000] {processor.py:208} INFO - Processing /home/airflow/.local/lib/python3.12/site-packages/airflow/example_dags/example_setup_teardown.py took 0.040 seconds
[2025-03-17T23:36:31.020+0000] {processor.py:186} INFO - Started process (PID=8869) to work on /home/airflow/.local/lib/python3.12/site-packages/airflow/example_dags/example_setup_teardown.py
[2025-03-17T23:36:31.021+0000] {processor.py:914} INFO - Processing file /home/airflow/.local/lib/python3.12/site-packages/airflow/example_dags/example_setup_teardown.py for tasks to queue
[2025-03-17T23:36:31.022+0000] {logging_mixin.py:190} INFO - [2025-03-17T23:36:31.022+0000] {dagbag.py:588} INFO - Filling up the DagBag from /home/airflow/.local/lib/python3.12/site-packages/airflow/example_dags/example_setup_teardown.py
[2025-03-17T23:36:31.026+0000] {processor.py:925} INFO - DAG(s) 'example_setup_teardown' retrieved from /home/airflow/.local/lib/python3.12/site-packages/airflow/example_dags/example_setup_teardown.py
[2025-03-17T23:36:31.038+0000] {logging_mixin.py:190} INFO - [2025-03-17T23:36:31.038+0000] {dag.py:3239} INFO - Sync 1 DAGs
[2025-03-17T23:36:31.047+0000] {logging_mixin.py:190} INFO - [2025-03-17T23:36:31.047+0000] {dag.py:4180} INFO - Setting next_dagrun for example_setup_teardown to None, run_after=None
[2025-03-17T23:36:31.057+0000] {processor.py:208} INFO - Processing /home/airflow/.local/lib/python3.12/site-packages/airflow/example_dags/example_setup_teardown.py took 0.041 seconds
[2025-03-17T23:37:02.374+0000] {processor.py:186} INFO - Started process (PID=9160) to work on /home/airflow/.local/lib/python3.12/site-packages/airflow/example_dags/example_setup_teardown.py
[2025-03-17T23:37:02.375+0000] {processor.py:914} INFO - Processing file /home/airflow/.local/lib/python3.12/site-packages/airflow/example_dags/example_setup_teardown.py for tasks to queue
[2025-03-17T23:37:02.376+0000] {logging_mixin.py:190} INFO - [2025-03-17T23:37:02.376+0000] {dagbag.py:588} INFO - Filling up the DagBag from /home/airflow/.local/lib/python3.12/site-packages/airflow/example_dags/example_setup_teardown.py
[2025-03-17T23:37:02.380+0000] {processor.py:925} INFO - DAG(s) 'example_setup_teardown' retrieved from /home/airflow/.local/lib/python3.12/site-packages/airflow/example_dags/example_setup_teardown.py
[2025-03-17T23:37:02.391+0000] {logging_mixin.py:190} INFO - [2025-03-17T23:37:02.391+0000] {dag.py:3239} INFO - Sync 1 DAGs
[2025-03-17T23:37:02.400+0000] {logging_mixin.py:190} INFO - [2025-03-17T23:37:02.400+0000] {dag.py:4180} INFO - Setting next_dagrun for example_setup_teardown to None, run_after=None
[2025-03-17T23:37:02.413+0000] {processor.py:208} INFO - Processing /home/airflow/.local/lib/python3.12/site-packages/airflow/example_dags/example_setup_teardown.py took 0.043 seconds
[2025-03-17T23:37:33.815+0000] {processor.py:186} INFO - Started process (PID=9457) to work on /home/airflow/.local/lib/python3.12/site-packages/airflow/example_dags/example_setup_teardown.py
[2025-03-17T23:37:33.817+0000] {processor.py:914} INFO - Processing file /home/airflow/.local/lib/python3.12/site-packages/airflow/example_dags/example_setup_teardown.py for tasks to queue
[2025-03-17T23:37:33.818+0000] {logging_mixin.py:190} INFO - [2025-03-17T23:37:33.818+0000] {dagbag.py:588} INFO - Filling up the DagBag from /home/airflow/.local/lib/python3.12/site-packages/airflow/example_dags/example_setup_teardown.py
[2025-03-17T23:37:33.822+0000] {processor.py:925} INFO - DAG(s) 'example_setup_teardown' retrieved from /home/airflow/.local/lib/python3.12/site-packages/airflow/example_dags/example_setup_teardown.py
[2025-03-17T23:37:33.832+0000] {logging_mixin.py:190} INFO - [2025-03-17T23:37:33.832+0000] {dag.py:3239} INFO - Sync 1 DAGs
[2025-03-17T23:37:33.838+0000] {logging_mixin.py:190} INFO - [2025-03-17T23:37:33.838+0000] {dag.py:4180} INFO - Setting next_dagrun for example_setup_teardown to None, run_after=None
[2025-03-17T23:37:33.846+0000] {processor.py:208} INFO - Processing /home/airflow/.local/lib/python3.12/site-packages/airflow/example_dags/example_setup_teardown.py took 0.034 seconds
