[2025-03-17T23:21:31.172+0000] {processor.py:186} INFO - Started process (PID=204) to work on /home/airflow/.local/lib/python3.12/site-packages/airflow/example_dags/example_dag_decorator.py
[2025-03-17T23:21:31.173+0000] {processor.py:914} INFO - Processing file /home/airflow/.local/lib/python3.12/site-packages/airflow/example_dags/example_dag_decorator.py for tasks to queue
[2025-03-17T23:21:31.174+0000] {logging_mixin.py:190} INFO - [2025-03-17T23:21:31.174+0000] {dagbag.py:588} INFO - Filling up the DagBag from /home/airflow/.local/lib/python3.12/site-packages/airflow/example_dags/example_dag_decorator.py
[2025-03-17T23:21:31.443+0000] {processor.py:925} INFO - DAG(s) 'example_dag_decorator' retrieved from /home/airflow/.local/lib/python3.12/site-packages/airflow/example_dags/example_dag_decorator.py
[2025-03-17T23:21:31.505+0000] {logging_mixin.py:190} INFO - [2025-03-17T23:21:31.504+0000] {override.py:1912} INFO - Created Permission View: can edit on DAG:example_dag_decorator
[2025-03-17T23:21:31.509+0000] {logging_mixin.py:190} INFO - [2025-03-17T23:21:31.509+0000] {override.py:1912} INFO - Created Permission View: can read on DAG:example_dag_decorator
[2025-03-17T23:21:31.511+0000] {logging_mixin.py:190} INFO - [2025-03-17T23:21:31.511+0000] {override.py:1912} INFO - Created Permission View: can delete on DAG:example_dag_decorator
[2025-03-17T23:21:31.514+0000] {logging_mixin.py:190} INFO - [2025-03-17T23:21:31.513+0000] {override.py:1912} INFO - Created Permission View: can create on DAG Run:example_dag_decorator
[2025-03-17T23:21:31.515+0000] {logging_mixin.py:190} INFO - [2025-03-17T23:21:31.515+0000] {override.py:1912} INFO - Created Permission View: menu access on DAG Run:example_dag_decorator
[2025-03-17T23:21:31.517+0000] {logging_mixin.py:190} INFO - [2025-03-17T23:21:31.517+0000] {override.py:1912} INFO - Created Permission View: can read on DAG Run:example_dag_decorator
[2025-03-17T23:21:31.519+0000] {logging_mixin.py:190} INFO - [2025-03-17T23:21:31.519+0000] {override.py:1912} INFO - Created Permission View: can delete on DAG Run:example_dag_decorator
[2025-03-17T23:21:31.520+0000] {logging_mixin.py:190} INFO - [2025-03-17T23:21:31.519+0000] {dag.py:3239} INFO - Sync 1 DAGs
[2025-03-17T23:21:31.526+0000] {logging_mixin.py:190} INFO - [2025-03-17T23:21:31.525+0000] {dag.py:3262} INFO - Creating ORM DAG for example_dag_decorator
[2025-03-17T23:21:31.526+0000] {logging_mixin.py:190} INFO - [2025-03-17T23:21:31.526+0000] {dag.py:4180} INFO - Setting next_dagrun for example_dag_decorator to None, run_after=None
[2025-03-17T23:21:31.533+0000] {processor.py:208} INFO - Processing /home/airflow/.local/lib/python3.12/site-packages/airflow/example_dags/example_dag_decorator.py took 0.365 seconds
[2025-03-17T23:22:01.881+0000] {processor.py:186} INFO - Started process (PID=493) to work on /home/airflow/.local/lib/python3.12/site-packages/airflow/example_dags/example_dag_decorator.py
[2025-03-17T23:22:01.882+0000] {processor.py:914} INFO - Processing file /home/airflow/.local/lib/python3.12/site-packages/airflow/example_dags/example_dag_decorator.py for tasks to queue
[2025-03-17T23:22:01.883+0000] {logging_mixin.py:190} INFO - [2025-03-17T23:22:01.883+0000] {dagbag.py:588} INFO - Filling up the DagBag from /home/airflow/.local/lib/python3.12/site-packages/airflow/example_dags/example_dag_decorator.py
[2025-03-17T23:22:01.939+0000] {processor.py:925} INFO - DAG(s) 'example_dag_decorator' retrieved from /home/airflow/.local/lib/python3.12/site-packages/airflow/example_dags/example_dag_decorator.py
[2025-03-17T23:22:02.004+0000] {logging_mixin.py:190} INFO - [2025-03-17T23:22:02.003+0000] {dag.py:3239} INFO - Sync 1 DAGs
[2025-03-17T23:22:02.009+0000] {logging_mixin.py:190} INFO - [2025-03-17T23:22:02.009+0000] {dag.py:4180} INFO - Setting next_dagrun for example_dag_decorator to None, run_after=None
[2025-03-17T23:22:02.018+0000] {processor.py:208} INFO - Processing /home/airflow/.local/lib/python3.12/site-packages/airflow/example_dags/example_dag_decorator.py took 0.140 seconds
[2025-03-17T23:22:32.135+0000] {processor.py:186} INFO - Started process (PID=791) to work on /home/airflow/.local/lib/python3.12/site-packages/airflow/example_dags/example_dag_decorator.py
[2025-03-17T23:22:32.136+0000] {processor.py:914} INFO - Processing file /home/airflow/.local/lib/python3.12/site-packages/airflow/example_dags/example_dag_decorator.py for tasks to queue
[2025-03-17T23:22:32.138+0000] {logging_mixin.py:190} INFO - [2025-03-17T23:22:32.137+0000] {dagbag.py:588} INFO - Filling up the DagBag from /home/airflow/.local/lib/python3.12/site-packages/airflow/example_dags/example_dag_decorator.py
[2025-03-17T23:22:32.204+0000] {processor.py:925} INFO - DAG(s) 'example_dag_decorator' retrieved from /home/airflow/.local/lib/python3.12/site-packages/airflow/example_dags/example_dag_decorator.py
[2025-03-17T23:22:32.283+0000] {logging_mixin.py:190} INFO - [2025-03-17T23:22:32.282+0000] {dag.py:3239} INFO - Sync 1 DAGs
[2025-03-17T23:22:32.290+0000] {logging_mixin.py:190} INFO - [2025-03-17T23:22:32.290+0000] {dag.py:4180} INFO - Setting next_dagrun for example_dag_decorator to None, run_after=None
[2025-03-17T23:22:32.300+0000] {processor.py:208} INFO - Processing /home/airflow/.local/lib/python3.12/site-packages/airflow/example_dags/example_dag_decorator.py took 0.169 seconds
[2025-03-17T23:23:03.112+0000] {processor.py:186} INFO - Started process (PID=1075) to work on /home/airflow/.local/lib/python3.12/site-packages/airflow/example_dags/example_dag_decorator.py
[2025-03-17T23:23:03.113+0000] {processor.py:914} INFO - Processing file /home/airflow/.local/lib/python3.12/site-packages/airflow/example_dags/example_dag_decorator.py for tasks to queue
[2025-03-17T23:23:03.114+0000] {logging_mixin.py:190} INFO - [2025-03-17T23:23:03.113+0000] {dagbag.py:588} INFO - Filling up the DagBag from /home/airflow/.local/lib/python3.12/site-packages/airflow/example_dags/example_dag_decorator.py
[2025-03-17T23:23:03.171+0000] {processor.py:925} INFO - DAG(s) 'example_dag_decorator' retrieved from /home/airflow/.local/lib/python3.12/site-packages/airflow/example_dags/example_dag_decorator.py
[2025-03-17T23:23:03.243+0000] {logging_mixin.py:190} INFO - [2025-03-17T23:23:03.243+0000] {dag.py:3239} INFO - Sync 1 DAGs
[2025-03-17T23:23:03.250+0000] {logging_mixin.py:190} INFO - [2025-03-17T23:23:03.250+0000] {dag.py:4180} INFO - Setting next_dagrun for example_dag_decorator to None, run_after=None
[2025-03-17T23:23:03.259+0000] {processor.py:208} INFO - Processing /home/airflow/.local/lib/python3.12/site-packages/airflow/example_dags/example_dag_decorator.py took 0.151 seconds
[2025-03-17T23:23:34.035+0000] {processor.py:186} INFO - Started process (PID=1368) to work on /home/airflow/.local/lib/python3.12/site-packages/airflow/example_dags/example_dag_decorator.py
[2025-03-17T23:23:34.035+0000] {processor.py:914} INFO - Processing file /home/airflow/.local/lib/python3.12/site-packages/airflow/example_dags/example_dag_decorator.py for tasks to queue
[2025-03-17T23:23:34.036+0000] {logging_mixin.py:190} INFO - [2025-03-17T23:23:34.036+0000] {dagbag.py:588} INFO - Filling up the DagBag from /home/airflow/.local/lib/python3.12/site-packages/airflow/example_dags/example_dag_decorator.py
[2025-03-17T23:23:34.095+0000] {processor.py:925} INFO - DAG(s) 'example_dag_decorator' retrieved from /home/airflow/.local/lib/python3.12/site-packages/airflow/example_dags/example_dag_decorator.py
[2025-03-17T23:23:34.155+0000] {logging_mixin.py:190} INFO - [2025-03-17T23:23:34.154+0000] {dag.py:3239} INFO - Sync 1 DAGs
[2025-03-17T23:23:34.160+0000] {logging_mixin.py:190} INFO - [2025-03-17T23:23:34.160+0000] {dag.py:4180} INFO - Setting next_dagrun for example_dag_decorator to None, run_after=None
[2025-03-17T23:23:34.168+0000] {processor.py:208} INFO - Processing /home/airflow/.local/lib/python3.12/site-packages/airflow/example_dags/example_dag_decorator.py took 0.137 seconds
[2025-03-17T23:24:04.247+0000] {processor.py:186} INFO - Started process (PID=1659) to work on /home/airflow/.local/lib/python3.12/site-packages/airflow/example_dags/example_dag_decorator.py
[2025-03-17T23:24:04.248+0000] {processor.py:914} INFO - Processing file /home/airflow/.local/lib/python3.12/site-packages/airflow/example_dags/example_dag_decorator.py for tasks to queue
[2025-03-17T23:24:04.249+0000] {logging_mixin.py:190} INFO - [2025-03-17T23:24:04.249+0000] {dagbag.py:588} INFO - Filling up the DagBag from /home/airflow/.local/lib/python3.12/site-packages/airflow/example_dags/example_dag_decorator.py
[2025-03-17T23:24:04.319+0000] {processor.py:925} INFO - DAG(s) 'example_dag_decorator' retrieved from /home/airflow/.local/lib/python3.12/site-packages/airflow/example_dags/example_dag_decorator.py
[2025-03-17T23:24:04.380+0000] {logging_mixin.py:190} INFO - [2025-03-17T23:24:04.379+0000] {dag.py:3239} INFO - Sync 1 DAGs
[2025-03-17T23:24:04.386+0000] {logging_mixin.py:190} INFO - [2025-03-17T23:24:04.386+0000] {dag.py:4180} INFO - Setting next_dagrun for example_dag_decorator to None, run_after=None
[2025-03-17T23:24:04.394+0000] {processor.py:208} INFO - Processing /home/airflow/.local/lib/python3.12/site-packages/airflow/example_dags/example_dag_decorator.py took 0.151 seconds
[2025-03-17T23:24:35.215+0000] {processor.py:186} INFO - Started process (PID=1947) to work on /home/airflow/.local/lib/python3.12/site-packages/airflow/example_dags/example_dag_decorator.py
[2025-03-17T23:24:35.215+0000] {processor.py:914} INFO - Processing file /home/airflow/.local/lib/python3.12/site-packages/airflow/example_dags/example_dag_decorator.py for tasks to queue
[2025-03-17T23:24:35.217+0000] {logging_mixin.py:190} INFO - [2025-03-17T23:24:35.217+0000] {dagbag.py:588} INFO - Filling up the DagBag from /home/airflow/.local/lib/python3.12/site-packages/airflow/example_dags/example_dag_decorator.py
[2025-03-17T23:24:35.302+0000] {processor.py:925} INFO - DAG(s) 'example_dag_decorator' retrieved from /home/airflow/.local/lib/python3.12/site-packages/airflow/example_dags/example_dag_decorator.py
[2025-03-17T23:24:35.382+0000] {logging_mixin.py:190} INFO - [2025-03-17T23:24:35.381+0000] {dag.py:3239} INFO - Sync 1 DAGs
[2025-03-17T23:24:35.389+0000] {logging_mixin.py:190} INFO - [2025-03-17T23:24:35.389+0000] {dag.py:4180} INFO - Setting next_dagrun for example_dag_decorator to None, run_after=None
[2025-03-17T23:24:35.402+0000] {processor.py:208} INFO - Processing /home/airflow/.local/lib/python3.12/site-packages/airflow/example_dags/example_dag_decorator.py took 0.191 seconds
[2025-03-17T23:25:05.635+0000] {processor.py:186} INFO - Started process (PID=2245) to work on /home/airflow/.local/lib/python3.12/site-packages/airflow/example_dags/example_dag_decorator.py
[2025-03-17T23:25:05.635+0000] {processor.py:914} INFO - Processing file /home/airflow/.local/lib/python3.12/site-packages/airflow/example_dags/example_dag_decorator.py for tasks to queue
[2025-03-17T23:25:05.637+0000] {logging_mixin.py:190} INFO - [2025-03-17T23:25:05.637+0000] {dagbag.py:588} INFO - Filling up the DagBag from /home/airflow/.local/lib/python3.12/site-packages/airflow/example_dags/example_dag_decorator.py
[2025-03-17T23:25:05.698+0000] {processor.py:925} INFO - DAG(s) 'example_dag_decorator' retrieved from /home/airflow/.local/lib/python3.12/site-packages/airflow/example_dags/example_dag_decorator.py
[2025-03-17T23:25:05.761+0000] {logging_mixin.py:190} INFO - [2025-03-17T23:25:05.761+0000] {dag.py:3239} INFO - Sync 1 DAGs
[2025-03-17T23:25:05.768+0000] {logging_mixin.py:190} INFO - [2025-03-17T23:25:05.767+0000] {dag.py:4180} INFO - Setting next_dagrun for example_dag_decorator to None, run_after=None
[2025-03-17T23:25:05.780+0000] {processor.py:208} INFO - Processing /home/airflow/.local/lib/python3.12/site-packages/airflow/example_dags/example_dag_decorator.py took 0.148 seconds
[2025-03-17T23:25:36.612+0000] {processor.py:186} INFO - Started process (PID=2531) to work on /home/airflow/.local/lib/python3.12/site-packages/airflow/example_dags/example_dag_decorator.py
[2025-03-17T23:25:36.613+0000] {processor.py:914} INFO - Processing file /home/airflow/.local/lib/python3.12/site-packages/airflow/example_dags/example_dag_decorator.py for tasks to queue
[2025-03-17T23:25:36.614+0000] {logging_mixin.py:190} INFO - [2025-03-17T23:25:36.614+0000] {dagbag.py:588} INFO - Filling up the DagBag from /home/airflow/.local/lib/python3.12/site-packages/airflow/example_dags/example_dag_decorator.py
[2025-03-17T23:25:36.676+0000] {processor.py:925} INFO - DAG(s) 'example_dag_decorator' retrieved from /home/airflow/.local/lib/python3.12/site-packages/airflow/example_dags/example_dag_decorator.py
[2025-03-17T23:25:36.732+0000] {logging_mixin.py:190} INFO - [2025-03-17T23:25:36.732+0000] {dag.py:3239} INFO - Sync 1 DAGs
[2025-03-17T23:25:36.739+0000] {logging_mixin.py:190} INFO - [2025-03-17T23:25:36.738+0000] {dag.py:4180} INFO - Setting next_dagrun for example_dag_decorator to None, run_after=None
[2025-03-17T23:25:36.747+0000] {processor.py:208} INFO - Processing /home/airflow/.local/lib/python3.12/site-packages/airflow/example_dags/example_dag_decorator.py took 0.140 seconds
[2025-03-17T23:26:07.076+0000] {processor.py:186} INFO - Started process (PID=2822) to work on /home/airflow/.local/lib/python3.12/site-packages/airflow/example_dags/example_dag_decorator.py
[2025-03-17T23:26:07.077+0000] {processor.py:914} INFO - Processing file /home/airflow/.local/lib/python3.12/site-packages/airflow/example_dags/example_dag_decorator.py for tasks to queue
[2025-03-17T23:26:07.078+0000] {logging_mixin.py:190} INFO - [2025-03-17T23:26:07.078+0000] {dagbag.py:588} INFO - Filling up the DagBag from /home/airflow/.local/lib/python3.12/site-packages/airflow/example_dags/example_dag_decorator.py
[2025-03-17T23:26:07.133+0000] {processor.py:925} INFO - DAG(s) 'example_dag_decorator' retrieved from /home/airflow/.local/lib/python3.12/site-packages/airflow/example_dags/example_dag_decorator.py
[2025-03-17T23:26:07.186+0000] {logging_mixin.py:190} INFO - [2025-03-17T23:26:07.186+0000] {dag.py:3239} INFO - Sync 1 DAGs
[2025-03-17T23:26:07.191+0000] {logging_mixin.py:190} INFO - [2025-03-17T23:26:07.191+0000] {dag.py:4180} INFO - Setting next_dagrun for example_dag_decorator to None, run_after=None
[2025-03-17T23:26:07.199+0000] {processor.py:208} INFO - Processing /home/airflow/.local/lib/python3.12/site-packages/airflow/example_dags/example_dag_decorator.py took 0.126 seconds
[2025-03-17T23:26:37.921+0000] {processor.py:186} INFO - Started process (PID=3111) to work on /home/airflow/.local/lib/python3.12/site-packages/airflow/example_dags/example_dag_decorator.py
[2025-03-17T23:26:37.922+0000] {processor.py:914} INFO - Processing file /home/airflow/.local/lib/python3.12/site-packages/airflow/example_dags/example_dag_decorator.py for tasks to queue
[2025-03-17T23:26:37.923+0000] {logging_mixin.py:190} INFO - [2025-03-17T23:26:37.923+0000] {dagbag.py:588} INFO - Filling up the DagBag from /home/airflow/.local/lib/python3.12/site-packages/airflow/example_dags/example_dag_decorator.py
[2025-03-17T23:26:37.981+0000] {processor.py:925} INFO - DAG(s) 'example_dag_decorator' retrieved from /home/airflow/.local/lib/python3.12/site-packages/airflow/example_dags/example_dag_decorator.py
[2025-03-17T23:26:38.059+0000] {logging_mixin.py:190} INFO - [2025-03-17T23:26:38.059+0000] {dag.py:3239} INFO - Sync 1 DAGs
[2025-03-17T23:26:38.070+0000] {logging_mixin.py:190} INFO - [2025-03-17T23:26:38.069+0000] {dag.py:4180} INFO - Setting next_dagrun for example_dag_decorator to None, run_after=None
[2025-03-17T23:26:38.080+0000] {processor.py:208} INFO - Processing /home/airflow/.local/lib/python3.12/site-packages/airflow/example_dags/example_dag_decorator.py took 0.162 seconds
[2025-03-17T23:27:08.778+0000] {processor.py:186} INFO - Started process (PID=3404) to work on /home/airflow/.local/lib/python3.12/site-packages/airflow/example_dags/example_dag_decorator.py
[2025-03-17T23:27:08.779+0000] {processor.py:914} INFO - Processing file /home/airflow/.local/lib/python3.12/site-packages/airflow/example_dags/example_dag_decorator.py for tasks to queue
[2025-03-17T23:27:08.779+0000] {logging_mixin.py:190} INFO - [2025-03-17T23:27:08.779+0000] {dagbag.py:588} INFO - Filling up the DagBag from /home/airflow/.local/lib/python3.12/site-packages/airflow/example_dags/example_dag_decorator.py
[2025-03-17T23:27:08.834+0000] {processor.py:925} INFO - DAG(s) 'example_dag_decorator' retrieved from /home/airflow/.local/lib/python3.12/site-packages/airflow/example_dags/example_dag_decorator.py
[2025-03-17T23:27:08.892+0000] {logging_mixin.py:190} INFO - [2025-03-17T23:27:08.891+0000] {dag.py:3239} INFO - Sync 1 DAGs
[2025-03-17T23:27:08.897+0000] {logging_mixin.py:190} INFO - [2025-03-17T23:27:08.897+0000] {dag.py:4180} INFO - Setting next_dagrun for example_dag_decorator to None, run_after=None
[2025-03-17T23:27:08.906+0000] {processor.py:208} INFO - Processing /home/airflow/.local/lib/python3.12/site-packages/airflow/example_dags/example_dag_decorator.py took 0.131 seconds
[2025-03-17T23:27:39.780+0000] {processor.py:186} INFO - Started process (PID=3695) to work on /home/airflow/.local/lib/python3.12/site-packages/airflow/example_dags/example_dag_decorator.py
[2025-03-17T23:27:39.781+0000] {processor.py:914} INFO - Processing file /home/airflow/.local/lib/python3.12/site-packages/airflow/example_dags/example_dag_decorator.py for tasks to queue
[2025-03-17T23:27:39.781+0000] {logging_mixin.py:190} INFO - [2025-03-17T23:27:39.781+0000] {dagbag.py:588} INFO - Filling up the DagBag from /home/airflow/.local/lib/python3.12/site-packages/airflow/example_dags/example_dag_decorator.py
[2025-03-17T23:27:39.831+0000] {processor.py:925} INFO - DAG(s) 'example_dag_decorator' retrieved from /home/airflow/.local/lib/python3.12/site-packages/airflow/example_dags/example_dag_decorator.py
[2025-03-17T23:27:39.841+0000] {logging_mixin.py:190} INFO - [2025-03-17T23:27:39.841+0000] {dag.py:3239} INFO - Sync 1 DAGs
[2025-03-17T23:27:39.847+0000] {logging_mixin.py:190} INFO - [2025-03-17T23:27:39.847+0000] {dag.py:4180} INFO - Setting next_dagrun for example_dag_decorator to None, run_after=None
[2025-03-17T23:27:39.855+0000] {processor.py:208} INFO - Processing /home/airflow/.local/lib/python3.12/site-packages/airflow/example_dags/example_dag_decorator.py took 0.078 seconds
[2025-03-17T23:28:10.472+0000] {processor.py:186} INFO - Started process (PID=3986) to work on /home/airflow/.local/lib/python3.12/site-packages/airflow/example_dags/example_dag_decorator.py
[2025-03-17T23:28:10.473+0000] {processor.py:914} INFO - Processing file /home/airflow/.local/lib/python3.12/site-packages/airflow/example_dags/example_dag_decorator.py for tasks to queue
[2025-03-17T23:28:10.474+0000] {logging_mixin.py:190} INFO - [2025-03-17T23:28:10.474+0000] {dagbag.py:588} INFO - Filling up the DagBag from /home/airflow/.local/lib/python3.12/site-packages/airflow/example_dags/example_dag_decorator.py
[2025-03-17T23:28:10.526+0000] {processor.py:925} INFO - DAG(s) 'example_dag_decorator' retrieved from /home/airflow/.local/lib/python3.12/site-packages/airflow/example_dags/example_dag_decorator.py
[2025-03-17T23:28:10.586+0000] {logging_mixin.py:190} INFO - [2025-03-17T23:28:10.585+0000] {dag.py:3239} INFO - Sync 1 DAGs
[2025-03-17T23:28:10.591+0000] {logging_mixin.py:190} INFO - [2025-03-17T23:28:10.591+0000] {dag.py:4180} INFO - Setting next_dagrun for example_dag_decorator to None, run_after=None
[2025-03-17T23:28:10.599+0000] {processor.py:208} INFO - Processing /home/airflow/.local/lib/python3.12/site-packages/airflow/example_dags/example_dag_decorator.py took 0.130 seconds
[2025-03-17T23:28:41.415+0000] {processor.py:186} INFO - Started process (PID=4277) to work on /home/airflow/.local/lib/python3.12/site-packages/airflow/example_dags/example_dag_decorator.py
[2025-03-17T23:28:41.416+0000] {processor.py:914} INFO - Processing file /home/airflow/.local/lib/python3.12/site-packages/airflow/example_dags/example_dag_decorator.py for tasks to queue
[2025-03-17T23:28:41.417+0000] {logging_mixin.py:190} INFO - [2025-03-17T23:28:41.417+0000] {dagbag.py:588} INFO - Filling up the DagBag from /home/airflow/.local/lib/python3.12/site-packages/airflow/example_dags/example_dag_decorator.py
[2025-03-17T23:28:41.464+0000] {processor.py:925} INFO - DAG(s) 'example_dag_decorator' retrieved from /home/airflow/.local/lib/python3.12/site-packages/airflow/example_dags/example_dag_decorator.py
[2025-03-17T23:28:41.522+0000] {logging_mixin.py:190} INFO - [2025-03-17T23:28:41.522+0000] {dag.py:3239} INFO - Sync 1 DAGs
[2025-03-17T23:28:41.528+0000] {logging_mixin.py:190} INFO - [2025-03-17T23:28:41.527+0000] {dag.py:4180} INFO - Setting next_dagrun for example_dag_decorator to None, run_after=None
[2025-03-17T23:28:41.540+0000] {processor.py:208} INFO - Processing /home/airflow/.local/lib/python3.12/site-packages/airflow/example_dags/example_dag_decorator.py took 0.128 seconds
[2025-03-17T23:29:12.101+0000] {processor.py:186} INFO - Started process (PID=4568) to work on /home/airflow/.local/lib/python3.12/site-packages/airflow/example_dags/example_dag_decorator.py
[2025-03-17T23:29:12.101+0000] {processor.py:914} INFO - Processing file /home/airflow/.local/lib/python3.12/site-packages/airflow/example_dags/example_dag_decorator.py for tasks to queue
[2025-03-17T23:29:12.102+0000] {logging_mixin.py:190} INFO - [2025-03-17T23:29:12.102+0000] {dagbag.py:588} INFO - Filling up the DagBag from /home/airflow/.local/lib/python3.12/site-packages/airflow/example_dags/example_dag_decorator.py
[2025-03-17T23:29:12.153+0000] {processor.py:925} INFO - DAG(s) 'example_dag_decorator' retrieved from /home/airflow/.local/lib/python3.12/site-packages/airflow/example_dags/example_dag_decorator.py
[2025-03-17T23:29:12.203+0000] {logging_mixin.py:190} INFO - [2025-03-17T23:29:12.202+0000] {dag.py:3239} INFO - Sync 1 DAGs
[2025-03-17T23:29:12.207+0000] {logging_mixin.py:190} INFO - [2025-03-17T23:29:12.207+0000] {dag.py:4180} INFO - Setting next_dagrun for example_dag_decorator to None, run_after=None
[2025-03-17T23:29:12.215+0000] {processor.py:208} INFO - Processing /home/airflow/.local/lib/python3.12/site-packages/airflow/example_dags/example_dag_decorator.py took 0.117 seconds
[2025-03-17T23:29:42.758+0000] {processor.py:186} INFO - Started process (PID=4859) to work on /home/airflow/.local/lib/python3.12/site-packages/airflow/example_dags/example_dag_decorator.py
[2025-03-17T23:29:42.759+0000] {processor.py:914} INFO - Processing file /home/airflow/.local/lib/python3.12/site-packages/airflow/example_dags/example_dag_decorator.py for tasks to queue
[2025-03-17T23:29:42.760+0000] {logging_mixin.py:190} INFO - [2025-03-17T23:29:42.760+0000] {dagbag.py:588} INFO - Filling up the DagBag from /home/airflow/.local/lib/python3.12/site-packages/airflow/example_dags/example_dag_decorator.py
[2025-03-17T23:29:42.804+0000] {processor.py:925} INFO - DAG(s) 'example_dag_decorator' retrieved from /home/airflow/.local/lib/python3.12/site-packages/airflow/example_dags/example_dag_decorator.py
[2025-03-17T23:29:42.857+0000] {logging_mixin.py:190} INFO - [2025-03-17T23:29:42.857+0000] {dag.py:3239} INFO - Sync 1 DAGs
[2025-03-17T23:29:42.863+0000] {logging_mixin.py:190} INFO - [2025-03-17T23:29:42.863+0000] {dag.py:4180} INFO - Setting next_dagrun for example_dag_decorator to None, run_after=None
[2025-03-17T23:29:42.873+0000] {processor.py:208} INFO - Processing /home/airflow/.local/lib/python3.12/site-packages/airflow/example_dags/example_dag_decorator.py took 0.118 seconds
[2025-03-17T23:30:13.292+0000] {processor.py:186} INFO - Started process (PID=5150) to work on /home/airflow/.local/lib/python3.12/site-packages/airflow/example_dags/example_dag_decorator.py
[2025-03-17T23:30:13.293+0000] {processor.py:914} INFO - Processing file /home/airflow/.local/lib/python3.12/site-packages/airflow/example_dags/example_dag_decorator.py for tasks to queue
[2025-03-17T23:30:13.294+0000] {logging_mixin.py:190} INFO - [2025-03-17T23:30:13.293+0000] {dagbag.py:588} INFO - Filling up the DagBag from /home/airflow/.local/lib/python3.12/site-packages/airflow/example_dags/example_dag_decorator.py
[2025-03-17T23:30:13.343+0000] {processor.py:925} INFO - DAG(s) 'example_dag_decorator' retrieved from /home/airflow/.local/lib/python3.12/site-packages/airflow/example_dags/example_dag_decorator.py
[2025-03-17T23:30:13.399+0000] {logging_mixin.py:190} INFO - [2025-03-17T23:30:13.398+0000] {dag.py:3239} INFO - Sync 1 DAGs
[2025-03-17T23:30:13.405+0000] {logging_mixin.py:190} INFO - [2025-03-17T23:30:13.405+0000] {dag.py:4180} INFO - Setting next_dagrun for example_dag_decorator to None, run_after=None
[2025-03-17T23:30:13.414+0000] {processor.py:208} INFO - Processing /home/airflow/.local/lib/python3.12/site-packages/airflow/example_dags/example_dag_decorator.py took 0.125 seconds
[2025-03-17T23:30:43.895+0000] {processor.py:186} INFO - Started process (PID=5439) to work on /home/airflow/.local/lib/python3.12/site-packages/airflow/example_dags/example_dag_decorator.py
[2025-03-17T23:30:43.896+0000] {processor.py:914} INFO - Processing file /home/airflow/.local/lib/python3.12/site-packages/airflow/example_dags/example_dag_decorator.py for tasks to queue
[2025-03-17T23:30:43.897+0000] {logging_mixin.py:190} INFO - [2025-03-17T23:30:43.897+0000] {dagbag.py:588} INFO - Filling up the DagBag from /home/airflow/.local/lib/python3.12/site-packages/airflow/example_dags/example_dag_decorator.py
[2025-03-17T23:30:43.943+0000] {processor.py:925} INFO - DAG(s) 'example_dag_decorator' retrieved from /home/airflow/.local/lib/python3.12/site-packages/airflow/example_dags/example_dag_decorator.py
[2025-03-17T23:30:43.991+0000] {logging_mixin.py:190} INFO - [2025-03-17T23:30:43.991+0000] {dag.py:3239} INFO - Sync 1 DAGs
[2025-03-17T23:30:43.997+0000] {logging_mixin.py:190} INFO - [2025-03-17T23:30:43.997+0000] {dag.py:4180} INFO - Setting next_dagrun for example_dag_decorator to None, run_after=None
[2025-03-17T23:30:44.006+0000] {processor.py:208} INFO - Processing /home/airflow/.local/lib/python3.12/site-packages/airflow/example_dags/example_dag_decorator.py took 0.113 seconds
[2025-03-17T23:31:14.431+0000] {processor.py:186} INFO - Started process (PID=5732) to work on /home/airflow/.local/lib/python3.12/site-packages/airflow/example_dags/example_dag_decorator.py
[2025-03-17T23:31:14.431+0000] {processor.py:914} INFO - Processing file /home/airflow/.local/lib/python3.12/site-packages/airflow/example_dags/example_dag_decorator.py for tasks to queue
[2025-03-17T23:31:14.432+0000] {logging_mixin.py:190} INFO - [2025-03-17T23:31:14.432+0000] {dagbag.py:588} INFO - Filling up the DagBag from /home/airflow/.local/lib/python3.12/site-packages/airflow/example_dags/example_dag_decorator.py
[2025-03-17T23:31:14.479+0000] {processor.py:925} INFO - DAG(s) 'example_dag_decorator' retrieved from /home/airflow/.local/lib/python3.12/site-packages/airflow/example_dags/example_dag_decorator.py
[2025-03-17T23:31:14.528+0000] {logging_mixin.py:190} INFO - [2025-03-17T23:31:14.528+0000] {dag.py:3239} INFO - Sync 1 DAGs
[2025-03-17T23:31:14.533+0000] {logging_mixin.py:190} INFO - [2025-03-17T23:31:14.533+0000] {dag.py:4180} INFO - Setting next_dagrun for example_dag_decorator to None, run_after=None
[2025-03-17T23:31:14.540+0000] {processor.py:208} INFO - Processing /home/airflow/.local/lib/python3.12/site-packages/airflow/example_dags/example_dag_decorator.py took 0.112 seconds
[2025-03-17T23:31:45.054+0000] {processor.py:186} INFO - Started process (PID=6021) to work on /home/airflow/.local/lib/python3.12/site-packages/airflow/example_dags/example_dag_decorator.py
[2025-03-17T23:31:45.055+0000] {processor.py:914} INFO - Processing file /home/airflow/.local/lib/python3.12/site-packages/airflow/example_dags/example_dag_decorator.py for tasks to queue
[2025-03-17T23:31:45.056+0000] {logging_mixin.py:190} INFO - [2025-03-17T23:31:45.056+0000] {dagbag.py:588} INFO - Filling up the DagBag from /home/airflow/.local/lib/python3.12/site-packages/airflow/example_dags/example_dag_decorator.py
[2025-03-17T23:31:45.099+0000] {processor.py:925} INFO - DAG(s) 'example_dag_decorator' retrieved from /home/airflow/.local/lib/python3.12/site-packages/airflow/example_dags/example_dag_decorator.py
[2025-03-17T23:31:45.147+0000] {logging_mixin.py:190} INFO - [2025-03-17T23:31:45.147+0000] {dag.py:3239} INFO - Sync 1 DAGs
[2025-03-17T23:31:45.153+0000] {logging_mixin.py:190} INFO - [2025-03-17T23:31:45.153+0000] {dag.py:4180} INFO - Setting next_dagrun for example_dag_decorator to None, run_after=None
[2025-03-17T23:31:45.160+0000] {processor.py:208} INFO - Processing /home/airflow/.local/lib/python3.12/site-packages/airflow/example_dags/example_dag_decorator.py took 0.109 seconds
[2025-03-17T23:32:15.551+0000] {processor.py:186} INFO - Started process (PID=6314) to work on /home/airflow/.local/lib/python3.12/site-packages/airflow/example_dags/example_dag_decorator.py
[2025-03-17T23:32:15.552+0000] {processor.py:914} INFO - Processing file /home/airflow/.local/lib/python3.12/site-packages/airflow/example_dags/example_dag_decorator.py for tasks to queue
[2025-03-17T23:32:15.553+0000] {logging_mixin.py:190} INFO - [2025-03-17T23:32:15.553+0000] {dagbag.py:588} INFO - Filling up the DagBag from /home/airflow/.local/lib/python3.12/site-packages/airflow/example_dags/example_dag_decorator.py
[2025-03-17T23:32:15.593+0000] {processor.py:925} INFO - DAG(s) 'example_dag_decorator' retrieved from /home/airflow/.local/lib/python3.12/site-packages/airflow/example_dags/example_dag_decorator.py
[2025-03-17T23:32:15.639+0000] {logging_mixin.py:190} INFO - [2025-03-17T23:32:15.639+0000] {dag.py:3239} INFO - Sync 1 DAGs
[2025-03-17T23:32:15.644+0000] {logging_mixin.py:190} INFO - [2025-03-17T23:32:15.644+0000] {dag.py:4180} INFO - Setting next_dagrun for example_dag_decorator to None, run_after=None
[2025-03-17T23:32:15.651+0000] {processor.py:208} INFO - Processing /home/airflow/.local/lib/python3.12/site-packages/airflow/example_dags/example_dag_decorator.py took 0.103 seconds
[2025-03-17T23:32:46.252+0000] {processor.py:186} INFO - Started process (PID=6605) to work on /home/airflow/.local/lib/python3.12/site-packages/airflow/example_dags/example_dag_decorator.py
[2025-03-17T23:32:46.253+0000] {processor.py:914} INFO - Processing file /home/airflow/.local/lib/python3.12/site-packages/airflow/example_dags/example_dag_decorator.py for tasks to queue
[2025-03-17T23:32:46.254+0000] {logging_mixin.py:190} INFO - [2025-03-17T23:32:46.254+0000] {dagbag.py:588} INFO - Filling up the DagBag from /home/airflow/.local/lib/python3.12/site-packages/airflow/example_dags/example_dag_decorator.py
[2025-03-17T23:32:46.295+0000] {processor.py:925} INFO - DAG(s) 'example_dag_decorator' retrieved from /home/airflow/.local/lib/python3.12/site-packages/airflow/example_dags/example_dag_decorator.py
[2025-03-17T23:32:46.339+0000] {logging_mixin.py:190} INFO - [2025-03-17T23:32:46.339+0000] {dag.py:3239} INFO - Sync 1 DAGs
[2025-03-17T23:32:46.344+0000] {logging_mixin.py:190} INFO - [2025-03-17T23:32:46.344+0000] {dag.py:4180} INFO - Setting next_dagrun for example_dag_decorator to None, run_after=None
[2025-03-17T23:32:46.352+0000] {processor.py:208} INFO - Processing /home/airflow/.local/lib/python3.12/site-packages/airflow/example_dags/example_dag_decorator.py took 0.103 seconds
[2025-03-17T23:33:16.702+0000] {processor.py:186} INFO - Started process (PID=6896) to work on /home/airflow/.local/lib/python3.12/site-packages/airflow/example_dags/example_dag_decorator.py
[2025-03-17T23:33:16.703+0000] {processor.py:914} INFO - Processing file /home/airflow/.local/lib/python3.12/site-packages/airflow/example_dags/example_dag_decorator.py for tasks to queue
[2025-03-17T23:33:16.703+0000] {logging_mixin.py:190} INFO - [2025-03-17T23:33:16.703+0000] {dagbag.py:588} INFO - Filling up the DagBag from /home/airflow/.local/lib/python3.12/site-packages/airflow/example_dags/example_dag_decorator.py
[2025-03-17T23:33:16.751+0000] {processor.py:925} INFO - DAG(s) 'example_dag_decorator' retrieved from /home/airflow/.local/lib/python3.12/site-packages/airflow/example_dags/example_dag_decorator.py
[2025-03-17T23:33:16.795+0000] {logging_mixin.py:190} INFO - [2025-03-17T23:33:16.795+0000] {dag.py:3239} INFO - Sync 1 DAGs
[2025-03-17T23:33:16.800+0000] {logging_mixin.py:190} INFO - [2025-03-17T23:33:16.800+0000] {dag.py:4180} INFO - Setting next_dagrun for example_dag_decorator to None, run_after=None
[2025-03-17T23:33:16.807+0000] {processor.py:208} INFO - Processing /home/airflow/.local/lib/python3.12/site-packages/airflow/example_dags/example_dag_decorator.py took 0.108 seconds
[2025-03-17T23:33:47.764+0000] {processor.py:186} INFO - Started process (PID=7185) to work on /home/airflow/.local/lib/python3.12/site-packages/airflow/example_dags/example_dag_decorator.py
[2025-03-17T23:33:47.765+0000] {processor.py:914} INFO - Processing file /home/airflow/.local/lib/python3.12/site-packages/airflow/example_dags/example_dag_decorator.py for tasks to queue
[2025-03-17T23:33:47.766+0000] {logging_mixin.py:190} INFO - [2025-03-17T23:33:47.766+0000] {dagbag.py:588} INFO - Filling up the DagBag from /home/airflow/.local/lib/python3.12/site-packages/airflow/example_dags/example_dag_decorator.py
[2025-03-17T23:33:47.833+0000] {processor.py:925} INFO - DAG(s) 'example_dag_decorator' retrieved from /home/airflow/.local/lib/python3.12/site-packages/airflow/example_dags/example_dag_decorator.py
[2025-03-17T23:33:47.892+0000] {logging_mixin.py:190} INFO - [2025-03-17T23:33:47.892+0000] {dag.py:3239} INFO - Sync 1 DAGs
[2025-03-17T23:33:47.897+0000] {logging_mixin.py:190} INFO - [2025-03-17T23:33:47.897+0000] {dag.py:4180} INFO - Setting next_dagrun for example_dag_decorator to None, run_after=None
[2025-03-17T23:33:47.906+0000] {processor.py:208} INFO - Processing /home/airflow/.local/lib/python3.12/site-packages/airflow/example_dags/example_dag_decorator.py took 0.145 seconds
[2025-03-17T23:34:18.517+0000] {processor.py:186} INFO - Started process (PID=7483) to work on /home/airflow/.local/lib/python3.12/site-packages/airflow/example_dags/example_dag_decorator.py
[2025-03-17T23:34:18.518+0000] {processor.py:914} INFO - Processing file /home/airflow/.local/lib/python3.12/site-packages/airflow/example_dags/example_dag_decorator.py for tasks to queue
[2025-03-17T23:34:18.519+0000] {logging_mixin.py:190} INFO - [2025-03-17T23:34:18.519+0000] {dagbag.py:588} INFO - Filling up the DagBag from /home/airflow/.local/lib/python3.12/site-packages/airflow/example_dags/example_dag_decorator.py
[2025-03-17T23:34:18.561+0000] {processor.py:925} INFO - DAG(s) 'example_dag_decorator' retrieved from /home/airflow/.local/lib/python3.12/site-packages/airflow/example_dags/example_dag_decorator.py
[2025-03-17T23:34:18.610+0000] {logging_mixin.py:190} INFO - [2025-03-17T23:34:18.610+0000] {dag.py:3239} INFO - Sync 1 DAGs
[2025-03-17T23:34:18.616+0000] {logging_mixin.py:190} INFO - [2025-03-17T23:34:18.616+0000] {dag.py:4180} INFO - Setting next_dagrun for example_dag_decorator to None, run_after=None
[2025-03-17T23:34:18.623+0000] {processor.py:208} INFO - Processing /home/airflow/.local/lib/python3.12/site-packages/airflow/example_dags/example_dag_decorator.py took 0.109 seconds
[2025-03-17T23:34:50.404+0000] {processor.py:186} INFO - Started process (PID=7801) to work on /home/airflow/.local/lib/python3.12/site-packages/airflow/example_dags/example_dag_decorator.py
[2025-03-17T23:34:50.409+0000] {processor.py:914} INFO - Processing file /home/airflow/.local/lib/python3.12/site-packages/airflow/example_dags/example_dag_decorator.py for tasks to queue
[2025-03-17T23:34:50.428+0000] {logging_mixin.py:190} INFO - [2025-03-17T23:34:50.419+0000] {dagbag.py:588} INFO - Filling up the DagBag from /home/airflow/.local/lib/python3.12/site-packages/airflow/example_dags/example_dag_decorator.py
[2025-03-17T23:34:50.702+0000] {processor.py:925} INFO - DAG(s) 'example_dag_decorator' retrieved from /home/airflow/.local/lib/python3.12/site-packages/airflow/example_dags/example_dag_decorator.py
[2025-03-17T23:34:50.860+0000] {logging_mixin.py:190} INFO - [2025-03-17T23:34:50.859+0000] {dag.py:3239} INFO - Sync 1 DAGs
[2025-03-17T23:34:50.871+0000] {logging_mixin.py:190} INFO - [2025-03-17T23:34:50.871+0000] {dag.py:4180} INFO - Setting next_dagrun for example_dag_decorator to None, run_after=None
[2025-03-17T23:34:50.882+0000] {processor.py:208} INFO - Processing /home/airflow/.local/lib/python3.12/site-packages/airflow/example_dags/example_dag_decorator.py took 0.500 seconds
[2025-03-17T23:35:21.819+0000] {processor.py:186} INFO - Started process (PID=8104) to work on /home/airflow/.local/lib/python3.12/site-packages/airflow/example_dags/example_dag_decorator.py
[2025-03-17T23:35:21.821+0000] {processor.py:914} INFO - Processing file /home/airflow/.local/lib/python3.12/site-packages/airflow/example_dags/example_dag_decorator.py for tasks to queue
[2025-03-17T23:35:21.823+0000] {logging_mixin.py:190} INFO - [2025-03-17T23:35:21.823+0000] {dagbag.py:588} INFO - Filling up the DagBag from /home/airflow/.local/lib/python3.12/site-packages/airflow/example_dags/example_dag_decorator.py
[2025-03-17T23:35:21.900+0000] {processor.py:925} INFO - DAG(s) 'example_dag_decorator' retrieved from /home/airflow/.local/lib/python3.12/site-packages/airflow/example_dags/example_dag_decorator.py
[2025-03-17T23:35:21.960+0000] {logging_mixin.py:190} INFO - [2025-03-17T23:35:21.959+0000] {dag.py:3239} INFO - Sync 1 DAGs
[2025-03-17T23:35:21.966+0000] {logging_mixin.py:190} INFO - [2025-03-17T23:35:21.965+0000] {dag.py:4180} INFO - Setting next_dagrun for example_dag_decorator to None, run_after=None
[2025-03-17T23:35:21.977+0000] {processor.py:208} INFO - Processing /home/airflow/.local/lib/python3.12/site-packages/airflow/example_dags/example_dag_decorator.py took 0.165 seconds
[2025-03-17T23:35:52.573+0000] {processor.py:186} INFO - Started process (PID=8395) to work on /home/airflow/.local/lib/python3.12/site-packages/airflow/example_dags/example_dag_decorator.py
[2025-03-17T23:35:52.574+0000] {processor.py:914} INFO - Processing file /home/airflow/.local/lib/python3.12/site-packages/airflow/example_dags/example_dag_decorator.py for tasks to queue
[2025-03-17T23:35:52.576+0000] {logging_mixin.py:190} INFO - [2025-03-17T23:35:52.576+0000] {dagbag.py:588} INFO - Filling up the DagBag from /home/airflow/.local/lib/python3.12/site-packages/airflow/example_dags/example_dag_decorator.py
[2025-03-17T23:35:52.662+0000] {processor.py:925} INFO - DAG(s) 'example_dag_decorator' retrieved from /home/airflow/.local/lib/python3.12/site-packages/airflow/example_dags/example_dag_decorator.py
[2025-03-17T23:35:52.735+0000] {logging_mixin.py:190} INFO - [2025-03-17T23:35:52.735+0000] {dag.py:3239} INFO - Sync 1 DAGs
[2025-03-17T23:35:52.741+0000] {logging_mixin.py:190} INFO - [2025-03-17T23:35:52.740+0000] {dag.py:4180} INFO - Setting next_dagrun for example_dag_decorator to None, run_after=None
[2025-03-17T23:35:52.749+0000] {processor.py:208} INFO - Processing /home/airflow/.local/lib/python3.12/site-packages/airflow/example_dags/example_dag_decorator.py took 0.183 seconds
[2025-03-17T23:36:23.007+0000] {processor.py:186} INFO - Started process (PID=8686) to work on /home/airflow/.local/lib/python3.12/site-packages/airflow/example_dags/example_dag_decorator.py
[2025-03-17T23:36:23.008+0000] {processor.py:914} INFO - Processing file /home/airflow/.local/lib/python3.12/site-packages/airflow/example_dags/example_dag_decorator.py for tasks to queue
[2025-03-17T23:36:23.010+0000] {logging_mixin.py:190} INFO - [2025-03-17T23:36:23.010+0000] {dagbag.py:588} INFO - Filling up the DagBag from /home/airflow/.local/lib/python3.12/site-packages/airflow/example_dags/example_dag_decorator.py
[2025-03-17T23:36:23.099+0000] {processor.py:925} INFO - DAG(s) 'example_dag_decorator' retrieved from /home/airflow/.local/lib/python3.12/site-packages/airflow/example_dags/example_dag_decorator.py
[2025-03-17T23:36:23.175+0000] {logging_mixin.py:190} INFO - [2025-03-17T23:36:23.175+0000] {dag.py:3239} INFO - Sync 1 DAGs
[2025-03-17T23:36:23.181+0000] {logging_mixin.py:190} INFO - [2025-03-17T23:36:23.181+0000] {dag.py:4180} INFO - Setting next_dagrun for example_dag_decorator to None, run_after=None
[2025-03-17T23:36:23.193+0000] {processor.py:208} INFO - Processing /home/airflow/.local/lib/python3.12/site-packages/airflow/example_dags/example_dag_decorator.py took 0.192 seconds
[2025-03-17T23:36:53.297+0000] {processor.py:186} INFO - Started process (PID=8977) to work on /home/airflow/.local/lib/python3.12/site-packages/airflow/example_dags/example_dag_decorator.py
[2025-03-17T23:36:53.299+0000] {processor.py:914} INFO - Processing file /home/airflow/.local/lib/python3.12/site-packages/airflow/example_dags/example_dag_decorator.py for tasks to queue
[2025-03-17T23:36:53.300+0000] {logging_mixin.py:190} INFO - [2025-03-17T23:36:53.300+0000] {dagbag.py:588} INFO - Filling up the DagBag from /home/airflow/.local/lib/python3.12/site-packages/airflow/example_dags/example_dag_decorator.py
[2025-03-17T23:36:53.386+0000] {processor.py:925} INFO - DAG(s) 'example_dag_decorator' retrieved from /home/airflow/.local/lib/python3.12/site-packages/airflow/example_dags/example_dag_decorator.py
[2025-03-17T23:36:53.459+0000] {logging_mixin.py:190} INFO - [2025-03-17T23:36:53.459+0000] {dag.py:3239} INFO - Sync 1 DAGs
[2025-03-17T23:36:53.469+0000] {logging_mixin.py:190} INFO - [2025-03-17T23:36:53.469+0000] {dag.py:4180} INFO - Setting next_dagrun for example_dag_decorator to None, run_after=None
[2025-03-17T23:36:53.487+0000] {processor.py:208} INFO - Processing /home/airflow/.local/lib/python3.12/site-packages/airflow/example_dags/example_dag_decorator.py took 0.194 seconds
[2025-03-17T23:37:23.893+0000] {processor.py:186} INFO - Started process (PID=9268) to work on /home/airflow/.local/lib/python3.12/site-packages/airflow/example_dags/example_dag_decorator.py
[2025-03-17T23:37:23.895+0000] {processor.py:914} INFO - Processing file /home/airflow/.local/lib/python3.12/site-packages/airflow/example_dags/example_dag_decorator.py for tasks to queue
[2025-03-17T23:37:23.897+0000] {logging_mixin.py:190} INFO - [2025-03-17T23:37:23.897+0000] {dagbag.py:588} INFO - Filling up the DagBag from /home/airflow/.local/lib/python3.12/site-packages/airflow/example_dags/example_dag_decorator.py
[2025-03-17T23:37:23.975+0000] {processor.py:925} INFO - DAG(s) 'example_dag_decorator' retrieved from /home/airflow/.local/lib/python3.12/site-packages/airflow/example_dags/example_dag_decorator.py
[2025-03-17T23:37:24.054+0000] {logging_mixin.py:190} INFO - [2025-03-17T23:37:24.054+0000] {dag.py:3239} INFO - Sync 1 DAGs
[2025-03-17T23:37:24.063+0000] {logging_mixin.py:190} INFO - [2025-03-17T23:37:24.063+0000] {dag.py:4180} INFO - Setting next_dagrun for example_dag_decorator to None, run_after=None
[2025-03-17T23:37:24.079+0000] {processor.py:208} INFO - Processing /home/airflow/.local/lib/python3.12/site-packages/airflow/example_dags/example_dag_decorator.py took 0.193 seconds
