[2025-03-17T23:21:34.602+0000] {processor.py:186} INFO - Started process (PID=282) to work on /home/airflow/.local/lib/python3.12/site-packages/airflow/example_dags/example_task_group.py
[2025-03-17T23:21:34.603+0000] {processor.py:914} INFO - Processing file /home/airflow/.local/lib/python3.12/site-packages/airflow/example_dags/example_task_group.py for tasks to queue
[2025-03-17T23:21:34.605+0000] {logging_mixin.py:190} INFO - [2025-03-17T23:21:34.605+0000] {dagbag.py:588} INFO - Filling up the DagBag from /home/airflow/.local/lib/python3.12/site-packages/airflow/example_dags/example_task_group.py
[2025-03-17T23:21:34.612+0000] {processor.py:925} INFO - DAG(s) 'example_task_group' retrieved from /home/airflow/.local/lib/python3.12/site-packages/airflow/example_dags/example_task_group.py
[2025-03-17T23:21:34.675+0000] {logging_mixin.py:190} INFO - [2025-03-17T23:21:34.674+0000] {override.py:1912} INFO - Created Permission View: can edit on DAG:example_task_group
[2025-03-17T23:21:34.679+0000] {logging_mixin.py:190} INFO - [2025-03-17T23:21:34.679+0000] {override.py:1912} INFO - Created Permission View: can read on DAG:example_task_group
[2025-03-17T23:21:34.683+0000] {logging_mixin.py:190} INFO - [2025-03-17T23:21:34.683+0000] {override.py:1912} INFO - Created Permission View: can delete on DAG:example_task_group
[2025-03-17T23:21:34.687+0000] {logging_mixin.py:190} INFO - [2025-03-17T23:21:34.686+0000] {override.py:1912} INFO - Created Permission View: can create on DAG Run:example_task_group
[2025-03-17T23:21:34.690+0000] {logging_mixin.py:190} INFO - [2025-03-17T23:21:34.690+0000] {override.py:1912} INFO - Created Permission View: menu access on DAG Run:example_task_group
[2025-03-17T23:21:34.693+0000] {logging_mixin.py:190} INFO - [2025-03-17T23:21:34.693+0000] {override.py:1912} INFO - Created Permission View: can read on DAG Run:example_task_group
[2025-03-17T23:21:34.696+0000] {logging_mixin.py:190} INFO - [2025-03-17T23:21:34.696+0000] {override.py:1912} INFO - Created Permission View: can delete on DAG Run:example_task_group
[2025-03-17T23:21:34.697+0000] {logging_mixin.py:190} INFO - [2025-03-17T23:21:34.697+0000] {dag.py:3239} INFO - Sync 1 DAGs
[2025-03-17T23:21:34.703+0000] {logging_mixin.py:190} INFO - [2025-03-17T23:21:34.703+0000] {dag.py:3262} INFO - Creating ORM DAG for example_task_group
[2025-03-17T23:21:34.704+0000] {logging_mixin.py:190} INFO - [2025-03-17T23:21:34.704+0000] {dag.py:4180} INFO - Setting next_dagrun for example_task_group to None, run_after=None
[2025-03-17T23:21:34.713+0000] {processor.py:208} INFO - Processing /home/airflow/.local/lib/python3.12/site-packages/airflow/example_dags/example_task_group.py took 0.114 seconds
[2025-03-17T23:22:04.857+0000] {processor.py:186} INFO - Started process (PID=573) to work on /home/airflow/.local/lib/python3.12/site-packages/airflow/example_dags/example_task_group.py
[2025-03-17T23:22:04.857+0000] {processor.py:914} INFO - Processing file /home/airflow/.local/lib/python3.12/site-packages/airflow/example_dags/example_task_group.py for tasks to queue
[2025-03-17T23:22:04.858+0000] {logging_mixin.py:190} INFO - [2025-03-17T23:22:04.858+0000] {dagbag.py:588} INFO - Filling up the DagBag from /home/airflow/.local/lib/python3.12/site-packages/airflow/example_dags/example_task_group.py
[2025-03-17T23:22:04.862+0000] {processor.py:925} INFO - DAG(s) 'example_task_group' retrieved from /home/airflow/.local/lib/python3.12/site-packages/airflow/example_dags/example_task_group.py
[2025-03-17T23:22:04.872+0000] {logging_mixin.py:190} INFO - [2025-03-17T23:22:04.872+0000] {dag.py:3239} INFO - Sync 1 DAGs
[2025-03-17T23:22:04.879+0000] {logging_mixin.py:190} INFO - [2025-03-17T23:22:04.878+0000] {dag.py:4180} INFO - Setting next_dagrun for example_task_group to None, run_after=None
[2025-03-17T23:22:04.886+0000] {processor.py:208} INFO - Processing /home/airflow/.local/lib/python3.12/site-packages/airflow/example_dags/example_task_group.py took 0.032 seconds
[2025-03-17T23:22:36.117+0000] {processor.py:186} INFO - Started process (PID=864) to work on /home/airflow/.local/lib/python3.12/site-packages/airflow/example_dags/example_task_group.py
[2025-03-17T23:22:36.118+0000] {processor.py:914} INFO - Processing file /home/airflow/.local/lib/python3.12/site-packages/airflow/example_dags/example_task_group.py for tasks to queue
[2025-03-17T23:22:36.119+0000] {logging_mixin.py:190} INFO - [2025-03-17T23:22:36.119+0000] {dagbag.py:588} INFO - Filling up the DagBag from /home/airflow/.local/lib/python3.12/site-packages/airflow/example_dags/example_task_group.py
[2025-03-17T23:22:36.123+0000] {processor.py:925} INFO - DAG(s) 'example_task_group' retrieved from /home/airflow/.local/lib/python3.12/site-packages/airflow/example_dags/example_task_group.py
[2025-03-17T23:22:36.133+0000] {logging_mixin.py:190} INFO - [2025-03-17T23:22:36.133+0000] {dag.py:3239} INFO - Sync 1 DAGs
[2025-03-17T23:22:36.140+0000] {logging_mixin.py:190} INFO - [2025-03-17T23:22:36.140+0000] {dag.py:4180} INFO - Setting next_dagrun for example_task_group to None, run_after=None
[2025-03-17T23:22:36.152+0000] {processor.py:208} INFO - Processing /home/airflow/.local/lib/python3.12/site-packages/airflow/example_dags/example_task_group.py took 0.038 seconds
[2025-03-17T23:23:07.042+0000] {processor.py:186} INFO - Started process (PID=1155) to work on /home/airflow/.local/lib/python3.12/site-packages/airflow/example_dags/example_task_group.py
[2025-03-17T23:23:07.045+0000] {processor.py:914} INFO - Processing file /home/airflow/.local/lib/python3.12/site-packages/airflow/example_dags/example_task_group.py for tasks to queue
[2025-03-17T23:23:07.046+0000] {logging_mixin.py:190} INFO - [2025-03-17T23:23:07.046+0000] {dagbag.py:588} INFO - Filling up the DagBag from /home/airflow/.local/lib/python3.12/site-packages/airflow/example_dags/example_task_group.py
[2025-03-17T23:23:07.050+0000] {processor.py:925} INFO - DAG(s) 'example_task_group' retrieved from /home/airflow/.local/lib/python3.12/site-packages/airflow/example_dags/example_task_group.py
[2025-03-17T23:23:07.059+0000] {logging_mixin.py:190} INFO - [2025-03-17T23:23:07.059+0000] {dag.py:3239} INFO - Sync 1 DAGs
[2025-03-17T23:23:07.065+0000] {logging_mixin.py:190} INFO - [2025-03-17T23:23:07.065+0000] {dag.py:4180} INFO - Setting next_dagrun for example_task_group to None, run_after=None
[2025-03-17T23:23:07.074+0000] {processor.py:208} INFO - Processing /home/airflow/.local/lib/python3.12/site-packages/airflow/example_dags/example_task_group.py took 0.034 seconds
[2025-03-17T23:23:38.213+0000] {processor.py:186} INFO - Started process (PID=1448) to work on /home/airflow/.local/lib/python3.12/site-packages/airflow/example_dags/example_task_group.py
[2025-03-17T23:23:38.213+0000] {processor.py:914} INFO - Processing file /home/airflow/.local/lib/python3.12/site-packages/airflow/example_dags/example_task_group.py for tasks to queue
[2025-03-17T23:23:38.214+0000] {logging_mixin.py:190} INFO - [2025-03-17T23:23:38.214+0000] {dagbag.py:588} INFO - Filling up the DagBag from /home/airflow/.local/lib/python3.12/site-packages/airflow/example_dags/example_task_group.py
[2025-03-17T23:23:38.219+0000] {processor.py:925} INFO - DAG(s) 'example_task_group' retrieved from /home/airflow/.local/lib/python3.12/site-packages/airflow/example_dags/example_task_group.py
[2025-03-17T23:23:38.230+0000] {logging_mixin.py:190} INFO - [2025-03-17T23:23:38.230+0000] {dag.py:3239} INFO - Sync 1 DAGs
[2025-03-17T23:23:38.236+0000] {logging_mixin.py:190} INFO - [2025-03-17T23:23:38.236+0000] {dag.py:4180} INFO - Setting next_dagrun for example_task_group to None, run_after=None
[2025-03-17T23:23:38.244+0000] {processor.py:208} INFO - Processing /home/airflow/.local/lib/python3.12/site-packages/airflow/example_dags/example_task_group.py took 0.034 seconds
[2025-03-17T23:24:09.160+0000] {processor.py:186} INFO - Started process (PID=1737) to work on /home/airflow/.local/lib/python3.12/site-packages/airflow/example_dags/example_task_group.py
[2025-03-17T23:24:09.160+0000] {processor.py:914} INFO - Processing file /home/airflow/.local/lib/python3.12/site-packages/airflow/example_dags/example_task_group.py for tasks to queue
[2025-03-17T23:24:09.162+0000] {logging_mixin.py:190} INFO - [2025-03-17T23:24:09.162+0000] {dagbag.py:588} INFO - Filling up the DagBag from /home/airflow/.local/lib/python3.12/site-packages/airflow/example_dags/example_task_group.py
[2025-03-17T23:24:09.166+0000] {processor.py:925} INFO - DAG(s) 'example_task_group' retrieved from /home/airflow/.local/lib/python3.12/site-packages/airflow/example_dags/example_task_group.py
[2025-03-17T23:24:09.177+0000] {logging_mixin.py:190} INFO - [2025-03-17T23:24:09.177+0000] {dag.py:3239} INFO - Sync 1 DAGs
[2025-03-17T23:24:09.184+0000] {logging_mixin.py:190} INFO - [2025-03-17T23:24:09.184+0000] {dag.py:4180} INFO - Setting next_dagrun for example_task_group to None, run_after=None
[2025-03-17T23:24:09.192+0000] {processor.py:208} INFO - Processing /home/airflow/.local/lib/python3.12/site-packages/airflow/example_dags/example_task_group.py took 0.035 seconds
[2025-03-17T23:24:40.271+0000] {processor.py:186} INFO - Started process (PID=2027) to work on /home/airflow/.local/lib/python3.12/site-packages/airflow/example_dags/example_task_group.py
[2025-03-17T23:24:40.271+0000] {processor.py:914} INFO - Processing file /home/airflow/.local/lib/python3.12/site-packages/airflow/example_dags/example_task_group.py for tasks to queue
[2025-03-17T23:24:40.273+0000] {logging_mixin.py:190} INFO - [2025-03-17T23:24:40.273+0000] {dagbag.py:588} INFO - Filling up the DagBag from /home/airflow/.local/lib/python3.12/site-packages/airflow/example_dags/example_task_group.py
[2025-03-17T23:24:40.279+0000] {processor.py:925} INFO - DAG(s) 'example_task_group' retrieved from /home/airflow/.local/lib/python3.12/site-packages/airflow/example_dags/example_task_group.py
[2025-03-17T23:24:40.295+0000] {logging_mixin.py:190} INFO - [2025-03-17T23:24:40.294+0000] {dag.py:3239} INFO - Sync 1 DAGs
[2025-03-17T23:24:40.308+0000] {logging_mixin.py:190} INFO - [2025-03-17T23:24:40.308+0000] {dag.py:4180} INFO - Setting next_dagrun for example_task_group to None, run_after=None
[2025-03-17T23:24:40.329+0000] {processor.py:208} INFO - Processing /home/airflow/.local/lib/python3.12/site-packages/airflow/example_dags/example_task_group.py took 0.062 seconds
[2025-03-17T23:25:11.641+0000] {processor.py:186} INFO - Started process (PID=2318) to work on /home/airflow/.local/lib/python3.12/site-packages/airflow/example_dags/example_task_group.py
[2025-03-17T23:25:11.641+0000] {processor.py:914} INFO - Processing file /home/airflow/.local/lib/python3.12/site-packages/airflow/example_dags/example_task_group.py for tasks to queue
[2025-03-17T23:25:11.643+0000] {logging_mixin.py:190} INFO - [2025-03-17T23:25:11.642+0000] {dagbag.py:588} INFO - Filling up the DagBag from /home/airflow/.local/lib/python3.12/site-packages/airflow/example_dags/example_task_group.py
[2025-03-17T23:25:11.647+0000] {processor.py:925} INFO - DAG(s) 'example_task_group' retrieved from /home/airflow/.local/lib/python3.12/site-packages/airflow/example_dags/example_task_group.py
[2025-03-17T23:25:11.658+0000] {logging_mixin.py:190} INFO - [2025-03-17T23:25:11.658+0000] {dag.py:3239} INFO - Sync 1 DAGs
[2025-03-17T23:25:11.665+0000] {logging_mixin.py:190} INFO - [2025-03-17T23:25:11.665+0000] {dag.py:4180} INFO - Setting next_dagrun for example_task_group to None, run_after=None
[2025-03-17T23:25:11.674+0000] {processor.py:208} INFO - Processing /home/airflow/.local/lib/python3.12/site-packages/airflow/example_dags/example_task_group.py took 0.037 seconds
[2025-03-17T23:25:42.919+0000] {processor.py:186} INFO - Started process (PID=2609) to work on /home/airflow/.local/lib/python3.12/site-packages/airflow/example_dags/example_task_group.py
[2025-03-17T23:25:42.920+0000] {processor.py:914} INFO - Processing file /home/airflow/.local/lib/python3.12/site-packages/airflow/example_dags/example_task_group.py for tasks to queue
[2025-03-17T23:25:42.921+0000] {logging_mixin.py:190} INFO - [2025-03-17T23:25:42.921+0000] {dagbag.py:588} INFO - Filling up the DagBag from /home/airflow/.local/lib/python3.12/site-packages/airflow/example_dags/example_task_group.py
[2025-03-17T23:25:42.928+0000] {processor.py:925} INFO - DAG(s) 'example_task_group' retrieved from /home/airflow/.local/lib/python3.12/site-packages/airflow/example_dags/example_task_group.py
[2025-03-17T23:25:42.941+0000] {logging_mixin.py:190} INFO - [2025-03-17T23:25:42.941+0000] {dag.py:3239} INFO - Sync 1 DAGs
[2025-03-17T23:25:42.949+0000] {logging_mixin.py:190} INFO - [2025-03-17T23:25:42.949+0000] {dag.py:4180} INFO - Setting next_dagrun for example_task_group to None, run_after=None
[2025-03-17T23:25:42.960+0000] {processor.py:208} INFO - Processing /home/airflow/.local/lib/python3.12/site-packages/airflow/example_dags/example_task_group.py took 0.045 seconds
[2025-03-17T23:26:14.097+0000] {processor.py:186} INFO - Started process (PID=2900) to work on /home/airflow/.local/lib/python3.12/site-packages/airflow/example_dags/example_task_group.py
[2025-03-17T23:26:14.097+0000] {processor.py:914} INFO - Processing file /home/airflow/.local/lib/python3.12/site-packages/airflow/example_dags/example_task_group.py for tasks to queue
[2025-03-17T23:26:14.099+0000] {logging_mixin.py:190} INFO - [2025-03-17T23:26:14.099+0000] {dagbag.py:588} INFO - Filling up the DagBag from /home/airflow/.local/lib/python3.12/site-packages/airflow/example_dags/example_task_group.py
[2025-03-17T23:26:14.104+0000] {processor.py:925} INFO - DAG(s) 'example_task_group' retrieved from /home/airflow/.local/lib/python3.12/site-packages/airflow/example_dags/example_task_group.py
[2025-03-17T23:26:14.114+0000] {logging_mixin.py:190} INFO - [2025-03-17T23:26:14.114+0000] {dag.py:3239} INFO - Sync 1 DAGs
[2025-03-17T23:26:14.122+0000] {logging_mixin.py:190} INFO - [2025-03-17T23:26:14.122+0000] {dag.py:4180} INFO - Setting next_dagrun for example_task_group to None, run_after=None
[2025-03-17T23:26:14.130+0000] {processor.py:208} INFO - Processing /home/airflow/.local/lib/python3.12/site-packages/airflow/example_dags/example_task_group.py took 0.037 seconds
[2025-03-17T23:26:44.942+0000] {processor.py:186} INFO - Started process (PID=3191) to work on /home/airflow/.local/lib/python3.12/site-packages/airflow/example_dags/example_task_group.py
[2025-03-17T23:26:44.943+0000] {processor.py:914} INFO - Processing file /home/airflow/.local/lib/python3.12/site-packages/airflow/example_dags/example_task_group.py for tasks to queue
[2025-03-17T23:26:44.944+0000] {logging_mixin.py:190} INFO - [2025-03-17T23:26:44.944+0000] {dagbag.py:588} INFO - Filling up the DagBag from /home/airflow/.local/lib/python3.12/site-packages/airflow/example_dags/example_task_group.py
[2025-03-17T23:26:44.949+0000] {processor.py:925} INFO - DAG(s) 'example_task_group' retrieved from /home/airflow/.local/lib/python3.12/site-packages/airflow/example_dags/example_task_group.py
[2025-03-17T23:26:44.959+0000] {logging_mixin.py:190} INFO - [2025-03-17T23:26:44.959+0000] {dag.py:3239} INFO - Sync 1 DAGs
[2025-03-17T23:26:44.966+0000] {logging_mixin.py:190} INFO - [2025-03-17T23:26:44.966+0000] {dag.py:4180} INFO - Setting next_dagrun for example_task_group to None, run_after=None
[2025-03-17T23:26:44.974+0000] {processor.py:208} INFO - Processing /home/airflow/.local/lib/python3.12/site-packages/airflow/example_dags/example_task_group.py took 0.035 seconds
[2025-03-17T23:27:15.918+0000] {processor.py:186} INFO - Started process (PID=3482) to work on /home/airflow/.local/lib/python3.12/site-packages/airflow/example_dags/example_task_group.py
[2025-03-17T23:27:15.919+0000] {processor.py:914} INFO - Processing file /home/airflow/.local/lib/python3.12/site-packages/airflow/example_dags/example_task_group.py for tasks to queue
[2025-03-17T23:27:15.920+0000] {logging_mixin.py:190} INFO - [2025-03-17T23:27:15.920+0000] {dagbag.py:588} INFO - Filling up the DagBag from /home/airflow/.local/lib/python3.12/site-packages/airflow/example_dags/example_task_group.py
[2025-03-17T23:27:15.925+0000] {processor.py:925} INFO - DAG(s) 'example_task_group' retrieved from /home/airflow/.local/lib/python3.12/site-packages/airflow/example_dags/example_task_group.py
[2025-03-17T23:27:15.937+0000] {logging_mixin.py:190} INFO - [2025-03-17T23:27:15.937+0000] {dag.py:3239} INFO - Sync 1 DAGs
[2025-03-17T23:27:15.945+0000] {logging_mixin.py:190} INFO - [2025-03-17T23:27:15.944+0000] {dag.py:4180} INFO - Setting next_dagrun for example_task_group to None, run_after=None
[2025-03-17T23:27:15.956+0000] {processor.py:208} INFO - Processing /home/airflow/.local/lib/python3.12/site-packages/airflow/example_dags/example_task_group.py took 0.041 seconds
[2025-03-17T23:27:46.853+0000] {processor.py:186} INFO - Started process (PID=3773) to work on /home/airflow/.local/lib/python3.12/site-packages/airflow/example_dags/example_task_group.py
[2025-03-17T23:27:46.854+0000] {processor.py:914} INFO - Processing file /home/airflow/.local/lib/python3.12/site-packages/airflow/example_dags/example_task_group.py for tasks to queue
[2025-03-17T23:27:46.856+0000] {logging_mixin.py:190} INFO - [2025-03-17T23:27:46.855+0000] {dagbag.py:588} INFO - Filling up the DagBag from /home/airflow/.local/lib/python3.12/site-packages/airflow/example_dags/example_task_group.py
[2025-03-17T23:27:46.860+0000] {processor.py:925} INFO - DAG(s) 'example_task_group' retrieved from /home/airflow/.local/lib/python3.12/site-packages/airflow/example_dags/example_task_group.py
[2025-03-17T23:27:46.876+0000] {logging_mixin.py:190} INFO - [2025-03-17T23:27:46.876+0000] {dag.py:3239} INFO - Sync 1 DAGs
[2025-03-17T23:27:46.885+0000] {logging_mixin.py:190} INFO - [2025-03-17T23:27:46.885+0000] {dag.py:4180} INFO - Setting next_dagrun for example_task_group to None, run_after=None
[2025-03-17T23:27:46.895+0000] {processor.py:208} INFO - Processing /home/airflow/.local/lib/python3.12/site-packages/airflow/example_dags/example_task_group.py took 0.046 seconds
[2025-03-17T23:28:17.536+0000] {processor.py:186} INFO - Started process (PID=4064) to work on /home/airflow/.local/lib/python3.12/site-packages/airflow/example_dags/example_task_group.py
[2025-03-17T23:28:17.537+0000] {processor.py:914} INFO - Processing file /home/airflow/.local/lib/python3.12/site-packages/airflow/example_dags/example_task_group.py for tasks to queue
[2025-03-17T23:28:17.539+0000] {logging_mixin.py:190} INFO - [2025-03-17T23:28:17.538+0000] {dagbag.py:588} INFO - Filling up the DagBag from /home/airflow/.local/lib/python3.12/site-packages/airflow/example_dags/example_task_group.py
[2025-03-17T23:28:17.543+0000] {processor.py:925} INFO - DAG(s) 'example_task_group' retrieved from /home/airflow/.local/lib/python3.12/site-packages/airflow/example_dags/example_task_group.py
[2025-03-17T23:28:17.556+0000] {logging_mixin.py:190} INFO - [2025-03-17T23:28:17.556+0000] {dag.py:3239} INFO - Sync 1 DAGs
[2025-03-17T23:28:17.563+0000] {logging_mixin.py:190} INFO - [2025-03-17T23:28:17.563+0000] {dag.py:4180} INFO - Setting next_dagrun for example_task_group to None, run_after=None
[2025-03-17T23:28:17.571+0000] {processor.py:208} INFO - Processing /home/airflow/.local/lib/python3.12/site-packages/airflow/example_dags/example_task_group.py took 0.037 seconds
[2025-03-17T23:28:48.345+0000] {processor.py:186} INFO - Started process (PID=4355) to work on /home/airflow/.local/lib/python3.12/site-packages/airflow/example_dags/example_task_group.py
[2025-03-17T23:28:48.346+0000] {processor.py:914} INFO - Processing file /home/airflow/.local/lib/python3.12/site-packages/airflow/example_dags/example_task_group.py for tasks to queue
[2025-03-17T23:28:48.347+0000] {logging_mixin.py:190} INFO - [2025-03-17T23:28:48.347+0000] {dagbag.py:588} INFO - Filling up the DagBag from /home/airflow/.local/lib/python3.12/site-packages/airflow/example_dags/example_task_group.py
[2025-03-17T23:28:48.353+0000] {processor.py:925} INFO - DAG(s) 'example_task_group' retrieved from /home/airflow/.local/lib/python3.12/site-packages/airflow/example_dags/example_task_group.py
[2025-03-17T23:28:48.365+0000] {logging_mixin.py:190} INFO - [2025-03-17T23:28:48.365+0000] {dag.py:3239} INFO - Sync 1 DAGs
[2025-03-17T23:28:48.373+0000] {logging_mixin.py:190} INFO - [2025-03-17T23:28:48.373+0000] {dag.py:4180} INFO - Setting next_dagrun for example_task_group to None, run_after=None
[2025-03-17T23:28:48.382+0000] {processor.py:208} INFO - Processing /home/airflow/.local/lib/python3.12/site-packages/airflow/example_dags/example_task_group.py took 0.039 seconds
[2025-03-17T23:29:18.984+0000] {processor.py:186} INFO - Started process (PID=4646) to work on /home/airflow/.local/lib/python3.12/site-packages/airflow/example_dags/example_task_group.py
[2025-03-17T23:29:18.984+0000] {processor.py:914} INFO - Processing file /home/airflow/.local/lib/python3.12/site-packages/airflow/example_dags/example_task_group.py for tasks to queue
[2025-03-17T23:29:18.986+0000] {logging_mixin.py:190} INFO - [2025-03-17T23:29:18.986+0000] {dagbag.py:588} INFO - Filling up the DagBag from /home/airflow/.local/lib/python3.12/site-packages/airflow/example_dags/example_task_group.py
[2025-03-17T23:29:18.990+0000] {processor.py:925} INFO - DAG(s) 'example_task_group' retrieved from /home/airflow/.local/lib/python3.12/site-packages/airflow/example_dags/example_task_group.py
[2025-03-17T23:29:19.000+0000] {logging_mixin.py:190} INFO - [2025-03-17T23:29:19.000+0000] {dag.py:3239} INFO - Sync 1 DAGs
[2025-03-17T23:29:19.006+0000] {logging_mixin.py:190} INFO - [2025-03-17T23:29:19.006+0000] {dag.py:4180} INFO - Setting next_dagrun for example_task_group to None, run_after=None
[2025-03-17T23:29:19.016+0000] {processor.py:208} INFO - Processing /home/airflow/.local/lib/python3.12/site-packages/airflow/example_dags/example_task_group.py took 0.036 seconds
[2025-03-17T23:29:49.553+0000] {processor.py:186} INFO - Started process (PID=4937) to work on /home/airflow/.local/lib/python3.12/site-packages/airflow/example_dags/example_task_group.py
[2025-03-17T23:29:49.554+0000] {processor.py:914} INFO - Processing file /home/airflow/.local/lib/python3.12/site-packages/airflow/example_dags/example_task_group.py for tasks to queue
[2025-03-17T23:29:49.557+0000] {logging_mixin.py:190} INFO - [2025-03-17T23:29:49.555+0000] {dagbag.py:588} INFO - Filling up the DagBag from /home/airflow/.local/lib/python3.12/site-packages/airflow/example_dags/example_task_group.py
[2025-03-17T23:29:49.561+0000] {processor.py:925} INFO - DAG(s) 'example_task_group' retrieved from /home/airflow/.local/lib/python3.12/site-packages/airflow/example_dags/example_task_group.py
[2025-03-17T23:29:49.572+0000] {logging_mixin.py:190} INFO - [2025-03-17T23:29:49.572+0000] {dag.py:3239} INFO - Sync 1 DAGs
[2025-03-17T23:29:49.579+0000] {logging_mixin.py:190} INFO - [2025-03-17T23:29:49.579+0000] {dag.py:4180} INFO - Setting next_dagrun for example_task_group to None, run_after=None
[2025-03-17T23:29:49.587+0000] {processor.py:208} INFO - Processing /home/airflow/.local/lib/python3.12/site-packages/airflow/example_dags/example_task_group.py took 0.036 seconds
[2025-03-17T23:30:20.163+0000] {processor.py:186} INFO - Started process (PID=5228) to work on /home/airflow/.local/lib/python3.12/site-packages/airflow/example_dags/example_task_group.py
[2025-03-17T23:30:20.165+0000] {processor.py:914} INFO - Processing file /home/airflow/.local/lib/python3.12/site-packages/airflow/example_dags/example_task_group.py for tasks to queue
[2025-03-17T23:30:20.166+0000] {logging_mixin.py:190} INFO - [2025-03-17T23:30:20.166+0000] {dagbag.py:588} INFO - Filling up the DagBag from /home/airflow/.local/lib/python3.12/site-packages/airflow/example_dags/example_task_group.py
[2025-03-17T23:30:20.171+0000] {processor.py:925} INFO - DAG(s) 'example_task_group' retrieved from /home/airflow/.local/lib/python3.12/site-packages/airflow/example_dags/example_task_group.py
[2025-03-17T23:30:20.183+0000] {logging_mixin.py:190} INFO - [2025-03-17T23:30:20.182+0000] {dag.py:3239} INFO - Sync 1 DAGs
[2025-03-17T23:30:20.189+0000] {logging_mixin.py:190} INFO - [2025-03-17T23:30:20.189+0000] {dag.py:4180} INFO - Setting next_dagrun for example_task_group to None, run_after=None
[2025-03-17T23:30:20.198+0000] {processor.py:208} INFO - Processing /home/airflow/.local/lib/python3.12/site-packages/airflow/example_dags/example_task_group.py took 0.038 seconds
[2025-03-17T23:30:50.747+0000] {processor.py:186} INFO - Started process (PID=5519) to work on /home/airflow/.local/lib/python3.12/site-packages/airflow/example_dags/example_task_group.py
[2025-03-17T23:30:50.748+0000] {processor.py:914} INFO - Processing file /home/airflow/.local/lib/python3.12/site-packages/airflow/example_dags/example_task_group.py for tasks to queue
[2025-03-17T23:30:50.749+0000] {logging_mixin.py:190} INFO - [2025-03-17T23:30:50.749+0000] {dagbag.py:588} INFO - Filling up the DagBag from /home/airflow/.local/lib/python3.12/site-packages/airflow/example_dags/example_task_group.py
[2025-03-17T23:30:50.753+0000] {processor.py:925} INFO - DAG(s) 'example_task_group' retrieved from /home/airflow/.local/lib/python3.12/site-packages/airflow/example_dags/example_task_group.py
[2025-03-17T23:30:50.764+0000] {logging_mixin.py:190} INFO - [2025-03-17T23:30:50.764+0000] {dag.py:3239} INFO - Sync 1 DAGs
[2025-03-17T23:30:50.770+0000] {logging_mixin.py:190} INFO - [2025-03-17T23:30:50.770+0000] {dag.py:4180} INFO - Setting next_dagrun for example_task_group to None, run_after=None
[2025-03-17T23:30:50.780+0000] {processor.py:208} INFO - Processing /home/airflow/.local/lib/python3.12/site-packages/airflow/example_dags/example_task_group.py took 0.036 seconds
[2025-03-17T23:31:21.307+0000] {processor.py:186} INFO - Started process (PID=5810) to work on /home/airflow/.local/lib/python3.12/site-packages/airflow/example_dags/example_task_group.py
[2025-03-17T23:31:21.308+0000] {processor.py:914} INFO - Processing file /home/airflow/.local/lib/python3.12/site-packages/airflow/example_dags/example_task_group.py for tasks to queue
[2025-03-17T23:31:21.309+0000] {logging_mixin.py:190} INFO - [2025-03-17T23:31:21.309+0000] {dagbag.py:588} INFO - Filling up the DagBag from /home/airflow/.local/lib/python3.12/site-packages/airflow/example_dags/example_task_group.py
[2025-03-17T23:31:21.313+0000] {processor.py:925} INFO - DAG(s) 'example_task_group' retrieved from /home/airflow/.local/lib/python3.12/site-packages/airflow/example_dags/example_task_group.py
[2025-03-17T23:31:21.323+0000] {logging_mixin.py:190} INFO - [2025-03-17T23:31:21.323+0000] {dag.py:3239} INFO - Sync 1 DAGs
[2025-03-17T23:31:21.329+0000] {logging_mixin.py:190} INFO - [2025-03-17T23:31:21.329+0000] {dag.py:4180} INFO - Setting next_dagrun for example_task_group to None, run_after=None
[2025-03-17T23:31:21.339+0000] {processor.py:208} INFO - Processing /home/airflow/.local/lib/python3.12/site-packages/airflow/example_dags/example_task_group.py took 0.035 seconds
[2025-03-17T23:31:51.842+0000] {processor.py:186} INFO - Started process (PID=6101) to work on /home/airflow/.local/lib/python3.12/site-packages/airflow/example_dags/example_task_group.py
[2025-03-17T23:31:51.842+0000] {processor.py:914} INFO - Processing file /home/airflow/.local/lib/python3.12/site-packages/airflow/example_dags/example_task_group.py for tasks to queue
[2025-03-17T23:31:51.843+0000] {logging_mixin.py:190} INFO - [2025-03-17T23:31:51.843+0000] {dagbag.py:588} INFO - Filling up the DagBag from /home/airflow/.local/lib/python3.12/site-packages/airflow/example_dags/example_task_group.py
[2025-03-17T23:31:51.847+0000] {processor.py:925} INFO - DAG(s) 'example_task_group' retrieved from /home/airflow/.local/lib/python3.12/site-packages/airflow/example_dags/example_task_group.py
[2025-03-17T23:31:51.857+0000] {logging_mixin.py:190} INFO - [2025-03-17T23:31:51.857+0000] {dag.py:3239} INFO - Sync 1 DAGs
[2025-03-17T23:31:51.865+0000] {logging_mixin.py:190} INFO - [2025-03-17T23:31:51.864+0000] {dag.py:4180} INFO - Setting next_dagrun for example_task_group to None, run_after=None
[2025-03-17T23:31:51.873+0000] {processor.py:208} INFO - Processing /home/airflow/.local/lib/python3.12/site-packages/airflow/example_dags/example_task_group.py took 0.034 seconds
[2025-03-17T23:32:22.407+0000] {processor.py:186} INFO - Started process (PID=6392) to work on /home/airflow/.local/lib/python3.12/site-packages/airflow/example_dags/example_task_group.py
[2025-03-17T23:32:22.408+0000] {processor.py:914} INFO - Processing file /home/airflow/.local/lib/python3.12/site-packages/airflow/example_dags/example_task_group.py for tasks to queue
[2025-03-17T23:32:22.409+0000] {logging_mixin.py:190} INFO - [2025-03-17T23:32:22.409+0000] {dagbag.py:588} INFO - Filling up the DagBag from /home/airflow/.local/lib/python3.12/site-packages/airflow/example_dags/example_task_group.py
[2025-03-17T23:32:22.413+0000] {processor.py:925} INFO - DAG(s) 'example_task_group' retrieved from /home/airflow/.local/lib/python3.12/site-packages/airflow/example_dags/example_task_group.py
[2025-03-17T23:32:22.423+0000] {logging_mixin.py:190} INFO - [2025-03-17T23:32:22.423+0000] {dag.py:3239} INFO - Sync 1 DAGs
[2025-03-17T23:32:22.429+0000] {logging_mixin.py:190} INFO - [2025-03-17T23:32:22.429+0000] {dag.py:4180} INFO - Setting next_dagrun for example_task_group to None, run_after=None
[2025-03-17T23:32:22.437+0000] {processor.py:208} INFO - Processing /home/airflow/.local/lib/python3.12/site-packages/airflow/example_dags/example_task_group.py took 0.033 seconds
[2025-03-17T23:32:53.091+0000] {processor.py:186} INFO - Started process (PID=6683) to work on /home/airflow/.local/lib/python3.12/site-packages/airflow/example_dags/example_task_group.py
[2025-03-17T23:32:53.092+0000] {processor.py:914} INFO - Processing file /home/airflow/.local/lib/python3.12/site-packages/airflow/example_dags/example_task_group.py for tasks to queue
[2025-03-17T23:32:53.093+0000] {logging_mixin.py:190} INFO - [2025-03-17T23:32:53.093+0000] {dagbag.py:588} INFO - Filling up the DagBag from /home/airflow/.local/lib/python3.12/site-packages/airflow/example_dags/example_task_group.py
[2025-03-17T23:32:53.097+0000] {processor.py:925} INFO - DAG(s) 'example_task_group' retrieved from /home/airflow/.local/lib/python3.12/site-packages/airflow/example_dags/example_task_group.py
[2025-03-17T23:32:53.107+0000] {logging_mixin.py:190} INFO - [2025-03-17T23:32:53.107+0000] {dag.py:3239} INFO - Sync 1 DAGs
[2025-03-17T23:32:53.114+0000] {logging_mixin.py:190} INFO - [2025-03-17T23:32:53.113+0000] {dag.py:4180} INFO - Setting next_dagrun for example_task_group to None, run_after=None
[2025-03-17T23:32:53.122+0000] {processor.py:208} INFO - Processing /home/airflow/.local/lib/python3.12/site-packages/airflow/example_dags/example_task_group.py took 0.033 seconds
[2025-03-17T23:33:23.732+0000] {processor.py:186} INFO - Started process (PID=6974) to work on /home/airflow/.local/lib/python3.12/site-packages/airflow/example_dags/example_task_group.py
[2025-03-17T23:33:23.733+0000] {processor.py:914} INFO - Processing file /home/airflow/.local/lib/python3.12/site-packages/airflow/example_dags/example_task_group.py for tasks to queue
[2025-03-17T23:33:23.734+0000] {logging_mixin.py:190} INFO - [2025-03-17T23:33:23.734+0000] {dagbag.py:588} INFO - Filling up the DagBag from /home/airflow/.local/lib/python3.12/site-packages/airflow/example_dags/example_task_group.py
[2025-03-17T23:33:23.739+0000] {processor.py:925} INFO - DAG(s) 'example_task_group' retrieved from /home/airflow/.local/lib/python3.12/site-packages/airflow/example_dags/example_task_group.py
[2025-03-17T23:33:23.749+0000] {logging_mixin.py:190} INFO - [2025-03-17T23:33:23.749+0000] {dag.py:3239} INFO - Sync 1 DAGs
[2025-03-17T23:33:23.756+0000] {logging_mixin.py:190} INFO - [2025-03-17T23:33:23.755+0000] {dag.py:4180} INFO - Setting next_dagrun for example_task_group to None, run_after=None
[2025-03-17T23:33:23.766+0000] {processor.py:208} INFO - Processing /home/airflow/.local/lib/python3.12/site-packages/airflow/example_dags/example_task_group.py took 0.037 seconds
[2025-03-17T23:33:54.705+0000] {processor.py:186} INFO - Started process (PID=7265) to work on /home/airflow/.local/lib/python3.12/site-packages/airflow/example_dags/example_task_group.py
[2025-03-17T23:33:54.706+0000] {processor.py:914} INFO - Processing file /home/airflow/.local/lib/python3.12/site-packages/airflow/example_dags/example_task_group.py for tasks to queue
[2025-03-17T23:33:54.707+0000] {logging_mixin.py:190} INFO - [2025-03-17T23:33:54.707+0000] {dagbag.py:588} INFO - Filling up the DagBag from /home/airflow/.local/lib/python3.12/site-packages/airflow/example_dags/example_task_group.py
[2025-03-17T23:33:54.712+0000] {processor.py:925} INFO - DAG(s) 'example_task_group' retrieved from /home/airflow/.local/lib/python3.12/site-packages/airflow/example_dags/example_task_group.py
[2025-03-17T23:33:54.722+0000] {logging_mixin.py:190} INFO - [2025-03-17T23:33:54.722+0000] {dag.py:3239} INFO - Sync 1 DAGs
[2025-03-17T23:33:54.728+0000] {logging_mixin.py:190} INFO - [2025-03-17T23:33:54.728+0000] {dag.py:4180} INFO - Setting next_dagrun for example_task_group to None, run_after=None
[2025-03-17T23:33:54.736+0000] {processor.py:208} INFO - Processing /home/airflow/.local/lib/python3.12/site-packages/airflow/example_dags/example_task_group.py took 0.034 seconds
[2025-03-17T23:34:25.580+0000] {processor.py:186} INFO - Started process (PID=7556) to work on /home/airflow/.local/lib/python3.12/site-packages/airflow/example_dags/example_task_group.py
[2025-03-17T23:34:25.581+0000] {processor.py:914} INFO - Processing file /home/airflow/.local/lib/python3.12/site-packages/airflow/example_dags/example_task_group.py for tasks to queue
[2025-03-17T23:34:25.582+0000] {logging_mixin.py:190} INFO - [2025-03-17T23:34:25.582+0000] {dagbag.py:588} INFO - Filling up the DagBag from /home/airflow/.local/lib/python3.12/site-packages/airflow/example_dags/example_task_group.py
[2025-03-17T23:34:25.587+0000] {processor.py:925} INFO - DAG(s) 'example_task_group' retrieved from /home/airflow/.local/lib/python3.12/site-packages/airflow/example_dags/example_task_group.py
[2025-03-17T23:34:25.598+0000] {logging_mixin.py:190} INFO - [2025-03-17T23:34:25.598+0000] {dag.py:3239} INFO - Sync 1 DAGs
[2025-03-17T23:34:25.605+0000] {logging_mixin.py:190} INFO - [2025-03-17T23:34:25.605+0000] {dag.py:4180} INFO - Setting next_dagrun for example_task_group to None, run_after=None
[2025-03-17T23:34:25.614+0000] {processor.py:208} INFO - Processing /home/airflow/.local/lib/python3.12/site-packages/airflow/example_dags/example_task_group.py took 0.037 seconds
[2025-03-17T23:34:56.765+0000] {processor.py:186} INFO - Started process (PID=7886) to work on /home/airflow/.local/lib/python3.12/site-packages/airflow/example_dags/example_task_group.py
[2025-03-17T23:34:56.765+0000] {processor.py:914} INFO - Processing file /home/airflow/.local/lib/python3.12/site-packages/airflow/example_dags/example_task_group.py for tasks to queue
[2025-03-17T23:34:56.766+0000] {logging_mixin.py:190} INFO - [2025-03-17T23:34:56.766+0000] {dagbag.py:588} INFO - Filling up the DagBag from /home/airflow/.local/lib/python3.12/site-packages/airflow/example_dags/example_task_group.py
[2025-03-17T23:34:56.771+0000] {processor.py:925} INFO - DAG(s) 'example_task_group' retrieved from /home/airflow/.local/lib/python3.12/site-packages/airflow/example_dags/example_task_group.py
[2025-03-17T23:34:56.782+0000] {logging_mixin.py:190} INFO - [2025-03-17T23:34:56.782+0000] {dag.py:3239} INFO - Sync 1 DAGs
[2025-03-17T23:34:56.788+0000] {logging_mixin.py:190} INFO - [2025-03-17T23:34:56.788+0000] {dag.py:4180} INFO - Setting next_dagrun for example_task_group to None, run_after=None
[2025-03-17T23:34:56.796+0000] {processor.py:208} INFO - Processing /home/airflow/.local/lib/python3.12/site-packages/airflow/example_dags/example_task_group.py took 0.035 seconds
[2025-03-17T23:35:27.730+0000] {processor.py:186} INFO - Started process (PID=8177) to work on /home/airflow/.local/lib/python3.12/site-packages/airflow/example_dags/example_task_group.py
[2025-03-17T23:35:27.730+0000] {processor.py:914} INFO - Processing file /home/airflow/.local/lib/python3.12/site-packages/airflow/example_dags/example_task_group.py for tasks to queue
[2025-03-17T23:35:27.732+0000] {logging_mixin.py:190} INFO - [2025-03-17T23:35:27.731+0000] {dagbag.py:588} INFO - Filling up the DagBag from /home/airflow/.local/lib/python3.12/site-packages/airflow/example_dags/example_task_group.py
[2025-03-17T23:35:27.736+0000] {processor.py:925} INFO - DAG(s) 'example_task_group' retrieved from /home/airflow/.local/lib/python3.12/site-packages/airflow/example_dags/example_task_group.py
[2025-03-17T23:35:27.746+0000] {logging_mixin.py:190} INFO - [2025-03-17T23:35:27.746+0000] {dag.py:3239} INFO - Sync 1 DAGs
[2025-03-17T23:35:27.752+0000] {logging_mixin.py:190} INFO - [2025-03-17T23:35:27.752+0000] {dag.py:4180} INFO - Setting next_dagrun for example_task_group to None, run_after=None
[2025-03-17T23:35:27.761+0000] {processor.py:208} INFO - Processing /home/airflow/.local/lib/python3.12/site-packages/airflow/example_dags/example_task_group.py took 0.034 seconds
[2025-03-17T23:35:58.703+0000] {processor.py:186} INFO - Started process (PID=8470) to work on /home/airflow/.local/lib/python3.12/site-packages/airflow/example_dags/example_task_group.py
[2025-03-17T23:35:58.703+0000] {processor.py:914} INFO - Processing file /home/airflow/.local/lib/python3.12/site-packages/airflow/example_dags/example_task_group.py for tasks to queue
[2025-03-17T23:35:58.705+0000] {logging_mixin.py:190} INFO - [2025-03-17T23:35:58.704+0000] {dagbag.py:588} INFO - Filling up the DagBag from /home/airflow/.local/lib/python3.12/site-packages/airflow/example_dags/example_task_group.py
[2025-03-17T23:35:58.709+0000] {processor.py:925} INFO - DAG(s) 'example_task_group' retrieved from /home/airflow/.local/lib/python3.12/site-packages/airflow/example_dags/example_task_group.py
[2025-03-17T23:35:58.720+0000] {logging_mixin.py:190} INFO - [2025-03-17T23:35:58.719+0000] {dag.py:3239} INFO - Sync 1 DAGs
[2025-03-17T23:35:58.727+0000] {logging_mixin.py:190} INFO - [2025-03-17T23:35:58.727+0000] {dag.py:4180} INFO - Setting next_dagrun for example_task_group to None, run_after=None
[2025-03-17T23:35:58.735+0000] {processor.py:208} INFO - Processing /home/airflow/.local/lib/python3.12/site-packages/airflow/example_dags/example_task_group.py took 0.035 seconds
[2025-03-17T23:36:30.169+0000] {processor.py:186} INFO - Started process (PID=8759) to work on /home/airflow/.local/lib/python3.12/site-packages/airflow/example_dags/example_task_group.py
[2025-03-17T23:36:30.170+0000] {processor.py:914} INFO - Processing file /home/airflow/.local/lib/python3.12/site-packages/airflow/example_dags/example_task_group.py for tasks to queue
[2025-03-17T23:36:30.171+0000] {logging_mixin.py:190} INFO - [2025-03-17T23:36:30.171+0000] {dagbag.py:588} INFO - Filling up the DagBag from /home/airflow/.local/lib/python3.12/site-packages/airflow/example_dags/example_task_group.py
[2025-03-17T23:36:30.176+0000] {processor.py:925} INFO - DAG(s) 'example_task_group' retrieved from /home/airflow/.local/lib/python3.12/site-packages/airflow/example_dags/example_task_group.py
[2025-03-17T23:36:30.187+0000] {logging_mixin.py:190} INFO - [2025-03-17T23:36:30.187+0000] {dag.py:3239} INFO - Sync 1 DAGs
[2025-03-17T23:36:30.194+0000] {logging_mixin.py:190} INFO - [2025-03-17T23:36:30.194+0000] {dag.py:4180} INFO - Setting next_dagrun for example_task_group to None, run_after=None
[2025-03-17T23:36:30.202+0000] {processor.py:208} INFO - Processing /home/airflow/.local/lib/python3.12/site-packages/airflow/example_dags/example_task_group.py took 0.036 seconds
[2025-03-17T23:37:01.565+0000] {processor.py:186} INFO - Started process (PID=9050) to work on /home/airflow/.local/lib/python3.12/site-packages/airflow/example_dags/example_task_group.py
[2025-03-17T23:37:01.567+0000] {processor.py:914} INFO - Processing file /home/airflow/.local/lib/python3.12/site-packages/airflow/example_dags/example_task_group.py for tasks to queue
[2025-03-17T23:37:01.568+0000] {logging_mixin.py:190} INFO - [2025-03-17T23:37:01.568+0000] {dagbag.py:588} INFO - Filling up the DagBag from /home/airflow/.local/lib/python3.12/site-packages/airflow/example_dags/example_task_group.py
[2025-03-17T23:37:01.572+0000] {processor.py:925} INFO - DAG(s) 'example_task_group' retrieved from /home/airflow/.local/lib/python3.12/site-packages/airflow/example_dags/example_task_group.py
[2025-03-17T23:37:01.582+0000] {logging_mixin.py:190} INFO - [2025-03-17T23:37:01.582+0000] {dag.py:3239} INFO - Sync 1 DAGs
[2025-03-17T23:37:01.591+0000] {logging_mixin.py:190} INFO - [2025-03-17T23:37:01.591+0000] {dag.py:4180} INFO - Setting next_dagrun for example_task_group to None, run_after=None
[2025-03-17T23:37:01.599+0000] {processor.py:208} INFO - Processing /home/airflow/.local/lib/python3.12/site-packages/airflow/example_dags/example_task_group.py took 0.037 seconds
[2025-03-17T23:37:33.132+0000] {processor.py:186} INFO - Started process (PID=9347) to work on /home/airflow/.local/lib/python3.12/site-packages/airflow/example_dags/example_task_group.py
[2025-03-17T23:37:33.133+0000] {processor.py:914} INFO - Processing file /home/airflow/.local/lib/python3.12/site-packages/airflow/example_dags/example_task_group.py for tasks to queue
[2025-03-17T23:37:33.134+0000] {logging_mixin.py:190} INFO - [2025-03-17T23:37:33.134+0000] {dagbag.py:588} INFO - Filling up the DagBag from /home/airflow/.local/lib/python3.12/site-packages/airflow/example_dags/example_task_group.py
[2025-03-17T23:37:33.138+0000] {processor.py:925} INFO - DAG(s) 'example_task_group' retrieved from /home/airflow/.local/lib/python3.12/site-packages/airflow/example_dags/example_task_group.py
[2025-03-17T23:37:33.151+0000] {logging_mixin.py:190} INFO - [2025-03-17T23:37:33.151+0000] {dag.py:3239} INFO - Sync 1 DAGs
[2025-03-17T23:37:33.161+0000] {logging_mixin.py:190} INFO - [2025-03-17T23:37:33.161+0000] {dag.py:4180} INFO - Setting next_dagrun for example_task_group to None, run_after=None
[2025-03-17T23:37:33.172+0000] {processor.py:208} INFO - Processing /home/airflow/.local/lib/python3.12/site-packages/airflow/example_dags/example_task_group.py took 0.044 seconds
