[2025-03-17T23:21:36.024+0000] {processor.py:186} INFO - Started process (PID=367) to work on /home/airflow/.local/lib/python3.12/site-packages/airflow/example_dags/example_sla_dag.py
[2025-03-17T23:21:36.026+0000] {processor.py:914} INFO - Processing file /home/airflow/.local/lib/python3.12/site-packages/airflow/example_dags/example_sla_dag.py for tasks to queue
[2025-03-17T23:21:36.029+0000] {logging_mixin.py:190} INFO - [2025-03-17T23:21:36.028+0000] {dagbag.py:588} INFO - Filling up the DagBag from /home/airflow/.local/lib/python3.12/site-packages/airflow/example_dags/example_sla_dag.py
[2025-03-17T23:21:36.039+0000] {processor.py:925} INFO - DAG(s) 'example_sla_dag' retrieved from /home/airflow/.local/lib/python3.12/site-packages/airflow/example_dags/example_sla_dag.py
[2025-03-17T23:21:36.103+0000] {logging_mixin.py:190} INFO - [2025-03-17T23:21:36.102+0000] {override.py:1912} INFO - Created Permission View: can edit on DAG:example_sla_dag
[2025-03-17T23:21:36.112+0000] {logging_mixin.py:190} INFO - [2025-03-17T23:21:36.111+0000] {override.py:1912} INFO - Created Permission View: can read on DAG:example_sla_dag
[2025-03-17T23:21:36.116+0000] {logging_mixin.py:190} INFO - [2025-03-17T23:21:36.116+0000] {override.py:1912} INFO - Created Permission View: can delete on DAG:example_sla_dag
[2025-03-17T23:21:36.120+0000] {logging_mixin.py:190} INFO - [2025-03-17T23:21:36.120+0000] {override.py:1912} INFO - Created Permission View: can create on DAG Run:example_sla_dag
[2025-03-17T23:21:36.124+0000] {logging_mixin.py:190} INFO - [2025-03-17T23:21:36.124+0000] {override.py:1912} INFO - Created Permission View: menu access on DAG Run:example_sla_dag
[2025-03-17T23:21:36.128+0000] {logging_mixin.py:190} INFO - [2025-03-17T23:21:36.128+0000] {override.py:1912} INFO - Created Permission View: can read on DAG Run:example_sla_dag
[2025-03-17T23:21:36.132+0000] {logging_mixin.py:190} INFO - [2025-03-17T23:21:36.131+0000] {override.py:1912} INFO - Created Permission View: can delete on DAG Run:example_sla_dag
[2025-03-17T23:21:36.132+0000] {logging_mixin.py:190} INFO - [2025-03-17T23:21:36.132+0000] {dag.py:3239} INFO - Sync 1 DAGs
[2025-03-17T23:21:36.141+0000] {logging_mixin.py:190} INFO - [2025-03-17T23:21:36.141+0000] {dag.py:3262} INFO - Creating ORM DAG for example_sla_dag
[2025-03-17T23:21:36.150+0000] {logging_mixin.py:190} INFO - [2025-03-17T23:21:36.150+0000] {dag.py:4180} INFO - Setting next_dagrun for example_sla_dag to 2025-03-17 23:18:00+00:00, run_after=2025-03-17 23:20:00+00:00
[2025-03-17T23:21:36.159+0000] {processor.py:208} INFO - Processing /home/airflow/.local/lib/python3.12/site-packages/airflow/example_dags/example_sla_dag.py took 0.138 seconds
[2025-03-17T23:22:06.497+0000] {processor.py:186} INFO - Started process (PID=658) to work on /home/airflow/.local/lib/python3.12/site-packages/airflow/example_dags/example_sla_dag.py
[2025-03-17T23:22:06.497+0000] {processor.py:914} INFO - Processing file /home/airflow/.local/lib/python3.12/site-packages/airflow/example_dags/example_sla_dag.py for tasks to queue
[2025-03-17T23:22:06.499+0000] {logging_mixin.py:190} INFO - [2025-03-17T23:22:06.499+0000] {dagbag.py:588} INFO - Filling up the DagBag from /home/airflow/.local/lib/python3.12/site-packages/airflow/example_dags/example_sla_dag.py
[2025-03-17T23:22:06.504+0000] {processor.py:925} INFO - DAG(s) 'example_sla_dag' retrieved from /home/airflow/.local/lib/python3.12/site-packages/airflow/example_dags/example_sla_dag.py
[2025-03-17T23:22:06.515+0000] {logging_mixin.py:190} INFO - [2025-03-17T23:22:06.515+0000] {dag.py:3239} INFO - Sync 1 DAGs
[2025-03-17T23:22:06.529+0000] {logging_mixin.py:190} INFO - [2025-03-17T23:22:06.529+0000] {dag.py:4180} INFO - Setting next_dagrun for example_sla_dag to 2025-03-17 23:20:00+00:00, run_after=2025-03-17 23:22:00+00:00
[2025-03-17T23:22:06.539+0000] {processor.py:208} INFO - Processing /home/airflow/.local/lib/python3.12/site-packages/airflow/example_dags/example_sla_dag.py took 0.046 seconds
[2025-03-17T23:22:36.656+0000] {processor.py:186} INFO - Started process (PID=944) to work on /home/airflow/.local/lib/python3.12/site-packages/airflow/example_dags/example_sla_dag.py
[2025-03-17T23:22:36.657+0000] {processor.py:914} INFO - Processing file /home/airflow/.local/lib/python3.12/site-packages/airflow/example_dags/example_sla_dag.py for tasks to queue
[2025-03-17T23:22:36.658+0000] {logging_mixin.py:190} INFO - [2025-03-17T23:22:36.658+0000] {dagbag.py:588} INFO - Filling up the DagBag from /home/airflow/.local/lib/python3.12/site-packages/airflow/example_dags/example_sla_dag.py
[2025-03-17T23:22:36.664+0000] {processor.py:925} INFO - DAG(s) 'example_sla_dag' retrieved from /home/airflow/.local/lib/python3.12/site-packages/airflow/example_dags/example_sla_dag.py
[2025-03-17T23:22:36.676+0000] {logging_mixin.py:190} INFO - [2025-03-17T23:22:36.676+0000] {dag.py:3239} INFO - Sync 1 DAGs
[2025-03-17T23:22:36.688+0000] {logging_mixin.py:190} INFO - [2025-03-17T23:22:36.688+0000] {dag.py:4180} INFO - Setting next_dagrun for example_sla_dag to 2025-03-17 23:20:00+00:00, run_after=2025-03-17 23:22:00+00:00
[2025-03-17T23:22:36.696+0000] {processor.py:208} INFO - Processing /home/airflow/.local/lib/python3.12/site-packages/airflow/example_dags/example_sla_dag.py took 0.043 seconds
[2025-03-17T23:23:07.517+0000] {processor.py:186} INFO - Started process (PID=1240) to work on /home/airflow/.local/lib/python3.12/site-packages/airflow/example_dags/example_sla_dag.py
[2025-03-17T23:23:07.517+0000] {processor.py:914} INFO - Processing file /home/airflow/.local/lib/python3.12/site-packages/airflow/example_dags/example_sla_dag.py for tasks to queue
[2025-03-17T23:23:07.518+0000] {logging_mixin.py:190} INFO - [2025-03-17T23:23:07.518+0000] {dagbag.py:588} INFO - Filling up the DagBag from /home/airflow/.local/lib/python3.12/site-packages/airflow/example_dags/example_sla_dag.py
[2025-03-17T23:23:07.523+0000] {processor.py:925} INFO - DAG(s) 'example_sla_dag' retrieved from /home/airflow/.local/lib/python3.12/site-packages/airflow/example_dags/example_sla_dag.py
[2025-03-17T23:23:07.533+0000] {logging_mixin.py:190} INFO - [2025-03-17T23:23:07.532+0000] {dag.py:3239} INFO - Sync 1 DAGs
[2025-03-17T23:23:07.543+0000] {logging_mixin.py:190} INFO - [2025-03-17T23:23:07.543+0000] {dag.py:4180} INFO - Setting next_dagrun for example_sla_dag to 2025-03-17 23:20:00+00:00, run_after=2025-03-17 23:22:00+00:00
[2025-03-17T23:23:07.551+0000] {processor.py:208} INFO - Processing /home/airflow/.local/lib/python3.12/site-packages/airflow/example_dags/example_sla_dag.py took 0.037 seconds
[2025-03-17T23:23:38.710+0000] {processor.py:186} INFO - Started process (PID=1531) to work on /home/airflow/.local/lib/python3.12/site-packages/airflow/example_dags/example_sla_dag.py
[2025-03-17T23:23:38.711+0000] {processor.py:914} INFO - Processing file /home/airflow/.local/lib/python3.12/site-packages/airflow/example_dags/example_sla_dag.py for tasks to queue
[2025-03-17T23:23:38.712+0000] {logging_mixin.py:190} INFO - [2025-03-17T23:23:38.712+0000] {dagbag.py:588} INFO - Filling up the DagBag from /home/airflow/.local/lib/python3.12/site-packages/airflow/example_dags/example_sla_dag.py
[2025-03-17T23:23:38.717+0000] {processor.py:925} INFO - DAG(s) 'example_sla_dag' retrieved from /home/airflow/.local/lib/python3.12/site-packages/airflow/example_dags/example_sla_dag.py
[2025-03-17T23:23:38.726+0000] {logging_mixin.py:190} INFO - [2025-03-17T23:23:38.725+0000] {dag.py:3239} INFO - Sync 1 DAGs
[2025-03-17T23:23:38.737+0000] {logging_mixin.py:190} INFO - [2025-03-17T23:23:38.737+0000] {dag.py:4180} INFO - Setting next_dagrun for example_sla_dag to 2025-03-17 23:20:00+00:00, run_after=2025-03-17 23:22:00+00:00
[2025-03-17T23:23:38.745+0000] {processor.py:208} INFO - Processing /home/airflow/.local/lib/python3.12/site-packages/airflow/example_dags/example_sla_dag.py took 0.038 seconds
[2025-03-17T23:24:09.706+0000] {processor.py:186} INFO - Started process (PID=1822) to work on /home/airflow/.local/lib/python3.12/site-packages/airflow/example_dags/example_sla_dag.py
[2025-03-17T23:24:09.706+0000] {processor.py:914} INFO - Processing file /home/airflow/.local/lib/python3.12/site-packages/airflow/example_dags/example_sla_dag.py for tasks to queue
[2025-03-17T23:24:09.707+0000] {logging_mixin.py:190} INFO - [2025-03-17T23:24:09.707+0000] {dagbag.py:588} INFO - Filling up the DagBag from /home/airflow/.local/lib/python3.12/site-packages/airflow/example_dags/example_sla_dag.py
[2025-03-17T23:24:09.713+0000] {processor.py:925} INFO - DAG(s) 'example_sla_dag' retrieved from /home/airflow/.local/lib/python3.12/site-packages/airflow/example_dags/example_sla_dag.py
[2025-03-17T23:24:09.722+0000] {logging_mixin.py:190} INFO - [2025-03-17T23:24:09.722+0000] {dag.py:3239} INFO - Sync 1 DAGs
[2025-03-17T23:24:09.733+0000] {logging_mixin.py:190} INFO - [2025-03-17T23:24:09.732+0000] {dag.py:4180} INFO - Setting next_dagrun for example_sla_dag to 2025-03-17 23:22:00+00:00, run_after=2025-03-17 23:24:00+00:00
[2025-03-17T23:24:09.740+0000] {processor.py:208} INFO - Processing /home/airflow/.local/lib/python3.12/site-packages/airflow/example_dags/example_sla_dag.py took 0.037 seconds
[2025-03-17T23:24:41.006+0000] {processor.py:186} INFO - Started process (PID=2112) to work on /home/airflow/.local/lib/python3.12/site-packages/airflow/example_dags/example_sla_dag.py
[2025-03-17T23:24:41.007+0000] {processor.py:914} INFO - Processing file /home/airflow/.local/lib/python3.12/site-packages/airflow/example_dags/example_sla_dag.py for tasks to queue
[2025-03-17T23:24:41.008+0000] {logging_mixin.py:190} INFO - [2025-03-17T23:24:41.007+0000] {dagbag.py:588} INFO - Filling up the DagBag from /home/airflow/.local/lib/python3.12/site-packages/airflow/example_dags/example_sla_dag.py
[2025-03-17T23:24:41.012+0000] {processor.py:925} INFO - DAG(s) 'example_sla_dag' retrieved from /home/airflow/.local/lib/python3.12/site-packages/airflow/example_dags/example_sla_dag.py
[2025-03-17T23:24:41.023+0000] {logging_mixin.py:190} INFO - [2025-03-17T23:24:41.023+0000] {dag.py:3239} INFO - Sync 1 DAGs
[2025-03-17T23:24:41.036+0000] {logging_mixin.py:190} INFO - [2025-03-17T23:24:41.036+0000] {dag.py:4180} INFO - Setting next_dagrun for example_sla_dag to 2025-03-17 23:22:00+00:00, run_after=2025-03-17 23:24:00+00:00
[2025-03-17T23:24:41.045+0000] {processor.py:208} INFO - Processing /home/airflow/.local/lib/python3.12/site-packages/airflow/example_dags/example_sla_dag.py took 0.042 seconds
[2025-03-17T23:25:12.343+0000] {processor.py:186} INFO - Started process (PID=2403) to work on /home/airflow/.local/lib/python3.12/site-packages/airflow/example_dags/example_sla_dag.py
[2025-03-17T23:25:12.344+0000] {processor.py:914} INFO - Processing file /home/airflow/.local/lib/python3.12/site-packages/airflow/example_dags/example_sla_dag.py for tasks to queue
[2025-03-17T23:25:12.346+0000] {logging_mixin.py:190} INFO - [2025-03-17T23:25:12.346+0000] {dagbag.py:588} INFO - Filling up the DagBag from /home/airflow/.local/lib/python3.12/site-packages/airflow/example_dags/example_sla_dag.py
[2025-03-17T23:25:12.362+0000] {processor.py:925} INFO - DAG(s) 'example_sla_dag' retrieved from /home/airflow/.local/lib/python3.12/site-packages/airflow/example_dags/example_sla_dag.py
[2025-03-17T23:25:12.402+0000] {logging_mixin.py:190} INFO - [2025-03-17T23:25:12.402+0000] {dag.py:3239} INFO - Sync 1 DAGs
[2025-03-17T23:25:12.435+0000] {logging_mixin.py:190} INFO - [2025-03-17T23:25:12.435+0000] {dag.py:4180} INFO - Setting next_dagrun for example_sla_dag to 2025-03-17 23:22:00+00:00, run_after=2025-03-17 23:24:00+00:00
[2025-03-17T23:25:12.456+0000] {processor.py:208} INFO - Processing /home/airflow/.local/lib/python3.12/site-packages/airflow/example_dags/example_sla_dag.py took 0.127 seconds
[2025-03-17T23:25:43.596+0000] {processor.py:186} INFO - Started process (PID=2694) to work on /home/airflow/.local/lib/python3.12/site-packages/airflow/example_dags/example_sla_dag.py
[2025-03-17T23:25:43.597+0000] {processor.py:914} INFO - Processing file /home/airflow/.local/lib/python3.12/site-packages/airflow/example_dags/example_sla_dag.py for tasks to queue
[2025-03-17T23:25:43.598+0000] {logging_mixin.py:190} INFO - [2025-03-17T23:25:43.598+0000] {dagbag.py:588} INFO - Filling up the DagBag from /home/airflow/.local/lib/python3.12/site-packages/airflow/example_dags/example_sla_dag.py
[2025-03-17T23:25:43.603+0000] {processor.py:925} INFO - DAG(s) 'example_sla_dag' retrieved from /home/airflow/.local/lib/python3.12/site-packages/airflow/example_dags/example_sla_dag.py
[2025-03-17T23:25:43.615+0000] {logging_mixin.py:190} INFO - [2025-03-17T23:25:43.615+0000] {dag.py:3239} INFO - Sync 1 DAGs
[2025-03-17T23:25:43.634+0000] {logging_mixin.py:190} INFO - [2025-03-17T23:25:43.634+0000] {dag.py:4180} INFO - Setting next_dagrun for example_sla_dag to 2025-03-17 23:22:00+00:00, run_after=2025-03-17 23:24:00+00:00
[2025-03-17T23:25:43.643+0000] {processor.py:208} INFO - Processing /home/airflow/.local/lib/python3.12/site-packages/airflow/example_dags/example_sla_dag.py took 0.050 seconds
[2025-03-17T23:26:14.586+0000] {processor.py:186} INFO - Started process (PID=2985) to work on /home/airflow/.local/lib/python3.12/site-packages/airflow/example_dags/example_sla_dag.py
[2025-03-17T23:26:14.586+0000] {processor.py:914} INFO - Processing file /home/airflow/.local/lib/python3.12/site-packages/airflow/example_dags/example_sla_dag.py for tasks to queue
[2025-03-17T23:26:14.588+0000] {logging_mixin.py:190} INFO - [2025-03-17T23:26:14.587+0000] {dagbag.py:588} INFO - Filling up the DagBag from /home/airflow/.local/lib/python3.12/site-packages/airflow/example_dags/example_sla_dag.py
[2025-03-17T23:26:14.592+0000] {processor.py:925} INFO - DAG(s) 'example_sla_dag' retrieved from /home/airflow/.local/lib/python3.12/site-packages/airflow/example_dags/example_sla_dag.py
[2025-03-17T23:26:14.601+0000] {logging_mixin.py:190} INFO - [2025-03-17T23:26:14.601+0000] {dag.py:3239} INFO - Sync 1 DAGs
[2025-03-17T23:26:14.612+0000] {logging_mixin.py:190} INFO - [2025-03-17T23:26:14.612+0000] {dag.py:4180} INFO - Setting next_dagrun for example_sla_dag to 2025-03-17 23:24:00+00:00, run_after=2025-03-17 23:26:00+00:00
[2025-03-17T23:26:14.620+0000] {processor.py:208} INFO - Processing /home/airflow/.local/lib/python3.12/site-packages/airflow/example_dags/example_sla_dag.py took 0.037 seconds
[2025-03-17T23:26:45.472+0000] {processor.py:186} INFO - Started process (PID=3276) to work on /home/airflow/.local/lib/python3.12/site-packages/airflow/example_dags/example_sla_dag.py
[2025-03-17T23:26:45.473+0000] {processor.py:914} INFO - Processing file /home/airflow/.local/lib/python3.12/site-packages/airflow/example_dags/example_sla_dag.py for tasks to queue
[2025-03-17T23:26:45.473+0000] {logging_mixin.py:190} INFO - [2025-03-17T23:26:45.473+0000] {dagbag.py:588} INFO - Filling up the DagBag from /home/airflow/.local/lib/python3.12/site-packages/airflow/example_dags/example_sla_dag.py
[2025-03-17T23:26:45.478+0000] {processor.py:925} INFO - DAG(s) 'example_sla_dag' retrieved from /home/airflow/.local/lib/python3.12/site-packages/airflow/example_dags/example_sla_dag.py
[2025-03-17T23:26:45.487+0000] {logging_mixin.py:190} INFO - [2025-03-17T23:26:45.487+0000] {dag.py:3239} INFO - Sync 1 DAGs
[2025-03-17T23:26:45.498+0000] {logging_mixin.py:190} INFO - [2025-03-17T23:26:45.498+0000] {dag.py:4180} INFO - Setting next_dagrun for example_sla_dag to 2025-03-17 23:24:00+00:00, run_after=2025-03-17 23:26:00+00:00
[2025-03-17T23:26:45.505+0000] {processor.py:208} INFO - Processing /home/airflow/.local/lib/python3.12/site-packages/airflow/example_dags/example_sla_dag.py took 0.036 seconds
[2025-03-17T23:27:16.453+0000] {processor.py:186} INFO - Started process (PID=3567) to work on /home/airflow/.local/lib/python3.12/site-packages/airflow/example_dags/example_sla_dag.py
[2025-03-17T23:27:16.454+0000] {processor.py:914} INFO - Processing file /home/airflow/.local/lib/python3.12/site-packages/airflow/example_dags/example_sla_dag.py for tasks to queue
[2025-03-17T23:27:16.455+0000] {logging_mixin.py:190} INFO - [2025-03-17T23:27:16.455+0000] {dagbag.py:588} INFO - Filling up the DagBag from /home/airflow/.local/lib/python3.12/site-packages/airflow/example_dags/example_sla_dag.py
[2025-03-17T23:27:16.460+0000] {processor.py:925} INFO - DAG(s) 'example_sla_dag' retrieved from /home/airflow/.local/lib/python3.12/site-packages/airflow/example_dags/example_sla_dag.py
[2025-03-17T23:27:16.469+0000] {logging_mixin.py:190} INFO - [2025-03-17T23:27:16.469+0000] {dag.py:3239} INFO - Sync 1 DAGs
[2025-03-17T23:27:16.481+0000] {logging_mixin.py:190} INFO - [2025-03-17T23:27:16.481+0000] {dag.py:4180} INFO - Setting next_dagrun for example_sla_dag to 2025-03-17 23:24:00+00:00, run_after=2025-03-17 23:26:00+00:00
[2025-03-17T23:27:16.488+0000] {processor.py:208} INFO - Processing /home/airflow/.local/lib/python3.12/site-packages/airflow/example_dags/example_sla_dag.py took 0.037 seconds
[2025-03-17T23:27:47.613+0000] {processor.py:186} INFO - Started process (PID=3858) to work on /home/airflow/.local/lib/python3.12/site-packages/airflow/example_dags/example_sla_dag.py
[2025-03-17T23:27:47.613+0000] {processor.py:914} INFO - Processing file /home/airflow/.local/lib/python3.12/site-packages/airflow/example_dags/example_sla_dag.py for tasks to queue
[2025-03-17T23:27:47.615+0000] {logging_mixin.py:190} INFO - [2025-03-17T23:27:47.614+0000] {dagbag.py:588} INFO - Filling up the DagBag from /home/airflow/.local/lib/python3.12/site-packages/airflow/example_dags/example_sla_dag.py
[2025-03-17T23:27:47.621+0000] {processor.py:925} INFO - DAG(s) 'example_sla_dag' retrieved from /home/airflow/.local/lib/python3.12/site-packages/airflow/example_dags/example_sla_dag.py
[2025-03-17T23:27:47.633+0000] {logging_mixin.py:190} INFO - [2025-03-17T23:27:47.632+0000] {dag.py:3239} INFO - Sync 1 DAGs
[2025-03-17T23:27:47.645+0000] {logging_mixin.py:190} INFO - [2025-03-17T23:27:47.645+0000] {dag.py:4180} INFO - Setting next_dagrun for example_sla_dag to 2025-03-17 23:24:00+00:00, run_after=2025-03-17 23:26:00+00:00
[2025-03-17T23:27:47.656+0000] {processor.py:208} INFO - Processing /home/airflow/.local/lib/python3.12/site-packages/airflow/example_dags/example_sla_dag.py took 0.046 seconds
[2025-03-17T23:28:18.002+0000] {processor.py:186} INFO - Started process (PID=4144) to work on /home/airflow/.local/lib/python3.12/site-packages/airflow/example_dags/example_sla_dag.py
[2025-03-17T23:28:18.004+0000] {processor.py:914} INFO - Processing file /home/airflow/.local/lib/python3.12/site-packages/airflow/example_dags/example_sla_dag.py for tasks to queue
[2025-03-17T23:28:18.005+0000] {logging_mixin.py:190} INFO - [2025-03-17T23:28:18.005+0000] {dagbag.py:588} INFO - Filling up the DagBag from /home/airflow/.local/lib/python3.12/site-packages/airflow/example_dags/example_sla_dag.py
[2025-03-17T23:28:18.010+0000] {processor.py:925} INFO - DAG(s) 'example_sla_dag' retrieved from /home/airflow/.local/lib/python3.12/site-packages/airflow/example_dags/example_sla_dag.py
[2025-03-17T23:28:18.020+0000] {logging_mixin.py:190} INFO - [2025-03-17T23:28:18.020+0000] {dag.py:3239} INFO - Sync 1 DAGs
[2025-03-17T23:28:18.032+0000] {logging_mixin.py:190} INFO - [2025-03-17T23:28:18.032+0000] {dag.py:4180} INFO - Setting next_dagrun for example_sla_dag to 2025-03-17 23:26:00+00:00, run_after=2025-03-17 23:28:00+00:00
[2025-03-17T23:28:18.042+0000] {processor.py:208} INFO - Processing /home/airflow/.local/lib/python3.12/site-packages/airflow/example_dags/example_sla_dag.py took 0.043 seconds
[2025-03-17T23:28:48.848+0000] {processor.py:186} INFO - Started process (PID=4440) to work on /home/airflow/.local/lib/python3.12/site-packages/airflow/example_dags/example_sla_dag.py
[2025-03-17T23:28:48.849+0000] {processor.py:914} INFO - Processing file /home/airflow/.local/lib/python3.12/site-packages/airflow/example_dags/example_sla_dag.py for tasks to queue
[2025-03-17T23:28:48.850+0000] {logging_mixin.py:190} INFO - [2025-03-17T23:28:48.850+0000] {dagbag.py:588} INFO - Filling up the DagBag from /home/airflow/.local/lib/python3.12/site-packages/airflow/example_dags/example_sla_dag.py
[2025-03-17T23:28:48.855+0000] {processor.py:925} INFO - DAG(s) 'example_sla_dag' retrieved from /home/airflow/.local/lib/python3.12/site-packages/airflow/example_dags/example_sla_dag.py
[2025-03-17T23:28:48.864+0000] {logging_mixin.py:190} INFO - [2025-03-17T23:28:48.864+0000] {dag.py:3239} INFO - Sync 1 DAGs
[2025-03-17T23:28:48.875+0000] {logging_mixin.py:190} INFO - [2025-03-17T23:28:48.875+0000] {dag.py:4180} INFO - Setting next_dagrun for example_sla_dag to 2025-03-17 23:26:00+00:00, run_after=2025-03-17 23:28:00+00:00
[2025-03-17T23:28:48.883+0000] {processor.py:208} INFO - Processing /home/airflow/.local/lib/python3.12/site-packages/airflow/example_dags/example_sla_dag.py took 0.037 seconds
[2025-03-17T23:29:19.493+0000] {processor.py:186} INFO - Started process (PID=4731) to work on /home/airflow/.local/lib/python3.12/site-packages/airflow/example_dags/example_sla_dag.py
[2025-03-17T23:29:19.494+0000] {processor.py:914} INFO - Processing file /home/airflow/.local/lib/python3.12/site-packages/airflow/example_dags/example_sla_dag.py for tasks to queue
[2025-03-17T23:29:19.495+0000] {logging_mixin.py:190} INFO - [2025-03-17T23:29:19.495+0000] {dagbag.py:588} INFO - Filling up the DagBag from /home/airflow/.local/lib/python3.12/site-packages/airflow/example_dags/example_sla_dag.py
[2025-03-17T23:29:19.500+0000] {processor.py:925} INFO - DAG(s) 'example_sla_dag' retrieved from /home/airflow/.local/lib/python3.12/site-packages/airflow/example_dags/example_sla_dag.py
[2025-03-17T23:29:19.509+0000] {logging_mixin.py:190} INFO - [2025-03-17T23:29:19.508+0000] {dag.py:3239} INFO - Sync 1 DAGs
[2025-03-17T23:29:19.520+0000] {logging_mixin.py:190} INFO - [2025-03-17T23:29:19.519+0000] {dag.py:4180} INFO - Setting next_dagrun for example_sla_dag to 2025-03-17 23:26:00+00:00, run_after=2025-03-17 23:28:00+00:00
[2025-03-17T23:29:19.527+0000] {processor.py:208} INFO - Processing /home/airflow/.local/lib/python3.12/site-packages/airflow/example_dags/example_sla_dag.py took 0.036 seconds
[2025-03-17T23:29:49.996+0000] {processor.py:186} INFO - Started process (PID=5017) to work on /home/airflow/.local/lib/python3.12/site-packages/airflow/example_dags/example_sla_dag.py
[2025-03-17T23:29:49.997+0000] {processor.py:914} INFO - Processing file /home/airflow/.local/lib/python3.12/site-packages/airflow/example_dags/example_sla_dag.py for tasks to queue
[2025-03-17T23:29:49.998+0000] {logging_mixin.py:190} INFO - [2025-03-17T23:29:49.997+0000] {dagbag.py:588} INFO - Filling up the DagBag from /home/airflow/.local/lib/python3.12/site-packages/airflow/example_dags/example_sla_dag.py
[2025-03-17T23:29:50.003+0000] {processor.py:925} INFO - DAG(s) 'example_sla_dag' retrieved from /home/airflow/.local/lib/python3.12/site-packages/airflow/example_dags/example_sla_dag.py
[2025-03-17T23:29:50.012+0000] {logging_mixin.py:190} INFO - [2025-03-17T23:29:50.011+0000] {dag.py:3239} INFO - Sync 1 DAGs
[2025-03-17T23:29:50.025+0000] {logging_mixin.py:190} INFO - [2025-03-17T23:29:50.025+0000] {dag.py:4180} INFO - Setting next_dagrun for example_sla_dag to 2025-03-17 23:26:00+00:00, run_after=2025-03-17 23:28:00+00:00
[2025-03-17T23:29:50.036+0000] {processor.py:208} INFO - Processing /home/airflow/.local/lib/python3.12/site-packages/airflow/example_dags/example_sla_dag.py took 0.043 seconds
[2025-03-17T23:30:20.607+0000] {processor.py:186} INFO - Started process (PID=5308) to work on /home/airflow/.local/lib/python3.12/site-packages/airflow/example_dags/example_sla_dag.py
[2025-03-17T23:30:20.608+0000] {processor.py:914} INFO - Processing file /home/airflow/.local/lib/python3.12/site-packages/airflow/example_dags/example_sla_dag.py for tasks to queue
[2025-03-17T23:30:20.610+0000] {logging_mixin.py:190} INFO - [2025-03-17T23:30:20.610+0000] {dagbag.py:588} INFO - Filling up the DagBag from /home/airflow/.local/lib/python3.12/site-packages/airflow/example_dags/example_sla_dag.py
[2025-03-17T23:30:20.616+0000] {processor.py:925} INFO - DAG(s) 'example_sla_dag' retrieved from /home/airflow/.local/lib/python3.12/site-packages/airflow/example_dags/example_sla_dag.py
[2025-03-17T23:30:20.626+0000] {logging_mixin.py:190} INFO - [2025-03-17T23:30:20.626+0000] {dag.py:3239} INFO - Sync 1 DAGs
[2025-03-17T23:30:20.638+0000] {logging_mixin.py:190} INFO - [2025-03-17T23:30:20.638+0000] {dag.py:4180} INFO - Setting next_dagrun for example_sla_dag to 2025-03-17 23:28:00+00:00, run_after=2025-03-17 23:30:00+00:00
[2025-03-17T23:30:20.649+0000] {processor.py:208} INFO - Processing /home/airflow/.local/lib/python3.12/site-packages/airflow/example_dags/example_sla_dag.py took 0.045 seconds
[2025-03-17T23:30:51.194+0000] {processor.py:186} INFO - Started process (PID=5599) to work on /home/airflow/.local/lib/python3.12/site-packages/airflow/example_dags/example_sla_dag.py
[2025-03-17T23:30:51.196+0000] {processor.py:914} INFO - Processing file /home/airflow/.local/lib/python3.12/site-packages/airflow/example_dags/example_sla_dag.py for tasks to queue
[2025-03-17T23:30:51.197+0000] {logging_mixin.py:190} INFO - [2025-03-17T23:30:51.197+0000] {dagbag.py:588} INFO - Filling up the DagBag from /home/airflow/.local/lib/python3.12/site-packages/airflow/example_dags/example_sla_dag.py
[2025-03-17T23:30:51.203+0000] {processor.py:925} INFO - DAG(s) 'example_sla_dag' retrieved from /home/airflow/.local/lib/python3.12/site-packages/airflow/example_dags/example_sla_dag.py
[2025-03-17T23:30:51.214+0000] {logging_mixin.py:190} INFO - [2025-03-17T23:30:51.213+0000] {dag.py:3239} INFO - Sync 1 DAGs
[2025-03-17T23:30:51.225+0000] {logging_mixin.py:190} INFO - [2025-03-17T23:30:51.225+0000] {dag.py:4180} INFO - Setting next_dagrun for example_sla_dag to 2025-03-17 23:28:00+00:00, run_after=2025-03-17 23:30:00+00:00
[2025-03-17T23:30:51.233+0000] {processor.py:208} INFO - Processing /home/airflow/.local/lib/python3.12/site-packages/airflow/example_dags/example_sla_dag.py took 0.041 seconds
[2025-03-17T23:31:21.752+0000] {processor.py:186} INFO - Started process (PID=5890) to work on /home/airflow/.local/lib/python3.12/site-packages/airflow/example_dags/example_sla_dag.py
[2025-03-17T23:31:21.753+0000] {processor.py:914} INFO - Processing file /home/airflow/.local/lib/python3.12/site-packages/airflow/example_dags/example_sla_dag.py for tasks to queue
[2025-03-17T23:31:21.754+0000] {logging_mixin.py:190} INFO - [2025-03-17T23:31:21.754+0000] {dagbag.py:588} INFO - Filling up the DagBag from /home/airflow/.local/lib/python3.12/site-packages/airflow/example_dags/example_sla_dag.py
[2025-03-17T23:31:21.760+0000] {processor.py:925} INFO - DAG(s) 'example_sla_dag' retrieved from /home/airflow/.local/lib/python3.12/site-packages/airflow/example_dags/example_sla_dag.py
[2025-03-17T23:31:21.771+0000] {logging_mixin.py:190} INFO - [2025-03-17T23:31:21.770+0000] {dag.py:3239} INFO - Sync 1 DAGs
[2025-03-17T23:31:21.782+0000] {logging_mixin.py:190} INFO - [2025-03-17T23:31:21.782+0000] {dag.py:4180} INFO - Setting next_dagrun for example_sla_dag to 2025-03-17 23:28:00+00:00, run_after=2025-03-17 23:30:00+00:00
[2025-03-17T23:31:21.790+0000] {processor.py:208} INFO - Processing /home/airflow/.local/lib/python3.12/site-packages/airflow/example_dags/example_sla_dag.py took 0.041 seconds
[2025-03-17T23:31:52.271+0000] {processor.py:186} INFO - Started process (PID=6181) to work on /home/airflow/.local/lib/python3.12/site-packages/airflow/example_dags/example_sla_dag.py
[2025-03-17T23:31:52.272+0000] {processor.py:914} INFO - Processing file /home/airflow/.local/lib/python3.12/site-packages/airflow/example_dags/example_sla_dag.py for tasks to queue
[2025-03-17T23:31:52.274+0000] {logging_mixin.py:190} INFO - [2025-03-17T23:31:52.274+0000] {dagbag.py:588} INFO - Filling up the DagBag from /home/airflow/.local/lib/python3.12/site-packages/airflow/example_dags/example_sla_dag.py
[2025-03-17T23:31:52.279+0000] {processor.py:925} INFO - DAG(s) 'example_sla_dag' retrieved from /home/airflow/.local/lib/python3.12/site-packages/airflow/example_dags/example_sla_dag.py
[2025-03-17T23:31:52.288+0000] {logging_mixin.py:190} INFO - [2025-03-17T23:31:52.288+0000] {dag.py:3239} INFO - Sync 1 DAGs
[2025-03-17T23:31:52.300+0000] {logging_mixin.py:190} INFO - [2025-03-17T23:31:52.300+0000] {dag.py:4180} INFO - Setting next_dagrun for example_sla_dag to 2025-03-17 23:28:00+00:00, run_after=2025-03-17 23:30:00+00:00
[2025-03-17T23:31:52.308+0000] {processor.py:208} INFO - Processing /home/airflow/.local/lib/python3.12/site-packages/airflow/example_dags/example_sla_dag.py took 0.039 seconds
[2025-03-17T23:32:22.829+0000] {processor.py:186} INFO - Started process (PID=6472) to work on /home/airflow/.local/lib/python3.12/site-packages/airflow/example_dags/example_sla_dag.py
[2025-03-17T23:32:22.829+0000] {processor.py:914} INFO - Processing file /home/airflow/.local/lib/python3.12/site-packages/airflow/example_dags/example_sla_dag.py for tasks to queue
[2025-03-17T23:32:22.831+0000] {logging_mixin.py:190} INFO - [2025-03-17T23:32:22.830+0000] {dagbag.py:588} INFO - Filling up the DagBag from /home/airflow/.local/lib/python3.12/site-packages/airflow/example_dags/example_sla_dag.py
[2025-03-17T23:32:22.836+0000] {processor.py:925} INFO - DAG(s) 'example_sla_dag' retrieved from /home/airflow/.local/lib/python3.12/site-packages/airflow/example_dags/example_sla_dag.py
[2025-03-17T23:32:22.846+0000] {logging_mixin.py:190} INFO - [2025-03-17T23:32:22.845+0000] {dag.py:3239} INFO - Sync 1 DAGs
[2025-03-17T23:32:22.858+0000] {logging_mixin.py:190} INFO - [2025-03-17T23:32:22.857+0000] {dag.py:4180} INFO - Setting next_dagrun for example_sla_dag to 2025-03-17 23:30:00+00:00, run_after=2025-03-17 23:32:00+00:00
[2025-03-17T23:32:22.866+0000] {processor.py:208} INFO - Processing /home/airflow/.local/lib/python3.12/site-packages/airflow/example_dags/example_sla_dag.py took 0.040 seconds
[2025-03-17T23:32:53.513+0000] {processor.py:186} INFO - Started process (PID=6763) to work on /home/airflow/.local/lib/python3.12/site-packages/airflow/example_dags/example_sla_dag.py
[2025-03-17T23:32:53.513+0000] {processor.py:914} INFO - Processing file /home/airflow/.local/lib/python3.12/site-packages/airflow/example_dags/example_sla_dag.py for tasks to queue
[2025-03-17T23:32:53.514+0000] {logging_mixin.py:190} INFO - [2025-03-17T23:32:53.514+0000] {dagbag.py:588} INFO - Filling up the DagBag from /home/airflow/.local/lib/python3.12/site-packages/airflow/example_dags/example_sla_dag.py
[2025-03-17T23:32:53.520+0000] {processor.py:925} INFO - DAG(s) 'example_sla_dag' retrieved from /home/airflow/.local/lib/python3.12/site-packages/airflow/example_dags/example_sla_dag.py
[2025-03-17T23:32:53.530+0000] {logging_mixin.py:190} INFO - [2025-03-17T23:32:53.529+0000] {dag.py:3239} INFO - Sync 1 DAGs
[2025-03-17T23:32:53.543+0000] {logging_mixin.py:190} INFO - [2025-03-17T23:32:53.543+0000] {dag.py:4180} INFO - Setting next_dagrun for example_sla_dag to 2025-03-17 23:30:00+00:00, run_after=2025-03-17 23:32:00+00:00
[2025-03-17T23:32:53.551+0000] {processor.py:208} INFO - Processing /home/airflow/.local/lib/python3.12/site-packages/airflow/example_dags/example_sla_dag.py took 0.042 seconds
[2025-03-17T23:33:24.185+0000] {processor.py:186} INFO - Started process (PID=7054) to work on /home/airflow/.local/lib/python3.12/site-packages/airflow/example_dags/example_sla_dag.py
[2025-03-17T23:33:24.186+0000] {processor.py:914} INFO - Processing file /home/airflow/.local/lib/python3.12/site-packages/airflow/example_dags/example_sla_dag.py for tasks to queue
[2025-03-17T23:33:24.188+0000] {logging_mixin.py:190} INFO - [2025-03-17T23:33:24.188+0000] {dagbag.py:588} INFO - Filling up the DagBag from /home/airflow/.local/lib/python3.12/site-packages/airflow/example_dags/example_sla_dag.py
[2025-03-17T23:33:24.194+0000] {processor.py:925} INFO - DAG(s) 'example_sla_dag' retrieved from /home/airflow/.local/lib/python3.12/site-packages/airflow/example_dags/example_sla_dag.py
[2025-03-17T23:33:24.203+0000] {logging_mixin.py:190} INFO - [2025-03-17T23:33:24.203+0000] {dag.py:3239} INFO - Sync 1 DAGs
[2025-03-17T23:33:24.218+0000] {logging_mixin.py:190} INFO - [2025-03-17T23:33:24.218+0000] {dag.py:4180} INFO - Setting next_dagrun for example_sla_dag to 2025-03-17 23:30:00+00:00, run_after=2025-03-17 23:32:00+00:00
[2025-03-17T23:33:24.226+0000] {processor.py:208} INFO - Processing /home/airflow/.local/lib/python3.12/site-packages/airflow/example_dags/example_sla_dag.py took 0.045 seconds
[2025-03-17T23:33:55.222+0000] {processor.py:186} INFO - Started process (PID=7350) to work on /home/airflow/.local/lib/python3.12/site-packages/airflow/example_dags/example_sla_dag.py
[2025-03-17T23:33:55.222+0000] {processor.py:914} INFO - Processing file /home/airflow/.local/lib/python3.12/site-packages/airflow/example_dags/example_sla_dag.py for tasks to queue
[2025-03-17T23:33:55.223+0000] {logging_mixin.py:190} INFO - [2025-03-17T23:33:55.223+0000] {dagbag.py:588} INFO - Filling up the DagBag from /home/airflow/.local/lib/python3.12/site-packages/airflow/example_dags/example_sla_dag.py
[2025-03-17T23:33:55.229+0000] {processor.py:925} INFO - DAG(s) 'example_sla_dag' retrieved from /home/airflow/.local/lib/python3.12/site-packages/airflow/example_dags/example_sla_dag.py
[2025-03-17T23:33:55.238+0000] {logging_mixin.py:190} INFO - [2025-03-17T23:33:55.237+0000] {dag.py:3239} INFO - Sync 1 DAGs
[2025-03-17T23:33:55.248+0000] {logging_mixin.py:190} INFO - [2025-03-17T23:33:55.248+0000] {dag.py:4180} INFO - Setting next_dagrun for example_sla_dag to 2025-03-17 23:30:00+00:00, run_after=2025-03-17 23:32:00+00:00
[2025-03-17T23:33:55.256+0000] {processor.py:208} INFO - Processing /home/airflow/.local/lib/python3.12/site-packages/airflow/example_dags/example_sla_dag.py took 0.037 seconds
[2025-03-17T23:34:26.147+0000] {processor.py:186} INFO - Started process (PID=7641) to work on /home/airflow/.local/lib/python3.12/site-packages/airflow/example_dags/example_sla_dag.py
[2025-03-17T23:34:26.148+0000] {processor.py:914} INFO - Processing file /home/airflow/.local/lib/python3.12/site-packages/airflow/example_dags/example_sla_dag.py for tasks to queue
[2025-03-17T23:34:26.149+0000] {logging_mixin.py:190} INFO - [2025-03-17T23:34:26.149+0000] {dagbag.py:588} INFO - Filling up the DagBag from /home/airflow/.local/lib/python3.12/site-packages/airflow/example_dags/example_sla_dag.py
[2025-03-17T23:34:26.154+0000] {processor.py:925} INFO - DAG(s) 'example_sla_dag' retrieved from /home/airflow/.local/lib/python3.12/site-packages/airflow/example_dags/example_sla_dag.py
[2025-03-17T23:34:26.164+0000] {logging_mixin.py:190} INFO - [2025-03-17T23:34:26.164+0000] {dag.py:3239} INFO - Sync 1 DAGs
[2025-03-17T23:34:26.175+0000] {logging_mixin.py:190} INFO - [2025-03-17T23:34:26.175+0000] {dag.py:4180} INFO - Setting next_dagrun for example_sla_dag to 2025-03-17 23:32:00+00:00, run_after=2025-03-17 23:34:00+00:00
[2025-03-17T23:34:26.184+0000] {processor.py:208} INFO - Processing /home/airflow/.local/lib/python3.12/site-packages/airflow/example_dags/example_sla_dag.py took 0.039 seconds
[2025-03-17T23:34:57.334+0000] {processor.py:186} INFO - Started process (PID=7966) to work on /home/airflow/.local/lib/python3.12/site-packages/airflow/example_dags/example_sla_dag.py
[2025-03-17T23:34:57.335+0000] {processor.py:914} INFO - Processing file /home/airflow/.local/lib/python3.12/site-packages/airflow/example_dags/example_sla_dag.py for tasks to queue
[2025-03-17T23:34:57.336+0000] {logging_mixin.py:190} INFO - [2025-03-17T23:34:57.336+0000] {dagbag.py:588} INFO - Filling up the DagBag from /home/airflow/.local/lib/python3.12/site-packages/airflow/example_dags/example_sla_dag.py
[2025-03-17T23:34:57.342+0000] {processor.py:925} INFO - DAG(s) 'example_sla_dag' retrieved from /home/airflow/.local/lib/python3.12/site-packages/airflow/example_dags/example_sla_dag.py
[2025-03-17T23:34:57.353+0000] {logging_mixin.py:190} INFO - [2025-03-17T23:34:57.353+0000] {dag.py:3239} INFO - Sync 1 DAGs
[2025-03-17T23:34:57.373+0000] {logging_mixin.py:190} INFO - [2025-03-17T23:34:57.373+0000] {dag.py:4180} INFO - Setting next_dagrun for example_sla_dag to 2025-03-17 23:32:00+00:00, run_after=2025-03-17 23:34:00+00:00
[2025-03-17T23:34:57.383+0000] {processor.py:208} INFO - Processing /home/airflow/.local/lib/python3.12/site-packages/airflow/example_dags/example_sla_dag.py took 0.052 seconds
[2025-03-17T23:35:28.212+0000] {processor.py:186} INFO - Started process (PID=8262) to work on /home/airflow/.local/lib/python3.12/site-packages/airflow/example_dags/example_sla_dag.py
[2025-03-17T23:35:28.213+0000] {processor.py:914} INFO - Processing file /home/airflow/.local/lib/python3.12/site-packages/airflow/example_dags/example_sla_dag.py for tasks to queue
[2025-03-17T23:35:28.214+0000] {logging_mixin.py:190} INFO - [2025-03-17T23:35:28.214+0000] {dagbag.py:588} INFO - Filling up the DagBag from /home/airflow/.local/lib/python3.12/site-packages/airflow/example_dags/example_sla_dag.py
[2025-03-17T23:35:28.220+0000] {processor.py:925} INFO - DAG(s) 'example_sla_dag' retrieved from /home/airflow/.local/lib/python3.12/site-packages/airflow/example_dags/example_sla_dag.py
[2025-03-17T23:35:28.230+0000] {logging_mixin.py:190} INFO - [2025-03-17T23:35:28.230+0000] {dag.py:3239} INFO - Sync 1 DAGs
[2025-03-17T23:35:28.259+0000] {logging_mixin.py:190} INFO - [2025-03-17T23:35:28.259+0000] {dag.py:4180} INFO - Setting next_dagrun for example_sla_dag to 2025-03-17 23:32:00+00:00, run_after=2025-03-17 23:34:00+00:00
[2025-03-17T23:35:28.268+0000] {processor.py:208} INFO - Processing /home/airflow/.local/lib/python3.12/site-packages/airflow/example_dags/example_sla_dag.py took 0.060 seconds
[2025-03-17T23:35:59.367+0000] {processor.py:186} INFO - Started process (PID=8553) to work on /home/airflow/.local/lib/python3.12/site-packages/airflow/example_dags/example_sla_dag.py
[2025-03-17T23:35:59.368+0000] {processor.py:914} INFO - Processing file /home/airflow/.local/lib/python3.12/site-packages/airflow/example_dags/example_sla_dag.py for tasks to queue
[2025-03-17T23:35:59.369+0000] {logging_mixin.py:190} INFO - [2025-03-17T23:35:59.369+0000] {dagbag.py:588} INFO - Filling up the DagBag from /home/airflow/.local/lib/python3.12/site-packages/airflow/example_dags/example_sla_dag.py
[2025-03-17T23:35:59.379+0000] {processor.py:925} INFO - DAG(s) 'example_sla_dag' retrieved from /home/airflow/.local/lib/python3.12/site-packages/airflow/example_dags/example_sla_dag.py
[2025-03-17T23:35:59.395+0000] {logging_mixin.py:190} INFO - [2025-03-17T23:35:59.395+0000] {dag.py:3239} INFO - Sync 1 DAGs
[2025-03-17T23:35:59.414+0000] {logging_mixin.py:190} INFO - [2025-03-17T23:35:59.413+0000] {dag.py:4180} INFO - Setting next_dagrun for example_sla_dag to 2025-03-17 23:32:00+00:00, run_after=2025-03-17 23:34:00+00:00
[2025-03-17T23:35:59.424+0000] {processor.py:208} INFO - Processing /home/airflow/.local/lib/python3.12/site-packages/airflow/example_dags/example_sla_dag.py took 0.062 seconds
[2025-03-17T23:36:30.666+0000] {processor.py:186} INFO - Started process (PID=8839) to work on /home/airflow/.local/lib/python3.12/site-packages/airflow/example_dags/example_sla_dag.py
[2025-03-17T23:36:30.667+0000] {processor.py:914} INFO - Processing file /home/airflow/.local/lib/python3.12/site-packages/airflow/example_dags/example_sla_dag.py for tasks to queue
[2025-03-17T23:36:30.668+0000] {logging_mixin.py:190} INFO - [2025-03-17T23:36:30.668+0000] {dagbag.py:588} INFO - Filling up the DagBag from /home/airflow/.local/lib/python3.12/site-packages/airflow/example_dags/example_sla_dag.py
[2025-03-17T23:36:30.673+0000] {processor.py:925} INFO - DAG(s) 'example_sla_dag' retrieved from /home/airflow/.local/lib/python3.12/site-packages/airflow/example_dags/example_sla_dag.py
[2025-03-17T23:36:30.684+0000] {logging_mixin.py:190} INFO - [2025-03-17T23:36:30.683+0000] {dag.py:3239} INFO - Sync 1 DAGs
[2025-03-17T23:36:30.701+0000] {logging_mixin.py:190} INFO - [2025-03-17T23:36:30.701+0000] {dag.py:4180} INFO - Setting next_dagrun for example_sla_dag to 2025-03-17 23:34:00+00:00, run_after=2025-03-17 23:36:00+00:00
[2025-03-17T23:36:30.710+0000] {processor.py:208} INFO - Processing /home/airflow/.local/lib/python3.12/site-packages/airflow/example_dags/example_sla_dag.py took 0.048 seconds
[2025-03-17T23:37:02.080+0000] {processor.py:186} INFO - Started process (PID=9130) to work on /home/airflow/.local/lib/python3.12/site-packages/airflow/example_dags/example_sla_dag.py
[2025-03-17T23:37:02.081+0000] {processor.py:914} INFO - Processing file /home/airflow/.local/lib/python3.12/site-packages/airflow/example_dags/example_sla_dag.py for tasks to queue
[2025-03-17T23:37:02.083+0000] {logging_mixin.py:190} INFO - [2025-03-17T23:37:02.082+0000] {dagbag.py:588} INFO - Filling up the DagBag from /home/airflow/.local/lib/python3.12/site-packages/airflow/example_dags/example_sla_dag.py
[2025-03-17T23:37:02.092+0000] {processor.py:925} INFO - DAG(s) 'example_sla_dag' retrieved from /home/airflow/.local/lib/python3.12/site-packages/airflow/example_dags/example_sla_dag.py
[2025-03-17T23:37:02.103+0000] {logging_mixin.py:190} INFO - [2025-03-17T23:37:02.103+0000] {dag.py:3239} INFO - Sync 1 DAGs
[2025-03-17T23:37:02.115+0000] {logging_mixin.py:190} INFO - [2025-03-17T23:37:02.115+0000] {dag.py:4180} INFO - Setting next_dagrun for example_sla_dag to 2025-03-17 23:34:00+00:00, run_after=2025-03-17 23:36:00+00:00
[2025-03-17T23:37:02.130+0000] {processor.py:208} INFO - Processing /home/airflow/.local/lib/python3.12/site-packages/airflow/example_dags/example_sla_dag.py took 0.053 seconds
[2025-03-17T23:37:33.639+0000] {processor.py:186} INFO - Started process (PID=9427) to work on /home/airflow/.local/lib/python3.12/site-packages/airflow/example_dags/example_sla_dag.py
[2025-03-17T23:37:33.640+0000] {processor.py:914} INFO - Processing file /home/airflow/.local/lib/python3.12/site-packages/airflow/example_dags/example_sla_dag.py for tasks to queue
[2025-03-17T23:37:33.641+0000] {logging_mixin.py:190} INFO - [2025-03-17T23:37:33.641+0000] {dagbag.py:588} INFO - Filling up the DagBag from /home/airflow/.local/lib/python3.12/site-packages/airflow/example_dags/example_sla_dag.py
[2025-03-17T23:37:33.646+0000] {processor.py:925} INFO - DAG(s) 'example_sla_dag' retrieved from /home/airflow/.local/lib/python3.12/site-packages/airflow/example_dags/example_sla_dag.py
[2025-03-17T23:37:33.655+0000] {logging_mixin.py:190} INFO - [2025-03-17T23:37:33.655+0000] {dag.py:3239} INFO - Sync 1 DAGs
[2025-03-17T23:37:33.668+0000] {logging_mixin.py:190} INFO - [2025-03-17T23:37:33.668+0000] {dag.py:4180} INFO - Setting next_dagrun for example_sla_dag to 2025-03-17 23:34:00+00:00, run_after=2025-03-17 23:36:00+00:00
[2025-03-17T23:37:33.680+0000] {processor.py:208} INFO - Processing /home/airflow/.local/lib/python3.12/site-packages/airflow/example_dags/example_sla_dag.py took 0.044 seconds
