[2025-03-17T23:21:34.736+0000] {processor.py:186} INFO - Started process (PID=292) to work on /home/airflow/.local/lib/python3.12/site-packages/airflow/example_dags/example_subdag_operator.py
[2025-03-17T23:21:34.737+0000] {processor.py:914} INFO - Processing file /home/airflow/.local/lib/python3.12/site-packages/airflow/example_dags/example_subdag_operator.py for tasks to queue
[2025-03-17T23:21:34.738+0000] {logging_mixin.py:190} INFO - [2025-03-17T23:21:34.738+0000] {dagbag.py:588} INFO - Filling up the DagBag from /home/airflow/.local/lib/python3.12/site-packages/airflow/example_dags/example_subdag_operator.py
[2025-03-17T23:21:34.758+0000] {processor.py:925} INFO - DAG(s) 'example_subdag_operator.section-1', 'example_subdag_operator.section-2', 'example_subdag_operator' retrieved from /home/airflow/.local/lib/python3.12/site-packages/airflow/example_dags/example_subdag_operator.py
[2025-03-17T23:21:34.812+0000] {logging_mixin.py:190} INFO - [2025-03-17T23:21:34.811+0000] {override.py:1912} INFO - Created Permission View: can edit on DAG:example_subdag_operator
[2025-03-17T23:21:34.817+0000] {logging_mixin.py:190} INFO - [2025-03-17T23:21:34.817+0000] {override.py:1912} INFO - Created Permission View: can read on DAG:example_subdag_operator
[2025-03-17T23:21:34.821+0000] {logging_mixin.py:190} INFO - [2025-03-17T23:21:34.821+0000] {override.py:1912} INFO - Created Permission View: can delete on DAG:example_subdag_operator
[2025-03-17T23:21:34.825+0000] {logging_mixin.py:190} INFO - [2025-03-17T23:21:34.825+0000] {override.py:1912} INFO - Created Permission View: can create on DAG Run:example_subdag_operator
[2025-03-17T23:21:34.828+0000] {logging_mixin.py:190} INFO - [2025-03-17T23:21:34.828+0000] {override.py:1912} INFO - Created Permission View: menu access on DAG Run:example_subdag_operator
[2025-03-17T23:21:34.832+0000] {logging_mixin.py:190} INFO - [2025-03-17T23:21:34.832+0000] {override.py:1912} INFO - Created Permission View: can read on DAG Run:example_subdag_operator
[2025-03-17T23:21:34.835+0000] {logging_mixin.py:190} INFO - [2025-03-17T23:21:34.835+0000] {override.py:1912} INFO - Created Permission View: can delete on DAG Run:example_subdag_operator
[2025-03-17T23:21:34.835+0000] {logging_mixin.py:190} INFO - [2025-03-17T23:21:34.835+0000] {dag.py:3239} INFO - Sync 3 DAGs
[2025-03-17T23:21:34.843+0000] {logging_mixin.py:190} INFO - [2025-03-17T23:21:34.843+0000] {dag.py:3262} INFO - Creating ORM DAG for example_subdag_operator.section-1
[2025-03-17T23:21:34.844+0000] {logging_mixin.py:190} INFO - [2025-03-17T23:21:34.844+0000] {dag.py:3262} INFO - Creating ORM DAG for example_subdag_operator.section-2
[2025-03-17T23:21:34.844+0000] {logging_mixin.py:190} INFO - [2025-03-17T23:21:34.844+0000] {dag.py:3262} INFO - Creating ORM DAG for example_subdag_operator
[2025-03-17T23:21:34.850+0000] {logging_mixin.py:190} INFO - [2025-03-17T23:21:34.850+0000] {dag.py:4180} INFO - Setting next_dagrun for example_subdag_operator to 2022-01-01 00:00:00+00:00, run_after=2022-01-01 00:00:00+00:00
[2025-03-17T23:21:34.851+0000] {logging_mixin.py:190} INFO - [2025-03-17T23:21:34.851+0000] {dag.py:4180} INFO - Setting next_dagrun for example_subdag_operator.section-1 to None, run_after=None
[2025-03-17T23:21:34.851+0000] {logging_mixin.py:190} INFO - [2025-03-17T23:21:34.851+0000] {dag.py:4180} INFO - Setting next_dagrun for example_subdag_operator.section-2 to None, run_after=None
[2025-03-17T23:21:34.856+0000] {logging_mixin.py:190} INFO - [2025-03-17T23:21:34.856+0000] {dag.py:3239} INFO - Sync 2 DAGs
[2025-03-17T23:21:34.860+0000] {logging_mixin.py:190} INFO - [2025-03-17T23:21:34.859+0000] {dag.py:4180} INFO - Setting next_dagrun for example_subdag_operator.section-1 to None, run_after=None
[2025-03-17T23:21:34.862+0000] {logging_mixin.py:190} INFO - [2025-03-17T23:21:34.862+0000] {dag.py:4180} INFO - Setting next_dagrun for example_subdag_operator.section-2 to None, run_after=None
[2025-03-17T23:21:34.869+0000] {processor.py:208} INFO - Processing /home/airflow/.local/lib/python3.12/site-packages/airflow/example_dags/example_subdag_operator.py took 0.136 seconds
[2025-03-17T23:22:04.900+0000] {processor.py:186} INFO - Started process (PID=578) to work on /home/airflow/.local/lib/python3.12/site-packages/airflow/example_dags/example_subdag_operator.py
[2025-03-17T23:22:04.901+0000] {processor.py:914} INFO - Processing file /home/airflow/.local/lib/python3.12/site-packages/airflow/example_dags/example_subdag_operator.py for tasks to queue
[2025-03-17T23:22:04.902+0000] {logging_mixin.py:190} INFO - [2025-03-17T23:22:04.902+0000] {dagbag.py:588} INFO - Filling up the DagBag from /home/airflow/.local/lib/python3.12/site-packages/airflow/example_dags/example_subdag_operator.py
[2025-03-17T23:22:04.914+0000] {processor.py:925} INFO - DAG(s) 'example_subdag_operator.section-1', 'example_subdag_operator.section-2', 'example_subdag_operator' retrieved from /home/airflow/.local/lib/python3.12/site-packages/airflow/example_dags/example_subdag_operator.py
[2025-03-17T23:22:04.921+0000] {logging_mixin.py:190} INFO - [2025-03-17T23:22:04.921+0000] {dag.py:3239} INFO - Sync 3 DAGs
[2025-03-17T23:22:04.932+0000] {logging_mixin.py:190} INFO - [2025-03-17T23:22:04.932+0000] {dag.py:4180} INFO - Setting next_dagrun for example_subdag_operator to 2022-01-01 00:00:00+00:00, run_after=2022-01-01 00:00:00+00:00
[2025-03-17T23:22:04.935+0000] {logging_mixin.py:190} INFO - [2025-03-17T23:22:04.934+0000] {dag.py:4180} INFO - Setting next_dagrun for example_subdag_operator.section-1 to None, run_after=None
[2025-03-17T23:22:04.935+0000] {logging_mixin.py:190} INFO - [2025-03-17T23:22:04.935+0000] {dag.py:4180} INFO - Setting next_dagrun for example_subdag_operator.section-2 to None, run_after=None
[2025-03-17T23:22:04.939+0000] {logging_mixin.py:190} INFO - [2025-03-17T23:22:04.938+0000] {dag.py:3239} INFO - Sync 2 DAGs
[2025-03-17T23:22:04.941+0000] {logging_mixin.py:190} INFO - [2025-03-17T23:22:04.941+0000] {dag.py:4180} INFO - Setting next_dagrun for example_subdag_operator.section-1 to None, run_after=None
[2025-03-17T23:22:04.941+0000] {logging_mixin.py:190} INFO - [2025-03-17T23:22:04.941+0000] {dag.py:4180} INFO - Setting next_dagrun for example_subdag_operator.section-2 to None, run_after=None
[2025-03-17T23:22:04.946+0000] {processor.py:208} INFO - Processing /home/airflow/.local/lib/python3.12/site-packages/airflow/example_dags/example_subdag_operator.py took 0.049 seconds
[2025-03-17T23:22:36.178+0000] {processor.py:186} INFO - Started process (PID=874) to work on /home/airflow/.local/lib/python3.12/site-packages/airflow/example_dags/example_subdag_operator.py
[2025-03-17T23:22:36.179+0000] {processor.py:914} INFO - Processing file /home/airflow/.local/lib/python3.12/site-packages/airflow/example_dags/example_subdag_operator.py for tasks to queue
[2025-03-17T23:22:36.181+0000] {logging_mixin.py:190} INFO - [2025-03-17T23:22:36.181+0000] {dagbag.py:588} INFO - Filling up the DagBag from /home/airflow/.local/lib/python3.12/site-packages/airflow/example_dags/example_subdag_operator.py
[2025-03-17T23:22:36.198+0000] {processor.py:925} INFO - DAG(s) 'example_subdag_operator.section-1', 'example_subdag_operator.section-2', 'example_subdag_operator' retrieved from /home/airflow/.local/lib/python3.12/site-packages/airflow/example_dags/example_subdag_operator.py
[2025-03-17T23:22:36.207+0000] {logging_mixin.py:190} INFO - [2025-03-17T23:22:36.207+0000] {dag.py:3239} INFO - Sync 3 DAGs
[2025-03-17T23:22:36.219+0000] {logging_mixin.py:190} INFO - [2025-03-17T23:22:36.219+0000] {dag.py:4180} INFO - Setting next_dagrun for example_subdag_operator to 2022-01-01 00:00:00+00:00, run_after=2022-01-01 00:00:00+00:00
[2025-03-17T23:22:36.221+0000] {logging_mixin.py:190} INFO - [2025-03-17T23:22:36.221+0000] {dag.py:4180} INFO - Setting next_dagrun for example_subdag_operator.section-1 to None, run_after=None
[2025-03-17T23:22:36.222+0000] {logging_mixin.py:190} INFO - [2025-03-17T23:22:36.222+0000] {dag.py:4180} INFO - Setting next_dagrun for example_subdag_operator.section-2 to None, run_after=None
[2025-03-17T23:22:36.230+0000] {logging_mixin.py:190} INFO - [2025-03-17T23:22:36.230+0000] {dag.py:3239} INFO - Sync 2 DAGs
[2025-03-17T23:22:36.234+0000] {logging_mixin.py:190} INFO - [2025-03-17T23:22:36.233+0000] {dag.py:4180} INFO - Setting next_dagrun for example_subdag_operator.section-1 to None, run_after=None
[2025-03-17T23:22:36.234+0000] {logging_mixin.py:190} INFO - [2025-03-17T23:22:36.234+0000] {dag.py:4180} INFO - Setting next_dagrun for example_subdag_operator.section-2 to None, run_after=None
[2025-03-17T23:22:36.240+0000] {processor.py:208} INFO - Processing /home/airflow/.local/lib/python3.12/site-packages/airflow/example_dags/example_subdag_operator.py took 0.066 seconds
[2025-03-17T23:23:07.090+0000] {processor.py:186} INFO - Started process (PID=1165) to work on /home/airflow/.local/lib/python3.12/site-packages/airflow/example_dags/example_subdag_operator.py
[2025-03-17T23:23:07.091+0000] {processor.py:914} INFO - Processing file /home/airflow/.local/lib/python3.12/site-packages/airflow/example_dags/example_subdag_operator.py for tasks to queue
[2025-03-17T23:23:07.092+0000] {logging_mixin.py:190} INFO - [2025-03-17T23:23:07.092+0000] {dagbag.py:588} INFO - Filling up the DagBag from /home/airflow/.local/lib/python3.12/site-packages/airflow/example_dags/example_subdag_operator.py
[2025-03-17T23:23:07.104+0000] {processor.py:925} INFO - DAG(s) 'example_subdag_operator.section-1', 'example_subdag_operator.section-2', 'example_subdag_operator' retrieved from /home/airflow/.local/lib/python3.12/site-packages/airflow/example_dags/example_subdag_operator.py
[2025-03-17T23:23:07.110+0000] {logging_mixin.py:190} INFO - [2025-03-17T23:23:07.110+0000] {dag.py:3239} INFO - Sync 3 DAGs
[2025-03-17T23:23:07.121+0000] {logging_mixin.py:190} INFO - [2025-03-17T23:23:07.121+0000] {dag.py:4180} INFO - Setting next_dagrun for example_subdag_operator to 2022-01-01 00:00:00+00:00, run_after=2022-01-01 00:00:00+00:00
[2025-03-17T23:23:07.123+0000] {logging_mixin.py:190} INFO - [2025-03-17T23:23:07.123+0000] {dag.py:4180} INFO - Setting next_dagrun for example_subdag_operator.section-1 to None, run_after=None
[2025-03-17T23:23:07.125+0000] {logging_mixin.py:190} INFO - [2025-03-17T23:23:07.125+0000] {dag.py:4180} INFO - Setting next_dagrun for example_subdag_operator.section-2 to None, run_after=None
[2025-03-17T23:23:07.130+0000] {logging_mixin.py:190} INFO - [2025-03-17T23:23:07.130+0000] {dag.py:3239} INFO - Sync 2 DAGs
[2025-03-17T23:23:07.133+0000] {logging_mixin.py:190} INFO - [2025-03-17T23:23:07.133+0000] {dag.py:4180} INFO - Setting next_dagrun for example_subdag_operator.section-1 to None, run_after=None
[2025-03-17T23:23:07.133+0000] {logging_mixin.py:190} INFO - [2025-03-17T23:23:07.133+0000] {dag.py:4180} INFO - Setting next_dagrun for example_subdag_operator.section-2 to None, run_after=None
[2025-03-17T23:23:07.138+0000] {processor.py:208} INFO - Processing /home/airflow/.local/lib/python3.12/site-packages/airflow/example_dags/example_subdag_operator.py took 0.051 seconds
[2025-03-17T23:23:38.259+0000] {processor.py:186} INFO - Started process (PID=1456) to work on /home/airflow/.local/lib/python3.12/site-packages/airflow/example_dags/example_subdag_operator.py
[2025-03-17T23:23:38.259+0000] {processor.py:914} INFO - Processing file /home/airflow/.local/lib/python3.12/site-packages/airflow/example_dags/example_subdag_operator.py for tasks to queue
[2025-03-17T23:23:38.260+0000] {logging_mixin.py:190} INFO - [2025-03-17T23:23:38.260+0000] {dagbag.py:588} INFO - Filling up the DagBag from /home/airflow/.local/lib/python3.12/site-packages/airflow/example_dags/example_subdag_operator.py
[2025-03-17T23:23:38.273+0000] {processor.py:925} INFO - DAG(s) 'example_subdag_operator.section-1', 'example_subdag_operator.section-2', 'example_subdag_operator' retrieved from /home/airflow/.local/lib/python3.12/site-packages/airflow/example_dags/example_subdag_operator.py
[2025-03-17T23:23:38.281+0000] {logging_mixin.py:190} INFO - [2025-03-17T23:23:38.281+0000] {dag.py:3239} INFO - Sync 3 DAGs
[2025-03-17T23:23:38.292+0000] {logging_mixin.py:190} INFO - [2025-03-17T23:23:38.292+0000] {dag.py:4180} INFO - Setting next_dagrun for example_subdag_operator to 2022-01-01 00:00:00+00:00, run_after=2022-01-01 00:00:00+00:00
[2025-03-17T23:23:38.294+0000] {logging_mixin.py:190} INFO - [2025-03-17T23:23:38.294+0000] {dag.py:4180} INFO - Setting next_dagrun for example_subdag_operator.section-1 to None, run_after=None
[2025-03-17T23:23:38.294+0000] {logging_mixin.py:190} INFO - [2025-03-17T23:23:38.294+0000] {dag.py:4180} INFO - Setting next_dagrun for example_subdag_operator.section-2 to None, run_after=None
[2025-03-17T23:23:38.298+0000] {logging_mixin.py:190} INFO - [2025-03-17T23:23:38.298+0000] {dag.py:3239} INFO - Sync 2 DAGs
[2025-03-17T23:23:38.301+0000] {logging_mixin.py:190} INFO - [2025-03-17T23:23:38.301+0000] {dag.py:4180} INFO - Setting next_dagrun for example_subdag_operator.section-1 to None, run_after=None
[2025-03-17T23:23:38.301+0000] {logging_mixin.py:190} INFO - [2025-03-17T23:23:38.301+0000] {dag.py:4180} INFO - Setting next_dagrun for example_subdag_operator.section-2 to None, run_after=None
[2025-03-17T23:23:38.305+0000] {processor.py:208} INFO - Processing /home/airflow/.local/lib/python3.12/site-packages/airflow/example_dags/example_subdag_operator.py took 0.049 seconds
[2025-03-17T23:24:09.211+0000] {processor.py:186} INFO - Started process (PID=1747) to work on /home/airflow/.local/lib/python3.12/site-packages/airflow/example_dags/example_subdag_operator.py
[2025-03-17T23:24:09.213+0000] {processor.py:914} INFO - Processing file /home/airflow/.local/lib/python3.12/site-packages/airflow/example_dags/example_subdag_operator.py for tasks to queue
[2025-03-17T23:24:09.214+0000] {logging_mixin.py:190} INFO - [2025-03-17T23:24:09.214+0000] {dagbag.py:588} INFO - Filling up the DagBag from /home/airflow/.local/lib/python3.12/site-packages/airflow/example_dags/example_subdag_operator.py
[2025-03-17T23:24:09.226+0000] {processor.py:925} INFO - DAG(s) 'example_subdag_operator.section-1', 'example_subdag_operator.section-2', 'example_subdag_operator' retrieved from /home/airflow/.local/lib/python3.12/site-packages/airflow/example_dags/example_subdag_operator.py
[2025-03-17T23:24:09.233+0000] {logging_mixin.py:190} INFO - [2025-03-17T23:24:09.232+0000] {dag.py:3239} INFO - Sync 3 DAGs
[2025-03-17T23:24:09.244+0000] {logging_mixin.py:190} INFO - [2025-03-17T23:24:09.244+0000] {dag.py:4180} INFO - Setting next_dagrun for example_subdag_operator to 2022-01-01 00:00:00+00:00, run_after=2022-01-01 00:00:00+00:00
[2025-03-17T23:24:09.247+0000] {logging_mixin.py:190} INFO - [2025-03-17T23:24:09.247+0000] {dag.py:4180} INFO - Setting next_dagrun for example_subdag_operator.section-1 to None, run_after=None
[2025-03-17T23:24:09.248+0000] {logging_mixin.py:190} INFO - [2025-03-17T23:24:09.248+0000] {dag.py:4180} INFO - Setting next_dagrun for example_subdag_operator.section-2 to None, run_after=None
[2025-03-17T23:24:09.251+0000] {logging_mixin.py:190} INFO - [2025-03-17T23:24:09.251+0000] {dag.py:3239} INFO - Sync 2 DAGs
[2025-03-17T23:24:09.254+0000] {logging_mixin.py:190} INFO - [2025-03-17T23:24:09.254+0000] {dag.py:4180} INFO - Setting next_dagrun for example_subdag_operator.section-1 to None, run_after=None
[2025-03-17T23:24:09.254+0000] {logging_mixin.py:190} INFO - [2025-03-17T23:24:09.254+0000] {dag.py:4180} INFO - Setting next_dagrun for example_subdag_operator.section-2 to None, run_after=None
[2025-03-17T23:24:09.258+0000] {processor.py:208} INFO - Processing /home/airflow/.local/lib/python3.12/site-packages/airflow/example_dags/example_subdag_operator.py took 0.050 seconds
[2025-03-17T23:24:40.366+0000] {processor.py:186} INFO - Started process (PID=2037) to work on /home/airflow/.local/lib/python3.12/site-packages/airflow/example_dags/example_subdag_operator.py
[2025-03-17T23:24:40.367+0000] {processor.py:914} INFO - Processing file /home/airflow/.local/lib/python3.12/site-packages/airflow/example_dags/example_subdag_operator.py for tasks to queue
[2025-03-17T23:24:40.372+0000] {logging_mixin.py:190} INFO - [2025-03-17T23:24:40.371+0000] {dagbag.py:588} INFO - Filling up the DagBag from /home/airflow/.local/lib/python3.12/site-packages/airflow/example_dags/example_subdag_operator.py
[2025-03-17T23:24:40.392+0000] {processor.py:925} INFO - DAG(s) 'example_subdag_operator.section-1', 'example_subdag_operator.section-2', 'example_subdag_operator' retrieved from /home/airflow/.local/lib/python3.12/site-packages/airflow/example_dags/example_subdag_operator.py
[2025-03-17T23:24:40.405+0000] {logging_mixin.py:190} INFO - [2025-03-17T23:24:40.404+0000] {dag.py:3239} INFO - Sync 3 DAGs
[2025-03-17T23:24:40.424+0000] {logging_mixin.py:190} INFO - [2025-03-17T23:24:40.423+0000] {dag.py:4180} INFO - Setting next_dagrun for example_subdag_operator to 2022-01-01 00:00:00+00:00, run_after=2022-01-01 00:00:00+00:00
[2025-03-17T23:24:40.428+0000] {logging_mixin.py:190} INFO - [2025-03-17T23:24:40.428+0000] {dag.py:4180} INFO - Setting next_dagrun for example_subdag_operator.section-1 to None, run_after=None
[2025-03-17T23:24:40.430+0000] {logging_mixin.py:190} INFO - [2025-03-17T23:24:40.430+0000] {dag.py:4180} INFO - Setting next_dagrun for example_subdag_operator.section-2 to None, run_after=None
[2025-03-17T23:24:40.439+0000] {logging_mixin.py:190} INFO - [2025-03-17T23:24:40.439+0000] {dag.py:3239} INFO - Sync 2 DAGs
[2025-03-17T23:24:40.442+0000] {logging_mixin.py:190} INFO - [2025-03-17T23:24:40.442+0000] {dag.py:4180} INFO - Setting next_dagrun for example_subdag_operator.section-1 to None, run_after=None
[2025-03-17T23:24:40.443+0000] {logging_mixin.py:190} INFO - [2025-03-17T23:24:40.443+0000] {dag.py:4180} INFO - Setting next_dagrun for example_subdag_operator.section-2 to None, run_after=None
[2025-03-17T23:24:40.449+0000] {processor.py:208} INFO - Processing /home/airflow/.local/lib/python3.12/site-packages/airflow/example_dags/example_subdag_operator.py took 0.092 seconds
[2025-03-17T23:25:11.690+0000] {processor.py:186} INFO - Started process (PID=2328) to work on /home/airflow/.local/lib/python3.12/site-packages/airflow/example_dags/example_subdag_operator.py
[2025-03-17T23:25:11.691+0000] {processor.py:914} INFO - Processing file /home/airflow/.local/lib/python3.12/site-packages/airflow/example_dags/example_subdag_operator.py for tasks to queue
[2025-03-17T23:25:11.692+0000] {logging_mixin.py:190} INFO - [2025-03-17T23:25:11.692+0000] {dagbag.py:588} INFO - Filling up the DagBag from /home/airflow/.local/lib/python3.12/site-packages/airflow/example_dags/example_subdag_operator.py
[2025-03-17T23:25:11.706+0000] {processor.py:925} INFO - DAG(s) 'example_subdag_operator.section-1', 'example_subdag_operator.section-2', 'example_subdag_operator' retrieved from /home/airflow/.local/lib/python3.12/site-packages/airflow/example_dags/example_subdag_operator.py
[2025-03-17T23:25:11.712+0000] {logging_mixin.py:190} INFO - [2025-03-17T23:25:11.712+0000] {dag.py:3239} INFO - Sync 3 DAGs
[2025-03-17T23:25:11.725+0000] {logging_mixin.py:190} INFO - [2025-03-17T23:25:11.725+0000] {dag.py:4180} INFO - Setting next_dagrun for example_subdag_operator to 2022-01-01 00:00:00+00:00, run_after=2022-01-01 00:00:00+00:00
[2025-03-17T23:25:11.728+0000] {logging_mixin.py:190} INFO - [2025-03-17T23:25:11.727+0000] {dag.py:4180} INFO - Setting next_dagrun for example_subdag_operator.section-1 to None, run_after=None
[2025-03-17T23:25:11.729+0000] {logging_mixin.py:190} INFO - [2025-03-17T23:25:11.729+0000] {dag.py:4180} INFO - Setting next_dagrun for example_subdag_operator.section-2 to None, run_after=None
[2025-03-17T23:25:11.732+0000] {logging_mixin.py:190} INFO - [2025-03-17T23:25:11.732+0000] {dag.py:3239} INFO - Sync 2 DAGs
[2025-03-17T23:25:11.735+0000] {logging_mixin.py:190} INFO - [2025-03-17T23:25:11.735+0000] {dag.py:4180} INFO - Setting next_dagrun for example_subdag_operator.section-1 to None, run_after=None
[2025-03-17T23:25:11.735+0000] {logging_mixin.py:190} INFO - [2025-03-17T23:25:11.735+0000] {dag.py:4180} INFO - Setting next_dagrun for example_subdag_operator.section-2 to None, run_after=None
[2025-03-17T23:25:11.739+0000] {processor.py:208} INFO - Processing /home/airflow/.local/lib/python3.12/site-packages/airflow/example_dags/example_subdag_operator.py took 0.052 seconds
[2025-03-17T23:25:42.979+0000] {processor.py:186} INFO - Started process (PID=2619) to work on /home/airflow/.local/lib/python3.12/site-packages/airflow/example_dags/example_subdag_operator.py
[2025-03-17T23:25:42.980+0000] {processor.py:914} INFO - Processing file /home/airflow/.local/lib/python3.12/site-packages/airflow/example_dags/example_subdag_operator.py for tasks to queue
[2025-03-17T23:25:42.981+0000] {logging_mixin.py:190} INFO - [2025-03-17T23:25:42.981+0000] {dagbag.py:588} INFO - Filling up the DagBag from /home/airflow/.local/lib/python3.12/site-packages/airflow/example_dags/example_subdag_operator.py
[2025-03-17T23:25:42.994+0000] {processor.py:925} INFO - DAG(s) 'example_subdag_operator.section-1', 'example_subdag_operator.section-2', 'example_subdag_operator' retrieved from /home/airflow/.local/lib/python3.12/site-packages/airflow/example_dags/example_subdag_operator.py
[2025-03-17T23:25:43.001+0000] {logging_mixin.py:190} INFO - [2025-03-17T23:25:43.001+0000] {dag.py:3239} INFO - Sync 3 DAGs
[2025-03-17T23:25:43.012+0000] {logging_mixin.py:190} INFO - [2025-03-17T23:25:43.012+0000] {dag.py:4180} INFO - Setting next_dagrun for example_subdag_operator to 2022-01-01 00:00:00+00:00, run_after=2022-01-01 00:00:00+00:00
[2025-03-17T23:25:43.014+0000] {logging_mixin.py:190} INFO - [2025-03-17T23:25:43.014+0000] {dag.py:4180} INFO - Setting next_dagrun for example_subdag_operator.section-1 to None, run_after=None
[2025-03-17T23:25:43.015+0000] {logging_mixin.py:190} INFO - [2025-03-17T23:25:43.015+0000] {dag.py:4180} INFO - Setting next_dagrun for example_subdag_operator.section-2 to None, run_after=None
[2025-03-17T23:25:43.019+0000] {logging_mixin.py:190} INFO - [2025-03-17T23:25:43.018+0000] {dag.py:3239} INFO - Sync 2 DAGs
[2025-03-17T23:25:43.023+0000] {logging_mixin.py:190} INFO - [2025-03-17T23:25:43.023+0000] {dag.py:4180} INFO - Setting next_dagrun for example_subdag_operator.section-1 to None, run_after=None
[2025-03-17T23:25:43.024+0000] {logging_mixin.py:190} INFO - [2025-03-17T23:25:43.024+0000] {dag.py:4180} INFO - Setting next_dagrun for example_subdag_operator.section-2 to None, run_after=None
[2025-03-17T23:25:43.030+0000] {processor.py:208} INFO - Processing /home/airflow/.local/lib/python3.12/site-packages/airflow/example_dags/example_subdag_operator.py took 0.054 seconds
[2025-03-17T23:26:14.147+0000] {processor.py:186} INFO - Started process (PID=2910) to work on /home/airflow/.local/lib/python3.12/site-packages/airflow/example_dags/example_subdag_operator.py
[2025-03-17T23:26:14.148+0000] {processor.py:914} INFO - Processing file /home/airflow/.local/lib/python3.12/site-packages/airflow/example_dags/example_subdag_operator.py for tasks to queue
[2025-03-17T23:26:14.149+0000] {logging_mixin.py:190} INFO - [2025-03-17T23:26:14.149+0000] {dagbag.py:588} INFO - Filling up the DagBag from /home/airflow/.local/lib/python3.12/site-packages/airflow/example_dags/example_subdag_operator.py
[2025-03-17T23:26:14.162+0000] {processor.py:925} INFO - DAG(s) 'example_subdag_operator.section-1', 'example_subdag_operator.section-2', 'example_subdag_operator' retrieved from /home/airflow/.local/lib/python3.12/site-packages/airflow/example_dags/example_subdag_operator.py
[2025-03-17T23:26:14.169+0000] {logging_mixin.py:190} INFO - [2025-03-17T23:26:14.169+0000] {dag.py:3239} INFO - Sync 3 DAGs
[2025-03-17T23:26:14.180+0000] {logging_mixin.py:190} INFO - [2025-03-17T23:26:14.179+0000] {dag.py:4180} INFO - Setting next_dagrun for example_subdag_operator to 2022-01-01 00:00:00+00:00, run_after=2022-01-01 00:00:00+00:00
[2025-03-17T23:26:14.182+0000] {logging_mixin.py:190} INFO - [2025-03-17T23:26:14.182+0000] {dag.py:4180} INFO - Setting next_dagrun for example_subdag_operator.section-1 to None, run_after=None
[2025-03-17T23:26:14.184+0000] {logging_mixin.py:190} INFO - [2025-03-17T23:26:14.184+0000] {dag.py:4180} INFO - Setting next_dagrun for example_subdag_operator.section-2 to None, run_after=None
[2025-03-17T23:26:14.188+0000] {logging_mixin.py:190} INFO - [2025-03-17T23:26:14.188+0000] {dag.py:3239} INFO - Sync 2 DAGs
[2025-03-17T23:26:14.193+0000] {logging_mixin.py:190} INFO - [2025-03-17T23:26:14.193+0000] {dag.py:4180} INFO - Setting next_dagrun for example_subdag_operator.section-1 to None, run_after=None
[2025-03-17T23:26:14.194+0000] {logging_mixin.py:190} INFO - [2025-03-17T23:26:14.194+0000] {dag.py:4180} INFO - Setting next_dagrun for example_subdag_operator.section-2 to None, run_after=None
[2025-03-17T23:26:14.199+0000] {processor.py:208} INFO - Processing /home/airflow/.local/lib/python3.12/site-packages/airflow/example_dags/example_subdag_operator.py took 0.054 seconds
[2025-03-17T23:26:44.991+0000] {processor.py:186} INFO - Started process (PID=3201) to work on /home/airflow/.local/lib/python3.12/site-packages/airflow/example_dags/example_subdag_operator.py
[2025-03-17T23:26:44.991+0000] {processor.py:914} INFO - Processing file /home/airflow/.local/lib/python3.12/site-packages/airflow/example_dags/example_subdag_operator.py for tasks to queue
[2025-03-17T23:26:44.993+0000] {logging_mixin.py:190} INFO - [2025-03-17T23:26:44.992+0000] {dagbag.py:588} INFO - Filling up the DagBag from /home/airflow/.local/lib/python3.12/site-packages/airflow/example_dags/example_subdag_operator.py
[2025-03-17T23:26:45.004+0000] {processor.py:925} INFO - DAG(s) 'example_subdag_operator.section-1', 'example_subdag_operator.section-2', 'example_subdag_operator' retrieved from /home/airflow/.local/lib/python3.12/site-packages/airflow/example_dags/example_subdag_operator.py
[2025-03-17T23:26:45.011+0000] {logging_mixin.py:190} INFO - [2025-03-17T23:26:45.011+0000] {dag.py:3239} INFO - Sync 3 DAGs
[2025-03-17T23:26:45.021+0000] {logging_mixin.py:190} INFO - [2025-03-17T23:26:45.021+0000] {dag.py:4180} INFO - Setting next_dagrun for example_subdag_operator to 2022-01-01 00:00:00+00:00, run_after=2022-01-01 00:00:00+00:00
[2025-03-17T23:26:45.023+0000] {logging_mixin.py:190} INFO - [2025-03-17T23:26:45.023+0000] {dag.py:4180} INFO - Setting next_dagrun for example_subdag_operator.section-1 to None, run_after=None
[2025-03-17T23:26:45.023+0000] {logging_mixin.py:190} INFO - [2025-03-17T23:26:45.023+0000] {dag.py:4180} INFO - Setting next_dagrun for example_subdag_operator.section-2 to None, run_after=None
[2025-03-17T23:26:45.027+0000] {logging_mixin.py:190} INFO - [2025-03-17T23:26:45.026+0000] {dag.py:3239} INFO - Sync 2 DAGs
[2025-03-17T23:26:45.029+0000] {logging_mixin.py:190} INFO - [2025-03-17T23:26:45.029+0000] {dag.py:4180} INFO - Setting next_dagrun for example_subdag_operator.section-1 to None, run_after=None
[2025-03-17T23:26:45.030+0000] {logging_mixin.py:190} INFO - [2025-03-17T23:26:45.030+0000] {dag.py:4180} INFO - Setting next_dagrun for example_subdag_operator.section-2 to None, run_after=None
[2025-03-17T23:26:45.035+0000] {processor.py:208} INFO - Processing /home/airflow/.local/lib/python3.12/site-packages/airflow/example_dags/example_subdag_operator.py took 0.047 seconds
[2025-03-17T23:27:15.972+0000] {processor.py:186} INFO - Started process (PID=3492) to work on /home/airflow/.local/lib/python3.12/site-packages/airflow/example_dags/example_subdag_operator.py
[2025-03-17T23:27:15.973+0000] {processor.py:914} INFO - Processing file /home/airflow/.local/lib/python3.12/site-packages/airflow/example_dags/example_subdag_operator.py for tasks to queue
[2025-03-17T23:27:15.974+0000] {logging_mixin.py:190} INFO - [2025-03-17T23:27:15.974+0000] {dagbag.py:588} INFO - Filling up the DagBag from /home/airflow/.local/lib/python3.12/site-packages/airflow/example_dags/example_subdag_operator.py
[2025-03-17T23:27:15.988+0000] {processor.py:925} INFO - DAG(s) 'example_subdag_operator.section-1', 'example_subdag_operator.section-2', 'example_subdag_operator' retrieved from /home/airflow/.local/lib/python3.12/site-packages/airflow/example_dags/example_subdag_operator.py
[2025-03-17T23:27:15.996+0000] {logging_mixin.py:190} INFO - [2025-03-17T23:27:15.996+0000] {dag.py:3239} INFO - Sync 3 DAGs
[2025-03-17T23:27:16.009+0000] {logging_mixin.py:190} INFO - [2025-03-17T23:27:16.009+0000] {dag.py:4180} INFO - Setting next_dagrun for example_subdag_operator to 2022-01-01 00:00:00+00:00, run_after=2022-01-01 00:00:00+00:00
[2025-03-17T23:27:16.013+0000] {logging_mixin.py:190} INFO - [2025-03-17T23:27:16.013+0000] {dag.py:4180} INFO - Setting next_dagrun for example_subdag_operator.section-1 to None, run_after=None
[2025-03-17T23:27:16.014+0000] {logging_mixin.py:190} INFO - [2025-03-17T23:27:16.014+0000] {dag.py:4180} INFO - Setting next_dagrun for example_subdag_operator.section-2 to None, run_after=None
[2025-03-17T23:27:16.017+0000] {logging_mixin.py:190} INFO - [2025-03-17T23:27:16.017+0000] {dag.py:3239} INFO - Sync 2 DAGs
[2025-03-17T23:27:16.020+0000] {logging_mixin.py:190} INFO - [2025-03-17T23:27:16.020+0000] {dag.py:4180} INFO - Setting next_dagrun for example_subdag_operator.section-1 to None, run_after=None
[2025-03-17T23:27:16.020+0000] {logging_mixin.py:190} INFO - [2025-03-17T23:27:16.020+0000] {dag.py:4180} INFO - Setting next_dagrun for example_subdag_operator.section-2 to None, run_after=None
[2025-03-17T23:27:16.025+0000] {processor.py:208} INFO - Processing /home/airflow/.local/lib/python3.12/site-packages/airflow/example_dags/example_subdag_operator.py took 0.056 seconds
[2025-03-17T23:27:46.912+0000] {processor.py:186} INFO - Started process (PID=3783) to work on /home/airflow/.local/lib/python3.12/site-packages/airflow/example_dags/example_subdag_operator.py
[2025-03-17T23:27:46.912+0000] {processor.py:914} INFO - Processing file /home/airflow/.local/lib/python3.12/site-packages/airflow/example_dags/example_subdag_operator.py for tasks to queue
[2025-03-17T23:27:46.914+0000] {logging_mixin.py:190} INFO - [2025-03-17T23:27:46.914+0000] {dagbag.py:588} INFO - Filling up the DagBag from /home/airflow/.local/lib/python3.12/site-packages/airflow/example_dags/example_subdag_operator.py
[2025-03-17T23:27:46.933+0000] {processor.py:925} INFO - DAG(s) 'example_subdag_operator.section-1', 'example_subdag_operator.section-2', 'example_subdag_operator' retrieved from /home/airflow/.local/lib/python3.12/site-packages/airflow/example_dags/example_subdag_operator.py
[2025-03-17T23:27:46.941+0000] {logging_mixin.py:190} INFO - [2025-03-17T23:27:46.941+0000] {dag.py:3239} INFO - Sync 3 DAGs
[2025-03-17T23:27:46.954+0000] {logging_mixin.py:190} INFO - [2025-03-17T23:27:46.953+0000] {dag.py:4180} INFO - Setting next_dagrun for example_subdag_operator to 2022-01-01 00:00:00+00:00, run_after=2022-01-01 00:00:00+00:00
[2025-03-17T23:27:46.958+0000] {logging_mixin.py:190} INFO - [2025-03-17T23:27:46.958+0000] {dag.py:4180} INFO - Setting next_dagrun for example_subdag_operator.section-1 to None, run_after=None
[2025-03-17T23:27:46.958+0000] {logging_mixin.py:190} INFO - [2025-03-17T23:27:46.958+0000] {dag.py:4180} INFO - Setting next_dagrun for example_subdag_operator.section-2 to None, run_after=None
[2025-03-17T23:27:46.963+0000] {logging_mixin.py:190} INFO - [2025-03-17T23:27:46.962+0000] {dag.py:3239} INFO - Sync 2 DAGs
[2025-03-17T23:27:46.966+0000] {logging_mixin.py:190} INFO - [2025-03-17T23:27:46.966+0000] {dag.py:4180} INFO - Setting next_dagrun for example_subdag_operator.section-1 to None, run_after=None
[2025-03-17T23:27:46.966+0000] {logging_mixin.py:190} INFO - [2025-03-17T23:27:46.966+0000] {dag.py:4180} INFO - Setting next_dagrun for example_subdag_operator.section-2 to None, run_after=None
[2025-03-17T23:27:46.972+0000] {processor.py:208} INFO - Processing /home/airflow/.local/lib/python3.12/site-packages/airflow/example_dags/example_subdag_operator.py took 0.064 seconds
[2025-03-17T23:28:17.586+0000] {processor.py:186} INFO - Started process (PID=4074) to work on /home/airflow/.local/lib/python3.12/site-packages/airflow/example_dags/example_subdag_operator.py
[2025-03-17T23:28:17.587+0000] {processor.py:914} INFO - Processing file /home/airflow/.local/lib/python3.12/site-packages/airflow/example_dags/example_subdag_operator.py for tasks to queue
[2025-03-17T23:28:17.588+0000] {logging_mixin.py:190} INFO - [2025-03-17T23:28:17.588+0000] {dagbag.py:588} INFO - Filling up the DagBag from /home/airflow/.local/lib/python3.12/site-packages/airflow/example_dags/example_subdag_operator.py
[2025-03-17T23:28:17.607+0000] {processor.py:925} INFO - DAG(s) 'example_subdag_operator.section-1', 'example_subdag_operator.section-2', 'example_subdag_operator' retrieved from /home/airflow/.local/lib/python3.12/site-packages/airflow/example_dags/example_subdag_operator.py
[2025-03-17T23:28:17.616+0000] {logging_mixin.py:190} INFO - [2025-03-17T23:28:17.615+0000] {dag.py:3239} INFO - Sync 3 DAGs
[2025-03-17T23:28:17.625+0000] {logging_mixin.py:190} INFO - [2025-03-17T23:28:17.625+0000] {dag.py:4180} INFO - Setting next_dagrun for example_subdag_operator to 2022-01-01 00:00:00+00:00, run_after=2022-01-01 00:00:00+00:00
[2025-03-17T23:28:17.628+0000] {logging_mixin.py:190} INFO - [2025-03-17T23:28:17.628+0000] {dag.py:4180} INFO - Setting next_dagrun for example_subdag_operator.section-1 to None, run_after=None
[2025-03-17T23:28:17.629+0000] {logging_mixin.py:190} INFO - [2025-03-17T23:28:17.629+0000] {dag.py:4180} INFO - Setting next_dagrun for example_subdag_operator.section-2 to None, run_after=None
[2025-03-17T23:28:17.635+0000] {logging_mixin.py:190} INFO - [2025-03-17T23:28:17.634+0000] {dag.py:3239} INFO - Sync 2 DAGs
[2025-03-17T23:28:17.637+0000] {logging_mixin.py:190} INFO - [2025-03-17T23:28:17.637+0000] {dag.py:4180} INFO - Setting next_dagrun for example_subdag_operator.section-1 to None, run_after=None
[2025-03-17T23:28:17.638+0000] {logging_mixin.py:190} INFO - [2025-03-17T23:28:17.637+0000] {dag.py:4180} INFO - Setting next_dagrun for example_subdag_operator.section-2 to None, run_after=None
[2025-03-17T23:28:17.642+0000] {processor.py:208} INFO - Processing /home/airflow/.local/lib/python3.12/site-packages/airflow/example_dags/example_subdag_operator.py took 0.058 seconds
[2025-03-17T23:28:48.397+0000] {processor.py:186} INFO - Started process (PID=4365) to work on /home/airflow/.local/lib/python3.12/site-packages/airflow/example_dags/example_subdag_operator.py
[2025-03-17T23:28:48.398+0000] {processor.py:914} INFO - Processing file /home/airflow/.local/lib/python3.12/site-packages/airflow/example_dags/example_subdag_operator.py for tasks to queue
[2025-03-17T23:28:48.399+0000] {logging_mixin.py:190} INFO - [2025-03-17T23:28:48.399+0000] {dagbag.py:588} INFO - Filling up the DagBag from /home/airflow/.local/lib/python3.12/site-packages/airflow/example_dags/example_subdag_operator.py
[2025-03-17T23:28:48.411+0000] {processor.py:925} INFO - DAG(s) 'example_subdag_operator.section-1', 'example_subdag_operator.section-2', 'example_subdag_operator' retrieved from /home/airflow/.local/lib/python3.12/site-packages/airflow/example_dags/example_subdag_operator.py
[2025-03-17T23:28:48.418+0000] {logging_mixin.py:190} INFO - [2025-03-17T23:28:48.418+0000] {dag.py:3239} INFO - Sync 3 DAGs
[2025-03-17T23:28:48.432+0000] {logging_mixin.py:190} INFO - [2025-03-17T23:28:48.432+0000] {dag.py:4180} INFO - Setting next_dagrun for example_subdag_operator to 2022-01-01 00:00:00+00:00, run_after=2022-01-01 00:00:00+00:00
[2025-03-17T23:28:48.434+0000] {logging_mixin.py:190} INFO - [2025-03-17T23:28:48.434+0000] {dag.py:4180} INFO - Setting next_dagrun for example_subdag_operator.section-1 to None, run_after=None
[2025-03-17T23:28:48.435+0000] {logging_mixin.py:190} INFO - [2025-03-17T23:28:48.435+0000] {dag.py:4180} INFO - Setting next_dagrun for example_subdag_operator.section-2 to None, run_after=None
[2025-03-17T23:28:48.438+0000] {logging_mixin.py:190} INFO - [2025-03-17T23:28:48.438+0000] {dag.py:3239} INFO - Sync 2 DAGs
[2025-03-17T23:28:48.441+0000] {logging_mixin.py:190} INFO - [2025-03-17T23:28:48.441+0000] {dag.py:4180} INFO - Setting next_dagrun for example_subdag_operator.section-1 to None, run_after=None
[2025-03-17T23:28:48.441+0000] {logging_mixin.py:190} INFO - [2025-03-17T23:28:48.441+0000] {dag.py:4180} INFO - Setting next_dagrun for example_subdag_operator.section-2 to None, run_after=None
[2025-03-17T23:28:48.445+0000] {processor.py:208} INFO - Processing /home/airflow/.local/lib/python3.12/site-packages/airflow/example_dags/example_subdag_operator.py took 0.051 seconds
[2025-03-17T23:29:19.077+0000] {processor.py:186} INFO - Started process (PID=4658) to work on /home/airflow/.local/lib/python3.12/site-packages/airflow/example_dags/example_subdag_operator.py
[2025-03-17T23:29:19.077+0000] {processor.py:914} INFO - Processing file /home/airflow/.local/lib/python3.12/site-packages/airflow/example_dags/example_subdag_operator.py for tasks to queue
[2025-03-17T23:29:19.078+0000] {logging_mixin.py:190} INFO - [2025-03-17T23:29:19.078+0000] {dagbag.py:588} INFO - Filling up the DagBag from /home/airflow/.local/lib/python3.12/site-packages/airflow/example_dags/example_subdag_operator.py
[2025-03-17T23:29:19.094+0000] {processor.py:925} INFO - DAG(s) 'example_subdag_operator.section-1', 'example_subdag_operator.section-2', 'example_subdag_operator' retrieved from /home/airflow/.local/lib/python3.12/site-packages/airflow/example_dags/example_subdag_operator.py
[2025-03-17T23:29:19.101+0000] {logging_mixin.py:190} INFO - [2025-03-17T23:29:19.101+0000] {dag.py:3239} INFO - Sync 3 DAGs
[2025-03-17T23:29:19.111+0000] {logging_mixin.py:190} INFO - [2025-03-17T23:29:19.111+0000] {dag.py:4180} INFO - Setting next_dagrun for example_subdag_operator to 2022-01-01 00:00:00+00:00, run_after=2022-01-01 00:00:00+00:00
[2025-03-17T23:29:19.113+0000] {logging_mixin.py:190} INFO - [2025-03-17T23:29:19.113+0000] {dag.py:4180} INFO - Setting next_dagrun for example_subdag_operator.section-1 to None, run_after=None
[2025-03-17T23:29:19.115+0000] {logging_mixin.py:190} INFO - [2025-03-17T23:29:19.114+0000] {dag.py:4180} INFO - Setting next_dagrun for example_subdag_operator.section-2 to None, run_after=None
[2025-03-17T23:29:19.119+0000] {logging_mixin.py:190} INFO - [2025-03-17T23:29:19.118+0000] {dag.py:3239} INFO - Sync 2 DAGs
[2025-03-17T23:29:19.122+0000] {logging_mixin.py:190} INFO - [2025-03-17T23:29:19.122+0000] {dag.py:4180} INFO - Setting next_dagrun for example_subdag_operator.section-1 to None, run_after=None
[2025-03-17T23:29:19.122+0000] {logging_mixin.py:190} INFO - [2025-03-17T23:29:19.122+0000] {dag.py:4180} INFO - Setting next_dagrun for example_subdag_operator.section-2 to None, run_after=None
[2025-03-17T23:29:19.127+0000] {processor.py:208} INFO - Processing /home/airflow/.local/lib/python3.12/site-packages/airflow/example_dags/example_subdag_operator.py took 0.053 seconds
[2025-03-17T23:29:49.602+0000] {processor.py:186} INFO - Started process (PID=4947) to work on /home/airflow/.local/lib/python3.12/site-packages/airflow/example_dags/example_subdag_operator.py
[2025-03-17T23:29:49.603+0000] {processor.py:914} INFO - Processing file /home/airflow/.local/lib/python3.12/site-packages/airflow/example_dags/example_subdag_operator.py for tasks to queue
[2025-03-17T23:29:49.604+0000] {logging_mixin.py:190} INFO - [2025-03-17T23:29:49.604+0000] {dagbag.py:588} INFO - Filling up the DagBag from /home/airflow/.local/lib/python3.12/site-packages/airflow/example_dags/example_subdag_operator.py
[2025-03-17T23:29:49.616+0000] {processor.py:925} INFO - DAG(s) 'example_subdag_operator.section-1', 'example_subdag_operator.section-2', 'example_subdag_operator' retrieved from /home/airflow/.local/lib/python3.12/site-packages/airflow/example_dags/example_subdag_operator.py
[2025-03-17T23:29:49.623+0000] {logging_mixin.py:190} INFO - [2025-03-17T23:29:49.622+0000] {dag.py:3239} INFO - Sync 3 DAGs
[2025-03-17T23:29:49.633+0000] {logging_mixin.py:190} INFO - [2025-03-17T23:29:49.633+0000] {dag.py:4180} INFO - Setting next_dagrun for example_subdag_operator to 2022-01-01 00:00:00+00:00, run_after=2022-01-01 00:00:00+00:00
[2025-03-17T23:29:49.635+0000] {logging_mixin.py:190} INFO - [2025-03-17T23:29:49.635+0000] {dag.py:4180} INFO - Setting next_dagrun for example_subdag_operator.section-1 to None, run_after=None
[2025-03-17T23:29:49.638+0000] {logging_mixin.py:190} INFO - [2025-03-17T23:29:49.638+0000] {dag.py:4180} INFO - Setting next_dagrun for example_subdag_operator.section-2 to None, run_after=None
[2025-03-17T23:29:49.641+0000] {logging_mixin.py:190} INFO - [2025-03-17T23:29:49.641+0000] {dag.py:3239} INFO - Sync 2 DAGs
[2025-03-17T23:29:49.644+0000] {logging_mixin.py:190} INFO - [2025-03-17T23:29:49.644+0000] {dag.py:4180} INFO - Setting next_dagrun for example_subdag_operator.section-1 to None, run_after=None
[2025-03-17T23:29:49.644+0000] {logging_mixin.py:190} INFO - [2025-03-17T23:29:49.644+0000] {dag.py:4180} INFO - Setting next_dagrun for example_subdag_operator.section-2 to None, run_after=None
[2025-03-17T23:29:49.649+0000] {processor.py:208} INFO - Processing /home/airflow/.local/lib/python3.12/site-packages/airflow/example_dags/example_subdag_operator.py took 0.050 seconds
[2025-03-17T23:30:20.213+0000] {processor.py:186} INFO - Started process (PID=5238) to work on /home/airflow/.local/lib/python3.12/site-packages/airflow/example_dags/example_subdag_operator.py
[2025-03-17T23:30:20.214+0000] {processor.py:914} INFO - Processing file /home/airflow/.local/lib/python3.12/site-packages/airflow/example_dags/example_subdag_operator.py for tasks to queue
[2025-03-17T23:30:20.215+0000] {logging_mixin.py:190} INFO - [2025-03-17T23:30:20.215+0000] {dagbag.py:588} INFO - Filling up the DagBag from /home/airflow/.local/lib/python3.12/site-packages/airflow/example_dags/example_subdag_operator.py
[2025-03-17T23:30:20.228+0000] {processor.py:925} INFO - DAG(s) 'example_subdag_operator.section-1', 'example_subdag_operator.section-2', 'example_subdag_operator' retrieved from /home/airflow/.local/lib/python3.12/site-packages/airflow/example_dags/example_subdag_operator.py
[2025-03-17T23:30:20.236+0000] {logging_mixin.py:190} INFO - [2025-03-17T23:30:20.236+0000] {dag.py:3239} INFO - Sync 3 DAGs
[2025-03-17T23:30:20.247+0000] {logging_mixin.py:190} INFO - [2025-03-17T23:30:20.247+0000] {dag.py:4180} INFO - Setting next_dagrun for example_subdag_operator to 2022-01-01 00:00:00+00:00, run_after=2022-01-01 00:00:00+00:00
[2025-03-17T23:30:20.249+0000] {logging_mixin.py:190} INFO - [2025-03-17T23:30:20.249+0000] {dag.py:4180} INFO - Setting next_dagrun for example_subdag_operator.section-1 to None, run_after=None
[2025-03-17T23:30:20.250+0000] {logging_mixin.py:190} INFO - [2025-03-17T23:30:20.250+0000] {dag.py:4180} INFO - Setting next_dagrun for example_subdag_operator.section-2 to None, run_after=None
[2025-03-17T23:30:20.255+0000] {logging_mixin.py:190} INFO - [2025-03-17T23:30:20.255+0000] {dag.py:3239} INFO - Sync 2 DAGs
[2025-03-17T23:30:20.258+0000] {logging_mixin.py:190} INFO - [2025-03-17T23:30:20.258+0000] {dag.py:4180} INFO - Setting next_dagrun for example_subdag_operator.section-1 to None, run_after=None
[2025-03-17T23:30:20.259+0000] {logging_mixin.py:190} INFO - [2025-03-17T23:30:20.259+0000] {dag.py:4180} INFO - Setting next_dagrun for example_subdag_operator.section-2 to None, run_after=None
[2025-03-17T23:30:20.263+0000] {processor.py:208} INFO - Processing /home/airflow/.local/lib/python3.12/site-packages/airflow/example_dags/example_subdag_operator.py took 0.052 seconds
[2025-03-17T23:30:50.795+0000] {processor.py:186} INFO - Started process (PID=5529) to work on /home/airflow/.local/lib/python3.12/site-packages/airflow/example_dags/example_subdag_operator.py
[2025-03-17T23:30:50.795+0000] {processor.py:914} INFO - Processing file /home/airflow/.local/lib/python3.12/site-packages/airflow/example_dags/example_subdag_operator.py for tasks to queue
[2025-03-17T23:30:50.797+0000] {logging_mixin.py:190} INFO - [2025-03-17T23:30:50.797+0000] {dagbag.py:588} INFO - Filling up the DagBag from /home/airflow/.local/lib/python3.12/site-packages/airflow/example_dags/example_subdag_operator.py
[2025-03-17T23:30:50.817+0000] {processor.py:925} INFO - DAG(s) 'example_subdag_operator.section-1', 'example_subdag_operator.section-2', 'example_subdag_operator' retrieved from /home/airflow/.local/lib/python3.12/site-packages/airflow/example_dags/example_subdag_operator.py
[2025-03-17T23:30:50.824+0000] {logging_mixin.py:190} INFO - [2025-03-17T23:30:50.824+0000] {dag.py:3239} INFO - Sync 3 DAGs
[2025-03-17T23:30:50.834+0000] {logging_mixin.py:190} INFO - [2025-03-17T23:30:50.834+0000] {dag.py:4180} INFO - Setting next_dagrun for example_subdag_operator to 2022-01-01 00:00:00+00:00, run_after=2022-01-01 00:00:00+00:00
[2025-03-17T23:30:50.836+0000] {logging_mixin.py:190} INFO - [2025-03-17T23:30:50.836+0000] {dag.py:4180} INFO - Setting next_dagrun for example_subdag_operator.section-1 to None, run_after=None
[2025-03-17T23:30:50.837+0000] {logging_mixin.py:190} INFO - [2025-03-17T23:30:50.837+0000] {dag.py:4180} INFO - Setting next_dagrun for example_subdag_operator.section-2 to None, run_after=None
[2025-03-17T23:30:50.842+0000] {logging_mixin.py:190} INFO - [2025-03-17T23:30:50.842+0000] {dag.py:3239} INFO - Sync 2 DAGs
[2025-03-17T23:30:50.845+0000] {logging_mixin.py:190} INFO - [2025-03-17T23:30:50.845+0000] {dag.py:4180} INFO - Setting next_dagrun for example_subdag_operator.section-1 to None, run_after=None
[2025-03-17T23:30:50.846+0000] {logging_mixin.py:190} INFO - [2025-03-17T23:30:50.846+0000] {dag.py:4180} INFO - Setting next_dagrun for example_subdag_operator.section-2 to None, run_after=None
[2025-03-17T23:30:50.850+0000] {processor.py:208} INFO - Processing /home/airflow/.local/lib/python3.12/site-packages/airflow/example_dags/example_subdag_operator.py took 0.058 seconds
[2025-03-17T23:31:21.354+0000] {processor.py:186} INFO - Started process (PID=5820) to work on /home/airflow/.local/lib/python3.12/site-packages/airflow/example_dags/example_subdag_operator.py
[2025-03-17T23:31:21.354+0000] {processor.py:914} INFO - Processing file /home/airflow/.local/lib/python3.12/site-packages/airflow/example_dags/example_subdag_operator.py for tasks to queue
[2025-03-17T23:31:21.356+0000] {logging_mixin.py:190} INFO - [2025-03-17T23:31:21.356+0000] {dagbag.py:588} INFO - Filling up the DagBag from /home/airflow/.local/lib/python3.12/site-packages/airflow/example_dags/example_subdag_operator.py
[2025-03-17T23:31:21.370+0000] {processor.py:925} INFO - DAG(s) 'example_subdag_operator.section-1', 'example_subdag_operator.section-2', 'example_subdag_operator' retrieved from /home/airflow/.local/lib/python3.12/site-packages/airflow/example_dags/example_subdag_operator.py
[2025-03-17T23:31:21.378+0000] {logging_mixin.py:190} INFO - [2025-03-17T23:31:21.378+0000] {dag.py:3239} INFO - Sync 3 DAGs
[2025-03-17T23:31:21.389+0000] {logging_mixin.py:190} INFO - [2025-03-17T23:31:21.389+0000] {dag.py:4180} INFO - Setting next_dagrun for example_subdag_operator to 2022-01-01 00:00:00+00:00, run_after=2022-01-01 00:00:00+00:00
[2025-03-17T23:31:21.391+0000] {logging_mixin.py:190} INFO - [2025-03-17T23:31:21.391+0000] {dag.py:4180} INFO - Setting next_dagrun for example_subdag_operator.section-1 to None, run_after=None
[2025-03-17T23:31:21.392+0000] {logging_mixin.py:190} INFO - [2025-03-17T23:31:21.392+0000] {dag.py:4180} INFO - Setting next_dagrun for example_subdag_operator.section-2 to None, run_after=None
[2025-03-17T23:31:21.398+0000] {logging_mixin.py:190} INFO - [2025-03-17T23:31:21.398+0000] {dag.py:3239} INFO - Sync 2 DAGs
[2025-03-17T23:31:21.401+0000] {logging_mixin.py:190} INFO - [2025-03-17T23:31:21.401+0000] {dag.py:4180} INFO - Setting next_dagrun for example_subdag_operator.section-1 to None, run_after=None
[2025-03-17T23:31:21.401+0000] {logging_mixin.py:190} INFO - [2025-03-17T23:31:21.401+0000] {dag.py:4180} INFO - Setting next_dagrun for example_subdag_operator.section-2 to None, run_after=None
[2025-03-17T23:31:21.405+0000] {processor.py:208} INFO - Processing /home/airflow/.local/lib/python3.12/site-packages/airflow/example_dags/example_subdag_operator.py took 0.055 seconds
[2025-03-17T23:31:51.896+0000] {processor.py:186} INFO - Started process (PID=6111) to work on /home/airflow/.local/lib/python3.12/site-packages/airflow/example_dags/example_subdag_operator.py
[2025-03-17T23:31:51.896+0000] {processor.py:914} INFO - Processing file /home/airflow/.local/lib/python3.12/site-packages/airflow/example_dags/example_subdag_operator.py for tasks to queue
[2025-03-17T23:31:51.897+0000] {logging_mixin.py:190} INFO - [2025-03-17T23:31:51.897+0000] {dagbag.py:588} INFO - Filling up the DagBag from /home/airflow/.local/lib/python3.12/site-packages/airflow/example_dags/example_subdag_operator.py
[2025-03-17T23:31:51.909+0000] {processor.py:925} INFO - DAG(s) 'example_subdag_operator.section-1', 'example_subdag_operator.section-2', 'example_subdag_operator' retrieved from /home/airflow/.local/lib/python3.12/site-packages/airflow/example_dags/example_subdag_operator.py
[2025-03-17T23:31:51.916+0000] {logging_mixin.py:190} INFO - [2025-03-17T23:31:51.916+0000] {dag.py:3239} INFO - Sync 3 DAGs
[2025-03-17T23:31:51.927+0000] {logging_mixin.py:190} INFO - [2025-03-17T23:31:51.927+0000] {dag.py:4180} INFO - Setting next_dagrun for example_subdag_operator to 2022-01-01 00:00:00+00:00, run_after=2022-01-01 00:00:00+00:00
[2025-03-17T23:31:51.929+0000] {logging_mixin.py:190} INFO - [2025-03-17T23:31:51.928+0000] {dag.py:4180} INFO - Setting next_dagrun for example_subdag_operator.section-1 to None, run_after=None
[2025-03-17T23:31:51.929+0000] {logging_mixin.py:190} INFO - [2025-03-17T23:31:51.929+0000] {dag.py:4180} INFO - Setting next_dagrun for example_subdag_operator.section-2 to None, run_after=None
[2025-03-17T23:31:51.933+0000] {logging_mixin.py:190} INFO - [2025-03-17T23:31:51.933+0000] {dag.py:3239} INFO - Sync 2 DAGs
[2025-03-17T23:31:51.936+0000] {logging_mixin.py:190} INFO - [2025-03-17T23:31:51.935+0000] {dag.py:4180} INFO - Setting next_dagrun for example_subdag_operator.section-1 to None, run_after=None
[2025-03-17T23:31:51.936+0000] {logging_mixin.py:190} INFO - [2025-03-17T23:31:51.936+0000] {dag.py:4180} INFO - Setting next_dagrun for example_subdag_operator.section-2 to None, run_after=None
[2025-03-17T23:31:51.941+0000] {processor.py:208} INFO - Processing /home/airflow/.local/lib/python3.12/site-packages/airflow/example_dags/example_subdag_operator.py took 0.048 seconds
[2025-03-17T23:32:22.452+0000] {processor.py:186} INFO - Started process (PID=6402) to work on /home/airflow/.local/lib/python3.12/site-packages/airflow/example_dags/example_subdag_operator.py
[2025-03-17T23:32:22.452+0000] {processor.py:914} INFO - Processing file /home/airflow/.local/lib/python3.12/site-packages/airflow/example_dags/example_subdag_operator.py for tasks to queue
[2025-03-17T23:32:22.453+0000] {logging_mixin.py:190} INFO - [2025-03-17T23:32:22.453+0000] {dagbag.py:588} INFO - Filling up the DagBag from /home/airflow/.local/lib/python3.12/site-packages/airflow/example_dags/example_subdag_operator.py
[2025-03-17T23:32:22.465+0000] {processor.py:925} INFO - DAG(s) 'example_subdag_operator.section-1', 'example_subdag_operator.section-2', 'example_subdag_operator' retrieved from /home/airflow/.local/lib/python3.12/site-packages/airflow/example_dags/example_subdag_operator.py
[2025-03-17T23:32:22.472+0000] {logging_mixin.py:190} INFO - [2025-03-17T23:32:22.471+0000] {dag.py:3239} INFO - Sync 3 DAGs
[2025-03-17T23:32:22.481+0000] {logging_mixin.py:190} INFO - [2025-03-17T23:32:22.481+0000] {dag.py:4180} INFO - Setting next_dagrun for example_subdag_operator to 2022-01-01 00:00:00+00:00, run_after=2022-01-01 00:00:00+00:00
[2025-03-17T23:32:22.483+0000] {logging_mixin.py:190} INFO - [2025-03-17T23:32:22.483+0000] {dag.py:4180} INFO - Setting next_dagrun for example_subdag_operator.section-1 to None, run_after=None
[2025-03-17T23:32:22.484+0000] {logging_mixin.py:190} INFO - [2025-03-17T23:32:22.483+0000] {dag.py:4180} INFO - Setting next_dagrun for example_subdag_operator.section-2 to None, run_after=None
[2025-03-17T23:32:22.487+0000] {logging_mixin.py:190} INFO - [2025-03-17T23:32:22.487+0000] {dag.py:3239} INFO - Sync 2 DAGs
[2025-03-17T23:32:22.489+0000] {logging_mixin.py:190} INFO - [2025-03-17T23:32:22.489+0000] {dag.py:4180} INFO - Setting next_dagrun for example_subdag_operator.section-1 to None, run_after=None
[2025-03-17T23:32:22.489+0000] {logging_mixin.py:190} INFO - [2025-03-17T23:32:22.489+0000] {dag.py:4180} INFO - Setting next_dagrun for example_subdag_operator.section-2 to None, run_after=None
[2025-03-17T23:32:22.496+0000] {processor.py:208} INFO - Processing /home/airflow/.local/lib/python3.12/site-packages/airflow/example_dags/example_subdag_operator.py took 0.047 seconds
[2025-03-17T23:32:53.138+0000] {processor.py:186} INFO - Started process (PID=6693) to work on /home/airflow/.local/lib/python3.12/site-packages/airflow/example_dags/example_subdag_operator.py
[2025-03-17T23:32:53.138+0000] {processor.py:914} INFO - Processing file /home/airflow/.local/lib/python3.12/site-packages/airflow/example_dags/example_subdag_operator.py for tasks to queue
[2025-03-17T23:32:53.139+0000] {logging_mixin.py:190} INFO - [2025-03-17T23:32:53.139+0000] {dagbag.py:588} INFO - Filling up the DagBag from /home/airflow/.local/lib/python3.12/site-packages/airflow/example_dags/example_subdag_operator.py
[2025-03-17T23:32:53.151+0000] {processor.py:925} INFO - DAG(s) 'example_subdag_operator.section-1', 'example_subdag_operator.section-2', 'example_subdag_operator' retrieved from /home/airflow/.local/lib/python3.12/site-packages/airflow/example_dags/example_subdag_operator.py
[2025-03-17T23:32:53.159+0000] {logging_mixin.py:190} INFO - [2025-03-17T23:32:53.159+0000] {dag.py:3239} INFO - Sync 3 DAGs
[2025-03-17T23:32:53.171+0000] {logging_mixin.py:190} INFO - [2025-03-17T23:32:53.171+0000] {dag.py:4180} INFO - Setting next_dagrun for example_subdag_operator to 2022-01-01 00:00:00+00:00, run_after=2022-01-01 00:00:00+00:00
[2025-03-17T23:32:53.174+0000] {logging_mixin.py:190} INFO - [2025-03-17T23:32:53.174+0000] {dag.py:4180} INFO - Setting next_dagrun for example_subdag_operator.section-1 to None, run_after=None
[2025-03-17T23:32:53.175+0000] {logging_mixin.py:190} INFO - [2025-03-17T23:32:53.175+0000] {dag.py:4180} INFO - Setting next_dagrun for example_subdag_operator.section-2 to None, run_after=None
[2025-03-17T23:32:53.178+0000] {logging_mixin.py:190} INFO - [2025-03-17T23:32:53.178+0000] {dag.py:3239} INFO - Sync 2 DAGs
[2025-03-17T23:32:53.181+0000] {logging_mixin.py:190} INFO - [2025-03-17T23:32:53.181+0000] {dag.py:4180} INFO - Setting next_dagrun for example_subdag_operator.section-1 to None, run_after=None
[2025-03-17T23:32:53.181+0000] {logging_mixin.py:190} INFO - [2025-03-17T23:32:53.181+0000] {dag.py:4180} INFO - Setting next_dagrun for example_subdag_operator.section-2 to None, run_after=None
[2025-03-17T23:32:53.186+0000] {processor.py:208} INFO - Processing /home/airflow/.local/lib/python3.12/site-packages/airflow/example_dags/example_subdag_operator.py took 0.051 seconds
[2025-03-17T23:33:23.784+0000] {processor.py:186} INFO - Started process (PID=6984) to work on /home/airflow/.local/lib/python3.12/site-packages/airflow/example_dags/example_subdag_operator.py
[2025-03-17T23:33:23.785+0000] {processor.py:914} INFO - Processing file /home/airflow/.local/lib/python3.12/site-packages/airflow/example_dags/example_subdag_operator.py for tasks to queue
[2025-03-17T23:33:23.786+0000] {logging_mixin.py:190} INFO - [2025-03-17T23:33:23.786+0000] {dagbag.py:588} INFO - Filling up the DagBag from /home/airflow/.local/lib/python3.12/site-packages/airflow/example_dags/example_subdag_operator.py
[2025-03-17T23:33:23.799+0000] {processor.py:925} INFO - DAG(s) 'example_subdag_operator.section-1', 'example_subdag_operator.section-2', 'example_subdag_operator' retrieved from /home/airflow/.local/lib/python3.12/site-packages/airflow/example_dags/example_subdag_operator.py
[2025-03-17T23:33:23.806+0000] {logging_mixin.py:190} INFO - [2025-03-17T23:33:23.806+0000] {dag.py:3239} INFO - Sync 3 DAGs
[2025-03-17T23:33:23.818+0000] {logging_mixin.py:190} INFO - [2025-03-17T23:33:23.818+0000] {dag.py:4180} INFO - Setting next_dagrun for example_subdag_operator to 2022-01-01 00:00:00+00:00, run_after=2022-01-01 00:00:00+00:00
[2025-03-17T23:33:23.822+0000] {logging_mixin.py:190} INFO - [2025-03-17T23:33:23.822+0000] {dag.py:4180} INFO - Setting next_dagrun for example_subdag_operator.section-1 to None, run_after=None
[2025-03-17T23:33:23.823+0000] {logging_mixin.py:190} INFO - [2025-03-17T23:33:23.823+0000] {dag.py:4180} INFO - Setting next_dagrun for example_subdag_operator.section-2 to None, run_after=None
[2025-03-17T23:33:23.828+0000] {logging_mixin.py:190} INFO - [2025-03-17T23:33:23.828+0000] {dag.py:3239} INFO - Sync 2 DAGs
[2025-03-17T23:33:23.830+0000] {logging_mixin.py:190} INFO - [2025-03-17T23:33:23.830+0000] {dag.py:4180} INFO - Setting next_dagrun for example_subdag_operator.section-1 to None, run_after=None
[2025-03-17T23:33:23.831+0000] {logging_mixin.py:190} INFO - [2025-03-17T23:33:23.830+0000] {dag.py:4180} INFO - Setting next_dagrun for example_subdag_operator.section-2 to None, run_after=None
[2025-03-17T23:33:23.836+0000] {processor.py:208} INFO - Processing /home/airflow/.local/lib/python3.12/site-packages/airflow/example_dags/example_subdag_operator.py took 0.054 seconds
[2025-03-17T23:33:54.755+0000] {processor.py:186} INFO - Started process (PID=7275) to work on /home/airflow/.local/lib/python3.12/site-packages/airflow/example_dags/example_subdag_operator.py
[2025-03-17T23:33:54.756+0000] {processor.py:914} INFO - Processing file /home/airflow/.local/lib/python3.12/site-packages/airflow/example_dags/example_subdag_operator.py for tasks to queue
[2025-03-17T23:33:54.757+0000] {logging_mixin.py:190} INFO - [2025-03-17T23:33:54.757+0000] {dagbag.py:588} INFO - Filling up the DagBag from /home/airflow/.local/lib/python3.12/site-packages/airflow/example_dags/example_subdag_operator.py
[2025-03-17T23:33:54.770+0000] {processor.py:925} INFO - DAG(s) 'example_subdag_operator.section-1', 'example_subdag_operator.section-2', 'example_subdag_operator' retrieved from /home/airflow/.local/lib/python3.12/site-packages/airflow/example_dags/example_subdag_operator.py
[2025-03-17T23:33:54.778+0000] {logging_mixin.py:190} INFO - [2025-03-17T23:33:54.777+0000] {dag.py:3239} INFO - Sync 3 DAGs
[2025-03-17T23:33:54.789+0000] {logging_mixin.py:190} INFO - [2025-03-17T23:33:54.789+0000] {dag.py:4180} INFO - Setting next_dagrun for example_subdag_operator to 2022-01-01 00:00:00+00:00, run_after=2022-01-01 00:00:00+00:00
[2025-03-17T23:33:54.791+0000] {logging_mixin.py:190} INFO - [2025-03-17T23:33:54.791+0000] {dag.py:4180} INFO - Setting next_dagrun for example_subdag_operator.section-1 to None, run_after=None
[2025-03-17T23:33:54.794+0000] {logging_mixin.py:190} INFO - [2025-03-17T23:33:54.793+0000] {dag.py:4180} INFO - Setting next_dagrun for example_subdag_operator.section-2 to None, run_after=None
[2025-03-17T23:33:54.800+0000] {logging_mixin.py:190} INFO - [2025-03-17T23:33:54.800+0000] {dag.py:3239} INFO - Sync 2 DAGs
[2025-03-17T23:33:54.803+0000] {logging_mixin.py:190} INFO - [2025-03-17T23:33:54.803+0000] {dag.py:4180} INFO - Setting next_dagrun for example_subdag_operator.section-1 to None, run_after=None
[2025-03-17T23:33:54.803+0000] {logging_mixin.py:190} INFO - [2025-03-17T23:33:54.803+0000] {dag.py:4180} INFO - Setting next_dagrun for example_subdag_operator.section-2 to None, run_after=None
[2025-03-17T23:33:54.808+0000] {processor.py:208} INFO - Processing /home/airflow/.local/lib/python3.12/site-packages/airflow/example_dags/example_subdag_operator.py took 0.056 seconds
[2025-03-17T23:34:25.677+0000] {processor.py:186} INFO - Started process (PID=7568) to work on /home/airflow/.local/lib/python3.12/site-packages/airflow/example_dags/example_subdag_operator.py
[2025-03-17T23:34:25.677+0000] {processor.py:914} INFO - Processing file /home/airflow/.local/lib/python3.12/site-packages/airflow/example_dags/example_subdag_operator.py for tasks to queue
[2025-03-17T23:34:25.679+0000] {logging_mixin.py:190} INFO - [2025-03-17T23:34:25.679+0000] {dagbag.py:588} INFO - Filling up the DagBag from /home/airflow/.local/lib/python3.12/site-packages/airflow/example_dags/example_subdag_operator.py
[2025-03-17T23:34:25.691+0000] {processor.py:925} INFO - DAG(s) 'example_subdag_operator.section-1', 'example_subdag_operator.section-2', 'example_subdag_operator' retrieved from /home/airflow/.local/lib/python3.12/site-packages/airflow/example_dags/example_subdag_operator.py
[2025-03-17T23:34:25.699+0000] {logging_mixin.py:190} INFO - [2025-03-17T23:34:25.699+0000] {dag.py:3239} INFO - Sync 3 DAGs
[2025-03-17T23:34:25.709+0000] {logging_mixin.py:190} INFO - [2025-03-17T23:34:25.709+0000] {dag.py:4180} INFO - Setting next_dagrun for example_subdag_operator to 2022-01-01 00:00:00+00:00, run_after=2022-01-01 00:00:00+00:00
[2025-03-17T23:34:25.712+0000] {logging_mixin.py:190} INFO - [2025-03-17T23:34:25.712+0000] {dag.py:4180} INFO - Setting next_dagrun for example_subdag_operator.section-1 to None, run_after=None
[2025-03-17T23:34:25.712+0000] {logging_mixin.py:190} INFO - [2025-03-17T23:34:25.712+0000] {dag.py:4180} INFO - Setting next_dagrun for example_subdag_operator.section-2 to None, run_after=None
[2025-03-17T23:34:25.717+0000] {logging_mixin.py:190} INFO - [2025-03-17T23:34:25.717+0000] {dag.py:3239} INFO - Sync 2 DAGs
[2025-03-17T23:34:25.720+0000] {logging_mixin.py:190} INFO - [2025-03-17T23:34:25.720+0000] {dag.py:4180} INFO - Setting next_dagrun for example_subdag_operator.section-1 to None, run_after=None
[2025-03-17T23:34:25.721+0000] {logging_mixin.py:190} INFO - [2025-03-17T23:34:25.721+0000] {dag.py:4180} INFO - Setting next_dagrun for example_subdag_operator.section-2 to None, run_after=None
[2025-03-17T23:34:25.730+0000] {processor.py:208} INFO - Processing /home/airflow/.local/lib/python3.12/site-packages/airflow/example_dags/example_subdag_operator.py took 0.056 seconds
[2025-03-17T23:34:56.812+0000] {processor.py:186} INFO - Started process (PID=7896) to work on /home/airflow/.local/lib/python3.12/site-packages/airflow/example_dags/example_subdag_operator.py
[2025-03-17T23:34:56.813+0000] {processor.py:914} INFO - Processing file /home/airflow/.local/lib/python3.12/site-packages/airflow/example_dags/example_subdag_operator.py for tasks to queue
[2025-03-17T23:34:56.814+0000] {logging_mixin.py:190} INFO - [2025-03-17T23:34:56.814+0000] {dagbag.py:588} INFO - Filling up the DagBag from /home/airflow/.local/lib/python3.12/site-packages/airflow/example_dags/example_subdag_operator.py
[2025-03-17T23:34:56.826+0000] {processor.py:925} INFO - DAG(s) 'example_subdag_operator.section-1', 'example_subdag_operator.section-2', 'example_subdag_operator' retrieved from /home/airflow/.local/lib/python3.12/site-packages/airflow/example_dags/example_subdag_operator.py
[2025-03-17T23:34:56.833+0000] {logging_mixin.py:190} INFO - [2025-03-17T23:34:56.833+0000] {dag.py:3239} INFO - Sync 3 DAGs
[2025-03-17T23:34:56.844+0000] {logging_mixin.py:190} INFO - [2025-03-17T23:34:56.844+0000] {dag.py:4180} INFO - Setting next_dagrun for example_subdag_operator to 2022-01-01 00:00:00+00:00, run_after=2022-01-01 00:00:00+00:00
[2025-03-17T23:34:56.846+0000] {logging_mixin.py:190} INFO - [2025-03-17T23:34:56.846+0000] {dag.py:4180} INFO - Setting next_dagrun for example_subdag_operator.section-1 to None, run_after=None
[2025-03-17T23:34:56.849+0000] {logging_mixin.py:190} INFO - [2025-03-17T23:34:56.849+0000] {dag.py:4180} INFO - Setting next_dagrun for example_subdag_operator.section-2 to None, run_after=None
[2025-03-17T23:34:56.852+0000] {logging_mixin.py:190} INFO - [2025-03-17T23:34:56.852+0000] {dag.py:3239} INFO - Sync 2 DAGs
[2025-03-17T23:34:56.856+0000] {logging_mixin.py:190} INFO - [2025-03-17T23:34:56.856+0000] {dag.py:4180} INFO - Setting next_dagrun for example_subdag_operator.section-1 to None, run_after=None
[2025-03-17T23:34:56.856+0000] {logging_mixin.py:190} INFO - [2025-03-17T23:34:56.856+0000] {dag.py:4180} INFO - Setting next_dagrun for example_subdag_operator.section-2 to None, run_after=None
[2025-03-17T23:34:56.861+0000] {processor.py:208} INFO - Processing /home/airflow/.local/lib/python3.12/site-packages/airflow/example_dags/example_subdag_operator.py took 0.051 seconds
[2025-03-17T23:35:27.778+0000] {processor.py:186} INFO - Started process (PID=8187) to work on /home/airflow/.local/lib/python3.12/site-packages/airflow/example_dags/example_subdag_operator.py
[2025-03-17T23:35:27.778+0000] {processor.py:914} INFO - Processing file /home/airflow/.local/lib/python3.12/site-packages/airflow/example_dags/example_subdag_operator.py for tasks to queue
[2025-03-17T23:35:27.779+0000] {logging_mixin.py:190} INFO - [2025-03-17T23:35:27.779+0000] {dagbag.py:588} INFO - Filling up the DagBag from /home/airflow/.local/lib/python3.12/site-packages/airflow/example_dags/example_subdag_operator.py
[2025-03-17T23:35:27.792+0000] {processor.py:925} INFO - DAG(s) 'example_subdag_operator.section-1', 'example_subdag_operator.section-2', 'example_subdag_operator' retrieved from /home/airflow/.local/lib/python3.12/site-packages/airflow/example_dags/example_subdag_operator.py
[2025-03-17T23:35:27.799+0000] {logging_mixin.py:190} INFO - [2025-03-17T23:35:27.799+0000] {dag.py:3239} INFO - Sync 3 DAGs
[2025-03-17T23:35:27.809+0000] {logging_mixin.py:190} INFO - [2025-03-17T23:35:27.809+0000] {dag.py:4180} INFO - Setting next_dagrun for example_subdag_operator to 2022-01-01 00:00:00+00:00, run_after=2022-01-01 00:00:00+00:00
[2025-03-17T23:35:27.811+0000] {logging_mixin.py:190} INFO - [2025-03-17T23:35:27.811+0000] {dag.py:4180} INFO - Setting next_dagrun for example_subdag_operator.section-1 to None, run_after=None
[2025-03-17T23:35:27.811+0000] {logging_mixin.py:190} INFO - [2025-03-17T23:35:27.811+0000] {dag.py:4180} INFO - Setting next_dagrun for example_subdag_operator.section-2 to None, run_after=None
[2025-03-17T23:35:27.815+0000] {logging_mixin.py:190} INFO - [2025-03-17T23:35:27.815+0000] {dag.py:3239} INFO - Sync 2 DAGs
[2025-03-17T23:35:27.818+0000] {logging_mixin.py:190} INFO - [2025-03-17T23:35:27.817+0000] {dag.py:4180} INFO - Setting next_dagrun for example_subdag_operator.section-1 to None, run_after=None
[2025-03-17T23:35:27.819+0000] {logging_mixin.py:190} INFO - [2025-03-17T23:35:27.819+0000] {dag.py:4180} INFO - Setting next_dagrun for example_subdag_operator.section-2 to None, run_after=None
[2025-03-17T23:35:27.824+0000] {processor.py:208} INFO - Processing /home/airflow/.local/lib/python3.12/site-packages/airflow/example_dags/example_subdag_operator.py took 0.049 seconds
[2025-03-17T23:35:58.750+0000] {processor.py:186} INFO - Started process (PID=8478) to work on /home/airflow/.local/lib/python3.12/site-packages/airflow/example_dags/example_subdag_operator.py
[2025-03-17T23:35:58.750+0000] {processor.py:914} INFO - Processing file /home/airflow/.local/lib/python3.12/site-packages/airflow/example_dags/example_subdag_operator.py for tasks to queue
[2025-03-17T23:35:58.751+0000] {logging_mixin.py:190} INFO - [2025-03-17T23:35:58.751+0000] {dagbag.py:588} INFO - Filling up the DagBag from /home/airflow/.local/lib/python3.12/site-packages/airflow/example_dags/example_subdag_operator.py
[2025-03-17T23:35:58.768+0000] {processor.py:925} INFO - DAG(s) 'example_subdag_operator.section-1', 'example_subdag_operator.section-2', 'example_subdag_operator' retrieved from /home/airflow/.local/lib/python3.12/site-packages/airflow/example_dags/example_subdag_operator.py
[2025-03-17T23:35:58.777+0000] {logging_mixin.py:190} INFO - [2025-03-17T23:35:58.777+0000] {dag.py:3239} INFO - Sync 3 DAGs
[2025-03-17T23:35:58.790+0000] {logging_mixin.py:190} INFO - [2025-03-17T23:35:58.790+0000] {dag.py:4180} INFO - Setting next_dagrun for example_subdag_operator to 2022-01-01 00:00:00+00:00, run_after=2022-01-01 00:00:00+00:00
[2025-03-17T23:35:58.792+0000] {logging_mixin.py:190} INFO - [2025-03-17T23:35:58.792+0000] {dag.py:4180} INFO - Setting next_dagrun for example_subdag_operator.section-1 to None, run_after=None
[2025-03-17T23:35:58.793+0000] {logging_mixin.py:190} INFO - [2025-03-17T23:35:58.793+0000] {dag.py:4180} INFO - Setting next_dagrun for example_subdag_operator.section-2 to None, run_after=None
[2025-03-17T23:35:58.797+0000] {logging_mixin.py:190} INFO - [2025-03-17T23:35:58.797+0000] {dag.py:3239} INFO - Sync 2 DAGs
[2025-03-17T23:35:58.800+0000] {logging_mixin.py:190} INFO - [2025-03-17T23:35:58.800+0000] {dag.py:4180} INFO - Setting next_dagrun for example_subdag_operator.section-1 to None, run_after=None
[2025-03-17T23:35:58.800+0000] {logging_mixin.py:190} INFO - [2025-03-17T23:35:58.800+0000] {dag.py:4180} INFO - Setting next_dagrun for example_subdag_operator.section-2 to None, run_after=None
[2025-03-17T23:35:58.805+0000] {processor.py:208} INFO - Processing /home/airflow/.local/lib/python3.12/site-packages/airflow/example_dags/example_subdag_operator.py took 0.059 seconds
[2025-03-17T23:36:30.219+0000] {processor.py:186} INFO - Started process (PID=8769) to work on /home/airflow/.local/lib/python3.12/site-packages/airflow/example_dags/example_subdag_operator.py
[2025-03-17T23:36:30.220+0000] {processor.py:914} INFO - Processing file /home/airflow/.local/lib/python3.12/site-packages/airflow/example_dags/example_subdag_operator.py for tasks to queue
[2025-03-17T23:36:30.221+0000] {logging_mixin.py:190} INFO - [2025-03-17T23:36:30.221+0000] {dagbag.py:588} INFO - Filling up the DagBag from /home/airflow/.local/lib/python3.12/site-packages/airflow/example_dags/example_subdag_operator.py
[2025-03-17T23:36:30.233+0000] {processor.py:925} INFO - DAG(s) 'example_subdag_operator.section-1', 'example_subdag_operator.section-2', 'example_subdag_operator' retrieved from /home/airflow/.local/lib/python3.12/site-packages/airflow/example_dags/example_subdag_operator.py
[2025-03-17T23:36:30.240+0000] {logging_mixin.py:190} INFO - [2025-03-17T23:36:30.240+0000] {dag.py:3239} INFO - Sync 3 DAGs
[2025-03-17T23:36:30.250+0000] {logging_mixin.py:190} INFO - [2025-03-17T23:36:30.250+0000] {dag.py:4180} INFO - Setting next_dagrun for example_subdag_operator to 2022-01-01 00:00:00+00:00, run_after=2022-01-01 00:00:00+00:00
[2025-03-17T23:36:30.252+0000] {logging_mixin.py:190} INFO - [2025-03-17T23:36:30.251+0000] {dag.py:4180} INFO - Setting next_dagrun for example_subdag_operator.section-1 to None, run_after=None
[2025-03-17T23:36:30.252+0000] {logging_mixin.py:190} INFO - [2025-03-17T23:36:30.252+0000] {dag.py:4180} INFO - Setting next_dagrun for example_subdag_operator.section-2 to None, run_after=None
[2025-03-17T23:36:30.256+0000] {logging_mixin.py:190} INFO - [2025-03-17T23:36:30.256+0000] {dag.py:3239} INFO - Sync 2 DAGs
[2025-03-17T23:36:30.259+0000] {logging_mixin.py:190} INFO - [2025-03-17T23:36:30.259+0000] {dag.py:4180} INFO - Setting next_dagrun for example_subdag_operator.section-1 to None, run_after=None
[2025-03-17T23:36:30.259+0000] {logging_mixin.py:190} INFO - [2025-03-17T23:36:30.259+0000] {dag.py:4180} INFO - Setting next_dagrun for example_subdag_operator.section-2 to None, run_after=None
[2025-03-17T23:36:30.265+0000] {processor.py:208} INFO - Processing /home/airflow/.local/lib/python3.12/site-packages/airflow/example_dags/example_subdag_operator.py took 0.048 seconds
[2025-03-17T23:37:01.615+0000] {processor.py:186} INFO - Started process (PID=9060) to work on /home/airflow/.local/lib/python3.12/site-packages/airflow/example_dags/example_subdag_operator.py
[2025-03-17T23:37:01.616+0000] {processor.py:914} INFO - Processing file /home/airflow/.local/lib/python3.12/site-packages/airflow/example_dags/example_subdag_operator.py for tasks to queue
[2025-03-17T23:37:01.617+0000] {logging_mixin.py:190} INFO - [2025-03-17T23:37:01.617+0000] {dagbag.py:588} INFO - Filling up the DagBag from /home/airflow/.local/lib/python3.12/site-packages/airflow/example_dags/example_subdag_operator.py
[2025-03-17T23:37:01.629+0000] {processor.py:925} INFO - DAG(s) 'example_subdag_operator.section-1', 'example_subdag_operator.section-2', 'example_subdag_operator' retrieved from /home/airflow/.local/lib/python3.12/site-packages/airflow/example_dags/example_subdag_operator.py
[2025-03-17T23:37:01.636+0000] {logging_mixin.py:190} INFO - [2025-03-17T23:37:01.636+0000] {dag.py:3239} INFO - Sync 3 DAGs
[2025-03-17T23:37:01.650+0000] {logging_mixin.py:190} INFO - [2025-03-17T23:37:01.650+0000] {dag.py:4180} INFO - Setting next_dagrun for example_subdag_operator to 2022-01-01 00:00:00+00:00, run_after=2022-01-01 00:00:00+00:00
[2025-03-17T23:37:01.653+0000] {logging_mixin.py:190} INFO - [2025-03-17T23:37:01.653+0000] {dag.py:4180} INFO - Setting next_dagrun for example_subdag_operator.section-1 to None, run_after=None
[2025-03-17T23:37:01.656+0000] {logging_mixin.py:190} INFO - [2025-03-17T23:37:01.656+0000] {dag.py:4180} INFO - Setting next_dagrun for example_subdag_operator.section-2 to None, run_after=None
[2025-03-17T23:37:01.660+0000] {logging_mixin.py:190} INFO - [2025-03-17T23:37:01.660+0000] {dag.py:3239} INFO - Sync 2 DAGs
[2025-03-17T23:37:01.665+0000] {logging_mixin.py:190} INFO - [2025-03-17T23:37:01.665+0000] {dag.py:4180} INFO - Setting next_dagrun for example_subdag_operator.section-1 to None, run_after=None
[2025-03-17T23:37:01.666+0000] {logging_mixin.py:190} INFO - [2025-03-17T23:37:01.666+0000] {dag.py:4180} INFO - Setting next_dagrun for example_subdag_operator.section-2 to None, run_after=None
[2025-03-17T23:37:01.675+0000] {processor.py:208} INFO - Processing /home/airflow/.local/lib/python3.12/site-packages/airflow/example_dags/example_subdag_operator.py took 0.063 seconds
[2025-03-17T23:37:33.188+0000] {processor.py:186} INFO - Started process (PID=9357) to work on /home/airflow/.local/lib/python3.12/site-packages/airflow/example_dags/example_subdag_operator.py
[2025-03-17T23:37:33.188+0000] {processor.py:914} INFO - Processing file /home/airflow/.local/lib/python3.12/site-packages/airflow/example_dags/example_subdag_operator.py for tasks to queue
[2025-03-17T23:37:33.190+0000] {logging_mixin.py:190} INFO - [2025-03-17T23:37:33.190+0000] {dagbag.py:588} INFO - Filling up the DagBag from /home/airflow/.local/lib/python3.12/site-packages/airflow/example_dags/example_subdag_operator.py
[2025-03-17T23:37:33.213+0000] {processor.py:925} INFO - DAG(s) 'example_subdag_operator.section-1', 'example_subdag_operator.section-2', 'example_subdag_operator' retrieved from /home/airflow/.local/lib/python3.12/site-packages/airflow/example_dags/example_subdag_operator.py
[2025-03-17T23:37:33.220+0000] {logging_mixin.py:190} INFO - [2025-03-17T23:37:33.219+0000] {dag.py:3239} INFO - Sync 3 DAGs
[2025-03-17T23:37:33.232+0000] {logging_mixin.py:190} INFO - [2025-03-17T23:37:33.232+0000] {dag.py:4180} INFO - Setting next_dagrun for example_subdag_operator to 2022-01-01 00:00:00+00:00, run_after=2022-01-01 00:00:00+00:00
[2025-03-17T23:37:33.235+0000] {logging_mixin.py:190} INFO - [2025-03-17T23:37:33.235+0000] {dag.py:4180} INFO - Setting next_dagrun for example_subdag_operator.section-1 to None, run_after=None
[2025-03-17T23:37:33.236+0000] {logging_mixin.py:190} INFO - [2025-03-17T23:37:33.236+0000] {dag.py:4180} INFO - Setting next_dagrun for example_subdag_operator.section-2 to None, run_after=None
[2025-03-17T23:37:33.240+0000] {logging_mixin.py:190} INFO - [2025-03-17T23:37:33.239+0000] {dag.py:3239} INFO - Sync 2 DAGs
[2025-03-17T23:37:33.243+0000] {logging_mixin.py:190} INFO - [2025-03-17T23:37:33.243+0000] {dag.py:4180} INFO - Setting next_dagrun for example_subdag_operator.section-1 to None, run_after=None
[2025-03-17T23:37:33.243+0000] {logging_mixin.py:190} INFO - [2025-03-17T23:37:33.243+0000] {dag.py:4180} INFO - Setting next_dagrun for example_subdag_operator.section-2 to None, run_after=None
[2025-03-17T23:37:33.250+0000] {processor.py:208} INFO - Processing /home/airflow/.local/lib/python3.12/site-packages/airflow/example_dags/example_subdag_operator.py took 0.065 seconds
