[2025-03-17T23:21:35.121+0000] {processor.py:186} INFO - Started process (PID=312) to work on /home/airflow/.local/lib/python3.12/site-packages/airflow/example_dags/example_latest_only_with_trigger.py
[2025-03-17T23:21:35.122+0000] {processor.py:914} INFO - Processing file /home/airflow/.local/lib/python3.12/site-packages/airflow/example_dags/example_latest_only_with_trigger.py for tasks to queue
[2025-03-17T23:21:35.124+0000] {logging_mixin.py:190} INFO - [2025-03-17T23:21:35.124+0000] {dagbag.py:588} INFO - Filling up the DagBag from /home/airflow/.local/lib/python3.12/site-packages/airflow/example_dags/example_latest_only_with_trigger.py
[2025-03-17T23:21:35.128+0000] {processor.py:925} INFO - DAG(s) 'latest_only_with_trigger' retrieved from /home/airflow/.local/lib/python3.12/site-packages/airflow/example_dags/example_latest_only_with_trigger.py
[2025-03-17T23:21:35.179+0000] {logging_mixin.py:190} INFO - [2025-03-17T23:21:35.179+0000] {override.py:1912} INFO - Created Permission View: can edit on DAG:latest_only_with_trigger
[2025-03-17T23:21:35.186+0000] {logging_mixin.py:190} INFO - [2025-03-17T23:21:35.186+0000] {override.py:1912} INFO - Created Permission View: can read on DAG:latest_only_with_trigger
[2025-03-17T23:21:35.191+0000] {logging_mixin.py:190} INFO - [2025-03-17T23:21:35.190+0000] {override.py:1912} INFO - Created Permission View: can delete on DAG:latest_only_with_trigger
[2025-03-17T23:21:35.200+0000] {logging_mixin.py:190} INFO - [2025-03-17T23:21:35.199+0000] {override.py:1912} INFO - Created Permission View: can create on DAG Run:latest_only_with_trigger
[2025-03-17T23:21:35.204+0000] {logging_mixin.py:190} INFO - [2025-03-17T23:21:35.204+0000] {override.py:1912} INFO - Created Permission View: menu access on DAG Run:latest_only_with_trigger
[2025-03-17T23:21:35.209+0000] {logging_mixin.py:190} INFO - [2025-03-17T23:21:35.208+0000] {override.py:1912} INFO - Created Permission View: can read on DAG Run:latest_only_with_trigger
[2025-03-17T23:21:35.213+0000] {logging_mixin.py:190} INFO - [2025-03-17T23:21:35.213+0000] {override.py:1912} INFO - Created Permission View: can delete on DAG Run:latest_only_with_trigger
[2025-03-17T23:21:35.214+0000] {logging_mixin.py:190} INFO - [2025-03-17T23:21:35.213+0000] {dag.py:3239} INFO - Sync 1 DAGs
[2025-03-17T23:21:35.223+0000] {logging_mixin.py:190} INFO - [2025-03-17T23:21:35.222+0000] {dag.py:3262} INFO - Creating ORM DAG for latest_only_with_trigger
[2025-03-17T23:21:35.229+0000] {logging_mixin.py:190} INFO - [2025-03-17T23:21:35.229+0000] {dag.py:4180} INFO - Setting next_dagrun for latest_only_with_trigger to 2025-03-17 16:00:00+00:00, run_after=2025-03-17 20:00:00+00:00
[2025-03-17T23:21:35.237+0000] {processor.py:208} INFO - Processing /home/airflow/.local/lib/python3.12/site-packages/airflow/example_dags/example_latest_only_with_trigger.py took 0.119 seconds
[2025-03-17T23:22:06.144+0000] {processor.py:186} INFO - Started process (PID=605) to work on /home/airflow/.local/lib/python3.12/site-packages/airflow/example_dags/example_latest_only_with_trigger.py
[2025-03-17T23:22:06.144+0000] {processor.py:914} INFO - Processing file /home/airflow/.local/lib/python3.12/site-packages/airflow/example_dags/example_latest_only_with_trigger.py for tasks to queue
[2025-03-17T23:22:06.146+0000] {logging_mixin.py:190} INFO - [2025-03-17T23:22:06.145+0000] {dagbag.py:588} INFO - Filling up the DagBag from /home/airflow/.local/lib/python3.12/site-packages/airflow/example_dags/example_latest_only_with_trigger.py
[2025-03-17T23:22:06.150+0000] {processor.py:925} INFO - DAG(s) 'latest_only_with_trigger' retrieved from /home/airflow/.local/lib/python3.12/site-packages/airflow/example_dags/example_latest_only_with_trigger.py
[2025-03-17T23:22:06.162+0000] {logging_mixin.py:190} INFO - [2025-03-17T23:22:06.161+0000] {dag.py:3239} INFO - Sync 1 DAGs
[2025-03-17T23:22:06.177+0000] {logging_mixin.py:190} INFO - [2025-03-17T23:22:06.177+0000] {dag.py:4180} INFO - Setting next_dagrun for latest_only_with_trigger to 2025-03-17 16:00:00+00:00, run_after=2025-03-17 20:00:00+00:00
[2025-03-17T23:22:06.187+0000] {processor.py:208} INFO - Processing /home/airflow/.local/lib/python3.12/site-packages/airflow/example_dags/example_latest_only_with_trigger.py took 0.050 seconds
[2025-03-17T23:22:36.339+0000] {processor.py:186} INFO - Started process (PID=894) to work on /home/airflow/.local/lib/python3.12/site-packages/airflow/example_dags/example_latest_only_with_trigger.py
[2025-03-17T23:22:36.341+0000] {processor.py:914} INFO - Processing file /home/airflow/.local/lib/python3.12/site-packages/airflow/example_dags/example_latest_only_with_trigger.py for tasks to queue
[2025-03-17T23:22:36.343+0000] {logging_mixin.py:190} INFO - [2025-03-17T23:22:36.343+0000] {dagbag.py:588} INFO - Filling up the DagBag from /home/airflow/.local/lib/python3.12/site-packages/airflow/example_dags/example_latest_only_with_trigger.py
[2025-03-17T23:22:36.352+0000] {processor.py:925} INFO - DAG(s) 'latest_only_with_trigger' retrieved from /home/airflow/.local/lib/python3.12/site-packages/airflow/example_dags/example_latest_only_with_trigger.py
[2025-03-17T23:22:36.375+0000] {logging_mixin.py:190} INFO - [2025-03-17T23:22:36.375+0000] {dag.py:3239} INFO - Sync 1 DAGs
[2025-03-17T23:22:36.389+0000] {logging_mixin.py:190} INFO - [2025-03-17T23:22:36.389+0000] {dag.py:4180} INFO - Setting next_dagrun for latest_only_with_trigger to 2025-03-17 16:00:00+00:00, run_after=2025-03-17 20:00:00+00:00
[2025-03-17T23:22:36.399+0000] {processor.py:208} INFO - Processing /home/airflow/.local/lib/python3.12/site-packages/airflow/example_dags/example_latest_only_with_trigger.py took 0.064 seconds
[2025-03-17T23:23:07.204+0000] {processor.py:186} INFO - Started process (PID=1185) to work on /home/airflow/.local/lib/python3.12/site-packages/airflow/example_dags/example_latest_only_with_trigger.py
[2025-03-17T23:23:07.205+0000] {processor.py:914} INFO - Processing file /home/airflow/.local/lib/python3.12/site-packages/airflow/example_dags/example_latest_only_with_trigger.py for tasks to queue
[2025-03-17T23:23:07.206+0000] {logging_mixin.py:190} INFO - [2025-03-17T23:23:07.206+0000] {dagbag.py:588} INFO - Filling up the DagBag from /home/airflow/.local/lib/python3.12/site-packages/airflow/example_dags/example_latest_only_with_trigger.py
[2025-03-17T23:23:07.210+0000] {processor.py:925} INFO - DAG(s) 'latest_only_with_trigger' retrieved from /home/airflow/.local/lib/python3.12/site-packages/airflow/example_dags/example_latest_only_with_trigger.py
[2025-03-17T23:23:07.219+0000] {logging_mixin.py:190} INFO - [2025-03-17T23:23:07.219+0000] {dag.py:3239} INFO - Sync 1 DAGs
[2025-03-17T23:23:07.230+0000] {logging_mixin.py:190} INFO - [2025-03-17T23:23:07.229+0000] {dag.py:4180} INFO - Setting next_dagrun for latest_only_with_trigger to 2025-03-17 16:00:00+00:00, run_after=2025-03-17 20:00:00+00:00
[2025-03-17T23:23:07.240+0000] {processor.py:208} INFO - Processing /home/airflow/.local/lib/python3.12/site-packages/airflow/example_dags/example_latest_only_with_trigger.py took 0.039 seconds
[2025-03-17T23:23:38.382+0000] {processor.py:186} INFO - Started process (PID=1476) to work on /home/airflow/.local/lib/python3.12/site-packages/airflow/example_dags/example_latest_only_with_trigger.py
[2025-03-17T23:23:38.382+0000] {processor.py:914} INFO - Processing file /home/airflow/.local/lib/python3.12/site-packages/airflow/example_dags/example_latest_only_with_trigger.py for tasks to queue
[2025-03-17T23:23:38.384+0000] {logging_mixin.py:190} INFO - [2025-03-17T23:23:38.383+0000] {dagbag.py:588} INFO - Filling up the DagBag from /home/airflow/.local/lib/python3.12/site-packages/airflow/example_dags/example_latest_only_with_trigger.py
[2025-03-17T23:23:38.388+0000] {processor.py:925} INFO - DAG(s) 'latest_only_with_trigger' retrieved from /home/airflow/.local/lib/python3.12/site-packages/airflow/example_dags/example_latest_only_with_trigger.py
[2025-03-17T23:23:38.399+0000] {logging_mixin.py:190} INFO - [2025-03-17T23:23:38.398+0000] {dag.py:3239} INFO - Sync 1 DAGs
[2025-03-17T23:23:38.410+0000] {logging_mixin.py:190} INFO - [2025-03-17T23:23:38.409+0000] {dag.py:4180} INFO - Setting next_dagrun for latest_only_with_trigger to 2025-03-17 16:00:00+00:00, run_after=2025-03-17 20:00:00+00:00
[2025-03-17T23:23:38.418+0000] {processor.py:208} INFO - Processing /home/airflow/.local/lib/python3.12/site-packages/airflow/example_dags/example_latest_only_with_trigger.py took 0.039 seconds
[2025-03-17T23:24:09.322+0000] {processor.py:186} INFO - Started process (PID=1767) to work on /home/airflow/.local/lib/python3.12/site-packages/airflow/example_dags/example_latest_only_with_trigger.py
[2025-03-17T23:24:09.323+0000] {processor.py:914} INFO - Processing file /home/airflow/.local/lib/python3.12/site-packages/airflow/example_dags/example_latest_only_with_trigger.py for tasks to queue
[2025-03-17T23:24:09.324+0000] {logging_mixin.py:190} INFO - [2025-03-17T23:24:09.324+0000] {dagbag.py:588} INFO - Filling up the DagBag from /home/airflow/.local/lib/python3.12/site-packages/airflow/example_dags/example_latest_only_with_trigger.py
[2025-03-17T23:24:09.328+0000] {processor.py:925} INFO - DAG(s) 'latest_only_with_trigger' retrieved from /home/airflow/.local/lib/python3.12/site-packages/airflow/example_dags/example_latest_only_with_trigger.py
[2025-03-17T23:24:09.340+0000] {logging_mixin.py:190} INFO - [2025-03-17T23:24:09.340+0000] {dag.py:3239} INFO - Sync 1 DAGs
[2025-03-17T23:24:09.353+0000] {logging_mixin.py:190} INFO - [2025-03-17T23:24:09.353+0000] {dag.py:4180} INFO - Setting next_dagrun for latest_only_with_trigger to 2025-03-17 16:00:00+00:00, run_after=2025-03-17 20:00:00+00:00
[2025-03-17T23:24:09.369+0000] {processor.py:208} INFO - Processing /home/airflow/.local/lib/python3.12/site-packages/airflow/example_dags/example_latest_only_with_trigger.py took 0.050 seconds
[2025-03-17T23:24:40.545+0000] {processor.py:186} INFO - Started process (PID=2057) to work on /home/airflow/.local/lib/python3.12/site-packages/airflow/example_dags/example_latest_only_with_trigger.py
[2025-03-17T23:24:40.546+0000] {processor.py:914} INFO - Processing file /home/airflow/.local/lib/python3.12/site-packages/airflow/example_dags/example_latest_only_with_trigger.py for tasks to queue
[2025-03-17T23:24:40.547+0000] {logging_mixin.py:190} INFO - [2025-03-17T23:24:40.547+0000] {dagbag.py:588} INFO - Filling up the DagBag from /home/airflow/.local/lib/python3.12/site-packages/airflow/example_dags/example_latest_only_with_trigger.py
[2025-03-17T23:24:40.552+0000] {processor.py:925} INFO - DAG(s) 'latest_only_with_trigger' retrieved from /home/airflow/.local/lib/python3.12/site-packages/airflow/example_dags/example_latest_only_with_trigger.py
[2025-03-17T23:24:40.565+0000] {logging_mixin.py:190} INFO - [2025-03-17T23:24:40.565+0000] {dag.py:3239} INFO - Sync 1 DAGs
[2025-03-17T23:24:40.586+0000] {logging_mixin.py:190} INFO - [2025-03-17T23:24:40.586+0000] {dag.py:4180} INFO - Setting next_dagrun for latest_only_with_trigger to 2025-03-17 16:00:00+00:00, run_after=2025-03-17 20:00:00+00:00
[2025-03-17T23:24:40.611+0000] {processor.py:208} INFO - Processing /home/airflow/.local/lib/python3.12/site-packages/airflow/example_dags/example_latest_only_with_trigger.py took 0.070 seconds
[2025-03-17T23:25:11.815+0000] {processor.py:186} INFO - Started process (PID=2348) to work on /home/airflow/.local/lib/python3.12/site-packages/airflow/example_dags/example_latest_only_with_trigger.py
[2025-03-17T23:25:11.815+0000] {processor.py:914} INFO - Processing file /home/airflow/.local/lib/python3.12/site-packages/airflow/example_dags/example_latest_only_with_trigger.py for tasks to queue
[2025-03-17T23:25:11.818+0000] {logging_mixin.py:190} INFO - [2025-03-17T23:25:11.818+0000] {dagbag.py:588} INFO - Filling up the DagBag from /home/airflow/.local/lib/python3.12/site-packages/airflow/example_dags/example_latest_only_with_trigger.py
[2025-03-17T23:25:11.822+0000] {processor.py:925} INFO - DAG(s) 'latest_only_with_trigger' retrieved from /home/airflow/.local/lib/python3.12/site-packages/airflow/example_dags/example_latest_only_with_trigger.py
[2025-03-17T23:25:11.832+0000] {logging_mixin.py:190} INFO - [2025-03-17T23:25:11.831+0000] {dag.py:3239} INFO - Sync 1 DAGs
[2025-03-17T23:25:11.844+0000] {logging_mixin.py:190} INFO - [2025-03-17T23:25:11.844+0000] {dag.py:4180} INFO - Setting next_dagrun for latest_only_with_trigger to 2025-03-17 16:00:00+00:00, run_after=2025-03-17 20:00:00+00:00
[2025-03-17T23:25:11.853+0000] {processor.py:208} INFO - Processing /home/airflow/.local/lib/python3.12/site-packages/airflow/example_dags/example_latest_only_with_trigger.py took 0.041 seconds
[2025-03-17T23:25:43.212+0000] {processor.py:186} INFO - Started process (PID=2639) to work on /home/airflow/.local/lib/python3.12/site-packages/airflow/example_dags/example_latest_only_with_trigger.py
[2025-03-17T23:25:43.213+0000] {processor.py:914} INFO - Processing file /home/airflow/.local/lib/python3.12/site-packages/airflow/example_dags/example_latest_only_with_trigger.py for tasks to queue
[2025-03-17T23:25:43.217+0000] {logging_mixin.py:190} INFO - [2025-03-17T23:25:43.217+0000] {dagbag.py:588} INFO - Filling up the DagBag from /home/airflow/.local/lib/python3.12/site-packages/airflow/example_dags/example_latest_only_with_trigger.py
[2025-03-17T23:25:43.229+0000] {processor.py:925} INFO - DAG(s) 'latest_only_with_trigger' retrieved from /home/airflow/.local/lib/python3.12/site-packages/airflow/example_dags/example_latest_only_with_trigger.py
[2025-03-17T23:25:43.255+0000] {logging_mixin.py:190} INFO - [2025-03-17T23:25:43.254+0000] {dag.py:3239} INFO - Sync 1 DAGs
[2025-03-17T23:25:43.277+0000] {logging_mixin.py:190} INFO - [2025-03-17T23:25:43.277+0000] {dag.py:4180} INFO - Setting next_dagrun for latest_only_with_trigger to 2025-03-17 16:00:00+00:00, run_after=2025-03-17 20:00:00+00:00
[2025-03-17T23:25:43.289+0000] {processor.py:208} INFO - Processing /home/airflow/.local/lib/python3.12/site-packages/airflow/example_dags/example_latest_only_with_trigger.py took 0.087 seconds
[2025-03-17T23:26:14.263+0000] {processor.py:186} INFO - Started process (PID=2930) to work on /home/airflow/.local/lib/python3.12/site-packages/airflow/example_dags/example_latest_only_with_trigger.py
[2025-03-17T23:26:14.264+0000] {processor.py:914} INFO - Processing file /home/airflow/.local/lib/python3.12/site-packages/airflow/example_dags/example_latest_only_with_trigger.py for tasks to queue
[2025-03-17T23:26:14.265+0000] {logging_mixin.py:190} INFO - [2025-03-17T23:26:14.265+0000] {dagbag.py:588} INFO - Filling up the DagBag from /home/airflow/.local/lib/python3.12/site-packages/airflow/example_dags/example_latest_only_with_trigger.py
[2025-03-17T23:26:14.269+0000] {processor.py:925} INFO - DAG(s) 'latest_only_with_trigger' retrieved from /home/airflow/.local/lib/python3.12/site-packages/airflow/example_dags/example_latest_only_with_trigger.py
[2025-03-17T23:26:14.278+0000] {logging_mixin.py:190} INFO - [2025-03-17T23:26:14.278+0000] {dag.py:3239} INFO - Sync 1 DAGs
[2025-03-17T23:26:14.290+0000] {logging_mixin.py:190} INFO - [2025-03-17T23:26:14.290+0000] {dag.py:4180} INFO - Setting next_dagrun for latest_only_with_trigger to 2025-03-17 16:00:00+00:00, run_after=2025-03-17 20:00:00+00:00
[2025-03-17T23:26:14.298+0000] {processor.py:208} INFO - Processing /home/airflow/.local/lib/python3.12/site-packages/airflow/example_dags/example_latest_only_with_trigger.py took 0.038 seconds
[2025-03-17T23:26:45.101+0000] {processor.py:186} INFO - Started process (PID=3221) to work on /home/airflow/.local/lib/python3.12/site-packages/airflow/example_dags/example_latest_only_with_trigger.py
[2025-03-17T23:26:45.103+0000] {processor.py:914} INFO - Processing file /home/airflow/.local/lib/python3.12/site-packages/airflow/example_dags/example_latest_only_with_trigger.py for tasks to queue
[2025-03-17T23:26:45.104+0000] {logging_mixin.py:190} INFO - [2025-03-17T23:26:45.103+0000] {dagbag.py:588} INFO - Filling up the DagBag from /home/airflow/.local/lib/python3.12/site-packages/airflow/example_dags/example_latest_only_with_trigger.py
[2025-03-17T23:26:45.107+0000] {processor.py:925} INFO - DAG(s) 'latest_only_with_trigger' retrieved from /home/airflow/.local/lib/python3.12/site-packages/airflow/example_dags/example_latest_only_with_trigger.py
[2025-03-17T23:26:45.117+0000] {logging_mixin.py:190} INFO - [2025-03-17T23:26:45.117+0000] {dag.py:3239} INFO - Sync 1 DAGs
[2025-03-17T23:26:45.127+0000] {logging_mixin.py:190} INFO - [2025-03-17T23:26:45.126+0000] {dag.py:4180} INFO - Setting next_dagrun for latest_only_with_trigger to 2025-03-17 16:00:00+00:00, run_after=2025-03-17 20:00:00+00:00
[2025-03-17T23:26:45.135+0000] {processor.py:208} INFO - Processing /home/airflow/.local/lib/python3.12/site-packages/airflow/example_dags/example_latest_only_with_trigger.py took 0.036 seconds
[2025-03-17T23:27:16.108+0000] {processor.py:186} INFO - Started process (PID=3512) to work on /home/airflow/.local/lib/python3.12/site-packages/airflow/example_dags/example_latest_only_with_trigger.py
[2025-03-17T23:27:16.109+0000] {processor.py:914} INFO - Processing file /home/airflow/.local/lib/python3.12/site-packages/airflow/example_dags/example_latest_only_with_trigger.py for tasks to queue
[2025-03-17T23:27:16.110+0000] {logging_mixin.py:190} INFO - [2025-03-17T23:27:16.110+0000] {dagbag.py:588} INFO - Filling up the DagBag from /home/airflow/.local/lib/python3.12/site-packages/airflow/example_dags/example_latest_only_with_trigger.py
[2025-03-17T23:27:16.115+0000] {processor.py:925} INFO - DAG(s) 'latest_only_with_trigger' retrieved from /home/airflow/.local/lib/python3.12/site-packages/airflow/example_dags/example_latest_only_with_trigger.py
[2025-03-17T23:27:16.127+0000] {logging_mixin.py:190} INFO - [2025-03-17T23:27:16.127+0000] {dag.py:3239} INFO - Sync 1 DAGs
[2025-03-17T23:27:16.140+0000] {logging_mixin.py:190} INFO - [2025-03-17T23:27:16.139+0000] {dag.py:4180} INFO - Setting next_dagrun for latest_only_with_trigger to 2025-03-17 16:00:00+00:00, run_after=2025-03-17 20:00:00+00:00
[2025-03-17T23:27:16.149+0000] {processor.py:208} INFO - Processing /home/airflow/.local/lib/python3.12/site-packages/airflow/example_dags/example_latest_only_with_trigger.py took 0.044 seconds
[2025-03-17T23:27:47.073+0000] {processor.py:186} INFO - Started process (PID=3803) to work on /home/airflow/.local/lib/python3.12/site-packages/airflow/example_dags/example_latest_only_with_trigger.py
[2025-03-17T23:27:47.075+0000] {processor.py:914} INFO - Processing file /home/airflow/.local/lib/python3.12/site-packages/airflow/example_dags/example_latest_only_with_trigger.py for tasks to queue
[2025-03-17T23:27:47.077+0000] {logging_mixin.py:190} INFO - [2025-03-17T23:27:47.077+0000] {dagbag.py:588} INFO - Filling up the DagBag from /home/airflow/.local/lib/python3.12/site-packages/airflow/example_dags/example_latest_only_with_trigger.py
[2025-03-17T23:27:47.085+0000] {processor.py:925} INFO - DAG(s) 'latest_only_with_trigger' retrieved from /home/airflow/.local/lib/python3.12/site-packages/airflow/example_dags/example_latest_only_with_trigger.py
[2025-03-17T23:27:47.106+0000] {logging_mixin.py:190} INFO - [2025-03-17T23:27:47.105+0000] {dag.py:3239} INFO - Sync 1 DAGs
[2025-03-17T23:27:47.134+0000] {logging_mixin.py:190} INFO - [2025-03-17T23:27:47.133+0000] {dag.py:4180} INFO - Setting next_dagrun for latest_only_with_trigger to 2025-03-17 16:00:00+00:00, run_after=2025-03-17 20:00:00+00:00
[2025-03-17T23:27:47.150+0000] {processor.py:208} INFO - Processing /home/airflow/.local/lib/python3.12/site-packages/airflow/example_dags/example_latest_only_with_trigger.py took 0.085 seconds
[2025-03-17T23:28:17.706+0000] {processor.py:186} INFO - Started process (PID=4094) to work on /home/airflow/.local/lib/python3.12/site-packages/airflow/example_dags/example_latest_only_with_trigger.py
[2025-03-17T23:28:17.707+0000] {processor.py:914} INFO - Processing file /home/airflow/.local/lib/python3.12/site-packages/airflow/example_dags/example_latest_only_with_trigger.py for tasks to queue
[2025-03-17T23:28:17.709+0000] {logging_mixin.py:190} INFO - [2025-03-17T23:28:17.709+0000] {dagbag.py:588} INFO - Filling up the DagBag from /home/airflow/.local/lib/python3.12/site-packages/airflow/example_dags/example_latest_only_with_trigger.py
[2025-03-17T23:28:17.712+0000] {processor.py:925} INFO - DAG(s) 'latest_only_with_trigger' retrieved from /home/airflow/.local/lib/python3.12/site-packages/airflow/example_dags/example_latest_only_with_trigger.py
[2025-03-17T23:28:17.727+0000] {logging_mixin.py:190} INFO - [2025-03-17T23:28:17.727+0000] {dag.py:3239} INFO - Sync 1 DAGs
[2025-03-17T23:28:17.739+0000] {logging_mixin.py:190} INFO - [2025-03-17T23:28:17.739+0000] {dag.py:4180} INFO - Setting next_dagrun for latest_only_with_trigger to 2025-03-17 16:00:00+00:00, run_after=2025-03-17 20:00:00+00:00
[2025-03-17T23:28:17.749+0000] {processor.py:208} INFO - Processing /home/airflow/.local/lib/python3.12/site-packages/airflow/example_dags/example_latest_only_with_trigger.py took 0.046 seconds
[2025-03-17T23:28:48.517+0000] {processor.py:186} INFO - Started process (PID=4385) to work on /home/airflow/.local/lib/python3.12/site-packages/airflow/example_dags/example_latest_only_with_trigger.py
[2025-03-17T23:28:48.518+0000] {processor.py:914} INFO - Processing file /home/airflow/.local/lib/python3.12/site-packages/airflow/example_dags/example_latest_only_with_trigger.py for tasks to queue
[2025-03-17T23:28:48.520+0000] {logging_mixin.py:190} INFO - [2025-03-17T23:28:48.519+0000] {dagbag.py:588} INFO - Filling up the DagBag from /home/airflow/.local/lib/python3.12/site-packages/airflow/example_dags/example_latest_only_with_trigger.py
[2025-03-17T23:28:48.524+0000] {processor.py:925} INFO - DAG(s) 'latest_only_with_trigger' retrieved from /home/airflow/.local/lib/python3.12/site-packages/airflow/example_dags/example_latest_only_with_trigger.py
[2025-03-17T23:28:48.537+0000] {logging_mixin.py:190} INFO - [2025-03-17T23:28:48.537+0000] {dag.py:3239} INFO - Sync 1 DAGs
[2025-03-17T23:28:48.548+0000] {logging_mixin.py:190} INFO - [2025-03-17T23:28:48.547+0000] {dag.py:4180} INFO - Setting next_dagrun for latest_only_with_trigger to 2025-03-17 16:00:00+00:00, run_after=2025-03-17 20:00:00+00:00
[2025-03-17T23:28:48.556+0000] {processor.py:208} INFO - Processing /home/airflow/.local/lib/python3.12/site-packages/airflow/example_dags/example_latest_only_with_trigger.py took 0.042 seconds
[2025-03-17T23:29:19.183+0000] {processor.py:186} INFO - Started process (PID=4676) to work on /home/airflow/.local/lib/python3.12/site-packages/airflow/example_dags/example_latest_only_with_trigger.py
[2025-03-17T23:29:19.185+0000] {processor.py:914} INFO - Processing file /home/airflow/.local/lib/python3.12/site-packages/airflow/example_dags/example_latest_only_with_trigger.py for tasks to queue
[2025-03-17T23:29:19.186+0000] {logging_mixin.py:190} INFO - [2025-03-17T23:29:19.186+0000] {dagbag.py:588} INFO - Filling up the DagBag from /home/airflow/.local/lib/python3.12/site-packages/airflow/example_dags/example_latest_only_with_trigger.py
[2025-03-17T23:29:19.190+0000] {processor.py:925} INFO - DAG(s) 'latest_only_with_trigger' retrieved from /home/airflow/.local/lib/python3.12/site-packages/airflow/example_dags/example_latest_only_with_trigger.py
[2025-03-17T23:29:19.200+0000] {logging_mixin.py:190} INFO - [2025-03-17T23:29:19.200+0000] {dag.py:3239} INFO - Sync 1 DAGs
[2025-03-17T23:29:19.211+0000] {logging_mixin.py:190} INFO - [2025-03-17T23:29:19.211+0000] {dag.py:4180} INFO - Setting next_dagrun for latest_only_with_trigger to 2025-03-17 16:00:00+00:00, run_after=2025-03-17 20:00:00+00:00
[2025-03-17T23:29:19.219+0000] {processor.py:208} INFO - Processing /home/airflow/.local/lib/python3.12/site-packages/airflow/example_dags/example_latest_only_with_trigger.py took 0.039 seconds
[2025-03-17T23:29:49.717+0000] {processor.py:186} INFO - Started process (PID=4967) to work on /home/airflow/.local/lib/python3.12/site-packages/airflow/example_dags/example_latest_only_with_trigger.py
[2025-03-17T23:29:49.718+0000] {processor.py:914} INFO - Processing file /home/airflow/.local/lib/python3.12/site-packages/airflow/example_dags/example_latest_only_with_trigger.py for tasks to queue
[2025-03-17T23:29:49.719+0000] {logging_mixin.py:190} INFO - [2025-03-17T23:29:49.719+0000] {dagbag.py:588} INFO - Filling up the DagBag from /home/airflow/.local/lib/python3.12/site-packages/airflow/example_dags/example_latest_only_with_trigger.py
[2025-03-17T23:29:49.723+0000] {processor.py:925} INFO - DAG(s) 'latest_only_with_trigger' retrieved from /home/airflow/.local/lib/python3.12/site-packages/airflow/example_dags/example_latest_only_with_trigger.py
[2025-03-17T23:29:49.733+0000] {logging_mixin.py:190} INFO - [2025-03-17T23:29:49.733+0000] {dag.py:3239} INFO - Sync 1 DAGs
[2025-03-17T23:29:49.747+0000] {logging_mixin.py:190} INFO - [2025-03-17T23:29:49.747+0000] {dag.py:4180} INFO - Setting next_dagrun for latest_only_with_trigger to 2025-03-17 16:00:00+00:00, run_after=2025-03-17 20:00:00+00:00
[2025-03-17T23:29:49.755+0000] {processor.py:208} INFO - Processing /home/airflow/.local/lib/python3.12/site-packages/airflow/example_dags/example_latest_only_with_trigger.py took 0.041 seconds
[2025-03-17T23:30:20.335+0000] {processor.py:186} INFO - Started process (PID=5258) to work on /home/airflow/.local/lib/python3.12/site-packages/airflow/example_dags/example_latest_only_with_trigger.py
[2025-03-17T23:30:20.336+0000] {processor.py:914} INFO - Processing file /home/airflow/.local/lib/python3.12/site-packages/airflow/example_dags/example_latest_only_with_trigger.py for tasks to queue
[2025-03-17T23:30:20.337+0000] {logging_mixin.py:190} INFO - [2025-03-17T23:30:20.337+0000] {dagbag.py:588} INFO - Filling up the DagBag from /home/airflow/.local/lib/python3.12/site-packages/airflow/example_dags/example_latest_only_with_trigger.py
[2025-03-17T23:30:20.341+0000] {processor.py:925} INFO - DAG(s) 'latest_only_with_trigger' retrieved from /home/airflow/.local/lib/python3.12/site-packages/airflow/example_dags/example_latest_only_with_trigger.py
[2025-03-17T23:30:20.353+0000] {logging_mixin.py:190} INFO - [2025-03-17T23:30:20.353+0000] {dag.py:3239} INFO - Sync 1 DAGs
[2025-03-17T23:30:20.363+0000] {logging_mixin.py:190} INFO - [2025-03-17T23:30:20.363+0000] {dag.py:4180} INFO - Setting next_dagrun for latest_only_with_trigger to 2025-03-17 16:00:00+00:00, run_after=2025-03-17 20:00:00+00:00
[2025-03-17T23:30:20.371+0000] {processor.py:208} INFO - Processing /home/airflow/.local/lib/python3.12/site-packages/airflow/example_dags/example_latest_only_with_trigger.py took 0.040 seconds
[2025-03-17T23:30:50.917+0000] {processor.py:186} INFO - Started process (PID=5549) to work on /home/airflow/.local/lib/python3.12/site-packages/airflow/example_dags/example_latest_only_with_trigger.py
[2025-03-17T23:30:50.918+0000] {processor.py:914} INFO - Processing file /home/airflow/.local/lib/python3.12/site-packages/airflow/example_dags/example_latest_only_with_trigger.py for tasks to queue
[2025-03-17T23:30:50.919+0000] {logging_mixin.py:190} INFO - [2025-03-17T23:30:50.919+0000] {dagbag.py:588} INFO - Filling up the DagBag from /home/airflow/.local/lib/python3.12/site-packages/airflow/example_dags/example_latest_only_with_trigger.py
[2025-03-17T23:30:50.922+0000] {processor.py:925} INFO - DAG(s) 'latest_only_with_trigger' retrieved from /home/airflow/.local/lib/python3.12/site-packages/airflow/example_dags/example_latest_only_with_trigger.py
[2025-03-17T23:30:50.932+0000] {logging_mixin.py:190} INFO - [2025-03-17T23:30:50.932+0000] {dag.py:3239} INFO - Sync 1 DAGs
[2025-03-17T23:30:50.941+0000] {logging_mixin.py:190} INFO - [2025-03-17T23:30:50.941+0000] {dag.py:4180} INFO - Setting next_dagrun for latest_only_with_trigger to 2025-03-17 16:00:00+00:00, run_after=2025-03-17 20:00:00+00:00
[2025-03-17T23:30:50.952+0000] {processor.py:208} INFO - Processing /home/airflow/.local/lib/python3.12/site-packages/airflow/example_dags/example_latest_only_with_trigger.py took 0.038 seconds
[2025-03-17T23:31:21.473+0000] {processor.py:186} INFO - Started process (PID=5840) to work on /home/airflow/.local/lib/python3.12/site-packages/airflow/example_dags/example_latest_only_with_trigger.py
[2025-03-17T23:31:21.474+0000] {processor.py:914} INFO - Processing file /home/airflow/.local/lib/python3.12/site-packages/airflow/example_dags/example_latest_only_with_trigger.py for tasks to queue
[2025-03-17T23:31:21.475+0000] {logging_mixin.py:190} INFO - [2025-03-17T23:31:21.475+0000] {dagbag.py:588} INFO - Filling up the DagBag from /home/airflow/.local/lib/python3.12/site-packages/airflow/example_dags/example_latest_only_with_trigger.py
[2025-03-17T23:31:21.480+0000] {processor.py:925} INFO - DAG(s) 'latest_only_with_trigger' retrieved from /home/airflow/.local/lib/python3.12/site-packages/airflow/example_dags/example_latest_only_with_trigger.py
[2025-03-17T23:31:21.490+0000] {logging_mixin.py:190} INFO - [2025-03-17T23:31:21.490+0000] {dag.py:3239} INFO - Sync 1 DAGs
[2025-03-17T23:31:21.500+0000] {logging_mixin.py:190} INFO - [2025-03-17T23:31:21.500+0000] {dag.py:4180} INFO - Setting next_dagrun for latest_only_with_trigger to 2025-03-17 16:00:00+00:00, run_after=2025-03-17 20:00:00+00:00
[2025-03-17T23:31:21.508+0000] {processor.py:208} INFO - Processing /home/airflow/.local/lib/python3.12/site-packages/airflow/example_dags/example_latest_only_with_trigger.py took 0.038 seconds
[2025-03-17T23:31:52.005+0000] {processor.py:186} INFO - Started process (PID=6131) to work on /home/airflow/.local/lib/python3.12/site-packages/airflow/example_dags/example_latest_only_with_trigger.py
[2025-03-17T23:31:52.005+0000] {processor.py:914} INFO - Processing file /home/airflow/.local/lib/python3.12/site-packages/airflow/example_dags/example_latest_only_with_trigger.py for tasks to queue
[2025-03-17T23:31:52.006+0000] {logging_mixin.py:190} INFO - [2025-03-17T23:31:52.006+0000] {dagbag.py:588} INFO - Filling up the DagBag from /home/airflow/.local/lib/python3.12/site-packages/airflow/example_dags/example_latest_only_with_trigger.py
[2025-03-17T23:31:52.010+0000] {processor.py:925} INFO - DAG(s) 'latest_only_with_trigger' retrieved from /home/airflow/.local/lib/python3.12/site-packages/airflow/example_dags/example_latest_only_with_trigger.py
[2025-03-17T23:31:52.019+0000] {logging_mixin.py:190} INFO - [2025-03-17T23:31:52.019+0000] {dag.py:3239} INFO - Sync 1 DAGs
[2025-03-17T23:31:52.030+0000] {logging_mixin.py:190} INFO - [2025-03-17T23:31:52.029+0000] {dag.py:4180} INFO - Setting next_dagrun for latest_only_with_trigger to 2025-03-17 16:00:00+00:00, run_after=2025-03-17 20:00:00+00:00
[2025-03-17T23:31:52.038+0000] {processor.py:208} INFO - Processing /home/airflow/.local/lib/python3.12/site-packages/airflow/example_dags/example_latest_only_with_trigger.py took 0.036 seconds
[2025-03-17T23:32:22.562+0000] {processor.py:186} INFO - Started process (PID=6422) to work on /home/airflow/.local/lib/python3.12/site-packages/airflow/example_dags/example_latest_only_with_trigger.py
[2025-03-17T23:32:22.563+0000] {processor.py:914} INFO - Processing file /home/airflow/.local/lib/python3.12/site-packages/airflow/example_dags/example_latest_only_with_trigger.py for tasks to queue
[2025-03-17T23:32:22.564+0000] {logging_mixin.py:190} INFO - [2025-03-17T23:32:22.564+0000] {dagbag.py:588} INFO - Filling up the DagBag from /home/airflow/.local/lib/python3.12/site-packages/airflow/example_dags/example_latest_only_with_trigger.py
[2025-03-17T23:32:22.568+0000] {processor.py:925} INFO - DAG(s) 'latest_only_with_trigger' retrieved from /home/airflow/.local/lib/python3.12/site-packages/airflow/example_dags/example_latest_only_with_trigger.py
[2025-03-17T23:32:22.578+0000] {logging_mixin.py:190} INFO - [2025-03-17T23:32:22.578+0000] {dag.py:3239} INFO - Sync 1 DAGs
[2025-03-17T23:32:22.588+0000] {logging_mixin.py:190} INFO - [2025-03-17T23:32:22.588+0000] {dag.py:4180} INFO - Setting next_dagrun for latest_only_with_trigger to 2025-03-17 16:00:00+00:00, run_after=2025-03-17 20:00:00+00:00
[2025-03-17T23:32:22.600+0000] {processor.py:208} INFO - Processing /home/airflow/.local/lib/python3.12/site-packages/airflow/example_dags/example_latest_only_with_trigger.py took 0.040 seconds
[2025-03-17T23:32:53.250+0000] {processor.py:186} INFO - Started process (PID=6713) to work on /home/airflow/.local/lib/python3.12/site-packages/airflow/example_dags/example_latest_only_with_trigger.py
[2025-03-17T23:32:53.251+0000] {processor.py:914} INFO - Processing file /home/airflow/.local/lib/python3.12/site-packages/airflow/example_dags/example_latest_only_with_trigger.py for tasks to queue
[2025-03-17T23:32:53.252+0000] {logging_mixin.py:190} INFO - [2025-03-17T23:32:53.252+0000] {dagbag.py:588} INFO - Filling up the DagBag from /home/airflow/.local/lib/python3.12/site-packages/airflow/example_dags/example_latest_only_with_trigger.py
[2025-03-17T23:32:53.258+0000] {processor.py:925} INFO - DAG(s) 'latest_only_with_trigger' retrieved from /home/airflow/.local/lib/python3.12/site-packages/airflow/example_dags/example_latest_only_with_trigger.py
[2025-03-17T23:32:53.267+0000] {logging_mixin.py:190} INFO - [2025-03-17T23:32:53.267+0000] {dag.py:3239} INFO - Sync 1 DAGs
[2025-03-17T23:32:53.278+0000] {logging_mixin.py:190} INFO - [2025-03-17T23:32:53.278+0000] {dag.py:4180} INFO - Setting next_dagrun for latest_only_with_trigger to 2025-03-17 16:00:00+00:00, run_after=2025-03-17 20:00:00+00:00
[2025-03-17T23:32:53.286+0000] {processor.py:208} INFO - Processing /home/airflow/.local/lib/python3.12/site-packages/airflow/example_dags/example_latest_only_with_trigger.py took 0.040 seconds
[2025-03-17T23:33:23.905+0000] {processor.py:186} INFO - Started process (PID=7004) to work on /home/airflow/.local/lib/python3.12/site-packages/airflow/example_dags/example_latest_only_with_trigger.py
[2025-03-17T23:33:23.905+0000] {processor.py:914} INFO - Processing file /home/airflow/.local/lib/python3.12/site-packages/airflow/example_dags/example_latest_only_with_trigger.py for tasks to queue
[2025-03-17T23:33:23.907+0000] {logging_mixin.py:190} INFO - [2025-03-17T23:33:23.906+0000] {dagbag.py:588} INFO - Filling up the DagBag from /home/airflow/.local/lib/python3.12/site-packages/airflow/example_dags/example_latest_only_with_trigger.py
[2025-03-17T23:33:23.910+0000] {processor.py:925} INFO - DAG(s) 'latest_only_with_trigger' retrieved from /home/airflow/.local/lib/python3.12/site-packages/airflow/example_dags/example_latest_only_with_trigger.py
[2025-03-17T23:33:23.920+0000] {logging_mixin.py:190} INFO - [2025-03-17T23:33:23.920+0000] {dag.py:3239} INFO - Sync 1 DAGs
[2025-03-17T23:33:23.931+0000] {logging_mixin.py:190} INFO - [2025-03-17T23:33:23.931+0000] {dag.py:4180} INFO - Setting next_dagrun for latest_only_with_trigger to 2025-03-17 16:00:00+00:00, run_after=2025-03-17 20:00:00+00:00
[2025-03-17T23:33:23.941+0000] {processor.py:208} INFO - Processing /home/airflow/.local/lib/python3.12/site-packages/airflow/example_dags/example_latest_only_with_trigger.py took 0.039 seconds
[2025-03-17T23:33:54.878+0000] {processor.py:186} INFO - Started process (PID=7295) to work on /home/airflow/.local/lib/python3.12/site-packages/airflow/example_dags/example_latest_only_with_trigger.py
[2025-03-17T23:33:54.878+0000] {processor.py:914} INFO - Processing file /home/airflow/.local/lib/python3.12/site-packages/airflow/example_dags/example_latest_only_with_trigger.py for tasks to queue
[2025-03-17T23:33:54.880+0000] {logging_mixin.py:190} INFO - [2025-03-17T23:33:54.880+0000] {dagbag.py:588} INFO - Filling up the DagBag from /home/airflow/.local/lib/python3.12/site-packages/airflow/example_dags/example_latest_only_with_trigger.py
[2025-03-17T23:33:54.884+0000] {processor.py:925} INFO - DAG(s) 'latest_only_with_trigger' retrieved from /home/airflow/.local/lib/python3.12/site-packages/airflow/example_dags/example_latest_only_with_trigger.py
[2025-03-17T23:33:54.893+0000] {logging_mixin.py:190} INFO - [2025-03-17T23:33:54.893+0000] {dag.py:3239} INFO - Sync 1 DAGs
[2025-03-17T23:33:54.906+0000] {logging_mixin.py:190} INFO - [2025-03-17T23:33:54.905+0000] {dag.py:4180} INFO - Setting next_dagrun for latest_only_with_trigger to 2025-03-17 16:00:00+00:00, run_after=2025-03-17 20:00:00+00:00
[2025-03-17T23:33:54.916+0000] {processor.py:208} INFO - Processing /home/airflow/.local/lib/python3.12/site-packages/airflow/example_dags/example_latest_only_with_trigger.py took 0.042 seconds
[2025-03-17T23:34:25.791+0000] {processor.py:186} INFO - Started process (PID=7586) to work on /home/airflow/.local/lib/python3.12/site-packages/airflow/example_dags/example_latest_only_with_trigger.py
[2025-03-17T23:34:25.791+0000] {processor.py:914} INFO - Processing file /home/airflow/.local/lib/python3.12/site-packages/airflow/example_dags/example_latest_only_with_trigger.py for tasks to queue
[2025-03-17T23:34:25.793+0000] {logging_mixin.py:190} INFO - [2025-03-17T23:34:25.793+0000] {dagbag.py:588} INFO - Filling up the DagBag from /home/airflow/.local/lib/python3.12/site-packages/airflow/example_dags/example_latest_only_with_trigger.py
[2025-03-17T23:34:25.797+0000] {processor.py:925} INFO - DAG(s) 'latest_only_with_trigger' retrieved from /home/airflow/.local/lib/python3.12/site-packages/airflow/example_dags/example_latest_only_with_trigger.py
[2025-03-17T23:34:25.811+0000] {logging_mixin.py:190} INFO - [2025-03-17T23:34:25.811+0000] {dag.py:3239} INFO - Sync 1 DAGs
[2025-03-17T23:34:25.824+0000] {logging_mixin.py:190} INFO - [2025-03-17T23:34:25.824+0000] {dag.py:4180} INFO - Setting next_dagrun for latest_only_with_trigger to 2025-03-17 16:00:00+00:00, run_after=2025-03-17 20:00:00+00:00
[2025-03-17T23:34:25.833+0000] {processor.py:208} INFO - Processing /home/airflow/.local/lib/python3.12/site-packages/airflow/example_dags/example_latest_only_with_trigger.py took 0.047 seconds
[2025-03-17T23:34:57.030+0000] {processor.py:186} INFO - Started process (PID=7916) to work on /home/airflow/.local/lib/python3.12/site-packages/airflow/example_dags/example_latest_only_with_trigger.py
[2025-03-17T23:34:57.032+0000] {processor.py:914} INFO - Processing file /home/airflow/.local/lib/python3.12/site-packages/airflow/example_dags/example_latest_only_with_trigger.py for tasks to queue
[2025-03-17T23:34:57.034+0000] {logging_mixin.py:190} INFO - [2025-03-17T23:34:57.034+0000] {dagbag.py:588} INFO - Filling up the DagBag from /home/airflow/.local/lib/python3.12/site-packages/airflow/example_dags/example_latest_only_with_trigger.py
[2025-03-17T23:34:57.040+0000] {processor.py:925} INFO - DAG(s) 'latest_only_with_trigger' retrieved from /home/airflow/.local/lib/python3.12/site-packages/airflow/example_dags/example_latest_only_with_trigger.py
[2025-03-17T23:34:57.056+0000] {logging_mixin.py:190} INFO - [2025-03-17T23:34:57.056+0000] {dag.py:3239} INFO - Sync 1 DAGs
[2025-03-17T23:34:57.071+0000] {logging_mixin.py:190} INFO - [2025-03-17T23:34:57.071+0000] {dag.py:4180} INFO - Setting next_dagrun for latest_only_with_trigger to 2025-03-17 16:00:00+00:00, run_after=2025-03-17 20:00:00+00:00
[2025-03-17T23:34:57.083+0000] {processor.py:208} INFO - Processing /home/airflow/.local/lib/python3.12/site-packages/airflow/example_dags/example_latest_only_with_trigger.py took 0.059 seconds
[2025-03-17T23:35:27.892+0000] {processor.py:186} INFO - Started process (PID=8207) to work on /home/airflow/.local/lib/python3.12/site-packages/airflow/example_dags/example_latest_only_with_trigger.py
[2025-03-17T23:35:27.893+0000] {processor.py:914} INFO - Processing file /home/airflow/.local/lib/python3.12/site-packages/airflow/example_dags/example_latest_only_with_trigger.py for tasks to queue
[2025-03-17T23:35:27.894+0000] {logging_mixin.py:190} INFO - [2025-03-17T23:35:27.894+0000] {dagbag.py:588} INFO - Filling up the DagBag from /home/airflow/.local/lib/python3.12/site-packages/airflow/example_dags/example_latest_only_with_trigger.py
[2025-03-17T23:35:27.898+0000] {processor.py:925} INFO - DAG(s) 'latest_only_with_trigger' retrieved from /home/airflow/.local/lib/python3.12/site-packages/airflow/example_dags/example_latest_only_with_trigger.py
[2025-03-17T23:35:27.907+0000] {logging_mixin.py:190} INFO - [2025-03-17T23:35:27.907+0000] {dag.py:3239} INFO - Sync 1 DAGs
[2025-03-17T23:35:27.919+0000] {logging_mixin.py:190} INFO - [2025-03-17T23:35:27.919+0000] {dag.py:4180} INFO - Setting next_dagrun for latest_only_with_trigger to 2025-03-17 16:00:00+00:00, run_after=2025-03-17 20:00:00+00:00
[2025-03-17T23:35:27.927+0000] {processor.py:208} INFO - Processing /home/airflow/.local/lib/python3.12/site-packages/airflow/example_dags/example_latest_only_with_trigger.py took 0.038 seconds
[2025-03-17T23:35:58.914+0000] {processor.py:186} INFO - Started process (PID=8498) to work on /home/airflow/.local/lib/python3.12/site-packages/airflow/example_dags/example_latest_only_with_trigger.py
[2025-03-17T23:35:58.917+0000] {processor.py:914} INFO - Processing file /home/airflow/.local/lib/python3.12/site-packages/airflow/example_dags/example_latest_only_with_trigger.py for tasks to queue
[2025-03-17T23:35:58.918+0000] {logging_mixin.py:190} INFO - [2025-03-17T23:35:58.918+0000] {dagbag.py:588} INFO - Filling up the DagBag from /home/airflow/.local/lib/python3.12/site-packages/airflow/example_dags/example_latest_only_with_trigger.py
[2025-03-17T23:35:58.926+0000] {processor.py:925} INFO - DAG(s) 'latest_only_with_trigger' retrieved from /home/airflow/.local/lib/python3.12/site-packages/airflow/example_dags/example_latest_only_with_trigger.py
[2025-03-17T23:35:58.944+0000] {logging_mixin.py:190} INFO - [2025-03-17T23:35:58.944+0000] {dag.py:3239} INFO - Sync 1 DAGs
[2025-03-17T23:35:58.962+0000] {logging_mixin.py:190} INFO - [2025-03-17T23:35:58.962+0000] {dag.py:4180} INFO - Setting next_dagrun for latest_only_with_trigger to 2025-03-17 16:00:00+00:00, run_after=2025-03-17 20:00:00+00:00
[2025-03-17T23:35:58.976+0000] {processor.py:208} INFO - Processing /home/airflow/.local/lib/python3.12/site-packages/airflow/example_dags/example_latest_only_with_trigger.py took 0.066 seconds
[2025-03-17T23:36:30.353+0000] {processor.py:186} INFO - Started process (PID=8789) to work on /home/airflow/.local/lib/python3.12/site-packages/airflow/example_dags/example_latest_only_with_trigger.py
[2025-03-17T23:36:30.354+0000] {processor.py:914} INFO - Processing file /home/airflow/.local/lib/python3.12/site-packages/airflow/example_dags/example_latest_only_with_trigger.py for tasks to queue
[2025-03-17T23:36:30.355+0000] {logging_mixin.py:190} INFO - [2025-03-17T23:36:30.355+0000] {dagbag.py:588} INFO - Filling up the DagBag from /home/airflow/.local/lib/python3.12/site-packages/airflow/example_dags/example_latest_only_with_trigger.py
[2025-03-17T23:36:30.359+0000] {processor.py:925} INFO - DAG(s) 'latest_only_with_trigger' retrieved from /home/airflow/.local/lib/python3.12/site-packages/airflow/example_dags/example_latest_only_with_trigger.py
[2025-03-17T23:36:30.369+0000] {logging_mixin.py:190} INFO - [2025-03-17T23:36:30.368+0000] {dag.py:3239} INFO - Sync 1 DAGs
[2025-03-17T23:36:30.380+0000] {logging_mixin.py:190} INFO - [2025-03-17T23:36:30.380+0000] {dag.py:4180} INFO - Setting next_dagrun for latest_only_with_trigger to 2025-03-17 16:00:00+00:00, run_after=2025-03-17 20:00:00+00:00
[2025-03-17T23:36:30.391+0000] {processor.py:208} INFO - Processing /home/airflow/.local/lib/python3.12/site-packages/airflow/example_dags/example_latest_only_with_trigger.py took 0.041 seconds
[2025-03-17T23:37:01.755+0000] {processor.py:186} INFO - Started process (PID=9080) to work on /home/airflow/.local/lib/python3.12/site-packages/airflow/example_dags/example_latest_only_with_trigger.py
[2025-03-17T23:37:01.755+0000] {processor.py:914} INFO - Processing file /home/airflow/.local/lib/python3.12/site-packages/airflow/example_dags/example_latest_only_with_trigger.py for tasks to queue
[2025-03-17T23:37:01.758+0000] {logging_mixin.py:190} INFO - [2025-03-17T23:37:01.757+0000] {dagbag.py:588} INFO - Filling up the DagBag from /home/airflow/.local/lib/python3.12/site-packages/airflow/example_dags/example_latest_only_with_trigger.py
[2025-03-17T23:37:01.762+0000] {processor.py:925} INFO - DAG(s) 'latest_only_with_trigger' retrieved from /home/airflow/.local/lib/python3.12/site-packages/airflow/example_dags/example_latest_only_with_trigger.py
[2025-03-17T23:37:01.774+0000] {logging_mixin.py:190} INFO - [2025-03-17T23:37:01.773+0000] {dag.py:3239} INFO - Sync 1 DAGs
[2025-03-17T23:37:01.784+0000] {logging_mixin.py:190} INFO - [2025-03-17T23:37:01.784+0000] {dag.py:4180} INFO - Setting next_dagrun for latest_only_with_trigger to 2025-03-17 16:00:00+00:00, run_after=2025-03-17 20:00:00+00:00
[2025-03-17T23:37:01.793+0000] {processor.py:208} INFO - Processing /home/airflow/.local/lib/python3.12/site-packages/airflow/example_dags/example_latest_only_with_trigger.py took 0.041 seconds
[2025-03-17T23:37:33.341+0000] {processor.py:186} INFO - Started process (PID=9377) to work on /home/airflow/.local/lib/python3.12/site-packages/airflow/example_dags/example_latest_only_with_trigger.py
[2025-03-17T23:37:33.341+0000] {processor.py:914} INFO - Processing file /home/airflow/.local/lib/python3.12/site-packages/airflow/example_dags/example_latest_only_with_trigger.py for tasks to queue
[2025-03-17T23:37:33.342+0000] {logging_mixin.py:190} INFO - [2025-03-17T23:37:33.342+0000] {dagbag.py:588} INFO - Filling up the DagBag from /home/airflow/.local/lib/python3.12/site-packages/airflow/example_dags/example_latest_only_with_trigger.py
[2025-03-17T23:37:33.346+0000] {processor.py:925} INFO - DAG(s) 'latest_only_with_trigger' retrieved from /home/airflow/.local/lib/python3.12/site-packages/airflow/example_dags/example_latest_only_with_trigger.py
[2025-03-17T23:37:33.356+0000] {logging_mixin.py:190} INFO - [2025-03-17T23:37:33.356+0000] {dag.py:3239} INFO - Sync 1 DAGs
[2025-03-17T23:37:33.368+0000] {logging_mixin.py:190} INFO - [2025-03-17T23:37:33.368+0000] {dag.py:4180} INFO - Setting next_dagrun for latest_only_with_trigger to 2025-03-17 16:00:00+00:00, run_after=2025-03-17 20:00:00+00:00
[2025-03-17T23:37:33.377+0000] {processor.py:208} INFO - Processing /home/airflow/.local/lib/python3.12/site-packages/airflow/example_dags/example_latest_only_with_trigger.py took 0.039 seconds
