[2025-03-17T23:21:35.754+0000] {processor.py:186} INFO - Started process (PID=357) to work on /home/airflow/.local/lib/python3.12/site-packages/airflow/example_dags/example_dataset_alias.py
[2025-03-17T23:21:35.755+0000] {processor.py:914} INFO - Processing file /home/airflow/.local/lib/python3.12/site-packages/airflow/example_dags/example_dataset_alias.py for tasks to queue
[2025-03-17T23:21:35.756+0000] {logging_mixin.py:190} INFO - [2025-03-17T23:21:35.756+0000] {dagbag.py:588} INFO - Filling up the DagBag from /home/airflow/.local/lib/python3.12/site-packages/airflow/example_dags/example_dataset_alias.py
[2025-03-17T23:21:36.041+0000] {processor.py:925} INFO - DAG(s) 'dataset_s3_bucket_consumer', 'dataset_alias_example_alias_producer', 'dataset_s3_bucket_producer', 'dataset_alias_example_alias_consumer' retrieved from /home/airflow/.local/lib/python3.12/site-packages/airflow/example_dags/example_dataset_alias.py
[2025-03-17T23:21:36.240+0000] {logging_mixin.py:190} INFO - [2025-03-17T23:21:36.239+0000] {override.py:1912} INFO - Created Permission View: can edit on DAG:dataset_s3_bucket_consumer
[2025-03-17T23:21:36.244+0000] {logging_mixin.py:190} INFO - [2025-03-17T23:21:36.244+0000] {override.py:1912} INFO - Created Permission View: can read on DAG:dataset_s3_bucket_consumer
[2025-03-17T23:21:36.247+0000] {logging_mixin.py:190} INFO - [2025-03-17T23:21:36.247+0000] {override.py:1912} INFO - Created Permission View: can delete on DAG:dataset_s3_bucket_consumer
[2025-03-17T23:21:36.250+0000] {logging_mixin.py:190} INFO - [2025-03-17T23:21:36.250+0000] {override.py:1912} INFO - Created Permission View: can create on DAG Run:dataset_s3_bucket_consumer
[2025-03-17T23:21:36.253+0000] {logging_mixin.py:190} INFO - [2025-03-17T23:21:36.252+0000] {override.py:1912} INFO - Created Permission View: menu access on DAG Run:dataset_s3_bucket_consumer
[2025-03-17T23:21:36.255+0000] {logging_mixin.py:190} INFO - [2025-03-17T23:21:36.255+0000] {override.py:1912} INFO - Created Permission View: can read on DAG Run:dataset_s3_bucket_consumer
[2025-03-17T23:21:36.257+0000] {logging_mixin.py:190} INFO - [2025-03-17T23:21:36.257+0000] {override.py:1912} INFO - Created Permission View: can delete on DAG Run:dataset_s3_bucket_consumer
[2025-03-17T23:21:36.263+0000] {logging_mixin.py:190} INFO - [2025-03-17T23:21:36.263+0000] {override.py:1912} INFO - Created Permission View: can edit on DAG:dataset_alias_example_alias_producer
[2025-03-17T23:21:36.265+0000] {logging_mixin.py:190} INFO - [2025-03-17T23:21:36.265+0000] {override.py:1912} INFO - Created Permission View: can read on DAG:dataset_alias_example_alias_producer
[2025-03-17T23:21:36.268+0000] {logging_mixin.py:190} INFO - [2025-03-17T23:21:36.267+0000] {override.py:1912} INFO - Created Permission View: can delete on DAG:dataset_alias_example_alias_producer
[2025-03-17T23:21:36.270+0000] {logging_mixin.py:190} INFO - [2025-03-17T23:21:36.270+0000] {override.py:1912} INFO - Created Permission View: can create on DAG Run:dataset_alias_example_alias_producer
[2025-03-17T23:21:36.273+0000] {logging_mixin.py:190} INFO - [2025-03-17T23:21:36.272+0000] {override.py:1912} INFO - Created Permission View: menu access on DAG Run:dataset_alias_example_alias_producer
[2025-03-17T23:21:36.275+0000] {logging_mixin.py:190} INFO - [2025-03-17T23:21:36.275+0000] {override.py:1912} INFO - Created Permission View: can read on DAG Run:dataset_alias_example_alias_producer
[2025-03-17T23:21:36.277+0000] {logging_mixin.py:190} INFO - [2025-03-17T23:21:36.277+0000] {override.py:1912} INFO - Created Permission View: can delete on DAG Run:dataset_alias_example_alias_producer
[2025-03-17T23:21:36.282+0000] {logging_mixin.py:190} INFO - [2025-03-17T23:21:36.282+0000] {override.py:1912} INFO - Created Permission View: can edit on DAG:dataset_s3_bucket_producer
[2025-03-17T23:21:36.285+0000] {logging_mixin.py:190} INFO - [2025-03-17T23:21:36.285+0000] {override.py:1912} INFO - Created Permission View: can read on DAG:dataset_s3_bucket_producer
[2025-03-17T23:21:36.288+0000] {logging_mixin.py:190} INFO - [2025-03-17T23:21:36.288+0000] {override.py:1912} INFO - Created Permission View: can delete on DAG:dataset_s3_bucket_producer
[2025-03-17T23:21:36.291+0000] {logging_mixin.py:190} INFO - [2025-03-17T23:21:36.291+0000] {override.py:1912} INFO - Created Permission View: can create on DAG Run:dataset_s3_bucket_producer
[2025-03-17T23:21:36.294+0000] {logging_mixin.py:190} INFO - [2025-03-17T23:21:36.294+0000] {override.py:1912} INFO - Created Permission View: menu access on DAG Run:dataset_s3_bucket_producer
[2025-03-17T23:21:36.300+0000] {logging_mixin.py:190} INFO - [2025-03-17T23:21:36.300+0000] {override.py:1912} INFO - Created Permission View: can read on DAG Run:dataset_s3_bucket_producer
[2025-03-17T23:21:36.303+0000] {logging_mixin.py:190} INFO - [2025-03-17T23:21:36.303+0000] {override.py:1912} INFO - Created Permission View: can delete on DAG Run:dataset_s3_bucket_producer
[2025-03-17T23:21:36.308+0000] {logging_mixin.py:190} INFO - [2025-03-17T23:21:36.308+0000] {override.py:1912} INFO - Created Permission View: can edit on DAG:dataset_alias_example_alias_consumer
[2025-03-17T23:21:36.311+0000] {logging_mixin.py:190} INFO - [2025-03-17T23:21:36.310+0000] {override.py:1912} INFO - Created Permission View: can read on DAG:dataset_alias_example_alias_consumer
[2025-03-17T23:21:36.313+0000] {logging_mixin.py:190} INFO - [2025-03-17T23:21:36.313+0000] {override.py:1912} INFO - Created Permission View: can delete on DAG:dataset_alias_example_alias_consumer
[2025-03-17T23:21:36.316+0000] {logging_mixin.py:190} INFO - [2025-03-17T23:21:36.316+0000] {override.py:1912} INFO - Created Permission View: can create on DAG Run:dataset_alias_example_alias_consumer
[2025-03-17T23:21:36.319+0000] {logging_mixin.py:190} INFO - [2025-03-17T23:21:36.319+0000] {override.py:1912} INFO - Created Permission View: menu access on DAG Run:dataset_alias_example_alias_consumer
[2025-03-17T23:21:36.321+0000] {logging_mixin.py:190} INFO - [2025-03-17T23:21:36.321+0000] {override.py:1912} INFO - Created Permission View: can read on DAG Run:dataset_alias_example_alias_consumer
[2025-03-17T23:21:36.323+0000] {logging_mixin.py:190} INFO - [2025-03-17T23:21:36.323+0000] {override.py:1912} INFO - Created Permission View: can delete on DAG Run:dataset_alias_example_alias_consumer
[2025-03-17T23:21:36.324+0000] {logging_mixin.py:190} INFO - [2025-03-17T23:21:36.323+0000] {dag.py:3239} INFO - Sync 4 DAGs
[2025-03-17T23:21:36.330+0000] {logging_mixin.py:190} INFO - [2025-03-17T23:21:36.330+0000] {dag.py:3262} INFO - Creating ORM DAG for dataset_s3_bucket_consumer
[2025-03-17T23:21:36.330+0000] {logging_mixin.py:190} INFO - [2025-03-17T23:21:36.330+0000] {dag.py:3262} INFO - Creating ORM DAG for dataset_alias_example_alias_consumer
[2025-03-17T23:21:36.330+0000] {logging_mixin.py:190} INFO - [2025-03-17T23:21:36.330+0000] {dag.py:3262} INFO - Creating ORM DAG for dataset_s3_bucket_producer
[2025-03-17T23:21:36.331+0000] {logging_mixin.py:190} INFO - [2025-03-17T23:21:36.331+0000] {dag.py:3262} INFO - Creating ORM DAG for dataset_alias_example_alias_producer
[2025-03-17T23:21:36.335+0000] {logging_mixin.py:190} INFO - [2025-03-17T23:21:36.335+0000] {dag.py:4180} INFO - Setting next_dagrun for dataset_alias_example_alias_consumer to None, run_after=None
[2025-03-17T23:21:36.335+0000] {logging_mixin.py:190} INFO - [2025-03-17T23:21:36.335+0000] {dag.py:4180} INFO - Setting next_dagrun for dataset_alias_example_alias_producer to None, run_after=None
[2025-03-17T23:21:36.336+0000] {logging_mixin.py:190} INFO - [2025-03-17T23:21:36.336+0000] {dag.py:4180} INFO - Setting next_dagrun for dataset_s3_bucket_consumer to None, run_after=None
[2025-03-17T23:21:36.336+0000] {logging_mixin.py:190} INFO - [2025-03-17T23:21:36.336+0000] {dag.py:4180} INFO - Setting next_dagrun for dataset_s3_bucket_producer to None, run_after=None
[2025-03-17T23:21:36.348+0000] {processor.py:208} INFO - Processing /home/airflow/.local/lib/python3.12/site-packages/airflow/example_dags/example_dataset_alias.py took 0.599 seconds
[2025-03-17T23:22:06.462+0000] {processor.py:186} INFO - Started process (PID=653) to work on /home/airflow/.local/lib/python3.12/site-packages/airflow/example_dags/example_dataset_alias.py
[2025-03-17T23:22:06.463+0000] {processor.py:914} INFO - Processing file /home/airflow/.local/lib/python3.12/site-packages/airflow/example_dags/example_dataset_alias.py for tasks to queue
[2025-03-17T23:22:06.464+0000] {logging_mixin.py:190} INFO - [2025-03-17T23:22:06.464+0000] {dagbag.py:588} INFO - Filling up the DagBag from /home/airflow/.local/lib/python3.12/site-packages/airflow/example_dags/example_dataset_alias.py
[2025-03-17T23:22:06.663+0000] {processor.py:925} INFO - DAG(s) 'dataset_alias_example_alias_consumer', 'dataset_alias_example_alias_producer', 'dataset_s3_bucket_producer', 'dataset_s3_bucket_consumer' retrieved from /home/airflow/.local/lib/python3.12/site-packages/airflow/example_dags/example_dataset_alias.py
[2025-03-17T23:22:06.676+0000] {logging_mixin.py:190} INFO - [2025-03-17T23:22:06.676+0000] {dag.py:3239} INFO - Sync 4 DAGs
[2025-03-17T23:22:06.819+0000] {logging_mixin.py:190} INFO - [2025-03-17T23:22:06.819+0000] {dag.py:4180} INFO - Setting next_dagrun for dataset_alias_example_alias_consumer to None, run_after=None
[2025-03-17T23:22:06.821+0000] {logging_mixin.py:190} INFO - [2025-03-17T23:22:06.821+0000] {dag.py:4180} INFO - Setting next_dagrun for dataset_alias_example_alias_producer to None, run_after=None
[2025-03-17T23:22:06.821+0000] {logging_mixin.py:190} INFO - [2025-03-17T23:22:06.821+0000] {dag.py:4180} INFO - Setting next_dagrun for dataset_s3_bucket_consumer to None, run_after=None
[2025-03-17T23:22:06.822+0000] {logging_mixin.py:190} INFO - [2025-03-17T23:22:06.822+0000] {dag.py:4180} INFO - Setting next_dagrun for dataset_s3_bucket_producer to None, run_after=None
[2025-03-17T23:22:06.831+0000] {processor.py:208} INFO - Processing /home/airflow/.local/lib/python3.12/site-packages/airflow/example_dags/example_dataset_alias.py took 0.373 seconds
[2025-03-17T23:22:36.885+0000] {processor.py:186} INFO - Started process (PID=971) to work on /home/airflow/.local/lib/python3.12/site-packages/airflow/example_dags/example_dataset_alias.py
[2025-03-17T23:22:36.886+0000] {processor.py:914} INFO - Processing file /home/airflow/.local/lib/python3.12/site-packages/airflow/example_dags/example_dataset_alias.py for tasks to queue
[2025-03-17T23:22:36.888+0000] {logging_mixin.py:190} INFO - [2025-03-17T23:22:36.887+0000] {dagbag.py:588} INFO - Filling up the DagBag from /home/airflow/.local/lib/python3.12/site-packages/airflow/example_dags/example_dataset_alias.py
[2025-03-17T23:22:37.105+0000] {processor.py:925} INFO - DAG(s) 'dataset_s3_bucket_producer', 'dataset_s3_bucket_consumer', 'dataset_alias_example_alias_consumer', 'dataset_alias_example_alias_producer' retrieved from /home/airflow/.local/lib/python3.12/site-packages/airflow/example_dags/example_dataset_alias.py
[2025-03-17T23:22:37.116+0000] {logging_mixin.py:190} INFO - [2025-03-17T23:22:37.115+0000] {dag.py:3239} INFO - Sync 4 DAGs
[2025-03-17T23:22:37.127+0000] {logging_mixin.py:190} INFO - [2025-03-17T23:22:37.127+0000] {dag.py:4180} INFO - Setting next_dagrun for dataset_alias_example_alias_consumer to None, run_after=None
[2025-03-17T23:22:37.128+0000] {logging_mixin.py:190} INFO - [2025-03-17T23:22:37.128+0000] {dag.py:4180} INFO - Setting next_dagrun for dataset_alias_example_alias_producer to None, run_after=None
[2025-03-17T23:22:37.130+0000] {logging_mixin.py:190} INFO - [2025-03-17T23:22:37.129+0000] {dag.py:4180} INFO - Setting next_dagrun for dataset_s3_bucket_consumer to None, run_after=None
[2025-03-17T23:22:37.130+0000] {logging_mixin.py:190} INFO - [2025-03-17T23:22:37.130+0000] {dag.py:4180} INFO - Setting next_dagrun for dataset_s3_bucket_producer to None, run_after=None
[2025-03-17T23:22:37.240+0000] {processor.py:208} INFO - Processing /home/airflow/.local/lib/python3.12/site-packages/airflow/example_dags/example_dataset_alias.py took 0.358 seconds
[2025-03-17T23:23:07.439+0000] {processor.py:186} INFO - Started process (PID=1230) to work on /home/airflow/.local/lib/python3.12/site-packages/airflow/example_dags/example_dataset_alias.py
[2025-03-17T23:23:07.439+0000] {processor.py:914} INFO - Processing file /home/airflow/.local/lib/python3.12/site-packages/airflow/example_dags/example_dataset_alias.py for tasks to queue
[2025-03-17T23:23:07.441+0000] {logging_mixin.py:190} INFO - [2025-03-17T23:23:07.440+0000] {dagbag.py:588} INFO - Filling up the DagBag from /home/airflow/.local/lib/python3.12/site-packages/airflow/example_dags/example_dataset_alias.py
[2025-03-17T23:23:07.605+0000] {processor.py:925} INFO - DAG(s) 'dataset_alias_example_alias_producer', 'dataset_s3_bucket_consumer', 'dataset_s3_bucket_producer', 'dataset_alias_example_alias_consumer' retrieved from /home/airflow/.local/lib/python3.12/site-packages/airflow/example_dags/example_dataset_alias.py
[2025-03-17T23:23:07.716+0000] {logging_mixin.py:190} INFO - [2025-03-17T23:23:07.716+0000] {dag.py:3239} INFO - Sync 4 DAGs
[2025-03-17T23:23:07.726+0000] {logging_mixin.py:190} INFO - [2025-03-17T23:23:07.726+0000] {dag.py:4180} INFO - Setting next_dagrun for dataset_alias_example_alias_consumer to None, run_after=None
[2025-03-17T23:23:07.727+0000] {logging_mixin.py:190} INFO - [2025-03-17T23:23:07.727+0000] {dag.py:4180} INFO - Setting next_dagrun for dataset_alias_example_alias_producer to None, run_after=None
[2025-03-17T23:23:07.728+0000] {logging_mixin.py:190} INFO - [2025-03-17T23:23:07.728+0000] {dag.py:4180} INFO - Setting next_dagrun for dataset_s3_bucket_consumer to None, run_after=None
[2025-03-17T23:23:07.728+0000] {logging_mixin.py:190} INFO - [2025-03-17T23:23:07.728+0000] {dag.py:4180} INFO - Setting next_dagrun for dataset_s3_bucket_producer to None, run_after=None
[2025-03-17T23:23:07.736+0000] {processor.py:208} INFO - Processing /home/airflow/.local/lib/python3.12/site-packages/airflow/example_dags/example_dataset_alias.py took 0.300 seconds
[2025-03-17T23:23:38.652+0000] {processor.py:186} INFO - Started process (PID=1523) to work on /home/airflow/.local/lib/python3.12/site-packages/airflow/example_dags/example_dataset_alias.py
[2025-03-17T23:23:38.653+0000] {processor.py:914} INFO - Processing file /home/airflow/.local/lib/python3.12/site-packages/airflow/example_dags/example_dataset_alias.py for tasks to queue
[2025-03-17T23:23:38.654+0000] {logging_mixin.py:190} INFO - [2025-03-17T23:23:38.654+0000] {dagbag.py:588} INFO - Filling up the DagBag from /home/airflow/.local/lib/python3.12/site-packages/airflow/example_dags/example_dataset_alias.py
[2025-03-17T23:23:38.841+0000] {processor.py:925} INFO - DAG(s) 'dataset_alias_example_alias_producer', 'dataset_s3_bucket_producer', 'dataset_alias_example_alias_consumer', 'dataset_s3_bucket_consumer' retrieved from /home/airflow/.local/lib/python3.12/site-packages/airflow/example_dags/example_dataset_alias.py
[2025-03-17T23:23:38.852+0000] {logging_mixin.py:190} INFO - [2025-03-17T23:23:38.852+0000] {dag.py:3239} INFO - Sync 4 DAGs
[2025-03-17T23:23:38.965+0000] {logging_mixin.py:190} INFO - [2025-03-17T23:23:38.965+0000] {dag.py:4180} INFO - Setting next_dagrun for dataset_alias_example_alias_consumer to None, run_after=None
[2025-03-17T23:23:38.966+0000] {logging_mixin.py:190} INFO - [2025-03-17T23:23:38.966+0000] {dag.py:4180} INFO - Setting next_dagrun for dataset_alias_example_alias_producer to None, run_after=None
[2025-03-17T23:23:38.967+0000] {logging_mixin.py:190} INFO - [2025-03-17T23:23:38.967+0000] {dag.py:4180} INFO - Setting next_dagrun for dataset_s3_bucket_consumer to None, run_after=None
[2025-03-17T23:23:38.967+0000] {logging_mixin.py:190} INFO - [2025-03-17T23:23:38.967+0000] {dag.py:4180} INFO - Setting next_dagrun for dataset_s3_bucket_producer to None, run_after=None
[2025-03-17T23:23:38.976+0000] {processor.py:208} INFO - Processing /home/airflow/.local/lib/python3.12/site-packages/airflow/example_dags/example_dataset_alias.py took 0.327 seconds
[2025-03-17T23:24:09.623+0000] {processor.py:186} INFO - Started process (PID=1812) to work on /home/airflow/.local/lib/python3.12/site-packages/airflow/example_dags/example_dataset_alias.py
[2025-03-17T23:24:09.623+0000] {processor.py:914} INFO - Processing file /home/airflow/.local/lib/python3.12/site-packages/airflow/example_dags/example_dataset_alias.py for tasks to queue
[2025-03-17T23:24:09.624+0000] {logging_mixin.py:190} INFO - [2025-03-17T23:24:09.624+0000] {dagbag.py:588} INFO - Filling up the DagBag from /home/airflow/.local/lib/python3.12/site-packages/airflow/example_dags/example_dataset_alias.py
[2025-03-17T23:24:09.791+0000] {processor.py:925} INFO - DAG(s) 'dataset_alias_example_alias_producer', 'dataset_s3_bucket_producer', 'dataset_alias_example_alias_consumer', 'dataset_s3_bucket_consumer' retrieved from /home/airflow/.local/lib/python3.12/site-packages/airflow/example_dags/example_dataset_alias.py
[2025-03-17T23:24:09.804+0000] {logging_mixin.py:190} INFO - [2025-03-17T23:24:09.804+0000] {dag.py:3239} INFO - Sync 4 DAGs
[2025-03-17T23:24:09.917+0000] {logging_mixin.py:190} INFO - [2025-03-17T23:24:09.917+0000] {dag.py:4180} INFO - Setting next_dagrun for dataset_alias_example_alias_consumer to None, run_after=None
[2025-03-17T23:24:09.918+0000] {logging_mixin.py:190} INFO - [2025-03-17T23:24:09.918+0000] {dag.py:4180} INFO - Setting next_dagrun for dataset_alias_example_alias_producer to None, run_after=None
[2025-03-17T23:24:09.919+0000] {logging_mixin.py:190} INFO - [2025-03-17T23:24:09.919+0000] {dag.py:4180} INFO - Setting next_dagrun for dataset_s3_bucket_consumer to None, run_after=None
[2025-03-17T23:24:09.919+0000] {logging_mixin.py:190} INFO - [2025-03-17T23:24:09.919+0000] {dag.py:4180} INFO - Setting next_dagrun for dataset_s3_bucket_producer to None, run_after=None
[2025-03-17T23:24:09.928+0000] {processor.py:208} INFO - Processing /home/airflow/.local/lib/python3.12/site-packages/airflow/example_dags/example_dataset_alias.py took 0.308 seconds
[2025-03-17T23:24:40.916+0000] {processor.py:186} INFO - Started process (PID=2102) to work on /home/airflow/.local/lib/python3.12/site-packages/airflow/example_dags/example_dataset_alias.py
[2025-03-17T23:24:40.917+0000] {processor.py:914} INFO - Processing file /home/airflow/.local/lib/python3.12/site-packages/airflow/example_dags/example_dataset_alias.py for tasks to queue
[2025-03-17T23:24:40.918+0000] {logging_mixin.py:190} INFO - [2025-03-17T23:24:40.918+0000] {dagbag.py:588} INFO - Filling up the DagBag from /home/airflow/.local/lib/python3.12/site-packages/airflow/example_dags/example_dataset_alias.py
[2025-03-17T23:24:41.284+0000] {processor.py:925} INFO - DAG(s) 'dataset_alias_example_alias_consumer', 'dataset_alias_example_alias_producer', 'dataset_s3_bucket_producer', 'dataset_s3_bucket_consumer' retrieved from /home/airflow/.local/lib/python3.12/site-packages/airflow/example_dags/example_dataset_alias.py
[2025-03-17T23:24:41.293+0000] {logging_mixin.py:190} INFO - [2025-03-17T23:24:41.293+0000] {dag.py:3239} INFO - Sync 4 DAGs
[2025-03-17T23:24:41.304+0000] {logging_mixin.py:190} INFO - [2025-03-17T23:24:41.304+0000] {dag.py:4180} INFO - Setting next_dagrun for dataset_alias_example_alias_consumer to None, run_after=None
[2025-03-17T23:24:41.305+0000] {logging_mixin.py:190} INFO - [2025-03-17T23:24:41.305+0000] {dag.py:4180} INFO - Setting next_dagrun for dataset_alias_example_alias_producer to None, run_after=None
[2025-03-17T23:24:41.306+0000] {logging_mixin.py:190} INFO - [2025-03-17T23:24:41.306+0000] {dag.py:4180} INFO - Setting next_dagrun for dataset_s3_bucket_consumer to None, run_after=None
[2025-03-17T23:24:41.308+0000] {logging_mixin.py:190} INFO - [2025-03-17T23:24:41.308+0000] {dag.py:4180} INFO - Setting next_dagrun for dataset_s3_bucket_producer to None, run_after=None
[2025-03-17T23:24:41.318+0000] {processor.py:208} INFO - Processing /home/airflow/.local/lib/python3.12/site-packages/airflow/example_dags/example_dataset_alias.py took 0.405 seconds
[2025-03-17T23:25:12.240+0000] {processor.py:186} INFO - Started process (PID=2398) to work on /home/airflow/.local/lib/python3.12/site-packages/airflow/example_dags/example_dataset_alias.py
[2025-03-17T23:25:12.242+0000] {processor.py:914} INFO - Processing file /home/airflow/.local/lib/python3.12/site-packages/airflow/example_dags/example_dataset_alias.py for tasks to queue
[2025-03-17T23:25:12.245+0000] {logging_mixin.py:190} INFO - [2025-03-17T23:25:12.244+0000] {dagbag.py:588} INFO - Filling up the DagBag from /home/airflow/.local/lib/python3.12/site-packages/airflow/example_dags/example_dataset_alias.py
[2025-03-17T23:25:13.050+0000] {processor.py:925} INFO - DAG(s) 'dataset_alias_example_alias_consumer', 'dataset_alias_example_alias_producer', 'dataset_s3_bucket_producer', 'dataset_s3_bucket_consumer' retrieved from /home/airflow/.local/lib/python3.12/site-packages/airflow/example_dags/example_dataset_alias.py
[2025-03-17T23:25:13.059+0000] {logging_mixin.py:190} INFO - [2025-03-17T23:25:13.059+0000] {dag.py:3239} INFO - Sync 4 DAGs
[2025-03-17T23:25:13.071+0000] {logging_mixin.py:190} INFO - [2025-03-17T23:25:13.070+0000] {dag.py:4180} INFO - Setting next_dagrun for dataset_alias_example_alias_consumer to None, run_after=None
[2025-03-17T23:25:13.072+0000] {logging_mixin.py:190} INFO - [2025-03-17T23:25:13.072+0000] {dag.py:4180} INFO - Setting next_dagrun for dataset_alias_example_alias_producer to None, run_after=None
[2025-03-17T23:25:13.074+0000] {logging_mixin.py:190} INFO - [2025-03-17T23:25:13.073+0000] {dag.py:4180} INFO - Setting next_dagrun for dataset_s3_bucket_consumer to None, run_after=None
[2025-03-17T23:25:13.074+0000] {logging_mixin.py:190} INFO - [2025-03-17T23:25:13.074+0000] {dag.py:4180} INFO - Setting next_dagrun for dataset_s3_bucket_producer to None, run_after=None
[2025-03-17T23:25:13.086+0000] {processor.py:208} INFO - Processing /home/airflow/.local/lib/python3.12/site-packages/airflow/example_dags/example_dataset_alias.py took 0.856 seconds
[2025-03-17T23:25:43.516+0000] {processor.py:186} INFO - Started process (PID=2684) to work on /home/airflow/.local/lib/python3.12/site-packages/airflow/example_dags/example_dataset_alias.py
[2025-03-17T23:25:43.516+0000] {processor.py:914} INFO - Processing file /home/airflow/.local/lib/python3.12/site-packages/airflow/example_dags/example_dataset_alias.py for tasks to queue
[2025-03-17T23:25:43.518+0000] {logging_mixin.py:190} INFO - [2025-03-17T23:25:43.518+0000] {dagbag.py:588} INFO - Filling up the DagBag from /home/airflow/.local/lib/python3.12/site-packages/airflow/example_dags/example_dataset_alias.py
[2025-03-17T23:25:43.765+0000] {processor.py:925} INFO - DAG(s) 'dataset_s3_bucket_producer', 'dataset_alias_example_alias_consumer', 'dataset_alias_example_alias_producer', 'dataset_s3_bucket_consumer' retrieved from /home/airflow/.local/lib/python3.12/site-packages/airflow/example_dags/example_dataset_alias.py
[2025-03-17T23:25:43.937+0000] {logging_mixin.py:190} INFO - [2025-03-17T23:25:43.936+0000] {dag.py:3239} INFO - Sync 4 DAGs
[2025-03-17T23:25:43.947+0000] {logging_mixin.py:190} INFO - [2025-03-17T23:25:43.947+0000] {dag.py:4180} INFO - Setting next_dagrun for dataset_alias_example_alias_consumer to None, run_after=None
[2025-03-17T23:25:43.949+0000] {logging_mixin.py:190} INFO - [2025-03-17T23:25:43.949+0000] {dag.py:4180} INFO - Setting next_dagrun for dataset_alias_example_alias_producer to None, run_after=None
[2025-03-17T23:25:43.950+0000] {logging_mixin.py:190} INFO - [2025-03-17T23:25:43.950+0000] {dag.py:4180} INFO - Setting next_dagrun for dataset_s3_bucket_consumer to None, run_after=None
[2025-03-17T23:25:43.952+0000] {logging_mixin.py:190} INFO - [2025-03-17T23:25:43.952+0000] {dag.py:4180} INFO - Setting next_dagrun for dataset_s3_bucket_producer to None, run_after=None
[2025-03-17T23:25:43.962+0000] {processor.py:208} INFO - Processing /home/airflow/.local/lib/python3.12/site-packages/airflow/example_dags/example_dataset_alias.py took 0.449 seconds
[2025-03-17T23:26:14.512+0000] {processor.py:186} INFO - Started process (PID=2975) to work on /home/airflow/.local/lib/python3.12/site-packages/airflow/example_dags/example_dataset_alias.py
[2025-03-17T23:26:14.512+0000] {processor.py:914} INFO - Processing file /home/airflow/.local/lib/python3.12/site-packages/airflow/example_dags/example_dataset_alias.py for tasks to queue
[2025-03-17T23:26:14.514+0000] {logging_mixin.py:190} INFO - [2025-03-17T23:26:14.513+0000] {dagbag.py:588} INFO - Filling up the DagBag from /home/airflow/.local/lib/python3.12/site-packages/airflow/example_dags/example_dataset_alias.py
[2025-03-17T23:26:14.781+0000] {processor.py:925} INFO - DAG(s) 'dataset_alias_example_alias_producer', 'dataset_s3_bucket_producer', 'dataset_s3_bucket_consumer', 'dataset_alias_example_alias_consumer' retrieved from /home/airflow/.local/lib/python3.12/site-packages/airflow/example_dags/example_dataset_alias.py
[2025-03-17T23:26:14.790+0000] {logging_mixin.py:190} INFO - [2025-03-17T23:26:14.790+0000] {dag.py:3239} INFO - Sync 4 DAGs
[2025-03-17T23:26:14.801+0000] {logging_mixin.py:190} INFO - [2025-03-17T23:26:14.801+0000] {dag.py:4180} INFO - Setting next_dagrun for dataset_alias_example_alias_consumer to None, run_after=None
[2025-03-17T23:26:14.803+0000] {logging_mixin.py:190} INFO - [2025-03-17T23:26:14.803+0000] {dag.py:4180} INFO - Setting next_dagrun for dataset_alias_example_alias_producer to None, run_after=None
[2025-03-17T23:26:14.804+0000] {logging_mixin.py:190} INFO - [2025-03-17T23:26:14.803+0000] {dag.py:4180} INFO - Setting next_dagrun for dataset_s3_bucket_consumer to None, run_after=None
[2025-03-17T23:26:14.804+0000] {logging_mixin.py:190} INFO - [2025-03-17T23:26:14.804+0000] {dag.py:4180} INFO - Setting next_dagrun for dataset_s3_bucket_producer to None, run_after=None
[2025-03-17T23:26:14.812+0000] {processor.py:208} INFO - Processing /home/airflow/.local/lib/python3.12/site-packages/airflow/example_dags/example_dataset_alias.py took 0.303 seconds
[2025-03-17T23:26:45.356+0000] {processor.py:186} INFO - Started process (PID=3266) to work on /home/airflow/.local/lib/python3.12/site-packages/airflow/example_dags/example_dataset_alias.py
[2025-03-17T23:26:45.358+0000] {processor.py:914} INFO - Processing file /home/airflow/.local/lib/python3.12/site-packages/airflow/example_dags/example_dataset_alias.py for tasks to queue
[2025-03-17T23:26:45.359+0000] {logging_mixin.py:190} INFO - [2025-03-17T23:26:45.359+0000] {dagbag.py:588} INFO - Filling up the DagBag from /home/airflow/.local/lib/python3.12/site-packages/airflow/example_dags/example_dataset_alias.py
[2025-03-17T23:26:45.626+0000] {processor.py:925} INFO - DAG(s) 'dataset_alias_example_alias_producer', 'dataset_s3_bucket_producer', 'dataset_s3_bucket_consumer', 'dataset_alias_example_alias_consumer' retrieved from /home/airflow/.local/lib/python3.12/site-packages/airflow/example_dags/example_dataset_alias.py
[2025-03-17T23:26:45.637+0000] {logging_mixin.py:190} INFO - [2025-03-17T23:26:45.637+0000] {dag.py:3239} INFO - Sync 4 DAGs
[2025-03-17T23:26:45.650+0000] {logging_mixin.py:190} INFO - [2025-03-17T23:26:45.650+0000] {dag.py:4180} INFO - Setting next_dagrun for dataset_alias_example_alias_consumer to None, run_after=None
[2025-03-17T23:26:45.652+0000] {logging_mixin.py:190} INFO - [2025-03-17T23:26:45.652+0000] {dag.py:4180} INFO - Setting next_dagrun for dataset_alias_example_alias_producer to None, run_after=None
[2025-03-17T23:26:45.653+0000] {logging_mixin.py:190} INFO - [2025-03-17T23:26:45.653+0000] {dag.py:4180} INFO - Setting next_dagrun for dataset_s3_bucket_consumer to None, run_after=None
[2025-03-17T23:26:45.656+0000] {logging_mixin.py:190} INFO - [2025-03-17T23:26:45.656+0000] {dag.py:4180} INFO - Setting next_dagrun for dataset_s3_bucket_producer to None, run_after=None
[2025-03-17T23:26:45.667+0000] {processor.py:208} INFO - Processing /home/airflow/.local/lib/python3.12/site-packages/airflow/example_dags/example_dataset_alias.py took 0.313 seconds
[2025-03-17T23:27:16.358+0000] {processor.py:186} INFO - Started process (PID=3557) to work on /home/airflow/.local/lib/python3.12/site-packages/airflow/example_dags/example_dataset_alias.py
[2025-03-17T23:27:16.359+0000] {processor.py:914} INFO - Processing file /home/airflow/.local/lib/python3.12/site-packages/airflow/example_dags/example_dataset_alias.py for tasks to queue
[2025-03-17T23:27:16.360+0000] {logging_mixin.py:190} INFO - [2025-03-17T23:27:16.360+0000] {dagbag.py:588} INFO - Filling up the DagBag from /home/airflow/.local/lib/python3.12/site-packages/airflow/example_dags/example_dataset_alias.py
[2025-03-17T23:27:16.643+0000] {processor.py:925} INFO - DAG(s) 'dataset_s3_bucket_consumer', 'dataset_alias_example_alias_producer', 'dataset_s3_bucket_producer', 'dataset_alias_example_alias_consumer' retrieved from /home/airflow/.local/lib/python3.12/site-packages/airflow/example_dags/example_dataset_alias.py
[2025-03-17T23:27:16.656+0000] {logging_mixin.py:190} INFO - [2025-03-17T23:27:16.656+0000] {dag.py:3239} INFO - Sync 4 DAGs
[2025-03-17T23:27:16.666+0000] {logging_mixin.py:190} INFO - [2025-03-17T23:27:16.666+0000] {dag.py:4180} INFO - Setting next_dagrun for dataset_alias_example_alias_consumer to None, run_after=None
[2025-03-17T23:27:16.668+0000] {logging_mixin.py:190} INFO - [2025-03-17T23:27:16.668+0000] {dag.py:4180} INFO - Setting next_dagrun for dataset_alias_example_alias_producer to None, run_after=None
[2025-03-17T23:27:16.670+0000] {logging_mixin.py:190} INFO - [2025-03-17T23:27:16.670+0000] {dag.py:4180} INFO - Setting next_dagrun for dataset_s3_bucket_consumer to None, run_after=None
[2025-03-17T23:27:16.671+0000] {logging_mixin.py:190} INFO - [2025-03-17T23:27:16.671+0000] {dag.py:4180} INFO - Setting next_dagrun for dataset_s3_bucket_producer to None, run_after=None
[2025-03-17T23:27:16.687+0000] {processor.py:208} INFO - Processing /home/airflow/.local/lib/python3.12/site-packages/airflow/example_dags/example_dataset_alias.py took 0.332 seconds
[2025-03-17T23:27:47.485+0000] {processor.py:186} INFO - Started process (PID=3848) to work on /home/airflow/.local/lib/python3.12/site-packages/airflow/example_dags/example_dataset_alias.py
[2025-03-17T23:27:47.486+0000] {processor.py:914} INFO - Processing file /home/airflow/.local/lib/python3.12/site-packages/airflow/example_dags/example_dataset_alias.py for tasks to queue
[2025-03-17T23:27:47.488+0000] {logging_mixin.py:190} INFO - [2025-03-17T23:27:47.488+0000] {dagbag.py:588} INFO - Filling up the DagBag from /home/airflow/.local/lib/python3.12/site-packages/airflow/example_dags/example_dataset_alias.py
[2025-03-17T23:27:47.896+0000] {processor.py:925} INFO - DAG(s) 'dataset_alias_example_alias_consumer', 'dataset_s3_bucket_producer', 'dataset_s3_bucket_consumer', 'dataset_alias_example_alias_producer' retrieved from /home/airflow/.local/lib/python3.12/site-packages/airflow/example_dags/example_dataset_alias.py
[2025-03-17T23:27:47.914+0000] {logging_mixin.py:190} INFO - [2025-03-17T23:27:47.913+0000] {dag.py:3239} INFO - Sync 4 DAGs
[2025-03-17T23:27:47.932+0000] {logging_mixin.py:190} INFO - [2025-03-17T23:27:47.932+0000] {dag.py:4180} INFO - Setting next_dagrun for dataset_alias_example_alias_consumer to None, run_after=None
[2025-03-17T23:27:47.937+0000] {logging_mixin.py:190} INFO - [2025-03-17T23:27:47.937+0000] {dag.py:4180} INFO - Setting next_dagrun for dataset_alias_example_alias_producer to None, run_after=None
[2025-03-17T23:27:47.941+0000] {logging_mixin.py:190} INFO - [2025-03-17T23:27:47.941+0000] {dag.py:4180} INFO - Setting next_dagrun for dataset_s3_bucket_consumer to None, run_after=None
[2025-03-17T23:27:47.946+0000] {logging_mixin.py:190} INFO - [2025-03-17T23:27:47.945+0000] {dag.py:4180} INFO - Setting next_dagrun for dataset_s3_bucket_producer to None, run_after=None
[2025-03-17T23:27:47.968+0000] {processor.py:208} INFO - Processing /home/airflow/.local/lib/python3.12/site-packages/airflow/example_dags/example_dataset_alias.py took 0.492 seconds
[2025-03-17T23:28:18.135+0000] {processor.py:186} INFO - Started process (PID=4164) to work on /home/airflow/.local/lib/python3.12/site-packages/airflow/example_dags/example_dataset_alias.py
[2025-03-17T23:28:18.137+0000] {processor.py:914} INFO - Processing file /home/airflow/.local/lib/python3.12/site-packages/airflow/example_dags/example_dataset_alias.py for tasks to queue
[2025-03-17T23:28:18.138+0000] {logging_mixin.py:190} INFO - [2025-03-17T23:28:18.138+0000] {dagbag.py:588} INFO - Filling up the DagBag from /home/airflow/.local/lib/python3.12/site-packages/airflow/example_dags/example_dataset_alias.py
[2025-03-17T23:28:18.413+0000] {processor.py:925} INFO - DAG(s) 'dataset_alias_example_alias_producer', 'dataset_s3_bucket_consumer', 'dataset_alias_example_alias_consumer', 'dataset_s3_bucket_producer' retrieved from /home/airflow/.local/lib/python3.12/site-packages/airflow/example_dags/example_dataset_alias.py
[2025-03-17T23:28:18.423+0000] {logging_mixin.py:190} INFO - [2025-03-17T23:28:18.423+0000] {dag.py:3239} INFO - Sync 4 DAGs
[2025-03-17T23:28:18.434+0000] {logging_mixin.py:190} INFO - [2025-03-17T23:28:18.434+0000] {dag.py:4180} INFO - Setting next_dagrun for dataset_alias_example_alias_consumer to None, run_after=None
[2025-03-17T23:28:18.435+0000] {logging_mixin.py:190} INFO - [2025-03-17T23:28:18.435+0000] {dag.py:4180} INFO - Setting next_dagrun for dataset_alias_example_alias_producer to None, run_after=None
[2025-03-17T23:28:18.436+0000] {logging_mixin.py:190} INFO - [2025-03-17T23:28:18.436+0000] {dag.py:4180} INFO - Setting next_dagrun for dataset_s3_bucket_consumer to None, run_after=None
[2025-03-17T23:28:18.437+0000] {logging_mixin.py:190} INFO - [2025-03-17T23:28:18.437+0000] {dag.py:4180} INFO - Setting next_dagrun for dataset_s3_bucket_producer to None, run_after=None
[2025-03-17T23:28:18.445+0000] {processor.py:208} INFO - Processing /home/airflow/.local/lib/python3.12/site-packages/airflow/example_dags/example_dataset_alias.py took 0.313 seconds
[2025-03-17T23:28:48.778+0000] {processor.py:186} INFO - Started process (PID=4430) to work on /home/airflow/.local/lib/python3.12/site-packages/airflow/example_dags/example_dataset_alias.py
[2025-03-17T23:28:48.779+0000] {processor.py:914} INFO - Processing file /home/airflow/.local/lib/python3.12/site-packages/airflow/example_dags/example_dataset_alias.py for tasks to queue
[2025-03-17T23:28:48.780+0000] {logging_mixin.py:190} INFO - [2025-03-17T23:28:48.780+0000] {dagbag.py:588} INFO - Filling up the DagBag from /home/airflow/.local/lib/python3.12/site-packages/airflow/example_dags/example_dataset_alias.py
[2025-03-17T23:28:49.045+0000] {processor.py:925} INFO - DAG(s) 'dataset_alias_example_alias_consumer', 'dataset_s3_bucket_consumer', 'dataset_alias_example_alias_producer', 'dataset_s3_bucket_producer' retrieved from /home/airflow/.local/lib/python3.12/site-packages/airflow/example_dags/example_dataset_alias.py
[2025-03-17T23:28:49.054+0000] {logging_mixin.py:190} INFO - [2025-03-17T23:28:49.053+0000] {dag.py:3239} INFO - Sync 4 DAGs
[2025-03-17T23:28:49.065+0000] {logging_mixin.py:190} INFO - [2025-03-17T23:28:49.065+0000] {dag.py:4180} INFO - Setting next_dagrun for dataset_alias_example_alias_consumer to None, run_after=None
[2025-03-17T23:28:49.066+0000] {logging_mixin.py:190} INFO - [2025-03-17T23:28:49.066+0000] {dag.py:4180} INFO - Setting next_dagrun for dataset_alias_example_alias_producer to None, run_after=None
[2025-03-17T23:28:49.067+0000] {logging_mixin.py:190} INFO - [2025-03-17T23:28:49.067+0000] {dag.py:4180} INFO - Setting next_dagrun for dataset_s3_bucket_consumer to None, run_after=None
[2025-03-17T23:28:49.068+0000] {logging_mixin.py:190} INFO - [2025-03-17T23:28:49.068+0000] {dag.py:4180} INFO - Setting next_dagrun for dataset_s3_bucket_producer to None, run_after=None
[2025-03-17T23:28:49.083+0000] {processor.py:208} INFO - Processing /home/airflow/.local/lib/python3.12/site-packages/airflow/example_dags/example_dataset_alias.py took 0.308 seconds
[2025-03-17T23:29:19.407+0000] {processor.py:186} INFO - Started process (PID=4721) to work on /home/airflow/.local/lib/python3.12/site-packages/airflow/example_dags/example_dataset_alias.py
[2025-03-17T23:29:19.407+0000] {processor.py:914} INFO - Processing file /home/airflow/.local/lib/python3.12/site-packages/airflow/example_dags/example_dataset_alias.py for tasks to queue
[2025-03-17T23:29:19.409+0000] {logging_mixin.py:190} INFO - [2025-03-17T23:29:19.409+0000] {dagbag.py:588} INFO - Filling up the DagBag from /home/airflow/.local/lib/python3.12/site-packages/airflow/example_dags/example_dataset_alias.py
[2025-03-17T23:29:19.669+0000] {processor.py:925} INFO - DAG(s) 'dataset_s3_bucket_consumer', 'dataset_alias_example_alias_consumer', 'dataset_s3_bucket_producer', 'dataset_alias_example_alias_producer' retrieved from /home/airflow/.local/lib/python3.12/site-packages/airflow/example_dags/example_dataset_alias.py
[2025-03-17T23:29:19.677+0000] {logging_mixin.py:190} INFO - [2025-03-17T23:29:19.677+0000] {dag.py:3239} INFO - Sync 4 DAGs
[2025-03-17T23:29:19.686+0000] {logging_mixin.py:190} INFO - [2025-03-17T23:29:19.686+0000] {dag.py:4180} INFO - Setting next_dagrun for dataset_alias_example_alias_consumer to None, run_after=None
[2025-03-17T23:29:19.687+0000] {logging_mixin.py:190} INFO - [2025-03-17T23:29:19.687+0000] {dag.py:4180} INFO - Setting next_dagrun for dataset_alias_example_alias_producer to None, run_after=None
[2025-03-17T23:29:19.689+0000] {logging_mixin.py:190} INFO - [2025-03-17T23:29:19.689+0000] {dag.py:4180} INFO - Setting next_dagrun for dataset_s3_bucket_consumer to None, run_after=None
[2025-03-17T23:29:19.690+0000] {logging_mixin.py:190} INFO - [2025-03-17T23:29:19.690+0000] {dag.py:4180} INFO - Setting next_dagrun for dataset_s3_bucket_producer to None, run_after=None
[2025-03-17T23:29:19.699+0000] {processor.py:208} INFO - Processing /home/airflow/.local/lib/python3.12/site-packages/airflow/example_dags/example_dataset_alias.py took 0.295 seconds
[2025-03-17T23:29:50.063+0000] {processor.py:186} INFO - Started process (PID=5032) to work on /home/airflow/.local/lib/python3.12/site-packages/airflow/example_dags/example_dataset_alias.py
[2025-03-17T23:29:50.064+0000] {processor.py:914} INFO - Processing file /home/airflow/.local/lib/python3.12/site-packages/airflow/example_dags/example_dataset_alias.py for tasks to queue
[2025-03-17T23:29:50.066+0000] {logging_mixin.py:190} INFO - [2025-03-17T23:29:50.066+0000] {dagbag.py:588} INFO - Filling up the DagBag from /home/airflow/.local/lib/python3.12/site-packages/airflow/example_dags/example_dataset_alias.py
[2025-03-17T23:29:50.326+0000] {processor.py:925} INFO - DAG(s) 'dataset_s3_bucket_producer', 'dataset_s3_bucket_consumer', 'dataset_alias_example_alias_consumer', 'dataset_alias_example_alias_producer' retrieved from /home/airflow/.local/lib/python3.12/site-packages/airflow/example_dags/example_dataset_alias.py
[2025-03-17T23:29:50.336+0000] {logging_mixin.py:190} INFO - [2025-03-17T23:29:50.336+0000] {dag.py:3239} INFO - Sync 4 DAGs
[2025-03-17T23:29:50.345+0000] {logging_mixin.py:190} INFO - [2025-03-17T23:29:50.345+0000] {dag.py:4180} INFO - Setting next_dagrun for dataset_alias_example_alias_consumer to None, run_after=None
[2025-03-17T23:29:50.346+0000] {logging_mixin.py:190} INFO - [2025-03-17T23:29:50.346+0000] {dag.py:4180} INFO - Setting next_dagrun for dataset_alias_example_alias_producer to None, run_after=None
[2025-03-17T23:29:50.347+0000] {logging_mixin.py:190} INFO - [2025-03-17T23:29:50.347+0000] {dag.py:4180} INFO - Setting next_dagrun for dataset_s3_bucket_consumer to None, run_after=None
[2025-03-17T23:29:50.348+0000] {logging_mixin.py:190} INFO - [2025-03-17T23:29:50.348+0000] {dag.py:4180} INFO - Setting next_dagrun for dataset_s3_bucket_producer to None, run_after=None
[2025-03-17T23:29:50.356+0000] {processor.py:208} INFO - Processing /home/airflow/.local/lib/python3.12/site-packages/airflow/example_dags/example_dataset_alias.py took 0.296 seconds
[2025-03-17T23:30:20.771+0000] {processor.py:186} INFO - Started process (PID=5338) to work on /home/airflow/.local/lib/python3.12/site-packages/airflow/example_dags/example_dataset_alias.py
[2025-03-17T23:30:20.772+0000] {processor.py:914} INFO - Processing file /home/airflow/.local/lib/python3.12/site-packages/airflow/example_dags/example_dataset_alias.py for tasks to queue
[2025-03-17T23:30:20.773+0000] {logging_mixin.py:190} INFO - [2025-03-17T23:30:20.773+0000] {dagbag.py:588} INFO - Filling up the DagBag from /home/airflow/.local/lib/python3.12/site-packages/airflow/example_dags/example_dataset_alias.py
[2025-03-17T23:30:21.036+0000] {processor.py:925} INFO - DAG(s) 'dataset_alias_example_alias_producer', 'dataset_s3_bucket_producer', 'dataset_s3_bucket_consumer', 'dataset_alias_example_alias_consumer' retrieved from /home/airflow/.local/lib/python3.12/site-packages/airflow/example_dags/example_dataset_alias.py
[2025-03-17T23:30:21.047+0000] {logging_mixin.py:190} INFO - [2025-03-17T23:30:21.046+0000] {dag.py:3239} INFO - Sync 4 DAGs
[2025-03-17T23:30:21.057+0000] {logging_mixin.py:190} INFO - [2025-03-17T23:30:21.057+0000] {dag.py:4180} INFO - Setting next_dagrun for dataset_alias_example_alias_consumer to None, run_after=None
[2025-03-17T23:30:21.059+0000] {logging_mixin.py:190} INFO - [2025-03-17T23:30:21.059+0000] {dag.py:4180} INFO - Setting next_dagrun for dataset_alias_example_alias_producer to None, run_after=None
[2025-03-17T23:30:21.061+0000] {logging_mixin.py:190} INFO - [2025-03-17T23:30:21.061+0000] {dag.py:4180} INFO - Setting next_dagrun for dataset_s3_bucket_consumer to None, run_after=None
[2025-03-17T23:30:21.062+0000] {logging_mixin.py:190} INFO - [2025-03-17T23:30:21.062+0000] {dag.py:4180} INFO - Setting next_dagrun for dataset_s3_bucket_producer to None, run_after=None
[2025-03-17T23:30:21.071+0000] {processor.py:208} INFO - Processing /home/airflow/.local/lib/python3.12/site-packages/airflow/example_dags/example_dataset_alias.py took 0.303 seconds
[2025-03-17T23:30:51.383+0000] {processor.py:186} INFO - Started process (PID=5634) to work on /home/airflow/.local/lib/python3.12/site-packages/airflow/example_dags/example_dataset_alias.py
[2025-03-17T23:30:51.384+0000] {processor.py:914} INFO - Processing file /home/airflow/.local/lib/python3.12/site-packages/airflow/example_dags/example_dataset_alias.py for tasks to queue
[2025-03-17T23:30:51.385+0000] {logging_mixin.py:190} INFO - [2025-03-17T23:30:51.385+0000] {dagbag.py:588} INFO - Filling up the DagBag from /home/airflow/.local/lib/python3.12/site-packages/airflow/example_dags/example_dataset_alias.py
[2025-03-17T23:30:51.644+0000] {processor.py:925} INFO - DAG(s) 'dataset_s3_bucket_consumer', 'dataset_alias_example_alias_consumer', 'dataset_s3_bucket_producer', 'dataset_alias_example_alias_producer' retrieved from /home/airflow/.local/lib/python3.12/site-packages/airflow/example_dags/example_dataset_alias.py
[2025-03-17T23:30:51.655+0000] {logging_mixin.py:190} INFO - [2025-03-17T23:30:51.655+0000] {dag.py:3239} INFO - Sync 4 DAGs
[2025-03-17T23:30:51.664+0000] {logging_mixin.py:190} INFO - [2025-03-17T23:30:51.664+0000] {dag.py:4180} INFO - Setting next_dagrun for dataset_alias_example_alias_consumer to None, run_after=None
[2025-03-17T23:30:51.665+0000] {logging_mixin.py:190} INFO - [2025-03-17T23:30:51.665+0000] {dag.py:4180} INFO - Setting next_dagrun for dataset_alias_example_alias_producer to None, run_after=None
[2025-03-17T23:30:51.666+0000] {logging_mixin.py:190} INFO - [2025-03-17T23:30:51.666+0000] {dag.py:4180} INFO - Setting next_dagrun for dataset_s3_bucket_consumer to None, run_after=None
[2025-03-17T23:30:51.666+0000] {logging_mixin.py:190} INFO - [2025-03-17T23:30:51.666+0000] {dag.py:4180} INFO - Setting next_dagrun for dataset_s3_bucket_producer to None, run_after=None
[2025-03-17T23:30:51.674+0000] {processor.py:208} INFO - Processing /home/airflow/.local/lib/python3.12/site-packages/airflow/example_dags/example_dataset_alias.py took 0.294 seconds
[2025-03-17T23:31:21.911+0000] {processor.py:186} INFO - Started process (PID=5920) to work on /home/airflow/.local/lib/python3.12/site-packages/airflow/example_dags/example_dataset_alias.py
[2025-03-17T23:31:21.912+0000] {processor.py:914} INFO - Processing file /home/airflow/.local/lib/python3.12/site-packages/airflow/example_dags/example_dataset_alias.py for tasks to queue
[2025-03-17T23:31:21.914+0000] {logging_mixin.py:190} INFO - [2025-03-17T23:31:21.914+0000] {dagbag.py:588} INFO - Filling up the DagBag from /home/airflow/.local/lib/python3.12/site-packages/airflow/example_dags/example_dataset_alias.py
[2025-03-17T23:31:22.174+0000] {processor.py:925} INFO - DAG(s) 'dataset_s3_bucket_consumer', 'dataset_alias_example_alias_producer', 'dataset_alias_example_alias_consumer', 'dataset_s3_bucket_producer' retrieved from /home/airflow/.local/lib/python3.12/site-packages/airflow/example_dags/example_dataset_alias.py
[2025-03-17T23:31:22.183+0000] {logging_mixin.py:190} INFO - [2025-03-17T23:31:22.183+0000] {dag.py:3239} INFO - Sync 4 DAGs
[2025-03-17T23:31:22.194+0000] {logging_mixin.py:190} INFO - [2025-03-17T23:31:22.194+0000] {dag.py:4180} INFO - Setting next_dagrun for dataset_alias_example_alias_consumer to None, run_after=None
[2025-03-17T23:31:22.196+0000] {logging_mixin.py:190} INFO - [2025-03-17T23:31:22.196+0000] {dag.py:4180} INFO - Setting next_dagrun for dataset_alias_example_alias_producer to None, run_after=None
[2025-03-17T23:31:22.199+0000] {logging_mixin.py:190} INFO - [2025-03-17T23:31:22.199+0000] {dag.py:4180} INFO - Setting next_dagrun for dataset_s3_bucket_consumer to None, run_after=None
[2025-03-17T23:31:22.201+0000] {logging_mixin.py:190} INFO - [2025-03-17T23:31:22.201+0000] {dag.py:4180} INFO - Setting next_dagrun for dataset_s3_bucket_producer to None, run_after=None
[2025-03-17T23:31:22.213+0000] {processor.py:208} INFO - Processing /home/airflow/.local/lib/python3.12/site-packages/airflow/example_dags/example_dataset_alias.py took 0.305 seconds
[2025-03-17T23:31:52.433+0000] {processor.py:186} INFO - Started process (PID=6211) to work on /home/airflow/.local/lib/python3.12/site-packages/airflow/example_dags/example_dataset_alias.py
[2025-03-17T23:31:52.434+0000] {processor.py:914} INFO - Processing file /home/airflow/.local/lib/python3.12/site-packages/airflow/example_dags/example_dataset_alias.py for tasks to queue
[2025-03-17T23:31:52.435+0000] {logging_mixin.py:190} INFO - [2025-03-17T23:31:52.435+0000] {dagbag.py:588} INFO - Filling up the DagBag from /home/airflow/.local/lib/python3.12/site-packages/airflow/example_dags/example_dataset_alias.py
[2025-03-17T23:31:52.694+0000] {processor.py:925} INFO - DAG(s) 'dataset_s3_bucket_consumer', 'dataset_alias_example_alias_consumer', 'dataset_alias_example_alias_producer', 'dataset_s3_bucket_producer' retrieved from /home/airflow/.local/lib/python3.12/site-packages/airflow/example_dags/example_dataset_alias.py
[2025-03-17T23:31:52.703+0000] {logging_mixin.py:190} INFO - [2025-03-17T23:31:52.703+0000] {dag.py:3239} INFO - Sync 4 DAGs
[2025-03-17T23:31:52.713+0000] {logging_mixin.py:190} INFO - [2025-03-17T23:31:52.713+0000] {dag.py:4180} INFO - Setting next_dagrun for dataset_alias_example_alias_consumer to None, run_after=None
[2025-03-17T23:31:52.715+0000] {logging_mixin.py:190} INFO - [2025-03-17T23:31:52.715+0000] {dag.py:4180} INFO - Setting next_dagrun for dataset_alias_example_alias_producer to None, run_after=None
[2025-03-17T23:31:52.716+0000] {logging_mixin.py:190} INFO - [2025-03-17T23:31:52.716+0000] {dag.py:4180} INFO - Setting next_dagrun for dataset_s3_bucket_consumer to None, run_after=None
[2025-03-17T23:31:52.717+0000] {logging_mixin.py:190} INFO - [2025-03-17T23:31:52.717+0000] {dag.py:4180} INFO - Setting next_dagrun for dataset_s3_bucket_producer to None, run_after=None
[2025-03-17T23:31:52.726+0000] {processor.py:208} INFO - Processing /home/airflow/.local/lib/python3.12/site-packages/airflow/example_dags/example_dataset_alias.py took 0.296 seconds
[2025-03-17T23:32:22.996+0000] {processor.py:186} INFO - Started process (PID=6507) to work on /home/airflow/.local/lib/python3.12/site-packages/airflow/example_dags/example_dataset_alias.py
[2025-03-17T23:32:22.997+0000] {processor.py:914} INFO - Processing file /home/airflow/.local/lib/python3.12/site-packages/airflow/example_dags/example_dataset_alias.py for tasks to queue
[2025-03-17T23:32:22.998+0000] {logging_mixin.py:190} INFO - [2025-03-17T23:32:22.998+0000] {dagbag.py:588} INFO - Filling up the DagBag from /home/airflow/.local/lib/python3.12/site-packages/airflow/example_dags/example_dataset_alias.py
[2025-03-17T23:32:23.345+0000] {processor.py:925} INFO - DAG(s) 'dataset_alias_example_alias_producer', 'dataset_s3_bucket_producer', 'dataset_s3_bucket_consumer', 'dataset_alias_example_alias_consumer' retrieved from /home/airflow/.local/lib/python3.12/site-packages/airflow/example_dags/example_dataset_alias.py
[2025-03-17T23:32:23.355+0000] {logging_mixin.py:190} INFO - [2025-03-17T23:32:23.355+0000] {dag.py:3239} INFO - Sync 4 DAGs
[2025-03-17T23:32:23.365+0000] {logging_mixin.py:190} INFO - [2025-03-17T23:32:23.365+0000] {dag.py:4180} INFO - Setting next_dagrun for dataset_alias_example_alias_consumer to None, run_after=None
[2025-03-17T23:32:23.367+0000] {logging_mixin.py:190} INFO - [2025-03-17T23:32:23.367+0000] {dag.py:4180} INFO - Setting next_dagrun for dataset_alias_example_alias_producer to None, run_after=None
[2025-03-17T23:32:23.370+0000] {logging_mixin.py:190} INFO - [2025-03-17T23:32:23.370+0000] {dag.py:4180} INFO - Setting next_dagrun for dataset_s3_bucket_consumer to None, run_after=None
[2025-03-17T23:32:23.371+0000] {logging_mixin.py:190} INFO - [2025-03-17T23:32:23.371+0000] {dag.py:4180} INFO - Setting next_dagrun for dataset_s3_bucket_producer to None, run_after=None
[2025-03-17T23:32:23.380+0000] {processor.py:208} INFO - Processing /home/airflow/.local/lib/python3.12/site-packages/airflow/example_dags/example_dataset_alias.py took 0.387 seconds
[2025-03-17T23:32:53.779+0000] {processor.py:186} INFO - Started process (PID=6818) to work on /home/airflow/.local/lib/python3.12/site-packages/airflow/example_dags/example_dataset_alias.py
[2025-03-17T23:32:53.779+0000] {processor.py:914} INFO - Processing file /home/airflow/.local/lib/python3.12/site-packages/airflow/example_dags/example_dataset_alias.py for tasks to queue
[2025-03-17T23:32:53.780+0000] {logging_mixin.py:190} INFO - [2025-03-17T23:32:53.780+0000] {dagbag.py:588} INFO - Filling up the DagBag from /home/airflow/.local/lib/python3.12/site-packages/airflow/example_dags/example_dataset_alias.py
[2025-03-17T23:32:54.017+0000] {processor.py:925} INFO - DAG(s) 'dataset_s3_bucket_consumer', 'dataset_s3_bucket_producer', 'dataset_alias_example_alias_producer', 'dataset_alias_example_alias_consumer' retrieved from /home/airflow/.local/lib/python3.12/site-packages/airflow/example_dags/example_dataset_alias.py
[2025-03-17T23:32:54.025+0000] {logging_mixin.py:190} INFO - [2025-03-17T23:32:54.025+0000] {dag.py:3239} INFO - Sync 4 DAGs
[2025-03-17T23:32:54.038+0000] {logging_mixin.py:190} INFO - [2025-03-17T23:32:54.038+0000] {dag.py:4180} INFO - Setting next_dagrun for dataset_alias_example_alias_consumer to None, run_after=None
[2025-03-17T23:32:54.039+0000] {logging_mixin.py:190} INFO - [2025-03-17T23:32:54.039+0000] {dag.py:4180} INFO - Setting next_dagrun for dataset_alias_example_alias_producer to None, run_after=None
[2025-03-17T23:32:54.040+0000] {logging_mixin.py:190} INFO - [2025-03-17T23:32:54.040+0000] {dag.py:4180} INFO - Setting next_dagrun for dataset_s3_bucket_consumer to None, run_after=None
[2025-03-17T23:32:54.040+0000] {logging_mixin.py:190} INFO - [2025-03-17T23:32:54.040+0000] {dag.py:4180} INFO - Setting next_dagrun for dataset_s3_bucket_producer to None, run_after=None
[2025-03-17T23:32:54.049+0000] {processor.py:208} INFO - Processing /home/airflow/.local/lib/python3.12/site-packages/airflow/example_dags/example_dataset_alias.py took 0.273 seconds
[2025-03-17T23:33:24.466+0000] {processor.py:186} INFO - Started process (PID=7101) to work on /home/airflow/.local/lib/python3.12/site-packages/airflow/example_dags/example_dataset_alias.py
[2025-03-17T23:33:24.466+0000] {processor.py:914} INFO - Processing file /home/airflow/.local/lib/python3.12/site-packages/airflow/example_dags/example_dataset_alias.py for tasks to queue
[2025-03-17T23:33:24.468+0000] {logging_mixin.py:190} INFO - [2025-03-17T23:33:24.468+0000] {dagbag.py:588} INFO - Filling up the DagBag from /home/airflow/.local/lib/python3.12/site-packages/airflow/example_dags/example_dataset_alias.py
[2025-03-17T23:33:24.748+0000] {processor.py:925} INFO - DAG(s) 'dataset_alias_example_alias_producer', 'dataset_s3_bucket_producer', 'dataset_s3_bucket_consumer', 'dataset_alias_example_alias_consumer' retrieved from /home/airflow/.local/lib/python3.12/site-packages/airflow/example_dags/example_dataset_alias.py
[2025-03-17T23:33:24.755+0000] {logging_mixin.py:190} INFO - [2025-03-17T23:33:24.755+0000] {dag.py:3239} INFO - Sync 4 DAGs
[2025-03-17T23:33:24.764+0000] {logging_mixin.py:190} INFO - [2025-03-17T23:33:24.764+0000] {dag.py:4180} INFO - Setting next_dagrun for dataset_alias_example_alias_consumer to None, run_after=None
[2025-03-17T23:33:24.765+0000] {logging_mixin.py:190} INFO - [2025-03-17T23:33:24.765+0000] {dag.py:4180} INFO - Setting next_dagrun for dataset_alias_example_alias_producer to None, run_after=None
[2025-03-17T23:33:24.766+0000] {logging_mixin.py:190} INFO - [2025-03-17T23:33:24.766+0000] {dag.py:4180} INFO - Setting next_dagrun for dataset_s3_bucket_consumer to None, run_after=None
[2025-03-17T23:33:24.766+0000] {logging_mixin.py:190} INFO - [2025-03-17T23:33:24.766+0000] {dag.py:4180} INFO - Setting next_dagrun for dataset_s3_bucket_producer to None, run_after=None
[2025-03-17T23:33:24.774+0000] {processor.py:208} INFO - Processing /home/airflow/.local/lib/python3.12/site-packages/airflow/example_dags/example_dataset_alias.py took 0.311 seconds
[2025-03-17T23:33:55.125+0000] {processor.py:186} INFO - Started process (PID=7340) to work on /home/airflow/.local/lib/python3.12/site-packages/airflow/example_dags/example_dataset_alias.py
[2025-03-17T23:33:55.126+0000] {processor.py:914} INFO - Processing file /home/airflow/.local/lib/python3.12/site-packages/airflow/example_dags/example_dataset_alias.py for tasks to queue
[2025-03-17T23:33:55.127+0000] {logging_mixin.py:190} INFO - [2025-03-17T23:33:55.126+0000] {dagbag.py:588} INFO - Filling up the DagBag from /home/airflow/.local/lib/python3.12/site-packages/airflow/example_dags/example_dataset_alias.py
[2025-03-17T23:33:55.425+0000] {processor.py:925} INFO - DAG(s) 'dataset_s3_bucket_consumer', 'dataset_alias_example_alias_consumer', 'dataset_alias_example_alias_producer', 'dataset_s3_bucket_producer' retrieved from /home/airflow/.local/lib/python3.12/site-packages/airflow/example_dags/example_dataset_alias.py
[2025-03-17T23:33:55.434+0000] {logging_mixin.py:190} INFO - [2025-03-17T23:33:55.433+0000] {dag.py:3239} INFO - Sync 4 DAGs
[2025-03-17T23:33:55.448+0000] {logging_mixin.py:190} INFO - [2025-03-17T23:33:55.448+0000] {dag.py:4180} INFO - Setting next_dagrun for dataset_alias_example_alias_consumer to None, run_after=None
[2025-03-17T23:33:55.450+0000] {logging_mixin.py:190} INFO - [2025-03-17T23:33:55.450+0000] {dag.py:4180} INFO - Setting next_dagrun for dataset_alias_example_alias_producer to None, run_after=None
[2025-03-17T23:33:55.450+0000] {logging_mixin.py:190} INFO - [2025-03-17T23:33:55.450+0000] {dag.py:4180} INFO - Setting next_dagrun for dataset_s3_bucket_consumer to None, run_after=None
[2025-03-17T23:33:55.451+0000] {logging_mixin.py:190} INFO - [2025-03-17T23:33:55.451+0000] {dag.py:4180} INFO - Setting next_dagrun for dataset_s3_bucket_producer to None, run_after=None
[2025-03-17T23:33:55.463+0000] {processor.py:208} INFO - Processing /home/airflow/.local/lib/python3.12/site-packages/airflow/example_dags/example_dataset_alias.py took 0.341 seconds
[2025-03-17T23:34:26.053+0000] {processor.py:186} INFO - Started process (PID=7631) to work on /home/airflow/.local/lib/python3.12/site-packages/airflow/example_dags/example_dataset_alias.py
[2025-03-17T23:34:26.053+0000] {processor.py:914} INFO - Processing file /home/airflow/.local/lib/python3.12/site-packages/airflow/example_dags/example_dataset_alias.py for tasks to queue
[2025-03-17T23:34:26.055+0000] {logging_mixin.py:190} INFO - [2025-03-17T23:34:26.055+0000] {dagbag.py:588} INFO - Filling up the DagBag from /home/airflow/.local/lib/python3.12/site-packages/airflow/example_dags/example_dataset_alias.py
[2025-03-17T23:34:26.325+0000] {processor.py:925} INFO - DAG(s) 'dataset_alias_example_alias_consumer', 'dataset_alias_example_alias_producer', 'dataset_s3_bucket_consumer', 'dataset_s3_bucket_producer' retrieved from /home/airflow/.local/lib/python3.12/site-packages/airflow/example_dags/example_dataset_alias.py
[2025-03-17T23:34:26.335+0000] {logging_mixin.py:190} INFO - [2025-03-17T23:34:26.335+0000] {dag.py:3239} INFO - Sync 4 DAGs
[2025-03-17T23:34:26.344+0000] {logging_mixin.py:190} INFO - [2025-03-17T23:34:26.344+0000] {dag.py:4180} INFO - Setting next_dagrun for dataset_alias_example_alias_consumer to None, run_after=None
[2025-03-17T23:34:26.346+0000] {logging_mixin.py:190} INFO - [2025-03-17T23:34:26.345+0000] {dag.py:4180} INFO - Setting next_dagrun for dataset_alias_example_alias_producer to None, run_after=None
[2025-03-17T23:34:26.346+0000] {logging_mixin.py:190} INFO - [2025-03-17T23:34:26.346+0000] {dag.py:4180} INFO - Setting next_dagrun for dataset_s3_bucket_consumer to None, run_after=None
[2025-03-17T23:34:26.347+0000] {logging_mixin.py:190} INFO - [2025-03-17T23:34:26.347+0000] {dag.py:4180} INFO - Setting next_dagrun for dataset_s3_bucket_producer to None, run_after=None
[2025-03-17T23:34:26.358+0000] {processor.py:208} INFO - Processing /home/airflow/.local/lib/python3.12/site-packages/airflow/example_dags/example_dataset_alias.py took 0.310 seconds
[2025-03-17T23:34:57.364+0000] {processor.py:186} INFO - Started process (PID=7971) to work on /home/airflow/.local/lib/python3.12/site-packages/airflow/example_dags/example_dataset_alias.py
[2025-03-17T23:34:57.365+0000] {processor.py:914} INFO - Processing file /home/airflow/.local/lib/python3.12/site-packages/airflow/example_dags/example_dataset_alias.py for tasks to queue
[2025-03-17T23:34:57.367+0000] {logging_mixin.py:190} INFO - [2025-03-17T23:34:57.367+0000] {dagbag.py:588} INFO - Filling up the DagBag from /home/airflow/.local/lib/python3.12/site-packages/airflow/example_dags/example_dataset_alias.py
[2025-03-17T23:34:57.675+0000] {processor.py:925} INFO - DAG(s) 'dataset_alias_example_alias_producer', 'dataset_s3_bucket_producer', 'dataset_alias_example_alias_consumer', 'dataset_s3_bucket_consumer' retrieved from /home/airflow/.local/lib/python3.12/site-packages/airflow/example_dags/example_dataset_alias.py
[2025-03-17T23:34:57.685+0000] {logging_mixin.py:190} INFO - [2025-03-17T23:34:57.684+0000] {dag.py:3239} INFO - Sync 4 DAGs
[2025-03-17T23:34:57.695+0000] {logging_mixin.py:190} INFO - [2025-03-17T23:34:57.695+0000] {dag.py:4180} INFO - Setting next_dagrun for dataset_alias_example_alias_consumer to None, run_after=None
[2025-03-17T23:34:57.696+0000] {logging_mixin.py:190} INFO - [2025-03-17T23:34:57.696+0000] {dag.py:4180} INFO - Setting next_dagrun for dataset_alias_example_alias_producer to None, run_after=None
[2025-03-17T23:34:57.697+0000] {logging_mixin.py:190} INFO - [2025-03-17T23:34:57.697+0000] {dag.py:4180} INFO - Setting next_dagrun for dataset_s3_bucket_consumer to None, run_after=None
[2025-03-17T23:34:57.697+0000] {logging_mixin.py:190} INFO - [2025-03-17T23:34:57.697+0000] {dag.py:4180} INFO - Setting next_dagrun for dataset_s3_bucket_producer to None, run_after=None
[2025-03-17T23:34:57.706+0000] {processor.py:208} INFO - Processing /home/airflow/.local/lib/python3.12/site-packages/airflow/example_dags/example_dataset_alias.py took 0.346 seconds
[2025-03-17T23:35:28.130+0000] {processor.py:186} INFO - Started process (PID=8252) to work on /home/airflow/.local/lib/python3.12/site-packages/airflow/example_dags/example_dataset_alias.py
[2025-03-17T23:35:28.131+0000] {processor.py:914} INFO - Processing file /home/airflow/.local/lib/python3.12/site-packages/airflow/example_dags/example_dataset_alias.py for tasks to queue
[2025-03-17T23:35:28.132+0000] {logging_mixin.py:190} INFO - [2025-03-17T23:35:28.131+0000] {dagbag.py:588} INFO - Filling up the DagBag from /home/airflow/.local/lib/python3.12/site-packages/airflow/example_dags/example_dataset_alias.py
[2025-03-17T23:35:28.421+0000] {processor.py:925} INFO - DAG(s) 'dataset_s3_bucket_consumer', 'dataset_s3_bucket_producer', 'dataset_alias_example_alias_producer', 'dataset_alias_example_alias_consumer' retrieved from /home/airflow/.local/lib/python3.12/site-packages/airflow/example_dags/example_dataset_alias.py
[2025-03-17T23:35:28.430+0000] {logging_mixin.py:190} INFO - [2025-03-17T23:35:28.430+0000] {dag.py:3239} INFO - Sync 4 DAGs
[2025-03-17T23:35:28.442+0000] {logging_mixin.py:190} INFO - [2025-03-17T23:35:28.442+0000] {dag.py:4180} INFO - Setting next_dagrun for dataset_alias_example_alias_consumer to None, run_after=None
[2025-03-17T23:35:28.444+0000] {logging_mixin.py:190} INFO - [2025-03-17T23:35:28.444+0000] {dag.py:4180} INFO - Setting next_dagrun for dataset_alias_example_alias_producer to None, run_after=None
[2025-03-17T23:35:28.445+0000] {logging_mixin.py:190} INFO - [2025-03-17T23:35:28.445+0000] {dag.py:4180} INFO - Setting next_dagrun for dataset_s3_bucket_consumer to None, run_after=None
[2025-03-17T23:35:28.445+0000] {logging_mixin.py:190} INFO - [2025-03-17T23:35:28.445+0000] {dag.py:4180} INFO - Setting next_dagrun for dataset_s3_bucket_producer to None, run_after=None
[2025-03-17T23:35:28.454+0000] {processor.py:208} INFO - Processing /home/airflow/.local/lib/python3.12/site-packages/airflow/example_dags/example_dataset_alias.py took 0.327 seconds
[2025-03-17T23:35:59.263+0000] {processor.py:186} INFO - Started process (PID=8543) to work on /home/airflow/.local/lib/python3.12/site-packages/airflow/example_dags/example_dataset_alias.py
[2025-03-17T23:35:59.264+0000] {processor.py:914} INFO - Processing file /home/airflow/.local/lib/python3.12/site-packages/airflow/example_dags/example_dataset_alias.py for tasks to queue
[2025-03-17T23:35:59.265+0000] {logging_mixin.py:190} INFO - [2025-03-17T23:35:59.265+0000] {dagbag.py:588} INFO - Filling up the DagBag from /home/airflow/.local/lib/python3.12/site-packages/airflow/example_dags/example_dataset_alias.py
[2025-03-17T23:35:59.685+0000] {processor.py:925} INFO - DAG(s) 'dataset_s3_bucket_producer', 'dataset_alias_example_alias_consumer', 'dataset_alias_example_alias_producer', 'dataset_s3_bucket_consumer' retrieved from /home/airflow/.local/lib/python3.12/site-packages/airflow/example_dags/example_dataset_alias.py
[2025-03-17T23:35:59.695+0000] {logging_mixin.py:190} INFO - [2025-03-17T23:35:59.695+0000] {dag.py:3239} INFO - Sync 4 DAGs
[2025-03-17T23:35:59.706+0000] {logging_mixin.py:190} INFO - [2025-03-17T23:35:59.706+0000] {dag.py:4180} INFO - Setting next_dagrun for dataset_alias_example_alias_consumer to None, run_after=None
[2025-03-17T23:35:59.708+0000] {logging_mixin.py:190} INFO - [2025-03-17T23:35:59.708+0000] {dag.py:4180} INFO - Setting next_dagrun for dataset_alias_example_alias_producer to None, run_after=None
[2025-03-17T23:35:59.710+0000] {logging_mixin.py:190} INFO - [2025-03-17T23:35:59.710+0000] {dag.py:4180} INFO - Setting next_dagrun for dataset_s3_bucket_consumer to None, run_after=None
[2025-03-17T23:35:59.712+0000] {logging_mixin.py:190} INFO - [2025-03-17T23:35:59.712+0000] {dag.py:4180} INFO - Setting next_dagrun for dataset_s3_bucket_producer to None, run_after=None
[2025-03-17T23:35:59.723+0000] {processor.py:208} INFO - Processing /home/airflow/.local/lib/python3.12/site-packages/airflow/example_dags/example_dataset_alias.py took 0.463 seconds
[2025-03-17T23:36:30.698+0000] {processor.py:186} INFO - Started process (PID=8844) to work on /home/airflow/.local/lib/python3.12/site-packages/airflow/example_dags/example_dataset_alias.py
[2025-03-17T23:36:30.699+0000] {processor.py:914} INFO - Processing file /home/airflow/.local/lib/python3.12/site-packages/airflow/example_dags/example_dataset_alias.py for tasks to queue
[2025-03-17T23:36:30.700+0000] {logging_mixin.py:190} INFO - [2025-03-17T23:36:30.700+0000] {dagbag.py:588} INFO - Filling up the DagBag from /home/airflow/.local/lib/python3.12/site-packages/airflow/example_dags/example_dataset_alias.py
[2025-03-17T23:36:31.046+0000] {processor.py:925} INFO - DAG(s) 'dataset_alias_example_alias_consumer', 'dataset_s3_bucket_producer', 'dataset_alias_example_alias_producer', 'dataset_s3_bucket_consumer' retrieved from /home/airflow/.local/lib/python3.12/site-packages/airflow/example_dags/example_dataset_alias.py
[2025-03-17T23:36:31.059+0000] {logging_mixin.py:190} INFO - [2025-03-17T23:36:31.058+0000] {dag.py:3239} INFO - Sync 4 DAGs
[2025-03-17T23:36:31.072+0000] {logging_mixin.py:190} INFO - [2025-03-17T23:36:31.072+0000] {dag.py:4180} INFO - Setting next_dagrun for dataset_alias_example_alias_consumer to None, run_after=None
[2025-03-17T23:36:31.074+0000] {logging_mixin.py:190} INFO - [2025-03-17T23:36:31.074+0000] {dag.py:4180} INFO - Setting next_dagrun for dataset_alias_example_alias_producer to None, run_after=None
[2025-03-17T23:36:31.076+0000] {logging_mixin.py:190} INFO - [2025-03-17T23:36:31.075+0000] {dag.py:4180} INFO - Setting next_dagrun for dataset_s3_bucket_consumer to None, run_after=None
[2025-03-17T23:36:31.076+0000] {logging_mixin.py:190} INFO - [2025-03-17T23:36:31.076+0000] {dag.py:4180} INFO - Setting next_dagrun for dataset_s3_bucket_producer to None, run_after=None
[2025-03-17T23:36:31.093+0000] {processor.py:208} INFO - Processing /home/airflow/.local/lib/python3.12/site-packages/airflow/example_dags/example_dataset_alias.py took 0.401 seconds
[2025-03-17T23:37:02.106+0000] {processor.py:186} INFO - Started process (PID=9135) to work on /home/airflow/.local/lib/python3.12/site-packages/airflow/example_dags/example_dataset_alias.py
[2025-03-17T23:37:02.108+0000] {processor.py:914} INFO - Processing file /home/airflow/.local/lib/python3.12/site-packages/airflow/example_dags/example_dataset_alias.py for tasks to queue
[2025-03-17T23:37:02.109+0000] {logging_mixin.py:190} INFO - [2025-03-17T23:37:02.109+0000] {dagbag.py:588} INFO - Filling up the DagBag from /home/airflow/.local/lib/python3.12/site-packages/airflow/example_dags/example_dataset_alias.py
[2025-03-17T23:37:02.403+0000] {processor.py:925} INFO - DAG(s) 'dataset_alias_example_alias_producer', 'dataset_s3_bucket_consumer', 'dataset_s3_bucket_producer', 'dataset_alias_example_alias_consumer' retrieved from /home/airflow/.local/lib/python3.12/site-packages/airflow/example_dags/example_dataset_alias.py
[2025-03-17T23:37:02.418+0000] {logging_mixin.py:190} INFO - [2025-03-17T23:37:02.418+0000] {dag.py:3239} INFO - Sync 4 DAGs
[2025-03-17T23:37:02.432+0000] {logging_mixin.py:190} INFO - [2025-03-17T23:37:02.431+0000] {dag.py:4180} INFO - Setting next_dagrun for dataset_alias_example_alias_consumer to None, run_after=None
[2025-03-17T23:37:02.433+0000] {logging_mixin.py:190} INFO - [2025-03-17T23:37:02.433+0000] {dag.py:4180} INFO - Setting next_dagrun for dataset_alias_example_alias_producer to None, run_after=None
[2025-03-17T23:37:02.434+0000] {logging_mixin.py:190} INFO - [2025-03-17T23:37:02.434+0000] {dag.py:4180} INFO - Setting next_dagrun for dataset_s3_bucket_consumer to None, run_after=None
[2025-03-17T23:37:02.435+0000] {logging_mixin.py:190} INFO - [2025-03-17T23:37:02.435+0000] {dag.py:4180} INFO - Setting next_dagrun for dataset_s3_bucket_producer to None, run_after=None
[2025-03-17T23:37:02.446+0000] {processor.py:208} INFO - Processing /home/airflow/.local/lib/python3.12/site-packages/airflow/example_dags/example_dataset_alias.py took 0.343 seconds
[2025-03-17T23:37:33.807+0000] {processor.py:186} INFO - Started process (PID=9454) to work on /home/airflow/.local/lib/python3.12/site-packages/airflow/example_dags/example_dataset_alias.py
[2025-03-17T23:37:33.808+0000] {processor.py:914} INFO - Processing file /home/airflow/.local/lib/python3.12/site-packages/airflow/example_dags/example_dataset_alias.py for tasks to queue
[2025-03-17T23:37:33.809+0000] {logging_mixin.py:190} INFO - [2025-03-17T23:37:33.809+0000] {dagbag.py:588} INFO - Filling up the DagBag from /home/airflow/.local/lib/python3.12/site-packages/airflow/example_dags/example_dataset_alias.py
[2025-03-17T23:37:34.085+0000] {processor.py:925} INFO - DAG(s) 'dataset_s3_bucket_consumer', 'dataset_s3_bucket_producer', 'dataset_alias_example_alias_consumer', 'dataset_alias_example_alias_producer' retrieved from /home/airflow/.local/lib/python3.12/site-packages/airflow/example_dags/example_dataset_alias.py
[2025-03-17T23:37:34.097+0000] {logging_mixin.py:190} INFO - [2025-03-17T23:37:34.097+0000] {dag.py:3239} INFO - Sync 4 DAGs
[2025-03-17T23:37:34.107+0000] {logging_mixin.py:190} INFO - [2025-03-17T23:37:34.107+0000] {dag.py:4180} INFO - Setting next_dagrun for dataset_alias_example_alias_consumer to None, run_after=None
[2025-03-17T23:37:34.108+0000] {logging_mixin.py:190} INFO - [2025-03-17T23:37:34.108+0000] {dag.py:4180} INFO - Setting next_dagrun for dataset_alias_example_alias_producer to None, run_after=None
[2025-03-17T23:37:34.109+0000] {logging_mixin.py:190} INFO - [2025-03-17T23:37:34.109+0000] {dag.py:4180} INFO - Setting next_dagrun for dataset_s3_bucket_consumer to None, run_after=None
[2025-03-17T23:37:34.110+0000] {logging_mixin.py:190} INFO - [2025-03-17T23:37:34.109+0000] {dag.py:4180} INFO - Setting next_dagrun for dataset_s3_bucket_producer to None, run_after=None
[2025-03-17T23:37:34.119+0000] {processor.py:208} INFO - Processing /home/airflow/.local/lib/python3.12/site-packages/airflow/example_dags/example_dataset_alias.py took 0.314 seconds
