[2025-03-17T23:21:36.366+0000] {processor.py:186} INFO - Started process (PID=382) to work on /home/airflow/.local/lib/python3.12/site-packages/airflow/example_dags/example_local_kubernetes_executor.py
[2025-03-17T23:21:36.367+0000] {processor.py:914} INFO - Processing file /home/airflow/.local/lib/python3.12/site-packages/airflow/example_dags/example_local_kubernetes_executor.py for tasks to queue
[2025-03-17T23:21:36.369+0000] {logging_mixin.py:190} INFO - [2025-03-17T23:21:36.368+0000] {dagbag.py:588} INFO - Filling up the DagBag from /home/airflow/.local/lib/python3.12/site-packages/airflow/example_dags/example_local_kubernetes_executor.py
[2025-03-17T23:21:36.374+0000] {processor.py:925} INFO - DAG(s) 'example_local_kubernetes_executor' retrieved from /home/airflow/.local/lib/python3.12/site-packages/airflow/example_dags/example_local_kubernetes_executor.py
[2025-03-17T23:21:36.473+0000] {logging_mixin.py:190} INFO - [2025-03-17T23:21:36.473+0000] {override.py:1912} INFO - Created Permission View: can edit on DAG:example_local_kubernetes_executor
[2025-03-17T23:21:36.480+0000] {logging_mixin.py:190} INFO - [2025-03-17T23:21:36.480+0000] {override.py:1912} INFO - Created Permission View: can read on DAG:example_local_kubernetes_executor
[2025-03-17T23:21:36.486+0000] {logging_mixin.py:190} INFO - [2025-03-17T23:21:36.485+0000] {override.py:1912} INFO - Created Permission View: can delete on DAG:example_local_kubernetes_executor
[2025-03-17T23:21:36.491+0000] {logging_mixin.py:190} INFO - [2025-03-17T23:21:36.491+0000] {override.py:1912} INFO - Created Permission View: can create on DAG Run:example_local_kubernetes_executor
[2025-03-17T23:21:36.498+0000] {logging_mixin.py:190} INFO - [2025-03-17T23:21:36.498+0000] {override.py:1912} INFO - Created Permission View: menu access on DAG Run:example_local_kubernetes_executor
[2025-03-17T23:21:36.502+0000] {logging_mixin.py:190} INFO - [2025-03-17T23:21:36.502+0000] {override.py:1912} INFO - Created Permission View: can read on DAG Run:example_local_kubernetes_executor
[2025-03-17T23:21:36.506+0000] {logging_mixin.py:190} INFO - [2025-03-17T23:21:36.505+0000] {override.py:1912} INFO - Created Permission View: can delete on DAG Run:example_local_kubernetes_executor
[2025-03-17T23:21:36.506+0000] {logging_mixin.py:190} INFO - [2025-03-17T23:21:36.506+0000] {dag.py:3239} INFO - Sync 1 DAGs
[2025-03-17T23:21:36.515+0000] {logging_mixin.py:190} INFO - [2025-03-17T23:21:36.515+0000] {dag.py:3262} INFO - Creating ORM DAG for example_local_kubernetes_executor
[2025-03-17T23:21:36.515+0000] {logging_mixin.py:190} INFO - [2025-03-17T23:21:36.515+0000] {dag.py:4180} INFO - Setting next_dagrun for example_local_kubernetes_executor to None, run_after=None
[2025-03-17T23:21:36.530+0000] {processor.py:208} INFO - Processing /home/airflow/.local/lib/python3.12/site-packages/airflow/example_dags/example_local_kubernetes_executor.py took 0.166 seconds
[2025-03-17T23:22:06.698+0000] {processor.py:186} INFO - Started process (PID=673) to work on /home/airflow/.local/lib/python3.12/site-packages/airflow/example_dags/example_local_kubernetes_executor.py
[2025-03-17T23:22:06.698+0000] {processor.py:914} INFO - Processing file /home/airflow/.local/lib/python3.12/site-packages/airflow/example_dags/example_local_kubernetes_executor.py for tasks to queue
[2025-03-17T23:22:06.700+0000] {logging_mixin.py:190} INFO - [2025-03-17T23:22:06.700+0000] {dagbag.py:588} INFO - Filling up the DagBag from /home/airflow/.local/lib/python3.12/site-packages/airflow/example_dags/example_local_kubernetes_executor.py
[2025-03-17T23:22:06.709+0000] {processor.py:925} INFO - DAG(s) 'example_local_kubernetes_executor' retrieved from /home/airflow/.local/lib/python3.12/site-packages/airflow/example_dags/example_local_kubernetes_executor.py
[2025-03-17T23:22:06.728+0000] {logging_mixin.py:190} INFO - [2025-03-17T23:22:06.728+0000] {dag.py:3239} INFO - Sync 1 DAGs
[2025-03-17T23:22:06.738+0000] {logging_mixin.py:190} INFO - [2025-03-17T23:22:06.738+0000] {dag.py:4180} INFO - Setting next_dagrun for example_local_kubernetes_executor to None, run_after=None
[2025-03-17T23:22:06.748+0000] {processor.py:208} INFO - Processing /home/airflow/.local/lib/python3.12/site-packages/airflow/example_dags/example_local_kubernetes_executor.py took 0.055 seconds
[2025-03-17T23:22:36.783+0000] {processor.py:186} INFO - Started process (PID=961) to work on /home/airflow/.local/lib/python3.12/site-packages/airflow/example_dags/example_local_kubernetes_executor.py
[2025-03-17T23:22:36.783+0000] {processor.py:914} INFO - Processing file /home/airflow/.local/lib/python3.12/site-packages/airflow/example_dags/example_local_kubernetes_executor.py for tasks to queue
[2025-03-17T23:22:36.784+0000] {logging_mixin.py:190} INFO - [2025-03-17T23:22:36.784+0000] {dagbag.py:588} INFO - Filling up the DagBag from /home/airflow/.local/lib/python3.12/site-packages/airflow/example_dags/example_local_kubernetes_executor.py
[2025-03-17T23:22:36.790+0000] {processor.py:925} INFO - DAG(s) 'example_local_kubernetes_executor' retrieved from /home/airflow/.local/lib/python3.12/site-packages/airflow/example_dags/example_local_kubernetes_executor.py
[2025-03-17T23:22:36.802+0000] {logging_mixin.py:190} INFO - [2025-03-17T23:22:36.802+0000] {dag.py:3239} INFO - Sync 1 DAGs
[2025-03-17T23:22:36.810+0000] {logging_mixin.py:190} INFO - [2025-03-17T23:22:36.810+0000] {dag.py:4180} INFO - Setting next_dagrun for example_local_kubernetes_executor to None, run_after=None
[2025-03-17T23:22:36.822+0000] {processor.py:208} INFO - Processing /home/airflow/.local/lib/python3.12/site-packages/airflow/example_dags/example_local_kubernetes_executor.py took 0.042 seconds
[2025-03-17T23:23:07.673+0000] {processor.py:186} INFO - Started process (PID=1255) to work on /home/airflow/.local/lib/python3.12/site-packages/airflow/example_dags/example_local_kubernetes_executor.py
[2025-03-17T23:23:07.674+0000] {processor.py:914} INFO - Processing file /home/airflow/.local/lib/python3.12/site-packages/airflow/example_dags/example_local_kubernetes_executor.py for tasks to queue
[2025-03-17T23:23:07.675+0000] {logging_mixin.py:190} INFO - [2025-03-17T23:23:07.675+0000] {dagbag.py:588} INFO - Filling up the DagBag from /home/airflow/.local/lib/python3.12/site-packages/airflow/example_dags/example_local_kubernetes_executor.py
[2025-03-17T23:23:07.680+0000] {processor.py:925} INFO - DAG(s) 'example_local_kubernetes_executor' retrieved from /home/airflow/.local/lib/python3.12/site-packages/airflow/example_dags/example_local_kubernetes_executor.py
[2025-03-17T23:23:07.691+0000] {logging_mixin.py:190} INFO - [2025-03-17T23:23:07.691+0000] {dag.py:3239} INFO - Sync 1 DAGs
[2025-03-17T23:23:07.699+0000] {logging_mixin.py:190} INFO - [2025-03-17T23:23:07.699+0000] {dag.py:4180} INFO - Setting next_dagrun for example_local_kubernetes_executor to None, run_after=None
[2025-03-17T23:23:07.709+0000] {processor.py:208} INFO - Processing /home/airflow/.local/lib/python3.12/site-packages/airflow/example_dags/example_local_kubernetes_executor.py took 0.039 seconds
[2025-03-17T23:23:38.869+0000] {processor.py:186} INFO - Started process (PID=1546) to work on /home/airflow/.local/lib/python3.12/site-packages/airflow/example_dags/example_local_kubernetes_executor.py
[2025-03-17T23:23:38.870+0000] {processor.py:914} INFO - Processing file /home/airflow/.local/lib/python3.12/site-packages/airflow/example_dags/example_local_kubernetes_executor.py for tasks to queue
[2025-03-17T23:23:38.871+0000] {logging_mixin.py:190} INFO - [2025-03-17T23:23:38.871+0000] {dagbag.py:588} INFO - Filling up the DagBag from /home/airflow/.local/lib/python3.12/site-packages/airflow/example_dags/example_local_kubernetes_executor.py
[2025-03-17T23:23:38.876+0000] {processor.py:925} INFO - DAG(s) 'example_local_kubernetes_executor' retrieved from /home/airflow/.local/lib/python3.12/site-packages/airflow/example_dags/example_local_kubernetes_executor.py
[2025-03-17T23:23:38.887+0000] {logging_mixin.py:190} INFO - [2025-03-17T23:23:38.887+0000] {dag.py:3239} INFO - Sync 1 DAGs
[2025-03-17T23:23:38.894+0000] {logging_mixin.py:190} INFO - [2025-03-17T23:23:38.894+0000] {dag.py:4180} INFO - Setting next_dagrun for example_local_kubernetes_executor to None, run_after=None
[2025-03-17T23:23:38.903+0000] {processor.py:208} INFO - Processing /home/airflow/.local/lib/python3.12/site-packages/airflow/example_dags/example_local_kubernetes_executor.py took 0.038 seconds
[2025-03-17T23:24:09.865+0000] {processor.py:186} INFO - Started process (PID=1837) to work on /home/airflow/.local/lib/python3.12/site-packages/airflow/example_dags/example_local_kubernetes_executor.py
[2025-03-17T23:24:09.866+0000] {processor.py:914} INFO - Processing file /home/airflow/.local/lib/python3.12/site-packages/airflow/example_dags/example_local_kubernetes_executor.py for tasks to queue
[2025-03-17T23:24:09.867+0000] {logging_mixin.py:190} INFO - [2025-03-17T23:24:09.867+0000] {dagbag.py:588} INFO - Filling up the DagBag from /home/airflow/.local/lib/python3.12/site-packages/airflow/example_dags/example_local_kubernetes_executor.py
[2025-03-17T23:24:09.872+0000] {processor.py:925} INFO - DAG(s) 'example_local_kubernetes_executor' retrieved from /home/airflow/.local/lib/python3.12/site-packages/airflow/example_dags/example_local_kubernetes_executor.py
[2025-03-17T23:24:09.883+0000] {logging_mixin.py:190} INFO - [2025-03-17T23:24:09.883+0000] {dag.py:3239} INFO - Sync 1 DAGs
[2025-03-17T23:24:09.890+0000] {logging_mixin.py:190} INFO - [2025-03-17T23:24:09.890+0000] {dag.py:4180} INFO - Setting next_dagrun for example_local_kubernetes_executor to None, run_after=None
[2025-03-17T23:24:09.900+0000] {processor.py:208} INFO - Processing /home/airflow/.local/lib/python3.12/site-packages/airflow/example_dags/example_local_kubernetes_executor.py took 0.038 seconds
[2025-03-17T23:24:41.203+0000] {processor.py:186} INFO - Started process (PID=2127) to work on /home/airflow/.local/lib/python3.12/site-packages/airflow/example_dags/example_local_kubernetes_executor.py
[2025-03-17T23:24:41.203+0000] {processor.py:914} INFO - Processing file /home/airflow/.local/lib/python3.12/site-packages/airflow/example_dags/example_local_kubernetes_executor.py for tasks to queue
[2025-03-17T23:24:41.205+0000] {logging_mixin.py:190} INFO - [2025-03-17T23:24:41.205+0000] {dagbag.py:588} INFO - Filling up the DagBag from /home/airflow/.local/lib/python3.12/site-packages/airflow/example_dags/example_local_kubernetes_executor.py
[2025-03-17T23:24:41.210+0000] {processor.py:925} INFO - DAG(s) 'example_local_kubernetes_executor' retrieved from /home/airflow/.local/lib/python3.12/site-packages/airflow/example_dags/example_local_kubernetes_executor.py
[2025-03-17T23:24:41.225+0000] {logging_mixin.py:190} INFO - [2025-03-17T23:24:41.225+0000] {dag.py:3239} INFO - Sync 1 DAGs
[2025-03-17T23:24:41.236+0000] {logging_mixin.py:190} INFO - [2025-03-17T23:24:41.235+0000] {dag.py:4180} INFO - Setting next_dagrun for example_local_kubernetes_executor to None, run_after=None
[2025-03-17T23:24:41.247+0000] {processor.py:208} INFO - Processing /home/airflow/.local/lib/python3.12/site-packages/airflow/example_dags/example_local_kubernetes_executor.py took 0.050 seconds
[2025-03-17T23:25:12.832+0000] {processor.py:186} INFO - Started process (PID=2418) to work on /home/airflow/.local/lib/python3.12/site-packages/airflow/example_dags/example_local_kubernetes_executor.py
[2025-03-17T23:25:12.835+0000] {processor.py:914} INFO - Processing file /home/airflow/.local/lib/python3.12/site-packages/airflow/example_dags/example_local_kubernetes_executor.py for tasks to queue
[2025-03-17T23:25:12.837+0000] {logging_mixin.py:190} INFO - [2025-03-17T23:25:12.837+0000] {dagbag.py:588} INFO - Filling up the DagBag from /home/airflow/.local/lib/python3.12/site-packages/airflow/example_dags/example_local_kubernetes_executor.py
[2025-03-17T23:25:12.847+0000] {processor.py:925} INFO - DAG(s) 'example_local_kubernetes_executor' retrieved from /home/airflow/.local/lib/python3.12/site-packages/airflow/example_dags/example_local_kubernetes_executor.py
[2025-03-17T23:25:12.888+0000] {logging_mixin.py:190} INFO - [2025-03-17T23:25:12.888+0000] {dag.py:3239} INFO - Sync 1 DAGs
[2025-03-17T23:25:12.908+0000] {logging_mixin.py:190} INFO - [2025-03-17T23:25:12.908+0000] {dag.py:4180} INFO - Setting next_dagrun for example_local_kubernetes_executor to None, run_after=None
[2025-03-17T23:25:12.937+0000] {processor.py:208} INFO - Processing /home/airflow/.local/lib/python3.12/site-packages/airflow/example_dags/example_local_kubernetes_executor.py took 0.116 seconds
[2025-03-17T23:25:43.773+0000] {processor.py:186} INFO - Started process (PID=2709) to work on /home/airflow/.local/lib/python3.12/site-packages/airflow/example_dags/example_local_kubernetes_executor.py
[2025-03-17T23:25:43.774+0000] {processor.py:914} INFO - Processing file /home/airflow/.local/lib/python3.12/site-packages/airflow/example_dags/example_local_kubernetes_executor.py for tasks to queue
[2025-03-17T23:25:43.775+0000] {logging_mixin.py:190} INFO - [2025-03-17T23:25:43.775+0000] {dagbag.py:588} INFO - Filling up the DagBag from /home/airflow/.local/lib/python3.12/site-packages/airflow/example_dags/example_local_kubernetes_executor.py
[2025-03-17T23:25:43.782+0000] {processor.py:925} INFO - DAG(s) 'example_local_kubernetes_executor' retrieved from /home/airflow/.local/lib/python3.12/site-packages/airflow/example_dags/example_local_kubernetes_executor.py
[2025-03-17T23:25:43.798+0000] {logging_mixin.py:190} INFO - [2025-03-17T23:25:43.798+0000] {dag.py:3239} INFO - Sync 1 DAGs
[2025-03-17T23:25:43.808+0000] {logging_mixin.py:190} INFO - [2025-03-17T23:25:43.807+0000] {dag.py:4180} INFO - Setting next_dagrun for example_local_kubernetes_executor to None, run_after=None
[2025-03-17T23:25:43.818+0000] {processor.py:208} INFO - Processing /home/airflow/.local/lib/python3.12/site-packages/airflow/example_dags/example_local_kubernetes_executor.py took 0.048 seconds
[2025-03-17T23:26:14.741+0000] {processor.py:186} INFO - Started process (PID=3000) to work on /home/airflow/.local/lib/python3.12/site-packages/airflow/example_dags/example_local_kubernetes_executor.py
[2025-03-17T23:26:14.742+0000] {processor.py:914} INFO - Processing file /home/airflow/.local/lib/python3.12/site-packages/airflow/example_dags/example_local_kubernetes_executor.py for tasks to queue
[2025-03-17T23:26:14.743+0000] {logging_mixin.py:190} INFO - [2025-03-17T23:26:14.743+0000] {dagbag.py:588} INFO - Filling up the DagBag from /home/airflow/.local/lib/python3.12/site-packages/airflow/example_dags/example_local_kubernetes_executor.py
[2025-03-17T23:26:14.751+0000] {processor.py:925} INFO - DAG(s) 'example_local_kubernetes_executor' retrieved from /home/airflow/.local/lib/python3.12/site-packages/airflow/example_dags/example_local_kubernetes_executor.py
[2025-03-17T23:26:14.765+0000] {logging_mixin.py:190} INFO - [2025-03-17T23:26:14.765+0000] {dag.py:3239} INFO - Sync 1 DAGs
[2025-03-17T23:26:14.771+0000] {logging_mixin.py:190} INFO - [2025-03-17T23:26:14.771+0000] {dag.py:4180} INFO - Setting next_dagrun for example_local_kubernetes_executor to None, run_after=None
[2025-03-17T23:26:14.779+0000] {processor.py:208} INFO - Processing /home/airflow/.local/lib/python3.12/site-packages/airflow/example_dags/example_local_kubernetes_executor.py took 0.041 seconds
[2025-03-17T23:26:45.633+0000] {processor.py:186} INFO - Started process (PID=3291) to work on /home/airflow/.local/lib/python3.12/site-packages/airflow/example_dags/example_local_kubernetes_executor.py
[2025-03-17T23:26:45.634+0000] {processor.py:914} INFO - Processing file /home/airflow/.local/lib/python3.12/site-packages/airflow/example_dags/example_local_kubernetes_executor.py for tasks to queue
[2025-03-17T23:26:45.635+0000] {logging_mixin.py:190} INFO - [2025-03-17T23:26:45.635+0000] {dagbag.py:588} INFO - Filling up the DagBag from /home/airflow/.local/lib/python3.12/site-packages/airflow/example_dags/example_local_kubernetes_executor.py
[2025-03-17T23:26:45.640+0000] {processor.py:925} INFO - DAG(s) 'example_local_kubernetes_executor' retrieved from /home/airflow/.local/lib/python3.12/site-packages/airflow/example_dags/example_local_kubernetes_executor.py
[2025-03-17T23:26:45.653+0000] {logging_mixin.py:190} INFO - [2025-03-17T23:26:45.652+0000] {dag.py:3239} INFO - Sync 1 DAGs
[2025-03-17T23:26:45.660+0000] {logging_mixin.py:190} INFO - [2025-03-17T23:26:45.660+0000] {dag.py:4180} INFO - Setting next_dagrun for example_local_kubernetes_executor to None, run_after=None
[2025-03-17T23:26:45.670+0000] {processor.py:208} INFO - Processing /home/airflow/.local/lib/python3.12/site-packages/airflow/example_dags/example_local_kubernetes_executor.py took 0.040 seconds
[2025-03-17T23:27:16.610+0000] {processor.py:186} INFO - Started process (PID=3582) to work on /home/airflow/.local/lib/python3.12/site-packages/airflow/example_dags/example_local_kubernetes_executor.py
[2025-03-17T23:27:16.611+0000] {processor.py:914} INFO - Processing file /home/airflow/.local/lib/python3.12/site-packages/airflow/example_dags/example_local_kubernetes_executor.py for tasks to queue
[2025-03-17T23:27:16.612+0000] {logging_mixin.py:190} INFO - [2025-03-17T23:27:16.612+0000] {dagbag.py:588} INFO - Filling up the DagBag from /home/airflow/.local/lib/python3.12/site-packages/airflow/example_dags/example_local_kubernetes_executor.py
[2025-03-17T23:27:16.619+0000] {processor.py:925} INFO - DAG(s) 'example_local_kubernetes_executor' retrieved from /home/airflow/.local/lib/python3.12/site-packages/airflow/example_dags/example_local_kubernetes_executor.py
[2025-03-17T23:27:16.633+0000] {logging_mixin.py:190} INFO - [2025-03-17T23:27:16.633+0000] {dag.py:3239} INFO - Sync 1 DAGs
[2025-03-17T23:27:16.639+0000] {logging_mixin.py:190} INFO - [2025-03-17T23:27:16.639+0000] {dag.py:4180} INFO - Setting next_dagrun for example_local_kubernetes_executor to None, run_after=None
[2025-03-17T23:27:16.651+0000] {processor.py:208} INFO - Processing /home/airflow/.local/lib/python3.12/site-packages/airflow/example_dags/example_local_kubernetes_executor.py took 0.044 seconds
[2025-03-17T23:27:47.819+0000] {processor.py:186} INFO - Started process (PID=3873) to work on /home/airflow/.local/lib/python3.12/site-packages/airflow/example_dags/example_local_kubernetes_executor.py
[2025-03-17T23:27:47.820+0000] {processor.py:914} INFO - Processing file /home/airflow/.local/lib/python3.12/site-packages/airflow/example_dags/example_local_kubernetes_executor.py for tasks to queue
[2025-03-17T23:27:47.822+0000] {logging_mixin.py:190} INFO - [2025-03-17T23:27:47.821+0000] {dagbag.py:588} INFO - Filling up the DagBag from /home/airflow/.local/lib/python3.12/site-packages/airflow/example_dags/example_local_kubernetes_executor.py
[2025-03-17T23:27:47.830+0000] {processor.py:925} INFO - DAG(s) 'example_local_kubernetes_executor' retrieved from /home/airflow/.local/lib/python3.12/site-packages/airflow/example_dags/example_local_kubernetes_executor.py
[2025-03-17T23:27:47.853+0000] {logging_mixin.py:190} INFO - [2025-03-17T23:27:47.852+0000] {dag.py:3239} INFO - Sync 1 DAGs
[2025-03-17T23:27:47.865+0000] {logging_mixin.py:190} INFO - [2025-03-17T23:27:47.865+0000] {dag.py:4180} INFO - Setting next_dagrun for example_local_kubernetes_executor to None, run_after=None
[2025-03-17T23:27:47.878+0000] {processor.py:208} INFO - Processing /home/airflow/.local/lib/python3.12/site-packages/airflow/example_dags/example_local_kubernetes_executor.py took 0.065 seconds
[2025-03-17T23:28:18.121+0000] {processor.py:186} INFO - Started process (PID=4159) to work on /home/airflow/.local/lib/python3.12/site-packages/airflow/example_dags/example_local_kubernetes_executor.py
[2025-03-17T23:28:18.123+0000] {processor.py:914} INFO - Processing file /home/airflow/.local/lib/python3.12/site-packages/airflow/example_dags/example_local_kubernetes_executor.py for tasks to queue
[2025-03-17T23:28:18.124+0000] {logging_mixin.py:190} INFO - [2025-03-17T23:28:18.124+0000] {dagbag.py:588} INFO - Filling up the DagBag from /home/airflow/.local/lib/python3.12/site-packages/airflow/example_dags/example_local_kubernetes_executor.py
[2025-03-17T23:28:18.129+0000] {processor.py:925} INFO - DAG(s) 'example_local_kubernetes_executor' retrieved from /home/airflow/.local/lib/python3.12/site-packages/airflow/example_dags/example_local_kubernetes_executor.py
[2025-03-17T23:28:18.139+0000] {logging_mixin.py:190} INFO - [2025-03-17T23:28:18.139+0000] {dag.py:3239} INFO - Sync 1 DAGs
[2025-03-17T23:28:18.146+0000] {logging_mixin.py:190} INFO - [2025-03-17T23:28:18.146+0000] {dag.py:4180} INFO - Setting next_dagrun for example_local_kubernetes_executor to None, run_after=None
[2025-03-17T23:28:18.154+0000] {processor.py:208} INFO - Processing /home/airflow/.local/lib/python3.12/site-packages/airflow/example_dags/example_local_kubernetes_executor.py took 0.036 seconds
[2025-03-17T23:28:49.003+0000] {processor.py:186} INFO - Started process (PID=4455) to work on /home/airflow/.local/lib/python3.12/site-packages/airflow/example_dags/example_local_kubernetes_executor.py
[2025-03-17T23:28:49.004+0000] {processor.py:914} INFO - Processing file /home/airflow/.local/lib/python3.12/site-packages/airflow/example_dags/example_local_kubernetes_executor.py for tasks to queue
[2025-03-17T23:28:49.005+0000] {logging_mixin.py:190} INFO - [2025-03-17T23:28:49.005+0000] {dagbag.py:588} INFO - Filling up the DagBag from /home/airflow/.local/lib/python3.12/site-packages/airflow/example_dags/example_local_kubernetes_executor.py
[2025-03-17T23:28:49.011+0000] {processor.py:925} INFO - DAG(s) 'example_local_kubernetes_executor' retrieved from /home/airflow/.local/lib/python3.12/site-packages/airflow/example_dags/example_local_kubernetes_executor.py
[2025-03-17T23:28:49.025+0000] {logging_mixin.py:190} INFO - [2025-03-17T23:28:49.025+0000] {dag.py:3239} INFO - Sync 1 DAGs
[2025-03-17T23:28:49.033+0000] {logging_mixin.py:190} INFO - [2025-03-17T23:28:49.033+0000] {dag.py:4180} INFO - Setting next_dagrun for example_local_kubernetes_executor to None, run_after=None
[2025-03-17T23:28:49.041+0000] {processor.py:208} INFO - Processing /home/airflow/.local/lib/python3.12/site-packages/airflow/example_dags/example_local_kubernetes_executor.py took 0.041 seconds
[2025-03-17T23:29:19.650+0000] {processor.py:186} INFO - Started process (PID=4746) to work on /home/airflow/.local/lib/python3.12/site-packages/airflow/example_dags/example_local_kubernetes_executor.py
[2025-03-17T23:29:19.651+0000] {processor.py:914} INFO - Processing file /home/airflow/.local/lib/python3.12/site-packages/airflow/example_dags/example_local_kubernetes_executor.py for tasks to queue
[2025-03-17T23:29:19.652+0000] {logging_mixin.py:190} INFO - [2025-03-17T23:29:19.652+0000] {dagbag.py:588} INFO - Filling up the DagBag from /home/airflow/.local/lib/python3.12/site-packages/airflow/example_dags/example_local_kubernetes_executor.py
[2025-03-17T23:29:19.656+0000] {processor.py:925} INFO - DAG(s) 'example_local_kubernetes_executor' retrieved from /home/airflow/.local/lib/python3.12/site-packages/airflow/example_dags/example_local_kubernetes_executor.py
[2025-03-17T23:29:19.666+0000] {logging_mixin.py:190} INFO - [2025-03-17T23:29:19.666+0000] {dag.py:3239} INFO - Sync 1 DAGs
[2025-03-17T23:29:19.673+0000] {logging_mixin.py:190} INFO - [2025-03-17T23:29:19.673+0000] {dag.py:4180} INFO - Setting next_dagrun for example_local_kubernetes_executor to None, run_after=None
[2025-03-17T23:29:19.684+0000] {processor.py:208} INFO - Processing /home/airflow/.local/lib/python3.12/site-packages/airflow/example_dags/example_local_kubernetes_executor.py took 0.037 seconds
[2025-03-17T23:29:50.106+0000] {processor.py:186} INFO - Started process (PID=5037) to work on /home/airflow/.local/lib/python3.12/site-packages/airflow/example_dags/example_local_kubernetes_executor.py
[2025-03-17T23:29:50.106+0000] {processor.py:914} INFO - Processing file /home/airflow/.local/lib/python3.12/site-packages/airflow/example_dags/example_local_kubernetes_executor.py for tasks to queue
[2025-03-17T23:29:50.107+0000] {logging_mixin.py:190} INFO - [2025-03-17T23:29:50.107+0000] {dagbag.py:588} INFO - Filling up the DagBag from /home/airflow/.local/lib/python3.12/site-packages/airflow/example_dags/example_local_kubernetes_executor.py
[2025-03-17T23:29:50.112+0000] {processor.py:925} INFO - DAG(s) 'example_local_kubernetes_executor' retrieved from /home/airflow/.local/lib/python3.12/site-packages/airflow/example_dags/example_local_kubernetes_executor.py
[2025-03-17T23:29:50.122+0000] {logging_mixin.py:190} INFO - [2025-03-17T23:29:50.122+0000] {dag.py:3239} INFO - Sync 1 DAGs
[2025-03-17T23:29:50.128+0000] {logging_mixin.py:190} INFO - [2025-03-17T23:29:50.128+0000] {dag.py:4180} INFO - Setting next_dagrun for example_local_kubernetes_executor to None, run_after=None
[2025-03-17T23:29:50.136+0000] {processor.py:208} INFO - Processing /home/airflow/.local/lib/python3.12/site-packages/airflow/example_dags/example_local_kubernetes_executor.py took 0.033 seconds
[2025-03-17T23:30:20.686+0000] {processor.py:186} INFO - Started process (PID=5323) to work on /home/airflow/.local/lib/python3.12/site-packages/airflow/example_dags/example_local_kubernetes_executor.py
[2025-03-17T23:30:20.687+0000] {processor.py:914} INFO - Processing file /home/airflow/.local/lib/python3.12/site-packages/airflow/example_dags/example_local_kubernetes_executor.py for tasks to queue
[2025-03-17T23:30:20.688+0000] {logging_mixin.py:190} INFO - [2025-03-17T23:30:20.688+0000] {dagbag.py:588} INFO - Filling up the DagBag from /home/airflow/.local/lib/python3.12/site-packages/airflow/example_dags/example_local_kubernetes_executor.py
[2025-03-17T23:30:20.693+0000] {processor.py:925} INFO - DAG(s) 'example_local_kubernetes_executor' retrieved from /home/airflow/.local/lib/python3.12/site-packages/airflow/example_dags/example_local_kubernetes_executor.py
[2025-03-17T23:30:20.705+0000] {logging_mixin.py:190} INFO - [2025-03-17T23:30:20.705+0000] {dag.py:3239} INFO - Sync 1 DAGs
[2025-03-17T23:30:20.713+0000] {logging_mixin.py:190} INFO - [2025-03-17T23:30:20.713+0000] {dag.py:4180} INFO - Setting next_dagrun for example_local_kubernetes_executor to None, run_after=None
[2025-03-17T23:30:20.721+0000] {processor.py:208} INFO - Processing /home/airflow/.local/lib/python3.12/site-packages/airflow/example_dags/example_local_kubernetes_executor.py took 0.038 seconds
[2025-03-17T23:30:51.283+0000] {processor.py:186} INFO - Started process (PID=5614) to work on /home/airflow/.local/lib/python3.12/site-packages/airflow/example_dags/example_local_kubernetes_executor.py
[2025-03-17T23:30:51.284+0000] {processor.py:914} INFO - Processing file /home/airflow/.local/lib/python3.12/site-packages/airflow/example_dags/example_local_kubernetes_executor.py for tasks to queue
[2025-03-17T23:30:51.286+0000] {logging_mixin.py:190} INFO - [2025-03-17T23:30:51.285+0000] {dagbag.py:588} INFO - Filling up the DagBag from /home/airflow/.local/lib/python3.12/site-packages/airflow/example_dags/example_local_kubernetes_executor.py
[2025-03-17T23:30:51.290+0000] {processor.py:925} INFO - DAG(s) 'example_local_kubernetes_executor' retrieved from /home/airflow/.local/lib/python3.12/site-packages/airflow/example_dags/example_local_kubernetes_executor.py
[2025-03-17T23:30:51.301+0000] {logging_mixin.py:190} INFO - [2025-03-17T23:30:51.301+0000] {dag.py:3239} INFO - Sync 1 DAGs
[2025-03-17T23:30:51.308+0000] {logging_mixin.py:190} INFO - [2025-03-17T23:30:51.308+0000] {dag.py:4180} INFO - Setting next_dagrun for example_local_kubernetes_executor to None, run_after=None
[2025-03-17T23:30:51.317+0000] {processor.py:208} INFO - Processing /home/airflow/.local/lib/python3.12/site-packages/airflow/example_dags/example_local_kubernetes_executor.py took 0.036 seconds
[2025-03-17T23:31:21.829+0000] {processor.py:186} INFO - Started process (PID=5905) to work on /home/airflow/.local/lib/python3.12/site-packages/airflow/example_dags/example_local_kubernetes_executor.py
[2025-03-17T23:31:21.830+0000] {processor.py:914} INFO - Processing file /home/airflow/.local/lib/python3.12/site-packages/airflow/example_dags/example_local_kubernetes_executor.py for tasks to queue
[2025-03-17T23:31:21.832+0000] {logging_mixin.py:190} INFO - [2025-03-17T23:31:21.831+0000] {dagbag.py:588} INFO - Filling up the DagBag from /home/airflow/.local/lib/python3.12/site-packages/airflow/example_dags/example_local_kubernetes_executor.py
[2025-03-17T23:31:21.836+0000] {processor.py:925} INFO - DAG(s) 'example_local_kubernetes_executor' retrieved from /home/airflow/.local/lib/python3.12/site-packages/airflow/example_dags/example_local_kubernetes_executor.py
[2025-03-17T23:31:21.846+0000] {logging_mixin.py:190} INFO - [2025-03-17T23:31:21.846+0000] {dag.py:3239} INFO - Sync 1 DAGs
[2025-03-17T23:31:21.853+0000] {logging_mixin.py:190} INFO - [2025-03-17T23:31:21.853+0000] {dag.py:4180} INFO - Setting next_dagrun for example_local_kubernetes_executor to None, run_after=None
[2025-03-17T23:31:21.860+0000] {processor.py:208} INFO - Processing /home/airflow/.local/lib/python3.12/site-packages/airflow/example_dags/example_local_kubernetes_executor.py took 0.035 seconds
[2025-03-17T23:31:52.349+0000] {processor.py:186} INFO - Started process (PID=6196) to work on /home/airflow/.local/lib/python3.12/site-packages/airflow/example_dags/example_local_kubernetes_executor.py
[2025-03-17T23:31:52.349+0000] {processor.py:914} INFO - Processing file /home/airflow/.local/lib/python3.12/site-packages/airflow/example_dags/example_local_kubernetes_executor.py for tasks to queue
[2025-03-17T23:31:52.350+0000] {logging_mixin.py:190} INFO - [2025-03-17T23:31:52.350+0000] {dagbag.py:588} INFO - Filling up the DagBag from /home/airflow/.local/lib/python3.12/site-packages/airflow/example_dags/example_local_kubernetes_executor.py
[2025-03-17T23:31:52.355+0000] {processor.py:925} INFO - DAG(s) 'example_local_kubernetes_executor' retrieved from /home/airflow/.local/lib/python3.12/site-packages/airflow/example_dags/example_local_kubernetes_executor.py
[2025-03-17T23:31:52.364+0000] {logging_mixin.py:190} INFO - [2025-03-17T23:31:52.364+0000] {dag.py:3239} INFO - Sync 1 DAGs
[2025-03-17T23:31:52.370+0000] {logging_mixin.py:190} INFO - [2025-03-17T23:31:52.370+0000] {dag.py:4180} INFO - Setting next_dagrun for example_local_kubernetes_executor to None, run_after=None
[2025-03-17T23:31:52.381+0000] {processor.py:208} INFO - Processing /home/airflow/.local/lib/python3.12/site-packages/airflow/example_dags/example_local_kubernetes_executor.py took 0.035 seconds
[2025-03-17T23:32:22.903+0000] {processor.py:186} INFO - Started process (PID=6487) to work on /home/airflow/.local/lib/python3.12/site-packages/airflow/example_dags/example_local_kubernetes_executor.py
[2025-03-17T23:32:22.903+0000] {processor.py:914} INFO - Processing file /home/airflow/.local/lib/python3.12/site-packages/airflow/example_dags/example_local_kubernetes_executor.py for tasks to queue
[2025-03-17T23:32:22.904+0000] {logging_mixin.py:190} INFO - [2025-03-17T23:32:22.904+0000] {dagbag.py:588} INFO - Filling up the DagBag from /home/airflow/.local/lib/python3.12/site-packages/airflow/example_dags/example_local_kubernetes_executor.py
[2025-03-17T23:32:22.908+0000] {processor.py:925} INFO - DAG(s) 'example_local_kubernetes_executor' retrieved from /home/airflow/.local/lib/python3.12/site-packages/airflow/example_dags/example_local_kubernetes_executor.py
[2025-03-17T23:32:22.918+0000] {logging_mixin.py:190} INFO - [2025-03-17T23:32:22.918+0000] {dag.py:3239} INFO - Sync 1 DAGs
[2025-03-17T23:32:22.925+0000] {logging_mixin.py:190} INFO - [2025-03-17T23:32:22.925+0000] {dag.py:4180} INFO - Setting next_dagrun for example_local_kubernetes_executor to None, run_after=None
[2025-03-17T23:32:22.933+0000] {processor.py:208} INFO - Processing /home/airflow/.local/lib/python3.12/site-packages/airflow/example_dags/example_local_kubernetes_executor.py took 0.033 seconds
[2025-03-17T23:32:53.585+0000] {processor.py:186} INFO - Started process (PID=6778) to work on /home/airflow/.local/lib/python3.12/site-packages/airflow/example_dags/example_local_kubernetes_executor.py
[2025-03-17T23:32:53.585+0000] {processor.py:914} INFO - Processing file /home/airflow/.local/lib/python3.12/site-packages/airflow/example_dags/example_local_kubernetes_executor.py for tasks to queue
[2025-03-17T23:32:53.586+0000] {logging_mixin.py:190} INFO - [2025-03-17T23:32:53.586+0000] {dagbag.py:588} INFO - Filling up the DagBag from /home/airflow/.local/lib/python3.12/site-packages/airflow/example_dags/example_local_kubernetes_executor.py
[2025-03-17T23:32:53.591+0000] {processor.py:925} INFO - DAG(s) 'example_local_kubernetes_executor' retrieved from /home/airflow/.local/lib/python3.12/site-packages/airflow/example_dags/example_local_kubernetes_executor.py
[2025-03-17T23:32:53.601+0000] {logging_mixin.py:190} INFO - [2025-03-17T23:32:53.601+0000] {dag.py:3239} INFO - Sync 1 DAGs
[2025-03-17T23:32:53.607+0000] {logging_mixin.py:190} INFO - [2025-03-17T23:32:53.607+0000] {dag.py:4180} INFO - Setting next_dagrun for example_local_kubernetes_executor to None, run_after=None
[2025-03-17T23:32:53.616+0000] {processor.py:208} INFO - Processing /home/airflow/.local/lib/python3.12/site-packages/airflow/example_dags/example_local_kubernetes_executor.py took 0.033 seconds
[2025-03-17T23:33:24.266+0000] {processor.py:186} INFO - Started process (PID=7069) to work on /home/airflow/.local/lib/python3.12/site-packages/airflow/example_dags/example_local_kubernetes_executor.py
[2025-03-17T23:33:24.266+0000] {processor.py:914} INFO - Processing file /home/airflow/.local/lib/python3.12/site-packages/airflow/example_dags/example_local_kubernetes_executor.py for tasks to queue
[2025-03-17T23:33:24.268+0000] {logging_mixin.py:190} INFO - [2025-03-17T23:33:24.268+0000] {dagbag.py:588} INFO - Filling up the DagBag from /home/airflow/.local/lib/python3.12/site-packages/airflow/example_dags/example_local_kubernetes_executor.py
[2025-03-17T23:33:24.272+0000] {processor.py:925} INFO - DAG(s) 'example_local_kubernetes_executor' retrieved from /home/airflow/.local/lib/python3.12/site-packages/airflow/example_dags/example_local_kubernetes_executor.py
[2025-03-17T23:33:24.283+0000] {logging_mixin.py:190} INFO - [2025-03-17T23:33:24.282+0000] {dag.py:3239} INFO - Sync 1 DAGs
[2025-03-17T23:33:24.292+0000] {logging_mixin.py:190} INFO - [2025-03-17T23:33:24.292+0000] {dag.py:4180} INFO - Setting next_dagrun for example_local_kubernetes_executor to None, run_after=None
[2025-03-17T23:33:24.304+0000] {processor.py:208} INFO - Processing /home/airflow/.local/lib/python3.12/site-packages/airflow/example_dags/example_local_kubernetes_executor.py took 0.041 seconds
[2025-03-17T23:33:55.398+0000] {processor.py:186} INFO - Started process (PID=7365) to work on /home/airflow/.local/lib/python3.12/site-packages/airflow/example_dags/example_local_kubernetes_executor.py
[2025-03-17T23:33:55.399+0000] {processor.py:914} INFO - Processing file /home/airflow/.local/lib/python3.12/site-packages/airflow/example_dags/example_local_kubernetes_executor.py for tasks to queue
[2025-03-17T23:33:55.400+0000] {logging_mixin.py:190} INFO - [2025-03-17T23:33:55.400+0000] {dagbag.py:588} INFO - Filling up the DagBag from /home/airflow/.local/lib/python3.12/site-packages/airflow/example_dags/example_local_kubernetes_executor.py
[2025-03-17T23:33:55.405+0000] {processor.py:925} INFO - DAG(s) 'example_local_kubernetes_executor' retrieved from /home/airflow/.local/lib/python3.12/site-packages/airflow/example_dags/example_local_kubernetes_executor.py
[2025-03-17T23:33:55.415+0000] {logging_mixin.py:190} INFO - [2025-03-17T23:33:55.414+0000] {dag.py:3239} INFO - Sync 1 DAGs
[2025-03-17T23:33:55.421+0000] {logging_mixin.py:190} INFO - [2025-03-17T23:33:55.421+0000] {dag.py:4180} INFO - Setting next_dagrun for example_local_kubernetes_executor to None, run_after=None
[2025-03-17T23:33:55.429+0000] {processor.py:208} INFO - Processing /home/airflow/.local/lib/python3.12/site-packages/airflow/example_dags/example_local_kubernetes_executor.py took 0.034 seconds
[2025-03-17T23:34:26.314+0000] {processor.py:186} INFO - Started process (PID=7656) to work on /home/airflow/.local/lib/python3.12/site-packages/airflow/example_dags/example_local_kubernetes_executor.py
[2025-03-17T23:34:26.315+0000] {processor.py:914} INFO - Processing file /home/airflow/.local/lib/python3.12/site-packages/airflow/example_dags/example_local_kubernetes_executor.py for tasks to queue
[2025-03-17T23:34:26.316+0000] {logging_mixin.py:190} INFO - [2025-03-17T23:34:26.316+0000] {dagbag.py:588} INFO - Filling up the DagBag from /home/airflow/.local/lib/python3.12/site-packages/airflow/example_dags/example_local_kubernetes_executor.py
[2025-03-17T23:34:26.321+0000] {processor.py:925} INFO - DAG(s) 'example_local_kubernetes_executor' retrieved from /home/airflow/.local/lib/python3.12/site-packages/airflow/example_dags/example_local_kubernetes_executor.py
[2025-03-17T23:34:26.331+0000] {logging_mixin.py:190} INFO - [2025-03-17T23:34:26.331+0000] {dag.py:3239} INFO - Sync 1 DAGs
[2025-03-17T23:34:26.337+0000] {logging_mixin.py:190} INFO - [2025-03-17T23:34:26.337+0000] {dag.py:4180} INFO - Setting next_dagrun for example_local_kubernetes_executor to None, run_after=None
[2025-03-17T23:34:26.346+0000] {processor.py:208} INFO - Processing /home/airflow/.local/lib/python3.12/site-packages/airflow/example_dags/example_local_kubernetes_executor.py took 0.034 seconds
[2025-03-17T23:34:57.513+0000] {processor.py:186} INFO - Started process (PID=7986) to work on /home/airflow/.local/lib/python3.12/site-packages/airflow/example_dags/example_local_kubernetes_executor.py
[2025-03-17T23:34:57.514+0000] {processor.py:914} INFO - Processing file /home/airflow/.local/lib/python3.12/site-packages/airflow/example_dags/example_local_kubernetes_executor.py for tasks to queue
[2025-03-17T23:34:57.516+0000] {logging_mixin.py:190} INFO - [2025-03-17T23:34:57.516+0000] {dagbag.py:588} INFO - Filling up the DagBag from /home/airflow/.local/lib/python3.12/site-packages/airflow/example_dags/example_local_kubernetes_executor.py
[2025-03-17T23:34:57.523+0000] {processor.py:925} INFO - DAG(s) 'example_local_kubernetes_executor' retrieved from /home/airflow/.local/lib/python3.12/site-packages/airflow/example_dags/example_local_kubernetes_executor.py
[2025-03-17T23:34:57.536+0000] {logging_mixin.py:190} INFO - [2025-03-17T23:34:57.535+0000] {dag.py:3239} INFO - Sync 1 DAGs
[2025-03-17T23:34:57.544+0000] {logging_mixin.py:190} INFO - [2025-03-17T23:34:57.543+0000] {dag.py:4180} INFO - Setting next_dagrun for example_local_kubernetes_executor to None, run_after=None
[2025-03-17T23:34:57.553+0000] {processor.py:208} INFO - Processing /home/airflow/.local/lib/python3.12/site-packages/airflow/example_dags/example_local_kubernetes_executor.py took 0.045 seconds
[2025-03-17T23:35:28.396+0000] {processor.py:186} INFO - Started process (PID=8277) to work on /home/airflow/.local/lib/python3.12/site-packages/airflow/example_dags/example_local_kubernetes_executor.py
[2025-03-17T23:35:28.397+0000] {processor.py:914} INFO - Processing file /home/airflow/.local/lib/python3.12/site-packages/airflow/example_dags/example_local_kubernetes_executor.py for tasks to queue
[2025-03-17T23:35:28.398+0000] {logging_mixin.py:190} INFO - [2025-03-17T23:35:28.398+0000] {dagbag.py:588} INFO - Filling up the DagBag from /home/airflow/.local/lib/python3.12/site-packages/airflow/example_dags/example_local_kubernetes_executor.py
[2025-03-17T23:35:28.402+0000] {processor.py:925} INFO - DAG(s) 'example_local_kubernetes_executor' retrieved from /home/airflow/.local/lib/python3.12/site-packages/airflow/example_dags/example_local_kubernetes_executor.py
[2025-03-17T23:35:28.412+0000] {logging_mixin.py:190} INFO - [2025-03-17T23:35:28.412+0000] {dag.py:3239} INFO - Sync 1 DAGs
[2025-03-17T23:35:28.419+0000] {logging_mixin.py:190} INFO - [2025-03-17T23:35:28.419+0000] {dag.py:4180} INFO - Setting next_dagrun for example_local_kubernetes_executor to None, run_after=None
[2025-03-17T23:35:28.427+0000] {processor.py:208} INFO - Processing /home/airflow/.local/lib/python3.12/site-packages/airflow/example_dags/example_local_kubernetes_executor.py took 0.033 seconds
[2025-03-17T23:35:59.635+0000] {processor.py:186} INFO - Started process (PID=8568) to work on /home/airflow/.local/lib/python3.12/site-packages/airflow/example_dags/example_local_kubernetes_executor.py
[2025-03-17T23:35:59.636+0000] {processor.py:914} INFO - Processing file /home/airflow/.local/lib/python3.12/site-packages/airflow/example_dags/example_local_kubernetes_executor.py for tasks to queue
[2025-03-17T23:35:59.637+0000] {logging_mixin.py:190} INFO - [2025-03-17T23:35:59.637+0000] {dagbag.py:588} INFO - Filling up the DagBag from /home/airflow/.local/lib/python3.12/site-packages/airflow/example_dags/example_local_kubernetes_executor.py
[2025-03-17T23:35:59.643+0000] {processor.py:925} INFO - DAG(s) 'example_local_kubernetes_executor' retrieved from /home/airflow/.local/lib/python3.12/site-packages/airflow/example_dags/example_local_kubernetes_executor.py
[2025-03-17T23:35:59.654+0000] {logging_mixin.py:190} INFO - [2025-03-17T23:35:59.654+0000] {dag.py:3239} INFO - Sync 1 DAGs
[2025-03-17T23:35:59.661+0000] {logging_mixin.py:190} INFO - [2025-03-17T23:35:59.661+0000] {dag.py:4180} INFO - Setting next_dagrun for example_local_kubernetes_executor to None, run_after=None
[2025-03-17T23:35:59.669+0000] {processor.py:208} INFO - Processing /home/airflow/.local/lib/python3.12/site-packages/airflow/example_dags/example_local_kubernetes_executor.py took 0.041 seconds
[2025-03-17T23:36:30.855+0000] {processor.py:186} INFO - Started process (PID=8859) to work on /home/airflow/.local/lib/python3.12/site-packages/airflow/example_dags/example_local_kubernetes_executor.py
[2025-03-17T23:36:30.856+0000] {processor.py:914} INFO - Processing file /home/airflow/.local/lib/python3.12/site-packages/airflow/example_dags/example_local_kubernetes_executor.py for tasks to queue
[2025-03-17T23:36:30.857+0000] {logging_mixin.py:190} INFO - [2025-03-17T23:36:30.857+0000] {dagbag.py:588} INFO - Filling up the DagBag from /home/airflow/.local/lib/python3.12/site-packages/airflow/example_dags/example_local_kubernetes_executor.py
[2025-03-17T23:36:30.862+0000] {processor.py:925} INFO - DAG(s) 'example_local_kubernetes_executor' retrieved from /home/airflow/.local/lib/python3.12/site-packages/airflow/example_dags/example_local_kubernetes_executor.py
[2025-03-17T23:36:30.875+0000] {logging_mixin.py:190} INFO - [2025-03-17T23:36:30.875+0000] {dag.py:3239} INFO - Sync 1 DAGs
[2025-03-17T23:36:30.883+0000] {logging_mixin.py:190} INFO - [2025-03-17T23:36:30.883+0000] {dag.py:4180} INFO - Setting next_dagrun for example_local_kubernetes_executor to None, run_after=None
[2025-03-17T23:36:30.911+0000] {processor.py:208} INFO - Processing /home/airflow/.local/lib/python3.12/site-packages/airflow/example_dags/example_local_kubernetes_executor.py took 0.061 seconds
[2025-03-17T23:37:02.247+0000] {processor.py:186} INFO - Started process (PID=9150) to work on /home/airflow/.local/lib/python3.12/site-packages/airflow/example_dags/example_local_kubernetes_executor.py
[2025-03-17T23:37:02.248+0000] {processor.py:914} INFO - Processing file /home/airflow/.local/lib/python3.12/site-packages/airflow/example_dags/example_local_kubernetes_executor.py for tasks to queue
[2025-03-17T23:37:02.249+0000] {logging_mixin.py:190} INFO - [2025-03-17T23:37:02.249+0000] {dagbag.py:588} INFO - Filling up the DagBag from /home/airflow/.local/lib/python3.12/site-packages/airflow/example_dags/example_local_kubernetes_executor.py
[2025-03-17T23:37:02.254+0000] {processor.py:925} INFO - DAG(s) 'example_local_kubernetes_executor' retrieved from /home/airflow/.local/lib/python3.12/site-packages/airflow/example_dags/example_local_kubernetes_executor.py
[2025-03-17T23:37:02.265+0000] {logging_mixin.py:190} INFO - [2025-03-17T23:37:02.265+0000] {dag.py:3239} INFO - Sync 1 DAGs
[2025-03-17T23:37:02.272+0000] {logging_mixin.py:190} INFO - [2025-03-17T23:37:02.272+0000] {dag.py:4180} INFO - Setting next_dagrun for example_local_kubernetes_executor to None, run_after=None
[2025-03-17T23:37:02.282+0000] {processor.py:208} INFO - Processing /home/airflow/.local/lib/python3.12/site-packages/airflow/example_dags/example_local_kubernetes_executor.py took 0.039 seconds
[2025-03-17T23:37:33.752+0000] {processor.py:186} INFO - Started process (PID=9442) to work on /home/airflow/.local/lib/python3.12/site-packages/airflow/example_dags/example_local_kubernetes_executor.py
[2025-03-17T23:37:33.753+0000] {processor.py:914} INFO - Processing file /home/airflow/.local/lib/python3.12/site-packages/airflow/example_dags/example_local_kubernetes_executor.py for tasks to queue
[2025-03-17T23:37:33.754+0000] {logging_mixin.py:190} INFO - [2025-03-17T23:37:33.754+0000] {dagbag.py:588} INFO - Filling up the DagBag from /home/airflow/.local/lib/python3.12/site-packages/airflow/example_dags/example_local_kubernetes_executor.py
[2025-03-17T23:37:33.759+0000] {processor.py:925} INFO - DAG(s) 'example_local_kubernetes_executor' retrieved from /home/airflow/.local/lib/python3.12/site-packages/airflow/example_dags/example_local_kubernetes_executor.py
[2025-03-17T23:37:33.772+0000] {logging_mixin.py:190} INFO - [2025-03-17T23:37:33.772+0000] {dag.py:3239} INFO - Sync 1 DAGs
[2025-03-17T23:37:33.779+0000] {logging_mixin.py:190} INFO - [2025-03-17T23:37:33.779+0000] {dag.py:4180} INFO - Setting next_dagrun for example_local_kubernetes_executor to None, run_after=None
[2025-03-17T23:37:33.791+0000] {processor.py:208} INFO - Processing /home/airflow/.local/lib/python3.12/site-packages/airflow/example_dags/example_local_kubernetes_executor.py took 0.042 seconds
