[2025-03-17T23:21:37.292+0000] {processor.py:186} INFO - Started process (PID=432) to work on /home/airflow/.local/lib/python3.12/site-packages/airflow/example_dags/example_inlet_event_extra.py
[2025-03-17T23:21:37.293+0000] {processor.py:914} INFO - Processing file /home/airflow/.local/lib/python3.12/site-packages/airflow/example_dags/example_inlet_event_extra.py for tasks to queue
[2025-03-17T23:21:37.294+0000] {logging_mixin.py:190} INFO - [2025-03-17T23:21:37.294+0000] {dagbag.py:588} INFO - Filling up the DagBag from /home/airflow/.local/lib/python3.12/site-packages/airflow/example_dags/example_inlet_event_extra.py
[2025-03-17T23:21:37.510+0000] {processor.py:925} INFO - DAG(s) 'read_dataset_event_from_classic', 'read_dataset_event' retrieved from /home/airflow/.local/lib/python3.12/site-packages/airflow/example_dags/example_inlet_event_extra.py
[2025-03-17T23:21:37.647+0000] {logging_mixin.py:190} INFO - [2025-03-17T23:21:37.647+0000] {override.py:1912} INFO - Created Permission View: can edit on DAG:read_dataset_event_from_classic
[2025-03-17T23:21:37.651+0000] {logging_mixin.py:190} INFO - [2025-03-17T23:21:37.651+0000] {override.py:1912} INFO - Created Permission View: can read on DAG:read_dataset_event_from_classic
[2025-03-17T23:21:37.654+0000] {logging_mixin.py:190} INFO - [2025-03-17T23:21:37.653+0000] {override.py:1912} INFO - Created Permission View: can delete on DAG:read_dataset_event_from_classic
[2025-03-17T23:21:37.656+0000] {logging_mixin.py:190} INFO - [2025-03-17T23:21:37.656+0000] {override.py:1912} INFO - Created Permission View: can create on DAG Run:read_dataset_event_from_classic
[2025-03-17T23:21:37.658+0000] {logging_mixin.py:190} INFO - [2025-03-17T23:21:37.658+0000] {override.py:1912} INFO - Created Permission View: menu access on DAG Run:read_dataset_event_from_classic
[2025-03-17T23:21:37.660+0000] {logging_mixin.py:190} INFO - [2025-03-17T23:21:37.660+0000] {override.py:1912} INFO - Created Permission View: can read on DAG Run:read_dataset_event_from_classic
[2025-03-17T23:21:37.662+0000] {logging_mixin.py:190} INFO - [2025-03-17T23:21:37.662+0000] {override.py:1912} INFO - Created Permission View: can delete on DAG Run:read_dataset_event_from_classic
[2025-03-17T23:21:37.667+0000] {logging_mixin.py:190} INFO - [2025-03-17T23:21:37.667+0000] {override.py:1912} INFO - Created Permission View: can edit on DAG:read_dataset_event
[2025-03-17T23:21:37.670+0000] {logging_mixin.py:190} INFO - [2025-03-17T23:21:37.670+0000] {override.py:1912} INFO - Created Permission View: can read on DAG:read_dataset_event
[2025-03-17T23:21:37.672+0000] {logging_mixin.py:190} INFO - [2025-03-17T23:21:37.672+0000] {override.py:1912} INFO - Created Permission View: can delete on DAG:read_dataset_event
[2025-03-17T23:21:37.674+0000] {logging_mixin.py:190} INFO - [2025-03-17T23:21:37.674+0000] {override.py:1912} INFO - Created Permission View: can create on DAG Run:read_dataset_event
[2025-03-17T23:21:37.676+0000] {logging_mixin.py:190} INFO - [2025-03-17T23:21:37.676+0000] {override.py:1912} INFO - Created Permission View: menu access on DAG Run:read_dataset_event
[2025-03-17T23:21:37.678+0000] {logging_mixin.py:190} INFO - [2025-03-17T23:21:37.678+0000] {override.py:1912} INFO - Created Permission View: can read on DAG Run:read_dataset_event
[2025-03-17T23:21:37.680+0000] {logging_mixin.py:190} INFO - [2025-03-17T23:21:37.680+0000] {override.py:1912} INFO - Created Permission View: can delete on DAG Run:read_dataset_event
[2025-03-17T23:21:37.681+0000] {logging_mixin.py:190} INFO - [2025-03-17T23:21:37.680+0000] {dag.py:3239} INFO - Sync 2 DAGs
[2025-03-17T23:21:37.686+0000] {logging_mixin.py:190} INFO - [2025-03-17T23:21:37.686+0000] {dag.py:3262} INFO - Creating ORM DAG for read_dataset_event_from_classic
[2025-03-17T23:21:37.686+0000] {logging_mixin.py:190} INFO - [2025-03-17T23:21:37.686+0000] {dag.py:3262} INFO - Creating ORM DAG for read_dataset_event
[2025-03-17T23:21:37.690+0000] {logging_mixin.py:190} INFO - [2025-03-17T23:21:37.690+0000] {dag.py:4180} INFO - Setting next_dagrun for read_dataset_event to 2025-03-16 00:00:00+00:00, run_after=2025-03-17 00:00:00+00:00
[2025-03-17T23:21:37.691+0000] {logging_mixin.py:190} INFO - [2025-03-17T23:21:37.691+0000] {dag.py:4180} INFO - Setting next_dagrun for read_dataset_event_from_classic to 2025-03-16 00:00:00+00:00, run_after=2025-03-17 00:00:00+00:00
[2025-03-17T23:21:37.698+0000] {processor.py:208} INFO - Processing /home/airflow/.local/lib/python3.12/site-packages/airflow/example_dags/example_inlet_event_extra.py took 0.411 seconds
[2025-03-17T23:22:08.174+0000] {processor.py:186} INFO - Started process (PID=723) to work on /home/airflow/.local/lib/python3.12/site-packages/airflow/example_dags/example_inlet_event_extra.py
[2025-03-17T23:22:08.175+0000] {processor.py:914} INFO - Processing file /home/airflow/.local/lib/python3.12/site-packages/airflow/example_dags/example_inlet_event_extra.py for tasks to queue
[2025-03-17T23:22:08.176+0000] {logging_mixin.py:190} INFO - [2025-03-17T23:22:08.176+0000] {dagbag.py:588} INFO - Filling up the DagBag from /home/airflow/.local/lib/python3.12/site-packages/airflow/example_dags/example_inlet_event_extra.py
[2025-03-17T23:22:08.359+0000] {processor.py:925} INFO - DAG(s) 'read_dataset_event', 'read_dataset_event_from_classic' retrieved from /home/airflow/.local/lib/python3.12/site-packages/airflow/example_dags/example_inlet_event_extra.py
[2025-03-17T23:22:08.370+0000] {logging_mixin.py:190} INFO - [2025-03-17T23:22:08.370+0000] {dag.py:3239} INFO - Sync 2 DAGs
[2025-03-17T23:22:08.550+0000] {logging_mixin.py:190} INFO - [2025-03-17T23:22:08.550+0000] {dag.py:4180} INFO - Setting next_dagrun for read_dataset_event to 2025-03-16 00:00:00+00:00, run_after=2025-03-17 00:00:00+00:00
[2025-03-17T23:22:08.555+0000] {logging_mixin.py:190} INFO - [2025-03-17T23:22:08.555+0000] {dag.py:4180} INFO - Setting next_dagrun for read_dataset_event_from_classic to 2025-03-16 00:00:00+00:00, run_after=2025-03-17 00:00:00+00:00
[2025-03-17T23:22:08.563+0000] {processor.py:208} INFO - Processing /home/airflow/.local/lib/python3.12/site-packages/airflow/example_dags/example_inlet_event_extra.py took 0.392 seconds
[2025-03-17T23:22:39.248+0000] {processor.py:186} INFO - Started process (PID=1014) to work on /home/airflow/.local/lib/python3.12/site-packages/airflow/example_dags/example_inlet_event_extra.py
[2025-03-17T23:22:39.250+0000] {processor.py:914} INFO - Processing file /home/airflow/.local/lib/python3.12/site-packages/airflow/example_dags/example_inlet_event_extra.py for tasks to queue
[2025-03-17T23:22:39.252+0000] {logging_mixin.py:190} INFO - [2025-03-17T23:22:39.251+0000] {dagbag.py:588} INFO - Filling up the DagBag from /home/airflow/.local/lib/python3.12/site-packages/airflow/example_dags/example_inlet_event_extra.py
[2025-03-17T23:22:39.585+0000] {processor.py:925} INFO - DAG(s) 'read_dataset_event', 'read_dataset_event_from_classic' retrieved from /home/airflow/.local/lib/python3.12/site-packages/airflow/example_dags/example_inlet_event_extra.py
[2025-03-17T23:22:39.598+0000] {logging_mixin.py:190} INFO - [2025-03-17T23:22:39.598+0000] {dag.py:3239} INFO - Sync 2 DAGs
[2025-03-17T23:22:39.610+0000] {logging_mixin.py:190} INFO - [2025-03-17T23:22:39.609+0000] {dag.py:4180} INFO - Setting next_dagrun for read_dataset_event to 2025-03-16 00:00:00+00:00, run_after=2025-03-17 00:00:00+00:00
[2025-03-17T23:22:39.613+0000] {logging_mixin.py:190} INFO - [2025-03-17T23:22:39.613+0000] {dag.py:4180} INFO - Setting next_dagrun for read_dataset_event_from_classic to 2025-03-16 00:00:00+00:00, run_after=2025-03-17 00:00:00+00:00
[2025-03-17T23:22:39.623+0000] {processor.py:208} INFO - Processing /home/airflow/.local/lib/python3.12/site-packages/airflow/example_dags/example_inlet_event_extra.py took 0.379 seconds
[2025-03-17T23:23:10.011+0000] {processor.py:186} INFO - Started process (PID=1305) to work on /home/airflow/.local/lib/python3.12/site-packages/airflow/example_dags/example_inlet_event_extra.py
[2025-03-17T23:23:10.012+0000] {processor.py:914} INFO - Processing file /home/airflow/.local/lib/python3.12/site-packages/airflow/example_dags/example_inlet_event_extra.py for tasks to queue
[2025-03-17T23:23:10.013+0000] {logging_mixin.py:190} INFO - [2025-03-17T23:23:10.013+0000] {dagbag.py:588} INFO - Filling up the DagBag from /home/airflow/.local/lib/python3.12/site-packages/airflow/example_dags/example_inlet_event_extra.py
[2025-03-17T23:23:10.326+0000] {processor.py:925} INFO - DAG(s) 'read_dataset_event_from_classic', 'read_dataset_event' retrieved from /home/airflow/.local/lib/python3.12/site-packages/airflow/example_dags/example_inlet_event_extra.py
[2025-03-17T23:23:10.338+0000] {logging_mixin.py:190} INFO - [2025-03-17T23:23:10.338+0000] {dag.py:3239} INFO - Sync 2 DAGs
[2025-03-17T23:23:10.349+0000] {logging_mixin.py:190} INFO - [2025-03-17T23:23:10.349+0000] {dag.py:4180} INFO - Setting next_dagrun for read_dataset_event to 2025-03-16 00:00:00+00:00, run_after=2025-03-17 00:00:00+00:00
[2025-03-17T23:23:10.351+0000] {logging_mixin.py:190} INFO - [2025-03-17T23:23:10.351+0000] {dag.py:4180} INFO - Setting next_dagrun for read_dataset_event_from_classic to 2025-03-16 00:00:00+00:00, run_after=2025-03-17 00:00:00+00:00
[2025-03-17T23:23:10.360+0000] {processor.py:208} INFO - Processing /home/airflow/.local/lib/python3.12/site-packages/airflow/example_dags/example_inlet_event_extra.py took 0.354 seconds
[2025-03-17T23:23:41.214+0000] {processor.py:186} INFO - Started process (PID=1596) to work on /home/airflow/.local/lib/python3.12/site-packages/airflow/example_dags/example_inlet_event_extra.py
[2025-03-17T23:23:41.215+0000] {processor.py:914} INFO - Processing file /home/airflow/.local/lib/python3.12/site-packages/airflow/example_dags/example_inlet_event_extra.py for tasks to queue
[2025-03-17T23:23:41.217+0000] {logging_mixin.py:190} INFO - [2025-03-17T23:23:41.217+0000] {dagbag.py:588} INFO - Filling up the DagBag from /home/airflow/.local/lib/python3.12/site-packages/airflow/example_dags/example_inlet_event_extra.py
[2025-03-17T23:23:41.422+0000] {processor.py:925} INFO - DAG(s) 'read_dataset_event', 'read_dataset_event_from_classic' retrieved from /home/airflow/.local/lib/python3.12/site-packages/airflow/example_dags/example_inlet_event_extra.py
[2025-03-17T23:23:41.598+0000] {logging_mixin.py:190} INFO - [2025-03-17T23:23:41.598+0000] {dag.py:3239} INFO - Sync 2 DAGs
[2025-03-17T23:23:41.609+0000] {logging_mixin.py:190} INFO - [2025-03-17T23:23:41.609+0000] {dag.py:4180} INFO - Setting next_dagrun for read_dataset_event to 2025-03-16 00:00:00+00:00, run_after=2025-03-17 00:00:00+00:00
[2025-03-17T23:23:41.612+0000] {logging_mixin.py:190} INFO - [2025-03-17T23:23:41.612+0000] {dag.py:4180} INFO - Setting next_dagrun for read_dataset_event_from_classic to 2025-03-16 00:00:00+00:00, run_after=2025-03-17 00:00:00+00:00
[2025-03-17T23:23:41.619+0000] {processor.py:208} INFO - Processing /home/airflow/.local/lib/python3.12/site-packages/airflow/example_dags/example_inlet_event_extra.py took 0.409 seconds
[2025-03-17T23:24:12.164+0000] {processor.py:186} INFO - Started process (PID=1886) to work on /home/airflow/.local/lib/python3.12/site-packages/airflow/example_dags/example_inlet_event_extra.py
[2025-03-17T23:24:12.166+0000] {processor.py:914} INFO - Processing file /home/airflow/.local/lib/python3.12/site-packages/airflow/example_dags/example_inlet_event_extra.py for tasks to queue
[2025-03-17T23:24:12.168+0000] {logging_mixin.py:190} INFO - [2025-03-17T23:24:12.168+0000] {dagbag.py:588} INFO - Filling up the DagBag from /home/airflow/.local/lib/python3.12/site-packages/airflow/example_dags/example_inlet_event_extra.py
[2025-03-17T23:24:12.481+0000] {processor.py:925} INFO - DAG(s) 'read_dataset_event', 'read_dataset_event_from_classic' retrieved from /home/airflow/.local/lib/python3.12/site-packages/airflow/example_dags/example_inlet_event_extra.py
[2025-03-17T23:24:12.508+0000] {logging_mixin.py:190} INFO - [2025-03-17T23:24:12.508+0000] {dag.py:3239} INFO - Sync 2 DAGs
[2025-03-17T23:24:12.521+0000] {logging_mixin.py:190} INFO - [2025-03-17T23:24:12.521+0000] {dag.py:4180} INFO - Setting next_dagrun for read_dataset_event to 2025-03-16 00:00:00+00:00, run_after=2025-03-17 00:00:00+00:00
[2025-03-17T23:24:12.525+0000] {logging_mixin.py:190} INFO - [2025-03-17T23:24:12.525+0000] {dag.py:4180} INFO - Setting next_dagrun for read_dataset_event_from_classic to 2025-03-16 00:00:00+00:00, run_after=2025-03-17 00:00:00+00:00
[2025-03-17T23:24:12.540+0000] {processor.py:208} INFO - Processing /home/airflow/.local/lib/python3.12/site-packages/airflow/example_dags/example_inlet_event_extra.py took 0.382 seconds
[2025-03-17T23:24:43.622+0000] {processor.py:186} INFO - Started process (PID=2177) to work on /home/airflow/.local/lib/python3.12/site-packages/airflow/example_dags/example_inlet_event_extra.py
[2025-03-17T23:24:43.624+0000] {processor.py:914} INFO - Processing file /home/airflow/.local/lib/python3.12/site-packages/airflow/example_dags/example_inlet_event_extra.py for tasks to queue
[2025-03-17T23:24:43.627+0000] {logging_mixin.py:190} INFO - [2025-03-17T23:24:43.626+0000] {dagbag.py:588} INFO - Filling up the DagBag from /home/airflow/.local/lib/python3.12/site-packages/airflow/example_dags/example_inlet_event_extra.py
[2025-03-17T23:24:43.998+0000] {processor.py:925} INFO - DAG(s) 'read_dataset_event', 'read_dataset_event_from_classic' retrieved from /home/airflow/.local/lib/python3.12/site-packages/airflow/example_dags/example_inlet_event_extra.py
[2025-03-17T23:24:44.011+0000] {logging_mixin.py:190} INFO - [2025-03-17T23:24:44.010+0000] {dag.py:3239} INFO - Sync 2 DAGs
[2025-03-17T23:24:44.024+0000] {logging_mixin.py:190} INFO - [2025-03-17T23:24:44.024+0000] {dag.py:4180} INFO - Setting next_dagrun for read_dataset_event to 2025-03-16 00:00:00+00:00, run_after=2025-03-17 00:00:00+00:00
[2025-03-17T23:24:44.026+0000] {logging_mixin.py:190} INFO - [2025-03-17T23:24:44.026+0000] {dag.py:4180} INFO - Setting next_dagrun for read_dataset_event_from_classic to 2025-03-16 00:00:00+00:00, run_after=2025-03-17 00:00:00+00:00
[2025-03-17T23:24:44.035+0000] {processor.py:208} INFO - Processing /home/airflow/.local/lib/python3.12/site-packages/airflow/example_dags/example_inlet_event_extra.py took 0.419 seconds
[2025-03-17T23:25:14.402+0000] {processor.py:186} INFO - Started process (PID=2468) to work on /home/airflow/.local/lib/python3.12/site-packages/airflow/example_dags/example_inlet_event_extra.py
[2025-03-17T23:25:14.403+0000] {processor.py:914} INFO - Processing file /home/airflow/.local/lib/python3.12/site-packages/airflow/example_dags/example_inlet_event_extra.py for tasks to queue
[2025-03-17T23:25:14.405+0000] {logging_mixin.py:190} INFO - [2025-03-17T23:25:14.405+0000] {dagbag.py:588} INFO - Filling up the DagBag from /home/airflow/.local/lib/python3.12/site-packages/airflow/example_dags/example_inlet_event_extra.py
[2025-03-17T23:25:14.776+0000] {processor.py:925} INFO - DAG(s) 'read_dataset_event_from_classic', 'read_dataset_event' retrieved from /home/airflow/.local/lib/python3.12/site-packages/airflow/example_dags/example_inlet_event_extra.py
[2025-03-17T23:25:14.786+0000] {logging_mixin.py:190} INFO - [2025-03-17T23:25:14.786+0000] {dag.py:3239} INFO - Sync 2 DAGs
[2025-03-17T23:25:14.798+0000] {logging_mixin.py:190} INFO - [2025-03-17T23:25:14.798+0000] {dag.py:4180} INFO - Setting next_dagrun for read_dataset_event to 2025-03-16 00:00:00+00:00, run_after=2025-03-17 00:00:00+00:00
[2025-03-17T23:25:14.800+0000] {logging_mixin.py:190} INFO - [2025-03-17T23:25:14.800+0000] {dag.py:4180} INFO - Setting next_dagrun for read_dataset_event_from_classic to 2025-03-16 00:00:00+00:00, run_after=2025-03-17 00:00:00+00:00
[2025-03-17T23:25:14.807+0000] {processor.py:208} INFO - Processing /home/airflow/.local/lib/python3.12/site-packages/airflow/example_dags/example_inlet_event_extra.py took 0.413 seconds
[2025-03-17T23:25:45.145+0000] {processor.py:186} INFO - Started process (PID=2759) to work on /home/airflow/.local/lib/python3.12/site-packages/airflow/example_dags/example_inlet_event_extra.py
[2025-03-17T23:25:45.147+0000] {processor.py:914} INFO - Processing file /home/airflow/.local/lib/python3.12/site-packages/airflow/example_dags/example_inlet_event_extra.py for tasks to queue
[2025-03-17T23:25:45.149+0000] {logging_mixin.py:190} INFO - [2025-03-17T23:25:45.149+0000] {dagbag.py:588} INFO - Filling up the DagBag from /home/airflow/.local/lib/python3.12/site-packages/airflow/example_dags/example_inlet_event_extra.py
[2025-03-17T23:25:45.455+0000] {processor.py:925} INFO - DAG(s) 'read_dataset_event_from_classic', 'read_dataset_event' retrieved from /home/airflow/.local/lib/python3.12/site-packages/airflow/example_dags/example_inlet_event_extra.py
[2025-03-17T23:25:45.466+0000] {logging_mixin.py:190} INFO - [2025-03-17T23:25:45.466+0000] {dag.py:3239} INFO - Sync 2 DAGs
[2025-03-17T23:25:45.476+0000] {logging_mixin.py:190} INFO - [2025-03-17T23:25:45.476+0000] {dag.py:4180} INFO - Setting next_dagrun for read_dataset_event to 2025-03-16 00:00:00+00:00, run_after=2025-03-17 00:00:00+00:00
[2025-03-17T23:25:45.478+0000] {logging_mixin.py:190} INFO - [2025-03-17T23:25:45.478+0000] {dag.py:4180} INFO - Setting next_dagrun for read_dataset_event_from_classic to 2025-03-16 00:00:00+00:00, run_after=2025-03-17 00:00:00+00:00
[2025-03-17T23:25:45.485+0000] {processor.py:208} INFO - Processing /home/airflow/.local/lib/python3.12/site-packages/airflow/example_dags/example_inlet_event_extra.py took 0.346 seconds
[2025-03-17T23:26:16.043+0000] {processor.py:186} INFO - Started process (PID=3050) to work on /home/airflow/.local/lib/python3.12/site-packages/airflow/example_dags/example_inlet_event_extra.py
[2025-03-17T23:26:16.044+0000] {processor.py:914} INFO - Processing file /home/airflow/.local/lib/python3.12/site-packages/airflow/example_dags/example_inlet_event_extra.py for tasks to queue
[2025-03-17T23:26:16.046+0000] {logging_mixin.py:190} INFO - [2025-03-17T23:26:16.046+0000] {dagbag.py:588} INFO - Filling up the DagBag from /home/airflow/.local/lib/python3.12/site-packages/airflow/example_dags/example_inlet_event_extra.py
[2025-03-17T23:26:16.331+0000] {processor.py:925} INFO - DAG(s) 'read_dataset_event_from_classic', 'read_dataset_event' retrieved from /home/airflow/.local/lib/python3.12/site-packages/airflow/example_dags/example_inlet_event_extra.py
[2025-03-17T23:26:16.341+0000] {logging_mixin.py:190} INFO - [2025-03-17T23:26:16.340+0000] {dag.py:3239} INFO - Sync 2 DAGs
[2025-03-17T23:26:16.352+0000] {logging_mixin.py:190} INFO - [2025-03-17T23:26:16.351+0000] {dag.py:4180} INFO - Setting next_dagrun for read_dataset_event to 2025-03-16 00:00:00+00:00, run_after=2025-03-17 00:00:00+00:00
[2025-03-17T23:26:16.354+0000] {logging_mixin.py:190} INFO - [2025-03-17T23:26:16.354+0000] {dag.py:4180} INFO - Setting next_dagrun for read_dataset_event_from_classic to 2025-03-16 00:00:00+00:00, run_after=2025-03-17 00:00:00+00:00
[2025-03-17T23:26:16.360+0000] {processor.py:208} INFO - Processing /home/airflow/.local/lib/python3.12/site-packages/airflow/example_dags/example_inlet_event_extra.py took 0.322 seconds
[2025-03-17T23:26:46.932+0000] {processor.py:186} INFO - Started process (PID=3341) to work on /home/airflow/.local/lib/python3.12/site-packages/airflow/example_dags/example_inlet_event_extra.py
[2025-03-17T23:26:46.933+0000] {processor.py:914} INFO - Processing file /home/airflow/.local/lib/python3.12/site-packages/airflow/example_dags/example_inlet_event_extra.py for tasks to queue
[2025-03-17T23:26:46.936+0000] {logging_mixin.py:190} INFO - [2025-03-17T23:26:46.936+0000] {dagbag.py:588} INFO - Filling up the DagBag from /home/airflow/.local/lib/python3.12/site-packages/airflow/example_dags/example_inlet_event_extra.py
[2025-03-17T23:26:47.229+0000] {processor.py:925} INFO - DAG(s) 'read_dataset_event', 'read_dataset_event_from_classic' retrieved from /home/airflow/.local/lib/python3.12/site-packages/airflow/example_dags/example_inlet_event_extra.py
[2025-03-17T23:26:47.240+0000] {logging_mixin.py:190} INFO - [2025-03-17T23:26:47.240+0000] {dag.py:3239} INFO - Sync 2 DAGs
[2025-03-17T23:26:47.251+0000] {logging_mixin.py:190} INFO - [2025-03-17T23:26:47.250+0000] {dag.py:4180} INFO - Setting next_dagrun for read_dataset_event to 2025-03-16 00:00:00+00:00, run_after=2025-03-17 00:00:00+00:00
[2025-03-17T23:26:47.253+0000] {logging_mixin.py:190} INFO - [2025-03-17T23:26:47.253+0000] {dag.py:4180} INFO - Setting next_dagrun for read_dataset_event_from_classic to 2025-03-16 00:00:00+00:00, run_after=2025-03-17 00:00:00+00:00
[2025-03-17T23:26:47.261+0000] {processor.py:208} INFO - Processing /home/airflow/.local/lib/python3.12/site-packages/airflow/example_dags/example_inlet_event_extra.py took 0.334 seconds
[2025-03-17T23:27:17.906+0000] {processor.py:186} INFO - Started process (PID=3632) to work on /home/airflow/.local/lib/python3.12/site-packages/airflow/example_dags/example_inlet_event_extra.py
[2025-03-17T23:27:17.908+0000] {processor.py:914} INFO - Processing file /home/airflow/.local/lib/python3.12/site-packages/airflow/example_dags/example_inlet_event_extra.py for tasks to queue
[2025-03-17T23:27:17.910+0000] {logging_mixin.py:190} INFO - [2025-03-17T23:27:17.910+0000] {dagbag.py:588} INFO - Filling up the DagBag from /home/airflow/.local/lib/python3.12/site-packages/airflow/example_dags/example_inlet_event_extra.py
[2025-03-17T23:27:18.187+0000] {processor.py:925} INFO - DAG(s) 'read_dataset_event', 'read_dataset_event_from_classic' retrieved from /home/airflow/.local/lib/python3.12/site-packages/airflow/example_dags/example_inlet_event_extra.py
[2025-03-17T23:27:18.200+0000] {logging_mixin.py:190} INFO - [2025-03-17T23:27:18.200+0000] {dag.py:3239} INFO - Sync 2 DAGs
[2025-03-17T23:27:18.214+0000] {logging_mixin.py:190} INFO - [2025-03-17T23:27:18.214+0000] {dag.py:4180} INFO - Setting next_dagrun for read_dataset_event to 2025-03-16 00:00:00+00:00, run_after=2025-03-17 00:00:00+00:00
[2025-03-17T23:27:18.217+0000] {logging_mixin.py:190} INFO - [2025-03-17T23:27:18.217+0000] {dag.py:4180} INFO - Setting next_dagrun for read_dataset_event_from_classic to 2025-03-16 00:00:00+00:00, run_after=2025-03-17 00:00:00+00:00
[2025-03-17T23:27:18.227+0000] {processor.py:208} INFO - Processing /home/airflow/.local/lib/python3.12/site-packages/airflow/example_dags/example_inlet_event_extra.py took 0.326 seconds
[2025-03-17T23:27:48.495+0000] {processor.py:186} INFO - Started process (PID=3923) to work on /home/airflow/.local/lib/python3.12/site-packages/airflow/example_dags/example_inlet_event_extra.py
[2025-03-17T23:27:48.496+0000] {processor.py:914} INFO - Processing file /home/airflow/.local/lib/python3.12/site-packages/airflow/example_dags/example_inlet_event_extra.py for tasks to queue
[2025-03-17T23:27:48.499+0000] {logging_mixin.py:190} INFO - [2025-03-17T23:27:48.499+0000] {dagbag.py:588} INFO - Filling up the DagBag from /home/airflow/.local/lib/python3.12/site-packages/airflow/example_dags/example_inlet_event_extra.py
[2025-03-17T23:27:48.880+0000] {processor.py:925} INFO - DAG(s) 'read_dataset_event', 'read_dataset_event_from_classic' retrieved from /home/airflow/.local/lib/python3.12/site-packages/airflow/example_dags/example_inlet_event_extra.py
[2025-03-17T23:27:48.893+0000] {logging_mixin.py:190} INFO - [2025-03-17T23:27:48.893+0000] {dag.py:3239} INFO - Sync 2 DAGs
[2025-03-17T23:27:48.904+0000] {logging_mixin.py:190} INFO - [2025-03-17T23:27:48.903+0000] {dag.py:4180} INFO - Setting next_dagrun for read_dataset_event to 2025-03-16 00:00:00+00:00, run_after=2025-03-17 00:00:00+00:00
[2025-03-17T23:27:48.907+0000] {logging_mixin.py:190} INFO - [2025-03-17T23:27:48.907+0000] {dag.py:4180} INFO - Setting next_dagrun for read_dataset_event_from_classic to 2025-03-16 00:00:00+00:00, run_after=2025-03-17 00:00:00+00:00
[2025-03-17T23:27:48.918+0000] {processor.py:208} INFO - Processing /home/airflow/.local/lib/python3.12/site-packages/airflow/example_dags/example_inlet_event_extra.py took 0.427 seconds
[2025-03-17T23:28:19.544+0000] {processor.py:186} INFO - Started process (PID=4214) to work on /home/airflow/.local/lib/python3.12/site-packages/airflow/example_dags/example_inlet_event_extra.py
[2025-03-17T23:28:19.545+0000] {processor.py:914} INFO - Processing file /home/airflow/.local/lib/python3.12/site-packages/airflow/example_dags/example_inlet_event_extra.py for tasks to queue
[2025-03-17T23:28:19.547+0000] {logging_mixin.py:190} INFO - [2025-03-17T23:28:19.546+0000] {dagbag.py:588} INFO - Filling up the DagBag from /home/airflow/.local/lib/python3.12/site-packages/airflow/example_dags/example_inlet_event_extra.py
[2025-03-17T23:28:19.839+0000] {processor.py:925} INFO - DAG(s) 'read_dataset_event', 'read_dataset_event_from_classic' retrieved from /home/airflow/.local/lib/python3.12/site-packages/airflow/example_dags/example_inlet_event_extra.py
[2025-03-17T23:28:19.851+0000] {logging_mixin.py:190} INFO - [2025-03-17T23:28:19.851+0000] {dag.py:3239} INFO - Sync 2 DAGs
[2025-03-17T23:28:19.863+0000] {logging_mixin.py:190} INFO - [2025-03-17T23:28:19.863+0000] {dag.py:4180} INFO - Setting next_dagrun for read_dataset_event to 2025-03-16 00:00:00+00:00, run_after=2025-03-17 00:00:00+00:00
[2025-03-17T23:28:19.866+0000] {logging_mixin.py:190} INFO - [2025-03-17T23:28:19.865+0000] {dag.py:4180} INFO - Setting next_dagrun for read_dataset_event_from_classic to 2025-03-16 00:00:00+00:00, run_after=2025-03-17 00:00:00+00:00
[2025-03-17T23:28:19.874+0000] {processor.py:208} INFO - Processing /home/airflow/.local/lib/python3.12/site-packages/airflow/example_dags/example_inlet_event_extra.py took 0.336 seconds
[2025-03-17T23:28:50.317+0000] {processor.py:186} INFO - Started process (PID=4505) to work on /home/airflow/.local/lib/python3.12/site-packages/airflow/example_dags/example_inlet_event_extra.py
[2025-03-17T23:28:50.318+0000] {processor.py:914} INFO - Processing file /home/airflow/.local/lib/python3.12/site-packages/airflow/example_dags/example_inlet_event_extra.py for tasks to queue
[2025-03-17T23:28:50.321+0000] {logging_mixin.py:190} INFO - [2025-03-17T23:28:50.321+0000] {dagbag.py:588} INFO - Filling up the DagBag from /home/airflow/.local/lib/python3.12/site-packages/airflow/example_dags/example_inlet_event_extra.py
[2025-03-17T23:28:50.587+0000] {processor.py:925} INFO - DAG(s) 'read_dataset_event', 'read_dataset_event_from_classic' retrieved from /home/airflow/.local/lib/python3.12/site-packages/airflow/example_dags/example_inlet_event_extra.py
[2025-03-17T23:28:50.597+0000] {logging_mixin.py:190} INFO - [2025-03-17T23:28:50.597+0000] {dag.py:3239} INFO - Sync 2 DAGs
[2025-03-17T23:28:50.608+0000] {logging_mixin.py:190} INFO - [2025-03-17T23:28:50.608+0000] {dag.py:4180} INFO - Setting next_dagrun for read_dataset_event to 2025-03-16 00:00:00+00:00, run_after=2025-03-17 00:00:00+00:00
[2025-03-17T23:28:50.610+0000] {logging_mixin.py:190} INFO - [2025-03-17T23:28:50.610+0000] {dag.py:4180} INFO - Setting next_dagrun for read_dataset_event_from_classic to 2025-03-16 00:00:00+00:00, run_after=2025-03-17 00:00:00+00:00
[2025-03-17T23:28:50.619+0000] {processor.py:208} INFO - Processing /home/airflow/.local/lib/python3.12/site-packages/airflow/example_dags/example_inlet_event_extra.py took 0.308 seconds
[2025-03-17T23:29:20.944+0000] {processor.py:186} INFO - Started process (PID=4796) to work on /home/airflow/.local/lib/python3.12/site-packages/airflow/example_dags/example_inlet_event_extra.py
[2025-03-17T23:29:20.946+0000] {processor.py:914} INFO - Processing file /home/airflow/.local/lib/python3.12/site-packages/airflow/example_dags/example_inlet_event_extra.py for tasks to queue
[2025-03-17T23:29:20.949+0000] {logging_mixin.py:190} INFO - [2025-03-17T23:29:20.949+0000] {dagbag.py:588} INFO - Filling up the DagBag from /home/airflow/.local/lib/python3.12/site-packages/airflow/example_dags/example_inlet_event_extra.py
[2025-03-17T23:29:21.209+0000] {processor.py:925} INFO - DAG(s) 'read_dataset_event_from_classic', 'read_dataset_event' retrieved from /home/airflow/.local/lib/python3.12/site-packages/airflow/example_dags/example_inlet_event_extra.py
[2025-03-17T23:29:21.221+0000] {logging_mixin.py:190} INFO - [2025-03-17T23:29:21.221+0000] {dag.py:3239} INFO - Sync 2 DAGs
[2025-03-17T23:29:21.232+0000] {logging_mixin.py:190} INFO - [2025-03-17T23:29:21.232+0000] {dag.py:4180} INFO - Setting next_dagrun for read_dataset_event to 2025-03-16 00:00:00+00:00, run_after=2025-03-17 00:00:00+00:00
[2025-03-17T23:29:21.235+0000] {logging_mixin.py:190} INFO - [2025-03-17T23:29:21.235+0000] {dag.py:4180} INFO - Setting next_dagrun for read_dataset_event_from_classic to 2025-03-16 00:00:00+00:00, run_after=2025-03-17 00:00:00+00:00
[2025-03-17T23:29:21.243+0000] {processor.py:208} INFO - Processing /home/airflow/.local/lib/python3.12/site-packages/airflow/example_dags/example_inlet_event_extra.py took 0.305 seconds
[2025-03-17T23:29:51.485+0000] {processor.py:186} INFO - Started process (PID=5087) to work on /home/airflow/.local/lib/python3.12/site-packages/airflow/example_dags/example_inlet_event_extra.py
[2025-03-17T23:29:51.486+0000] {processor.py:914} INFO - Processing file /home/airflow/.local/lib/python3.12/site-packages/airflow/example_dags/example_inlet_event_extra.py for tasks to queue
[2025-03-17T23:29:51.488+0000] {logging_mixin.py:190} INFO - [2025-03-17T23:29:51.487+0000] {dagbag.py:588} INFO - Filling up the DagBag from /home/airflow/.local/lib/python3.12/site-packages/airflow/example_dags/example_inlet_event_extra.py
[2025-03-17T23:29:51.747+0000] {processor.py:925} INFO - DAG(s) 'read_dataset_event', 'read_dataset_event_from_classic' retrieved from /home/airflow/.local/lib/python3.12/site-packages/airflow/example_dags/example_inlet_event_extra.py
[2025-03-17T23:29:51.756+0000] {logging_mixin.py:190} INFO - [2025-03-17T23:29:51.756+0000] {dag.py:3239} INFO - Sync 2 DAGs
[2025-03-17T23:29:51.765+0000] {logging_mixin.py:190} INFO - [2025-03-17T23:29:51.765+0000] {dag.py:4180} INFO - Setting next_dagrun for read_dataset_event to 2025-03-16 00:00:00+00:00, run_after=2025-03-17 00:00:00+00:00
[2025-03-17T23:29:51.767+0000] {logging_mixin.py:190} INFO - [2025-03-17T23:29:51.767+0000] {dag.py:4180} INFO - Setting next_dagrun for read_dataset_event_from_classic to 2025-03-16 00:00:00+00:00, run_after=2025-03-17 00:00:00+00:00
[2025-03-17T23:29:51.773+0000] {processor.py:208} INFO - Processing /home/airflow/.local/lib/python3.12/site-packages/airflow/example_dags/example_inlet_event_extra.py took 0.293 seconds
[2025-03-17T23:30:22.109+0000] {processor.py:186} INFO - Started process (PID=5378) to work on /home/airflow/.local/lib/python3.12/site-packages/airflow/example_dags/example_inlet_event_extra.py
[2025-03-17T23:30:22.110+0000] {processor.py:914} INFO - Processing file /home/airflow/.local/lib/python3.12/site-packages/airflow/example_dags/example_inlet_event_extra.py for tasks to queue
[2025-03-17T23:30:22.113+0000] {logging_mixin.py:190} INFO - [2025-03-17T23:30:22.113+0000] {dagbag.py:588} INFO - Filling up the DagBag from /home/airflow/.local/lib/python3.12/site-packages/airflow/example_dags/example_inlet_event_extra.py
[2025-03-17T23:30:22.375+0000] {processor.py:925} INFO - DAG(s) 'read_dataset_event', 'read_dataset_event_from_classic' retrieved from /home/airflow/.local/lib/python3.12/site-packages/airflow/example_dags/example_inlet_event_extra.py
[2025-03-17T23:30:22.385+0000] {logging_mixin.py:190} INFO - [2025-03-17T23:30:22.385+0000] {dag.py:3239} INFO - Sync 2 DAGs
[2025-03-17T23:30:22.398+0000] {logging_mixin.py:190} INFO - [2025-03-17T23:30:22.398+0000] {dag.py:4180} INFO - Setting next_dagrun for read_dataset_event to 2025-03-16 00:00:00+00:00, run_after=2025-03-17 00:00:00+00:00
[2025-03-17T23:30:22.401+0000] {logging_mixin.py:190} INFO - [2025-03-17T23:30:22.401+0000] {dag.py:4180} INFO - Setting next_dagrun for read_dataset_event_from_classic to 2025-03-16 00:00:00+00:00, run_after=2025-03-17 00:00:00+00:00
[2025-03-17T23:30:22.410+0000] {processor.py:208} INFO - Processing /home/airflow/.local/lib/python3.12/site-packages/airflow/example_dags/example_inlet_event_extra.py took 0.307 seconds
[2025-03-17T23:30:52.676+0000] {processor.py:186} INFO - Started process (PID=5669) to work on /home/airflow/.local/lib/python3.12/site-packages/airflow/example_dags/example_inlet_event_extra.py
[2025-03-17T23:30:52.678+0000] {processor.py:914} INFO - Processing file /home/airflow/.local/lib/python3.12/site-packages/airflow/example_dags/example_inlet_event_extra.py for tasks to queue
[2025-03-17T23:30:52.681+0000] {logging_mixin.py:190} INFO - [2025-03-17T23:30:52.681+0000] {dagbag.py:588} INFO - Filling up the DagBag from /home/airflow/.local/lib/python3.12/site-packages/airflow/example_dags/example_inlet_event_extra.py
[2025-03-17T23:30:52.921+0000] {processor.py:925} INFO - DAG(s) 'read_dataset_event', 'read_dataset_event_from_classic' retrieved from /home/airflow/.local/lib/python3.12/site-packages/airflow/example_dags/example_inlet_event_extra.py
[2025-03-17T23:30:52.931+0000] {logging_mixin.py:190} INFO - [2025-03-17T23:30:52.931+0000] {dag.py:3239} INFO - Sync 2 DAGs
[2025-03-17T23:30:52.942+0000] {logging_mixin.py:190} INFO - [2025-03-17T23:30:52.942+0000] {dag.py:4180} INFO - Setting next_dagrun for read_dataset_event to 2025-03-16 00:00:00+00:00, run_after=2025-03-17 00:00:00+00:00
[2025-03-17T23:30:52.944+0000] {logging_mixin.py:190} INFO - [2025-03-17T23:30:52.944+0000] {dag.py:4180} INFO - Setting next_dagrun for read_dataset_event_from_classic to 2025-03-16 00:00:00+00:00, run_after=2025-03-17 00:00:00+00:00
[2025-03-17T23:30:52.952+0000] {processor.py:208} INFO - Processing /home/airflow/.local/lib/python3.12/site-packages/airflow/example_dags/example_inlet_event_extra.py took 0.280 seconds
[2025-03-17T23:31:23.250+0000] {processor.py:186} INFO - Started process (PID=5960) to work on /home/airflow/.local/lib/python3.12/site-packages/airflow/example_dags/example_inlet_event_extra.py
[2025-03-17T23:31:23.252+0000] {processor.py:914} INFO - Processing file /home/airflow/.local/lib/python3.12/site-packages/airflow/example_dags/example_inlet_event_extra.py for tasks to queue
[2025-03-17T23:31:23.254+0000] {logging_mixin.py:190} INFO - [2025-03-17T23:31:23.254+0000] {dagbag.py:588} INFO - Filling up the DagBag from /home/airflow/.local/lib/python3.12/site-packages/airflow/example_dags/example_inlet_event_extra.py
[2025-03-17T23:31:23.509+0000] {processor.py:925} INFO - DAG(s) 'read_dataset_event', 'read_dataset_event_from_classic' retrieved from /home/airflow/.local/lib/python3.12/site-packages/airflow/example_dags/example_inlet_event_extra.py
[2025-03-17T23:31:23.520+0000] {logging_mixin.py:190} INFO - [2025-03-17T23:31:23.520+0000] {dag.py:3239} INFO - Sync 2 DAGs
[2025-03-17T23:31:23.531+0000] {logging_mixin.py:190} INFO - [2025-03-17T23:31:23.531+0000] {dag.py:4180} INFO - Setting next_dagrun for read_dataset_event to 2025-03-16 00:00:00+00:00, run_after=2025-03-17 00:00:00+00:00
[2025-03-17T23:31:23.535+0000] {logging_mixin.py:190} INFO - [2025-03-17T23:31:23.535+0000] {dag.py:4180} INFO - Setting next_dagrun for read_dataset_event_from_classic to 2025-03-16 00:00:00+00:00, run_after=2025-03-17 00:00:00+00:00
[2025-03-17T23:31:23.546+0000] {processor.py:208} INFO - Processing /home/airflow/.local/lib/python3.12/site-packages/airflow/example_dags/example_inlet_event_extra.py took 0.301 seconds
[2025-03-17T23:31:53.773+0000] {processor.py:186} INFO - Started process (PID=6251) to work on /home/airflow/.local/lib/python3.12/site-packages/airflow/example_dags/example_inlet_event_extra.py
[2025-03-17T23:31:53.774+0000] {processor.py:914} INFO - Processing file /home/airflow/.local/lib/python3.12/site-packages/airflow/example_dags/example_inlet_event_extra.py for tasks to queue
[2025-03-17T23:31:53.776+0000] {logging_mixin.py:190} INFO - [2025-03-17T23:31:53.776+0000] {dagbag.py:588} INFO - Filling up the DagBag from /home/airflow/.local/lib/python3.12/site-packages/airflow/example_dags/example_inlet_event_extra.py
[2025-03-17T23:31:54.037+0000] {processor.py:925} INFO - DAG(s) 'read_dataset_event', 'read_dataset_event_from_classic' retrieved from /home/airflow/.local/lib/python3.12/site-packages/airflow/example_dags/example_inlet_event_extra.py
[2025-03-17T23:31:54.047+0000] {logging_mixin.py:190} INFO - [2025-03-17T23:31:54.047+0000] {dag.py:3239} INFO - Sync 2 DAGs
[2025-03-17T23:31:54.056+0000] {logging_mixin.py:190} INFO - [2025-03-17T23:31:54.056+0000] {dag.py:4180} INFO - Setting next_dagrun for read_dataset_event to 2025-03-16 00:00:00+00:00, run_after=2025-03-17 00:00:00+00:00
[2025-03-17T23:31:54.058+0000] {logging_mixin.py:190} INFO - [2025-03-17T23:31:54.058+0000] {dag.py:4180} INFO - Setting next_dagrun for read_dataset_event_from_classic to 2025-03-16 00:00:00+00:00, run_after=2025-03-17 00:00:00+00:00
[2025-03-17T23:31:54.064+0000] {processor.py:208} INFO - Processing /home/airflow/.local/lib/python3.12/site-packages/airflow/example_dags/example_inlet_event_extra.py took 0.297 seconds
[2025-03-17T23:32:24.419+0000] {processor.py:186} INFO - Started process (PID=6542) to work on /home/airflow/.local/lib/python3.12/site-packages/airflow/example_dags/example_inlet_event_extra.py
[2025-03-17T23:32:24.420+0000] {processor.py:914} INFO - Processing file /home/airflow/.local/lib/python3.12/site-packages/airflow/example_dags/example_inlet_event_extra.py for tasks to queue
[2025-03-17T23:32:24.423+0000] {logging_mixin.py:190} INFO - [2025-03-17T23:32:24.422+0000] {dagbag.py:588} INFO - Filling up the DagBag from /home/airflow/.local/lib/python3.12/site-packages/airflow/example_dags/example_inlet_event_extra.py
[2025-03-17T23:32:24.719+0000] {processor.py:925} INFO - DAG(s) 'read_dataset_event', 'read_dataset_event_from_classic' retrieved from /home/airflow/.local/lib/python3.12/site-packages/airflow/example_dags/example_inlet_event_extra.py
[2025-03-17T23:32:24.730+0000] {logging_mixin.py:190} INFO - [2025-03-17T23:32:24.730+0000] {dag.py:3239} INFO - Sync 2 DAGs
[2025-03-17T23:32:24.741+0000] {logging_mixin.py:190} INFO - [2025-03-17T23:32:24.741+0000] {dag.py:4180} INFO - Setting next_dagrun for read_dataset_event to 2025-03-16 00:00:00+00:00, run_after=2025-03-17 00:00:00+00:00
[2025-03-17T23:32:24.743+0000] {logging_mixin.py:190} INFO - [2025-03-17T23:32:24.743+0000] {dag.py:4180} INFO - Setting next_dagrun for read_dataset_event_from_classic to 2025-03-16 00:00:00+00:00, run_after=2025-03-17 00:00:00+00:00
[2025-03-17T23:32:24.749+0000] {processor.py:208} INFO - Processing /home/airflow/.local/lib/python3.12/site-packages/airflow/example_dags/example_inlet_event_extra.py took 0.337 seconds
[2025-03-17T23:32:54.902+0000] {processor.py:186} INFO - Started process (PID=6833) to work on /home/airflow/.local/lib/python3.12/site-packages/airflow/example_dags/example_inlet_event_extra.py
[2025-03-17T23:32:54.903+0000] {processor.py:914} INFO - Processing file /home/airflow/.local/lib/python3.12/site-packages/airflow/example_dags/example_inlet_event_extra.py for tasks to queue
[2025-03-17T23:32:54.905+0000] {logging_mixin.py:190} INFO - [2025-03-17T23:32:54.904+0000] {dagbag.py:588} INFO - Filling up the DagBag from /home/airflow/.local/lib/python3.12/site-packages/airflow/example_dags/example_inlet_event_extra.py
[2025-03-17T23:32:55.181+0000] {processor.py:925} INFO - DAG(s) 'read_dataset_event_from_classic', 'read_dataset_event' retrieved from /home/airflow/.local/lib/python3.12/site-packages/airflow/example_dags/example_inlet_event_extra.py
[2025-03-17T23:32:55.190+0000] {logging_mixin.py:190} INFO - [2025-03-17T23:32:55.190+0000] {dag.py:3239} INFO - Sync 2 DAGs
[2025-03-17T23:32:55.200+0000] {logging_mixin.py:190} INFO - [2025-03-17T23:32:55.200+0000] {dag.py:4180} INFO - Setting next_dagrun for read_dataset_event to 2025-03-16 00:00:00+00:00, run_after=2025-03-17 00:00:00+00:00
[2025-03-17T23:32:55.202+0000] {logging_mixin.py:190} INFO - [2025-03-17T23:32:55.202+0000] {dag.py:4180} INFO - Setting next_dagrun for read_dataset_event_from_classic to 2025-03-16 00:00:00+00:00, run_after=2025-03-17 00:00:00+00:00
[2025-03-17T23:32:55.209+0000] {processor.py:208} INFO - Processing /home/airflow/.local/lib/python3.12/site-packages/airflow/example_dags/example_inlet_event_extra.py took 0.314 seconds
[2025-03-17T23:33:25.689+0000] {processor.py:186} INFO - Started process (PID=7124) to work on /home/airflow/.local/lib/python3.12/site-packages/airflow/example_dags/example_inlet_event_extra.py
[2025-03-17T23:33:25.689+0000] {processor.py:914} INFO - Processing file /home/airflow/.local/lib/python3.12/site-packages/airflow/example_dags/example_inlet_event_extra.py for tasks to queue
[2025-03-17T23:33:25.691+0000] {logging_mixin.py:190} INFO - [2025-03-17T23:33:25.691+0000] {dagbag.py:588} INFO - Filling up the DagBag from /home/airflow/.local/lib/python3.12/site-packages/airflow/example_dags/example_inlet_event_extra.py
[2025-03-17T23:33:26.229+0000] {processor.py:925} INFO - DAG(s) 'read_dataset_event', 'read_dataset_event_from_classic' retrieved from /home/airflow/.local/lib/python3.12/site-packages/airflow/example_dags/example_inlet_event_extra.py
[2025-03-17T23:33:26.245+0000] {logging_mixin.py:190} INFO - [2025-03-17T23:33:26.245+0000] {dag.py:3239} INFO - Sync 2 DAGs
[2025-03-17T23:33:26.258+0000] {logging_mixin.py:190} INFO - [2025-03-17T23:33:26.258+0000] {dag.py:4180} INFO - Setting next_dagrun for read_dataset_event to 2025-03-16 00:00:00+00:00, run_after=2025-03-17 00:00:00+00:00
[2025-03-17T23:33:26.261+0000] {logging_mixin.py:190} INFO - [2025-03-17T23:33:26.261+0000] {dag.py:4180} INFO - Setting next_dagrun for read_dataset_event_from_classic to 2025-03-16 00:00:00+00:00, run_after=2025-03-17 00:00:00+00:00
[2025-03-17T23:33:26.268+0000] {processor.py:208} INFO - Processing /home/airflow/.local/lib/python3.12/site-packages/airflow/example_dags/example_inlet_event_extra.py took 0.588 seconds
[2025-03-17T23:33:56.710+0000] {processor.py:186} INFO - Started process (PID=7415) to work on /home/airflow/.local/lib/python3.12/site-packages/airflow/example_dags/example_inlet_event_extra.py
[2025-03-17T23:33:56.711+0000] {processor.py:914} INFO - Processing file /home/airflow/.local/lib/python3.12/site-packages/airflow/example_dags/example_inlet_event_extra.py for tasks to queue
[2025-03-17T23:33:56.713+0000] {logging_mixin.py:190} INFO - [2025-03-17T23:33:56.712+0000] {dagbag.py:588} INFO - Filling up the DagBag from /home/airflow/.local/lib/python3.12/site-packages/airflow/example_dags/example_inlet_event_extra.py
[2025-03-17T23:33:56.992+0000] {processor.py:925} INFO - DAG(s) 'read_dataset_event', 'read_dataset_event_from_classic' retrieved from /home/airflow/.local/lib/python3.12/site-packages/airflow/example_dags/example_inlet_event_extra.py
[2025-03-17T23:33:57.002+0000] {logging_mixin.py:190} INFO - [2025-03-17T23:33:57.002+0000] {dag.py:3239} INFO - Sync 2 DAGs
[2025-03-17T23:33:57.013+0000] {logging_mixin.py:190} INFO - [2025-03-17T23:33:57.013+0000] {dag.py:4180} INFO - Setting next_dagrun for read_dataset_event to 2025-03-16 00:00:00+00:00, run_after=2025-03-17 00:00:00+00:00
[2025-03-17T23:33:57.015+0000] {logging_mixin.py:190} INFO - [2025-03-17T23:33:57.015+0000] {dag.py:4180} INFO - Setting next_dagrun for read_dataset_event_from_classic to 2025-03-16 00:00:00+00:00, run_after=2025-03-17 00:00:00+00:00
[2025-03-17T23:33:57.021+0000] {processor.py:208} INFO - Processing /home/airflow/.local/lib/python3.12/site-packages/airflow/example_dags/example_inlet_event_extra.py took 0.317 seconds
[2025-03-17T23:34:27.610+0000] {processor.py:186} INFO - Started process (PID=7706) to work on /home/airflow/.local/lib/python3.12/site-packages/airflow/example_dags/example_inlet_event_extra.py
[2025-03-17T23:34:27.611+0000] {processor.py:914} INFO - Processing file /home/airflow/.local/lib/python3.12/site-packages/airflow/example_dags/example_inlet_event_extra.py for tasks to queue
[2025-03-17T23:34:27.613+0000] {logging_mixin.py:190} INFO - [2025-03-17T23:34:27.613+0000] {dagbag.py:588} INFO - Filling up the DagBag from /home/airflow/.local/lib/python3.12/site-packages/airflow/example_dags/example_inlet_event_extra.py
[2025-03-17T23:34:27.876+0000] {processor.py:925} INFO - DAG(s) 'read_dataset_event', 'read_dataset_event_from_classic' retrieved from /home/airflow/.local/lib/python3.12/site-packages/airflow/example_dags/example_inlet_event_extra.py
[2025-03-17T23:34:27.885+0000] {logging_mixin.py:190} INFO - [2025-03-17T23:34:27.884+0000] {dag.py:3239} INFO - Sync 2 DAGs
[2025-03-17T23:34:27.895+0000] {logging_mixin.py:190} INFO - [2025-03-17T23:34:27.895+0000] {dag.py:4180} INFO - Setting next_dagrun for read_dataset_event to 2025-03-16 00:00:00+00:00, run_after=2025-03-17 00:00:00+00:00
[2025-03-17T23:34:27.898+0000] {logging_mixin.py:190} INFO - [2025-03-17T23:34:27.898+0000] {dag.py:4180} INFO - Setting next_dagrun for read_dataset_event_from_classic to 2025-03-16 00:00:00+00:00, run_after=2025-03-17 00:00:00+00:00
[2025-03-17T23:34:27.905+0000] {processor.py:208} INFO - Processing /home/airflow/.local/lib/python3.12/site-packages/airflow/example_dags/example_inlet_event_extra.py took 0.300 seconds
[2025-03-17T23:34:58.887+0000] {processor.py:186} INFO - Started process (PID=8036) to work on /home/airflow/.local/lib/python3.12/site-packages/airflow/example_dags/example_inlet_event_extra.py
[2025-03-17T23:34:58.888+0000] {processor.py:914} INFO - Processing file /home/airflow/.local/lib/python3.12/site-packages/airflow/example_dags/example_inlet_event_extra.py for tasks to queue
[2025-03-17T23:34:58.891+0000] {logging_mixin.py:190} INFO - [2025-03-17T23:34:58.891+0000] {dagbag.py:588} INFO - Filling up the DagBag from /home/airflow/.local/lib/python3.12/site-packages/airflow/example_dags/example_inlet_event_extra.py
[2025-03-17T23:34:59.195+0000] {processor.py:925} INFO - DAG(s) 'read_dataset_event', 'read_dataset_event_from_classic' retrieved from /home/airflow/.local/lib/python3.12/site-packages/airflow/example_dags/example_inlet_event_extra.py
[2025-03-17T23:34:59.204+0000] {logging_mixin.py:190} INFO - [2025-03-17T23:34:59.204+0000] {dag.py:3239} INFO - Sync 2 DAGs
[2025-03-17T23:34:59.214+0000] {logging_mixin.py:190} INFO - [2025-03-17T23:34:59.214+0000] {dag.py:4180} INFO - Setting next_dagrun for read_dataset_event to 2025-03-16 00:00:00+00:00, run_after=2025-03-17 00:00:00+00:00
[2025-03-17T23:34:59.216+0000] {logging_mixin.py:190} INFO - [2025-03-17T23:34:59.216+0000] {dag.py:4180} INFO - Setting next_dagrun for read_dataset_event_from_classic to 2025-03-16 00:00:00+00:00, run_after=2025-03-17 00:00:00+00:00
[2025-03-17T23:34:59.223+0000] {processor.py:208} INFO - Processing /home/airflow/.local/lib/python3.12/site-packages/airflow/example_dags/example_inlet_event_extra.py took 0.343 seconds
[2025-03-17T23:35:29.686+0000] {processor.py:186} INFO - Started process (PID=8327) to work on /home/airflow/.local/lib/python3.12/site-packages/airflow/example_dags/example_inlet_event_extra.py
[2025-03-17T23:35:29.687+0000] {processor.py:914} INFO - Processing file /home/airflow/.local/lib/python3.12/site-packages/airflow/example_dags/example_inlet_event_extra.py for tasks to queue
[2025-03-17T23:35:29.688+0000] {logging_mixin.py:190} INFO - [2025-03-17T23:35:29.688+0000] {dagbag.py:588} INFO - Filling up the DagBag from /home/airflow/.local/lib/python3.12/site-packages/airflow/example_dags/example_inlet_event_extra.py
[2025-03-17T23:35:29.950+0000] {processor.py:925} INFO - DAG(s) 'read_dataset_event_from_classic', 'read_dataset_event' retrieved from /home/airflow/.local/lib/python3.12/site-packages/airflow/example_dags/example_inlet_event_extra.py
[2025-03-17T23:35:29.959+0000] {logging_mixin.py:190} INFO - [2025-03-17T23:35:29.959+0000] {dag.py:3239} INFO - Sync 2 DAGs
[2025-03-17T23:35:29.969+0000] {logging_mixin.py:190} INFO - [2025-03-17T23:35:29.969+0000] {dag.py:4180} INFO - Setting next_dagrun for read_dataset_event to 2025-03-16 00:00:00+00:00, run_after=2025-03-17 00:00:00+00:00
[2025-03-17T23:35:29.971+0000] {logging_mixin.py:190} INFO - [2025-03-17T23:35:29.971+0000] {dag.py:4180} INFO - Setting next_dagrun for read_dataset_event_from_classic to 2025-03-16 00:00:00+00:00, run_after=2025-03-17 00:00:00+00:00
[2025-03-17T23:35:29.977+0000] {processor.py:208} INFO - Processing /home/airflow/.local/lib/python3.12/site-packages/airflow/example_dags/example_inlet_event_extra.py took 0.297 seconds
[2025-03-17T23:36:00.956+0000] {processor.py:186} INFO - Started process (PID=8618) to work on /home/airflow/.local/lib/python3.12/site-packages/airflow/example_dags/example_inlet_event_extra.py
[2025-03-17T23:36:00.957+0000] {processor.py:914} INFO - Processing file /home/airflow/.local/lib/python3.12/site-packages/airflow/example_dags/example_inlet_event_extra.py for tasks to queue
[2025-03-17T23:36:00.959+0000] {logging_mixin.py:190} INFO - [2025-03-17T23:36:00.959+0000] {dagbag.py:588} INFO - Filling up the DagBag from /home/airflow/.local/lib/python3.12/site-packages/airflow/example_dags/example_inlet_event_extra.py
[2025-03-17T23:36:01.272+0000] {processor.py:925} INFO - DAG(s) 'read_dataset_event_from_classic', 'read_dataset_event' retrieved from /home/airflow/.local/lib/python3.12/site-packages/airflow/example_dags/example_inlet_event_extra.py
[2025-03-17T23:36:01.282+0000] {logging_mixin.py:190} INFO - [2025-03-17T23:36:01.281+0000] {dag.py:3239} INFO - Sync 2 DAGs
[2025-03-17T23:36:01.296+0000] {logging_mixin.py:190} INFO - [2025-03-17T23:36:01.295+0000] {dag.py:4180} INFO - Setting next_dagrun for read_dataset_event to 2025-03-16 00:00:00+00:00, run_after=2025-03-17 00:00:00+00:00
[2025-03-17T23:36:01.298+0000] {logging_mixin.py:190} INFO - [2025-03-17T23:36:01.298+0000] {dag.py:4180} INFO - Setting next_dagrun for read_dataset_event_from_classic to 2025-03-16 00:00:00+00:00, run_after=2025-03-17 00:00:00+00:00
[2025-03-17T23:36:01.306+0000] {processor.py:208} INFO - Processing /home/airflow/.local/lib/python3.12/site-packages/airflow/example_dags/example_inlet_event_extra.py took 0.356 seconds
[2025-03-17T23:36:31.326+0000] {processor.py:186} INFO - Started process (PID=8906) to work on /home/airflow/.local/lib/python3.12/site-packages/airflow/example_dags/example_inlet_event_extra.py
[2025-03-17T23:36:31.327+0000] {processor.py:914} INFO - Processing file /home/airflow/.local/lib/python3.12/site-packages/airflow/example_dags/example_inlet_event_extra.py for tasks to queue
[2025-03-17T23:36:31.329+0000] {logging_mixin.py:190} INFO - [2025-03-17T23:36:31.329+0000] {dagbag.py:588} INFO - Filling up the DagBag from /home/airflow/.local/lib/python3.12/site-packages/airflow/example_dags/example_inlet_event_extra.py
[2025-03-17T23:36:31.599+0000] {processor.py:925} INFO - DAG(s) 'read_dataset_event', 'read_dataset_event_from_classic' retrieved from /home/airflow/.local/lib/python3.12/site-packages/airflow/example_dags/example_inlet_event_extra.py
[2025-03-17T23:36:31.607+0000] {logging_mixin.py:190} INFO - [2025-03-17T23:36:31.607+0000] {dag.py:3239} INFO - Sync 2 DAGs
[2025-03-17T23:36:31.617+0000] {logging_mixin.py:190} INFO - [2025-03-17T23:36:31.617+0000] {dag.py:4180} INFO - Setting next_dagrun for read_dataset_event to 2025-03-16 00:00:00+00:00, run_after=2025-03-17 00:00:00+00:00
[2025-03-17T23:36:31.620+0000] {logging_mixin.py:190} INFO - [2025-03-17T23:36:31.620+0000] {dag.py:4180} INFO - Setting next_dagrun for read_dataset_event_from_classic to 2025-03-16 00:00:00+00:00, run_after=2025-03-17 00:00:00+00:00
[2025-03-17T23:36:31.627+0000] {processor.py:208} INFO - Processing /home/airflow/.local/lib/python3.12/site-packages/airflow/example_dags/example_inlet_event_extra.py took 0.304 seconds
[2025-03-17T23:37:02.886+0000] {processor.py:186} INFO - Started process (PID=9200) to work on /home/airflow/.local/lib/python3.12/site-packages/airflow/example_dags/example_inlet_event_extra.py
[2025-03-17T23:37:02.886+0000] {processor.py:914} INFO - Processing file /home/airflow/.local/lib/python3.12/site-packages/airflow/example_dags/example_inlet_event_extra.py for tasks to queue
[2025-03-17T23:37:02.887+0000] {logging_mixin.py:190} INFO - [2025-03-17T23:37:02.887+0000] {dagbag.py:588} INFO - Filling up the DagBag from /home/airflow/.local/lib/python3.12/site-packages/airflow/example_dags/example_inlet_event_extra.py
[2025-03-17T23:37:03.304+0000] {processor.py:925} INFO - DAG(s) 'read_dataset_event', 'read_dataset_event_from_classic' retrieved from /home/airflow/.local/lib/python3.12/site-packages/airflow/example_dags/example_inlet_event_extra.py
[2025-03-17T23:37:03.314+0000] {logging_mixin.py:190} INFO - [2025-03-17T23:37:03.314+0000] {dag.py:3239} INFO - Sync 2 DAGs
[2025-03-17T23:37:03.323+0000] {logging_mixin.py:190} INFO - [2025-03-17T23:37:03.323+0000] {dag.py:4180} INFO - Setting next_dagrun for read_dataset_event to 2025-03-16 00:00:00+00:00, run_after=2025-03-17 00:00:00+00:00
[2025-03-17T23:37:03.325+0000] {logging_mixin.py:190} INFO - [2025-03-17T23:37:03.325+0000] {dag.py:4180} INFO - Setting next_dagrun for read_dataset_event_from_classic to 2025-03-16 00:00:00+00:00, run_after=2025-03-17 00:00:00+00:00
[2025-03-17T23:37:03.331+0000] {processor.py:208} INFO - Processing /home/airflow/.local/lib/python3.12/site-packages/airflow/example_dags/example_inlet_event_extra.py took 0.449 seconds
[2025-03-17T23:37:34.307+0000] {processor.py:186} INFO - Started process (PID=9497) to work on /home/airflow/.local/lib/python3.12/site-packages/airflow/example_dags/example_inlet_event_extra.py
[2025-03-17T23:37:34.308+0000] {processor.py:914} INFO - Processing file /home/airflow/.local/lib/python3.12/site-packages/airflow/example_dags/example_inlet_event_extra.py for tasks to queue
[2025-03-17T23:37:34.310+0000] {logging_mixin.py:190} INFO - [2025-03-17T23:37:34.310+0000] {dagbag.py:588} INFO - Filling up the DagBag from /home/airflow/.local/lib/python3.12/site-packages/airflow/example_dags/example_inlet_event_extra.py
