[2025-03-17T23:21:35.861+0000] {processor.py:186} INFO - Started process (PID=362) to work on /home/airflow/.local/lib/python3.12/site-packages/airflow/example_dags/example_complex.py
[2025-03-17T23:21:35.862+0000] {processor.py:914} INFO - Processing file /home/airflow/.local/lib/python3.12/site-packages/airflow/example_dags/example_complex.py for tasks to queue
[2025-03-17T23:21:35.864+0000] {logging_mixin.py:190} INFO - [2025-03-17T23:21:35.864+0000] {dagbag.py:588} INFO - Filling up the DagBag from /home/airflow/.local/lib/python3.12/site-packages/airflow/example_dags/example_complex.py
[2025-03-17T23:21:35.876+0000] {processor.py:925} INFO - DAG(s) 'example_complex' retrieved from /home/airflow/.local/lib/python3.12/site-packages/airflow/example_dags/example_complex.py
[2025-03-17T23:21:35.947+0000] {logging_mixin.py:190} INFO - [2025-03-17T23:21:35.947+0000] {override.py:1912} INFO - Created Permission View: can edit on DAG:example_complex
[2025-03-17T23:21:35.967+0000] {logging_mixin.py:190} INFO - [2025-03-17T23:21:35.967+0000] {override.py:1912} INFO - Created Permission View: can read on DAG:example_complex
[2025-03-17T23:21:35.974+0000] {logging_mixin.py:190} INFO - [2025-03-17T23:21:35.974+0000] {override.py:1912} INFO - Created Permission View: can delete on DAG:example_complex
[2025-03-17T23:21:35.977+0000] {logging_mixin.py:190} INFO - [2025-03-17T23:21:35.977+0000] {override.py:1912} INFO - Created Permission View: can create on DAG Run:example_complex
[2025-03-17T23:21:35.984+0000] {logging_mixin.py:190} INFO - [2025-03-17T23:21:35.983+0000] {override.py:1912} INFO - Created Permission View: menu access on DAG Run:example_complex
[2025-03-17T23:21:35.988+0000] {logging_mixin.py:190} INFO - [2025-03-17T23:21:35.988+0000] {override.py:1912} INFO - Created Permission View: can read on DAG Run:example_complex
[2025-03-17T23:21:35.993+0000] {logging_mixin.py:190} INFO - [2025-03-17T23:21:35.993+0000] {override.py:1912} INFO - Created Permission View: can delete on DAG Run:example_complex
[2025-03-17T23:21:35.994+0000] {logging_mixin.py:190} INFO - [2025-03-17T23:21:35.994+0000] {dag.py:3239} INFO - Sync 1 DAGs
[2025-03-17T23:21:36.000+0000] {logging_mixin.py:190} INFO - [2025-03-17T23:21:35.999+0000] {dag.py:3262} INFO - Creating ORM DAG for example_complex
[2025-03-17T23:21:36.000+0000] {logging_mixin.py:190} INFO - [2025-03-17T23:21:36.000+0000] {dag.py:4180} INFO - Setting next_dagrun for example_complex to None, run_after=None
[2025-03-17T23:21:36.008+0000] {processor.py:208} INFO - Processing /home/airflow/.local/lib/python3.12/site-packages/airflow/example_dags/example_complex.py took 0.154 seconds
[2025-03-17T23:22:06.432+0000] {processor.py:186} INFO - Started process (PID=648) to work on /home/airflow/.local/lib/python3.12/site-packages/airflow/example_dags/example_complex.py
[2025-03-17T23:22:06.433+0000] {processor.py:914} INFO - Processing file /home/airflow/.local/lib/python3.12/site-packages/airflow/example_dags/example_complex.py for tasks to queue
[2025-03-17T23:22:06.434+0000] {logging_mixin.py:190} INFO - [2025-03-17T23:22:06.434+0000] {dagbag.py:588} INFO - Filling up the DagBag from /home/airflow/.local/lib/python3.12/site-packages/airflow/example_dags/example_complex.py
[2025-03-17T23:22:06.442+0000] {processor.py:925} INFO - DAG(s) 'example_complex' retrieved from /home/airflow/.local/lib/python3.12/site-packages/airflow/example_dags/example_complex.py
[2025-03-17T23:22:06.460+0000] {logging_mixin.py:190} INFO - [2025-03-17T23:22:06.460+0000] {dag.py:3239} INFO - Sync 1 DAGs
[2025-03-17T23:22:06.469+0000] {logging_mixin.py:190} INFO - [2025-03-17T23:22:06.468+0000] {dag.py:4180} INFO - Setting next_dagrun for example_complex to None, run_after=None
[2025-03-17T23:22:06.479+0000] {processor.py:208} INFO - Processing /home/airflow/.local/lib/python3.12/site-packages/airflow/example_dags/example_complex.py took 0.052 seconds
[2025-03-17T23:22:36.617+0000] {processor.py:186} INFO - Started process (PID=939) to work on /home/airflow/.local/lib/python3.12/site-packages/airflow/example_dags/example_complex.py
[2025-03-17T23:22:36.618+0000] {processor.py:914} INFO - Processing file /home/airflow/.local/lib/python3.12/site-packages/airflow/example_dags/example_complex.py for tasks to queue
[2025-03-17T23:22:36.619+0000] {logging_mixin.py:190} INFO - [2025-03-17T23:22:36.619+0000] {dagbag.py:588} INFO - Filling up the DagBag from /home/airflow/.local/lib/python3.12/site-packages/airflow/example_dags/example_complex.py
[2025-03-17T23:22:36.625+0000] {processor.py:925} INFO - DAG(s) 'example_complex' retrieved from /home/airflow/.local/lib/python3.12/site-packages/airflow/example_dags/example_complex.py
[2025-03-17T23:22:36.640+0000] {logging_mixin.py:190} INFO - [2025-03-17T23:22:36.640+0000] {dag.py:3239} INFO - Sync 1 DAGs
[2025-03-17T23:22:36.647+0000] {logging_mixin.py:190} INFO - [2025-03-17T23:22:36.647+0000] {dag.py:4180} INFO - Setting next_dagrun for example_complex to None, run_after=None
[2025-03-17T23:22:36.658+0000] {processor.py:208} INFO - Processing /home/airflow/.local/lib/python3.12/site-packages/airflow/example_dags/example_complex.py took 0.044 seconds
[2025-03-17T23:23:07.469+0000] {processor.py:186} INFO - Started process (PID=1235) to work on /home/airflow/.local/lib/python3.12/site-packages/airflow/example_dags/example_complex.py
[2025-03-17T23:23:07.470+0000] {processor.py:914} INFO - Processing file /home/airflow/.local/lib/python3.12/site-packages/airflow/example_dags/example_complex.py for tasks to queue
[2025-03-17T23:23:07.471+0000] {logging_mixin.py:190} INFO - [2025-03-17T23:23:07.471+0000] {dagbag.py:588} INFO - Filling up the DagBag from /home/airflow/.local/lib/python3.12/site-packages/airflow/example_dags/example_complex.py
[2025-03-17T23:23:07.476+0000] {processor.py:925} INFO - DAG(s) 'example_complex' retrieved from /home/airflow/.local/lib/python3.12/site-packages/airflow/example_dags/example_complex.py
[2025-03-17T23:23:07.490+0000] {logging_mixin.py:190} INFO - [2025-03-17T23:23:07.490+0000] {dag.py:3239} INFO - Sync 1 DAGs
[2025-03-17T23:23:07.496+0000] {logging_mixin.py:190} INFO - [2025-03-17T23:23:07.496+0000] {dag.py:4180} INFO - Setting next_dagrun for example_complex to None, run_after=None
[2025-03-17T23:23:07.504+0000] {processor.py:208} INFO - Processing /home/airflow/.local/lib/python3.12/site-packages/airflow/example_dags/example_complex.py took 0.038 seconds
[2025-03-17T23:23:38.656+0000] {processor.py:186} INFO - Started process (PID=1526) to work on /home/airflow/.local/lib/python3.12/site-packages/airflow/example_dags/example_complex.py
[2025-03-17T23:23:38.656+0000] {processor.py:914} INFO - Processing file /home/airflow/.local/lib/python3.12/site-packages/airflow/example_dags/example_complex.py for tasks to queue
[2025-03-17T23:23:38.657+0000] {logging_mixin.py:190} INFO - [2025-03-17T23:23:38.657+0000] {dagbag.py:588} INFO - Filling up the DagBag from /home/airflow/.local/lib/python3.12/site-packages/airflow/example_dags/example_complex.py
[2025-03-17T23:23:38.663+0000] {processor.py:925} INFO - DAG(s) 'example_complex' retrieved from /home/airflow/.local/lib/python3.12/site-packages/airflow/example_dags/example_complex.py
[2025-03-17T23:23:38.677+0000] {logging_mixin.py:190} INFO - [2025-03-17T23:23:38.677+0000] {dag.py:3239} INFO - Sync 1 DAGs
[2025-03-17T23:23:38.685+0000] {logging_mixin.py:190} INFO - [2025-03-17T23:23:38.685+0000] {dag.py:4180} INFO - Setting next_dagrun for example_complex to None, run_after=None
[2025-03-17T23:23:38.694+0000] {processor.py:208} INFO - Processing /home/airflow/.local/lib/python3.12/site-packages/airflow/example_dags/example_complex.py took 0.041 seconds
[2025-03-17T23:24:09.656+0000] {processor.py:186} INFO - Started process (PID=1817) to work on /home/airflow/.local/lib/python3.12/site-packages/airflow/example_dags/example_complex.py
[2025-03-17T23:24:09.657+0000] {processor.py:914} INFO - Processing file /home/airflow/.local/lib/python3.12/site-packages/airflow/example_dags/example_complex.py for tasks to queue
[2025-03-17T23:24:09.658+0000] {logging_mixin.py:190} INFO - [2025-03-17T23:24:09.658+0000] {dagbag.py:588} INFO - Filling up the DagBag from /home/airflow/.local/lib/python3.12/site-packages/airflow/example_dags/example_complex.py
[2025-03-17T23:24:09.664+0000] {processor.py:925} INFO - DAG(s) 'example_complex' retrieved from /home/airflow/.local/lib/python3.12/site-packages/airflow/example_dags/example_complex.py
[2025-03-17T23:24:09.678+0000] {logging_mixin.py:190} INFO - [2025-03-17T23:24:09.678+0000] {dag.py:3239} INFO - Sync 1 DAGs
[2025-03-17T23:24:09.684+0000] {logging_mixin.py:190} INFO - [2025-03-17T23:24:09.684+0000] {dag.py:4180} INFO - Setting next_dagrun for example_complex to None, run_after=None
[2025-03-17T23:24:09.692+0000] {processor.py:208} INFO - Processing /home/airflow/.local/lib/python3.12/site-packages/airflow/example_dags/example_complex.py took 0.039 seconds
[2025-03-17T23:24:40.950+0000] {processor.py:186} INFO - Started process (PID=2107) to work on /home/airflow/.local/lib/python3.12/site-packages/airflow/example_dags/example_complex.py
[2025-03-17T23:24:40.950+0000] {processor.py:914} INFO - Processing file /home/airflow/.local/lib/python3.12/site-packages/airflow/example_dags/example_complex.py for tasks to queue
[2025-03-17T23:24:40.952+0000] {logging_mixin.py:190} INFO - [2025-03-17T23:24:40.951+0000] {dagbag.py:588} INFO - Filling up the DagBag from /home/airflow/.local/lib/python3.12/site-packages/airflow/example_dags/example_complex.py
[2025-03-17T23:24:40.958+0000] {processor.py:925} INFO - DAG(s) 'example_complex' retrieved from /home/airflow/.local/lib/python3.12/site-packages/airflow/example_dags/example_complex.py
[2025-03-17T23:24:40.974+0000] {logging_mixin.py:190} INFO - [2025-03-17T23:24:40.974+0000] {dag.py:3239} INFO - Sync 1 DAGs
[2025-03-17T23:24:40.982+0000] {logging_mixin.py:190} INFO - [2025-03-17T23:24:40.982+0000] {dag.py:4180} INFO - Setting next_dagrun for example_complex to None, run_after=None
[2025-03-17T23:24:40.991+0000] {processor.py:208} INFO - Processing /home/airflow/.local/lib/python3.12/site-packages/airflow/example_dags/example_complex.py took 0.044 seconds
[2025-03-17T23:25:12.189+0000] {processor.py:186} INFO - Started process (PID=2393) to work on /home/airflow/.local/lib/python3.12/site-packages/airflow/example_dags/example_complex.py
[2025-03-17T23:25:12.190+0000] {processor.py:914} INFO - Processing file /home/airflow/.local/lib/python3.12/site-packages/airflow/example_dags/example_complex.py for tasks to queue
[2025-03-17T23:25:12.191+0000] {logging_mixin.py:190} INFO - [2025-03-17T23:25:12.191+0000] {dagbag.py:588} INFO - Filling up the DagBag from /home/airflow/.local/lib/python3.12/site-packages/airflow/example_dags/example_complex.py
[2025-03-17T23:25:12.204+0000] {processor.py:925} INFO - DAG(s) 'example_complex' retrieved from /home/airflow/.local/lib/python3.12/site-packages/airflow/example_dags/example_complex.py
[2025-03-17T23:25:12.232+0000] {logging_mixin.py:190} INFO - [2025-03-17T23:25:12.232+0000] {dag.py:3239} INFO - Sync 1 DAGs
[2025-03-17T23:25:12.249+0000] {logging_mixin.py:190} INFO - [2025-03-17T23:25:12.249+0000] {dag.py:4180} INFO - Setting next_dagrun for example_complex to None, run_after=None
[2025-03-17T23:25:12.278+0000] {processor.py:208} INFO - Processing /home/airflow/.local/lib/python3.12/site-packages/airflow/example_dags/example_complex.py took 0.094 seconds
[2025-03-17T23:25:43.542+0000] {processor.py:186} INFO - Started process (PID=2689) to work on /home/airflow/.local/lib/python3.12/site-packages/airflow/example_dags/example_complex.py
[2025-03-17T23:25:43.542+0000] {processor.py:914} INFO - Processing file /home/airflow/.local/lib/python3.12/site-packages/airflow/example_dags/example_complex.py for tasks to queue
[2025-03-17T23:25:43.543+0000] {logging_mixin.py:190} INFO - [2025-03-17T23:25:43.543+0000] {dagbag.py:588} INFO - Filling up the DagBag from /home/airflow/.local/lib/python3.12/site-packages/airflow/example_dags/example_complex.py
[2025-03-17T23:25:43.550+0000] {processor.py:925} INFO - DAG(s) 'example_complex' retrieved from /home/airflow/.local/lib/python3.12/site-packages/airflow/example_dags/example_complex.py
[2025-03-17T23:25:43.566+0000] {logging_mixin.py:190} INFO - [2025-03-17T23:25:43.566+0000] {dag.py:3239} INFO - Sync 1 DAGs
[2025-03-17T23:25:43.573+0000] {logging_mixin.py:190} INFO - [2025-03-17T23:25:43.573+0000] {dag.py:4180} INFO - Setting next_dagrun for example_complex to None, run_after=None
[2025-03-17T23:25:43.582+0000] {processor.py:208} INFO - Processing /home/airflow/.local/lib/python3.12/site-packages/airflow/example_dags/example_complex.py took 0.043 seconds
[2025-03-17T23:26:14.535+0000] {processor.py:186} INFO - Started process (PID=2980) to work on /home/airflow/.local/lib/python3.12/site-packages/airflow/example_dags/example_complex.py
[2025-03-17T23:26:14.536+0000] {processor.py:914} INFO - Processing file /home/airflow/.local/lib/python3.12/site-packages/airflow/example_dags/example_complex.py for tasks to queue
[2025-03-17T23:26:14.537+0000] {logging_mixin.py:190} INFO - [2025-03-17T23:26:14.537+0000] {dagbag.py:588} INFO - Filling up the DagBag from /home/airflow/.local/lib/python3.12/site-packages/airflow/example_dags/example_complex.py
[2025-03-17T23:26:14.543+0000] {processor.py:925} INFO - DAG(s) 'example_complex' retrieved from /home/airflow/.local/lib/python3.12/site-packages/airflow/example_dags/example_complex.py
[2025-03-17T23:26:14.557+0000] {logging_mixin.py:190} INFO - [2025-03-17T23:26:14.557+0000] {dag.py:3239} INFO - Sync 1 DAGs
[2025-03-17T23:26:14.564+0000] {logging_mixin.py:190} INFO - [2025-03-17T23:26:14.564+0000] {dag.py:4180} INFO - Setting next_dagrun for example_complex to None, run_after=None
[2025-03-17T23:26:14.572+0000] {processor.py:208} INFO - Processing /home/airflow/.local/lib/python3.12/site-packages/airflow/example_dags/example_complex.py took 0.040 seconds
[2025-03-17T23:26:45.396+0000] {processor.py:186} INFO - Started process (PID=3271) to work on /home/airflow/.local/lib/python3.12/site-packages/airflow/example_dags/example_complex.py
[2025-03-17T23:26:45.396+0000] {processor.py:914} INFO - Processing file /home/airflow/.local/lib/python3.12/site-packages/airflow/example_dags/example_complex.py for tasks to queue
[2025-03-17T23:26:45.397+0000] {logging_mixin.py:190} INFO - [2025-03-17T23:26:45.397+0000] {dagbag.py:588} INFO - Filling up the DagBag from /home/airflow/.local/lib/python3.12/site-packages/airflow/example_dags/example_complex.py
[2025-03-17T23:26:45.403+0000] {processor.py:925} INFO - DAG(s) 'example_complex' retrieved from /home/airflow/.local/lib/python3.12/site-packages/airflow/example_dags/example_complex.py
[2025-03-17T23:26:45.417+0000] {logging_mixin.py:190} INFO - [2025-03-17T23:26:45.416+0000] {dag.py:3239} INFO - Sync 1 DAGs
[2025-03-17T23:26:45.423+0000] {logging_mixin.py:190} INFO - [2025-03-17T23:26:45.423+0000] {dag.py:4180} INFO - Setting next_dagrun for example_complex to None, run_after=None
[2025-03-17T23:26:45.430+0000] {processor.py:208} INFO - Processing /home/airflow/.local/lib/python3.12/site-packages/airflow/example_dags/example_complex.py took 0.038 seconds
[2025-03-17T23:27:16.399+0000] {processor.py:186} INFO - Started process (PID=3562) to work on /home/airflow/.local/lib/python3.12/site-packages/airflow/example_dags/example_complex.py
[2025-03-17T23:27:16.401+0000] {processor.py:914} INFO - Processing file /home/airflow/.local/lib/python3.12/site-packages/airflow/example_dags/example_complex.py for tasks to queue
[2025-03-17T23:27:16.402+0000] {logging_mixin.py:190} INFO - [2025-03-17T23:27:16.402+0000] {dagbag.py:588} INFO - Filling up the DagBag from /home/airflow/.local/lib/python3.12/site-packages/airflow/example_dags/example_complex.py
[2025-03-17T23:27:16.408+0000] {processor.py:925} INFO - DAG(s) 'example_complex' retrieved from /home/airflow/.local/lib/python3.12/site-packages/airflow/example_dags/example_complex.py
[2025-03-17T23:27:16.426+0000] {logging_mixin.py:190} INFO - [2025-03-17T23:27:16.426+0000] {dag.py:3239} INFO - Sync 1 DAGs
[2025-03-17T23:27:16.433+0000] {logging_mixin.py:190} INFO - [2025-03-17T23:27:16.433+0000] {dag.py:4180} INFO - Setting next_dagrun for example_complex to None, run_after=None
[2025-03-17T23:27:16.440+0000] {processor.py:208} INFO - Processing /home/airflow/.local/lib/python3.12/site-packages/airflow/example_dags/example_complex.py took 0.044 seconds
[2025-03-17T23:27:47.537+0000] {processor.py:186} INFO - Started process (PID=3853) to work on /home/airflow/.local/lib/python3.12/site-packages/airflow/example_dags/example_complex.py
[2025-03-17T23:27:47.538+0000] {processor.py:914} INFO - Processing file /home/airflow/.local/lib/python3.12/site-packages/airflow/example_dags/example_complex.py for tasks to queue
[2025-03-17T23:27:47.542+0000] {logging_mixin.py:190} INFO - [2025-03-17T23:27:47.541+0000] {dagbag.py:588} INFO - Filling up the DagBag from /home/airflow/.local/lib/python3.12/site-packages/airflow/example_dags/example_complex.py
[2025-03-17T23:27:47.550+0000] {processor.py:925} INFO - DAG(s) 'example_complex' retrieved from /home/airflow/.local/lib/python3.12/site-packages/airflow/example_dags/example_complex.py
[2025-03-17T23:27:47.574+0000] {logging_mixin.py:190} INFO - [2025-03-17T23:27:47.574+0000] {dag.py:3239} INFO - Sync 1 DAGs
[2025-03-17T23:27:47.585+0000] {logging_mixin.py:190} INFO - [2025-03-17T23:27:47.585+0000] {dag.py:4180} INFO - Setting next_dagrun for example_complex to None, run_after=None
[2025-03-17T23:27:47.596+0000] {processor.py:208} INFO - Processing /home/airflow/.local/lib/python3.12/site-packages/airflow/example_dags/example_complex.py took 0.063 seconds
[2025-03-17T23:28:17.985+0000] {processor.py:186} INFO - Started process (PID=4139) to work on /home/airflow/.local/lib/python3.12/site-packages/airflow/example_dags/example_complex.py
[2025-03-17T23:28:17.986+0000] {processor.py:914} INFO - Processing file /home/airflow/.local/lib/python3.12/site-packages/airflow/example_dags/example_complex.py for tasks to queue
[2025-03-17T23:28:17.988+0000] {logging_mixin.py:190} INFO - [2025-03-17T23:28:17.988+0000] {dagbag.py:588} INFO - Filling up the DagBag from /home/airflow/.local/lib/python3.12/site-packages/airflow/example_dags/example_complex.py
[2025-03-17T23:28:17.995+0000] {processor.py:925} INFO - DAG(s) 'example_complex' retrieved from /home/airflow/.local/lib/python3.12/site-packages/airflow/example_dags/example_complex.py
[2025-03-17T23:28:18.009+0000] {logging_mixin.py:190} INFO - [2025-03-17T23:28:18.009+0000] {dag.py:3239} INFO - Sync 1 DAGs
[2025-03-17T23:28:18.016+0000] {logging_mixin.py:190} INFO - [2025-03-17T23:28:18.016+0000] {dag.py:4180} INFO - Setting next_dagrun for example_complex to None, run_after=None
[2025-03-17T23:28:18.025+0000] {processor.py:208} INFO - Processing /home/airflow/.local/lib/python3.12/site-packages/airflow/example_dags/example_complex.py took 0.043 seconds
[2025-03-17T23:28:48.800+0000] {processor.py:186} INFO - Started process (PID=4435) to work on /home/airflow/.local/lib/python3.12/site-packages/airflow/example_dags/example_complex.py
[2025-03-17T23:28:48.801+0000] {processor.py:914} INFO - Processing file /home/airflow/.local/lib/python3.12/site-packages/airflow/example_dags/example_complex.py for tasks to queue
[2025-03-17T23:28:48.802+0000] {logging_mixin.py:190} INFO - [2025-03-17T23:28:48.802+0000] {dagbag.py:588} INFO - Filling up the DagBag from /home/airflow/.local/lib/python3.12/site-packages/airflow/example_dags/example_complex.py
[2025-03-17T23:28:48.807+0000] {processor.py:925} INFO - DAG(s) 'example_complex' retrieved from /home/airflow/.local/lib/python3.12/site-packages/airflow/example_dags/example_complex.py
[2025-03-17T23:28:48.821+0000] {logging_mixin.py:190} INFO - [2025-03-17T23:28:48.821+0000] {dag.py:3239} INFO - Sync 1 DAGs
[2025-03-17T23:28:48.828+0000] {logging_mixin.py:190} INFO - [2025-03-17T23:28:48.827+0000] {dag.py:4180} INFO - Setting next_dagrun for example_complex to None, run_after=None
[2025-03-17T23:28:48.835+0000] {processor.py:208} INFO - Processing /home/airflow/.local/lib/python3.12/site-packages/airflow/example_dags/example_complex.py took 0.038 seconds
[2025-03-17T23:29:19.446+0000] {processor.py:186} INFO - Started process (PID=4726) to work on /home/airflow/.local/lib/python3.12/site-packages/airflow/example_dags/example_complex.py
[2025-03-17T23:29:19.446+0000] {processor.py:914} INFO - Processing file /home/airflow/.local/lib/python3.12/site-packages/airflow/example_dags/example_complex.py for tasks to queue
[2025-03-17T23:29:19.447+0000] {logging_mixin.py:190} INFO - [2025-03-17T23:29:19.447+0000] {dagbag.py:588} INFO - Filling up the DagBag from /home/airflow/.local/lib/python3.12/site-packages/airflow/example_dags/example_complex.py
[2025-03-17T23:29:19.453+0000] {processor.py:925} INFO - DAG(s) 'example_complex' retrieved from /home/airflow/.local/lib/python3.12/site-packages/airflow/example_dags/example_complex.py
[2025-03-17T23:29:19.466+0000] {logging_mixin.py:190} INFO - [2025-03-17T23:29:19.466+0000] {dag.py:3239} INFO - Sync 1 DAGs
[2025-03-17T23:29:19.473+0000] {logging_mixin.py:190} INFO - [2025-03-17T23:29:19.473+0000] {dag.py:4180} INFO - Setting next_dagrun for example_complex to None, run_after=None
[2025-03-17T23:29:19.480+0000] {processor.py:208} INFO - Processing /home/airflow/.local/lib/python3.12/site-packages/airflow/example_dags/example_complex.py took 0.037 seconds
[2025-03-17T23:29:49.956+0000] {processor.py:186} INFO - Started process (PID=5012) to work on /home/airflow/.local/lib/python3.12/site-packages/airflow/example_dags/example_complex.py
[2025-03-17T23:29:49.957+0000] {processor.py:914} INFO - Processing file /home/airflow/.local/lib/python3.12/site-packages/airflow/example_dags/example_complex.py for tasks to queue
[2025-03-17T23:29:49.958+0000] {logging_mixin.py:190} INFO - [2025-03-17T23:29:49.957+0000] {dagbag.py:588} INFO - Filling up the DagBag from /home/airflow/.local/lib/python3.12/site-packages/airflow/example_dags/example_complex.py
[2025-03-17T23:29:49.964+0000] {processor.py:925} INFO - DAG(s) 'example_complex' retrieved from /home/airflow/.local/lib/python3.12/site-packages/airflow/example_dags/example_complex.py
[2025-03-17T23:29:49.978+0000] {logging_mixin.py:190} INFO - [2025-03-17T23:29:49.978+0000] {dag.py:3239} INFO - Sync 1 DAGs
[2025-03-17T23:29:49.988+0000] {logging_mixin.py:190} INFO - [2025-03-17T23:29:49.988+0000] {dag.py:4180} INFO - Setting next_dagrun for example_complex to None, run_after=None
[2025-03-17T23:29:49.997+0000] {processor.py:208} INFO - Processing /home/airflow/.local/lib/python3.12/site-packages/airflow/example_dags/example_complex.py took 0.043 seconds
[2025-03-17T23:30:20.576+0000] {processor.py:186} INFO - Started process (PID=5303) to work on /home/airflow/.local/lib/python3.12/site-packages/airflow/example_dags/example_complex.py
[2025-03-17T23:30:20.577+0000] {processor.py:914} INFO - Processing file /home/airflow/.local/lib/python3.12/site-packages/airflow/example_dags/example_complex.py for tasks to queue
[2025-03-17T23:30:20.578+0000] {logging_mixin.py:190} INFO - [2025-03-17T23:30:20.578+0000] {dagbag.py:588} INFO - Filling up the DagBag from /home/airflow/.local/lib/python3.12/site-packages/airflow/example_dags/example_complex.py
[2025-03-17T23:30:20.584+0000] {processor.py:925} INFO - DAG(s) 'example_complex' retrieved from /home/airflow/.local/lib/python3.12/site-packages/airflow/example_dags/example_complex.py
[2025-03-17T23:30:20.601+0000] {logging_mixin.py:190} INFO - [2025-03-17T23:30:20.601+0000] {dag.py:3239} INFO - Sync 1 DAGs
[2025-03-17T23:30:20.607+0000] {logging_mixin.py:190} INFO - [2025-03-17T23:30:20.607+0000] {dag.py:4180} INFO - Setting next_dagrun for example_complex to None, run_after=None
[2025-03-17T23:30:20.618+0000] {processor.py:208} INFO - Processing /home/airflow/.local/lib/python3.12/site-packages/airflow/example_dags/example_complex.py took 0.045 seconds
[2025-03-17T23:30:51.174+0000] {processor.py:186} INFO - Started process (PID=5594) to work on /home/airflow/.local/lib/python3.12/site-packages/airflow/example_dags/example_complex.py
[2025-03-17T23:30:51.174+0000] {processor.py:914} INFO - Processing file /home/airflow/.local/lib/python3.12/site-packages/airflow/example_dags/example_complex.py for tasks to queue
[2025-03-17T23:30:51.176+0000] {logging_mixin.py:190} INFO - [2025-03-17T23:30:51.176+0000] {dagbag.py:588} INFO - Filling up the DagBag from /home/airflow/.local/lib/python3.12/site-packages/airflow/example_dags/example_complex.py
[2025-03-17T23:30:51.181+0000] {processor.py:925} INFO - DAG(s) 'example_complex' retrieved from /home/airflow/.local/lib/python3.12/site-packages/airflow/example_dags/example_complex.py
[2025-03-17T23:30:51.197+0000] {logging_mixin.py:190} INFO - [2025-03-17T23:30:51.197+0000] {dag.py:3239} INFO - Sync 1 DAGs
[2025-03-17T23:30:51.203+0000] {logging_mixin.py:190} INFO - [2025-03-17T23:30:51.203+0000] {dag.py:4180} INFO - Setting next_dagrun for example_complex to None, run_after=None
[2025-03-17T23:30:51.217+0000] {processor.py:208} INFO - Processing /home/airflow/.local/lib/python3.12/site-packages/airflow/example_dags/example_complex.py took 0.046 seconds
[2025-03-17T23:31:21.720+0000] {processor.py:186} INFO - Started process (PID=5885) to work on /home/airflow/.local/lib/python3.12/site-packages/airflow/example_dags/example_complex.py
[2025-03-17T23:31:21.720+0000] {processor.py:914} INFO - Processing file /home/airflow/.local/lib/python3.12/site-packages/airflow/example_dags/example_complex.py for tasks to queue
[2025-03-17T23:31:21.722+0000] {logging_mixin.py:190} INFO - [2025-03-17T23:31:21.722+0000] {dagbag.py:588} INFO - Filling up the DagBag from /home/airflow/.local/lib/python3.12/site-packages/airflow/example_dags/example_complex.py
[2025-03-17T23:31:21.728+0000] {processor.py:925} INFO - DAG(s) 'example_complex' retrieved from /home/airflow/.local/lib/python3.12/site-packages/airflow/example_dags/example_complex.py
[2025-03-17T23:31:21.744+0000] {logging_mixin.py:190} INFO - [2025-03-17T23:31:21.744+0000] {dag.py:3239} INFO - Sync 1 DAGs
[2025-03-17T23:31:21.751+0000] {logging_mixin.py:190} INFO - [2025-03-17T23:31:21.751+0000] {dag.py:4180} INFO - Setting next_dagrun for example_complex to None, run_after=None
[2025-03-17T23:31:21.760+0000] {processor.py:208} INFO - Processing /home/airflow/.local/lib/python3.12/site-packages/airflow/example_dags/example_complex.py took 0.044 seconds
[2025-03-17T23:31:52.240+0000] {processor.py:186} INFO - Started process (PID=6176) to work on /home/airflow/.local/lib/python3.12/site-packages/airflow/example_dags/example_complex.py
[2025-03-17T23:31:52.240+0000] {processor.py:914} INFO - Processing file /home/airflow/.local/lib/python3.12/site-packages/airflow/example_dags/example_complex.py for tasks to queue
[2025-03-17T23:31:52.243+0000] {logging_mixin.py:190} INFO - [2025-03-17T23:31:52.242+0000] {dagbag.py:588} INFO - Filling up the DagBag from /home/airflow/.local/lib/python3.12/site-packages/airflow/example_dags/example_complex.py
[2025-03-17T23:31:52.248+0000] {processor.py:925} INFO - DAG(s) 'example_complex' retrieved from /home/airflow/.local/lib/python3.12/site-packages/airflow/example_dags/example_complex.py
[2025-03-17T23:31:52.264+0000] {logging_mixin.py:190} INFO - [2025-03-17T23:31:52.264+0000] {dag.py:3239} INFO - Sync 1 DAGs
[2025-03-17T23:31:52.273+0000] {logging_mixin.py:190} INFO - [2025-03-17T23:31:52.273+0000] {dag.py:4180} INFO - Setting next_dagrun for example_complex to None, run_after=None
[2025-03-17T23:31:52.282+0000] {processor.py:208} INFO - Processing /home/airflow/.local/lib/python3.12/site-packages/airflow/example_dags/example_complex.py took 0.044 seconds
[2025-03-17T23:32:22.796+0000] {processor.py:186} INFO - Started process (PID=6467) to work on /home/airflow/.local/lib/python3.12/site-packages/airflow/example_dags/example_complex.py
[2025-03-17T23:32:22.798+0000] {processor.py:914} INFO - Processing file /home/airflow/.local/lib/python3.12/site-packages/airflow/example_dags/example_complex.py for tasks to queue
[2025-03-17T23:32:22.799+0000] {logging_mixin.py:190} INFO - [2025-03-17T23:32:22.799+0000] {dagbag.py:588} INFO - Filling up the DagBag from /home/airflow/.local/lib/python3.12/site-packages/airflow/example_dags/example_complex.py
[2025-03-17T23:32:22.805+0000] {processor.py:925} INFO - DAG(s) 'example_complex' retrieved from /home/airflow/.local/lib/python3.12/site-packages/airflow/example_dags/example_complex.py
[2025-03-17T23:32:22.819+0000] {logging_mixin.py:190} INFO - [2025-03-17T23:32:22.819+0000] {dag.py:3239} INFO - Sync 1 DAGs
[2025-03-17T23:32:22.826+0000] {logging_mixin.py:190} INFO - [2025-03-17T23:32:22.825+0000] {dag.py:4180} INFO - Setting next_dagrun for example_complex to None, run_after=None
[2025-03-17T23:32:22.835+0000] {processor.py:208} INFO - Processing /home/airflow/.local/lib/python3.12/site-packages/airflow/example_dags/example_complex.py took 0.042 seconds
[2025-03-17T23:32:53.478+0000] {processor.py:186} INFO - Started process (PID=6758) to work on /home/airflow/.local/lib/python3.12/site-packages/airflow/example_dags/example_complex.py
[2025-03-17T23:32:53.478+0000] {processor.py:914} INFO - Processing file /home/airflow/.local/lib/python3.12/site-packages/airflow/example_dags/example_complex.py for tasks to queue
[2025-03-17T23:32:53.480+0000] {logging_mixin.py:190} INFO - [2025-03-17T23:32:53.479+0000] {dagbag.py:588} INFO - Filling up the DagBag from /home/airflow/.local/lib/python3.12/site-packages/airflow/example_dags/example_complex.py
[2025-03-17T23:32:53.487+0000] {processor.py:925} INFO - DAG(s) 'example_complex' retrieved from /home/airflow/.local/lib/python3.12/site-packages/airflow/example_dags/example_complex.py
[2025-03-17T23:32:53.503+0000] {logging_mixin.py:190} INFO - [2025-03-17T23:32:53.503+0000] {dag.py:3239} INFO - Sync 1 DAGs
[2025-03-17T23:32:53.510+0000] {logging_mixin.py:190} INFO - [2025-03-17T23:32:53.509+0000] {dag.py:4180} INFO - Setting next_dagrun for example_complex to None, run_after=None
[2025-03-17T23:32:53.519+0000] {processor.py:208} INFO - Processing /home/airflow/.local/lib/python3.12/site-packages/airflow/example_dags/example_complex.py took 0.044 seconds
[2025-03-17T23:33:24.153+0000] {processor.py:186} INFO - Started process (PID=7049) to work on /home/airflow/.local/lib/python3.12/site-packages/airflow/example_dags/example_complex.py
[2025-03-17T23:33:24.153+0000] {processor.py:914} INFO - Processing file /home/airflow/.local/lib/python3.12/site-packages/airflow/example_dags/example_complex.py for tasks to queue
[2025-03-17T23:33:24.155+0000] {logging_mixin.py:190} INFO - [2025-03-17T23:33:24.155+0000] {dagbag.py:588} INFO - Filling up the DagBag from /home/airflow/.local/lib/python3.12/site-packages/airflow/example_dags/example_complex.py
[2025-03-17T23:33:24.161+0000] {processor.py:925} INFO - DAG(s) 'example_complex' retrieved from /home/airflow/.local/lib/python3.12/site-packages/airflow/example_dags/example_complex.py
[2025-03-17T23:33:24.180+0000] {logging_mixin.py:190} INFO - [2025-03-17T23:33:24.179+0000] {dag.py:3239} INFO - Sync 1 DAGs
[2025-03-17T23:33:24.188+0000] {logging_mixin.py:190} INFO - [2025-03-17T23:33:24.187+0000] {dag.py:4180} INFO - Setting next_dagrun for example_complex to None, run_after=None
[2025-03-17T23:33:24.197+0000] {processor.py:208} INFO - Processing /home/airflow/.local/lib/python3.12/site-packages/airflow/example_dags/example_complex.py took 0.047 seconds
[2025-03-17T23:33:55.170+0000] {processor.py:186} INFO - Started process (PID=7345) to work on /home/airflow/.local/lib/python3.12/site-packages/airflow/example_dags/example_complex.py
[2025-03-17T23:33:55.170+0000] {processor.py:914} INFO - Processing file /home/airflow/.local/lib/python3.12/site-packages/airflow/example_dags/example_complex.py for tasks to queue
[2025-03-17T23:33:55.172+0000] {logging_mixin.py:190} INFO - [2025-03-17T23:33:55.172+0000] {dagbag.py:588} INFO - Filling up the DagBag from /home/airflow/.local/lib/python3.12/site-packages/airflow/example_dags/example_complex.py
[2025-03-17T23:33:55.179+0000] {processor.py:925} INFO - DAG(s) 'example_complex' retrieved from /home/airflow/.local/lib/python3.12/site-packages/airflow/example_dags/example_complex.py
[2025-03-17T23:33:55.194+0000] {logging_mixin.py:190} INFO - [2025-03-17T23:33:55.194+0000] {dag.py:3239} INFO - Sync 1 DAGs
[2025-03-17T23:33:55.201+0000] {logging_mixin.py:190} INFO - [2025-03-17T23:33:55.200+0000] {dag.py:4180} INFO - Setting next_dagrun for example_complex to None, run_after=None
[2025-03-17T23:33:55.208+0000] {processor.py:208} INFO - Processing /home/airflow/.local/lib/python3.12/site-packages/airflow/example_dags/example_complex.py took 0.042 seconds
[2025-03-17T23:34:26.095+0000] {processor.py:186} INFO - Started process (PID=7636) to work on /home/airflow/.local/lib/python3.12/site-packages/airflow/example_dags/example_complex.py
[2025-03-17T23:34:26.096+0000] {processor.py:914} INFO - Processing file /home/airflow/.local/lib/python3.12/site-packages/airflow/example_dags/example_complex.py for tasks to queue
[2025-03-17T23:34:26.097+0000] {logging_mixin.py:190} INFO - [2025-03-17T23:34:26.097+0000] {dagbag.py:588} INFO - Filling up the DagBag from /home/airflow/.local/lib/python3.12/site-packages/airflow/example_dags/example_complex.py
[2025-03-17T23:34:26.103+0000] {processor.py:925} INFO - DAG(s) 'example_complex' retrieved from /home/airflow/.local/lib/python3.12/site-packages/airflow/example_dags/example_complex.py
[2025-03-17T23:34:26.117+0000] {logging_mixin.py:190} INFO - [2025-03-17T23:34:26.117+0000] {dag.py:3239} INFO - Sync 1 DAGs
[2025-03-17T23:34:26.124+0000] {logging_mixin.py:190} INFO - [2025-03-17T23:34:26.124+0000] {dag.py:4180} INFO - Setting next_dagrun for example_complex to None, run_after=None
[2025-03-17T23:34:26.133+0000] {processor.py:208} INFO - Processing /home/airflow/.local/lib/python3.12/site-packages/airflow/example_dags/example_complex.py took 0.041 seconds
[2025-03-17T23:34:57.302+0000] {processor.py:186} INFO - Started process (PID=7961) to work on /home/airflow/.local/lib/python3.12/site-packages/airflow/example_dags/example_complex.py
[2025-03-17T23:34:57.303+0000] {processor.py:914} INFO - Processing file /home/airflow/.local/lib/python3.12/site-packages/airflow/example_dags/example_complex.py for tasks to queue
[2025-03-17T23:34:57.305+0000] {logging_mixin.py:190} INFO - [2025-03-17T23:34:57.305+0000] {dagbag.py:588} INFO - Filling up the DagBag from /home/airflow/.local/lib/python3.12/site-packages/airflow/example_dags/example_complex.py
[2025-03-17T23:34:57.312+0000] {processor.py:925} INFO - DAG(s) 'example_complex' retrieved from /home/airflow/.local/lib/python3.12/site-packages/airflow/example_dags/example_complex.py
[2025-03-17T23:34:57.329+0000] {logging_mixin.py:190} INFO - [2025-03-17T23:34:57.329+0000] {dag.py:3239} INFO - Sync 1 DAGs
[2025-03-17T23:34:57.336+0000] {logging_mixin.py:190} INFO - [2025-03-17T23:34:57.336+0000] {dag.py:4180} INFO - Setting next_dagrun for example_complex to None, run_after=None
[2025-03-17T23:34:57.345+0000] {processor.py:208} INFO - Processing /home/airflow/.local/lib/python3.12/site-packages/airflow/example_dags/example_complex.py took 0.046 seconds
[2025-03-17T23:35:28.163+0000] {processor.py:186} INFO - Started process (PID=8257) to work on /home/airflow/.local/lib/python3.12/site-packages/airflow/example_dags/example_complex.py
[2025-03-17T23:35:28.164+0000] {processor.py:914} INFO - Processing file /home/airflow/.local/lib/python3.12/site-packages/airflow/example_dags/example_complex.py for tasks to queue
[2025-03-17T23:35:28.165+0000] {logging_mixin.py:190} INFO - [2025-03-17T23:35:28.165+0000] {dagbag.py:588} INFO - Filling up the DagBag from /home/airflow/.local/lib/python3.12/site-packages/airflow/example_dags/example_complex.py
[2025-03-17T23:35:28.171+0000] {processor.py:925} INFO - DAG(s) 'example_complex' retrieved from /home/airflow/.local/lib/python3.12/site-packages/airflow/example_dags/example_complex.py
[2025-03-17T23:35:28.184+0000] {logging_mixin.py:190} INFO - [2025-03-17T23:35:28.184+0000] {dag.py:3239} INFO - Sync 1 DAGs
[2025-03-17T23:35:28.190+0000] {logging_mixin.py:190} INFO - [2025-03-17T23:35:28.190+0000] {dag.py:4180} INFO - Setting next_dagrun for example_complex to None, run_after=None
[2025-03-17T23:35:28.198+0000] {processor.py:208} INFO - Processing /home/airflow/.local/lib/python3.12/site-packages/airflow/example_dags/example_complex.py took 0.037 seconds
[2025-03-17T23:35:59.294+0000] {processor.py:186} INFO - Started process (PID=8548) to work on /home/airflow/.local/lib/python3.12/site-packages/airflow/example_dags/example_complex.py
[2025-03-17T23:35:59.295+0000] {processor.py:914} INFO - Processing file /home/airflow/.local/lib/python3.12/site-packages/airflow/example_dags/example_complex.py for tasks to queue
[2025-03-17T23:35:59.296+0000] {logging_mixin.py:190} INFO - [2025-03-17T23:35:59.296+0000] {dagbag.py:588} INFO - Filling up the DagBag from /home/airflow/.local/lib/python3.12/site-packages/airflow/example_dags/example_complex.py
[2025-03-17T23:35:59.302+0000] {processor.py:925} INFO - DAG(s) 'example_complex' retrieved from /home/airflow/.local/lib/python3.12/site-packages/airflow/example_dags/example_complex.py
[2025-03-17T23:35:59.318+0000] {logging_mixin.py:190} INFO - [2025-03-17T23:35:59.317+0000] {dag.py:3239} INFO - Sync 1 DAGs
[2025-03-17T23:35:59.326+0000] {logging_mixin.py:190} INFO - [2025-03-17T23:35:59.326+0000] {dag.py:4180} INFO - Setting next_dagrun for example_complex to None, run_after=None
[2025-03-17T23:35:59.340+0000] {processor.py:208} INFO - Processing /home/airflow/.local/lib/python3.12/site-packages/airflow/example_dags/example_complex.py took 0.049 seconds
[2025-03-17T23:36:30.635+0000] {processor.py:186} INFO - Started process (PID=8834) to work on /home/airflow/.local/lib/python3.12/site-packages/airflow/example_dags/example_complex.py
[2025-03-17T23:36:30.636+0000] {processor.py:914} INFO - Processing file /home/airflow/.local/lib/python3.12/site-packages/airflow/example_dags/example_complex.py for tasks to queue
[2025-03-17T23:36:30.637+0000] {logging_mixin.py:190} INFO - [2025-03-17T23:36:30.637+0000] {dagbag.py:588} INFO - Filling up the DagBag from /home/airflow/.local/lib/python3.12/site-packages/airflow/example_dags/example_complex.py
[2025-03-17T23:36:30.644+0000] {processor.py:925} INFO - DAG(s) 'example_complex' retrieved from /home/airflow/.local/lib/python3.12/site-packages/airflow/example_dags/example_complex.py
[2025-03-17T23:36:30.661+0000] {logging_mixin.py:190} INFO - [2025-03-17T23:36:30.661+0000] {dag.py:3239} INFO - Sync 1 DAGs
[2025-03-17T23:36:30.668+0000] {logging_mixin.py:190} INFO - [2025-03-17T23:36:30.668+0000] {dag.py:4180} INFO - Setting next_dagrun for example_complex to None, run_after=None
[2025-03-17T23:36:30.678+0000] {processor.py:208} INFO - Processing /home/airflow/.local/lib/python3.12/site-packages/airflow/example_dags/example_complex.py took 0.047 seconds
[2025-03-17T23:37:02.015+0000] {processor.py:186} INFO - Started process (PID=9125) to work on /home/airflow/.local/lib/python3.12/site-packages/airflow/example_dags/example_complex.py
[2025-03-17T23:37:02.016+0000] {processor.py:914} INFO - Processing file /home/airflow/.local/lib/python3.12/site-packages/airflow/example_dags/example_complex.py for tasks to queue
[2025-03-17T23:37:02.017+0000] {logging_mixin.py:190} INFO - [2025-03-17T23:37:02.017+0000] {dagbag.py:588} INFO - Filling up the DagBag from /home/airflow/.local/lib/python3.12/site-packages/airflow/example_dags/example_complex.py
[2025-03-17T23:37:02.023+0000] {processor.py:925} INFO - DAG(s) 'example_complex' retrieved from /home/airflow/.local/lib/python3.12/site-packages/airflow/example_dags/example_complex.py
[2025-03-17T23:37:02.040+0000] {logging_mixin.py:190} INFO - [2025-03-17T23:37:02.040+0000] {dag.py:3239} INFO - Sync 1 DAGs
[2025-03-17T23:37:02.047+0000] {logging_mixin.py:190} INFO - [2025-03-17T23:37:02.047+0000] {dag.py:4180} INFO - Setting next_dagrun for example_complex to None, run_after=None
[2025-03-17T23:37:02.089+0000] {processor.py:208} INFO - Processing /home/airflow/.local/lib/python3.12/site-packages/airflow/example_dags/example_complex.py took 0.077 seconds
[2025-03-17T23:37:33.627+0000] {processor.py:186} INFO - Started process (PID=9422) to work on /home/airflow/.local/lib/python3.12/site-packages/airflow/example_dags/example_complex.py
[2025-03-17T23:37:33.628+0000] {processor.py:914} INFO - Processing file /home/airflow/.local/lib/python3.12/site-packages/airflow/example_dags/example_complex.py for tasks to queue
[2025-03-17T23:37:33.629+0000] {logging_mixin.py:190} INFO - [2025-03-17T23:37:33.629+0000] {dagbag.py:588} INFO - Filling up the DagBag from /home/airflow/.local/lib/python3.12/site-packages/airflow/example_dags/example_complex.py
[2025-03-17T23:37:33.635+0000] {processor.py:925} INFO - DAG(s) 'example_complex' retrieved from /home/airflow/.local/lib/python3.12/site-packages/airflow/example_dags/example_complex.py
[2025-03-17T23:37:33.649+0000] {logging_mixin.py:190} INFO - [2025-03-17T23:37:33.649+0000] {dag.py:3239} INFO - Sync 1 DAGs
[2025-03-17T23:37:33.656+0000] {logging_mixin.py:190} INFO - [2025-03-17T23:37:33.656+0000] {dag.py:4180} INFO - Setting next_dagrun for example_complex to None, run_after=None
[2025-03-17T23:37:33.672+0000] {processor.py:208} INFO - Processing /home/airflow/.local/lib/python3.12/site-packages/airflow/example_dags/example_complex.py took 0.048 seconds
