[2025-03-17T23:21:36.694+0000] {processor.py:186} INFO - Started process (PID=402) to work on /home/airflow/.local/lib/python3.12/site-packages/airflow/example_dags/example_trigger_controller_dag.py
[2025-03-17T23:21:36.695+0000] {processor.py:914} INFO - Processing file /home/airflow/.local/lib/python3.12/site-packages/airflow/example_dags/example_trigger_controller_dag.py for tasks to queue
[2025-03-17T23:21:36.696+0000] {logging_mixin.py:190} INFO - [2025-03-17T23:21:36.696+0000] {dagbag.py:588} INFO - Filling up the DagBag from /home/airflow/.local/lib/python3.12/site-packages/airflow/example_dags/example_trigger_controller_dag.py
[2025-03-17T23:21:36.700+0000] {processor.py:925} INFO - DAG(s) 'example_trigger_controller_dag' retrieved from /home/airflow/.local/lib/python3.12/site-packages/airflow/example_dags/example_trigger_controller_dag.py
[2025-03-17T23:21:36.748+0000] {logging_mixin.py:190} INFO - [2025-03-17T23:21:36.747+0000] {override.py:1912} INFO - Created Permission View: can edit on DAG:example_trigger_controller_dag
[2025-03-17T23:21:36.753+0000] {logging_mixin.py:190} INFO - [2025-03-17T23:21:36.753+0000] {override.py:1912} INFO - Created Permission View: can read on DAG:example_trigger_controller_dag
[2025-03-17T23:21:36.756+0000] {logging_mixin.py:190} INFO - [2025-03-17T23:21:36.756+0000] {override.py:1912} INFO - Created Permission View: can delete on DAG:example_trigger_controller_dag
[2025-03-17T23:21:36.762+0000] {logging_mixin.py:190} INFO - [2025-03-17T23:21:36.761+0000] {override.py:1912} INFO - Created Permission View: can create on DAG Run:example_trigger_controller_dag
[2025-03-17T23:21:36.764+0000] {logging_mixin.py:190} INFO - [2025-03-17T23:21:36.764+0000] {override.py:1912} INFO - Created Permission View: menu access on DAG Run:example_trigger_controller_dag
[2025-03-17T23:21:36.768+0000] {logging_mixin.py:190} INFO - [2025-03-17T23:21:36.767+0000] {override.py:1912} INFO - Created Permission View: can read on DAG Run:example_trigger_controller_dag
[2025-03-17T23:21:36.770+0000] {logging_mixin.py:190} INFO - [2025-03-17T23:21:36.770+0000] {override.py:1912} INFO - Created Permission View: can delete on DAG Run:example_trigger_controller_dag
[2025-03-17T23:21:36.771+0000] {logging_mixin.py:190} INFO - [2025-03-17T23:21:36.771+0000] {dag.py:3239} INFO - Sync 1 DAGs
[2025-03-17T23:21:36.780+0000] {logging_mixin.py:190} INFO - [2025-03-17T23:21:36.780+0000] {dag.py:3262} INFO - Creating ORM DAG for example_trigger_controller_dag
[2025-03-17T23:21:36.786+0000] {logging_mixin.py:190} INFO - [2025-03-17T23:21:36.786+0000] {dag.py:4180} INFO - Setting next_dagrun for example_trigger_controller_dag to 2021-01-01 00:00:00+00:00, run_after=2021-01-01 00:00:00+00:00
[2025-03-17T23:21:36.796+0000] {processor.py:208} INFO - Processing /home/airflow/.local/lib/python3.12/site-packages/airflow/example_dags/example_trigger_controller_dag.py took 0.105 seconds
[2025-03-17T23:22:06.872+0000] {processor.py:186} INFO - Started process (PID=693) to work on /home/airflow/.local/lib/python3.12/site-packages/airflow/example_dags/example_trigger_controller_dag.py
[2025-03-17T23:22:06.872+0000] {processor.py:914} INFO - Processing file /home/airflow/.local/lib/python3.12/site-packages/airflow/example_dags/example_trigger_controller_dag.py for tasks to queue
[2025-03-17T23:22:06.875+0000] {logging_mixin.py:190} INFO - [2025-03-17T23:22:06.875+0000] {dagbag.py:588} INFO - Filling up the DagBag from /home/airflow/.local/lib/python3.12/site-packages/airflow/example_dags/example_trigger_controller_dag.py
[2025-03-17T23:22:06.879+0000] {processor.py:925} INFO - DAG(s) 'example_trigger_controller_dag' retrieved from /home/airflow/.local/lib/python3.12/site-packages/airflow/example_dags/example_trigger_controller_dag.py
[2025-03-17T23:22:06.893+0000] {logging_mixin.py:190} INFO - [2025-03-17T23:22:06.892+0000] {dag.py:3239} INFO - Sync 1 DAGs
[2025-03-17T23:22:06.904+0000] {logging_mixin.py:190} INFO - [2025-03-17T23:22:06.904+0000] {dag.py:4180} INFO - Setting next_dagrun for example_trigger_controller_dag to 2021-01-01 00:00:00+00:00, run_after=2021-01-01 00:00:00+00:00
[2025-03-17T23:22:06.912+0000] {processor.py:208} INFO - Processing /home/airflow/.local/lib/python3.12/site-packages/airflow/example_dags/example_trigger_controller_dag.py took 0.043 seconds
[2025-03-17T23:22:37.044+0000] {processor.py:186} INFO - Started process (PID=984) to work on /home/airflow/.local/lib/python3.12/site-packages/airflow/example_dags/example_trigger_controller_dag.py
[2025-03-17T23:22:37.045+0000] {processor.py:914} INFO - Processing file /home/airflow/.local/lib/python3.12/site-packages/airflow/example_dags/example_trigger_controller_dag.py for tasks to queue
[2025-03-17T23:22:37.046+0000] {logging_mixin.py:190} INFO - [2025-03-17T23:22:37.046+0000] {dagbag.py:588} INFO - Filling up the DagBag from /home/airflow/.local/lib/python3.12/site-packages/airflow/example_dags/example_trigger_controller_dag.py
[2025-03-17T23:22:37.052+0000] {processor.py:925} INFO - DAG(s) 'example_trigger_controller_dag' retrieved from /home/airflow/.local/lib/python3.12/site-packages/airflow/example_dags/example_trigger_controller_dag.py
[2025-03-17T23:22:37.067+0000] {logging_mixin.py:190} INFO - [2025-03-17T23:22:37.067+0000] {dag.py:3239} INFO - Sync 1 DAGs
[2025-03-17T23:22:37.083+0000] {logging_mixin.py:190} INFO - [2025-03-17T23:22:37.083+0000] {dag.py:4180} INFO - Setting next_dagrun for example_trigger_controller_dag to 2021-01-01 00:00:00+00:00, run_after=2021-01-01 00:00:00+00:00
[2025-03-17T23:22:37.094+0000] {processor.py:208} INFO - Processing /home/airflow/.local/lib/python3.12/site-packages/airflow/example_dags/example_trigger_controller_dag.py took 0.055 seconds
[2025-03-17T23:23:07.811+0000] {processor.py:186} INFO - Started process (PID=1275) to work on /home/airflow/.local/lib/python3.12/site-packages/airflow/example_dags/example_trigger_controller_dag.py
[2025-03-17T23:23:07.811+0000] {processor.py:914} INFO - Processing file /home/airflow/.local/lib/python3.12/site-packages/airflow/example_dags/example_trigger_controller_dag.py for tasks to queue
[2025-03-17T23:23:07.812+0000] {logging_mixin.py:190} INFO - [2025-03-17T23:23:07.812+0000] {dagbag.py:588} INFO - Filling up the DagBag from /home/airflow/.local/lib/python3.12/site-packages/airflow/example_dags/example_trigger_controller_dag.py
[2025-03-17T23:23:07.816+0000] {processor.py:925} INFO - DAG(s) 'example_trigger_controller_dag' retrieved from /home/airflow/.local/lib/python3.12/site-packages/airflow/example_dags/example_trigger_controller_dag.py
[2025-03-17T23:23:07.825+0000] {logging_mixin.py:190} INFO - [2025-03-17T23:23:07.825+0000] {dag.py:3239} INFO - Sync 1 DAGs
[2025-03-17T23:23:07.836+0000] {logging_mixin.py:190} INFO - [2025-03-17T23:23:07.835+0000] {dag.py:4180} INFO - Setting next_dagrun for example_trigger_controller_dag to 2021-01-01 00:00:00+00:00, run_after=2021-01-01 00:00:00+00:00
[2025-03-17T23:23:07.845+0000] {processor.py:208} INFO - Processing /home/airflow/.local/lib/python3.12/site-packages/airflow/example_dags/example_trigger_controller_dag.py took 0.038 seconds
[2025-03-17T23:23:39.020+0000] {processor.py:186} INFO - Started process (PID=1566) to work on /home/airflow/.local/lib/python3.12/site-packages/airflow/example_dags/example_trigger_controller_dag.py
[2025-03-17T23:23:39.021+0000] {processor.py:914} INFO - Processing file /home/airflow/.local/lib/python3.12/site-packages/airflow/example_dags/example_trigger_controller_dag.py for tasks to queue
[2025-03-17T23:23:39.022+0000] {logging_mixin.py:190} INFO - [2025-03-17T23:23:39.022+0000] {dagbag.py:588} INFO - Filling up the DagBag from /home/airflow/.local/lib/python3.12/site-packages/airflow/example_dags/example_trigger_controller_dag.py
[2025-03-17T23:23:39.026+0000] {processor.py:925} INFO - DAG(s) 'example_trigger_controller_dag' retrieved from /home/airflow/.local/lib/python3.12/site-packages/airflow/example_dags/example_trigger_controller_dag.py
[2025-03-17T23:23:39.038+0000] {logging_mixin.py:190} INFO - [2025-03-17T23:23:39.038+0000] {dag.py:3239} INFO - Sync 1 DAGs
[2025-03-17T23:23:39.050+0000] {logging_mixin.py:190} INFO - [2025-03-17T23:23:39.050+0000] {dag.py:4180} INFO - Setting next_dagrun for example_trigger_controller_dag to 2021-01-01 00:00:00+00:00, run_after=2021-01-01 00:00:00+00:00
[2025-03-17T23:23:39.074+0000] {processor.py:208} INFO - Processing /home/airflow/.local/lib/python3.12/site-packages/airflow/example_dags/example_trigger_controller_dag.py took 0.058 seconds
[2025-03-17T23:24:09.992+0000] {processor.py:186} INFO - Started process (PID=1857) to work on /home/airflow/.local/lib/python3.12/site-packages/airflow/example_dags/example_trigger_controller_dag.py
[2025-03-17T23:24:09.992+0000] {processor.py:914} INFO - Processing file /home/airflow/.local/lib/python3.12/site-packages/airflow/example_dags/example_trigger_controller_dag.py for tasks to queue
[2025-03-17T23:24:09.994+0000] {logging_mixin.py:190} INFO - [2025-03-17T23:24:09.993+0000] {dagbag.py:588} INFO - Filling up the DagBag from /home/airflow/.local/lib/python3.12/site-packages/airflow/example_dags/example_trigger_controller_dag.py
[2025-03-17T23:24:09.997+0000] {processor.py:925} INFO - DAG(s) 'example_trigger_controller_dag' retrieved from /home/airflow/.local/lib/python3.12/site-packages/airflow/example_dags/example_trigger_controller_dag.py
[2025-03-17T23:24:10.006+0000] {logging_mixin.py:190} INFO - [2025-03-17T23:24:10.005+0000] {dag.py:3239} INFO - Sync 1 DAGs
[2025-03-17T23:24:10.015+0000] {logging_mixin.py:190} INFO - [2025-03-17T23:24:10.015+0000] {dag.py:4180} INFO - Setting next_dagrun for example_trigger_controller_dag to 2021-01-01 00:00:00+00:00, run_after=2021-01-01 00:00:00+00:00
[2025-03-17T23:24:10.027+0000] {processor.py:208} INFO - Processing /home/airflow/.local/lib/python3.12/site-packages/airflow/example_dags/example_trigger_controller_dag.py took 0.038 seconds
[2025-03-17T23:24:41.364+0000] {processor.py:186} INFO - Started process (PID=2147) to work on /home/airflow/.local/lib/python3.12/site-packages/airflow/example_dags/example_trigger_controller_dag.py
[2025-03-17T23:24:41.365+0000] {processor.py:914} INFO - Processing file /home/airflow/.local/lib/python3.12/site-packages/airflow/example_dags/example_trigger_controller_dag.py for tasks to queue
[2025-03-17T23:24:41.366+0000] {logging_mixin.py:190} INFO - [2025-03-17T23:24:41.366+0000] {dagbag.py:588} INFO - Filling up the DagBag from /home/airflow/.local/lib/python3.12/site-packages/airflow/example_dags/example_trigger_controller_dag.py
[2025-03-17T23:24:41.369+0000] {processor.py:925} INFO - DAG(s) 'example_trigger_controller_dag' retrieved from /home/airflow/.local/lib/python3.12/site-packages/airflow/example_dags/example_trigger_controller_dag.py
[2025-03-17T23:24:41.378+0000] {logging_mixin.py:190} INFO - [2025-03-17T23:24:41.378+0000] {dag.py:3239} INFO - Sync 1 DAGs
[2025-03-17T23:24:41.390+0000] {logging_mixin.py:190} INFO - [2025-03-17T23:24:41.390+0000] {dag.py:4180} INFO - Setting next_dagrun for example_trigger_controller_dag to 2021-01-01 00:00:00+00:00, run_after=2021-01-01 00:00:00+00:00
[2025-03-17T23:24:41.399+0000] {processor.py:208} INFO - Processing /home/airflow/.local/lib/python3.12/site-packages/airflow/example_dags/example_trigger_controller_dag.py took 0.038 seconds
[2025-03-17T23:25:13.109+0000] {processor.py:186} INFO - Started process (PID=2438) to work on /home/airflow/.local/lib/python3.12/site-packages/airflow/example_dags/example_trigger_controller_dag.py
[2025-03-17T23:25:13.110+0000] {processor.py:914} INFO - Processing file /home/airflow/.local/lib/python3.12/site-packages/airflow/example_dags/example_trigger_controller_dag.py for tasks to queue
[2025-03-17T23:25:13.111+0000] {logging_mixin.py:190} INFO - [2025-03-17T23:25:13.111+0000] {dagbag.py:588} INFO - Filling up the DagBag from /home/airflow/.local/lib/python3.12/site-packages/airflow/example_dags/example_trigger_controller_dag.py
[2025-03-17T23:25:13.116+0000] {processor.py:925} INFO - DAG(s) 'example_trigger_controller_dag' retrieved from /home/airflow/.local/lib/python3.12/site-packages/airflow/example_dags/example_trigger_controller_dag.py
[2025-03-17T23:25:13.131+0000] {logging_mixin.py:190} INFO - [2025-03-17T23:25:13.131+0000] {dag.py:3239} INFO - Sync 1 DAGs
[2025-03-17T23:25:13.142+0000] {logging_mixin.py:190} INFO - [2025-03-17T23:25:13.142+0000] {dag.py:4180} INFO - Setting next_dagrun for example_trigger_controller_dag to 2021-01-01 00:00:00+00:00, run_after=2021-01-01 00:00:00+00:00
[2025-03-17T23:25:13.151+0000] {processor.py:208} INFO - Processing /home/airflow/.local/lib/python3.12/site-packages/airflow/example_dags/example_trigger_controller_dag.py took 0.047 seconds
[2025-03-17T23:25:43.979+0000] {processor.py:186} INFO - Started process (PID=2729) to work on /home/airflow/.local/lib/python3.12/site-packages/airflow/example_dags/example_trigger_controller_dag.py
[2025-03-17T23:25:43.980+0000] {processor.py:914} INFO - Processing file /home/airflow/.local/lib/python3.12/site-packages/airflow/example_dags/example_trigger_controller_dag.py for tasks to queue
[2025-03-17T23:25:43.981+0000] {logging_mixin.py:190} INFO - [2025-03-17T23:25:43.981+0000] {dagbag.py:588} INFO - Filling up the DagBag from /home/airflow/.local/lib/python3.12/site-packages/airflow/example_dags/example_trigger_controller_dag.py
[2025-03-17T23:25:43.985+0000] {processor.py:925} INFO - DAG(s) 'example_trigger_controller_dag' retrieved from /home/airflow/.local/lib/python3.12/site-packages/airflow/example_dags/example_trigger_controller_dag.py
[2025-03-17T23:25:43.995+0000] {logging_mixin.py:190} INFO - [2025-03-17T23:25:43.994+0000] {dag.py:3239} INFO - Sync 1 DAGs
[2025-03-17T23:25:44.005+0000] {logging_mixin.py:190} INFO - [2025-03-17T23:25:44.004+0000] {dag.py:4180} INFO - Setting next_dagrun for example_trigger_controller_dag to 2021-01-01 00:00:00+00:00, run_after=2021-01-01 00:00:00+00:00
[2025-03-17T23:25:44.016+0000] {processor.py:208} INFO - Processing /home/airflow/.local/lib/python3.12/site-packages/airflow/example_dags/example_trigger_controller_dag.py took 0.040 seconds
[2025-03-17T23:26:14.876+0000] {processor.py:186} INFO - Started process (PID=3020) to work on /home/airflow/.local/lib/python3.12/site-packages/airflow/example_dags/example_trigger_controller_dag.py
[2025-03-17T23:26:14.877+0000] {processor.py:914} INFO - Processing file /home/airflow/.local/lib/python3.12/site-packages/airflow/example_dags/example_trigger_controller_dag.py for tasks to queue
[2025-03-17T23:26:14.878+0000] {logging_mixin.py:190} INFO - [2025-03-17T23:26:14.878+0000] {dagbag.py:588} INFO - Filling up the DagBag from /home/airflow/.local/lib/python3.12/site-packages/airflow/example_dags/example_trigger_controller_dag.py
[2025-03-17T23:26:14.882+0000] {processor.py:925} INFO - DAG(s) 'example_trigger_controller_dag' retrieved from /home/airflow/.local/lib/python3.12/site-packages/airflow/example_dags/example_trigger_controller_dag.py
[2025-03-17T23:26:14.890+0000] {logging_mixin.py:190} INFO - [2025-03-17T23:26:14.890+0000] {dag.py:3239} INFO - Sync 1 DAGs
[2025-03-17T23:26:14.902+0000] {logging_mixin.py:190} INFO - [2025-03-17T23:26:14.902+0000] {dag.py:4180} INFO - Setting next_dagrun for example_trigger_controller_dag to 2021-01-01 00:00:00+00:00, run_after=2021-01-01 00:00:00+00:00
[2025-03-17T23:26:14.912+0000] {processor.py:208} INFO - Processing /home/airflow/.local/lib/python3.12/site-packages/airflow/example_dags/example_trigger_controller_dag.py took 0.039 seconds
[2025-03-17T23:26:45.772+0000] {processor.py:186} INFO - Started process (PID=3311) to work on /home/airflow/.local/lib/python3.12/site-packages/airflow/example_dags/example_trigger_controller_dag.py
[2025-03-17T23:26:45.773+0000] {processor.py:914} INFO - Processing file /home/airflow/.local/lib/python3.12/site-packages/airflow/example_dags/example_trigger_controller_dag.py for tasks to queue
[2025-03-17T23:26:45.774+0000] {logging_mixin.py:190} INFO - [2025-03-17T23:26:45.774+0000] {dagbag.py:588} INFO - Filling up the DagBag from /home/airflow/.local/lib/python3.12/site-packages/airflow/example_dags/example_trigger_controller_dag.py
[2025-03-17T23:26:45.778+0000] {processor.py:925} INFO - DAG(s) 'example_trigger_controller_dag' retrieved from /home/airflow/.local/lib/python3.12/site-packages/airflow/example_dags/example_trigger_controller_dag.py
[2025-03-17T23:26:45.790+0000] {logging_mixin.py:190} INFO - [2025-03-17T23:26:45.790+0000] {dag.py:3239} INFO - Sync 1 DAGs
[2025-03-17T23:26:45.801+0000] {logging_mixin.py:190} INFO - [2025-03-17T23:26:45.801+0000] {dag.py:4180} INFO - Setting next_dagrun for example_trigger_controller_dag to 2021-01-01 00:00:00+00:00, run_after=2021-01-01 00:00:00+00:00
[2025-03-17T23:26:45.810+0000] {processor.py:208} INFO - Processing /home/airflow/.local/lib/python3.12/site-packages/airflow/example_dags/example_trigger_controller_dag.py took 0.041 seconds
[2025-03-17T23:27:16.757+0000] {processor.py:186} INFO - Started process (PID=3602) to work on /home/airflow/.local/lib/python3.12/site-packages/airflow/example_dags/example_trigger_controller_dag.py
[2025-03-17T23:27:16.758+0000] {processor.py:914} INFO - Processing file /home/airflow/.local/lib/python3.12/site-packages/airflow/example_dags/example_trigger_controller_dag.py for tasks to queue
[2025-03-17T23:27:16.760+0000] {logging_mixin.py:190} INFO - [2025-03-17T23:27:16.760+0000] {dagbag.py:588} INFO - Filling up the DagBag from /home/airflow/.local/lib/python3.12/site-packages/airflow/example_dags/example_trigger_controller_dag.py
[2025-03-17T23:27:16.764+0000] {processor.py:925} INFO - DAG(s) 'example_trigger_controller_dag' retrieved from /home/airflow/.local/lib/python3.12/site-packages/airflow/example_dags/example_trigger_controller_dag.py
[2025-03-17T23:27:16.774+0000] {logging_mixin.py:190} INFO - [2025-03-17T23:27:16.774+0000] {dag.py:3239} INFO - Sync 1 DAGs
[2025-03-17T23:27:16.784+0000] {logging_mixin.py:190} INFO - [2025-03-17T23:27:16.784+0000] {dag.py:4180} INFO - Setting next_dagrun for example_trigger_controller_dag to 2021-01-01 00:00:00+00:00, run_after=2021-01-01 00:00:00+00:00
[2025-03-17T23:27:16.792+0000] {processor.py:208} INFO - Processing /home/airflow/.local/lib/python3.12/site-packages/airflow/example_dags/example_trigger_controller_dag.py took 0.037 seconds
[2025-03-17T23:27:48.086+0000] {processor.py:186} INFO - Started process (PID=3893) to work on /home/airflow/.local/lib/python3.12/site-packages/airflow/example_dags/example_trigger_controller_dag.py
[2025-03-17T23:27:48.088+0000] {processor.py:914} INFO - Processing file /home/airflow/.local/lib/python3.12/site-packages/airflow/example_dags/example_trigger_controller_dag.py for tasks to queue
[2025-03-17T23:27:48.091+0000] {logging_mixin.py:190} INFO - [2025-03-17T23:27:48.091+0000] {dagbag.py:588} INFO - Filling up the DagBag from /home/airflow/.local/lib/python3.12/site-packages/airflow/example_dags/example_trigger_controller_dag.py
[2025-03-17T23:27:48.129+0000] {processor.py:925} INFO - DAG(s) 'example_trigger_controller_dag' retrieved from /home/airflow/.local/lib/python3.12/site-packages/airflow/example_dags/example_trigger_controller_dag.py
[2025-03-17T23:27:48.194+0000] {logging_mixin.py:190} INFO - [2025-03-17T23:27:48.194+0000] {dag.py:3239} INFO - Sync 1 DAGs
[2025-03-17T23:27:48.218+0000] {logging_mixin.py:190} INFO - [2025-03-17T23:27:48.218+0000] {dag.py:4180} INFO - Setting next_dagrun for example_trigger_controller_dag to 2021-01-01 00:00:00+00:00, run_after=2021-01-01 00:00:00+00:00
[2025-03-17T23:27:48.232+0000] {processor.py:208} INFO - Processing /home/airflow/.local/lib/python3.12/site-packages/airflow/example_dags/example_trigger_controller_dag.py took 0.152 seconds
[2025-03-17T23:28:18.258+0000] {processor.py:186} INFO - Started process (PID=4179) to work on /home/airflow/.local/lib/python3.12/site-packages/airflow/example_dags/example_trigger_controller_dag.py
[2025-03-17T23:28:18.259+0000] {processor.py:914} INFO - Processing file /home/airflow/.local/lib/python3.12/site-packages/airflow/example_dags/example_trigger_controller_dag.py for tasks to queue
[2025-03-17T23:28:18.259+0000] {logging_mixin.py:190} INFO - [2025-03-17T23:28:18.259+0000] {dagbag.py:588} INFO - Filling up the DagBag from /home/airflow/.local/lib/python3.12/site-packages/airflow/example_dags/example_trigger_controller_dag.py
[2025-03-17T23:28:18.263+0000] {processor.py:925} INFO - DAG(s) 'example_trigger_controller_dag' retrieved from /home/airflow/.local/lib/python3.12/site-packages/airflow/example_dags/example_trigger_controller_dag.py
[2025-03-17T23:28:18.272+0000] {logging_mixin.py:190} INFO - [2025-03-17T23:28:18.272+0000] {dag.py:3239} INFO - Sync 1 DAGs
[2025-03-17T23:28:18.282+0000] {logging_mixin.py:190} INFO - [2025-03-17T23:28:18.281+0000] {dag.py:4180} INFO - Setting next_dagrun for example_trigger_controller_dag to 2021-01-01 00:00:00+00:00, run_after=2021-01-01 00:00:00+00:00
[2025-03-17T23:28:18.289+0000] {processor.py:208} INFO - Processing /home/airflow/.local/lib/python3.12/site-packages/airflow/example_dags/example_trigger_controller_dag.py took 0.034 seconds
[2025-03-17T23:28:49.146+0000] {processor.py:186} INFO - Started process (PID=4475) to work on /home/airflow/.local/lib/python3.12/site-packages/airflow/example_dags/example_trigger_controller_dag.py
[2025-03-17T23:28:49.146+0000] {processor.py:914} INFO - Processing file /home/airflow/.local/lib/python3.12/site-packages/airflow/example_dags/example_trigger_controller_dag.py for tasks to queue
[2025-03-17T23:28:49.147+0000] {logging_mixin.py:190} INFO - [2025-03-17T23:28:49.147+0000] {dagbag.py:588} INFO - Filling up the DagBag from /home/airflow/.local/lib/python3.12/site-packages/airflow/example_dags/example_trigger_controller_dag.py
[2025-03-17T23:28:49.151+0000] {processor.py:925} INFO - DAG(s) 'example_trigger_controller_dag' retrieved from /home/airflow/.local/lib/python3.12/site-packages/airflow/example_dags/example_trigger_controller_dag.py
[2025-03-17T23:28:49.162+0000] {logging_mixin.py:190} INFO - [2025-03-17T23:28:49.162+0000] {dag.py:3239} INFO - Sync 1 DAGs
[2025-03-17T23:28:49.172+0000] {logging_mixin.py:190} INFO - [2025-03-17T23:28:49.172+0000] {dag.py:4180} INFO - Setting next_dagrun for example_trigger_controller_dag to 2021-01-01 00:00:00+00:00, run_after=2021-01-01 00:00:00+00:00
[2025-03-17T23:28:49.180+0000] {processor.py:208} INFO - Processing /home/airflow/.local/lib/python3.12/site-packages/airflow/example_dags/example_trigger_controller_dag.py took 0.037 seconds
[2025-03-17T23:29:19.768+0000] {processor.py:186} INFO - Started process (PID=4766) to work on /home/airflow/.local/lib/python3.12/site-packages/airflow/example_dags/example_trigger_controller_dag.py
[2025-03-17T23:29:19.769+0000] {processor.py:914} INFO - Processing file /home/airflow/.local/lib/python3.12/site-packages/airflow/example_dags/example_trigger_controller_dag.py for tasks to queue
[2025-03-17T23:29:19.771+0000] {logging_mixin.py:190} INFO - [2025-03-17T23:29:19.771+0000] {dagbag.py:588} INFO - Filling up the DagBag from /home/airflow/.local/lib/python3.12/site-packages/airflow/example_dags/example_trigger_controller_dag.py
[2025-03-17T23:29:19.774+0000] {processor.py:925} INFO - DAG(s) 'example_trigger_controller_dag' retrieved from /home/airflow/.local/lib/python3.12/site-packages/airflow/example_dags/example_trigger_controller_dag.py
[2025-03-17T23:29:19.783+0000] {logging_mixin.py:190} INFO - [2025-03-17T23:29:19.783+0000] {dag.py:3239} INFO - Sync 1 DAGs
[2025-03-17T23:29:19.793+0000] {logging_mixin.py:190} INFO - [2025-03-17T23:29:19.793+0000] {dag.py:4180} INFO - Setting next_dagrun for example_trigger_controller_dag to 2021-01-01 00:00:00+00:00, run_after=2021-01-01 00:00:00+00:00
[2025-03-17T23:29:19.802+0000] {processor.py:208} INFO - Processing /home/airflow/.local/lib/python3.12/site-packages/airflow/example_dags/example_trigger_controller_dag.py took 0.036 seconds
[2025-03-17T23:29:50.308+0000] {processor.py:186} INFO - Started process (PID=5057) to work on /home/airflow/.local/lib/python3.12/site-packages/airflow/example_dags/example_trigger_controller_dag.py
[2025-03-17T23:29:50.308+0000] {processor.py:914} INFO - Processing file /home/airflow/.local/lib/python3.12/site-packages/airflow/example_dags/example_trigger_controller_dag.py for tasks to queue
[2025-03-17T23:29:50.309+0000] {logging_mixin.py:190} INFO - [2025-03-17T23:29:50.309+0000] {dagbag.py:588} INFO - Filling up the DagBag from /home/airflow/.local/lib/python3.12/site-packages/airflow/example_dags/example_trigger_controller_dag.py
[2025-03-17T23:29:50.312+0000] {processor.py:925} INFO - DAG(s) 'example_trigger_controller_dag' retrieved from /home/airflow/.local/lib/python3.12/site-packages/airflow/example_dags/example_trigger_controller_dag.py
[2025-03-17T23:29:50.321+0000] {logging_mixin.py:190} INFO - [2025-03-17T23:29:50.321+0000] {dag.py:3239} INFO - Sync 1 DAGs
[2025-03-17T23:29:50.331+0000] {logging_mixin.py:190} INFO - [2025-03-17T23:29:50.331+0000] {dag.py:4180} INFO - Setting next_dagrun for example_trigger_controller_dag to 2021-01-01 00:00:00+00:00, run_after=2021-01-01 00:00:00+00:00
[2025-03-17T23:29:50.341+0000] {processor.py:208} INFO - Processing /home/airflow/.local/lib/python3.12/site-packages/airflow/example_dags/example_trigger_controller_dag.py took 0.036 seconds
[2025-03-17T23:30:20.847+0000] {processor.py:186} INFO - Started process (PID=5348) to work on /home/airflow/.local/lib/python3.12/site-packages/airflow/example_dags/example_trigger_controller_dag.py
[2025-03-17T23:30:20.849+0000] {processor.py:914} INFO - Processing file /home/airflow/.local/lib/python3.12/site-packages/airflow/example_dags/example_trigger_controller_dag.py for tasks to queue
[2025-03-17T23:30:20.851+0000] {logging_mixin.py:190} INFO - [2025-03-17T23:30:20.851+0000] {dagbag.py:588} INFO - Filling up the DagBag from /home/airflow/.local/lib/python3.12/site-packages/airflow/example_dags/example_trigger_controller_dag.py
[2025-03-17T23:30:20.855+0000] {processor.py:925} INFO - DAG(s) 'example_trigger_controller_dag' retrieved from /home/airflow/.local/lib/python3.12/site-packages/airflow/example_dags/example_trigger_controller_dag.py
[2025-03-17T23:30:20.866+0000] {logging_mixin.py:190} INFO - [2025-03-17T23:30:20.866+0000] {dag.py:3239} INFO - Sync 1 DAGs
[2025-03-17T23:30:20.876+0000] {logging_mixin.py:190} INFO - [2025-03-17T23:30:20.875+0000] {dag.py:4180} INFO - Setting next_dagrun for example_trigger_controller_dag to 2021-01-01 00:00:00+00:00, run_after=2021-01-01 00:00:00+00:00
[2025-03-17T23:30:20.883+0000] {processor.py:208} INFO - Processing /home/airflow/.local/lib/python3.12/site-packages/airflow/example_dags/example_trigger_controller_dag.py took 0.039 seconds
[2025-03-17T23:30:51.416+0000] {processor.py:186} INFO - Started process (PID=5639) to work on /home/airflow/.local/lib/python3.12/site-packages/airflow/example_dags/example_trigger_controller_dag.py
[2025-03-17T23:30:51.417+0000] {processor.py:914} INFO - Processing file /home/airflow/.local/lib/python3.12/site-packages/airflow/example_dags/example_trigger_controller_dag.py for tasks to queue
[2025-03-17T23:30:51.418+0000] {logging_mixin.py:190} INFO - [2025-03-17T23:30:51.418+0000] {dagbag.py:588} INFO - Filling up the DagBag from /home/airflow/.local/lib/python3.12/site-packages/airflow/example_dags/example_trigger_controller_dag.py
[2025-03-17T23:30:51.421+0000] {processor.py:925} INFO - DAG(s) 'example_trigger_controller_dag' retrieved from /home/airflow/.local/lib/python3.12/site-packages/airflow/example_dags/example_trigger_controller_dag.py
[2025-03-17T23:30:51.430+0000] {logging_mixin.py:190} INFO - [2025-03-17T23:30:51.430+0000] {dag.py:3239} INFO - Sync 1 DAGs
[2025-03-17T23:30:51.440+0000] {logging_mixin.py:190} INFO - [2025-03-17T23:30:51.439+0000] {dag.py:4180} INFO - Setting next_dagrun for example_trigger_controller_dag to 2021-01-01 00:00:00+00:00, run_after=2021-01-01 00:00:00+00:00
[2025-03-17T23:30:51.447+0000] {processor.py:208} INFO - Processing /home/airflow/.local/lib/python3.12/site-packages/airflow/example_dags/example_trigger_controller_dag.py took 0.033 seconds
[2025-03-17T23:31:21.986+0000] {processor.py:186} INFO - Started process (PID=5930) to work on /home/airflow/.local/lib/python3.12/site-packages/airflow/example_dags/example_trigger_controller_dag.py
[2025-03-17T23:31:21.987+0000] {processor.py:914} INFO - Processing file /home/airflow/.local/lib/python3.12/site-packages/airflow/example_dags/example_trigger_controller_dag.py for tasks to queue
[2025-03-17T23:31:21.988+0000] {logging_mixin.py:190} INFO - [2025-03-17T23:31:21.988+0000] {dagbag.py:588} INFO - Filling up the DagBag from /home/airflow/.local/lib/python3.12/site-packages/airflow/example_dags/example_trigger_controller_dag.py
[2025-03-17T23:31:21.991+0000] {processor.py:925} INFO - DAG(s) 'example_trigger_controller_dag' retrieved from /home/airflow/.local/lib/python3.12/site-packages/airflow/example_dags/example_trigger_controller_dag.py
[2025-03-17T23:31:22.000+0000] {logging_mixin.py:190} INFO - [2025-03-17T23:31:22.000+0000] {dag.py:3239} INFO - Sync 1 DAGs
[2025-03-17T23:31:22.010+0000] {logging_mixin.py:190} INFO - [2025-03-17T23:31:22.010+0000] {dag.py:4180} INFO - Setting next_dagrun for example_trigger_controller_dag to 2021-01-01 00:00:00+00:00, run_after=2021-01-01 00:00:00+00:00
[2025-03-17T23:31:22.017+0000] {processor.py:208} INFO - Processing /home/airflow/.local/lib/python3.12/site-packages/airflow/example_dags/example_trigger_controller_dag.py took 0.033 seconds
[2025-03-17T23:31:52.506+0000] {processor.py:186} INFO - Started process (PID=6221) to work on /home/airflow/.local/lib/python3.12/site-packages/airflow/example_dags/example_trigger_controller_dag.py
[2025-03-17T23:31:52.506+0000] {processor.py:914} INFO - Processing file /home/airflow/.local/lib/python3.12/site-packages/airflow/example_dags/example_trigger_controller_dag.py for tasks to queue
[2025-03-17T23:31:52.507+0000] {logging_mixin.py:190} INFO - [2025-03-17T23:31:52.507+0000] {dagbag.py:588} INFO - Filling up the DagBag from /home/airflow/.local/lib/python3.12/site-packages/airflow/example_dags/example_trigger_controller_dag.py
[2025-03-17T23:31:52.511+0000] {processor.py:925} INFO - DAG(s) 'example_trigger_controller_dag' retrieved from /home/airflow/.local/lib/python3.12/site-packages/airflow/example_dags/example_trigger_controller_dag.py
[2025-03-17T23:31:52.519+0000] {logging_mixin.py:190} INFO - [2025-03-17T23:31:52.519+0000] {dag.py:3239} INFO - Sync 1 DAGs
[2025-03-17T23:31:52.530+0000] {logging_mixin.py:190} INFO - [2025-03-17T23:31:52.529+0000] {dag.py:4180} INFO - Setting next_dagrun for example_trigger_controller_dag to 2021-01-01 00:00:00+00:00, run_after=2021-01-01 00:00:00+00:00
[2025-03-17T23:31:52.537+0000] {processor.py:208} INFO - Processing /home/airflow/.local/lib/python3.12/site-packages/airflow/example_dags/example_trigger_controller_dag.py took 0.034 seconds
[2025-03-17T23:32:23.057+0000] {processor.py:186} INFO - Started process (PID=6512) to work on /home/airflow/.local/lib/python3.12/site-packages/airflow/example_dags/example_trigger_controller_dag.py
[2025-03-17T23:32:23.057+0000] {processor.py:914} INFO - Processing file /home/airflow/.local/lib/python3.12/site-packages/airflow/example_dags/example_trigger_controller_dag.py for tasks to queue
[2025-03-17T23:32:23.059+0000] {logging_mixin.py:190} INFO - [2025-03-17T23:32:23.059+0000] {dagbag.py:588} INFO - Filling up the DagBag from /home/airflow/.local/lib/python3.12/site-packages/airflow/example_dags/example_trigger_controller_dag.py
[2025-03-17T23:32:23.065+0000] {processor.py:925} INFO - DAG(s) 'example_trigger_controller_dag' retrieved from /home/airflow/.local/lib/python3.12/site-packages/airflow/example_dags/example_trigger_controller_dag.py
[2025-03-17T23:32:23.083+0000] {logging_mixin.py:190} INFO - [2025-03-17T23:32:23.083+0000] {dag.py:3239} INFO - Sync 1 DAGs
[2025-03-17T23:32:23.097+0000] {logging_mixin.py:190} INFO - [2025-03-17T23:32:23.097+0000] {dag.py:4180} INFO - Setting next_dagrun for example_trigger_controller_dag to 2021-01-01 00:00:00+00:00, run_after=2021-01-01 00:00:00+00:00
[2025-03-17T23:32:23.109+0000] {processor.py:208} INFO - Processing /home/airflow/.local/lib/python3.12/site-packages/airflow/example_dags/example_trigger_controller_dag.py took 0.056 seconds
[2025-03-17T23:32:53.678+0000] {processor.py:186} INFO - Started process (PID=6798) to work on /home/airflow/.local/lib/python3.12/site-packages/airflow/example_dags/example_trigger_controller_dag.py
[2025-03-17T23:32:53.678+0000] {processor.py:914} INFO - Processing file /home/airflow/.local/lib/python3.12/site-packages/airflow/example_dags/example_trigger_controller_dag.py for tasks to queue
[2025-03-17T23:32:53.680+0000] {logging_mixin.py:190} INFO - [2025-03-17T23:32:53.679+0000] {dagbag.py:588} INFO - Filling up the DagBag from /home/airflow/.local/lib/python3.12/site-packages/airflow/example_dags/example_trigger_controller_dag.py
[2025-03-17T23:32:53.683+0000] {processor.py:925} INFO - DAG(s) 'example_trigger_controller_dag' retrieved from /home/airflow/.local/lib/python3.12/site-packages/airflow/example_dags/example_trigger_controller_dag.py
[2025-03-17T23:32:53.692+0000] {logging_mixin.py:190} INFO - [2025-03-17T23:32:53.692+0000] {dag.py:3239} INFO - Sync 1 DAGs
[2025-03-17T23:32:53.702+0000] {logging_mixin.py:190} INFO - [2025-03-17T23:32:53.702+0000] {dag.py:4180} INFO - Setting next_dagrun for example_trigger_controller_dag to 2021-01-01 00:00:00+00:00, run_after=2021-01-01 00:00:00+00:00
[2025-03-17T23:32:53.709+0000] {processor.py:208} INFO - Processing /home/airflow/.local/lib/python3.12/site-packages/airflow/example_dags/example_trigger_controller_dag.py took 0.034 seconds
[2025-03-17T23:33:24.375+0000] {processor.py:186} INFO - Started process (PID=7089) to work on /home/airflow/.local/lib/python3.12/site-packages/airflow/example_dags/example_trigger_controller_dag.py
[2025-03-17T23:33:24.375+0000] {processor.py:914} INFO - Processing file /home/airflow/.local/lib/python3.12/site-packages/airflow/example_dags/example_trigger_controller_dag.py for tasks to queue
[2025-03-17T23:33:24.376+0000] {logging_mixin.py:190} INFO - [2025-03-17T23:33:24.376+0000] {dagbag.py:588} INFO - Filling up the DagBag from /home/airflow/.local/lib/python3.12/site-packages/airflow/example_dags/example_trigger_controller_dag.py
[2025-03-17T23:33:24.380+0000] {processor.py:925} INFO - DAG(s) 'example_trigger_controller_dag' retrieved from /home/airflow/.local/lib/python3.12/site-packages/airflow/example_dags/example_trigger_controller_dag.py
[2025-03-17T23:33:24.391+0000] {logging_mixin.py:190} INFO - [2025-03-17T23:33:24.390+0000] {dag.py:3239} INFO - Sync 1 DAGs
[2025-03-17T23:33:24.402+0000] {logging_mixin.py:190} INFO - [2025-03-17T23:33:24.402+0000] {dag.py:4180} INFO - Setting next_dagrun for example_trigger_controller_dag to 2021-01-01 00:00:00+00:00, run_after=2021-01-01 00:00:00+00:00
[2025-03-17T23:33:24.410+0000] {processor.py:208} INFO - Processing /home/airflow/.local/lib/python3.12/site-packages/airflow/example_dags/example_trigger_controller_dag.py took 0.039 seconds
[2025-03-17T23:33:55.538+0000] {processor.py:186} INFO - Started process (PID=7385) to work on /home/airflow/.local/lib/python3.12/site-packages/airflow/example_dags/example_trigger_controller_dag.py
[2025-03-17T23:33:55.539+0000] {processor.py:914} INFO - Processing file /home/airflow/.local/lib/python3.12/site-packages/airflow/example_dags/example_trigger_controller_dag.py for tasks to queue
[2025-03-17T23:33:55.541+0000] {logging_mixin.py:190} INFO - [2025-03-17T23:33:55.541+0000] {dagbag.py:588} INFO - Filling up the DagBag from /home/airflow/.local/lib/python3.12/site-packages/airflow/example_dags/example_trigger_controller_dag.py
[2025-03-17T23:33:55.546+0000] {processor.py:925} INFO - DAG(s) 'example_trigger_controller_dag' retrieved from /home/airflow/.local/lib/python3.12/site-packages/airflow/example_dags/example_trigger_controller_dag.py
[2025-03-17T23:33:55.555+0000] {logging_mixin.py:190} INFO - [2025-03-17T23:33:55.555+0000] {dag.py:3239} INFO - Sync 1 DAGs
[2025-03-17T23:33:55.566+0000] {logging_mixin.py:190} INFO - [2025-03-17T23:33:55.566+0000] {dag.py:4180} INFO - Setting next_dagrun for example_trigger_controller_dag to 2021-01-01 00:00:00+00:00, run_after=2021-01-01 00:00:00+00:00
[2025-03-17T23:33:55.574+0000] {processor.py:208} INFO - Processing /home/airflow/.local/lib/python3.12/site-packages/airflow/example_dags/example_trigger_controller_dag.py took 0.040 seconds
[2025-03-17T23:34:26.427+0000] {processor.py:186} INFO - Started process (PID=7676) to work on /home/airflow/.local/lib/python3.12/site-packages/airflow/example_dags/example_trigger_controller_dag.py
[2025-03-17T23:34:26.428+0000] {processor.py:914} INFO - Processing file /home/airflow/.local/lib/python3.12/site-packages/airflow/example_dags/example_trigger_controller_dag.py for tasks to queue
[2025-03-17T23:34:26.429+0000] {logging_mixin.py:190} INFO - [2025-03-17T23:34:26.429+0000] {dagbag.py:588} INFO - Filling up the DagBag from /home/airflow/.local/lib/python3.12/site-packages/airflow/example_dags/example_trigger_controller_dag.py
[2025-03-17T23:34:26.432+0000] {processor.py:925} INFO - DAG(s) 'example_trigger_controller_dag' retrieved from /home/airflow/.local/lib/python3.12/site-packages/airflow/example_dags/example_trigger_controller_dag.py
[2025-03-17T23:34:26.442+0000] {logging_mixin.py:190} INFO - [2025-03-17T23:34:26.441+0000] {dag.py:3239} INFO - Sync 1 DAGs
[2025-03-17T23:34:26.451+0000] {logging_mixin.py:190} INFO - [2025-03-17T23:34:26.451+0000] {dag.py:4180} INFO - Setting next_dagrun for example_trigger_controller_dag to 2021-01-01 00:00:00+00:00, run_after=2021-01-01 00:00:00+00:00
[2025-03-17T23:34:26.460+0000] {processor.py:208} INFO - Processing /home/airflow/.local/lib/python3.12/site-packages/airflow/example_dags/example_trigger_controller_dag.py took 0.036 seconds
[2025-03-17T23:34:57.729+0000] {processor.py:186} INFO - Started process (PID=8006) to work on /home/airflow/.local/lib/python3.12/site-packages/airflow/example_dags/example_trigger_controller_dag.py
[2025-03-17T23:34:57.729+0000] {processor.py:914} INFO - Processing file /home/airflow/.local/lib/python3.12/site-packages/airflow/example_dags/example_trigger_controller_dag.py for tasks to queue
[2025-03-17T23:34:57.730+0000] {logging_mixin.py:190} INFO - [2025-03-17T23:34:57.730+0000] {dagbag.py:588} INFO - Filling up the DagBag from /home/airflow/.local/lib/python3.12/site-packages/airflow/example_dags/example_trigger_controller_dag.py
[2025-03-17T23:34:57.734+0000] {processor.py:925} INFO - DAG(s) 'example_trigger_controller_dag' retrieved from /home/airflow/.local/lib/python3.12/site-packages/airflow/example_dags/example_trigger_controller_dag.py
[2025-03-17T23:34:57.742+0000] {logging_mixin.py:190} INFO - [2025-03-17T23:34:57.742+0000] {dag.py:3239} INFO - Sync 1 DAGs
[2025-03-17T23:34:57.756+0000] {logging_mixin.py:190} INFO - [2025-03-17T23:34:57.756+0000] {dag.py:4180} INFO - Setting next_dagrun for example_trigger_controller_dag to 2021-01-01 00:00:00+00:00, run_after=2021-01-01 00:00:00+00:00
[2025-03-17T23:34:57.764+0000] {processor.py:208} INFO - Processing /home/airflow/.local/lib/python3.12/site-packages/airflow/example_dags/example_trigger_controller_dag.py took 0.039 seconds
[2025-03-17T23:35:28.518+0000] {processor.py:186} INFO - Started process (PID=8297) to work on /home/airflow/.local/lib/python3.12/site-packages/airflow/example_dags/example_trigger_controller_dag.py
[2025-03-17T23:35:28.518+0000] {processor.py:914} INFO - Processing file /home/airflow/.local/lib/python3.12/site-packages/airflow/example_dags/example_trigger_controller_dag.py for tasks to queue
[2025-03-17T23:35:28.519+0000] {logging_mixin.py:190} INFO - [2025-03-17T23:35:28.519+0000] {dagbag.py:588} INFO - Filling up the DagBag from /home/airflow/.local/lib/python3.12/site-packages/airflow/example_dags/example_trigger_controller_dag.py
[2025-03-17T23:35:28.523+0000] {processor.py:925} INFO - DAG(s) 'example_trigger_controller_dag' retrieved from /home/airflow/.local/lib/python3.12/site-packages/airflow/example_dags/example_trigger_controller_dag.py
[2025-03-17T23:35:28.531+0000] {logging_mixin.py:190} INFO - [2025-03-17T23:35:28.531+0000] {dag.py:3239} INFO - Sync 1 DAGs
[2025-03-17T23:35:28.541+0000] {logging_mixin.py:190} INFO - [2025-03-17T23:35:28.541+0000] {dag.py:4180} INFO - Setting next_dagrun for example_trigger_controller_dag to 2021-01-01 00:00:00+00:00, run_after=2021-01-01 00:00:00+00:00
[2025-03-17T23:35:28.552+0000] {processor.py:208} INFO - Processing /home/airflow/.local/lib/python3.12/site-packages/airflow/example_dags/example_trigger_controller_dag.py took 0.038 seconds
[2025-03-17T23:35:59.786+0000] {processor.py:186} INFO - Started process (PID=8588) to work on /home/airflow/.local/lib/python3.12/site-packages/airflow/example_dags/example_trigger_controller_dag.py
[2025-03-17T23:35:59.786+0000] {processor.py:914} INFO - Processing file /home/airflow/.local/lib/python3.12/site-packages/airflow/example_dags/example_trigger_controller_dag.py for tasks to queue
[2025-03-17T23:35:59.787+0000] {logging_mixin.py:190} INFO - [2025-03-17T23:35:59.787+0000] {dagbag.py:588} INFO - Filling up the DagBag from /home/airflow/.local/lib/python3.12/site-packages/airflow/example_dags/example_trigger_controller_dag.py
[2025-03-17T23:35:59.791+0000] {processor.py:925} INFO - DAG(s) 'example_trigger_controller_dag' retrieved from /home/airflow/.local/lib/python3.12/site-packages/airflow/example_dags/example_trigger_controller_dag.py
[2025-03-17T23:35:59.800+0000] {logging_mixin.py:190} INFO - [2025-03-17T23:35:59.800+0000] {dag.py:3239} INFO - Sync 1 DAGs
[2025-03-17T23:35:59.811+0000] {logging_mixin.py:190} INFO - [2025-03-17T23:35:59.811+0000] {dag.py:4180} INFO - Setting next_dagrun for example_trigger_controller_dag to 2021-01-01 00:00:00+00:00, run_after=2021-01-01 00:00:00+00:00
[2025-03-17T23:35:59.823+0000] {processor.py:208} INFO - Processing /home/airflow/.local/lib/python3.12/site-packages/airflow/example_dags/example_trigger_controller_dag.py took 0.041 seconds
[2025-03-17T23:36:31.122+0000] {processor.py:186} INFO - Started process (PID=8879) to work on /home/airflow/.local/lib/python3.12/site-packages/airflow/example_dags/example_trigger_controller_dag.py
[2025-03-17T23:36:31.123+0000] {processor.py:914} INFO - Processing file /home/airflow/.local/lib/python3.12/site-packages/airflow/example_dags/example_trigger_controller_dag.py for tasks to queue
[2025-03-17T23:36:31.126+0000] {logging_mixin.py:190} INFO - [2025-03-17T23:36:31.126+0000] {dagbag.py:588} INFO - Filling up the DagBag from /home/airflow/.local/lib/python3.12/site-packages/airflow/example_dags/example_trigger_controller_dag.py
[2025-03-17T23:36:31.131+0000] {processor.py:925} INFO - DAG(s) 'example_trigger_controller_dag' retrieved from /home/airflow/.local/lib/python3.12/site-packages/airflow/example_dags/example_trigger_controller_dag.py
[2025-03-17T23:36:31.147+0000] {logging_mixin.py:190} INFO - [2025-03-17T23:36:31.147+0000] {dag.py:3239} INFO - Sync 1 DAGs
[2025-03-17T23:36:31.160+0000] {logging_mixin.py:190} INFO - [2025-03-17T23:36:31.160+0000] {dag.py:4180} INFO - Setting next_dagrun for example_trigger_controller_dag to 2021-01-01 00:00:00+00:00, run_after=2021-01-01 00:00:00+00:00
[2025-03-17T23:36:31.172+0000] {processor.py:208} INFO - Processing /home/airflow/.local/lib/python3.12/site-packages/airflow/example_dags/example_trigger_controller_dag.py took 0.056 seconds
[2025-03-17T23:37:02.476+0000] {processor.py:186} INFO - Started process (PID=9170) to work on /home/airflow/.local/lib/python3.12/site-packages/airflow/example_dags/example_trigger_controller_dag.py
[2025-03-17T23:37:02.477+0000] {processor.py:914} INFO - Processing file /home/airflow/.local/lib/python3.12/site-packages/airflow/example_dags/example_trigger_controller_dag.py for tasks to queue
[2025-03-17T23:37:02.480+0000] {logging_mixin.py:190} INFO - [2025-03-17T23:37:02.480+0000] {dagbag.py:588} INFO - Filling up the DagBag from /home/airflow/.local/lib/python3.12/site-packages/airflow/example_dags/example_trigger_controller_dag.py
[2025-03-17T23:37:02.486+0000] {processor.py:925} INFO - DAG(s) 'example_trigger_controller_dag' retrieved from /home/airflow/.local/lib/python3.12/site-packages/airflow/example_dags/example_trigger_controller_dag.py
[2025-03-17T23:37:02.503+0000] {logging_mixin.py:190} INFO - [2025-03-17T23:37:02.503+0000] {dag.py:3239} INFO - Sync 1 DAGs
[2025-03-17T23:37:02.520+0000] {logging_mixin.py:190} INFO - [2025-03-17T23:37:02.520+0000] {dag.py:4180} INFO - Setting next_dagrun for example_trigger_controller_dag to 2021-01-01 00:00:00+00:00, run_after=2021-01-01 00:00:00+00:00
[2025-03-17T23:37:02.533+0000] {processor.py:208} INFO - Processing /home/airflow/.local/lib/python3.12/site-packages/airflow/example_dags/example_trigger_controller_dag.py took 0.063 seconds
[2025-03-17T23:37:33.926+0000] {processor.py:186} INFO - Started process (PID=9467) to work on /home/airflow/.local/lib/python3.12/site-packages/airflow/example_dags/example_trigger_controller_dag.py
[2025-03-17T23:37:33.927+0000] {processor.py:914} INFO - Processing file /home/airflow/.local/lib/python3.12/site-packages/airflow/example_dags/example_trigger_controller_dag.py for tasks to queue
[2025-03-17T23:37:33.928+0000] {logging_mixin.py:190} INFO - [2025-03-17T23:37:33.928+0000] {dagbag.py:588} INFO - Filling up the DagBag from /home/airflow/.local/lib/python3.12/site-packages/airflow/example_dags/example_trigger_controller_dag.py
[2025-03-17T23:37:33.931+0000] {processor.py:925} INFO - DAG(s) 'example_trigger_controller_dag' retrieved from /home/airflow/.local/lib/python3.12/site-packages/airflow/example_dags/example_trigger_controller_dag.py
[2025-03-17T23:37:33.942+0000] {logging_mixin.py:190} INFO - [2025-03-17T23:37:33.941+0000] {dag.py:3239} INFO - Sync 1 DAGs
[2025-03-17T23:37:33.953+0000] {logging_mixin.py:190} INFO - [2025-03-17T23:37:33.953+0000] {dag.py:4180} INFO - Setting next_dagrun for example_trigger_controller_dag to 2021-01-01 00:00:00+00:00, run_after=2021-01-01 00:00:00+00:00
[2025-03-17T23:37:33.964+0000] {processor.py:208} INFO - Processing /home/airflow/.local/lib/python3.12/site-packages/airflow/example_dags/example_trigger_controller_dag.py took 0.041 seconds
