[2025-03-17T23:21:31.552+0000] {processor.py:186} INFO - Started process (PID=209) to work on /home/airflow/.local/lib/python3.12/site-packages/airflow/example_dags/example_nested_branch_dag.py
[2025-03-17T23:21:31.553+0000] {processor.py:914} INFO - Processing file /home/airflow/.local/lib/python3.12/site-packages/airflow/example_dags/example_nested_branch_dag.py for tasks to queue
[2025-03-17T23:21:31.554+0000] {logging_mixin.py:190} INFO - [2025-03-17T23:21:31.554+0000] {dagbag.py:588} INFO - Filling up the DagBag from /home/airflow/.local/lib/python3.12/site-packages/airflow/example_dags/example_nested_branch_dag.py
[2025-03-17T23:21:31.564+0000] {processor.py:925} INFO - DAG(s) 'example_nested_branch_dag' retrieved from /home/airflow/.local/lib/python3.12/site-packages/airflow/example_dags/example_nested_branch_dag.py
[2025-03-17T23:21:31.626+0000] {logging_mixin.py:190} INFO - [2025-03-17T23:21:31.626+0000] {override.py:1912} INFO - Created Permission View: can edit on DAG:example_nested_branch_dag
[2025-03-17T23:21:31.633+0000] {logging_mixin.py:190} INFO - [2025-03-17T23:21:31.632+0000] {override.py:1912} INFO - Created Permission View: can read on DAG:example_nested_branch_dag
[2025-03-17T23:21:31.645+0000] {logging_mixin.py:190} INFO - [2025-03-17T23:21:31.645+0000] {override.py:1912} INFO - Created Permission View: can delete on DAG:example_nested_branch_dag
[2025-03-17T23:21:31.655+0000] {logging_mixin.py:190} INFO - [2025-03-17T23:21:31.655+0000] {override.py:1912} INFO - Created Permission View: can create on DAG Run:example_nested_branch_dag
[2025-03-17T23:21:31.661+0000] {logging_mixin.py:190} INFO - [2025-03-17T23:21:31.661+0000] {override.py:1912} INFO - Created Permission View: menu access on DAG Run:example_nested_branch_dag
[2025-03-17T23:21:31.668+0000] {logging_mixin.py:190} INFO - [2025-03-17T23:21:31.667+0000] {override.py:1912} INFO - Created Permission View: can read on DAG Run:example_nested_branch_dag
[2025-03-17T23:21:31.675+0000] {logging_mixin.py:190} INFO - [2025-03-17T23:21:31.674+0000] {override.py:1912} INFO - Created Permission View: can delete on DAG Run:example_nested_branch_dag
[2025-03-17T23:21:31.676+0000] {logging_mixin.py:190} INFO - [2025-03-17T23:21:31.675+0000] {dag.py:3239} INFO - Sync 1 DAGs
[2025-03-17T23:21:31.688+0000] {logging_mixin.py:190} INFO - [2025-03-17T23:21:31.688+0000] {dag.py:3262} INFO - Creating ORM DAG for example_nested_branch_dag
[2025-03-17T23:21:31.704+0000] {logging_mixin.py:190} INFO - [2025-03-17T23:21:31.704+0000] {dag.py:4180} INFO - Setting next_dagrun for example_nested_branch_dag to 2025-03-16 00:00:00+00:00, run_after=2025-03-17 00:00:00+00:00
[2025-03-17T23:21:31.740+0000] {processor.py:208} INFO - Processing /home/airflow/.local/lib/python3.12/site-packages/airflow/example_dags/example_nested_branch_dag.py took 0.192 seconds
[2025-03-17T23:22:01.920+0000] {processor.py:186} INFO - Started process (PID=498) to work on /home/airflow/.local/lib/python3.12/site-packages/airflow/example_dags/example_nested_branch_dag.py
[2025-03-17T23:22:01.921+0000] {processor.py:914} INFO - Processing file /home/airflow/.local/lib/python3.12/site-packages/airflow/example_dags/example_nested_branch_dag.py for tasks to queue
[2025-03-17T23:22:01.922+0000] {logging_mixin.py:190} INFO - [2025-03-17T23:22:01.922+0000] {dagbag.py:588} INFO - Filling up the DagBag from /home/airflow/.local/lib/python3.12/site-packages/airflow/example_dags/example_nested_branch_dag.py
[2025-03-17T23:22:01.928+0000] {processor.py:925} INFO - DAG(s) 'example_nested_branch_dag' retrieved from /home/airflow/.local/lib/python3.12/site-packages/airflow/example_dags/example_nested_branch_dag.py
[2025-03-17T23:22:01.938+0000] {logging_mixin.py:190} INFO - [2025-03-17T23:22:01.938+0000] {dag.py:3239} INFO - Sync 1 DAGs
[2025-03-17T23:22:01.949+0000] {logging_mixin.py:190} INFO - [2025-03-17T23:22:01.949+0000] {dag.py:4180} INFO - Setting next_dagrun for example_nested_branch_dag to 2025-03-16 00:00:00+00:00, run_after=2025-03-17 00:00:00+00:00
[2025-03-17T23:22:01.959+0000] {processor.py:208} INFO - Processing /home/airflow/.local/lib/python3.12/site-packages/airflow/example_dags/example_nested_branch_dag.py took 0.043 seconds
[2025-03-17T23:22:32.085+0000] {processor.py:186} INFO - Started process (PID=786) to work on /home/airflow/.local/lib/python3.12/site-packages/airflow/example_dags/example_nested_branch_dag.py
[2025-03-17T23:22:32.086+0000] {processor.py:914} INFO - Processing file /home/airflow/.local/lib/python3.12/site-packages/airflow/example_dags/example_nested_branch_dag.py for tasks to queue
[2025-03-17T23:22:32.087+0000] {logging_mixin.py:190} INFO - [2025-03-17T23:22:32.087+0000] {dagbag.py:588} INFO - Filling up the DagBag from /home/airflow/.local/lib/python3.12/site-packages/airflow/example_dags/example_nested_branch_dag.py
[2025-03-17T23:22:32.093+0000] {processor.py:925} INFO - DAG(s) 'example_nested_branch_dag' retrieved from /home/airflow/.local/lib/python3.12/site-packages/airflow/example_dags/example_nested_branch_dag.py
[2025-03-17T23:22:32.103+0000] {logging_mixin.py:190} INFO - [2025-03-17T23:22:32.102+0000] {dag.py:3239} INFO - Sync 1 DAGs
[2025-03-17T23:22:32.113+0000] {logging_mixin.py:190} INFO - [2025-03-17T23:22:32.113+0000] {dag.py:4180} INFO - Setting next_dagrun for example_nested_branch_dag to 2025-03-16 00:00:00+00:00, run_after=2025-03-17 00:00:00+00:00
[2025-03-17T23:22:32.121+0000] {processor.py:208} INFO - Processing /home/airflow/.local/lib/python3.12/site-packages/airflow/example_dags/example_nested_branch_dag.py took 0.038 seconds
[2025-03-17T23:23:03.152+0000] {processor.py:186} INFO - Started process (PID=1080) to work on /home/airflow/.local/lib/python3.12/site-packages/airflow/example_dags/example_nested_branch_dag.py
[2025-03-17T23:23:03.153+0000] {processor.py:914} INFO - Processing file /home/airflow/.local/lib/python3.12/site-packages/airflow/example_dags/example_nested_branch_dag.py for tasks to queue
[2025-03-17T23:23:03.154+0000] {logging_mixin.py:190} INFO - [2025-03-17T23:23:03.154+0000] {dagbag.py:588} INFO - Filling up the DagBag from /home/airflow/.local/lib/python3.12/site-packages/airflow/example_dags/example_nested_branch_dag.py
[2025-03-17T23:23:03.160+0000] {processor.py:925} INFO - DAG(s) 'example_nested_branch_dag' retrieved from /home/airflow/.local/lib/python3.12/site-packages/airflow/example_dags/example_nested_branch_dag.py
[2025-03-17T23:23:03.170+0000] {logging_mixin.py:190} INFO - [2025-03-17T23:23:03.170+0000] {dag.py:3239} INFO - Sync 1 DAGs
[2025-03-17T23:23:03.181+0000] {logging_mixin.py:190} INFO - [2025-03-17T23:23:03.181+0000] {dag.py:4180} INFO - Setting next_dagrun for example_nested_branch_dag to 2025-03-16 00:00:00+00:00, run_after=2025-03-17 00:00:00+00:00
[2025-03-17T23:23:03.189+0000] {processor.py:208} INFO - Processing /home/airflow/.local/lib/python3.12/site-packages/airflow/example_dags/example_nested_branch_dag.py took 0.040 seconds
[2025-03-17T23:23:34.184+0000] {processor.py:186} INFO - Started process (PID=1373) to work on /home/airflow/.local/lib/python3.12/site-packages/airflow/example_dags/example_nested_branch_dag.py
[2025-03-17T23:23:34.185+0000] {processor.py:914} INFO - Processing file /home/airflow/.local/lib/python3.12/site-packages/airflow/example_dags/example_nested_branch_dag.py for tasks to queue
[2025-03-17T23:23:34.186+0000] {logging_mixin.py:190} INFO - [2025-03-17T23:23:34.186+0000] {dagbag.py:588} INFO - Filling up the DagBag from /home/airflow/.local/lib/python3.12/site-packages/airflow/example_dags/example_nested_branch_dag.py
[2025-03-17T23:23:34.193+0000] {processor.py:925} INFO - DAG(s) 'example_nested_branch_dag' retrieved from /home/airflow/.local/lib/python3.12/site-packages/airflow/example_dags/example_nested_branch_dag.py
[2025-03-17T23:23:34.205+0000] {logging_mixin.py:190} INFO - [2025-03-17T23:23:34.205+0000] {dag.py:3239} INFO - Sync 1 DAGs
[2025-03-17T23:23:34.217+0000] {logging_mixin.py:190} INFO - [2025-03-17T23:23:34.217+0000] {dag.py:4180} INFO - Setting next_dagrun for example_nested_branch_dag to 2025-03-16 00:00:00+00:00, run_after=2025-03-17 00:00:00+00:00
[2025-03-17T23:23:34.226+0000] {processor.py:208} INFO - Processing /home/airflow/.local/lib/python3.12/site-packages/airflow/example_dags/example_nested_branch_dag.py took 0.045 seconds
[2025-03-17T23:24:04.254+0000] {processor.py:186} INFO - Started process (PID=1662) to work on /home/airflow/.local/lib/python3.12/site-packages/airflow/example_dags/example_nested_branch_dag.py
[2025-03-17T23:24:04.255+0000] {processor.py:914} INFO - Processing file /home/airflow/.local/lib/python3.12/site-packages/airflow/example_dags/example_nested_branch_dag.py for tasks to queue
[2025-03-17T23:24:04.256+0000] {logging_mixin.py:190} INFO - [2025-03-17T23:24:04.256+0000] {dagbag.py:588} INFO - Filling up the DagBag from /home/airflow/.local/lib/python3.12/site-packages/airflow/example_dags/example_nested_branch_dag.py
[2025-03-17T23:24:04.262+0000] {processor.py:925} INFO - DAG(s) 'example_nested_branch_dag' retrieved from /home/airflow/.local/lib/python3.12/site-packages/airflow/example_dags/example_nested_branch_dag.py
[2025-03-17T23:24:04.274+0000] {logging_mixin.py:190} INFO - [2025-03-17T23:24:04.274+0000] {dag.py:3239} INFO - Sync 1 DAGs
[2025-03-17T23:24:04.286+0000] {logging_mixin.py:190} INFO - [2025-03-17T23:24:04.286+0000] {dag.py:4180} INFO - Setting next_dagrun for example_nested_branch_dag to 2025-03-16 00:00:00+00:00, run_after=2025-03-17 00:00:00+00:00
[2025-03-17T23:24:04.296+0000] {processor.py:208} INFO - Processing /home/airflow/.local/lib/python3.12/site-packages/airflow/example_dags/example_nested_branch_dag.py took 0.045 seconds
[2025-03-17T23:24:35.265+0000] {processor.py:186} INFO - Started process (PID=1952) to work on /home/airflow/.local/lib/python3.12/site-packages/airflow/example_dags/example_nested_branch_dag.py
[2025-03-17T23:24:35.266+0000] {processor.py:914} INFO - Processing file /home/airflow/.local/lib/python3.12/site-packages/airflow/example_dags/example_nested_branch_dag.py for tasks to queue
[2025-03-17T23:24:35.267+0000] {logging_mixin.py:190} INFO - [2025-03-17T23:24:35.267+0000] {dagbag.py:588} INFO - Filling up the DagBag from /home/airflow/.local/lib/python3.12/site-packages/airflow/example_dags/example_nested_branch_dag.py
[2025-03-17T23:24:35.275+0000] {processor.py:925} INFO - DAG(s) 'example_nested_branch_dag' retrieved from /home/airflow/.local/lib/python3.12/site-packages/airflow/example_dags/example_nested_branch_dag.py
[2025-03-17T23:24:35.288+0000] {logging_mixin.py:190} INFO - [2025-03-17T23:24:35.288+0000] {dag.py:3239} INFO - Sync 1 DAGs
[2025-03-17T23:24:35.302+0000] {logging_mixin.py:190} INFO - [2025-03-17T23:24:35.302+0000] {dag.py:4180} INFO - Setting next_dagrun for example_nested_branch_dag to 2025-03-16 00:00:00+00:00, run_after=2025-03-17 00:00:00+00:00
[2025-03-17T23:24:35.311+0000] {processor.py:208} INFO - Processing /home/airflow/.local/lib/python3.12/site-packages/airflow/example_dags/example_nested_branch_dag.py took 0.050 seconds
[2025-03-17T23:25:05.582+0000] {processor.py:186} INFO - Started process (PID=2240) to work on /home/airflow/.local/lib/python3.12/site-packages/airflow/example_dags/example_nested_branch_dag.py
[2025-03-17T23:25:05.583+0000] {processor.py:914} INFO - Processing file /home/airflow/.local/lib/python3.12/site-packages/airflow/example_dags/example_nested_branch_dag.py for tasks to queue
[2025-03-17T23:25:05.584+0000] {logging_mixin.py:190} INFO - [2025-03-17T23:25:05.584+0000] {dagbag.py:588} INFO - Filling up the DagBag from /home/airflow/.local/lib/python3.12/site-packages/airflow/example_dags/example_nested_branch_dag.py
[2025-03-17T23:25:05.590+0000] {processor.py:925} INFO - DAG(s) 'example_nested_branch_dag' retrieved from /home/airflow/.local/lib/python3.12/site-packages/airflow/example_dags/example_nested_branch_dag.py
[2025-03-17T23:25:05.599+0000] {logging_mixin.py:190} INFO - [2025-03-17T23:25:05.599+0000] {dag.py:3239} INFO - Sync 1 DAGs
[2025-03-17T23:25:05.609+0000] {logging_mixin.py:190} INFO - [2025-03-17T23:25:05.609+0000] {dag.py:4180} INFO - Setting next_dagrun for example_nested_branch_dag to 2025-03-16 00:00:00+00:00, run_after=2025-03-17 00:00:00+00:00
[2025-03-17T23:25:05.617+0000] {processor.py:208} INFO - Processing /home/airflow/.local/lib/python3.12/site-packages/airflow/example_dags/example_nested_branch_dag.py took 0.039 seconds
[2025-03-17T23:25:36.772+0000] {processor.py:186} INFO - Started process (PID=2536) to work on /home/airflow/.local/lib/python3.12/site-packages/airflow/example_dags/example_nested_branch_dag.py
[2025-03-17T23:25:36.775+0000] {processor.py:914} INFO - Processing file /home/airflow/.local/lib/python3.12/site-packages/airflow/example_dags/example_nested_branch_dag.py for tasks to queue
[2025-03-17T23:25:36.779+0000] {logging_mixin.py:190} INFO - [2025-03-17T23:25:36.778+0000] {dagbag.py:588} INFO - Filling up the DagBag from /home/airflow/.local/lib/python3.12/site-packages/airflow/example_dags/example_nested_branch_dag.py
[2025-03-17T23:25:36.788+0000] {processor.py:925} INFO - DAG(s) 'example_nested_branch_dag' retrieved from /home/airflow/.local/lib/python3.12/site-packages/airflow/example_dags/example_nested_branch_dag.py
[2025-03-17T23:25:36.802+0000] {logging_mixin.py:190} INFO - [2025-03-17T23:25:36.802+0000] {dag.py:3239} INFO - Sync 1 DAGs
[2025-03-17T23:25:36.816+0000] {logging_mixin.py:190} INFO - [2025-03-17T23:25:36.816+0000] {dag.py:4180} INFO - Setting next_dagrun for example_nested_branch_dag to 2025-03-16 00:00:00+00:00, run_after=2025-03-17 00:00:00+00:00
[2025-03-17T23:25:36.827+0000] {processor.py:208} INFO - Processing /home/airflow/.local/lib/python3.12/site-packages/airflow/example_dags/example_nested_branch_dag.py took 0.062 seconds
[2025-03-17T23:26:07.213+0000] {processor.py:186} INFO - Started process (PID=2827) to work on /home/airflow/.local/lib/python3.12/site-packages/airflow/example_dags/example_nested_branch_dag.py
[2025-03-17T23:26:07.214+0000] {processor.py:914} INFO - Processing file /home/airflow/.local/lib/python3.12/site-packages/airflow/example_dags/example_nested_branch_dag.py for tasks to queue
[2025-03-17T23:26:07.215+0000] {logging_mixin.py:190} INFO - [2025-03-17T23:26:07.215+0000] {dagbag.py:588} INFO - Filling up the DagBag from /home/airflow/.local/lib/python3.12/site-packages/airflow/example_dags/example_nested_branch_dag.py
[2025-03-17T23:26:07.221+0000] {processor.py:925} INFO - DAG(s) 'example_nested_branch_dag' retrieved from /home/airflow/.local/lib/python3.12/site-packages/airflow/example_dags/example_nested_branch_dag.py
[2025-03-17T23:26:07.231+0000] {logging_mixin.py:190} INFO - [2025-03-17T23:26:07.231+0000] {dag.py:3239} INFO - Sync 1 DAGs
[2025-03-17T23:26:07.242+0000] {logging_mixin.py:190} INFO - [2025-03-17T23:26:07.242+0000] {dag.py:4180} INFO - Setting next_dagrun for example_nested_branch_dag to 2025-03-16 00:00:00+00:00, run_after=2025-03-17 00:00:00+00:00
[2025-03-17T23:26:07.251+0000] {processor.py:208} INFO - Processing /home/airflow/.local/lib/python3.12/site-packages/airflow/example_dags/example_nested_branch_dag.py took 0.041 seconds
[2025-03-17T23:26:37.951+0000] {processor.py:186} INFO - Started process (PID=3116) to work on /home/airflow/.local/lib/python3.12/site-packages/airflow/example_dags/example_nested_branch_dag.py
[2025-03-17T23:26:37.952+0000] {processor.py:914} INFO - Processing file /home/airflow/.local/lib/python3.12/site-packages/airflow/example_dags/example_nested_branch_dag.py for tasks to queue
[2025-03-17T23:26:37.953+0000] {logging_mixin.py:190} INFO - [2025-03-17T23:26:37.953+0000] {dagbag.py:588} INFO - Filling up the DagBag from /home/airflow/.local/lib/python3.12/site-packages/airflow/example_dags/example_nested_branch_dag.py
[2025-03-17T23:26:37.958+0000] {processor.py:925} INFO - DAG(s) 'example_nested_branch_dag' retrieved from /home/airflow/.local/lib/python3.12/site-packages/airflow/example_dags/example_nested_branch_dag.py
[2025-03-17T23:26:37.969+0000] {logging_mixin.py:190} INFO - [2025-03-17T23:26:37.969+0000] {dag.py:3239} INFO - Sync 1 DAGs
[2025-03-17T23:26:37.981+0000] {logging_mixin.py:190} INFO - [2025-03-17T23:26:37.981+0000] {dag.py:4180} INFO - Setting next_dagrun for example_nested_branch_dag to 2025-03-16 00:00:00+00:00, run_after=2025-03-17 00:00:00+00:00
[2025-03-17T23:26:37.990+0000] {processor.py:208} INFO - Processing /home/airflow/.local/lib/python3.12/site-packages/airflow/example_dags/example_nested_branch_dag.py took 0.042 seconds
[2025-03-17T23:27:08.921+0000] {processor.py:186} INFO - Started process (PID=3409) to work on /home/airflow/.local/lib/python3.12/site-packages/airflow/example_dags/example_nested_branch_dag.py
[2025-03-17T23:27:08.922+0000] {processor.py:914} INFO - Processing file /home/airflow/.local/lib/python3.12/site-packages/airflow/example_dags/example_nested_branch_dag.py for tasks to queue
[2025-03-17T23:27:08.925+0000] {logging_mixin.py:190} INFO - [2025-03-17T23:27:08.925+0000] {dagbag.py:588} INFO - Filling up the DagBag from /home/airflow/.local/lib/python3.12/site-packages/airflow/example_dags/example_nested_branch_dag.py
[2025-03-17T23:27:08.931+0000] {processor.py:925} INFO - DAG(s) 'example_nested_branch_dag' retrieved from /home/airflow/.local/lib/python3.12/site-packages/airflow/example_dags/example_nested_branch_dag.py
[2025-03-17T23:27:08.947+0000] {logging_mixin.py:190} INFO - [2025-03-17T23:27:08.947+0000] {dag.py:3239} INFO - Sync 1 DAGs
[2025-03-17T23:27:08.962+0000] {logging_mixin.py:190} INFO - [2025-03-17T23:27:08.961+0000] {dag.py:4180} INFO - Setting next_dagrun for example_nested_branch_dag to 2025-03-16 00:00:00+00:00, run_after=2025-03-17 00:00:00+00:00
[2025-03-17T23:27:08.975+0000] {processor.py:208} INFO - Processing /home/airflow/.local/lib/python3.12/site-packages/airflow/example_dags/example_nested_branch_dag.py took 0.059 seconds
[2025-03-17T23:27:39.869+0000] {processor.py:186} INFO - Started process (PID=3700) to work on /home/airflow/.local/lib/python3.12/site-packages/airflow/example_dags/example_nested_branch_dag.py
[2025-03-17T23:27:39.869+0000] {processor.py:914} INFO - Processing file /home/airflow/.local/lib/python3.12/site-packages/airflow/example_dags/example_nested_branch_dag.py for tasks to queue
[2025-03-17T23:27:39.870+0000] {logging_mixin.py:190} INFO - [2025-03-17T23:27:39.870+0000] {dagbag.py:588} INFO - Filling up the DagBag from /home/airflow/.local/lib/python3.12/site-packages/airflow/example_dags/example_nested_branch_dag.py
[2025-03-17T23:27:39.876+0000] {processor.py:925} INFO - DAG(s) 'example_nested_branch_dag' retrieved from /home/airflow/.local/lib/python3.12/site-packages/airflow/example_dags/example_nested_branch_dag.py
[2025-03-17T23:27:39.886+0000] {logging_mixin.py:190} INFO - [2025-03-17T23:27:39.886+0000] {dag.py:3239} INFO - Sync 1 DAGs
[2025-03-17T23:27:39.897+0000] {logging_mixin.py:190} INFO - [2025-03-17T23:27:39.897+0000] {dag.py:4180} INFO - Setting next_dagrun for example_nested_branch_dag to 2025-03-16 00:00:00+00:00, run_after=2025-03-17 00:00:00+00:00
[2025-03-17T23:27:39.907+0000] {processor.py:208} INFO - Processing /home/airflow/.local/lib/python3.12/site-packages/airflow/example_dags/example_nested_branch_dag.py took 0.042 seconds
[2025-03-17T23:28:10.617+0000] {processor.py:186} INFO - Started process (PID=3991) to work on /home/airflow/.local/lib/python3.12/site-packages/airflow/example_dags/example_nested_branch_dag.py
[2025-03-17T23:28:10.618+0000] {processor.py:914} INFO - Processing file /home/airflow/.local/lib/python3.12/site-packages/airflow/example_dags/example_nested_branch_dag.py for tasks to queue
[2025-03-17T23:28:10.620+0000] {logging_mixin.py:190} INFO - [2025-03-17T23:28:10.620+0000] {dagbag.py:588} INFO - Filling up the DagBag from /home/airflow/.local/lib/python3.12/site-packages/airflow/example_dags/example_nested_branch_dag.py
[2025-03-17T23:28:10.626+0000] {processor.py:925} INFO - DAG(s) 'example_nested_branch_dag' retrieved from /home/airflow/.local/lib/python3.12/site-packages/airflow/example_dags/example_nested_branch_dag.py
[2025-03-17T23:28:10.638+0000] {logging_mixin.py:190} INFO - [2025-03-17T23:28:10.638+0000] {dag.py:3239} INFO - Sync 1 DAGs
[2025-03-17T23:28:10.649+0000] {logging_mixin.py:190} INFO - [2025-03-17T23:28:10.648+0000] {dag.py:4180} INFO - Setting next_dagrun for example_nested_branch_dag to 2025-03-16 00:00:00+00:00, run_after=2025-03-17 00:00:00+00:00
[2025-03-17T23:28:10.660+0000] {processor.py:208} INFO - Processing /home/airflow/.local/lib/python3.12/site-packages/airflow/example_dags/example_nested_branch_dag.py took 0.048 seconds
[2025-03-17T23:28:41.417+0000] {processor.py:186} INFO - Started process (PID=4280) to work on /home/airflow/.local/lib/python3.12/site-packages/airflow/example_dags/example_nested_branch_dag.py
[2025-03-17T23:28:41.419+0000] {processor.py:914} INFO - Processing file /home/airflow/.local/lib/python3.12/site-packages/airflow/example_dags/example_nested_branch_dag.py for tasks to queue
[2025-03-17T23:28:41.421+0000] {logging_mixin.py:190} INFO - [2025-03-17T23:28:41.421+0000] {dagbag.py:588} INFO - Filling up the DagBag from /home/airflow/.local/lib/python3.12/site-packages/airflow/example_dags/example_nested_branch_dag.py
[2025-03-17T23:28:41.426+0000] {processor.py:925} INFO - DAG(s) 'example_nested_branch_dag' retrieved from /home/airflow/.local/lib/python3.12/site-packages/airflow/example_dags/example_nested_branch_dag.py
[2025-03-17T23:28:41.436+0000] {logging_mixin.py:190} INFO - [2025-03-17T23:28:41.436+0000] {dag.py:3239} INFO - Sync 1 DAGs
[2025-03-17T23:28:41.447+0000] {logging_mixin.py:190} INFO - [2025-03-17T23:28:41.447+0000] {dag.py:4180} INFO - Setting next_dagrun for example_nested_branch_dag to 2025-03-16 00:00:00+00:00, run_after=2025-03-17 00:00:00+00:00
[2025-03-17T23:28:41.455+0000] {processor.py:208} INFO - Processing /home/airflow/.local/lib/python3.12/site-packages/airflow/example_dags/example_nested_branch_dag.py took 0.040 seconds
[2025-03-17T23:29:12.229+0000] {processor.py:186} INFO - Started process (PID=4573) to work on /home/airflow/.local/lib/python3.12/site-packages/airflow/example_dags/example_nested_branch_dag.py
[2025-03-17T23:29:12.229+0000] {processor.py:914} INFO - Processing file /home/airflow/.local/lib/python3.12/site-packages/airflow/example_dags/example_nested_branch_dag.py for tasks to queue
[2025-03-17T23:29:12.230+0000] {logging_mixin.py:190} INFO - [2025-03-17T23:29:12.230+0000] {dagbag.py:588} INFO - Filling up the DagBag from /home/airflow/.local/lib/python3.12/site-packages/airflow/example_dags/example_nested_branch_dag.py
[2025-03-17T23:29:12.236+0000] {processor.py:925} INFO - DAG(s) 'example_nested_branch_dag' retrieved from /home/airflow/.local/lib/python3.12/site-packages/airflow/example_dags/example_nested_branch_dag.py
[2025-03-17T23:29:12.251+0000] {logging_mixin.py:190} INFO - [2025-03-17T23:29:12.251+0000] {dag.py:3239} INFO - Sync 1 DAGs
[2025-03-17T23:29:12.262+0000] {logging_mixin.py:190} INFO - [2025-03-17T23:29:12.262+0000] {dag.py:4180} INFO - Setting next_dagrun for example_nested_branch_dag to 2025-03-16 00:00:00+00:00, run_after=2025-03-17 00:00:00+00:00
[2025-03-17T23:29:12.275+0000] {processor.py:208} INFO - Processing /home/airflow/.local/lib/python3.12/site-packages/airflow/example_dags/example_nested_branch_dag.py took 0.049 seconds
[2025-03-17T23:29:42.766+0000] {processor.py:186} INFO - Started process (PID=4862) to work on /home/airflow/.local/lib/python3.12/site-packages/airflow/example_dags/example_nested_branch_dag.py
[2025-03-17T23:29:42.767+0000] {processor.py:914} INFO - Processing file /home/airflow/.local/lib/python3.12/site-packages/airflow/example_dags/example_nested_branch_dag.py for tasks to queue
[2025-03-17T23:29:42.768+0000] {logging_mixin.py:190} INFO - [2025-03-17T23:29:42.768+0000] {dagbag.py:588} INFO - Filling up the DagBag from /home/airflow/.local/lib/python3.12/site-packages/airflow/example_dags/example_nested_branch_dag.py
[2025-03-17T23:29:42.773+0000] {processor.py:925} INFO - DAG(s) 'example_nested_branch_dag' retrieved from /home/airflow/.local/lib/python3.12/site-packages/airflow/example_dags/example_nested_branch_dag.py
[2025-03-17T23:29:42.786+0000] {logging_mixin.py:190} INFO - [2025-03-17T23:29:42.786+0000] {dag.py:3239} INFO - Sync 1 DAGs
[2025-03-17T23:29:42.796+0000] {logging_mixin.py:190} INFO - [2025-03-17T23:29:42.796+0000] {dag.py:4180} INFO - Setting next_dagrun for example_nested_branch_dag to 2025-03-16 00:00:00+00:00, run_after=2025-03-17 00:00:00+00:00
[2025-03-17T23:29:42.805+0000] {processor.py:208} INFO - Processing /home/airflow/.local/lib/python3.12/site-packages/airflow/example_dags/example_nested_branch_dag.py took 0.043 seconds
[2025-03-17T23:30:13.298+0000] {processor.py:186} INFO - Started process (PID=5153) to work on /home/airflow/.local/lib/python3.12/site-packages/airflow/example_dags/example_nested_branch_dag.py
[2025-03-17T23:30:13.299+0000] {processor.py:914} INFO - Processing file /home/airflow/.local/lib/python3.12/site-packages/airflow/example_dags/example_nested_branch_dag.py for tasks to queue
[2025-03-17T23:30:13.300+0000] {logging_mixin.py:190} INFO - [2025-03-17T23:30:13.300+0000] {dagbag.py:588} INFO - Filling up the DagBag from /home/airflow/.local/lib/python3.12/site-packages/airflow/example_dags/example_nested_branch_dag.py
[2025-03-17T23:30:13.307+0000] {processor.py:925} INFO - DAG(s) 'example_nested_branch_dag' retrieved from /home/airflow/.local/lib/python3.12/site-packages/airflow/example_dags/example_nested_branch_dag.py
[2025-03-17T23:30:13.318+0000] {logging_mixin.py:190} INFO - [2025-03-17T23:30:13.317+0000] {dag.py:3239} INFO - Sync 1 DAGs
[2025-03-17T23:30:13.329+0000] {logging_mixin.py:190} INFO - [2025-03-17T23:30:13.329+0000] {dag.py:4180} INFO - Setting next_dagrun for example_nested_branch_dag to 2025-03-16 00:00:00+00:00, run_after=2025-03-17 00:00:00+00:00
[2025-03-17T23:30:13.339+0000] {processor.py:208} INFO - Processing /home/airflow/.local/lib/python3.12/site-packages/airflow/example_dags/example_nested_branch_dag.py took 0.044 seconds
[2025-03-17T23:30:43.940+0000] {processor.py:186} INFO - Started process (PID=5444) to work on /home/airflow/.local/lib/python3.12/site-packages/airflow/example_dags/example_nested_branch_dag.py
[2025-03-17T23:30:43.940+0000] {processor.py:914} INFO - Processing file /home/airflow/.local/lib/python3.12/site-packages/airflow/example_dags/example_nested_branch_dag.py for tasks to queue
[2025-03-17T23:30:43.941+0000] {logging_mixin.py:190} INFO - [2025-03-17T23:30:43.941+0000] {dagbag.py:588} INFO - Filling up the DagBag from /home/airflow/.local/lib/python3.12/site-packages/airflow/example_dags/example_nested_branch_dag.py
[2025-03-17T23:30:43.947+0000] {processor.py:925} INFO - DAG(s) 'example_nested_branch_dag' retrieved from /home/airflow/.local/lib/python3.12/site-packages/airflow/example_dags/example_nested_branch_dag.py
[2025-03-17T23:30:43.960+0000] {logging_mixin.py:190} INFO - [2025-03-17T23:30:43.960+0000] {dag.py:3239} INFO - Sync 1 DAGs
[2025-03-17T23:30:43.971+0000] {logging_mixin.py:190} INFO - [2025-03-17T23:30:43.971+0000] {dag.py:4180} INFO - Setting next_dagrun for example_nested_branch_dag to 2025-03-16 00:00:00+00:00, run_after=2025-03-17 00:00:00+00:00
[2025-03-17T23:30:43.978+0000] {processor.py:208} INFO - Processing /home/airflow/.local/lib/python3.12/site-packages/airflow/example_dags/example_nested_branch_dag.py took 0.041 seconds
[2025-03-17T23:31:14.554+0000] {processor.py:186} INFO - Started process (PID=5737) to work on /home/airflow/.local/lib/python3.12/site-packages/airflow/example_dags/example_nested_branch_dag.py
[2025-03-17T23:31:14.554+0000] {processor.py:914} INFO - Processing file /home/airflow/.local/lib/python3.12/site-packages/airflow/example_dags/example_nested_branch_dag.py for tasks to queue
[2025-03-17T23:31:14.555+0000] {logging_mixin.py:190} INFO - [2025-03-17T23:31:14.555+0000] {dagbag.py:588} INFO - Filling up the DagBag from /home/airflow/.local/lib/python3.12/site-packages/airflow/example_dags/example_nested_branch_dag.py
[2025-03-17T23:31:14.561+0000] {processor.py:925} INFO - DAG(s) 'example_nested_branch_dag' retrieved from /home/airflow/.local/lib/python3.12/site-packages/airflow/example_dags/example_nested_branch_dag.py
[2025-03-17T23:31:14.573+0000] {logging_mixin.py:190} INFO - [2025-03-17T23:31:14.573+0000] {dag.py:3239} INFO - Sync 1 DAGs
[2025-03-17T23:31:14.584+0000] {logging_mixin.py:190} INFO - [2025-03-17T23:31:14.583+0000] {dag.py:4180} INFO - Setting next_dagrun for example_nested_branch_dag to 2025-03-16 00:00:00+00:00, run_after=2025-03-17 00:00:00+00:00
[2025-03-17T23:31:14.592+0000] {processor.py:208} INFO - Processing /home/airflow/.local/lib/python3.12/site-packages/airflow/example_dags/example_nested_branch_dag.py took 0.041 seconds
[2025-03-17T23:31:45.090+0000] {processor.py:186} INFO - Started process (PID=6026) to work on /home/airflow/.local/lib/python3.12/site-packages/airflow/example_dags/example_nested_branch_dag.py
[2025-03-17T23:31:45.090+0000] {processor.py:914} INFO - Processing file /home/airflow/.local/lib/python3.12/site-packages/airflow/example_dags/example_nested_branch_dag.py for tasks to queue
[2025-03-17T23:31:45.091+0000] {logging_mixin.py:190} INFO - [2025-03-17T23:31:45.091+0000] {dagbag.py:588} INFO - Filling up the DagBag from /home/airflow/.local/lib/python3.12/site-packages/airflow/example_dags/example_nested_branch_dag.py
[2025-03-17T23:31:45.096+0000] {processor.py:925} INFO - DAG(s) 'example_nested_branch_dag' retrieved from /home/airflow/.local/lib/python3.12/site-packages/airflow/example_dags/example_nested_branch_dag.py
[2025-03-17T23:31:45.107+0000] {logging_mixin.py:190} INFO - [2025-03-17T23:31:45.106+0000] {dag.py:3239} INFO - Sync 1 DAGs
[2025-03-17T23:31:45.117+0000] {logging_mixin.py:190} INFO - [2025-03-17T23:31:45.117+0000] {dag.py:4180} INFO - Setting next_dagrun for example_nested_branch_dag to 2025-03-16 00:00:00+00:00, run_after=2025-03-17 00:00:00+00:00
[2025-03-17T23:31:45.124+0000] {processor.py:208} INFO - Processing /home/airflow/.local/lib/python3.12/site-packages/airflow/example_dags/example_nested_branch_dag.py took 0.037 seconds
[2025-03-17T23:32:15.666+0000] {processor.py:186} INFO - Started process (PID=6319) to work on /home/airflow/.local/lib/python3.12/site-packages/airflow/example_dags/example_nested_branch_dag.py
[2025-03-17T23:32:15.666+0000] {processor.py:914} INFO - Processing file /home/airflow/.local/lib/python3.12/site-packages/airflow/example_dags/example_nested_branch_dag.py for tasks to queue
[2025-03-17T23:32:15.667+0000] {logging_mixin.py:190} INFO - [2025-03-17T23:32:15.667+0000] {dagbag.py:588} INFO - Filling up the DagBag from /home/airflow/.local/lib/python3.12/site-packages/airflow/example_dags/example_nested_branch_dag.py
[2025-03-17T23:32:15.673+0000] {processor.py:925} INFO - DAG(s) 'example_nested_branch_dag' retrieved from /home/airflow/.local/lib/python3.12/site-packages/airflow/example_dags/example_nested_branch_dag.py
[2025-03-17T23:32:15.683+0000] {logging_mixin.py:190} INFO - [2025-03-17T23:32:15.683+0000] {dag.py:3239} INFO - Sync 1 DAGs
[2025-03-17T23:32:15.693+0000] {logging_mixin.py:190} INFO - [2025-03-17T23:32:15.693+0000] {dag.py:4180} INFO - Setting next_dagrun for example_nested_branch_dag to 2025-03-16 00:00:00+00:00, run_after=2025-03-17 00:00:00+00:00
[2025-03-17T23:32:15.700+0000] {processor.py:208} INFO - Processing /home/airflow/.local/lib/python3.12/site-packages/airflow/example_dags/example_nested_branch_dag.py took 0.038 seconds
[2025-03-17T23:32:46.366+0000] {processor.py:186} INFO - Started process (PID=6610) to work on /home/airflow/.local/lib/python3.12/site-packages/airflow/example_dags/example_nested_branch_dag.py
[2025-03-17T23:32:46.367+0000] {processor.py:914} INFO - Processing file /home/airflow/.local/lib/python3.12/site-packages/airflow/example_dags/example_nested_branch_dag.py for tasks to queue
[2025-03-17T23:32:46.368+0000] {logging_mixin.py:190} INFO - [2025-03-17T23:32:46.368+0000] {dagbag.py:588} INFO - Filling up the DagBag from /home/airflow/.local/lib/python3.12/site-packages/airflow/example_dags/example_nested_branch_dag.py
[2025-03-17T23:32:46.373+0000] {processor.py:925} INFO - DAG(s) 'example_nested_branch_dag' retrieved from /home/airflow/.local/lib/python3.12/site-packages/airflow/example_dags/example_nested_branch_dag.py
[2025-03-17T23:32:46.383+0000] {logging_mixin.py:190} INFO - [2025-03-17T23:32:46.383+0000] {dag.py:3239} INFO - Sync 1 DAGs
[2025-03-17T23:32:46.393+0000] {logging_mixin.py:190} INFO - [2025-03-17T23:32:46.393+0000] {dag.py:4180} INFO - Setting next_dagrun for example_nested_branch_dag to 2025-03-16 00:00:00+00:00, run_after=2025-03-17 00:00:00+00:00
[2025-03-17T23:32:46.401+0000] {processor.py:208} INFO - Processing /home/airflow/.local/lib/python3.12/site-packages/airflow/example_dags/example_nested_branch_dag.py took 0.038 seconds
[2025-03-17T23:33:16.822+0000] {processor.py:186} INFO - Started process (PID=6901) to work on /home/airflow/.local/lib/python3.12/site-packages/airflow/example_dags/example_nested_branch_dag.py
[2025-03-17T23:33:16.822+0000] {processor.py:914} INFO - Processing file /home/airflow/.local/lib/python3.12/site-packages/airflow/example_dags/example_nested_branch_dag.py for tasks to queue
[2025-03-17T23:33:16.824+0000] {logging_mixin.py:190} INFO - [2025-03-17T23:33:16.823+0000] {dagbag.py:588} INFO - Filling up the DagBag from /home/airflow/.local/lib/python3.12/site-packages/airflow/example_dags/example_nested_branch_dag.py
[2025-03-17T23:33:16.829+0000] {processor.py:925} INFO - DAG(s) 'example_nested_branch_dag' retrieved from /home/airflow/.local/lib/python3.12/site-packages/airflow/example_dags/example_nested_branch_dag.py
[2025-03-17T23:33:16.839+0000] {logging_mixin.py:190} INFO - [2025-03-17T23:33:16.839+0000] {dag.py:3239} INFO - Sync 1 DAGs
[2025-03-17T23:33:16.849+0000] {logging_mixin.py:190} INFO - [2025-03-17T23:33:16.849+0000] {dag.py:4180} INFO - Setting next_dagrun for example_nested_branch_dag to 2025-03-16 00:00:00+00:00, run_after=2025-03-17 00:00:00+00:00
[2025-03-17T23:33:16.857+0000] {processor.py:208} INFO - Processing /home/airflow/.local/lib/python3.12/site-packages/airflow/example_dags/example_nested_branch_dag.py took 0.039 seconds
[2025-03-17T23:33:47.801+0000] {processor.py:186} INFO - Started process (PID=7190) to work on /home/airflow/.local/lib/python3.12/site-packages/airflow/example_dags/example_nested_branch_dag.py
[2025-03-17T23:33:47.801+0000] {processor.py:914} INFO - Processing file /home/airflow/.local/lib/python3.12/site-packages/airflow/example_dags/example_nested_branch_dag.py for tasks to queue
[2025-03-17T23:33:47.803+0000] {logging_mixin.py:190} INFO - [2025-03-17T23:33:47.802+0000] {dagbag.py:588} INFO - Filling up the DagBag from /home/airflow/.local/lib/python3.12/site-packages/airflow/example_dags/example_nested_branch_dag.py
[2025-03-17T23:33:47.809+0000] {processor.py:925} INFO - DAG(s) 'example_nested_branch_dag' retrieved from /home/airflow/.local/lib/python3.12/site-packages/airflow/example_dags/example_nested_branch_dag.py
[2025-03-17T23:33:47.823+0000] {logging_mixin.py:190} INFO - [2025-03-17T23:33:47.823+0000] {dag.py:3239} INFO - Sync 1 DAGs
[2025-03-17T23:33:47.835+0000] {logging_mixin.py:190} INFO - [2025-03-17T23:33:47.835+0000] {dag.py:4180} INFO - Setting next_dagrun for example_nested_branch_dag to 2025-03-16 00:00:00+00:00, run_after=2025-03-17 00:00:00+00:00
[2025-03-17T23:33:47.844+0000] {processor.py:208} INFO - Processing /home/airflow/.local/lib/python3.12/site-packages/airflow/example_dags/example_nested_branch_dag.py took 0.047 seconds
[2025-03-17T23:34:18.637+0000] {processor.py:186} INFO - Started process (PID=7488) to work on /home/airflow/.local/lib/python3.12/site-packages/airflow/example_dags/example_nested_branch_dag.py
[2025-03-17T23:34:18.637+0000] {processor.py:914} INFO - Processing file /home/airflow/.local/lib/python3.12/site-packages/airflow/example_dags/example_nested_branch_dag.py for tasks to queue
[2025-03-17T23:34:18.638+0000] {logging_mixin.py:190} INFO - [2025-03-17T23:34:18.638+0000] {dagbag.py:588} INFO - Filling up the DagBag from /home/airflow/.local/lib/python3.12/site-packages/airflow/example_dags/example_nested_branch_dag.py
[2025-03-17T23:34:18.644+0000] {processor.py:925} INFO - DAG(s) 'example_nested_branch_dag' retrieved from /home/airflow/.local/lib/python3.12/site-packages/airflow/example_dags/example_nested_branch_dag.py
[2025-03-17T23:34:18.654+0000] {logging_mixin.py:190} INFO - [2025-03-17T23:34:18.654+0000] {dag.py:3239} INFO - Sync 1 DAGs
[2025-03-17T23:34:18.664+0000] {logging_mixin.py:190} INFO - [2025-03-17T23:34:18.664+0000] {dag.py:4180} INFO - Setting next_dagrun for example_nested_branch_dag to 2025-03-16 00:00:00+00:00, run_after=2025-03-17 00:00:00+00:00
[2025-03-17T23:34:18.672+0000] {processor.py:208} INFO - Processing /home/airflow/.local/lib/python3.12/site-packages/airflow/example_dags/example_nested_branch_dag.py took 0.038 seconds
[2025-03-17T23:34:50.907+0000] {processor.py:186} INFO - Started process (PID=7814) to work on /home/airflow/.local/lib/python3.12/site-packages/airflow/example_dags/example_nested_branch_dag.py
[2025-03-17T23:34:50.909+0000] {processor.py:914} INFO - Processing file /home/airflow/.local/lib/python3.12/site-packages/airflow/example_dags/example_nested_branch_dag.py for tasks to queue
[2025-03-17T23:34:50.911+0000] {logging_mixin.py:190} INFO - [2025-03-17T23:34:50.911+0000] {dagbag.py:588} INFO - Filling up the DagBag from /home/airflow/.local/lib/python3.12/site-packages/airflow/example_dags/example_nested_branch_dag.py
[2025-03-17T23:34:50.924+0000] {processor.py:925} INFO - DAG(s) 'example_nested_branch_dag' retrieved from /home/airflow/.local/lib/python3.12/site-packages/airflow/example_dags/example_nested_branch_dag.py
[2025-03-17T23:34:50.941+0000] {logging_mixin.py:190} INFO - [2025-03-17T23:34:50.941+0000] {dag.py:3239} INFO - Sync 1 DAGs
[2025-03-17T23:34:50.956+0000] {logging_mixin.py:190} INFO - [2025-03-17T23:34:50.956+0000] {dag.py:4180} INFO - Setting next_dagrun for example_nested_branch_dag to 2025-03-16 00:00:00+00:00, run_after=2025-03-17 00:00:00+00:00
[2025-03-17T23:34:50.971+0000] {processor.py:208} INFO - Processing /home/airflow/.local/lib/python3.12/site-packages/airflow/example_dags/example_nested_branch_dag.py took 0.072 seconds
[2025-03-17T23:35:21.822+0000] {processor.py:186} INFO - Started process (PID=8107) to work on /home/airflow/.local/lib/python3.12/site-packages/airflow/example_dags/example_nested_branch_dag.py
[2025-03-17T23:35:21.824+0000] {processor.py:914} INFO - Processing file /home/airflow/.local/lib/python3.12/site-packages/airflow/example_dags/example_nested_branch_dag.py for tasks to queue
[2025-03-17T23:35:21.826+0000] {logging_mixin.py:190} INFO - [2025-03-17T23:35:21.825+0000] {dagbag.py:588} INFO - Filling up the DagBag from /home/airflow/.local/lib/python3.12/site-packages/airflow/example_dags/example_nested_branch_dag.py
[2025-03-17T23:35:21.837+0000] {processor.py:925} INFO - DAG(s) 'example_nested_branch_dag' retrieved from /home/airflow/.local/lib/python3.12/site-packages/airflow/example_dags/example_nested_branch_dag.py
[2025-03-17T23:35:21.854+0000] {logging_mixin.py:190} INFO - [2025-03-17T23:35:21.854+0000] {dag.py:3239} INFO - Sync 1 DAGs
[2025-03-17T23:35:21.869+0000] {logging_mixin.py:190} INFO - [2025-03-17T23:35:21.869+0000] {dag.py:4180} INFO - Setting next_dagrun for example_nested_branch_dag to 2025-03-16 00:00:00+00:00, run_after=2025-03-17 00:00:00+00:00
[2025-03-17T23:35:21.878+0000] {processor.py:208} INFO - Processing /home/airflow/.local/lib/python3.12/site-packages/airflow/example_dags/example_nested_branch_dag.py took 0.062 seconds
[2025-03-17T23:35:52.579+0000] {processor.py:186} INFO - Started process (PID=8398) to work on /home/airflow/.local/lib/python3.12/site-packages/airflow/example_dags/example_nested_branch_dag.py
[2025-03-17T23:35:52.580+0000] {processor.py:914} INFO - Processing file /home/airflow/.local/lib/python3.12/site-packages/airflow/example_dags/example_nested_branch_dag.py for tasks to queue
[2025-03-17T23:35:52.582+0000] {logging_mixin.py:190} INFO - [2025-03-17T23:35:52.582+0000] {dagbag.py:588} INFO - Filling up the DagBag from /home/airflow/.local/lib/python3.12/site-packages/airflow/example_dags/example_nested_branch_dag.py
[2025-03-17T23:35:52.597+0000] {processor.py:925} INFO - DAG(s) 'example_nested_branch_dag' retrieved from /home/airflow/.local/lib/python3.12/site-packages/airflow/example_dags/example_nested_branch_dag.py
[2025-03-17T23:35:52.615+0000] {logging_mixin.py:190} INFO - [2025-03-17T23:35:52.615+0000] {dag.py:3239} INFO - Sync 1 DAGs
[2025-03-17T23:35:52.630+0000] {logging_mixin.py:190} INFO - [2025-03-17T23:35:52.630+0000] {dag.py:4180} INFO - Setting next_dagrun for example_nested_branch_dag to 2025-03-16 00:00:00+00:00, run_after=2025-03-17 00:00:00+00:00
[2025-03-17T23:35:52.640+0000] {processor.py:208} INFO - Processing /home/airflow/.local/lib/python3.12/site-packages/airflow/example_dags/example_nested_branch_dag.py took 0.068 seconds
[2025-03-17T23:36:23.011+0000] {processor.py:186} INFO - Started process (PID=8689) to work on /home/airflow/.local/lib/python3.12/site-packages/airflow/example_dags/example_nested_branch_dag.py
[2025-03-17T23:36:23.011+0000] {processor.py:914} INFO - Processing file /home/airflow/.local/lib/python3.12/site-packages/airflow/example_dags/example_nested_branch_dag.py for tasks to queue
[2025-03-17T23:36:23.013+0000] {logging_mixin.py:190} INFO - [2025-03-17T23:36:23.013+0000] {dagbag.py:588} INFO - Filling up the DagBag from /home/airflow/.local/lib/python3.12/site-packages/airflow/example_dags/example_nested_branch_dag.py
[2025-03-17T23:36:23.023+0000] {processor.py:925} INFO - DAG(s) 'example_nested_branch_dag' retrieved from /home/airflow/.local/lib/python3.12/site-packages/airflow/example_dags/example_nested_branch_dag.py
[2025-03-17T23:36:23.043+0000] {logging_mixin.py:190} INFO - [2025-03-17T23:36:23.042+0000] {dag.py:3239} INFO - Sync 1 DAGs
[2025-03-17T23:36:23.059+0000] {logging_mixin.py:190} INFO - [2025-03-17T23:36:23.059+0000] {dag.py:4180} INFO - Setting next_dagrun for example_nested_branch_dag to 2025-03-16 00:00:00+00:00, run_after=2025-03-17 00:00:00+00:00
[2025-03-17T23:36:23.070+0000] {processor.py:208} INFO - Processing /home/airflow/.local/lib/python3.12/site-packages/airflow/example_dags/example_nested_branch_dag.py took 0.064 seconds
[2025-03-17T23:36:53.304+0000] {processor.py:186} INFO - Started process (PID=8980) to work on /home/airflow/.local/lib/python3.12/site-packages/airflow/example_dags/example_nested_branch_dag.py
[2025-03-17T23:36:53.305+0000] {processor.py:914} INFO - Processing file /home/airflow/.local/lib/python3.12/site-packages/airflow/example_dags/example_nested_branch_dag.py for tasks to queue
[2025-03-17T23:36:53.309+0000] {logging_mixin.py:190} INFO - [2025-03-17T23:36:53.308+0000] {dagbag.py:588} INFO - Filling up the DagBag from /home/airflow/.local/lib/python3.12/site-packages/airflow/example_dags/example_nested_branch_dag.py
[2025-03-17T23:36:53.315+0000] {processor.py:925} INFO - DAG(s) 'example_nested_branch_dag' retrieved from /home/airflow/.local/lib/python3.12/site-packages/airflow/example_dags/example_nested_branch_dag.py
[2025-03-17T23:36:53.331+0000] {logging_mixin.py:190} INFO - [2025-03-17T23:36:53.330+0000] {dag.py:3239} INFO - Sync 1 DAGs
[2025-03-17T23:36:53.346+0000] {logging_mixin.py:190} INFO - [2025-03-17T23:36:53.346+0000] {dag.py:4180} INFO - Setting next_dagrun for example_nested_branch_dag to 2025-03-16 00:00:00+00:00, run_after=2025-03-17 00:00:00+00:00
[2025-03-17T23:36:53.356+0000] {processor.py:208} INFO - Processing /home/airflow/.local/lib/python3.12/site-packages/airflow/example_dags/example_nested_branch_dag.py took 0.057 seconds
[2025-03-17T23:37:23.898+0000] {processor.py:186} INFO - Started process (PID=9271) to work on /home/airflow/.local/lib/python3.12/site-packages/airflow/example_dags/example_nested_branch_dag.py
[2025-03-17T23:37:23.900+0000] {processor.py:914} INFO - Processing file /home/airflow/.local/lib/python3.12/site-packages/airflow/example_dags/example_nested_branch_dag.py for tasks to queue
[2025-03-17T23:37:23.904+0000] {logging_mixin.py:190} INFO - [2025-03-17T23:37:23.903+0000] {dagbag.py:588} INFO - Filling up the DagBag from /home/airflow/.local/lib/python3.12/site-packages/airflow/example_dags/example_nested_branch_dag.py
[2025-03-17T23:37:23.916+0000] {processor.py:925} INFO - DAG(s) 'example_nested_branch_dag' retrieved from /home/airflow/.local/lib/python3.12/site-packages/airflow/example_dags/example_nested_branch_dag.py
[2025-03-17T23:37:23.935+0000] {logging_mixin.py:190} INFO - [2025-03-17T23:37:23.935+0000] {dag.py:3239} INFO - Sync 1 DAGs
[2025-03-17T23:37:23.948+0000] {logging_mixin.py:190} INFO - [2025-03-17T23:37:23.948+0000] {dag.py:4180} INFO - Setting next_dagrun for example_nested_branch_dag to 2025-03-16 00:00:00+00:00, run_after=2025-03-17 00:00:00+00:00
[2025-03-17T23:37:23.958+0000] {processor.py:208} INFO - Processing /home/airflow/.local/lib/python3.12/site-packages/airflow/example_dags/example_nested_branch_dag.py took 0.066 seconds
