[2025-03-17T23:21:35.256+0000] {processor.py:186} INFO - Started process (PID=322) to work on /home/airflow/.local/lib/python3.12/site-packages/airflow/example_dags/example_branch_labels.py
[2025-03-17T23:21:35.256+0000] {processor.py:914} INFO - Processing file /home/airflow/.local/lib/python3.12/site-packages/airflow/example_dags/example_branch_labels.py for tasks to queue
[2025-03-17T23:21:35.258+0000] {logging_mixin.py:190} INFO - [2025-03-17T23:21:35.257+0000] {dagbag.py:588} INFO - Filling up the DagBag from /home/airflow/.local/lib/python3.12/site-packages/airflow/example_dags/example_branch_labels.py
[2025-03-17T23:21:35.263+0000] {processor.py:925} INFO - DAG(s) 'example_branch_labels' retrieved from /home/airflow/.local/lib/python3.12/site-packages/airflow/example_dags/example_branch_labels.py
[2025-03-17T23:21:35.320+0000] {logging_mixin.py:190} INFO - [2025-03-17T23:21:35.320+0000] {override.py:1912} INFO - Created Permission View: can edit on DAG:example_branch_labels
[2025-03-17T23:21:35.324+0000] {logging_mixin.py:190} INFO - [2025-03-17T23:21:35.324+0000] {override.py:1912} INFO - Created Permission View: can read on DAG:example_branch_labels
[2025-03-17T23:21:35.327+0000] {logging_mixin.py:190} INFO - [2025-03-17T23:21:35.327+0000] {override.py:1912} INFO - Created Permission View: can delete on DAG:example_branch_labels
[2025-03-17T23:21:35.330+0000] {logging_mixin.py:190} INFO - [2025-03-17T23:21:35.330+0000] {override.py:1912} INFO - Created Permission View: can create on DAG Run:example_branch_labels
[2025-03-17T23:21:35.333+0000] {logging_mixin.py:190} INFO - [2025-03-17T23:21:35.332+0000] {override.py:1912} INFO - Created Permission View: menu access on DAG Run:example_branch_labels
[2025-03-17T23:21:35.335+0000] {logging_mixin.py:190} INFO - [2025-03-17T23:21:35.335+0000] {override.py:1912} INFO - Created Permission View: can read on DAG Run:example_branch_labels
[2025-03-17T23:21:35.338+0000] {logging_mixin.py:190} INFO - [2025-03-17T23:21:35.337+0000] {override.py:1912} INFO - Created Permission View: can delete on DAG Run:example_branch_labels
[2025-03-17T23:21:35.338+0000] {logging_mixin.py:190} INFO - [2025-03-17T23:21:35.338+0000] {dag.py:3239} INFO - Sync 1 DAGs
[2025-03-17T23:21:35.355+0000] {logging_mixin.py:190} INFO - [2025-03-17T23:21:35.355+0000] {dag.py:3262} INFO - Creating ORM DAG for example_branch_labels
[2025-03-17T23:21:35.363+0000] {logging_mixin.py:190} INFO - [2025-03-17T23:21:35.363+0000] {dag.py:4180} INFO - Setting next_dagrun for example_branch_labels to 2025-03-16 00:00:00+00:00, run_after=2025-03-17 00:00:00+00:00
[2025-03-17T23:21:35.394+0000] {processor.py:208} INFO - Processing /home/airflow/.local/lib/python3.12/site-packages/airflow/example_dags/example_branch_labels.py took 0.142 seconds
[2025-03-17T23:22:06.208+0000] {processor.py:186} INFO - Started process (PID=613) to work on /home/airflow/.local/lib/python3.12/site-packages/airflow/example_dags/example_branch_labels.py
[2025-03-17T23:22:06.209+0000] {processor.py:914} INFO - Processing file /home/airflow/.local/lib/python3.12/site-packages/airflow/example_dags/example_branch_labels.py for tasks to queue
[2025-03-17T23:22:06.210+0000] {logging_mixin.py:190} INFO - [2025-03-17T23:22:06.210+0000] {dagbag.py:588} INFO - Filling up the DagBag from /home/airflow/.local/lib/python3.12/site-packages/airflow/example_dags/example_branch_labels.py
[2025-03-17T23:22:06.216+0000] {processor.py:925} INFO - DAG(s) 'example_branch_labels' retrieved from /home/airflow/.local/lib/python3.12/site-packages/airflow/example_dags/example_branch_labels.py
[2025-03-17T23:22:06.229+0000] {logging_mixin.py:190} INFO - [2025-03-17T23:22:06.229+0000] {dag.py:3239} INFO - Sync 1 DAGs
[2025-03-17T23:22:06.243+0000] {logging_mixin.py:190} INFO - [2025-03-17T23:22:06.243+0000] {dag.py:4180} INFO - Setting next_dagrun for example_branch_labels to 2025-03-16 00:00:00+00:00, run_after=2025-03-17 00:00:00+00:00
[2025-03-17T23:22:06.255+0000] {processor.py:208} INFO - Processing /home/airflow/.local/lib/python3.12/site-packages/airflow/example_dags/example_branch_labels.py took 0.051 seconds
[2025-03-17T23:22:36.417+0000] {processor.py:186} INFO - Started process (PID=904) to work on /home/airflow/.local/lib/python3.12/site-packages/airflow/example_dags/example_branch_labels.py
[2025-03-17T23:22:36.417+0000] {processor.py:914} INFO - Processing file /home/airflow/.local/lib/python3.12/site-packages/airflow/example_dags/example_branch_labels.py for tasks to queue
[2025-03-17T23:22:36.418+0000] {logging_mixin.py:190} INFO - [2025-03-17T23:22:36.418+0000] {dagbag.py:588} INFO - Filling up the DagBag from /home/airflow/.local/lib/python3.12/site-packages/airflow/example_dags/example_branch_labels.py
[2025-03-17T23:22:36.424+0000] {processor.py:925} INFO - DAG(s) 'example_branch_labels' retrieved from /home/airflow/.local/lib/python3.12/site-packages/airflow/example_dags/example_branch_labels.py
[2025-03-17T23:22:36.434+0000] {logging_mixin.py:190} INFO - [2025-03-17T23:22:36.434+0000] {dag.py:3239} INFO - Sync 1 DAGs
[2025-03-17T23:22:36.446+0000] {logging_mixin.py:190} INFO - [2025-03-17T23:22:36.446+0000] {dag.py:4180} INFO - Setting next_dagrun for example_branch_labels to 2025-03-16 00:00:00+00:00, run_after=2025-03-17 00:00:00+00:00
[2025-03-17T23:22:36.456+0000] {processor.py:208} INFO - Processing /home/airflow/.local/lib/python3.12/site-packages/airflow/example_dags/example_branch_labels.py took 0.042 seconds
[2025-03-17T23:23:07.258+0000] {processor.py:186} INFO - Started process (PID=1195) to work on /home/airflow/.local/lib/python3.12/site-packages/airflow/example_dags/example_branch_labels.py
[2025-03-17T23:23:07.259+0000] {processor.py:914} INFO - Processing file /home/airflow/.local/lib/python3.12/site-packages/airflow/example_dags/example_branch_labels.py for tasks to queue
[2025-03-17T23:23:07.260+0000] {logging_mixin.py:190} INFO - [2025-03-17T23:23:07.259+0000] {dagbag.py:588} INFO - Filling up the DagBag from /home/airflow/.local/lib/python3.12/site-packages/airflow/example_dags/example_branch_labels.py
[2025-03-17T23:23:07.264+0000] {processor.py:925} INFO - DAG(s) 'example_branch_labels' retrieved from /home/airflow/.local/lib/python3.12/site-packages/airflow/example_dags/example_branch_labels.py
[2025-03-17T23:23:07.274+0000] {logging_mixin.py:190} INFO - [2025-03-17T23:23:07.274+0000] {dag.py:3239} INFO - Sync 1 DAGs
[2025-03-17T23:23:07.285+0000] {logging_mixin.py:190} INFO - [2025-03-17T23:23:07.285+0000] {dag.py:4180} INFO - Setting next_dagrun for example_branch_labels to 2025-03-16 00:00:00+00:00, run_after=2025-03-17 00:00:00+00:00
[2025-03-17T23:23:07.293+0000] {processor.py:208} INFO - Processing /home/airflow/.local/lib/python3.12/site-packages/airflow/example_dags/example_branch_labels.py took 0.038 seconds
[2025-03-17T23:23:38.436+0000] {processor.py:186} INFO - Started process (PID=1486) to work on /home/airflow/.local/lib/python3.12/site-packages/airflow/example_dags/example_branch_labels.py
[2025-03-17T23:23:38.439+0000] {processor.py:914} INFO - Processing file /home/airflow/.local/lib/python3.12/site-packages/airflow/example_dags/example_branch_labels.py for tasks to queue
[2025-03-17T23:23:38.440+0000] {logging_mixin.py:190} INFO - [2025-03-17T23:23:38.440+0000] {dagbag.py:588} INFO - Filling up the DagBag from /home/airflow/.local/lib/python3.12/site-packages/airflow/example_dags/example_branch_labels.py
[2025-03-17T23:23:38.445+0000] {processor.py:925} INFO - DAG(s) 'example_branch_labels' retrieved from /home/airflow/.local/lib/python3.12/site-packages/airflow/example_dags/example_branch_labels.py
[2025-03-17T23:23:38.455+0000] {logging_mixin.py:190} INFO - [2025-03-17T23:23:38.455+0000] {dag.py:3239} INFO - Sync 1 DAGs
[2025-03-17T23:23:38.465+0000] {logging_mixin.py:190} INFO - [2025-03-17T23:23:38.465+0000] {dag.py:4180} INFO - Setting next_dagrun for example_branch_labels to 2025-03-16 00:00:00+00:00, run_after=2025-03-17 00:00:00+00:00
[2025-03-17T23:23:38.473+0000] {processor.py:208} INFO - Processing /home/airflow/.local/lib/python3.12/site-packages/airflow/example_dags/example_branch_labels.py took 0.041 seconds
[2025-03-17T23:24:09.400+0000] {processor.py:186} INFO - Started process (PID=1777) to work on /home/airflow/.local/lib/python3.12/site-packages/airflow/example_dags/example_branch_labels.py
[2025-03-17T23:24:09.401+0000] {processor.py:914} INFO - Processing file /home/airflow/.local/lib/python3.12/site-packages/airflow/example_dags/example_branch_labels.py for tasks to queue
[2025-03-17T23:24:09.403+0000] {logging_mixin.py:190} INFO - [2025-03-17T23:24:09.403+0000] {dagbag.py:588} INFO - Filling up the DagBag from /home/airflow/.local/lib/python3.12/site-packages/airflow/example_dags/example_branch_labels.py
[2025-03-17T23:24:09.417+0000] {processor.py:925} INFO - DAG(s) 'example_branch_labels' retrieved from /home/airflow/.local/lib/python3.12/site-packages/airflow/example_dags/example_branch_labels.py
[2025-03-17T23:24:09.435+0000] {logging_mixin.py:190} INFO - [2025-03-17T23:24:09.434+0000] {dag.py:3239} INFO - Sync 1 DAGs
[2025-03-17T23:24:09.450+0000] {logging_mixin.py:190} INFO - [2025-03-17T23:24:09.450+0000] {dag.py:4180} INFO - Setting next_dagrun for example_branch_labels to 2025-03-16 00:00:00+00:00, run_after=2025-03-17 00:00:00+00:00
[2025-03-17T23:24:09.458+0000] {processor.py:208} INFO - Processing /home/airflow/.local/lib/python3.12/site-packages/airflow/example_dags/example_branch_labels.py took 0.064 seconds
[2025-03-17T23:24:40.650+0000] {processor.py:186} INFO - Started process (PID=2067) to work on /home/airflow/.local/lib/python3.12/site-packages/airflow/example_dags/example_branch_labels.py
[2025-03-17T23:24:40.652+0000] {processor.py:914} INFO - Processing file /home/airflow/.local/lib/python3.12/site-packages/airflow/example_dags/example_branch_labels.py for tasks to queue
[2025-03-17T23:24:40.653+0000] {logging_mixin.py:190} INFO - [2025-03-17T23:24:40.653+0000] {dagbag.py:588} INFO - Filling up the DagBag from /home/airflow/.local/lib/python3.12/site-packages/airflow/example_dags/example_branch_labels.py
[2025-03-17T23:24:40.660+0000] {processor.py:925} INFO - DAG(s) 'example_branch_labels' retrieved from /home/airflow/.local/lib/python3.12/site-packages/airflow/example_dags/example_branch_labels.py
[2025-03-17T23:24:40.672+0000] {logging_mixin.py:190} INFO - [2025-03-17T23:24:40.672+0000] {dag.py:3239} INFO - Sync 1 DAGs
[2025-03-17T23:24:40.691+0000] {logging_mixin.py:190} INFO - [2025-03-17T23:24:40.691+0000] {dag.py:4180} INFO - Setting next_dagrun for example_branch_labels to 2025-03-16 00:00:00+00:00, run_after=2025-03-17 00:00:00+00:00
[2025-03-17T23:24:40.704+0000] {processor.py:208} INFO - Processing /home/airflow/.local/lib/python3.12/site-packages/airflow/example_dags/example_branch_labels.py took 0.058 seconds
[2025-03-17T23:25:11.868+0000] {processor.py:186} INFO - Started process (PID=2358) to work on /home/airflow/.local/lib/python3.12/site-packages/airflow/example_dags/example_branch_labels.py
[2025-03-17T23:25:11.869+0000] {processor.py:914} INFO - Processing file /home/airflow/.local/lib/python3.12/site-packages/airflow/example_dags/example_branch_labels.py for tasks to queue
[2025-03-17T23:25:11.870+0000] {logging_mixin.py:190} INFO - [2025-03-17T23:25:11.870+0000] {dagbag.py:588} INFO - Filling up the DagBag from /home/airflow/.local/lib/python3.12/site-packages/airflow/example_dags/example_branch_labels.py
[2025-03-17T23:25:11.875+0000] {processor.py:925} INFO - DAG(s) 'example_branch_labels' retrieved from /home/airflow/.local/lib/python3.12/site-packages/airflow/example_dags/example_branch_labels.py
[2025-03-17T23:25:11.885+0000] {logging_mixin.py:190} INFO - [2025-03-17T23:25:11.885+0000] {dag.py:3239} INFO - Sync 1 DAGs
[2025-03-17T23:25:11.897+0000] {logging_mixin.py:190} INFO - [2025-03-17T23:25:11.897+0000] {dag.py:4180} INFO - Setting next_dagrun for example_branch_labels to 2025-03-16 00:00:00+00:00, run_after=2025-03-17 00:00:00+00:00
[2025-03-17T23:25:11.906+0000] {processor.py:208} INFO - Processing /home/airflow/.local/lib/python3.12/site-packages/airflow/example_dags/example_branch_labels.py took 0.040 seconds
[2025-03-17T23:25:43.311+0000] {processor.py:186} INFO - Started process (PID=2649) to work on /home/airflow/.local/lib/python3.12/site-packages/airflow/example_dags/example_branch_labels.py
[2025-03-17T23:25:43.312+0000] {processor.py:914} INFO - Processing file /home/airflow/.local/lib/python3.12/site-packages/airflow/example_dags/example_branch_labels.py for tasks to queue
[2025-03-17T23:25:43.313+0000] {logging_mixin.py:190} INFO - [2025-03-17T23:25:43.313+0000] {dagbag.py:588} INFO - Filling up the DagBag from /home/airflow/.local/lib/python3.12/site-packages/airflow/example_dags/example_branch_labels.py
[2025-03-17T23:25:43.318+0000] {processor.py:925} INFO - DAG(s) 'example_branch_labels' retrieved from /home/airflow/.local/lib/python3.12/site-packages/airflow/example_dags/example_branch_labels.py
[2025-03-17T23:25:43.328+0000] {logging_mixin.py:190} INFO - [2025-03-17T23:25:43.328+0000] {dag.py:3239} INFO - Sync 1 DAGs
[2025-03-17T23:25:43.340+0000] {logging_mixin.py:190} INFO - [2025-03-17T23:25:43.340+0000] {dag.py:4180} INFO - Setting next_dagrun for example_branch_labels to 2025-03-16 00:00:00+00:00, run_after=2025-03-17 00:00:00+00:00
[2025-03-17T23:25:43.348+0000] {processor.py:208} INFO - Processing /home/airflow/.local/lib/python3.12/site-packages/airflow/example_dags/example_branch_labels.py took 0.041 seconds
[2025-03-17T23:26:14.316+0000] {processor.py:186} INFO - Started process (PID=2940) to work on /home/airflow/.local/lib/python3.12/site-packages/airflow/example_dags/example_branch_labels.py
[2025-03-17T23:26:14.316+0000] {processor.py:914} INFO - Processing file /home/airflow/.local/lib/python3.12/site-packages/airflow/example_dags/example_branch_labels.py for tasks to queue
[2025-03-17T23:26:14.318+0000] {logging_mixin.py:190} INFO - [2025-03-17T23:26:14.317+0000] {dagbag.py:588} INFO - Filling up the DagBag from /home/airflow/.local/lib/python3.12/site-packages/airflow/example_dags/example_branch_labels.py
[2025-03-17T23:26:14.322+0000] {processor.py:925} INFO - DAG(s) 'example_branch_labels' retrieved from /home/airflow/.local/lib/python3.12/site-packages/airflow/example_dags/example_branch_labels.py
[2025-03-17T23:26:14.332+0000] {logging_mixin.py:190} INFO - [2025-03-17T23:26:14.332+0000] {dag.py:3239} INFO - Sync 1 DAGs
[2025-03-17T23:26:14.344+0000] {logging_mixin.py:190} INFO - [2025-03-17T23:26:14.344+0000] {dag.py:4180} INFO - Setting next_dagrun for example_branch_labels to 2025-03-16 00:00:00+00:00, run_after=2025-03-17 00:00:00+00:00
[2025-03-17T23:26:14.352+0000] {processor.py:208} INFO - Processing /home/airflow/.local/lib/python3.12/site-packages/airflow/example_dags/example_branch_labels.py took 0.039 seconds
[2025-03-17T23:26:45.151+0000] {processor.py:186} INFO - Started process (PID=3231) to work on /home/airflow/.local/lib/python3.12/site-packages/airflow/example_dags/example_branch_labels.py
[2025-03-17T23:26:45.151+0000] {processor.py:914} INFO - Processing file /home/airflow/.local/lib/python3.12/site-packages/airflow/example_dags/example_branch_labels.py for tasks to queue
[2025-03-17T23:26:45.153+0000] {logging_mixin.py:190} INFO - [2025-03-17T23:26:45.152+0000] {dagbag.py:588} INFO - Filling up the DagBag from /home/airflow/.local/lib/python3.12/site-packages/airflow/example_dags/example_branch_labels.py
[2025-03-17T23:26:45.157+0000] {processor.py:925} INFO - DAG(s) 'example_branch_labels' retrieved from /home/airflow/.local/lib/python3.12/site-packages/airflow/example_dags/example_branch_labels.py
[2025-03-17T23:26:45.167+0000] {logging_mixin.py:190} INFO - [2025-03-17T23:26:45.167+0000] {dag.py:3239} INFO - Sync 1 DAGs
[2025-03-17T23:26:45.180+0000] {logging_mixin.py:190} INFO - [2025-03-17T23:26:45.179+0000] {dag.py:4180} INFO - Setting next_dagrun for example_branch_labels to 2025-03-16 00:00:00+00:00, run_after=2025-03-17 00:00:00+00:00
[2025-03-17T23:26:45.189+0000] {processor.py:208} INFO - Processing /home/airflow/.local/lib/python3.12/site-packages/airflow/example_dags/example_branch_labels.py took 0.041 seconds
[2025-03-17T23:27:16.166+0000] {processor.py:186} INFO - Started process (PID=3522) to work on /home/airflow/.local/lib/python3.12/site-packages/airflow/example_dags/example_branch_labels.py
[2025-03-17T23:27:16.168+0000] {processor.py:914} INFO - Processing file /home/airflow/.local/lib/python3.12/site-packages/airflow/example_dags/example_branch_labels.py for tasks to queue
[2025-03-17T23:27:16.169+0000] {logging_mixin.py:190} INFO - [2025-03-17T23:27:16.168+0000] {dagbag.py:588} INFO - Filling up the DagBag from /home/airflow/.local/lib/python3.12/site-packages/airflow/example_dags/example_branch_labels.py
[2025-03-17T23:27:16.175+0000] {processor.py:925} INFO - DAG(s) 'example_branch_labels' retrieved from /home/airflow/.local/lib/python3.12/site-packages/airflow/example_dags/example_branch_labels.py
[2025-03-17T23:27:16.188+0000] {logging_mixin.py:190} INFO - [2025-03-17T23:27:16.188+0000] {dag.py:3239} INFO - Sync 1 DAGs
[2025-03-17T23:27:16.200+0000] {logging_mixin.py:190} INFO - [2025-03-17T23:27:16.199+0000] {dag.py:4180} INFO - Setting next_dagrun for example_branch_labels to 2025-03-16 00:00:00+00:00, run_after=2025-03-17 00:00:00+00:00
[2025-03-17T23:27:16.208+0000] {processor.py:208} INFO - Processing /home/airflow/.local/lib/python3.12/site-packages/airflow/example_dags/example_branch_labels.py took 0.044 seconds
[2025-03-17T23:27:47.182+0000] {processor.py:186} INFO - Started process (PID=3813) to work on /home/airflow/.local/lib/python3.12/site-packages/airflow/example_dags/example_branch_labels.py
[2025-03-17T23:27:47.184+0000] {processor.py:914} INFO - Processing file /home/airflow/.local/lib/python3.12/site-packages/airflow/example_dags/example_branch_labels.py for tasks to queue
[2025-03-17T23:27:47.185+0000] {logging_mixin.py:190} INFO - [2025-03-17T23:27:47.185+0000] {dagbag.py:588} INFO - Filling up the DagBag from /home/airflow/.local/lib/python3.12/site-packages/airflow/example_dags/example_branch_labels.py
[2025-03-17T23:27:47.195+0000] {processor.py:925} INFO - DAG(s) 'example_branch_labels' retrieved from /home/airflow/.local/lib/python3.12/site-packages/airflow/example_dags/example_branch_labels.py
[2025-03-17T23:27:47.209+0000] {logging_mixin.py:190} INFO - [2025-03-17T23:27:47.208+0000] {dag.py:3239} INFO - Sync 1 DAGs
[2025-03-17T23:27:47.223+0000] {logging_mixin.py:190} INFO - [2025-03-17T23:27:47.223+0000] {dag.py:4180} INFO - Setting next_dagrun for example_branch_labels to 2025-03-16 00:00:00+00:00, run_after=2025-03-17 00:00:00+00:00
[2025-03-17T23:27:47.234+0000] {processor.py:208} INFO - Processing /home/airflow/.local/lib/python3.12/site-packages/airflow/example_dags/example_branch_labels.py took 0.060 seconds
[2025-03-17T23:28:17.769+0000] {processor.py:186} INFO - Started process (PID=4104) to work on /home/airflow/.local/lib/python3.12/site-packages/airflow/example_dags/example_branch_labels.py
[2025-03-17T23:28:17.770+0000] {processor.py:914} INFO - Processing file /home/airflow/.local/lib/python3.12/site-packages/airflow/example_dags/example_branch_labels.py for tasks to queue
[2025-03-17T23:28:17.772+0000] {logging_mixin.py:190} INFO - [2025-03-17T23:28:17.772+0000] {dagbag.py:588} INFO - Filling up the DagBag from /home/airflow/.local/lib/python3.12/site-packages/airflow/example_dags/example_branch_labels.py
[2025-03-17T23:28:17.777+0000] {processor.py:925} INFO - DAG(s) 'example_branch_labels' retrieved from /home/airflow/.local/lib/python3.12/site-packages/airflow/example_dags/example_branch_labels.py
[2025-03-17T23:28:17.790+0000] {logging_mixin.py:190} INFO - [2025-03-17T23:28:17.790+0000] {dag.py:3239} INFO - Sync 1 DAGs
[2025-03-17T23:28:17.802+0000] {logging_mixin.py:190} INFO - [2025-03-17T23:28:17.802+0000] {dag.py:4180} INFO - Setting next_dagrun for example_branch_labels to 2025-03-16 00:00:00+00:00, run_after=2025-03-17 00:00:00+00:00
[2025-03-17T23:28:17.810+0000] {processor.py:208} INFO - Processing /home/airflow/.local/lib/python3.12/site-packages/airflow/example_dags/example_branch_labels.py took 0.044 seconds
[2025-03-17T23:28:48.571+0000] {processor.py:186} INFO - Started process (PID=4395) to work on /home/airflow/.local/lib/python3.12/site-packages/airflow/example_dags/example_branch_labels.py
[2025-03-17T23:28:48.572+0000] {processor.py:914} INFO - Processing file /home/airflow/.local/lib/python3.12/site-packages/airflow/example_dags/example_branch_labels.py for tasks to queue
[2025-03-17T23:28:48.574+0000] {logging_mixin.py:190} INFO - [2025-03-17T23:28:48.574+0000] {dagbag.py:588} INFO - Filling up the DagBag from /home/airflow/.local/lib/python3.12/site-packages/airflow/example_dags/example_branch_labels.py
[2025-03-17T23:28:48.580+0000] {processor.py:925} INFO - DAG(s) 'example_branch_labels' retrieved from /home/airflow/.local/lib/python3.12/site-packages/airflow/example_dags/example_branch_labels.py
[2025-03-17T23:28:48.589+0000] {logging_mixin.py:190} INFO - [2025-03-17T23:28:48.589+0000] {dag.py:3239} INFO - Sync 1 DAGs
[2025-03-17T23:28:48.601+0000] {logging_mixin.py:190} INFO - [2025-03-17T23:28:48.601+0000] {dag.py:4180} INFO - Setting next_dagrun for example_branch_labels to 2025-03-16 00:00:00+00:00, run_after=2025-03-17 00:00:00+00:00
[2025-03-17T23:28:48.610+0000] {processor.py:208} INFO - Processing /home/airflow/.local/lib/python3.12/site-packages/airflow/example_dags/example_branch_labels.py took 0.041 seconds
[2025-03-17T23:29:19.232+0000] {processor.py:186} INFO - Started process (PID=4686) to work on /home/airflow/.local/lib/python3.12/site-packages/airflow/example_dags/example_branch_labels.py
[2025-03-17T23:29:19.233+0000] {processor.py:914} INFO - Processing file /home/airflow/.local/lib/python3.12/site-packages/airflow/example_dags/example_branch_labels.py for tasks to queue
[2025-03-17T23:29:19.234+0000] {logging_mixin.py:190} INFO - [2025-03-17T23:29:19.234+0000] {dagbag.py:588} INFO - Filling up the DagBag from /home/airflow/.local/lib/python3.12/site-packages/airflow/example_dags/example_branch_labels.py
[2025-03-17T23:29:19.239+0000] {processor.py:925} INFO - DAG(s) 'example_branch_labels' retrieved from /home/airflow/.local/lib/python3.12/site-packages/airflow/example_dags/example_branch_labels.py
[2025-03-17T23:29:19.249+0000] {logging_mixin.py:190} INFO - [2025-03-17T23:29:19.249+0000] {dag.py:3239} INFO - Sync 1 DAGs
[2025-03-17T23:29:19.260+0000] {logging_mixin.py:190} INFO - [2025-03-17T23:29:19.260+0000] {dag.py:4180} INFO - Setting next_dagrun for example_branch_labels to 2025-03-16 00:00:00+00:00, run_after=2025-03-17 00:00:00+00:00
[2025-03-17T23:29:19.270+0000] {processor.py:208} INFO - Processing /home/airflow/.local/lib/python3.12/site-packages/airflow/example_dags/example_branch_labels.py took 0.041 seconds
[2025-03-17T23:29:49.770+0000] {processor.py:186} INFO - Started process (PID=4977) to work on /home/airflow/.local/lib/python3.12/site-packages/airflow/example_dags/example_branch_labels.py
[2025-03-17T23:29:49.771+0000] {processor.py:914} INFO - Processing file /home/airflow/.local/lib/python3.12/site-packages/airflow/example_dags/example_branch_labels.py for tasks to queue
[2025-03-17T23:29:49.773+0000] {logging_mixin.py:190} INFO - [2025-03-17T23:29:49.773+0000] {dagbag.py:588} INFO - Filling up the DagBag from /home/airflow/.local/lib/python3.12/site-packages/airflow/example_dags/example_branch_labels.py
[2025-03-17T23:29:49.779+0000] {processor.py:925} INFO - DAG(s) 'example_branch_labels' retrieved from /home/airflow/.local/lib/python3.12/site-packages/airflow/example_dags/example_branch_labels.py
[2025-03-17T23:29:49.788+0000] {logging_mixin.py:190} INFO - [2025-03-17T23:29:49.788+0000] {dag.py:3239} INFO - Sync 1 DAGs
[2025-03-17T23:29:49.801+0000] {logging_mixin.py:190} INFO - [2025-03-17T23:29:49.801+0000] {dag.py:4180} INFO - Setting next_dagrun for example_branch_labels to 2025-03-16 00:00:00+00:00, run_after=2025-03-17 00:00:00+00:00
[2025-03-17T23:29:49.811+0000] {processor.py:208} INFO - Processing /home/airflow/.local/lib/python3.12/site-packages/airflow/example_dags/example_branch_labels.py took 0.044 seconds
[2025-03-17T23:30:20.386+0000] {processor.py:186} INFO - Started process (PID=5268) to work on /home/airflow/.local/lib/python3.12/site-packages/airflow/example_dags/example_branch_labels.py
[2025-03-17T23:30:20.388+0000] {processor.py:914} INFO - Processing file /home/airflow/.local/lib/python3.12/site-packages/airflow/example_dags/example_branch_labels.py for tasks to queue
[2025-03-17T23:30:20.389+0000] {logging_mixin.py:190} INFO - [2025-03-17T23:30:20.389+0000] {dagbag.py:588} INFO - Filling up the DagBag from /home/airflow/.local/lib/python3.12/site-packages/airflow/example_dags/example_branch_labels.py
[2025-03-17T23:30:20.395+0000] {processor.py:925} INFO - DAG(s) 'example_branch_labels' retrieved from /home/airflow/.local/lib/python3.12/site-packages/airflow/example_dags/example_branch_labels.py
[2025-03-17T23:30:20.409+0000] {logging_mixin.py:190} INFO - [2025-03-17T23:30:20.409+0000] {dag.py:3239} INFO - Sync 1 DAGs
[2025-03-17T23:30:20.419+0000] {logging_mixin.py:190} INFO - [2025-03-17T23:30:20.419+0000] {dag.py:4180} INFO - Setting next_dagrun for example_branch_labels to 2025-03-16 00:00:00+00:00, run_after=2025-03-17 00:00:00+00:00
[2025-03-17T23:30:20.429+0000] {processor.py:208} INFO - Processing /home/airflow/.local/lib/python3.12/site-packages/airflow/example_dags/example_branch_labels.py took 0.045 seconds
[2025-03-17T23:30:50.967+0000] {processor.py:186} INFO - Started process (PID=5559) to work on /home/airflow/.local/lib/python3.12/site-packages/airflow/example_dags/example_branch_labels.py
[2025-03-17T23:30:50.968+0000] {processor.py:914} INFO - Processing file /home/airflow/.local/lib/python3.12/site-packages/airflow/example_dags/example_branch_labels.py for tasks to queue
[2025-03-17T23:30:50.969+0000] {logging_mixin.py:190} INFO - [2025-03-17T23:30:50.969+0000] {dagbag.py:588} INFO - Filling up the DagBag from /home/airflow/.local/lib/python3.12/site-packages/airflow/example_dags/example_branch_labels.py
[2025-03-17T23:30:50.974+0000] {processor.py:925} INFO - DAG(s) 'example_branch_labels' retrieved from /home/airflow/.local/lib/python3.12/site-packages/airflow/example_dags/example_branch_labels.py
[2025-03-17T23:30:50.986+0000] {logging_mixin.py:190} INFO - [2025-03-17T23:30:50.985+0000] {dag.py:3239} INFO - Sync 1 DAGs
[2025-03-17T23:30:50.996+0000] {logging_mixin.py:190} INFO - [2025-03-17T23:30:50.996+0000] {dag.py:4180} INFO - Setting next_dagrun for example_branch_labels to 2025-03-16 00:00:00+00:00, run_after=2025-03-17 00:00:00+00:00
[2025-03-17T23:30:51.006+0000] {processor.py:208} INFO - Processing /home/airflow/.local/lib/python3.12/site-packages/airflow/example_dags/example_branch_labels.py took 0.042 seconds
[2025-03-17T23:31:21.523+0000] {processor.py:186} INFO - Started process (PID=5850) to work on /home/airflow/.local/lib/python3.12/site-packages/airflow/example_dags/example_branch_labels.py
[2025-03-17T23:31:21.524+0000] {processor.py:914} INFO - Processing file /home/airflow/.local/lib/python3.12/site-packages/airflow/example_dags/example_branch_labels.py for tasks to queue
[2025-03-17T23:31:21.525+0000] {logging_mixin.py:190} INFO - [2025-03-17T23:31:21.525+0000] {dagbag.py:588} INFO - Filling up the DagBag from /home/airflow/.local/lib/python3.12/site-packages/airflow/example_dags/example_branch_labels.py
[2025-03-17T23:31:21.530+0000] {processor.py:925} INFO - DAG(s) 'example_branch_labels' retrieved from /home/airflow/.local/lib/python3.12/site-packages/airflow/example_dags/example_branch_labels.py
[2025-03-17T23:31:21.543+0000] {logging_mixin.py:190} INFO - [2025-03-17T23:31:21.542+0000] {dag.py:3239} INFO - Sync 1 DAGs
[2025-03-17T23:31:21.554+0000] {logging_mixin.py:190} INFO - [2025-03-17T23:31:21.554+0000] {dag.py:4180} INFO - Setting next_dagrun for example_branch_labels to 2025-03-16 00:00:00+00:00, run_after=2025-03-17 00:00:00+00:00
[2025-03-17T23:31:21.563+0000] {processor.py:208} INFO - Processing /home/airflow/.local/lib/python3.12/site-packages/airflow/example_dags/example_branch_labels.py took 0.043 seconds
[2025-03-17T23:31:52.056+0000] {processor.py:186} INFO - Started process (PID=6141) to work on /home/airflow/.local/lib/python3.12/site-packages/airflow/example_dags/example_branch_labels.py
[2025-03-17T23:31:52.056+0000] {processor.py:914} INFO - Processing file /home/airflow/.local/lib/python3.12/site-packages/airflow/example_dags/example_branch_labels.py for tasks to queue
[2025-03-17T23:31:52.057+0000] {logging_mixin.py:190} INFO - [2025-03-17T23:31:52.057+0000] {dagbag.py:588} INFO - Filling up the DagBag from /home/airflow/.local/lib/python3.12/site-packages/airflow/example_dags/example_branch_labels.py
[2025-03-17T23:31:52.062+0000] {processor.py:925} INFO - DAG(s) 'example_branch_labels' retrieved from /home/airflow/.local/lib/python3.12/site-packages/airflow/example_dags/example_branch_labels.py
[2025-03-17T23:31:52.072+0000] {logging_mixin.py:190} INFO - [2025-03-17T23:31:52.072+0000] {dag.py:3239} INFO - Sync 1 DAGs
[2025-03-17T23:31:52.083+0000] {logging_mixin.py:190} INFO - [2025-03-17T23:31:52.083+0000] {dag.py:4180} INFO - Setting next_dagrun for example_branch_labels to 2025-03-16 00:00:00+00:00, run_after=2025-03-17 00:00:00+00:00
[2025-03-17T23:31:52.091+0000] {processor.py:208} INFO - Processing /home/airflow/.local/lib/python3.12/site-packages/airflow/example_dags/example_branch_labels.py took 0.039 seconds
[2025-03-17T23:32:22.617+0000] {processor.py:186} INFO - Started process (PID=6432) to work on /home/airflow/.local/lib/python3.12/site-packages/airflow/example_dags/example_branch_labels.py
[2025-03-17T23:32:22.618+0000] {processor.py:914} INFO - Processing file /home/airflow/.local/lib/python3.12/site-packages/airflow/example_dags/example_branch_labels.py for tasks to queue
[2025-03-17T23:32:22.619+0000] {logging_mixin.py:190} INFO - [2025-03-17T23:32:22.619+0000] {dagbag.py:588} INFO - Filling up the DagBag from /home/airflow/.local/lib/python3.12/site-packages/airflow/example_dags/example_branch_labels.py
[2025-03-17T23:32:22.624+0000] {processor.py:925} INFO - DAG(s) 'example_branch_labels' retrieved from /home/airflow/.local/lib/python3.12/site-packages/airflow/example_dags/example_branch_labels.py
[2025-03-17T23:32:22.633+0000] {logging_mixin.py:190} INFO - [2025-03-17T23:32:22.633+0000] {dag.py:3239} INFO - Sync 1 DAGs
[2025-03-17T23:32:22.644+0000] {logging_mixin.py:190} INFO - [2025-03-17T23:32:22.644+0000] {dag.py:4180} INFO - Setting next_dagrun for example_branch_labels to 2025-03-16 00:00:00+00:00, run_after=2025-03-17 00:00:00+00:00
[2025-03-17T23:32:22.653+0000] {processor.py:208} INFO - Processing /home/airflow/.local/lib/python3.12/site-packages/airflow/example_dags/example_branch_labels.py took 0.038 seconds
[2025-03-17T23:32:53.300+0000] {processor.py:186} INFO - Started process (PID=6723) to work on /home/airflow/.local/lib/python3.12/site-packages/airflow/example_dags/example_branch_labels.py
[2025-03-17T23:32:53.301+0000] {processor.py:914} INFO - Processing file /home/airflow/.local/lib/python3.12/site-packages/airflow/example_dags/example_branch_labels.py for tasks to queue
[2025-03-17T23:32:53.302+0000] {logging_mixin.py:190} INFO - [2025-03-17T23:32:53.302+0000] {dagbag.py:588} INFO - Filling up the DagBag from /home/airflow/.local/lib/python3.12/site-packages/airflow/example_dags/example_branch_labels.py
[2025-03-17T23:32:53.307+0000] {processor.py:925} INFO - DAG(s) 'example_branch_labels' retrieved from /home/airflow/.local/lib/python3.12/site-packages/airflow/example_dags/example_branch_labels.py
[2025-03-17T23:32:53.316+0000] {logging_mixin.py:190} INFO - [2025-03-17T23:32:53.316+0000] {dag.py:3239} INFO - Sync 1 DAGs
[2025-03-17T23:32:53.328+0000] {logging_mixin.py:190} INFO - [2025-03-17T23:32:53.328+0000] {dag.py:4180} INFO - Setting next_dagrun for example_branch_labels to 2025-03-16 00:00:00+00:00, run_after=2025-03-17 00:00:00+00:00
[2025-03-17T23:32:53.336+0000] {processor.py:208} INFO - Processing /home/airflow/.local/lib/python3.12/site-packages/airflow/example_dags/example_branch_labels.py took 0.039 seconds
[2025-03-17T23:33:23.956+0000] {processor.py:186} INFO - Started process (PID=7014) to work on /home/airflow/.local/lib/python3.12/site-packages/airflow/example_dags/example_branch_labels.py
[2025-03-17T23:33:23.957+0000] {processor.py:914} INFO - Processing file /home/airflow/.local/lib/python3.12/site-packages/airflow/example_dags/example_branch_labels.py for tasks to queue
[2025-03-17T23:33:23.958+0000] {logging_mixin.py:190} INFO - [2025-03-17T23:33:23.958+0000] {dagbag.py:588} INFO - Filling up the DagBag from /home/airflow/.local/lib/python3.12/site-packages/airflow/example_dags/example_branch_labels.py
[2025-03-17T23:33:23.963+0000] {processor.py:925} INFO - DAG(s) 'example_branch_labels' retrieved from /home/airflow/.local/lib/python3.12/site-packages/airflow/example_dags/example_branch_labels.py
[2025-03-17T23:33:23.975+0000] {logging_mixin.py:190} INFO - [2025-03-17T23:33:23.975+0000] {dag.py:3239} INFO - Sync 1 DAGs
[2025-03-17T23:33:23.987+0000] {logging_mixin.py:190} INFO - [2025-03-17T23:33:23.987+0000] {dag.py:4180} INFO - Setting next_dagrun for example_branch_labels to 2025-03-16 00:00:00+00:00, run_after=2025-03-17 00:00:00+00:00
[2025-03-17T23:33:23.995+0000] {processor.py:208} INFO - Processing /home/airflow/.local/lib/python3.12/site-packages/airflow/example_dags/example_branch_labels.py took 0.042 seconds
[2025-03-17T23:33:54.933+0000] {processor.py:186} INFO - Started process (PID=7305) to work on /home/airflow/.local/lib/python3.12/site-packages/airflow/example_dags/example_branch_labels.py
[2025-03-17T23:33:54.934+0000] {processor.py:914} INFO - Processing file /home/airflow/.local/lib/python3.12/site-packages/airflow/example_dags/example_branch_labels.py for tasks to queue
[2025-03-17T23:33:54.935+0000] {logging_mixin.py:190} INFO - [2025-03-17T23:33:54.935+0000] {dagbag.py:588} INFO - Filling up the DagBag from /home/airflow/.local/lib/python3.12/site-packages/airflow/example_dags/example_branch_labels.py
[2025-03-17T23:33:54.941+0000] {processor.py:925} INFO - DAG(s) 'example_branch_labels' retrieved from /home/airflow/.local/lib/python3.12/site-packages/airflow/example_dags/example_branch_labels.py
[2025-03-17T23:33:54.957+0000] {logging_mixin.py:190} INFO - [2025-03-17T23:33:54.957+0000] {dag.py:3239} INFO - Sync 1 DAGs
[2025-03-17T23:33:54.972+0000] {logging_mixin.py:190} INFO - [2025-03-17T23:33:54.972+0000] {dag.py:4180} INFO - Setting next_dagrun for example_branch_labels to 2025-03-16 00:00:00+00:00, run_after=2025-03-17 00:00:00+00:00
[2025-03-17T23:33:54.981+0000] {processor.py:208} INFO - Processing /home/airflow/.local/lib/python3.12/site-packages/airflow/example_dags/example_branch_labels.py took 0.051 seconds
[2025-03-17T23:34:25.847+0000] {processor.py:186} INFO - Started process (PID=7596) to work on /home/airflow/.local/lib/python3.12/site-packages/airflow/example_dags/example_branch_labels.py
[2025-03-17T23:34:25.848+0000] {processor.py:914} INFO - Processing file /home/airflow/.local/lib/python3.12/site-packages/airflow/example_dags/example_branch_labels.py for tasks to queue
[2025-03-17T23:34:25.850+0000] {logging_mixin.py:190} INFO - [2025-03-17T23:34:25.850+0000] {dagbag.py:588} INFO - Filling up the DagBag from /home/airflow/.local/lib/python3.12/site-packages/airflow/example_dags/example_branch_labels.py
[2025-03-17T23:34:25.856+0000] {processor.py:925} INFO - DAG(s) 'example_branch_labels' retrieved from /home/airflow/.local/lib/python3.12/site-packages/airflow/example_dags/example_branch_labels.py
[2025-03-17T23:34:25.867+0000] {logging_mixin.py:190} INFO - [2025-03-17T23:34:25.866+0000] {dag.py:3239} INFO - Sync 1 DAGs
[2025-03-17T23:34:25.879+0000] {logging_mixin.py:190} INFO - [2025-03-17T23:34:25.878+0000] {dag.py:4180} INFO - Setting next_dagrun for example_branch_labels to 2025-03-16 00:00:00+00:00, run_after=2025-03-17 00:00:00+00:00
[2025-03-17T23:34:25.887+0000] {processor.py:208} INFO - Processing /home/airflow/.local/lib/python3.12/site-packages/airflow/example_dags/example_branch_labels.py took 0.043 seconds
[2025-03-17T23:34:57.100+0000] {processor.py:186} INFO - Started process (PID=7926) to work on /home/airflow/.local/lib/python3.12/site-packages/airflow/example_dags/example_branch_labels.py
[2025-03-17T23:34:57.101+0000] {processor.py:914} INFO - Processing file /home/airflow/.local/lib/python3.12/site-packages/airflow/example_dags/example_branch_labels.py for tasks to queue
[2025-03-17T23:34:57.103+0000] {logging_mixin.py:190} INFO - [2025-03-17T23:34:57.103+0000] {dagbag.py:588} INFO - Filling up the DagBag from /home/airflow/.local/lib/python3.12/site-packages/airflow/example_dags/example_branch_labels.py
[2025-03-17T23:34:57.108+0000] {processor.py:925} INFO - DAG(s) 'example_branch_labels' retrieved from /home/airflow/.local/lib/python3.12/site-packages/airflow/example_dags/example_branch_labels.py
[2025-03-17T23:34:57.118+0000] {logging_mixin.py:190} INFO - [2025-03-17T23:34:57.118+0000] {dag.py:3239} INFO - Sync 1 DAGs
[2025-03-17T23:34:57.136+0000] {logging_mixin.py:190} INFO - [2025-03-17T23:34:57.136+0000] {dag.py:4180} INFO - Setting next_dagrun for example_branch_labels to 2025-03-16 00:00:00+00:00, run_after=2025-03-17 00:00:00+00:00
[2025-03-17T23:34:57.146+0000] {processor.py:208} INFO - Processing /home/airflow/.local/lib/python3.12/site-packages/airflow/example_dags/example_branch_labels.py took 0.050 seconds
[2025-03-17T23:35:27.943+0000] {processor.py:186} INFO - Started process (PID=8217) to work on /home/airflow/.local/lib/python3.12/site-packages/airflow/example_dags/example_branch_labels.py
[2025-03-17T23:35:27.943+0000] {processor.py:914} INFO - Processing file /home/airflow/.local/lib/python3.12/site-packages/airflow/example_dags/example_branch_labels.py for tasks to queue
[2025-03-17T23:35:27.944+0000] {logging_mixin.py:190} INFO - [2025-03-17T23:35:27.944+0000] {dagbag.py:588} INFO - Filling up the DagBag from /home/airflow/.local/lib/python3.12/site-packages/airflow/example_dags/example_branch_labels.py
[2025-03-17T23:35:27.949+0000] {processor.py:925} INFO - DAG(s) 'example_branch_labels' retrieved from /home/airflow/.local/lib/python3.12/site-packages/airflow/example_dags/example_branch_labels.py
[2025-03-17T23:35:27.959+0000] {logging_mixin.py:190} INFO - [2025-03-17T23:35:27.959+0000] {dag.py:3239} INFO - Sync 1 DAGs
[2025-03-17T23:35:27.970+0000] {logging_mixin.py:190} INFO - [2025-03-17T23:35:27.970+0000] {dag.py:4180} INFO - Setting next_dagrun for example_branch_labels to 2025-03-16 00:00:00+00:00, run_after=2025-03-17 00:00:00+00:00
[2025-03-17T23:35:27.978+0000] {processor.py:208} INFO - Processing /home/airflow/.local/lib/python3.12/site-packages/airflow/example_dags/example_branch_labels.py took 0.039 seconds
[2025-03-17T23:35:58.996+0000] {processor.py:186} INFO - Started process (PID=8508) to work on /home/airflow/.local/lib/python3.12/site-packages/airflow/example_dags/example_branch_labels.py
[2025-03-17T23:35:58.997+0000] {processor.py:914} INFO - Processing file /home/airflow/.local/lib/python3.12/site-packages/airflow/example_dags/example_branch_labels.py for tasks to queue
[2025-03-17T23:35:59.000+0000] {logging_mixin.py:190} INFO - [2025-03-17T23:35:59.000+0000] {dagbag.py:588} INFO - Filling up the DagBag from /home/airflow/.local/lib/python3.12/site-packages/airflow/example_dags/example_branch_labels.py
[2025-03-17T23:35:59.015+0000] {processor.py:925} INFO - DAG(s) 'example_branch_labels' retrieved from /home/airflow/.local/lib/python3.12/site-packages/airflow/example_dags/example_branch_labels.py
[2025-03-17T23:35:59.034+0000] {logging_mixin.py:190} INFO - [2025-03-17T23:35:59.034+0000] {dag.py:3239} INFO - Sync 1 DAGs
[2025-03-17T23:35:59.065+0000] {logging_mixin.py:190} INFO - [2025-03-17T23:35:59.065+0000] {dag.py:4180} INFO - Setting next_dagrun for example_branch_labels to 2025-03-16 00:00:00+00:00, run_after=2025-03-17 00:00:00+00:00
[2025-03-17T23:35:59.078+0000] {processor.py:208} INFO - Processing /home/airflow/.local/lib/python3.12/site-packages/airflow/example_dags/example_branch_labels.py took 0.085 seconds
[2025-03-17T23:36:30.407+0000] {processor.py:186} INFO - Started process (PID=8799) to work on /home/airflow/.local/lib/python3.12/site-packages/airflow/example_dags/example_branch_labels.py
[2025-03-17T23:36:30.408+0000] {processor.py:914} INFO - Processing file /home/airflow/.local/lib/python3.12/site-packages/airflow/example_dags/example_branch_labels.py for tasks to queue
[2025-03-17T23:36:30.409+0000] {logging_mixin.py:190} INFO - [2025-03-17T23:36:30.409+0000] {dagbag.py:588} INFO - Filling up the DagBag from /home/airflow/.local/lib/python3.12/site-packages/airflow/example_dags/example_branch_labels.py
[2025-03-17T23:36:30.414+0000] {processor.py:925} INFO - DAG(s) 'example_branch_labels' retrieved from /home/airflow/.local/lib/python3.12/site-packages/airflow/example_dags/example_branch_labels.py
[2025-03-17T23:36:30.425+0000] {logging_mixin.py:190} INFO - [2025-03-17T23:36:30.425+0000] {dag.py:3239} INFO - Sync 1 DAGs
[2025-03-17T23:36:30.439+0000] {logging_mixin.py:190} INFO - [2025-03-17T23:36:30.438+0000] {dag.py:4180} INFO - Setting next_dagrun for example_branch_labels to 2025-03-16 00:00:00+00:00, run_after=2025-03-17 00:00:00+00:00
[2025-03-17T23:36:30.448+0000] {processor.py:208} INFO - Processing /home/airflow/.local/lib/python3.12/site-packages/airflow/example_dags/example_branch_labels.py took 0.044 seconds
[2025-03-17T23:37:01.811+0000] {processor.py:186} INFO - Started process (PID=9090) to work on /home/airflow/.local/lib/python3.12/site-packages/airflow/example_dags/example_branch_labels.py
[2025-03-17T23:37:01.812+0000] {processor.py:914} INFO - Processing file /home/airflow/.local/lib/python3.12/site-packages/airflow/example_dags/example_branch_labels.py for tasks to queue
[2025-03-17T23:37:01.814+0000] {logging_mixin.py:190} INFO - [2025-03-17T23:37:01.813+0000] {dagbag.py:588} INFO - Filling up the DagBag from /home/airflow/.local/lib/python3.12/site-packages/airflow/example_dags/example_branch_labels.py
[2025-03-17T23:37:01.819+0000] {processor.py:925} INFO - DAG(s) 'example_branch_labels' retrieved from /home/airflow/.local/lib/python3.12/site-packages/airflow/example_dags/example_branch_labels.py
[2025-03-17T23:37:01.832+0000] {logging_mixin.py:190} INFO - [2025-03-17T23:37:01.832+0000] {dag.py:3239} INFO - Sync 1 DAGs
[2025-03-17T23:37:01.845+0000] {logging_mixin.py:190} INFO - [2025-03-17T23:37:01.845+0000] {dag.py:4180} INFO - Setting next_dagrun for example_branch_labels to 2025-03-16 00:00:00+00:00, run_after=2025-03-17 00:00:00+00:00
[2025-03-17T23:37:01.854+0000] {processor.py:208} INFO - Processing /home/airflow/.local/lib/python3.12/site-packages/airflow/example_dags/example_branch_labels.py took 0.046 seconds
[2025-03-17T23:37:33.395+0000] {processor.py:186} INFO - Started process (PID=9387) to work on /home/airflow/.local/lib/python3.12/site-packages/airflow/example_dags/example_branch_labels.py
[2025-03-17T23:37:33.396+0000] {processor.py:914} INFO - Processing file /home/airflow/.local/lib/python3.12/site-packages/airflow/example_dags/example_branch_labels.py for tasks to queue
[2025-03-17T23:37:33.397+0000] {logging_mixin.py:190} INFO - [2025-03-17T23:37:33.397+0000] {dagbag.py:588} INFO - Filling up the DagBag from /home/airflow/.local/lib/python3.12/site-packages/airflow/example_dags/example_branch_labels.py
[2025-03-17T23:37:33.403+0000] {processor.py:925} INFO - DAG(s) 'example_branch_labels' retrieved from /home/airflow/.local/lib/python3.12/site-packages/airflow/example_dags/example_branch_labels.py
[2025-03-17T23:37:33.415+0000] {logging_mixin.py:190} INFO - [2025-03-17T23:37:33.415+0000] {dag.py:3239} INFO - Sync 1 DAGs
[2025-03-17T23:37:33.428+0000] {logging_mixin.py:190} INFO - [2025-03-17T23:37:33.428+0000] {dag.py:4180} INFO - Setting next_dagrun for example_branch_labels to 2025-03-16 00:00:00+00:00, run_after=2025-03-17 00:00:00+00:00
[2025-03-17T23:37:33.438+0000] {processor.py:208} INFO - Processing /home/airflow/.local/lib/python3.12/site-packages/airflow/example_dags/example_branch_labels.py took 0.046 seconds
