[2025-03-17T23:21:32.424+0000] {processor.py:186} INFO - Started process (PID=252) to work on /home/airflow/.local/lib/python3.12/site-packages/airflow/example_dags/example_branch_python_dop_operator_3.py
[2025-03-17T23:21:32.424+0000] {processor.py:914} INFO - Processing file /home/airflow/.local/lib/python3.12/site-packages/airflow/example_dags/example_branch_python_dop_operator_3.py for tasks to queue
[2025-03-17T23:21:32.426+0000] {logging_mixin.py:190} INFO - [2025-03-17T23:21:32.426+0000] {dagbag.py:588} INFO - Filling up the DagBag from /home/airflow/.local/lib/python3.12/site-packages/airflow/example_dags/example_branch_python_dop_operator_3.py
[2025-03-17T23:21:32.435+0000] {processor.py:925} INFO - DAG(s) 'example_branch_dop_operator_v3' retrieved from /home/airflow/.local/lib/python3.12/site-packages/airflow/example_dags/example_branch_python_dop_operator_3.py
[2025-03-17T23:21:32.540+0000] {logging_mixin.py:190} INFO - [2025-03-17T23:21:32.540+0000] {override.py:1912} INFO - Created Permission View: can edit on DAG:example_branch_dop_operator_v3
[2025-03-17T23:21:32.549+0000] {logging_mixin.py:190} INFO - [2025-03-17T23:21:32.549+0000] {override.py:1912} INFO - Created Permission View: can read on DAG:example_branch_dop_operator_v3
[2025-03-17T23:21:32.553+0000] {logging_mixin.py:190} INFO - [2025-03-17T23:21:32.553+0000] {override.py:1912} INFO - Created Permission View: can delete on DAG:example_branch_dop_operator_v3
[2025-03-17T23:21:32.559+0000] {logging_mixin.py:190} INFO - [2025-03-17T23:21:32.559+0000] {override.py:1912} INFO - Created Permission View: can create on DAG Run:example_branch_dop_operator_v3
[2025-03-17T23:21:32.563+0000] {logging_mixin.py:190} INFO - [2025-03-17T23:21:32.563+0000] {override.py:1912} INFO - Created Permission View: menu access on DAG Run:example_branch_dop_operator_v3
[2025-03-17T23:21:32.567+0000] {logging_mixin.py:190} INFO - [2025-03-17T23:21:32.566+0000] {override.py:1912} INFO - Created Permission View: can read on DAG Run:example_branch_dop_operator_v3
[2025-03-17T23:21:32.571+0000] {logging_mixin.py:190} INFO - [2025-03-17T23:21:32.571+0000] {override.py:1912} INFO - Created Permission View: can delete on DAG Run:example_branch_dop_operator_v3
[2025-03-17T23:21:32.572+0000] {logging_mixin.py:190} INFO - [2025-03-17T23:21:32.572+0000] {dag.py:3239} INFO - Sync 1 DAGs
[2025-03-17T23:21:32.581+0000] {logging_mixin.py:190} INFO - [2025-03-17T23:21:32.581+0000] {dag.py:3262} INFO - Creating ORM DAG for example_branch_dop_operator_v3
[2025-03-17T23:21:32.592+0000] {logging_mixin.py:190} INFO - [2025-03-17T23:21:32.592+0000] {dag.py:4180} INFO - Setting next_dagrun for example_branch_dop_operator_v3 to 2025-03-17 23:20:00+00:00, run_after=2025-03-17 23:21:00+00:00
[2025-03-17T23:21:32.603+0000] {processor.py:208} INFO - Processing /home/airflow/.local/lib/python3.12/site-packages/airflow/example_dags/example_branch_python_dop_operator_3.py took 0.185 seconds
[2025-03-17T23:22:03.253+0000] {processor.py:186} INFO - Started process (PID=543) to work on /home/airflow/.local/lib/python3.12/site-packages/airflow/example_dags/example_branch_python_dop_operator_3.py
[2025-03-17T23:22:03.254+0000] {processor.py:914} INFO - Processing file /home/airflow/.local/lib/python3.12/site-packages/airflow/example_dags/example_branch_python_dop_operator_3.py for tasks to queue
[2025-03-17T23:22:03.255+0000] {logging_mixin.py:190} INFO - [2025-03-17T23:22:03.255+0000] {dagbag.py:588} INFO - Filling up the DagBag from /home/airflow/.local/lib/python3.12/site-packages/airflow/example_dags/example_branch_python_dop_operator_3.py
[2025-03-17T23:22:03.262+0000] {processor.py:925} INFO - DAG(s) 'example_branch_dop_operator_v3' retrieved from /home/airflow/.local/lib/python3.12/site-packages/airflow/example_dags/example_branch_python_dop_operator_3.py
[2025-03-17T23:22:03.270+0000] {logging_mixin.py:190} INFO - [2025-03-17T23:22:03.270+0000] {dag.py:3239} INFO - Sync 1 DAGs
[2025-03-17T23:22:03.280+0000] {logging_mixin.py:190} INFO - [2025-03-17T23:22:03.280+0000] {dag.py:4180} INFO - Setting next_dagrun for example_branch_dop_operator_v3 to 2025-03-17 23:21:00+00:00, run_after=2025-03-17 23:22:00+00:00
[2025-03-17T23:22:03.287+0000] {processor.py:208} INFO - Processing /home/airflow/.local/lib/python3.12/site-packages/airflow/example_dags/example_branch_python_dop_operator_3.py took 0.037 seconds
[2025-03-17T23:22:33.479+0000] {processor.py:186} INFO - Started process (PID=834) to work on /home/airflow/.local/lib/python3.12/site-packages/airflow/example_dags/example_branch_python_dop_operator_3.py
[2025-03-17T23:22:33.480+0000] {processor.py:914} INFO - Processing file /home/airflow/.local/lib/python3.12/site-packages/airflow/example_dags/example_branch_python_dop_operator_3.py for tasks to queue
[2025-03-17T23:22:33.481+0000] {logging_mixin.py:190} INFO - [2025-03-17T23:22:33.481+0000] {dagbag.py:588} INFO - Filling up the DagBag from /home/airflow/.local/lib/python3.12/site-packages/airflow/example_dags/example_branch_python_dop_operator_3.py
[2025-03-17T23:22:33.489+0000] {processor.py:925} INFO - DAG(s) 'example_branch_dop_operator_v3' retrieved from /home/airflow/.local/lib/python3.12/site-packages/airflow/example_dags/example_branch_python_dop_operator_3.py
[2025-03-17T23:22:33.500+0000] {logging_mixin.py:190} INFO - [2025-03-17T23:22:33.500+0000] {dag.py:3239} INFO - Sync 1 DAGs
[2025-03-17T23:22:33.512+0000] {logging_mixin.py:190} INFO - [2025-03-17T23:22:33.512+0000] {dag.py:4180} INFO - Setting next_dagrun for example_branch_dop_operator_v3 to 2025-03-17 23:21:00+00:00, run_after=2025-03-17 23:22:00+00:00
[2025-03-17T23:22:33.519+0000] {processor.py:208} INFO - Processing /home/airflow/.local/lib/python3.12/site-packages/airflow/example_dags/example_branch_python_dop_operator_3.py took 0.044 seconds
[2025-03-17T23:23:04.480+0000] {processor.py:186} INFO - Started process (PID=1125) to work on /home/airflow/.local/lib/python3.12/site-packages/airflow/example_dags/example_branch_python_dop_operator_3.py
[2025-03-17T23:23:04.480+0000] {processor.py:914} INFO - Processing file /home/airflow/.local/lib/python3.12/site-packages/airflow/example_dags/example_branch_python_dop_operator_3.py for tasks to queue
[2025-03-17T23:23:04.482+0000] {logging_mixin.py:190} INFO - [2025-03-17T23:23:04.481+0000] {dagbag.py:588} INFO - Filling up the DagBag from /home/airflow/.local/lib/python3.12/site-packages/airflow/example_dags/example_branch_python_dop_operator_3.py
[2025-03-17T23:23:04.487+0000] {processor.py:925} INFO - DAG(s) 'example_branch_dop_operator_v3' retrieved from /home/airflow/.local/lib/python3.12/site-packages/airflow/example_dags/example_branch_python_dop_operator_3.py
[2025-03-17T23:23:04.496+0000] {logging_mixin.py:190} INFO - [2025-03-17T23:23:04.496+0000] {dag.py:3239} INFO - Sync 1 DAGs
[2025-03-17T23:23:04.508+0000] {logging_mixin.py:190} INFO - [2025-03-17T23:23:04.508+0000] {dag.py:4180} INFO - Setting next_dagrun for example_branch_dop_operator_v3 to 2025-03-17 23:22:00+00:00, run_after=2025-03-17 23:23:00+00:00
[2025-03-17T23:23:04.515+0000] {processor.py:208} INFO - Processing /home/airflow/.local/lib/python3.12/site-packages/airflow/example_dags/example_branch_python_dop_operator_3.py took 0.039 seconds
[2025-03-17T23:23:35.462+0000] {processor.py:186} INFO - Started process (PID=1416) to work on /home/airflow/.local/lib/python3.12/site-packages/airflow/example_dags/example_branch_python_dop_operator_3.py
[2025-03-17T23:23:35.463+0000] {processor.py:914} INFO - Processing file /home/airflow/.local/lib/python3.12/site-packages/airflow/example_dags/example_branch_python_dop_operator_3.py for tasks to queue
[2025-03-17T23:23:35.464+0000] {logging_mixin.py:190} INFO - [2025-03-17T23:23:35.464+0000] {dagbag.py:588} INFO - Filling up the DagBag from /home/airflow/.local/lib/python3.12/site-packages/airflow/example_dags/example_branch_python_dop_operator_3.py
[2025-03-17T23:23:35.470+0000] {processor.py:925} INFO - DAG(s) 'example_branch_dop_operator_v3' retrieved from /home/airflow/.local/lib/python3.12/site-packages/airflow/example_dags/example_branch_python_dop_operator_3.py
[2025-03-17T23:23:35.478+0000] {logging_mixin.py:190} INFO - [2025-03-17T23:23:35.478+0000] {dag.py:3239} INFO - Sync 1 DAGs
[2025-03-17T23:23:35.490+0000] {logging_mixin.py:190} INFO - [2025-03-17T23:23:35.490+0000] {dag.py:4180} INFO - Setting next_dagrun for example_branch_dop_operator_v3 to 2025-03-17 23:22:00+00:00, run_after=2025-03-17 23:23:00+00:00
[2025-03-17T23:23:35.498+0000] {processor.py:208} INFO - Processing /home/airflow/.local/lib/python3.12/site-packages/airflow/example_dags/example_branch_python_dop_operator_3.py took 0.039 seconds
[2025-03-17T23:24:05.591+0000] {processor.py:186} INFO - Started process (PID=1707) to work on /home/airflow/.local/lib/python3.12/site-packages/airflow/example_dags/example_branch_python_dop_operator_3.py
[2025-03-17T23:24:05.591+0000] {processor.py:914} INFO - Processing file /home/airflow/.local/lib/python3.12/site-packages/airflow/example_dags/example_branch_python_dop_operator_3.py for tasks to queue
[2025-03-17T23:24:05.593+0000] {logging_mixin.py:190} INFO - [2025-03-17T23:24:05.593+0000] {dagbag.py:588} INFO - Filling up the DagBag from /home/airflow/.local/lib/python3.12/site-packages/airflow/example_dags/example_branch_python_dop_operator_3.py
[2025-03-17T23:24:05.599+0000] {processor.py:925} INFO - DAG(s) 'example_branch_dop_operator_v3' retrieved from /home/airflow/.local/lib/python3.12/site-packages/airflow/example_dags/example_branch_python_dop_operator_3.py
[2025-03-17T23:24:05.608+0000] {logging_mixin.py:190} INFO - [2025-03-17T23:24:05.608+0000] {dag.py:3239} INFO - Sync 1 DAGs
[2025-03-17T23:24:05.619+0000] {logging_mixin.py:190} INFO - [2025-03-17T23:24:05.619+0000] {dag.py:4180} INFO - Setting next_dagrun for example_branch_dop_operator_v3 to 2025-03-17 23:23:00+00:00, run_after=2025-03-17 23:24:00+00:00
[2025-03-17T23:24:05.640+0000] {processor.py:208} INFO - Processing /home/airflow/.local/lib/python3.12/site-packages/airflow/example_dags/example_branch_python_dop_operator_3.py took 0.052 seconds
[2025-03-17T23:24:36.601+0000] {processor.py:186} INFO - Started process (PID=1997) to work on /home/airflow/.local/lib/python3.12/site-packages/airflow/example_dags/example_branch_python_dop_operator_3.py
[2025-03-17T23:24:36.603+0000] {processor.py:914} INFO - Processing file /home/airflow/.local/lib/python3.12/site-packages/airflow/example_dags/example_branch_python_dop_operator_3.py for tasks to queue
[2025-03-17T23:24:36.604+0000] {logging_mixin.py:190} INFO - [2025-03-17T23:24:36.604+0000] {dagbag.py:588} INFO - Filling up the DagBag from /home/airflow/.local/lib/python3.12/site-packages/airflow/example_dags/example_branch_python_dop_operator_3.py
[2025-03-17T23:24:36.610+0000] {processor.py:925} INFO - DAG(s) 'example_branch_dop_operator_v3' retrieved from /home/airflow/.local/lib/python3.12/site-packages/airflow/example_dags/example_branch_python_dop_operator_3.py
[2025-03-17T23:24:36.620+0000] {logging_mixin.py:190} INFO - [2025-03-17T23:24:36.620+0000] {dag.py:3239} INFO - Sync 1 DAGs
[2025-03-17T23:24:36.631+0000] {logging_mixin.py:190} INFO - [2025-03-17T23:24:36.631+0000] {dag.py:4180} INFO - Setting next_dagrun for example_branch_dop_operator_v3 to 2025-03-17 23:23:00+00:00, run_after=2025-03-17 23:24:00+00:00
[2025-03-17T23:24:36.638+0000] {processor.py:208} INFO - Processing /home/airflow/.local/lib/python3.12/site-packages/airflow/example_dags/example_branch_python_dop_operator_3.py took 0.040 seconds
[2025-03-17T23:25:06.957+0000] {processor.py:186} INFO - Started process (PID=2288) to work on /home/airflow/.local/lib/python3.12/site-packages/airflow/example_dags/example_branch_python_dop_operator_3.py
[2025-03-17T23:25:06.958+0000] {processor.py:914} INFO - Processing file /home/airflow/.local/lib/python3.12/site-packages/airflow/example_dags/example_branch_python_dop_operator_3.py for tasks to queue
[2025-03-17T23:25:06.959+0000] {logging_mixin.py:190} INFO - [2025-03-17T23:25:06.959+0000] {dagbag.py:588} INFO - Filling up the DagBag from /home/airflow/.local/lib/python3.12/site-packages/airflow/example_dags/example_branch_python_dop_operator_3.py
[2025-03-17T23:25:06.965+0000] {processor.py:925} INFO - DAG(s) 'example_branch_dop_operator_v3' retrieved from /home/airflow/.local/lib/python3.12/site-packages/airflow/example_dags/example_branch_python_dop_operator_3.py
[2025-03-17T23:25:06.976+0000] {logging_mixin.py:190} INFO - [2025-03-17T23:25:06.976+0000] {dag.py:3239} INFO - Sync 1 DAGs
[2025-03-17T23:25:06.987+0000] {logging_mixin.py:190} INFO - [2025-03-17T23:25:06.987+0000] {dag.py:4180} INFO - Setting next_dagrun for example_branch_dop_operator_v3 to 2025-03-17 23:24:00+00:00, run_after=2025-03-17 23:25:00+00:00
[2025-03-17T23:25:06.995+0000] {processor.py:208} INFO - Processing /home/airflow/.local/lib/python3.12/site-packages/airflow/example_dags/example_branch_python_dop_operator_3.py took 0.041 seconds
[2025-03-17T23:25:37.075+0000] {processor.py:186} INFO - Started process (PID=2579) to work on /home/airflow/.local/lib/python3.12/site-packages/airflow/example_dags/example_branch_python_dop_operator_3.py
[2025-03-17T23:25:37.076+0000] {processor.py:914} INFO - Processing file /home/airflow/.local/lib/python3.12/site-packages/airflow/example_dags/example_branch_python_dop_operator_3.py for tasks to queue
[2025-03-17T23:25:37.077+0000] {logging_mixin.py:190} INFO - [2025-03-17T23:25:37.077+0000] {dagbag.py:588} INFO - Filling up the DagBag from /home/airflow/.local/lib/python3.12/site-packages/airflow/example_dags/example_branch_python_dop_operator_3.py
[2025-03-17T23:25:37.082+0000] {processor.py:925} INFO - DAG(s) 'example_branch_dop_operator_v3' retrieved from /home/airflow/.local/lib/python3.12/site-packages/airflow/example_dags/example_branch_python_dop_operator_3.py
[2025-03-17T23:25:37.092+0000] {logging_mixin.py:190} INFO - [2025-03-17T23:25:37.091+0000] {dag.py:3239} INFO - Sync 1 DAGs
[2025-03-17T23:25:37.104+0000] {logging_mixin.py:190} INFO - [2025-03-17T23:25:37.104+0000] {dag.py:4180} INFO - Setting next_dagrun for example_branch_dop_operator_v3 to 2025-03-17 23:24:00+00:00, run_after=2025-03-17 23:25:00+00:00
[2025-03-17T23:25:37.112+0000] {processor.py:208} INFO - Processing /home/airflow/.local/lib/python3.12/site-packages/airflow/example_dags/example_branch_python_dop_operator_3.py took 0.040 seconds
[2025-03-17T23:26:07.503+0000] {processor.py:186} INFO - Started process (PID=2870) to work on /home/airflow/.local/lib/python3.12/site-packages/airflow/example_dags/example_branch_python_dop_operator_3.py
[2025-03-17T23:26:07.504+0000] {processor.py:914} INFO - Processing file /home/airflow/.local/lib/python3.12/site-packages/airflow/example_dags/example_branch_python_dop_operator_3.py for tasks to queue
[2025-03-17T23:26:07.506+0000] {logging_mixin.py:190} INFO - [2025-03-17T23:26:07.506+0000] {dagbag.py:588} INFO - Filling up the DagBag from /home/airflow/.local/lib/python3.12/site-packages/airflow/example_dags/example_branch_python_dop_operator_3.py
[2025-03-17T23:26:07.511+0000] {processor.py:925} INFO - DAG(s) 'example_branch_dop_operator_v3' retrieved from /home/airflow/.local/lib/python3.12/site-packages/airflow/example_dags/example_branch_python_dop_operator_3.py
[2025-03-17T23:26:07.520+0000] {logging_mixin.py:190} INFO - [2025-03-17T23:26:07.520+0000] {dag.py:3239} INFO - Sync 1 DAGs
[2025-03-17T23:26:07.531+0000] {logging_mixin.py:190} INFO - [2025-03-17T23:26:07.531+0000] {dag.py:4180} INFO - Setting next_dagrun for example_branch_dop_operator_v3 to 2025-03-17 23:25:00+00:00, run_after=2025-03-17 23:26:00+00:00
[2025-03-17T23:26:07.538+0000] {processor.py:208} INFO - Processing /home/airflow/.local/lib/python3.12/site-packages/airflow/example_dags/example_branch_python_dop_operator_3.py took 0.038 seconds
[2025-03-17T23:26:38.271+0000] {processor.py:186} INFO - Started process (PID=3161) to work on /home/airflow/.local/lib/python3.12/site-packages/airflow/example_dags/example_branch_python_dop_operator_3.py
[2025-03-17T23:26:38.272+0000] {processor.py:914} INFO - Processing file /home/airflow/.local/lib/python3.12/site-packages/airflow/example_dags/example_branch_python_dop_operator_3.py for tasks to queue
[2025-03-17T23:26:38.273+0000] {logging_mixin.py:190} INFO - [2025-03-17T23:26:38.273+0000] {dagbag.py:588} INFO - Filling up the DagBag from /home/airflow/.local/lib/python3.12/site-packages/airflow/example_dags/example_branch_python_dop_operator_3.py
[2025-03-17T23:26:38.279+0000] {processor.py:925} INFO - DAG(s) 'example_branch_dop_operator_v3' retrieved from /home/airflow/.local/lib/python3.12/site-packages/airflow/example_dags/example_branch_python_dop_operator_3.py
[2025-03-17T23:26:38.287+0000] {logging_mixin.py:190} INFO - [2025-03-17T23:26:38.287+0000] {dag.py:3239} INFO - Sync 1 DAGs
[2025-03-17T23:26:38.299+0000] {logging_mixin.py:190} INFO - [2025-03-17T23:26:38.298+0000] {dag.py:4180} INFO - Setting next_dagrun for example_branch_dop_operator_v3 to 2025-03-17 23:25:00+00:00, run_after=2025-03-17 23:26:00+00:00
[2025-03-17T23:26:38.306+0000] {processor.py:208} INFO - Processing /home/airflow/.local/lib/python3.12/site-packages/airflow/example_dags/example_branch_python_dop_operator_3.py took 0.037 seconds
[2025-03-17T23:27:09.218+0000] {processor.py:186} INFO - Started process (PID=3452) to work on /home/airflow/.local/lib/python3.12/site-packages/airflow/example_dags/example_branch_python_dop_operator_3.py
[2025-03-17T23:27:09.219+0000] {processor.py:914} INFO - Processing file /home/airflow/.local/lib/python3.12/site-packages/airflow/example_dags/example_branch_python_dop_operator_3.py for tasks to queue
[2025-03-17T23:27:09.220+0000] {logging_mixin.py:190} INFO - [2025-03-17T23:27:09.220+0000] {dagbag.py:588} INFO - Filling up the DagBag from /home/airflow/.local/lib/python3.12/site-packages/airflow/example_dags/example_branch_python_dop_operator_3.py
[2025-03-17T23:27:09.225+0000] {processor.py:925} INFO - DAG(s) 'example_branch_dop_operator_v3' retrieved from /home/airflow/.local/lib/python3.12/site-packages/airflow/example_dags/example_branch_python_dop_operator_3.py
[2025-03-17T23:27:09.234+0000] {logging_mixin.py:190} INFO - [2025-03-17T23:27:09.234+0000] {dag.py:3239} INFO - Sync 1 DAGs
[2025-03-17T23:27:09.246+0000] {logging_mixin.py:190} INFO - [2025-03-17T23:27:09.245+0000] {dag.py:4180} INFO - Setting next_dagrun for example_branch_dop_operator_v3 to 2025-03-17 23:26:00+00:00, run_after=2025-03-17 23:27:00+00:00
[2025-03-17T23:27:09.254+0000] {processor.py:208} INFO - Processing /home/airflow/.local/lib/python3.12/site-packages/airflow/example_dags/example_branch_python_dop_operator_3.py took 0.039 seconds
[2025-03-17T23:27:40.123+0000] {processor.py:186} INFO - Started process (PID=3743) to work on /home/airflow/.local/lib/python3.12/site-packages/airflow/example_dags/example_branch_python_dop_operator_3.py
[2025-03-17T23:27:40.124+0000] {processor.py:914} INFO - Processing file /home/airflow/.local/lib/python3.12/site-packages/airflow/example_dags/example_branch_python_dop_operator_3.py for tasks to queue
[2025-03-17T23:27:40.126+0000] {logging_mixin.py:190} INFO - [2025-03-17T23:27:40.126+0000] {dagbag.py:588} INFO - Filling up the DagBag from /home/airflow/.local/lib/python3.12/site-packages/airflow/example_dags/example_branch_python_dop_operator_3.py
[2025-03-17T23:27:40.133+0000] {processor.py:925} INFO - DAG(s) 'example_branch_dop_operator_v3' retrieved from /home/airflow/.local/lib/python3.12/site-packages/airflow/example_dags/example_branch_python_dop_operator_3.py
[2025-03-17T23:27:40.141+0000] {logging_mixin.py:190} INFO - [2025-03-17T23:27:40.141+0000] {dag.py:3239} INFO - Sync 1 DAGs
[2025-03-17T23:27:40.152+0000] {logging_mixin.py:190} INFO - [2025-03-17T23:27:40.152+0000] {dag.py:4180} INFO - Setting next_dagrun for example_branch_dop_operator_v3 to 2025-03-17 23:26:00+00:00, run_after=2025-03-17 23:27:00+00:00
[2025-03-17T23:27:40.159+0000] {processor.py:208} INFO - Processing /home/airflow/.local/lib/python3.12/site-packages/airflow/example_dags/example_branch_python_dop_operator_3.py took 0.039 seconds
[2025-03-17T23:28:10.887+0000] {processor.py:186} INFO - Started process (PID=4036) to work on /home/airflow/.local/lib/python3.12/site-packages/airflow/example_dags/example_branch_python_dop_operator_3.py
[2025-03-17T23:28:10.888+0000] {processor.py:914} INFO - Processing file /home/airflow/.local/lib/python3.12/site-packages/airflow/example_dags/example_branch_python_dop_operator_3.py for tasks to queue
[2025-03-17T23:28:10.889+0000] {logging_mixin.py:190} INFO - [2025-03-17T23:28:10.889+0000] {dagbag.py:588} INFO - Filling up the DagBag from /home/airflow/.local/lib/python3.12/site-packages/airflow/example_dags/example_branch_python_dop_operator_3.py
[2025-03-17T23:28:10.894+0000] {processor.py:925} INFO - DAG(s) 'example_branch_dop_operator_v3' retrieved from /home/airflow/.local/lib/python3.12/site-packages/airflow/example_dags/example_branch_python_dop_operator_3.py
[2025-03-17T23:28:10.902+0000] {logging_mixin.py:190} INFO - [2025-03-17T23:28:10.902+0000] {dag.py:3239} INFO - Sync 1 DAGs
[2025-03-17T23:28:10.912+0000] {logging_mixin.py:190} INFO - [2025-03-17T23:28:10.912+0000] {dag.py:4180} INFO - Setting next_dagrun for example_branch_dop_operator_v3 to 2025-03-17 23:27:00+00:00, run_after=2025-03-17 23:28:00+00:00
[2025-03-17T23:28:10.919+0000] {processor.py:208} INFO - Processing /home/airflow/.local/lib/python3.12/site-packages/airflow/example_dags/example_branch_python_dop_operator_3.py took 0.035 seconds
[2025-03-17T23:28:41.703+0000] {processor.py:186} INFO - Started process (PID=4325) to work on /home/airflow/.local/lib/python3.12/site-packages/airflow/example_dags/example_branch_python_dop_operator_3.py
[2025-03-17T23:28:41.704+0000] {processor.py:914} INFO - Processing file /home/airflow/.local/lib/python3.12/site-packages/airflow/example_dags/example_branch_python_dop_operator_3.py for tasks to queue
[2025-03-17T23:28:41.705+0000] {logging_mixin.py:190} INFO - [2025-03-17T23:28:41.705+0000] {dagbag.py:588} INFO - Filling up the DagBag from /home/airflow/.local/lib/python3.12/site-packages/airflow/example_dags/example_branch_python_dop_operator_3.py
[2025-03-17T23:28:41.711+0000] {processor.py:925} INFO - DAG(s) 'example_branch_dop_operator_v3' retrieved from /home/airflow/.local/lib/python3.12/site-packages/airflow/example_dags/example_branch_python_dop_operator_3.py
[2025-03-17T23:28:41.725+0000] {logging_mixin.py:190} INFO - [2025-03-17T23:28:41.725+0000] {dag.py:3239} INFO - Sync 1 DAGs
[2025-03-17T23:28:41.739+0000] {logging_mixin.py:190} INFO - [2025-03-17T23:28:41.739+0000] {dag.py:4180} INFO - Setting next_dagrun for example_branch_dop_operator_v3 to 2025-03-17 23:27:00+00:00, run_after=2025-03-17 23:28:00+00:00
[2025-03-17T23:28:41.750+0000] {processor.py:208} INFO - Processing /home/airflow/.local/lib/python3.12/site-packages/airflow/example_dags/example_branch_python_dop_operator_3.py took 0.049 seconds
[2025-03-17T23:29:12.491+0000] {processor.py:186} INFO - Started process (PID=4616) to work on /home/airflow/.local/lib/python3.12/site-packages/airflow/example_dags/example_branch_python_dop_operator_3.py
[2025-03-17T23:29:12.491+0000] {processor.py:914} INFO - Processing file /home/airflow/.local/lib/python3.12/site-packages/airflow/example_dags/example_branch_python_dop_operator_3.py for tasks to queue
[2025-03-17T23:29:12.493+0000] {logging_mixin.py:190} INFO - [2025-03-17T23:29:12.493+0000] {dagbag.py:588} INFO - Filling up the DagBag from /home/airflow/.local/lib/python3.12/site-packages/airflow/example_dags/example_branch_python_dop_operator_3.py
[2025-03-17T23:29:12.498+0000] {processor.py:925} INFO - DAG(s) 'example_branch_dop_operator_v3' retrieved from /home/airflow/.local/lib/python3.12/site-packages/airflow/example_dags/example_branch_python_dop_operator_3.py
[2025-03-17T23:29:12.506+0000] {logging_mixin.py:190} INFO - [2025-03-17T23:29:12.506+0000] {dag.py:3239} INFO - Sync 1 DAGs
[2025-03-17T23:29:12.516+0000] {logging_mixin.py:190} INFO - [2025-03-17T23:29:12.516+0000] {dag.py:4180} INFO - Setting next_dagrun for example_branch_dop_operator_v3 to 2025-03-17 23:28:00+00:00, run_after=2025-03-17 23:29:00+00:00
[2025-03-17T23:29:12.524+0000] {processor.py:208} INFO - Processing /home/airflow/.local/lib/python3.12/site-packages/airflow/example_dags/example_branch_python_dop_operator_3.py took 0.036 seconds
[2025-03-17T23:29:43.075+0000] {processor.py:186} INFO - Started process (PID=4909) to work on /home/airflow/.local/lib/python3.12/site-packages/airflow/example_dags/example_branch_python_dop_operator_3.py
[2025-03-17T23:29:43.075+0000] {processor.py:914} INFO - Processing file /home/airflow/.local/lib/python3.12/site-packages/airflow/example_dags/example_branch_python_dop_operator_3.py for tasks to queue
[2025-03-17T23:29:43.076+0000] {logging_mixin.py:190} INFO - [2025-03-17T23:29:43.076+0000] {dagbag.py:588} INFO - Filling up the DagBag from /home/airflow/.local/lib/python3.12/site-packages/airflow/example_dags/example_branch_python_dop_operator_3.py
[2025-03-17T23:29:43.081+0000] {processor.py:925} INFO - DAG(s) 'example_branch_dop_operator_v3' retrieved from /home/airflow/.local/lib/python3.12/site-packages/airflow/example_dags/example_branch_python_dop_operator_3.py
[2025-03-17T23:29:43.089+0000] {logging_mixin.py:190} INFO - [2025-03-17T23:29:43.089+0000] {dag.py:3239} INFO - Sync 1 DAGs
[2025-03-17T23:29:43.099+0000] {logging_mixin.py:190} INFO - [2025-03-17T23:29:43.099+0000] {dag.py:4180} INFO - Setting next_dagrun for example_branch_dop_operator_v3 to 2025-03-17 23:28:00+00:00, run_after=2025-03-17 23:29:00+00:00
[2025-03-17T23:29:43.106+0000] {processor.py:208} INFO - Processing /home/airflow/.local/lib/python3.12/site-packages/airflow/example_dags/example_branch_python_dop_operator_3.py took 0.034 seconds
[2025-03-17T23:30:13.612+0000] {processor.py:186} INFO - Started process (PID=5198) to work on /home/airflow/.local/lib/python3.12/site-packages/airflow/example_dags/example_branch_python_dop_operator_3.py
[2025-03-17T23:30:13.614+0000] {processor.py:914} INFO - Processing file /home/airflow/.local/lib/python3.12/site-packages/airflow/example_dags/example_branch_python_dop_operator_3.py for tasks to queue
[2025-03-17T23:30:13.615+0000] {logging_mixin.py:190} INFO - [2025-03-17T23:30:13.615+0000] {dagbag.py:588} INFO - Filling up the DagBag from /home/airflow/.local/lib/python3.12/site-packages/airflow/example_dags/example_branch_python_dop_operator_3.py
[2025-03-17T23:30:13.620+0000] {processor.py:925} INFO - DAG(s) 'example_branch_dop_operator_v3' retrieved from /home/airflow/.local/lib/python3.12/site-packages/airflow/example_dags/example_branch_python_dop_operator_3.py
[2025-03-17T23:30:13.628+0000] {logging_mixin.py:190} INFO - [2025-03-17T23:30:13.628+0000] {dag.py:3239} INFO - Sync 1 DAGs
[2025-03-17T23:30:13.638+0000] {logging_mixin.py:190} INFO - [2025-03-17T23:30:13.638+0000] {dag.py:4180} INFO - Setting next_dagrun for example_branch_dop_operator_v3 to 2025-03-17 23:29:00+00:00, run_after=2025-03-17 23:30:00+00:00
[2025-03-17T23:30:13.645+0000] {processor.py:208} INFO - Processing /home/airflow/.local/lib/python3.12/site-packages/airflow/example_dags/example_branch_python_dop_operator_3.py took 0.037 seconds
[2025-03-17T23:30:44.208+0000] {processor.py:186} INFO - Started process (PID=5489) to work on /home/airflow/.local/lib/python3.12/site-packages/airflow/example_dags/example_branch_python_dop_operator_3.py
[2025-03-17T23:30:44.208+0000] {processor.py:914} INFO - Processing file /home/airflow/.local/lib/python3.12/site-packages/airflow/example_dags/example_branch_python_dop_operator_3.py for tasks to queue
[2025-03-17T23:30:44.209+0000] {logging_mixin.py:190} INFO - [2025-03-17T23:30:44.209+0000] {dagbag.py:588} INFO - Filling up the DagBag from /home/airflow/.local/lib/python3.12/site-packages/airflow/example_dags/example_branch_python_dop_operator_3.py
[2025-03-17T23:30:44.215+0000] {processor.py:925} INFO - DAG(s) 'example_branch_dop_operator_v3' retrieved from /home/airflow/.local/lib/python3.12/site-packages/airflow/example_dags/example_branch_python_dop_operator_3.py
[2025-03-17T23:30:44.225+0000] {logging_mixin.py:190} INFO - [2025-03-17T23:30:44.224+0000] {dag.py:3239} INFO - Sync 1 DAGs
[2025-03-17T23:30:44.239+0000] {logging_mixin.py:190} INFO - [2025-03-17T23:30:44.239+0000] {dag.py:4180} INFO - Setting next_dagrun for example_branch_dop_operator_v3 to 2025-03-17 23:29:00+00:00, run_after=2025-03-17 23:30:00+00:00
[2025-03-17T23:30:44.246+0000] {processor.py:208} INFO - Processing /home/airflow/.local/lib/python3.12/site-packages/airflow/example_dags/example_branch_python_dop_operator_3.py took 0.042 seconds
[2025-03-17T23:31:14.813+0000] {processor.py:186} INFO - Started process (PID=5781) to work on /home/airflow/.local/lib/python3.12/site-packages/airflow/example_dags/example_branch_python_dop_operator_3.py
[2025-03-17T23:31:14.813+0000] {processor.py:914} INFO - Processing file /home/airflow/.local/lib/python3.12/site-packages/airflow/example_dags/example_branch_python_dop_operator_3.py for tasks to queue
[2025-03-17T23:31:14.814+0000] {logging_mixin.py:190} INFO - [2025-03-17T23:31:14.814+0000] {dagbag.py:588} INFO - Filling up the DagBag from /home/airflow/.local/lib/python3.12/site-packages/airflow/example_dags/example_branch_python_dop_operator_3.py
[2025-03-17T23:31:14.819+0000] {processor.py:925} INFO - DAG(s) 'example_branch_dop_operator_v3' retrieved from /home/airflow/.local/lib/python3.12/site-packages/airflow/example_dags/example_branch_python_dop_operator_3.py
[2025-03-17T23:31:14.827+0000] {logging_mixin.py:190} INFO - [2025-03-17T23:31:14.827+0000] {dag.py:3239} INFO - Sync 1 DAGs
[2025-03-17T23:31:14.837+0000] {logging_mixin.py:190} INFO - [2025-03-17T23:31:14.837+0000] {dag.py:4180} INFO - Setting next_dagrun for example_branch_dop_operator_v3 to 2025-03-17 23:30:00+00:00, run_after=2025-03-17 23:31:00+00:00
[2025-03-17T23:31:14.844+0000] {processor.py:208} INFO - Processing /home/airflow/.local/lib/python3.12/site-packages/airflow/example_dags/example_branch_python_dop_operator_3.py took 0.034 seconds
[2025-03-17T23:31:45.333+0000] {processor.py:186} INFO - Started process (PID=6071) to work on /home/airflow/.local/lib/python3.12/site-packages/airflow/example_dags/example_branch_python_dop_operator_3.py
[2025-03-17T23:31:45.333+0000] {processor.py:914} INFO - Processing file /home/airflow/.local/lib/python3.12/site-packages/airflow/example_dags/example_branch_python_dop_operator_3.py for tasks to queue
[2025-03-17T23:31:45.334+0000] {logging_mixin.py:190} INFO - [2025-03-17T23:31:45.334+0000] {dagbag.py:588} INFO - Filling up the DagBag from /home/airflow/.local/lib/python3.12/site-packages/airflow/example_dags/example_branch_python_dop_operator_3.py
[2025-03-17T23:31:45.339+0000] {processor.py:925} INFO - DAG(s) 'example_branch_dop_operator_v3' retrieved from /home/airflow/.local/lib/python3.12/site-packages/airflow/example_dags/example_branch_python_dop_operator_3.py
[2025-03-17T23:31:45.348+0000] {logging_mixin.py:190} INFO - [2025-03-17T23:31:45.347+0000] {dag.py:3239} INFO - Sync 1 DAGs
[2025-03-17T23:31:45.359+0000] {logging_mixin.py:190} INFO - [2025-03-17T23:31:45.359+0000] {dag.py:4180} INFO - Setting next_dagrun for example_branch_dop_operator_v3 to 2025-03-17 23:30:00+00:00, run_after=2025-03-17 23:31:00+00:00
[2025-03-17T23:31:45.366+0000] {processor.py:208} INFO - Processing /home/airflow/.local/lib/python3.12/site-packages/airflow/example_dags/example_branch_python_dop_operator_3.py took 0.036 seconds
[2025-03-17T23:32:15.892+0000] {processor.py:186} INFO - Started process (PID=6362) to work on /home/airflow/.local/lib/python3.12/site-packages/airflow/example_dags/example_branch_python_dop_operator_3.py
[2025-03-17T23:32:15.892+0000] {processor.py:914} INFO - Processing file /home/airflow/.local/lib/python3.12/site-packages/airflow/example_dags/example_branch_python_dop_operator_3.py for tasks to queue
[2025-03-17T23:32:15.893+0000] {logging_mixin.py:190} INFO - [2025-03-17T23:32:15.893+0000] {dagbag.py:588} INFO - Filling up the DagBag from /home/airflow/.local/lib/python3.12/site-packages/airflow/example_dags/example_branch_python_dop_operator_3.py
[2025-03-17T23:32:15.899+0000] {processor.py:925} INFO - DAG(s) 'example_branch_dop_operator_v3' retrieved from /home/airflow/.local/lib/python3.12/site-packages/airflow/example_dags/example_branch_python_dop_operator_3.py
[2025-03-17T23:32:15.907+0000] {logging_mixin.py:190} INFO - [2025-03-17T23:32:15.907+0000] {dag.py:3239} INFO - Sync 1 DAGs
[2025-03-17T23:32:15.918+0000] {logging_mixin.py:190} INFO - [2025-03-17T23:32:15.918+0000] {dag.py:4180} INFO - Setting next_dagrun for example_branch_dop_operator_v3 to 2025-03-17 23:31:00+00:00, run_after=2025-03-17 23:32:00+00:00
[2025-03-17T23:32:15.925+0000] {processor.py:208} INFO - Processing /home/airflow/.local/lib/python3.12/site-packages/airflow/example_dags/example_branch_python_dop_operator_3.py took 0.036 seconds
[2025-03-17T23:32:46.594+0000] {processor.py:186} INFO - Started process (PID=6653) to work on /home/airflow/.local/lib/python3.12/site-packages/airflow/example_dags/example_branch_python_dop_operator_3.py
[2025-03-17T23:32:46.595+0000] {processor.py:914} INFO - Processing file /home/airflow/.local/lib/python3.12/site-packages/airflow/example_dags/example_branch_python_dop_operator_3.py for tasks to queue
[2025-03-17T23:32:46.596+0000] {logging_mixin.py:190} INFO - [2025-03-17T23:32:46.596+0000] {dagbag.py:588} INFO - Filling up the DagBag from /home/airflow/.local/lib/python3.12/site-packages/airflow/example_dags/example_branch_python_dop_operator_3.py
[2025-03-17T23:32:46.601+0000] {processor.py:925} INFO - DAG(s) 'example_branch_dop_operator_v3' retrieved from /home/airflow/.local/lib/python3.12/site-packages/airflow/example_dags/example_branch_python_dop_operator_3.py
[2025-03-17T23:32:46.610+0000] {logging_mixin.py:190} INFO - [2025-03-17T23:32:46.610+0000] {dag.py:3239} INFO - Sync 1 DAGs
[2025-03-17T23:32:46.621+0000] {logging_mixin.py:190} INFO - [2025-03-17T23:32:46.620+0000] {dag.py:4180} INFO - Setting next_dagrun for example_branch_dop_operator_v3 to 2025-03-17 23:31:00+00:00, run_after=2025-03-17 23:32:00+00:00
[2025-03-17T23:32:46.627+0000] {processor.py:208} INFO - Processing /home/airflow/.local/lib/python3.12/site-packages/airflow/example_dags/example_branch_python_dop_operator_3.py took 0.036 seconds
[2025-03-17T23:33:17.056+0000] {processor.py:186} INFO - Started process (PID=6944) to work on /home/airflow/.local/lib/python3.12/site-packages/airflow/example_dags/example_branch_python_dop_operator_3.py
[2025-03-17T23:33:17.056+0000] {processor.py:914} INFO - Processing file /home/airflow/.local/lib/python3.12/site-packages/airflow/example_dags/example_branch_python_dop_operator_3.py for tasks to queue
[2025-03-17T23:33:17.057+0000] {logging_mixin.py:190} INFO - [2025-03-17T23:33:17.057+0000] {dagbag.py:588} INFO - Filling up the DagBag from /home/airflow/.local/lib/python3.12/site-packages/airflow/example_dags/example_branch_python_dop_operator_3.py
[2025-03-17T23:33:17.062+0000] {processor.py:925} INFO - DAG(s) 'example_branch_dop_operator_v3' retrieved from /home/airflow/.local/lib/python3.12/site-packages/airflow/example_dags/example_branch_python_dop_operator_3.py
[2025-03-17T23:33:17.071+0000] {logging_mixin.py:190} INFO - [2025-03-17T23:33:17.071+0000] {dag.py:3239} INFO - Sync 1 DAGs
[2025-03-17T23:33:17.084+0000] {logging_mixin.py:190} INFO - [2025-03-17T23:33:17.084+0000] {dag.py:4180} INFO - Setting next_dagrun for example_branch_dop_operator_v3 to 2025-03-17 23:32:00+00:00, run_after=2025-03-17 23:33:00+00:00
[2025-03-17T23:33:17.093+0000] {processor.py:208} INFO - Processing /home/airflow/.local/lib/python3.12/site-packages/airflow/example_dags/example_branch_python_dop_operator_3.py took 0.040 seconds
[2025-03-17T23:33:48.097+0000] {processor.py:186} INFO - Started process (PID=7235) to work on /home/airflow/.local/lib/python3.12/site-packages/airflow/example_dags/example_branch_python_dop_operator_3.py
[2025-03-17T23:33:48.098+0000] {processor.py:914} INFO - Processing file /home/airflow/.local/lib/python3.12/site-packages/airflow/example_dags/example_branch_python_dop_operator_3.py for tasks to queue
[2025-03-17T23:33:48.099+0000] {logging_mixin.py:190} INFO - [2025-03-17T23:33:48.099+0000] {dagbag.py:588} INFO - Filling up the DagBag from /home/airflow/.local/lib/python3.12/site-packages/airflow/example_dags/example_branch_python_dop_operator_3.py
[2025-03-17T23:33:48.105+0000] {processor.py:925} INFO - DAG(s) 'example_branch_dop_operator_v3' retrieved from /home/airflow/.local/lib/python3.12/site-packages/airflow/example_dags/example_branch_python_dop_operator_3.py
[2025-03-17T23:33:48.113+0000] {logging_mixin.py:190} INFO - [2025-03-17T23:33:48.113+0000] {dag.py:3239} INFO - Sync 1 DAGs
[2025-03-17T23:33:48.124+0000] {logging_mixin.py:190} INFO - [2025-03-17T23:33:48.124+0000] {dag.py:4180} INFO - Setting next_dagrun for example_branch_dop_operator_v3 to 2025-03-17 23:32:00+00:00, run_after=2025-03-17 23:33:00+00:00
[2025-03-17T23:33:48.131+0000] {processor.py:208} INFO - Processing /home/airflow/.local/lib/python3.12/site-packages/airflow/example_dags/example_branch_python_dop_operator_3.py took 0.037 seconds
[2025-03-17T23:34:18.821+0000] {processor.py:186} INFO - Started process (PID=7526) to work on /home/airflow/.local/lib/python3.12/site-packages/airflow/example_dags/example_branch_python_dop_operator_3.py
[2025-03-17T23:34:18.822+0000] {processor.py:914} INFO - Processing file /home/airflow/.local/lib/python3.12/site-packages/airflow/example_dags/example_branch_python_dop_operator_3.py for tasks to queue
[2025-03-17T23:34:18.823+0000] {logging_mixin.py:190} INFO - [2025-03-17T23:34:18.823+0000] {dagbag.py:588} INFO - Filling up the DagBag from /home/airflow/.local/lib/python3.12/site-packages/airflow/example_dags/example_branch_python_dop_operator_3.py
[2025-03-17T23:34:18.829+0000] {processor.py:925} INFO - DAG(s) 'example_branch_dop_operator_v3' retrieved from /home/airflow/.local/lib/python3.12/site-packages/airflow/example_dags/example_branch_python_dop_operator_3.py
[2025-03-17T23:34:18.840+0000] {logging_mixin.py:190} INFO - [2025-03-17T23:34:18.840+0000] {dag.py:3239} INFO - Sync 1 DAGs
[2025-03-17T23:34:18.852+0000] {logging_mixin.py:190} INFO - [2025-03-17T23:34:18.852+0000] {dag.py:4180} INFO - Setting next_dagrun for example_branch_dop_operator_v3 to 2025-03-17 23:33:00+00:00, run_after=2025-03-17 23:34:00+00:00
[2025-03-17T23:34:18.859+0000] {processor.py:208} INFO - Processing /home/airflow/.local/lib/python3.12/site-packages/airflow/example_dags/example_branch_python_dop_operator_3.py took 0.041 seconds
[2025-03-17T23:34:51.153+0000] {processor.py:186} INFO - Started process (PID=7852) to work on /home/airflow/.local/lib/python3.12/site-packages/airflow/example_dags/example_branch_python_dop_operator_3.py
[2025-03-17T23:34:51.154+0000] {processor.py:914} INFO - Processing file /home/airflow/.local/lib/python3.12/site-packages/airflow/example_dags/example_branch_python_dop_operator_3.py for tasks to queue
[2025-03-17T23:34:51.155+0000] {logging_mixin.py:190} INFO - [2025-03-17T23:34:51.155+0000] {dagbag.py:588} INFO - Filling up the DagBag from /home/airflow/.local/lib/python3.12/site-packages/airflow/example_dags/example_branch_python_dop_operator_3.py
[2025-03-17T23:34:51.161+0000] {processor.py:925} INFO - DAG(s) 'example_branch_dop_operator_v3' retrieved from /home/airflow/.local/lib/python3.12/site-packages/airflow/example_dags/example_branch_python_dop_operator_3.py
[2025-03-17T23:34:51.170+0000] {logging_mixin.py:190} INFO - [2025-03-17T23:34:51.170+0000] {dag.py:3239} INFO - Sync 1 DAGs
[2025-03-17T23:34:51.183+0000] {logging_mixin.py:190} INFO - [2025-03-17T23:34:51.183+0000] {dag.py:4180} INFO - Setting next_dagrun for example_branch_dop_operator_v3 to 2025-03-17 23:33:00+00:00, run_after=2025-03-17 23:34:00+00:00
[2025-03-17T23:34:51.191+0000] {processor.py:208} INFO - Processing /home/airflow/.local/lib/python3.12/site-packages/airflow/example_dags/example_branch_python_dop_operator_3.py took 0.040 seconds
[2025-03-17T23:35:22.144+0000] {processor.py:186} INFO - Started process (PID=8149) to work on /home/airflow/.local/lib/python3.12/site-packages/airflow/example_dags/example_branch_python_dop_operator_3.py
[2025-03-17T23:35:22.145+0000] {processor.py:914} INFO - Processing file /home/airflow/.local/lib/python3.12/site-packages/airflow/example_dags/example_branch_python_dop_operator_3.py for tasks to queue
[2025-03-17T23:35:22.146+0000] {logging_mixin.py:190} INFO - [2025-03-17T23:35:22.146+0000] {dagbag.py:588} INFO - Filling up the DagBag from /home/airflow/.local/lib/python3.12/site-packages/airflow/example_dags/example_branch_python_dop_operator_3.py
[2025-03-17T23:35:22.151+0000] {processor.py:925} INFO - DAG(s) 'example_branch_dop_operator_v3' retrieved from /home/airflow/.local/lib/python3.12/site-packages/airflow/example_dags/example_branch_python_dop_operator_3.py
[2025-03-17T23:35:22.160+0000] {logging_mixin.py:190} INFO - [2025-03-17T23:35:22.159+0000] {dag.py:3239} INFO - Sync 1 DAGs
[2025-03-17T23:35:22.171+0000] {logging_mixin.py:190} INFO - [2025-03-17T23:35:22.171+0000] {dag.py:4180} INFO - Setting next_dagrun for example_branch_dop_operator_v3 to 2025-03-17 23:34:00+00:00, run_after=2025-03-17 23:35:00+00:00
[2025-03-17T23:35:22.179+0000] {processor.py:208} INFO - Processing /home/airflow/.local/lib/python3.12/site-packages/airflow/example_dags/example_branch_python_dop_operator_3.py took 0.038 seconds
[2025-03-17T23:35:52.900+0000] {processor.py:186} INFO - Started process (PID=8438) to work on /home/airflow/.local/lib/python3.12/site-packages/airflow/example_dags/example_branch_python_dop_operator_3.py
[2025-03-17T23:35:52.901+0000] {processor.py:914} INFO - Processing file /home/airflow/.local/lib/python3.12/site-packages/airflow/example_dags/example_branch_python_dop_operator_3.py for tasks to queue
[2025-03-17T23:35:52.902+0000] {logging_mixin.py:190} INFO - [2025-03-17T23:35:52.902+0000] {dagbag.py:588} INFO - Filling up the DagBag from /home/airflow/.local/lib/python3.12/site-packages/airflow/example_dags/example_branch_python_dop_operator_3.py
[2025-03-17T23:35:52.908+0000] {processor.py:925} INFO - DAG(s) 'example_branch_dop_operator_v3' retrieved from /home/airflow/.local/lib/python3.12/site-packages/airflow/example_dags/example_branch_python_dop_operator_3.py
[2025-03-17T23:35:52.917+0000] {logging_mixin.py:190} INFO - [2025-03-17T23:35:52.917+0000] {dag.py:3239} INFO - Sync 1 DAGs
[2025-03-17T23:35:52.928+0000] {logging_mixin.py:190} INFO - [2025-03-17T23:35:52.928+0000] {dag.py:4180} INFO - Setting next_dagrun for example_branch_dop_operator_v3 to 2025-03-17 23:34:00+00:00, run_after=2025-03-17 23:35:00+00:00
[2025-03-17T23:35:52.935+0000] {processor.py:208} INFO - Processing /home/airflow/.local/lib/python3.12/site-packages/airflow/example_dags/example_branch_python_dop_operator_3.py took 0.038 seconds
[2025-03-17T23:36:23.363+0000] {processor.py:186} INFO - Started process (PID=8729) to work on /home/airflow/.local/lib/python3.12/site-packages/airflow/example_dags/example_branch_python_dop_operator_3.py
[2025-03-17T23:36:23.363+0000] {processor.py:914} INFO - Processing file /home/airflow/.local/lib/python3.12/site-packages/airflow/example_dags/example_branch_python_dop_operator_3.py for tasks to queue
[2025-03-17T23:36:23.364+0000] {logging_mixin.py:190} INFO - [2025-03-17T23:36:23.364+0000] {dagbag.py:588} INFO - Filling up the DagBag from /home/airflow/.local/lib/python3.12/site-packages/airflow/example_dags/example_branch_python_dop_operator_3.py
[2025-03-17T23:36:23.370+0000] {processor.py:925} INFO - DAG(s) 'example_branch_dop_operator_v3' retrieved from /home/airflow/.local/lib/python3.12/site-packages/airflow/example_dags/example_branch_python_dop_operator_3.py
[2025-03-17T23:36:23.379+0000] {logging_mixin.py:190} INFO - [2025-03-17T23:36:23.379+0000] {dag.py:3239} INFO - Sync 1 DAGs
[2025-03-17T23:36:23.390+0000] {logging_mixin.py:190} INFO - [2025-03-17T23:36:23.390+0000] {dag.py:4180} INFO - Setting next_dagrun for example_branch_dop_operator_v3 to 2025-03-17 23:35:00+00:00, run_after=2025-03-17 23:36:00+00:00
[2025-03-17T23:36:23.397+0000] {processor.py:208} INFO - Processing /home/airflow/.local/lib/python3.12/site-packages/airflow/example_dags/example_branch_python_dop_operator_3.py took 0.038 seconds
[2025-03-17T23:36:53.655+0000] {processor.py:186} INFO - Started process (PID=9020) to work on /home/airflow/.local/lib/python3.12/site-packages/airflow/example_dags/example_branch_python_dop_operator_3.py
[2025-03-17T23:36:53.656+0000] {processor.py:914} INFO - Processing file /home/airflow/.local/lib/python3.12/site-packages/airflow/example_dags/example_branch_python_dop_operator_3.py for tasks to queue
[2025-03-17T23:36:53.659+0000] {logging_mixin.py:190} INFO - [2025-03-17T23:36:53.659+0000] {dagbag.py:588} INFO - Filling up the DagBag from /home/airflow/.local/lib/python3.12/site-packages/airflow/example_dags/example_branch_python_dop_operator_3.py
[2025-03-17T23:36:53.667+0000] {processor.py:925} INFO - DAG(s) 'example_branch_dop_operator_v3' retrieved from /home/airflow/.local/lib/python3.12/site-packages/airflow/example_dags/example_branch_python_dop_operator_3.py
[2025-03-17T23:36:53.685+0000] {logging_mixin.py:190} INFO - [2025-03-17T23:36:53.685+0000] {dag.py:3239} INFO - Sync 1 DAGs
[2025-03-17T23:36:53.703+0000] {logging_mixin.py:190} INFO - [2025-03-17T23:36:53.703+0000] {dag.py:4180} INFO - Setting next_dagrun for example_branch_dop_operator_v3 to 2025-03-17 23:35:00+00:00, run_after=2025-03-17 23:36:00+00:00
[2025-03-17T23:36:53.713+0000] {processor.py:208} INFO - Processing /home/airflow/.local/lib/python3.12/site-packages/airflow/example_dags/example_branch_python_dop_operator_3.py took 0.062 seconds
[2025-03-17T23:37:24.275+0000] {processor.py:186} INFO - Started process (PID=9313) to work on /home/airflow/.local/lib/python3.12/site-packages/airflow/example_dags/example_branch_python_dop_operator_3.py
[2025-03-17T23:37:24.275+0000] {processor.py:914} INFO - Processing file /home/airflow/.local/lib/python3.12/site-packages/airflow/example_dags/example_branch_python_dop_operator_3.py for tasks to queue
[2025-03-17T23:37:24.276+0000] {logging_mixin.py:190} INFO - [2025-03-17T23:37:24.276+0000] {dagbag.py:588} INFO - Filling up the DagBag from /home/airflow/.local/lib/python3.12/site-packages/airflow/example_dags/example_branch_python_dop_operator_3.py
[2025-03-17T23:37:24.281+0000] {processor.py:925} INFO - DAG(s) 'example_branch_dop_operator_v3' retrieved from /home/airflow/.local/lib/python3.12/site-packages/airflow/example_dags/example_branch_python_dop_operator_3.py
[2025-03-17T23:37:24.290+0000] {logging_mixin.py:190} INFO - [2025-03-17T23:37:24.290+0000] {dag.py:3239} INFO - Sync 1 DAGs
[2025-03-17T23:37:24.301+0000] {logging_mixin.py:190} INFO - [2025-03-17T23:37:24.300+0000] {dag.py:4180} INFO - Setting next_dagrun for example_branch_dop_operator_v3 to 2025-03-17 23:36:00+00:00, run_after=2025-03-17 23:37:00+00:00
[2025-03-17T23:37:24.308+0000] {processor.py:208} INFO - Processing /home/airflow/.local/lib/python3.12/site-packages/airflow/example_dags/example_branch_python_dop_operator_3.py took 0.036 seconds
