[2025-03-17T23:21:35.418+0000] {processor.py:186} INFO - Started process (PID=332) to work on /home/airflow/.local/lib/python3.12/site-packages/airflow/example_dags/example_skip_dag.py
[2025-03-17T23:21:35.419+0000] {processor.py:914} INFO - Processing file /home/airflow/.local/lib/python3.12/site-packages/airflow/example_dags/example_skip_dag.py for tasks to queue
[2025-03-17T23:21:35.420+0000] {logging_mixin.py:190} INFO - [2025-03-17T23:21:35.420+0000] {dagbag.py:588} INFO - Filling up the DagBag from /home/airflow/.local/lib/python3.12/site-packages/airflow/example_dags/example_skip_dag.py
[2025-03-17T23:21:35.426+0000] {processor.py:925} INFO - DAG(s) 'example_skip_dag' retrieved from /home/airflow/.local/lib/python3.12/site-packages/airflow/example_dags/example_skip_dag.py
[2025-03-17T23:21:35.481+0000] {logging_mixin.py:190} INFO - [2025-03-17T23:21:35.481+0000] {override.py:1912} INFO - Created Permission View: can edit on DAG:example_skip_dag
[2025-03-17T23:21:35.486+0000] {logging_mixin.py:190} INFO - [2025-03-17T23:21:35.486+0000] {override.py:1912} INFO - Created Permission View: can read on DAG:example_skip_dag
[2025-03-17T23:21:35.489+0000] {logging_mixin.py:190} INFO - [2025-03-17T23:21:35.489+0000] {override.py:1912} INFO - Created Permission View: can delete on DAG:example_skip_dag
[2025-03-17T23:21:35.492+0000] {logging_mixin.py:190} INFO - [2025-03-17T23:21:35.492+0000] {override.py:1912} INFO - Created Permission View: can create on DAG Run:example_skip_dag
[2025-03-17T23:21:35.495+0000] {logging_mixin.py:190} INFO - [2025-03-17T23:21:35.495+0000] {override.py:1912} INFO - Created Permission View: menu access on DAG Run:example_skip_dag
[2025-03-17T23:21:35.497+0000] {logging_mixin.py:190} INFO - [2025-03-17T23:21:35.497+0000] {override.py:1912} INFO - Created Permission View: can read on DAG Run:example_skip_dag
[2025-03-17T23:21:35.500+0000] {logging_mixin.py:190} INFO - [2025-03-17T23:21:35.500+0000] {override.py:1912} INFO - Created Permission View: can delete on DAG Run:example_skip_dag
[2025-03-17T23:21:35.500+0000] {logging_mixin.py:190} INFO - [2025-03-17T23:21:35.500+0000] {dag.py:3239} INFO - Sync 1 DAGs
[2025-03-17T23:21:35.507+0000] {logging_mixin.py:190} INFO - [2025-03-17T23:21:35.507+0000] {dag.py:3262} INFO - Creating ORM DAG for example_skip_dag
[2025-03-17T23:21:35.512+0000] {logging_mixin.py:190} INFO - [2025-03-17T23:21:35.512+0000] {dag.py:4180} INFO - Setting next_dagrun for example_skip_dag to 2025-03-16 00:00:00+00:00, run_after=2025-03-17 00:00:00+00:00
[2025-03-17T23:21:35.519+0000] {processor.py:208} INFO - Processing /home/airflow/.local/lib/python3.12/site-packages/airflow/example_dags/example_skip_dag.py took 0.104 seconds
[2025-03-17T23:22:06.273+0000] {processor.py:186} INFO - Started process (PID=623) to work on /home/airflow/.local/lib/python3.12/site-packages/airflow/example_dags/example_skip_dag.py
[2025-03-17T23:22:06.273+0000] {processor.py:914} INFO - Processing file /home/airflow/.local/lib/python3.12/site-packages/airflow/example_dags/example_skip_dag.py for tasks to queue
[2025-03-17T23:22:06.274+0000] {logging_mixin.py:190} INFO - [2025-03-17T23:22:06.274+0000] {dagbag.py:588} INFO - Filling up the DagBag from /home/airflow/.local/lib/python3.12/site-packages/airflow/example_dags/example_skip_dag.py
[2025-03-17T23:22:06.279+0000] {processor.py:925} INFO - DAG(s) 'example_skip_dag' retrieved from /home/airflow/.local/lib/python3.12/site-packages/airflow/example_dags/example_skip_dag.py
[2025-03-17T23:22:06.291+0000] {logging_mixin.py:190} INFO - [2025-03-17T23:22:06.291+0000] {dag.py:3239} INFO - Sync 1 DAGs
[2025-03-17T23:22:06.305+0000] {logging_mixin.py:190} INFO - [2025-03-17T23:22:06.305+0000] {dag.py:4180} INFO - Setting next_dagrun for example_skip_dag to 2025-03-16 00:00:00+00:00, run_after=2025-03-17 00:00:00+00:00
[2025-03-17T23:22:06.314+0000] {processor.py:208} INFO - Processing /home/airflow/.local/lib/python3.12/site-packages/airflow/example_dags/example_skip_dag.py took 0.045 seconds
[2025-03-17T23:22:36.475+0000] {processor.py:186} INFO - Started process (PID=914) to work on /home/airflow/.local/lib/python3.12/site-packages/airflow/example_dags/example_skip_dag.py
[2025-03-17T23:22:36.476+0000] {processor.py:914} INFO - Processing file /home/airflow/.local/lib/python3.12/site-packages/airflow/example_dags/example_skip_dag.py for tasks to queue
[2025-03-17T23:22:36.477+0000] {logging_mixin.py:190} INFO - [2025-03-17T23:22:36.477+0000] {dagbag.py:588} INFO - Filling up the DagBag from /home/airflow/.local/lib/python3.12/site-packages/airflow/example_dags/example_skip_dag.py
[2025-03-17T23:22:36.481+0000] {processor.py:925} INFO - DAG(s) 'example_skip_dag' retrieved from /home/airflow/.local/lib/python3.12/site-packages/airflow/example_dags/example_skip_dag.py
[2025-03-17T23:22:36.492+0000] {logging_mixin.py:190} INFO - [2025-03-17T23:22:36.491+0000] {dag.py:3239} INFO - Sync 1 DAGs
[2025-03-17T23:22:36.504+0000] {logging_mixin.py:190} INFO - [2025-03-17T23:22:36.504+0000] {dag.py:4180} INFO - Setting next_dagrun for example_skip_dag to 2025-03-16 00:00:00+00:00, run_after=2025-03-17 00:00:00+00:00
[2025-03-17T23:22:36.516+0000] {processor.py:208} INFO - Processing /home/airflow/.local/lib/python3.12/site-packages/airflow/example_dags/example_skip_dag.py took 0.043 seconds
[2025-03-17T23:23:07.310+0000] {processor.py:186} INFO - Started process (PID=1205) to work on /home/airflow/.local/lib/python3.12/site-packages/airflow/example_dags/example_skip_dag.py
[2025-03-17T23:23:07.311+0000] {processor.py:914} INFO - Processing file /home/airflow/.local/lib/python3.12/site-packages/airflow/example_dags/example_skip_dag.py for tasks to queue
[2025-03-17T23:23:07.312+0000] {logging_mixin.py:190} INFO - [2025-03-17T23:23:07.312+0000] {dagbag.py:588} INFO - Filling up the DagBag from /home/airflow/.local/lib/python3.12/site-packages/airflow/example_dags/example_skip_dag.py
[2025-03-17T23:23:07.315+0000] {processor.py:925} INFO - DAG(s) 'example_skip_dag' retrieved from /home/airflow/.local/lib/python3.12/site-packages/airflow/example_dags/example_skip_dag.py
[2025-03-17T23:23:07.325+0000] {logging_mixin.py:190} INFO - [2025-03-17T23:23:07.325+0000] {dag.py:3239} INFO - Sync 1 DAGs
[2025-03-17T23:23:07.337+0000] {logging_mixin.py:190} INFO - [2025-03-17T23:23:07.337+0000] {dag.py:4180} INFO - Setting next_dagrun for example_skip_dag to 2025-03-16 00:00:00+00:00, run_after=2025-03-17 00:00:00+00:00
[2025-03-17T23:23:07.345+0000] {processor.py:208} INFO - Processing /home/airflow/.local/lib/python3.12/site-packages/airflow/example_dags/example_skip_dag.py took 0.038 seconds
[2025-03-17T23:23:38.493+0000] {processor.py:186} INFO - Started process (PID=1496) to work on /home/airflow/.local/lib/python3.12/site-packages/airflow/example_dags/example_skip_dag.py
[2025-03-17T23:23:38.494+0000] {processor.py:914} INFO - Processing file /home/airflow/.local/lib/python3.12/site-packages/airflow/example_dags/example_skip_dag.py for tasks to queue
[2025-03-17T23:23:38.497+0000] {logging_mixin.py:190} INFO - [2025-03-17T23:23:38.497+0000] {dagbag.py:588} INFO - Filling up the DagBag from /home/airflow/.local/lib/python3.12/site-packages/airflow/example_dags/example_skip_dag.py
[2025-03-17T23:23:38.502+0000] {processor.py:925} INFO - DAG(s) 'example_skip_dag' retrieved from /home/airflow/.local/lib/python3.12/site-packages/airflow/example_dags/example_skip_dag.py
[2025-03-17T23:23:38.516+0000] {logging_mixin.py:190} INFO - [2025-03-17T23:23:38.516+0000] {dag.py:3239} INFO - Sync 1 DAGs
[2025-03-17T23:23:38.527+0000] {logging_mixin.py:190} INFO - [2025-03-17T23:23:38.527+0000] {dag.py:4180} INFO - Setting next_dagrun for example_skip_dag to 2025-03-16 00:00:00+00:00, run_after=2025-03-17 00:00:00+00:00
[2025-03-17T23:23:38.535+0000] {processor.py:208} INFO - Processing /home/airflow/.local/lib/python3.12/site-packages/airflow/example_dags/example_skip_dag.py took 0.045 seconds
[2025-03-17T23:24:09.473+0000] {processor.py:186} INFO - Started process (PID=1787) to work on /home/airflow/.local/lib/python3.12/site-packages/airflow/example_dags/example_skip_dag.py
[2025-03-17T23:24:09.473+0000] {processor.py:914} INFO - Processing file /home/airflow/.local/lib/python3.12/site-packages/airflow/example_dags/example_skip_dag.py for tasks to queue
[2025-03-17T23:24:09.474+0000] {logging_mixin.py:190} INFO - [2025-03-17T23:24:09.474+0000] {dagbag.py:588} INFO - Filling up the DagBag from /home/airflow/.local/lib/python3.12/site-packages/airflow/example_dags/example_skip_dag.py
[2025-03-17T23:24:09.480+0000] {processor.py:925} INFO - DAG(s) 'example_skip_dag' retrieved from /home/airflow/.local/lib/python3.12/site-packages/airflow/example_dags/example_skip_dag.py
[2025-03-17T23:24:09.500+0000] {logging_mixin.py:190} INFO - [2025-03-17T23:24:09.500+0000] {dag.py:3239} INFO - Sync 1 DAGs
[2025-03-17T23:24:09.513+0000] {logging_mixin.py:190} INFO - [2025-03-17T23:24:09.513+0000] {dag.py:4180} INFO - Setting next_dagrun for example_skip_dag to 2025-03-16 00:00:00+00:00, run_after=2025-03-17 00:00:00+00:00
[2025-03-17T23:24:09.523+0000] {processor.py:208} INFO - Processing /home/airflow/.local/lib/python3.12/site-packages/airflow/example_dags/example_skip_dag.py took 0.053 seconds
[2025-03-17T23:24:40.729+0000] {processor.py:186} INFO - Started process (PID=2077) to work on /home/airflow/.local/lib/python3.12/site-packages/airflow/example_dags/example_skip_dag.py
[2025-03-17T23:24:40.730+0000] {processor.py:914} INFO - Processing file /home/airflow/.local/lib/python3.12/site-packages/airflow/example_dags/example_skip_dag.py for tasks to queue
[2025-03-17T23:24:40.732+0000] {logging_mixin.py:190} INFO - [2025-03-17T23:24:40.732+0000] {dagbag.py:588} INFO - Filling up the DagBag from /home/airflow/.local/lib/python3.12/site-packages/airflow/example_dags/example_skip_dag.py
[2025-03-17T23:24:40.742+0000] {processor.py:925} INFO - DAG(s) 'example_skip_dag' retrieved from /home/airflow/.local/lib/python3.12/site-packages/airflow/example_dags/example_skip_dag.py
[2025-03-17T23:24:40.764+0000] {logging_mixin.py:190} INFO - [2025-03-17T23:24:40.764+0000] {dag.py:3239} INFO - Sync 1 DAGs
[2025-03-17T23:24:40.779+0000] {logging_mixin.py:190} INFO - [2025-03-17T23:24:40.778+0000] {dag.py:4180} INFO - Setting next_dagrun for example_skip_dag to 2025-03-16 00:00:00+00:00, run_after=2025-03-17 00:00:00+00:00
[2025-03-17T23:24:40.792+0000] {processor.py:208} INFO - Processing /home/airflow/.local/lib/python3.12/site-packages/airflow/example_dags/example_skip_dag.py took 0.066 seconds
[2025-03-17T23:25:11.920+0000] {processor.py:186} INFO - Started process (PID=2368) to work on /home/airflow/.local/lib/python3.12/site-packages/airflow/example_dags/example_skip_dag.py
[2025-03-17T23:25:11.921+0000] {processor.py:914} INFO - Processing file /home/airflow/.local/lib/python3.12/site-packages/airflow/example_dags/example_skip_dag.py for tasks to queue
[2025-03-17T23:25:11.923+0000] {logging_mixin.py:190} INFO - [2025-03-17T23:25:11.923+0000] {dagbag.py:588} INFO - Filling up the DagBag from /home/airflow/.local/lib/python3.12/site-packages/airflow/example_dags/example_skip_dag.py
[2025-03-17T23:25:11.927+0000] {processor.py:925} INFO - DAG(s) 'example_skip_dag' retrieved from /home/airflow/.local/lib/python3.12/site-packages/airflow/example_dags/example_skip_dag.py
[2025-03-17T23:25:11.937+0000] {logging_mixin.py:190} INFO - [2025-03-17T23:25:11.937+0000] {dag.py:3239} INFO - Sync 1 DAGs
[2025-03-17T23:25:11.951+0000] {logging_mixin.py:190} INFO - [2025-03-17T23:25:11.951+0000] {dag.py:4180} INFO - Setting next_dagrun for example_skip_dag to 2025-03-16 00:00:00+00:00, run_after=2025-03-17 00:00:00+00:00
[2025-03-17T23:25:11.960+0000] {processor.py:208} INFO - Processing /home/airflow/.local/lib/python3.12/site-packages/airflow/example_dags/example_skip_dag.py took 0.043 seconds
[2025-03-17T23:25:43.365+0000] {processor.py:186} INFO - Started process (PID=2659) to work on /home/airflow/.local/lib/python3.12/site-packages/airflow/example_dags/example_skip_dag.py
[2025-03-17T23:25:43.366+0000] {processor.py:914} INFO - Processing file /home/airflow/.local/lib/python3.12/site-packages/airflow/example_dags/example_skip_dag.py for tasks to queue
[2025-03-17T23:25:43.367+0000] {logging_mixin.py:190} INFO - [2025-03-17T23:25:43.367+0000] {dagbag.py:588} INFO - Filling up the DagBag from /home/airflow/.local/lib/python3.12/site-packages/airflow/example_dags/example_skip_dag.py
[2025-03-17T23:25:43.371+0000] {processor.py:925} INFO - DAG(s) 'example_skip_dag' retrieved from /home/airflow/.local/lib/python3.12/site-packages/airflow/example_dags/example_skip_dag.py
[2025-03-17T23:25:43.381+0000] {logging_mixin.py:190} INFO - [2025-03-17T23:25:43.381+0000] {dag.py:3239} INFO - Sync 1 DAGs
[2025-03-17T23:25:43.393+0000] {logging_mixin.py:190} INFO - [2025-03-17T23:25:43.393+0000] {dag.py:4180} INFO - Setting next_dagrun for example_skip_dag to 2025-03-16 00:00:00+00:00, run_after=2025-03-17 00:00:00+00:00
[2025-03-17T23:25:43.404+0000] {processor.py:208} INFO - Processing /home/airflow/.local/lib/python3.12/site-packages/airflow/example_dags/example_skip_dag.py took 0.042 seconds
[2025-03-17T23:26:14.369+0000] {processor.py:186} INFO - Started process (PID=2950) to work on /home/airflow/.local/lib/python3.12/site-packages/airflow/example_dags/example_skip_dag.py
[2025-03-17T23:26:14.369+0000] {processor.py:914} INFO - Processing file /home/airflow/.local/lib/python3.12/site-packages/airflow/example_dags/example_skip_dag.py for tasks to queue
[2025-03-17T23:26:14.371+0000] {logging_mixin.py:190} INFO - [2025-03-17T23:26:14.371+0000] {dagbag.py:588} INFO - Filling up the DagBag from /home/airflow/.local/lib/python3.12/site-packages/airflow/example_dags/example_skip_dag.py
[2025-03-17T23:26:14.375+0000] {processor.py:925} INFO - DAG(s) 'example_skip_dag' retrieved from /home/airflow/.local/lib/python3.12/site-packages/airflow/example_dags/example_skip_dag.py
[2025-03-17T23:26:14.386+0000] {logging_mixin.py:190} INFO - [2025-03-17T23:26:14.386+0000] {dag.py:3239} INFO - Sync 1 DAGs
[2025-03-17T23:26:14.397+0000] {logging_mixin.py:190} INFO - [2025-03-17T23:26:14.397+0000] {dag.py:4180} INFO - Setting next_dagrun for example_skip_dag to 2025-03-16 00:00:00+00:00, run_after=2025-03-17 00:00:00+00:00
[2025-03-17T23:26:14.406+0000] {processor.py:208} INFO - Processing /home/airflow/.local/lib/python3.12/site-packages/airflow/example_dags/example_skip_dag.py took 0.041 seconds
[2025-03-17T23:26:45.208+0000] {processor.py:186} INFO - Started process (PID=3241) to work on /home/airflow/.local/lib/python3.12/site-packages/airflow/example_dags/example_skip_dag.py
[2025-03-17T23:26:45.209+0000] {processor.py:914} INFO - Processing file /home/airflow/.local/lib/python3.12/site-packages/airflow/example_dags/example_skip_dag.py for tasks to queue
[2025-03-17T23:26:45.210+0000] {logging_mixin.py:190} INFO - [2025-03-17T23:26:45.209+0000] {dagbag.py:588} INFO - Filling up the DagBag from /home/airflow/.local/lib/python3.12/site-packages/airflow/example_dags/example_skip_dag.py
[2025-03-17T23:26:45.214+0000] {processor.py:925} INFO - DAG(s) 'example_skip_dag' retrieved from /home/airflow/.local/lib/python3.12/site-packages/airflow/example_dags/example_skip_dag.py
[2025-03-17T23:26:45.225+0000] {logging_mixin.py:190} INFO - [2025-03-17T23:26:45.225+0000] {dag.py:3239} INFO - Sync 1 DAGs
[2025-03-17T23:26:45.236+0000] {logging_mixin.py:190} INFO - [2025-03-17T23:26:45.236+0000] {dag.py:4180} INFO - Setting next_dagrun for example_skip_dag to 2025-03-16 00:00:00+00:00, run_after=2025-03-17 00:00:00+00:00
[2025-03-17T23:26:45.246+0000] {processor.py:208} INFO - Processing /home/airflow/.local/lib/python3.12/site-packages/airflow/example_dags/example_skip_dag.py took 0.041 seconds
[2025-03-17T23:27:16.222+0000] {processor.py:186} INFO - Started process (PID=3532) to work on /home/airflow/.local/lib/python3.12/site-packages/airflow/example_dags/example_skip_dag.py
[2025-03-17T23:27:16.223+0000] {processor.py:914} INFO - Processing file /home/airflow/.local/lib/python3.12/site-packages/airflow/example_dags/example_skip_dag.py for tasks to queue
[2025-03-17T23:27:16.224+0000] {logging_mixin.py:190} INFO - [2025-03-17T23:27:16.223+0000] {dagbag.py:588} INFO - Filling up the DagBag from /home/airflow/.local/lib/python3.12/site-packages/airflow/example_dags/example_skip_dag.py
[2025-03-17T23:27:16.228+0000] {processor.py:925} INFO - DAG(s) 'example_skip_dag' retrieved from /home/airflow/.local/lib/python3.12/site-packages/airflow/example_dags/example_skip_dag.py
[2025-03-17T23:27:16.241+0000] {logging_mixin.py:190} INFO - [2025-03-17T23:27:16.241+0000] {dag.py:3239} INFO - Sync 1 DAGs
[2025-03-17T23:27:16.252+0000] {logging_mixin.py:190} INFO - [2025-03-17T23:27:16.252+0000] {dag.py:4180} INFO - Setting next_dagrun for example_skip_dag to 2025-03-16 00:00:00+00:00, run_after=2025-03-17 00:00:00+00:00
[2025-03-17T23:27:16.260+0000] {processor.py:208} INFO - Processing /home/airflow/.local/lib/python3.12/site-packages/airflow/example_dags/example_skip_dag.py took 0.041 seconds
[2025-03-17T23:27:47.255+0000] {processor.py:186} INFO - Started process (PID=3823) to work on /home/airflow/.local/lib/python3.12/site-packages/airflow/example_dags/example_skip_dag.py
[2025-03-17T23:27:47.257+0000] {processor.py:914} INFO - Processing file /home/airflow/.local/lib/python3.12/site-packages/airflow/example_dags/example_skip_dag.py for tasks to queue
[2025-03-17T23:27:47.263+0000] {logging_mixin.py:190} INFO - [2025-03-17T23:27:47.262+0000] {dagbag.py:588} INFO - Filling up the DagBag from /home/airflow/.local/lib/python3.12/site-packages/airflow/example_dags/example_skip_dag.py
[2025-03-17T23:27:47.272+0000] {processor.py:925} INFO - DAG(s) 'example_skip_dag' retrieved from /home/airflow/.local/lib/python3.12/site-packages/airflow/example_dags/example_skip_dag.py
[2025-03-17T23:27:47.291+0000] {logging_mixin.py:190} INFO - [2025-03-17T23:27:47.291+0000] {dag.py:3239} INFO - Sync 1 DAGs
[2025-03-17T23:27:47.305+0000] {logging_mixin.py:190} INFO - [2025-03-17T23:27:47.305+0000] {dag.py:4180} INFO - Setting next_dagrun for example_skip_dag to 2025-03-16 00:00:00+00:00, run_after=2025-03-17 00:00:00+00:00
[2025-03-17T23:27:47.315+0000] {processor.py:208} INFO - Processing /home/airflow/.local/lib/python3.12/site-packages/airflow/example_dags/example_skip_dag.py took 0.065 seconds
[2025-03-17T23:28:17.826+0000] {processor.py:186} INFO - Started process (PID=4114) to work on /home/airflow/.local/lib/python3.12/site-packages/airflow/example_dags/example_skip_dag.py
[2025-03-17T23:28:17.827+0000] {processor.py:914} INFO - Processing file /home/airflow/.local/lib/python3.12/site-packages/airflow/example_dags/example_skip_dag.py for tasks to queue
[2025-03-17T23:28:17.829+0000] {logging_mixin.py:190} INFO - [2025-03-17T23:28:17.829+0000] {dagbag.py:588} INFO - Filling up the DagBag from /home/airflow/.local/lib/python3.12/site-packages/airflow/example_dags/example_skip_dag.py
[2025-03-17T23:28:17.833+0000] {processor.py:925} INFO - DAG(s) 'example_skip_dag' retrieved from /home/airflow/.local/lib/python3.12/site-packages/airflow/example_dags/example_skip_dag.py
[2025-03-17T23:28:17.845+0000] {logging_mixin.py:190} INFO - [2025-03-17T23:28:17.845+0000] {dag.py:3239} INFO - Sync 1 DAGs
[2025-03-17T23:28:17.855+0000] {logging_mixin.py:190} INFO - [2025-03-17T23:28:17.855+0000] {dag.py:4180} INFO - Setting next_dagrun for example_skip_dag to 2025-03-16 00:00:00+00:00, run_after=2025-03-17 00:00:00+00:00
[2025-03-17T23:28:17.863+0000] {processor.py:208} INFO - Processing /home/airflow/.local/lib/python3.12/site-packages/airflow/example_dags/example_skip_dag.py took 0.039 seconds
[2025-03-17T23:28:48.625+0000] {processor.py:186} INFO - Started process (PID=4405) to work on /home/airflow/.local/lib/python3.12/site-packages/airflow/example_dags/example_skip_dag.py
[2025-03-17T23:28:48.627+0000] {processor.py:914} INFO - Processing file /home/airflow/.local/lib/python3.12/site-packages/airflow/example_dags/example_skip_dag.py for tasks to queue
[2025-03-17T23:28:48.628+0000] {logging_mixin.py:190} INFO - [2025-03-17T23:28:48.628+0000] {dagbag.py:588} INFO - Filling up the DagBag from /home/airflow/.local/lib/python3.12/site-packages/airflow/example_dags/example_skip_dag.py
[2025-03-17T23:28:48.632+0000] {processor.py:925} INFO - DAG(s) 'example_skip_dag' retrieved from /home/airflow/.local/lib/python3.12/site-packages/airflow/example_dags/example_skip_dag.py
[2025-03-17T23:28:48.644+0000] {logging_mixin.py:190} INFO - [2025-03-17T23:28:48.644+0000] {dag.py:3239} INFO - Sync 1 DAGs
[2025-03-17T23:28:48.654+0000] {logging_mixin.py:190} INFO - [2025-03-17T23:28:48.654+0000] {dag.py:4180} INFO - Setting next_dagrun for example_skip_dag to 2025-03-16 00:00:00+00:00, run_after=2025-03-17 00:00:00+00:00
[2025-03-17T23:28:48.663+0000] {processor.py:208} INFO - Processing /home/airflow/.local/lib/python3.12/site-packages/airflow/example_dags/example_skip_dag.py took 0.040 seconds
[2025-03-17T23:29:19.284+0000] {processor.py:186} INFO - Started process (PID=4696) to work on /home/airflow/.local/lib/python3.12/site-packages/airflow/example_dags/example_skip_dag.py
[2025-03-17T23:29:19.286+0000] {processor.py:914} INFO - Processing file /home/airflow/.local/lib/python3.12/site-packages/airflow/example_dags/example_skip_dag.py for tasks to queue
[2025-03-17T23:29:19.287+0000] {logging_mixin.py:190} INFO - [2025-03-17T23:29:19.287+0000] {dagbag.py:588} INFO - Filling up the DagBag from /home/airflow/.local/lib/python3.12/site-packages/airflow/example_dags/example_skip_dag.py
[2025-03-17T23:29:19.291+0000] {processor.py:925} INFO - DAG(s) 'example_skip_dag' retrieved from /home/airflow/.local/lib/python3.12/site-packages/airflow/example_dags/example_skip_dag.py
[2025-03-17T23:29:19.302+0000] {logging_mixin.py:190} INFO - [2025-03-17T23:29:19.302+0000] {dag.py:3239} INFO - Sync 1 DAGs
[2025-03-17T23:29:19.316+0000] {logging_mixin.py:190} INFO - [2025-03-17T23:29:19.316+0000] {dag.py:4180} INFO - Setting next_dagrun for example_skip_dag to 2025-03-16 00:00:00+00:00, run_after=2025-03-17 00:00:00+00:00
[2025-03-17T23:29:19.325+0000] {processor.py:208} INFO - Processing /home/airflow/.local/lib/python3.12/site-packages/airflow/example_dags/example_skip_dag.py took 0.044 seconds
[2025-03-17T23:29:49.827+0000] {processor.py:186} INFO - Started process (PID=4987) to work on /home/airflow/.local/lib/python3.12/site-packages/airflow/example_dags/example_skip_dag.py
[2025-03-17T23:29:49.828+0000] {processor.py:914} INFO - Processing file /home/airflow/.local/lib/python3.12/site-packages/airflow/example_dags/example_skip_dag.py for tasks to queue
[2025-03-17T23:29:49.829+0000] {logging_mixin.py:190} INFO - [2025-03-17T23:29:49.829+0000] {dagbag.py:588} INFO - Filling up the DagBag from /home/airflow/.local/lib/python3.12/site-packages/airflow/example_dags/example_skip_dag.py
[2025-03-17T23:29:49.834+0000] {processor.py:925} INFO - DAG(s) 'example_skip_dag' retrieved from /home/airflow/.local/lib/python3.12/site-packages/airflow/example_dags/example_skip_dag.py
[2025-03-17T23:29:49.845+0000] {logging_mixin.py:190} INFO - [2025-03-17T23:29:49.845+0000] {dag.py:3239} INFO - Sync 1 DAGs
[2025-03-17T23:29:49.856+0000] {logging_mixin.py:190} INFO - [2025-03-17T23:29:49.856+0000] {dag.py:4180} INFO - Setting next_dagrun for example_skip_dag to 2025-03-16 00:00:00+00:00, run_after=2025-03-17 00:00:00+00:00
[2025-03-17T23:29:49.868+0000] {processor.py:208} INFO - Processing /home/airflow/.local/lib/python3.12/site-packages/airflow/example_dags/example_skip_dag.py took 0.043 seconds
[2025-03-17T23:30:20.443+0000] {processor.py:186} INFO - Started process (PID=5278) to work on /home/airflow/.local/lib/python3.12/site-packages/airflow/example_dags/example_skip_dag.py
[2025-03-17T23:30:20.443+0000] {processor.py:914} INFO - Processing file /home/airflow/.local/lib/python3.12/site-packages/airflow/example_dags/example_skip_dag.py for tasks to queue
[2025-03-17T23:30:20.444+0000] {logging_mixin.py:190} INFO - [2025-03-17T23:30:20.444+0000] {dagbag.py:588} INFO - Filling up the DagBag from /home/airflow/.local/lib/python3.12/site-packages/airflow/example_dags/example_skip_dag.py
[2025-03-17T23:30:20.448+0000] {processor.py:925} INFO - DAG(s) 'example_skip_dag' retrieved from /home/airflow/.local/lib/python3.12/site-packages/airflow/example_dags/example_skip_dag.py
[2025-03-17T23:30:20.459+0000] {logging_mixin.py:190} INFO - [2025-03-17T23:30:20.459+0000] {dag.py:3239} INFO - Sync 1 DAGs
[2025-03-17T23:30:20.471+0000] {logging_mixin.py:190} INFO - [2025-03-17T23:30:20.471+0000] {dag.py:4180} INFO - Setting next_dagrun for example_skip_dag to 2025-03-16 00:00:00+00:00, run_after=2025-03-17 00:00:00+00:00
[2025-03-17T23:30:20.480+0000] {processor.py:208} INFO - Processing /home/airflow/.local/lib/python3.12/site-packages/airflow/example_dags/example_skip_dag.py took 0.040 seconds
[2025-03-17T23:30:51.021+0000] {processor.py:186} INFO - Started process (PID=5569) to work on /home/airflow/.local/lib/python3.12/site-packages/airflow/example_dags/example_skip_dag.py
[2025-03-17T23:30:51.022+0000] {processor.py:914} INFO - Processing file /home/airflow/.local/lib/python3.12/site-packages/airflow/example_dags/example_skip_dag.py for tasks to queue
[2025-03-17T23:30:51.023+0000] {logging_mixin.py:190} INFO - [2025-03-17T23:30:51.023+0000] {dagbag.py:588} INFO - Filling up the DagBag from /home/airflow/.local/lib/python3.12/site-packages/airflow/example_dags/example_skip_dag.py
[2025-03-17T23:30:51.027+0000] {processor.py:925} INFO - DAG(s) 'example_skip_dag' retrieved from /home/airflow/.local/lib/python3.12/site-packages/airflow/example_dags/example_skip_dag.py
[2025-03-17T23:30:51.039+0000] {logging_mixin.py:190} INFO - [2025-03-17T23:30:51.039+0000] {dag.py:3239} INFO - Sync 1 DAGs
[2025-03-17T23:30:51.050+0000] {logging_mixin.py:190} INFO - [2025-03-17T23:30:51.050+0000] {dag.py:4180} INFO - Setting next_dagrun for example_skip_dag to 2025-03-16 00:00:00+00:00, run_after=2025-03-17 00:00:00+00:00
[2025-03-17T23:30:51.058+0000] {processor.py:208} INFO - Processing /home/airflow/.local/lib/python3.12/site-packages/airflow/example_dags/example_skip_dag.py took 0.040 seconds
[2025-03-17T23:31:21.578+0000] {processor.py:186} INFO - Started process (PID=5860) to work on /home/airflow/.local/lib/python3.12/site-packages/airflow/example_dags/example_skip_dag.py
[2025-03-17T23:31:21.579+0000] {processor.py:914} INFO - Processing file /home/airflow/.local/lib/python3.12/site-packages/airflow/example_dags/example_skip_dag.py for tasks to queue
[2025-03-17T23:31:21.580+0000] {logging_mixin.py:190} INFO - [2025-03-17T23:31:21.580+0000] {dagbag.py:588} INFO - Filling up the DagBag from /home/airflow/.local/lib/python3.12/site-packages/airflow/example_dags/example_skip_dag.py
[2025-03-17T23:31:21.584+0000] {processor.py:925} INFO - DAG(s) 'example_skip_dag' retrieved from /home/airflow/.local/lib/python3.12/site-packages/airflow/example_dags/example_skip_dag.py
[2025-03-17T23:31:21.594+0000] {logging_mixin.py:190} INFO - [2025-03-17T23:31:21.594+0000] {dag.py:3239} INFO - Sync 1 DAGs
[2025-03-17T23:31:21.605+0000] {logging_mixin.py:190} INFO - [2025-03-17T23:31:21.605+0000] {dag.py:4180} INFO - Setting next_dagrun for example_skip_dag to 2025-03-16 00:00:00+00:00, run_after=2025-03-17 00:00:00+00:00
[2025-03-17T23:31:21.613+0000] {processor.py:208} INFO - Processing /home/airflow/.local/lib/python3.12/site-packages/airflow/example_dags/example_skip_dag.py took 0.038 seconds
[2025-03-17T23:31:52.107+0000] {processor.py:186} INFO - Started process (PID=6151) to work on /home/airflow/.local/lib/python3.12/site-packages/airflow/example_dags/example_skip_dag.py
[2025-03-17T23:31:52.108+0000] {processor.py:914} INFO - Processing file /home/airflow/.local/lib/python3.12/site-packages/airflow/example_dags/example_skip_dag.py for tasks to queue
[2025-03-17T23:31:52.111+0000] {logging_mixin.py:190} INFO - [2025-03-17T23:31:52.110+0000] {dagbag.py:588} INFO - Filling up the DagBag from /home/airflow/.local/lib/python3.12/site-packages/airflow/example_dags/example_skip_dag.py
[2025-03-17T23:31:52.114+0000] {processor.py:925} INFO - DAG(s) 'example_skip_dag' retrieved from /home/airflow/.local/lib/python3.12/site-packages/airflow/example_dags/example_skip_dag.py
[2025-03-17T23:31:52.124+0000] {logging_mixin.py:190} INFO - [2025-03-17T23:31:52.124+0000] {dag.py:3239} INFO - Sync 1 DAGs
[2025-03-17T23:31:52.136+0000] {logging_mixin.py:190} INFO - [2025-03-17T23:31:52.135+0000] {dag.py:4180} INFO - Setting next_dagrun for example_skip_dag to 2025-03-16 00:00:00+00:00, run_after=2025-03-17 00:00:00+00:00
[2025-03-17T23:31:52.144+0000] {processor.py:208} INFO - Processing /home/airflow/.local/lib/python3.12/site-packages/airflow/example_dags/example_skip_dag.py took 0.040 seconds
[2025-03-17T23:32:22.669+0000] {processor.py:186} INFO - Started process (PID=6442) to work on /home/airflow/.local/lib/python3.12/site-packages/airflow/example_dags/example_skip_dag.py
[2025-03-17T23:32:22.670+0000] {processor.py:914} INFO - Processing file /home/airflow/.local/lib/python3.12/site-packages/airflow/example_dags/example_skip_dag.py for tasks to queue
[2025-03-17T23:32:22.671+0000] {logging_mixin.py:190} INFO - [2025-03-17T23:32:22.671+0000] {dagbag.py:588} INFO - Filling up the DagBag from /home/airflow/.local/lib/python3.12/site-packages/airflow/example_dags/example_skip_dag.py
[2025-03-17T23:32:22.675+0000] {processor.py:925} INFO - DAG(s) 'example_skip_dag' retrieved from /home/airflow/.local/lib/python3.12/site-packages/airflow/example_dags/example_skip_dag.py
[2025-03-17T23:32:22.684+0000] {logging_mixin.py:190} INFO - [2025-03-17T23:32:22.684+0000] {dag.py:3239} INFO - Sync 1 DAGs
[2025-03-17T23:32:22.697+0000] {logging_mixin.py:190} INFO - [2025-03-17T23:32:22.697+0000] {dag.py:4180} INFO - Setting next_dagrun for example_skip_dag to 2025-03-16 00:00:00+00:00, run_after=2025-03-17 00:00:00+00:00
[2025-03-17T23:32:22.705+0000] {processor.py:208} INFO - Processing /home/airflow/.local/lib/python3.12/site-packages/airflow/example_dags/example_skip_dag.py took 0.039 seconds
[2025-03-17T23:32:53.350+0000] {processor.py:186} INFO - Started process (PID=6733) to work on /home/airflow/.local/lib/python3.12/site-packages/airflow/example_dags/example_skip_dag.py
[2025-03-17T23:32:53.352+0000] {processor.py:914} INFO - Processing file /home/airflow/.local/lib/python3.12/site-packages/airflow/example_dags/example_skip_dag.py for tasks to queue
[2025-03-17T23:32:53.354+0000] {logging_mixin.py:190} INFO - [2025-03-17T23:32:53.353+0000] {dagbag.py:588} INFO - Filling up the DagBag from /home/airflow/.local/lib/python3.12/site-packages/airflow/example_dags/example_skip_dag.py
[2025-03-17T23:32:53.357+0000] {processor.py:925} INFO - DAG(s) 'example_skip_dag' retrieved from /home/airflow/.local/lib/python3.12/site-packages/airflow/example_dags/example_skip_dag.py
[2025-03-17T23:32:53.368+0000] {logging_mixin.py:190} INFO - [2025-03-17T23:32:53.368+0000] {dag.py:3239} INFO - Sync 1 DAGs
[2025-03-17T23:32:53.379+0000] {logging_mixin.py:190} INFO - [2025-03-17T23:32:53.379+0000] {dag.py:4180} INFO - Setting next_dagrun for example_skip_dag to 2025-03-16 00:00:00+00:00, run_after=2025-03-17 00:00:00+00:00
[2025-03-17T23:32:53.388+0000] {processor.py:208} INFO - Processing /home/airflow/.local/lib/python3.12/site-packages/airflow/example_dags/example_skip_dag.py took 0.041 seconds
[2025-03-17T23:33:24.012+0000] {processor.py:186} INFO - Started process (PID=7024) to work on /home/airflow/.local/lib/python3.12/site-packages/airflow/example_dags/example_skip_dag.py
[2025-03-17T23:33:24.013+0000] {processor.py:914} INFO - Processing file /home/airflow/.local/lib/python3.12/site-packages/airflow/example_dags/example_skip_dag.py for tasks to queue
[2025-03-17T23:33:24.015+0000] {logging_mixin.py:190} INFO - [2025-03-17T23:33:24.015+0000] {dagbag.py:588} INFO - Filling up the DagBag from /home/airflow/.local/lib/python3.12/site-packages/airflow/example_dags/example_skip_dag.py
[2025-03-17T23:33:24.019+0000] {processor.py:925} INFO - DAG(s) 'example_skip_dag' retrieved from /home/airflow/.local/lib/python3.12/site-packages/airflow/example_dags/example_skip_dag.py
[2025-03-17T23:33:24.028+0000] {logging_mixin.py:190} INFO - [2025-03-17T23:33:24.028+0000] {dag.py:3239} INFO - Sync 1 DAGs
[2025-03-17T23:33:24.039+0000] {logging_mixin.py:190} INFO - [2025-03-17T23:33:24.039+0000] {dag.py:4180} INFO - Setting next_dagrun for example_skip_dag to 2025-03-16 00:00:00+00:00, run_after=2025-03-17 00:00:00+00:00
[2025-03-17T23:33:24.048+0000] {processor.py:208} INFO - Processing /home/airflow/.local/lib/python3.12/site-packages/airflow/example_dags/example_skip_dag.py took 0.039 seconds
[2025-03-17T23:33:54.999+0000] {processor.py:186} INFO - Started process (PID=7315) to work on /home/airflow/.local/lib/python3.12/site-packages/airflow/example_dags/example_skip_dag.py
[2025-03-17T23:33:54.999+0000] {processor.py:914} INFO - Processing file /home/airflow/.local/lib/python3.12/site-packages/airflow/example_dags/example_skip_dag.py for tasks to queue
[2025-03-17T23:33:55.000+0000] {logging_mixin.py:190} INFO - [2025-03-17T23:33:55.000+0000] {dagbag.py:588} INFO - Filling up the DagBag from /home/airflow/.local/lib/python3.12/site-packages/airflow/example_dags/example_skip_dag.py
[2025-03-17T23:33:55.004+0000] {processor.py:925} INFO - DAG(s) 'example_skip_dag' retrieved from /home/airflow/.local/lib/python3.12/site-packages/airflow/example_dags/example_skip_dag.py
[2025-03-17T23:33:55.015+0000] {logging_mixin.py:190} INFO - [2025-03-17T23:33:55.014+0000] {dag.py:3239} INFO - Sync 1 DAGs
[2025-03-17T23:33:55.027+0000] {logging_mixin.py:190} INFO - [2025-03-17T23:33:55.026+0000] {dag.py:4180} INFO - Setting next_dagrun for example_skip_dag to 2025-03-16 00:00:00+00:00, run_after=2025-03-17 00:00:00+00:00
[2025-03-17T23:33:55.034+0000] {processor.py:208} INFO - Processing /home/airflow/.local/lib/python3.12/site-packages/airflow/example_dags/example_skip_dag.py took 0.039 seconds
[2025-03-17T23:34:25.902+0000] {processor.py:186} INFO - Started process (PID=7606) to work on /home/airflow/.local/lib/python3.12/site-packages/airflow/example_dags/example_skip_dag.py
[2025-03-17T23:34:25.902+0000] {processor.py:914} INFO - Processing file /home/airflow/.local/lib/python3.12/site-packages/airflow/example_dags/example_skip_dag.py for tasks to queue
[2025-03-17T23:34:25.904+0000] {logging_mixin.py:190} INFO - [2025-03-17T23:34:25.904+0000] {dagbag.py:588} INFO - Filling up the DagBag from /home/airflow/.local/lib/python3.12/site-packages/airflow/example_dags/example_skip_dag.py
[2025-03-17T23:34:25.908+0000] {processor.py:925} INFO - DAG(s) 'example_skip_dag' retrieved from /home/airflow/.local/lib/python3.12/site-packages/airflow/example_dags/example_skip_dag.py
[2025-03-17T23:34:25.925+0000] {logging_mixin.py:190} INFO - [2025-03-17T23:34:25.925+0000] {dag.py:3239} INFO - Sync 1 DAGs
[2025-03-17T23:34:25.937+0000] {logging_mixin.py:190} INFO - [2025-03-17T23:34:25.937+0000] {dag.py:4180} INFO - Setting next_dagrun for example_skip_dag to 2025-03-16 00:00:00+00:00, run_after=2025-03-17 00:00:00+00:00
[2025-03-17T23:34:25.946+0000] {processor.py:208} INFO - Processing /home/airflow/.local/lib/python3.12/site-packages/airflow/example_dags/example_skip_dag.py took 0.047 seconds
[2025-03-17T23:34:57.161+0000] {processor.py:186} INFO - Started process (PID=7936) to work on /home/airflow/.local/lib/python3.12/site-packages/airflow/example_dags/example_skip_dag.py
[2025-03-17T23:34:57.162+0000] {processor.py:914} INFO - Processing file /home/airflow/.local/lib/python3.12/site-packages/airflow/example_dags/example_skip_dag.py for tasks to queue
[2025-03-17T23:34:57.164+0000] {logging_mixin.py:190} INFO - [2025-03-17T23:34:57.164+0000] {dagbag.py:588} INFO - Filling up the DagBag from /home/airflow/.local/lib/python3.12/site-packages/airflow/example_dags/example_skip_dag.py
[2025-03-17T23:34:57.168+0000] {processor.py:925} INFO - DAG(s) 'example_skip_dag' retrieved from /home/airflow/.local/lib/python3.12/site-packages/airflow/example_dags/example_skip_dag.py
[2025-03-17T23:34:57.179+0000] {logging_mixin.py:190} INFO - [2025-03-17T23:34:57.179+0000] {dag.py:3239} INFO - Sync 1 DAGs
[2025-03-17T23:34:57.191+0000] {logging_mixin.py:190} INFO - [2025-03-17T23:34:57.191+0000] {dag.py:4180} INFO - Setting next_dagrun for example_skip_dag to 2025-03-16 00:00:00+00:00, run_after=2025-03-17 00:00:00+00:00
[2025-03-17T23:34:57.200+0000] {processor.py:208} INFO - Processing /home/airflow/.local/lib/python3.12/site-packages/airflow/example_dags/example_skip_dag.py took 0.042 seconds
[2025-03-17T23:35:27.997+0000] {processor.py:186} INFO - Started process (PID=8227) to work on /home/airflow/.local/lib/python3.12/site-packages/airflow/example_dags/example_skip_dag.py
[2025-03-17T23:35:27.998+0000] {processor.py:914} INFO - Processing file /home/airflow/.local/lib/python3.12/site-packages/airflow/example_dags/example_skip_dag.py for tasks to queue
[2025-03-17T23:35:27.999+0000] {logging_mixin.py:190} INFO - [2025-03-17T23:35:27.999+0000] {dagbag.py:588} INFO - Filling up the DagBag from /home/airflow/.local/lib/python3.12/site-packages/airflow/example_dags/example_skip_dag.py
[2025-03-17T23:35:28.003+0000] {processor.py:925} INFO - DAG(s) 'example_skip_dag' retrieved from /home/airflow/.local/lib/python3.12/site-packages/airflow/example_dags/example_skip_dag.py
[2025-03-17T23:35:28.013+0000] {logging_mixin.py:190} INFO - [2025-03-17T23:35:28.013+0000] {dag.py:3239} INFO - Sync 1 DAGs
[2025-03-17T23:35:28.025+0000] {logging_mixin.py:190} INFO - [2025-03-17T23:35:28.025+0000] {dag.py:4180} INFO - Setting next_dagrun for example_skip_dag to 2025-03-16 00:00:00+00:00, run_after=2025-03-17 00:00:00+00:00
[2025-03-17T23:35:28.033+0000] {processor.py:208} INFO - Processing /home/airflow/.local/lib/python3.12/site-packages/airflow/example_dags/example_skip_dag.py took 0.039 seconds
[2025-03-17T23:35:59.100+0000] {processor.py:186} INFO - Started process (PID=8518) to work on /home/airflow/.local/lib/python3.12/site-packages/airflow/example_dags/example_skip_dag.py
[2025-03-17T23:35:59.102+0000] {processor.py:914} INFO - Processing file /home/airflow/.local/lib/python3.12/site-packages/airflow/example_dags/example_skip_dag.py for tasks to queue
[2025-03-17T23:35:59.104+0000] {logging_mixin.py:190} INFO - [2025-03-17T23:35:59.103+0000] {dagbag.py:588} INFO - Filling up the DagBag from /home/airflow/.local/lib/python3.12/site-packages/airflow/example_dags/example_skip_dag.py
[2025-03-17T23:35:59.112+0000] {processor.py:925} INFO - DAG(s) 'example_skip_dag' retrieved from /home/airflow/.local/lib/python3.12/site-packages/airflow/example_dags/example_skip_dag.py
[2025-03-17T23:35:59.126+0000] {logging_mixin.py:190} INFO - [2025-03-17T23:35:59.126+0000] {dag.py:3239} INFO - Sync 1 DAGs
[2025-03-17T23:35:59.140+0000] {logging_mixin.py:190} INFO - [2025-03-17T23:35:59.140+0000] {dag.py:4180} INFO - Setting next_dagrun for example_skip_dag to 2025-03-16 00:00:00+00:00, run_after=2025-03-17 00:00:00+00:00
[2025-03-17T23:35:59.151+0000] {processor.py:208} INFO - Processing /home/airflow/.local/lib/python3.12/site-packages/airflow/example_dags/example_skip_dag.py took 0.056 seconds
[2025-03-17T23:36:30.463+0000] {processor.py:186} INFO - Started process (PID=8809) to work on /home/airflow/.local/lib/python3.12/site-packages/airflow/example_dags/example_skip_dag.py
[2025-03-17T23:36:30.464+0000] {processor.py:914} INFO - Processing file /home/airflow/.local/lib/python3.12/site-packages/airflow/example_dags/example_skip_dag.py for tasks to queue
[2025-03-17T23:36:30.466+0000] {logging_mixin.py:190} INFO - [2025-03-17T23:36:30.466+0000] {dagbag.py:588} INFO - Filling up the DagBag from /home/airflow/.local/lib/python3.12/site-packages/airflow/example_dags/example_skip_dag.py
[2025-03-17T23:36:30.470+0000] {processor.py:925} INFO - DAG(s) 'example_skip_dag' retrieved from /home/airflow/.local/lib/python3.12/site-packages/airflow/example_dags/example_skip_dag.py
[2025-03-17T23:36:30.480+0000] {logging_mixin.py:190} INFO - [2025-03-17T23:36:30.479+0000] {dag.py:3239} INFO - Sync 1 DAGs
[2025-03-17T23:36:30.496+0000] {logging_mixin.py:190} INFO - [2025-03-17T23:36:30.496+0000] {dag.py:4180} INFO - Setting next_dagrun for example_skip_dag to 2025-03-16 00:00:00+00:00, run_after=2025-03-17 00:00:00+00:00
[2025-03-17T23:36:30.506+0000] {processor.py:208} INFO - Processing /home/airflow/.local/lib/python3.12/site-packages/airflow/example_dags/example_skip_dag.py took 0.046 seconds
[2025-03-17T23:37:01.869+0000] {processor.py:186} INFO - Started process (PID=9100) to work on /home/airflow/.local/lib/python3.12/site-packages/airflow/example_dags/example_skip_dag.py
[2025-03-17T23:37:01.870+0000] {processor.py:914} INFO - Processing file /home/airflow/.local/lib/python3.12/site-packages/airflow/example_dags/example_skip_dag.py for tasks to queue
[2025-03-17T23:37:01.872+0000] {logging_mixin.py:190} INFO - [2025-03-17T23:37:01.871+0000] {dagbag.py:588} INFO - Filling up the DagBag from /home/airflow/.local/lib/python3.12/site-packages/airflow/example_dags/example_skip_dag.py
[2025-03-17T23:37:01.876+0000] {processor.py:925} INFO - DAG(s) 'example_skip_dag' retrieved from /home/airflow/.local/lib/python3.12/site-packages/airflow/example_dags/example_skip_dag.py
[2025-03-17T23:37:01.890+0000] {logging_mixin.py:190} INFO - [2025-03-17T23:37:01.890+0000] {dag.py:3239} INFO - Sync 1 DAGs
[2025-03-17T23:37:01.901+0000] {logging_mixin.py:190} INFO - [2025-03-17T23:37:01.901+0000] {dag.py:4180} INFO - Setting next_dagrun for example_skip_dag to 2025-03-16 00:00:00+00:00, run_after=2025-03-17 00:00:00+00:00
[2025-03-17T23:37:01.910+0000] {processor.py:208} INFO - Processing /home/airflow/.local/lib/python3.12/site-packages/airflow/example_dags/example_skip_dag.py took 0.044 seconds
[2025-03-17T23:37:33.459+0000] {processor.py:186} INFO - Started process (PID=9397) to work on /home/airflow/.local/lib/python3.12/site-packages/airflow/example_dags/example_skip_dag.py
[2025-03-17T23:37:33.460+0000] {processor.py:914} INFO - Processing file /home/airflow/.local/lib/python3.12/site-packages/airflow/example_dags/example_skip_dag.py for tasks to queue
[2025-03-17T23:37:33.462+0000] {logging_mixin.py:190} INFO - [2025-03-17T23:37:33.462+0000] {dagbag.py:588} INFO - Filling up the DagBag from /home/airflow/.local/lib/python3.12/site-packages/airflow/example_dags/example_skip_dag.py
[2025-03-17T23:37:33.467+0000] {processor.py:925} INFO - DAG(s) 'example_skip_dag' retrieved from /home/airflow/.local/lib/python3.12/site-packages/airflow/example_dags/example_skip_dag.py
[2025-03-17T23:37:33.481+0000] {logging_mixin.py:190} INFO - [2025-03-17T23:37:33.481+0000] {dag.py:3239} INFO - Sync 1 DAGs
[2025-03-17T23:37:33.493+0000] {logging_mixin.py:190} INFO - [2025-03-17T23:37:33.493+0000] {dag.py:4180} INFO - Setting next_dagrun for example_skip_dag to 2025-03-16 00:00:00+00:00, run_after=2025-03-17 00:00:00+00:00
[2025-03-17T23:37:33.502+0000] {processor.py:208} INFO - Processing /home/airflow/.local/lib/python3.12/site-packages/airflow/example_dags/example_skip_dag.py took 0.048 seconds
