[2025-03-17T23:21:36.765+0000] {processor.py:186} INFO - Started process (PID=407) to work on /home/airflow/.local/lib/python3.12/site-packages/airflow/example_dags/example_dataset_alias_with_no_taskflow.py
[2025-03-17T23:21:36.766+0000] {processor.py:914} INFO - Processing file /home/airflow/.local/lib/python3.12/site-packages/airflow/example_dags/example_dataset_alias_with_no_taskflow.py for tasks to queue
[2025-03-17T23:21:36.767+0000] {logging_mixin.py:190} INFO - [2025-03-17T23:21:36.767+0000] {dagbag.py:588} INFO - Filling up the DagBag from /home/airflow/.local/lib/python3.12/site-packages/airflow/example_dags/example_dataset_alias_with_no_taskflow.py
[2025-03-17T23:21:36.984+0000] {processor.py:925} INFO - DAG(s) 'dataset_alias_example_alias_producer_with_no_taskflow', 'dataset_alias_example_alias_consumer_with_no_taskflow', 'dataset_s3_bucket_consumer_with_no_taskflow', 'dataset_s3_bucket_producer_with_no_taskflow' retrieved from /home/airflow/.local/lib/python3.12/site-packages/airflow/example_dags/example_dataset_alias_with_no_taskflow.py
[2025-03-17T23:21:37.150+0000] {logging_mixin.py:190} INFO - [2025-03-17T23:21:37.149+0000] {override.py:1912} INFO - Created Permission View: can edit on DAG:dataset_alias_example_alias_producer_with_no_taskflow
[2025-03-17T23:21:37.155+0000] {logging_mixin.py:190} INFO - [2025-03-17T23:21:37.155+0000] {override.py:1912} INFO - Created Permission View: can read on DAG:dataset_alias_example_alias_producer_with_no_taskflow
[2025-03-17T23:21:37.158+0000] {logging_mixin.py:190} INFO - [2025-03-17T23:21:37.158+0000] {override.py:1912} INFO - Created Permission View: can delete on DAG:dataset_alias_example_alias_producer_with_no_taskflow
[2025-03-17T23:21:37.164+0000] {logging_mixin.py:190} INFO - [2025-03-17T23:21:37.164+0000] {override.py:1912} INFO - Created Permission View: can create on DAG Run:dataset_alias_example_alias_producer_with_no_taskflow
[2025-03-17T23:21:37.169+0000] {logging_mixin.py:190} INFO - [2025-03-17T23:21:37.168+0000] {override.py:1912} INFO - Created Permission View: menu access on DAG Run:dataset_alias_example_alias_producer_with_no_taskflow
[2025-03-17T23:21:37.171+0000] {logging_mixin.py:190} INFO - [2025-03-17T23:21:37.171+0000] {override.py:1912} INFO - Created Permission View: can read on DAG Run:dataset_alias_example_alias_producer_with_no_taskflow
[2025-03-17T23:21:37.174+0000] {logging_mixin.py:190} INFO - [2025-03-17T23:21:37.174+0000] {override.py:1912} INFO - Created Permission View: can delete on DAG Run:dataset_alias_example_alias_producer_with_no_taskflow
[2025-03-17T23:21:37.179+0000] {logging_mixin.py:190} INFO - [2025-03-17T23:21:37.179+0000] {override.py:1912} INFO - Created Permission View: can edit on DAG:dataset_alias_example_alias_consumer_with_no_taskflow
[2025-03-17T23:21:37.182+0000] {logging_mixin.py:190} INFO - [2025-03-17T23:21:37.182+0000] {override.py:1912} INFO - Created Permission View: can read on DAG:dataset_alias_example_alias_consumer_with_no_taskflow
[2025-03-17T23:21:37.184+0000] {logging_mixin.py:190} INFO - [2025-03-17T23:21:37.184+0000] {override.py:1912} INFO - Created Permission View: can delete on DAG:dataset_alias_example_alias_consumer_with_no_taskflow
[2025-03-17T23:21:37.187+0000] {logging_mixin.py:190} INFO - [2025-03-17T23:21:37.187+0000] {override.py:1912} INFO - Created Permission View: can create on DAG Run:dataset_alias_example_alias_consumer_with_no_taskflow
[2025-03-17T23:21:37.190+0000] {logging_mixin.py:190} INFO - [2025-03-17T23:21:37.190+0000] {override.py:1912} INFO - Created Permission View: menu access on DAG Run:dataset_alias_example_alias_consumer_with_no_taskflow
[2025-03-17T23:21:37.193+0000] {logging_mixin.py:190} INFO - [2025-03-17T23:21:37.192+0000] {override.py:1912} INFO - Created Permission View: can read on DAG Run:dataset_alias_example_alias_consumer_with_no_taskflow
[2025-03-17T23:21:37.195+0000] {logging_mixin.py:190} INFO - [2025-03-17T23:21:37.195+0000] {override.py:1912} INFO - Created Permission View: can delete on DAG Run:dataset_alias_example_alias_consumer_with_no_taskflow
[2025-03-17T23:21:37.199+0000] {logging_mixin.py:190} INFO - [2025-03-17T23:21:37.199+0000] {override.py:1912} INFO - Created Permission View: can edit on DAG:dataset_s3_bucket_consumer_with_no_taskflow
[2025-03-17T23:21:37.202+0000] {logging_mixin.py:190} INFO - [2025-03-17T23:21:37.202+0000] {override.py:1912} INFO - Created Permission View: can read on DAG:dataset_s3_bucket_consumer_with_no_taskflow
[2025-03-17T23:21:37.204+0000] {logging_mixin.py:190} INFO - [2025-03-17T23:21:37.204+0000] {override.py:1912} INFO - Created Permission View: can delete on DAG:dataset_s3_bucket_consumer_with_no_taskflow
[2025-03-17T23:21:37.206+0000] {logging_mixin.py:190} INFO - [2025-03-17T23:21:37.206+0000] {override.py:1912} INFO - Created Permission View: can create on DAG Run:dataset_s3_bucket_consumer_with_no_taskflow
[2025-03-17T23:21:37.209+0000] {logging_mixin.py:190} INFO - [2025-03-17T23:21:37.209+0000] {override.py:1912} INFO - Created Permission View: menu access on DAG Run:dataset_s3_bucket_consumer_with_no_taskflow
[2025-03-17T23:21:37.211+0000] {logging_mixin.py:190} INFO - [2025-03-17T23:21:37.211+0000] {override.py:1912} INFO - Created Permission View: can read on DAG Run:dataset_s3_bucket_consumer_with_no_taskflow
[2025-03-17T23:21:37.213+0000] {logging_mixin.py:190} INFO - [2025-03-17T23:21:37.213+0000] {override.py:1912} INFO - Created Permission View: can delete on DAG Run:dataset_s3_bucket_consumer_with_no_taskflow
[2025-03-17T23:21:37.218+0000] {logging_mixin.py:190} INFO - [2025-03-17T23:21:37.218+0000] {override.py:1912} INFO - Created Permission View: can edit on DAG:dataset_s3_bucket_producer_with_no_taskflow
[2025-03-17T23:21:37.221+0000] {logging_mixin.py:190} INFO - [2025-03-17T23:21:37.221+0000] {override.py:1912} INFO - Created Permission View: can read on DAG:dataset_s3_bucket_producer_with_no_taskflow
[2025-03-17T23:21:37.223+0000] {logging_mixin.py:190} INFO - [2025-03-17T23:21:37.223+0000] {override.py:1912} INFO - Created Permission View: can delete on DAG:dataset_s3_bucket_producer_with_no_taskflow
[2025-03-17T23:21:37.225+0000] {logging_mixin.py:190} INFO - [2025-03-17T23:21:37.225+0000] {override.py:1912} INFO - Created Permission View: can create on DAG Run:dataset_s3_bucket_producer_with_no_taskflow
[2025-03-17T23:21:37.227+0000] {logging_mixin.py:190} INFO - [2025-03-17T23:21:37.227+0000] {override.py:1912} INFO - Created Permission View: menu access on DAG Run:dataset_s3_bucket_producer_with_no_taskflow
[2025-03-17T23:21:37.230+0000] {logging_mixin.py:190} INFO - [2025-03-17T23:21:37.230+0000] {override.py:1912} INFO - Created Permission View: can read on DAG Run:dataset_s3_bucket_producer_with_no_taskflow
[2025-03-17T23:21:37.232+0000] {logging_mixin.py:190} INFO - [2025-03-17T23:21:37.232+0000] {override.py:1912} INFO - Created Permission View: can delete on DAG Run:dataset_s3_bucket_producer_with_no_taskflow
[2025-03-17T23:21:37.232+0000] {logging_mixin.py:190} INFO - [2025-03-17T23:21:37.232+0000] {dag.py:3239} INFO - Sync 4 DAGs
[2025-03-17T23:21:37.239+0000] {logging_mixin.py:190} INFO - [2025-03-17T23:21:37.238+0000] {dag.py:3262} INFO - Creating ORM DAG for dataset_s3_bucket_consumer_with_no_taskflow
[2025-03-17T23:21:37.239+0000] {logging_mixin.py:190} INFO - [2025-03-17T23:21:37.239+0000] {dag.py:3262} INFO - Creating ORM DAG for dataset_s3_bucket_producer_with_no_taskflow
[2025-03-17T23:21:37.239+0000] {logging_mixin.py:190} INFO - [2025-03-17T23:21:37.239+0000] {dag.py:3262} INFO - Creating ORM DAG for dataset_alias_example_alias_producer_with_no_taskflow
[2025-03-17T23:21:37.240+0000] {logging_mixin.py:190} INFO - [2025-03-17T23:21:37.240+0000] {dag.py:3262} INFO - Creating ORM DAG for dataset_alias_example_alias_consumer_with_no_taskflow
[2025-03-17T23:21:37.245+0000] {logging_mixin.py:190} INFO - [2025-03-17T23:21:37.245+0000] {dag.py:4180} INFO - Setting next_dagrun for dataset_alias_example_alias_consumer_with_no_taskflow to None, run_after=None
[2025-03-17T23:21:37.245+0000] {logging_mixin.py:190} INFO - [2025-03-17T23:21:37.245+0000] {dag.py:4180} INFO - Setting next_dagrun for dataset_alias_example_alias_producer_with_no_taskflow to None, run_after=None
[2025-03-17T23:21:37.246+0000] {logging_mixin.py:190} INFO - [2025-03-17T23:21:37.246+0000] {dag.py:4180} INFO - Setting next_dagrun for dataset_s3_bucket_consumer_with_no_taskflow to None, run_after=None
[2025-03-17T23:21:37.246+0000] {logging_mixin.py:190} INFO - [2025-03-17T23:21:37.246+0000] {dag.py:4180} INFO - Setting next_dagrun for dataset_s3_bucket_producer_with_no_taskflow to None, run_after=None
[2025-03-17T23:21:37.263+0000] {processor.py:208} INFO - Processing /home/airflow/.local/lib/python3.12/site-packages/airflow/example_dags/example_dataset_alias_with_no_taskflow.py took 0.502 seconds
[2025-03-17T23:22:07.944+0000] {processor.py:186} INFO - Started process (PID=700) to work on /home/airflow/.local/lib/python3.12/site-packages/airflow/example_dags/example_dataset_alias_with_no_taskflow.py
[2025-03-17T23:22:07.946+0000] {processor.py:914} INFO - Processing file /home/airflow/.local/lib/python3.12/site-packages/airflow/example_dags/example_dataset_alias_with_no_taskflow.py for tasks to queue
[2025-03-17T23:22:07.949+0000] {logging_mixin.py:190} INFO - [2025-03-17T23:22:07.949+0000] {dagbag.py:588} INFO - Filling up the DagBag from /home/airflow/.local/lib/python3.12/site-packages/airflow/example_dags/example_dataset_alias_with_no_taskflow.py
[2025-03-17T23:22:08.151+0000] {processor.py:925} INFO - DAG(s) 'dataset_s3_bucket_producer_with_no_taskflow', 'dataset_alias_example_alias_consumer_with_no_taskflow', 'dataset_alias_example_alias_producer_with_no_taskflow', 'dataset_s3_bucket_consumer_with_no_taskflow' retrieved from /home/airflow/.local/lib/python3.12/site-packages/airflow/example_dags/example_dataset_alias_with_no_taskflow.py
[2025-03-17T23:22:08.161+0000] {logging_mixin.py:190} INFO - [2025-03-17T23:22:08.161+0000] {dag.py:3239} INFO - Sync 4 DAGs
[2025-03-17T23:22:08.276+0000] {logging_mixin.py:190} INFO - [2025-03-17T23:22:08.276+0000] {dag.py:4180} INFO - Setting next_dagrun for dataset_alias_example_alias_consumer_with_no_taskflow to None, run_after=None
[2025-03-17T23:22:08.277+0000] {logging_mixin.py:190} INFO - [2025-03-17T23:22:08.277+0000] {dag.py:4180} INFO - Setting next_dagrun for dataset_alias_example_alias_producer_with_no_taskflow to None, run_after=None
[2025-03-17T23:22:08.278+0000] {logging_mixin.py:190} INFO - [2025-03-17T23:22:08.278+0000] {dag.py:4180} INFO - Setting next_dagrun for dataset_s3_bucket_consumer_with_no_taskflow to None, run_after=None
[2025-03-17T23:22:08.278+0000] {logging_mixin.py:190} INFO - [2025-03-17T23:22:08.278+0000] {dag.py:4180} INFO - Setting next_dagrun for dataset_s3_bucket_producer_with_no_taskflow to None, run_after=None
[2025-03-17T23:22:08.289+0000] {processor.py:208} INFO - Processing /home/airflow/.local/lib/python3.12/site-packages/airflow/example_dags/example_dataset_alias_with_no_taskflow.py took 0.351 seconds
[2025-03-17T23:22:39.245+0000] {processor.py:186} INFO - Started process (PID=1011) to work on /home/airflow/.local/lib/python3.12/site-packages/airflow/example_dags/example_dataset_alias_with_no_taskflow.py
[2025-03-17T23:22:39.249+0000] {processor.py:914} INFO - Processing file /home/airflow/.local/lib/python3.12/site-packages/airflow/example_dags/example_dataset_alias_with_no_taskflow.py for tasks to queue
[2025-03-17T23:22:39.250+0000] {logging_mixin.py:190} INFO - [2025-03-17T23:22:39.250+0000] {dagbag.py:588} INFO - Filling up the DagBag from /home/airflow/.local/lib/python3.12/site-packages/airflow/example_dags/example_dataset_alias_with_no_taskflow.py
[2025-03-17T23:22:39.465+0000] {processor.py:925} INFO - DAG(s) 'dataset_alias_example_alias_producer_with_no_taskflow', 'dataset_alias_example_alias_consumer_with_no_taskflow', 'dataset_s3_bucket_producer_with_no_taskflow', 'dataset_s3_bucket_consumer_with_no_taskflow' retrieved from /home/airflow/.local/lib/python3.12/site-packages/airflow/example_dags/example_dataset_alias_with_no_taskflow.py
[2025-03-17T23:22:39.479+0000] {logging_mixin.py:190} INFO - [2025-03-17T23:22:39.479+0000] {dag.py:3239} INFO - Sync 4 DAGs
[2025-03-17T23:22:39.493+0000] {logging_mixin.py:190} INFO - [2025-03-17T23:22:39.493+0000] {dag.py:4180} INFO - Setting next_dagrun for dataset_alias_example_alias_consumer_with_no_taskflow to None, run_after=None
[2025-03-17T23:22:39.495+0000] {logging_mixin.py:190} INFO - [2025-03-17T23:22:39.494+0000] {dag.py:4180} INFO - Setting next_dagrun for dataset_alias_example_alias_producer_with_no_taskflow to None, run_after=None
[2025-03-17T23:22:39.616+0000] {logging_mixin.py:190} INFO - [2025-03-17T23:22:39.616+0000] {dag.py:4180} INFO - Setting next_dagrun for dataset_s3_bucket_consumer_with_no_taskflow to None, run_after=None
[2025-03-17T23:22:39.617+0000] {logging_mixin.py:190} INFO - [2025-03-17T23:22:39.617+0000] {dag.py:4180} INFO - Setting next_dagrun for dataset_s3_bucket_producer_with_no_taskflow to None, run_after=None
[2025-03-17T23:22:39.631+0000] {processor.py:208} INFO - Processing /home/airflow/.local/lib/python3.12/site-packages/airflow/example_dags/example_dataset_alias_with_no_taskflow.py took 0.391 seconds
[2025-03-17T23:23:10.009+0000] {processor.py:186} INFO - Started process (PID=1302) to work on /home/airflow/.local/lib/python3.12/site-packages/airflow/example_dags/example_dataset_alias_with_no_taskflow.py
[2025-03-17T23:23:10.010+0000] {processor.py:914} INFO - Processing file /home/airflow/.local/lib/python3.12/site-packages/airflow/example_dags/example_dataset_alias_with_no_taskflow.py for tasks to queue
[2025-03-17T23:23:10.011+0000] {logging_mixin.py:190} INFO - [2025-03-17T23:23:10.011+0000] {dagbag.py:588} INFO - Filling up the DagBag from /home/airflow/.local/lib/python3.12/site-packages/airflow/example_dags/example_dataset_alias_with_no_taskflow.py
[2025-03-17T23:23:10.332+0000] {processor.py:925} INFO - DAG(s) 'dataset_s3_bucket_consumer_with_no_taskflow', 'dataset_alias_example_alias_consumer_with_no_taskflow', 'dataset_s3_bucket_producer_with_no_taskflow', 'dataset_alias_example_alias_producer_with_no_taskflow' retrieved from /home/airflow/.local/lib/python3.12/site-packages/airflow/example_dags/example_dataset_alias_with_no_taskflow.py
[2025-03-17T23:23:10.341+0000] {logging_mixin.py:190} INFO - [2025-03-17T23:23:10.341+0000] {dag.py:3239} INFO - Sync 4 DAGs
[2025-03-17T23:23:10.350+0000] {logging_mixin.py:190} INFO - [2025-03-17T23:23:10.350+0000] {dag.py:4180} INFO - Setting next_dagrun for dataset_alias_example_alias_consumer_with_no_taskflow to None, run_after=None
[2025-03-17T23:23:10.351+0000] {logging_mixin.py:190} INFO - [2025-03-17T23:23:10.351+0000] {dag.py:4180} INFO - Setting next_dagrun for dataset_alias_example_alias_producer_with_no_taskflow to None, run_after=None
[2025-03-17T23:23:10.352+0000] {logging_mixin.py:190} INFO - [2025-03-17T23:23:10.352+0000] {dag.py:4180} INFO - Setting next_dagrun for dataset_s3_bucket_consumer_with_no_taskflow to None, run_after=None
[2025-03-17T23:23:10.353+0000] {logging_mixin.py:190} INFO - [2025-03-17T23:23:10.353+0000] {dag.py:4180} INFO - Setting next_dagrun for dataset_s3_bucket_producer_with_no_taskflow to None, run_after=None
[2025-03-17T23:23:10.366+0000] {processor.py:208} INFO - Processing /home/airflow/.local/lib/python3.12/site-packages/airflow/example_dags/example_dataset_alias_with_no_taskflow.py took 0.364 seconds
[2025-03-17T23:23:41.211+0000] {processor.py:186} INFO - Started process (PID=1593) to work on /home/airflow/.local/lib/python3.12/site-packages/airflow/example_dags/example_dataset_alias_with_no_taskflow.py
[2025-03-17T23:23:41.212+0000] {processor.py:914} INFO - Processing file /home/airflow/.local/lib/python3.12/site-packages/airflow/example_dags/example_dataset_alias_with_no_taskflow.py for tasks to queue
[2025-03-17T23:23:41.214+0000] {logging_mixin.py:190} INFO - [2025-03-17T23:23:41.214+0000] {dagbag.py:588} INFO - Filling up the DagBag from /home/airflow/.local/lib/python3.12/site-packages/airflow/example_dags/example_dataset_alias_with_no_taskflow.py
[2025-03-17T23:23:41.436+0000] {processor.py:925} INFO - DAG(s) 'dataset_s3_bucket_consumer_with_no_taskflow', 'dataset_alias_example_alias_consumer_with_no_taskflow', 'dataset_s3_bucket_producer_with_no_taskflow', 'dataset_alias_example_alias_producer_with_no_taskflow' retrieved from /home/airflow/.local/lib/python3.12/site-packages/airflow/example_dags/example_dataset_alias_with_no_taskflow.py
[2025-03-17T23:23:41.602+0000] {logging_mixin.py:190} INFO - [2025-03-17T23:23:41.602+0000] {dag.py:3239} INFO - Sync 4 DAGs
[2025-03-17T23:23:41.613+0000] {logging_mixin.py:190} INFO - [2025-03-17T23:23:41.612+0000] {dag.py:4180} INFO - Setting next_dagrun for dataset_alias_example_alias_consumer_with_no_taskflow to None, run_after=None
[2025-03-17T23:23:41.614+0000] {logging_mixin.py:190} INFO - [2025-03-17T23:23:41.614+0000] {dag.py:4180} INFO - Setting next_dagrun for dataset_alias_example_alias_producer_with_no_taskflow to None, run_after=None
[2025-03-17T23:23:41.615+0000] {logging_mixin.py:190} INFO - [2025-03-17T23:23:41.615+0000] {dag.py:4180} INFO - Setting next_dagrun for dataset_s3_bucket_consumer_with_no_taskflow to None, run_after=None
[2025-03-17T23:23:41.615+0000] {logging_mixin.py:190} INFO - [2025-03-17T23:23:41.615+0000] {dag.py:4180} INFO - Setting next_dagrun for dataset_s3_bucket_producer_with_no_taskflow to None, run_after=None
[2025-03-17T23:23:41.626+0000] {processor.py:208} INFO - Processing /home/airflow/.local/lib/python3.12/site-packages/airflow/example_dags/example_dataset_alias_with_no_taskflow.py took 0.419 seconds
[2025-03-17T23:24:12.164+0000] {processor.py:186} INFO - Started process (PID=1884) to work on /home/airflow/.local/lib/python3.12/site-packages/airflow/example_dags/example_dataset_alias_with_no_taskflow.py
[2025-03-17T23:24:12.165+0000] {processor.py:914} INFO - Processing file /home/airflow/.local/lib/python3.12/site-packages/airflow/example_dags/example_dataset_alias_with_no_taskflow.py for tasks to queue
[2025-03-17T23:24:12.167+0000] {logging_mixin.py:190} INFO - [2025-03-17T23:24:12.167+0000] {dagbag.py:588} INFO - Filling up the DagBag from /home/airflow/.local/lib/python3.12/site-packages/airflow/example_dags/example_dataset_alias_with_no_taskflow.py
[2025-03-17T23:24:12.515+0000] {processor.py:925} INFO - DAG(s) 'dataset_alias_example_alias_producer_with_no_taskflow', 'dataset_alias_example_alias_consumer_with_no_taskflow', 'dataset_s3_bucket_consumer_with_no_taskflow', 'dataset_s3_bucket_producer_with_no_taskflow' retrieved from /home/airflow/.local/lib/python3.12/site-packages/airflow/example_dags/example_dataset_alias_with_no_taskflow.py
[2025-03-17T23:24:12.525+0000] {logging_mixin.py:190} INFO - [2025-03-17T23:24:12.524+0000] {dag.py:3239} INFO - Sync 4 DAGs
[2025-03-17T23:24:12.536+0000] {logging_mixin.py:190} INFO - [2025-03-17T23:24:12.536+0000] {dag.py:4180} INFO - Setting next_dagrun for dataset_alias_example_alias_consumer_with_no_taskflow to None, run_after=None
[2025-03-17T23:24:12.537+0000] {logging_mixin.py:190} INFO - [2025-03-17T23:24:12.537+0000] {dag.py:4180} INFO - Setting next_dagrun for dataset_alias_example_alias_producer_with_no_taskflow to None, run_after=None
[2025-03-17T23:24:12.538+0000] {logging_mixin.py:190} INFO - [2025-03-17T23:24:12.537+0000] {dag.py:4180} INFO - Setting next_dagrun for dataset_s3_bucket_consumer_with_no_taskflow to None, run_after=None
[2025-03-17T23:24:12.538+0000] {logging_mixin.py:190} INFO - [2025-03-17T23:24:12.538+0000] {dag.py:4180} INFO - Setting next_dagrun for dataset_s3_bucket_producer_with_no_taskflow to None, run_after=None
[2025-03-17T23:24:12.550+0000] {processor.py:208} INFO - Processing /home/airflow/.local/lib/python3.12/site-packages/airflow/example_dags/example_dataset_alias_with_no_taskflow.py took 0.392 seconds
[2025-03-17T23:24:43.622+0000] {processor.py:186} INFO - Started process (PID=2174) to work on /home/airflow/.local/lib/python3.12/site-packages/airflow/example_dags/example_dataset_alias_with_no_taskflow.py
[2025-03-17T23:24:43.624+0000] {processor.py:914} INFO - Processing file /home/airflow/.local/lib/python3.12/site-packages/airflow/example_dags/example_dataset_alias_with_no_taskflow.py for tasks to queue
[2025-03-17T23:24:43.627+0000] {logging_mixin.py:190} INFO - [2025-03-17T23:24:43.626+0000] {dagbag.py:588} INFO - Filling up the DagBag from /home/airflow/.local/lib/python3.12/site-packages/airflow/example_dags/example_dataset_alias_with_no_taskflow.py
[2025-03-17T23:24:44.010+0000] {processor.py:925} INFO - DAG(s) 'dataset_alias_example_alias_producer_with_no_taskflow', 'dataset_alias_example_alias_consumer_with_no_taskflow', 'dataset_s3_bucket_producer_with_no_taskflow', 'dataset_s3_bucket_consumer_with_no_taskflow' retrieved from /home/airflow/.local/lib/python3.12/site-packages/airflow/example_dags/example_dataset_alias_with_no_taskflow.py
[2025-03-17T23:24:44.021+0000] {logging_mixin.py:190} INFO - [2025-03-17T23:24:44.021+0000] {dag.py:3239} INFO - Sync 4 DAGs
[2025-03-17T23:24:44.033+0000] {logging_mixin.py:190} INFO - [2025-03-17T23:24:44.032+0000] {dag.py:4180} INFO - Setting next_dagrun for dataset_alias_example_alias_consumer_with_no_taskflow to None, run_after=None
[2025-03-17T23:24:44.034+0000] {logging_mixin.py:190} INFO - [2025-03-17T23:24:44.034+0000] {dag.py:4180} INFO - Setting next_dagrun for dataset_alias_example_alias_producer_with_no_taskflow to None, run_after=None
[2025-03-17T23:24:44.035+0000] {logging_mixin.py:190} INFO - [2025-03-17T23:24:44.035+0000] {dag.py:4180} INFO - Setting next_dagrun for dataset_s3_bucket_consumer_with_no_taskflow to None, run_after=None
[2025-03-17T23:24:44.036+0000] {logging_mixin.py:190} INFO - [2025-03-17T23:24:44.036+0000] {dag.py:4180} INFO - Setting next_dagrun for dataset_s3_bucket_producer_with_no_taskflow to None, run_after=None
[2025-03-17T23:24:44.047+0000] {processor.py:208} INFO - Processing /home/airflow/.local/lib/python3.12/site-packages/airflow/example_dags/example_dataset_alias_with_no_taskflow.py took 0.434 seconds
[2025-03-17T23:25:14.395+0000] {processor.py:186} INFO - Started process (PID=2465) to work on /home/airflow/.local/lib/python3.12/site-packages/airflow/example_dags/example_dataset_alias_with_no_taskflow.py
[2025-03-17T23:25:14.396+0000] {processor.py:914} INFO - Processing file /home/airflow/.local/lib/python3.12/site-packages/airflow/example_dags/example_dataset_alias_with_no_taskflow.py for tasks to queue
[2025-03-17T23:25:14.398+0000] {logging_mixin.py:190} INFO - [2025-03-17T23:25:14.398+0000] {dagbag.py:588} INFO - Filling up the DagBag from /home/airflow/.local/lib/python3.12/site-packages/airflow/example_dags/example_dataset_alias_with_no_taskflow.py
[2025-03-17T23:25:14.785+0000] {processor.py:925} INFO - DAG(s) 'dataset_s3_bucket_producer_with_no_taskflow', 'dataset_s3_bucket_consumer_with_no_taskflow', 'dataset_alias_example_alias_producer_with_no_taskflow', 'dataset_alias_example_alias_consumer_with_no_taskflow' retrieved from /home/airflow/.local/lib/python3.12/site-packages/airflow/example_dags/example_dataset_alias_with_no_taskflow.py
[2025-03-17T23:25:14.794+0000] {logging_mixin.py:190} INFO - [2025-03-17T23:25:14.793+0000] {dag.py:3239} INFO - Sync 4 DAGs
[2025-03-17T23:25:14.804+0000] {logging_mixin.py:190} INFO - [2025-03-17T23:25:14.804+0000] {dag.py:4180} INFO - Setting next_dagrun for dataset_alias_example_alias_consumer_with_no_taskflow to None, run_after=None
[2025-03-17T23:25:14.805+0000] {logging_mixin.py:190} INFO - [2025-03-17T23:25:14.805+0000] {dag.py:4180} INFO - Setting next_dagrun for dataset_alias_example_alias_producer_with_no_taskflow to None, run_after=None
[2025-03-17T23:25:14.806+0000] {logging_mixin.py:190} INFO - [2025-03-17T23:25:14.806+0000] {dag.py:4180} INFO - Setting next_dagrun for dataset_s3_bucket_consumer_with_no_taskflow to None, run_after=None
[2025-03-17T23:25:14.807+0000] {logging_mixin.py:190} INFO - [2025-03-17T23:25:14.807+0000] {dag.py:4180} INFO - Setting next_dagrun for dataset_s3_bucket_producer_with_no_taskflow to None, run_after=None
[2025-03-17T23:25:14.816+0000] {processor.py:208} INFO - Processing /home/airflow/.local/lib/python3.12/site-packages/airflow/example_dags/example_dataset_alias_with_no_taskflow.py took 0.428 seconds
[2025-03-17T23:25:45.145+0000] {processor.py:186} INFO - Started process (PID=2756) to work on /home/airflow/.local/lib/python3.12/site-packages/airflow/example_dags/example_dataset_alias_with_no_taskflow.py
[2025-03-17T23:25:45.147+0000] {processor.py:914} INFO - Processing file /home/airflow/.local/lib/python3.12/site-packages/airflow/example_dags/example_dataset_alias_with_no_taskflow.py for tasks to queue
[2025-03-17T23:25:45.149+0000] {logging_mixin.py:190} INFO - [2025-03-17T23:25:45.149+0000] {dagbag.py:588} INFO - Filling up the DagBag from /home/airflow/.local/lib/python3.12/site-packages/airflow/example_dags/example_dataset_alias_with_no_taskflow.py
[2025-03-17T23:25:45.465+0000] {processor.py:925} INFO - DAG(s) 'dataset_s3_bucket_producer_with_no_taskflow', 'dataset_alias_example_alias_consumer_with_no_taskflow', 'dataset_s3_bucket_consumer_with_no_taskflow', 'dataset_alias_example_alias_producer_with_no_taskflow' retrieved from /home/airflow/.local/lib/python3.12/site-packages/airflow/example_dags/example_dataset_alias_with_no_taskflow.py
[2025-03-17T23:25:45.474+0000] {logging_mixin.py:190} INFO - [2025-03-17T23:25:45.473+0000] {dag.py:3239} INFO - Sync 4 DAGs
[2025-03-17T23:25:45.483+0000] {logging_mixin.py:190} INFO - [2025-03-17T23:25:45.483+0000] {dag.py:4180} INFO - Setting next_dagrun for dataset_alias_example_alias_consumer_with_no_taskflow to None, run_after=None
[2025-03-17T23:25:45.485+0000] {logging_mixin.py:190} INFO - [2025-03-17T23:25:45.485+0000] {dag.py:4180} INFO - Setting next_dagrun for dataset_alias_example_alias_producer_with_no_taskflow to None, run_after=None
[2025-03-17T23:25:45.485+0000] {logging_mixin.py:190} INFO - [2025-03-17T23:25:45.485+0000] {dag.py:4180} INFO - Setting next_dagrun for dataset_s3_bucket_consumer_with_no_taskflow to None, run_after=None
[2025-03-17T23:25:45.486+0000] {logging_mixin.py:190} INFO - [2025-03-17T23:25:45.486+0000] {dag.py:4180} INFO - Setting next_dagrun for dataset_s3_bucket_producer_with_no_taskflow to None, run_after=None
[2025-03-17T23:25:45.495+0000] {processor.py:208} INFO - Processing /home/airflow/.local/lib/python3.12/site-packages/airflow/example_dags/example_dataset_alias_with_no_taskflow.py took 0.358 seconds
[2025-03-17T23:26:16.037+0000] {processor.py:186} INFO - Started process (PID=3047) to work on /home/airflow/.local/lib/python3.12/site-packages/airflow/example_dags/example_dataset_alias_with_no_taskflow.py
[2025-03-17T23:26:16.039+0000] {processor.py:914} INFO - Processing file /home/airflow/.local/lib/python3.12/site-packages/airflow/example_dags/example_dataset_alias_with_no_taskflow.py for tasks to queue
[2025-03-17T23:26:16.041+0000] {logging_mixin.py:190} INFO - [2025-03-17T23:26:16.041+0000] {dagbag.py:588} INFO - Filling up the DagBag from /home/airflow/.local/lib/python3.12/site-packages/airflow/example_dags/example_dataset_alias_with_no_taskflow.py
[2025-03-17T23:26:16.338+0000] {processor.py:925} INFO - DAG(s) 'dataset_alias_example_alias_consumer_with_no_taskflow', 'dataset_s3_bucket_producer_with_no_taskflow', 'dataset_alias_example_alias_producer_with_no_taskflow', 'dataset_s3_bucket_consumer_with_no_taskflow' retrieved from /home/airflow/.local/lib/python3.12/site-packages/airflow/example_dags/example_dataset_alias_with_no_taskflow.py
[2025-03-17T23:26:16.347+0000] {logging_mixin.py:190} INFO - [2025-03-17T23:26:16.347+0000] {dag.py:3239} INFO - Sync 4 DAGs
[2025-03-17T23:26:16.358+0000] {logging_mixin.py:190} INFO - [2025-03-17T23:26:16.358+0000] {dag.py:4180} INFO - Setting next_dagrun for dataset_alias_example_alias_consumer_with_no_taskflow to None, run_after=None
[2025-03-17T23:26:16.360+0000] {logging_mixin.py:190} INFO - [2025-03-17T23:26:16.360+0000] {dag.py:4180} INFO - Setting next_dagrun for dataset_alias_example_alias_producer_with_no_taskflow to None, run_after=None
[2025-03-17T23:26:16.360+0000] {logging_mixin.py:190} INFO - [2025-03-17T23:26:16.360+0000] {dag.py:4180} INFO - Setting next_dagrun for dataset_s3_bucket_consumer_with_no_taskflow to None, run_after=None
[2025-03-17T23:26:16.361+0000] {logging_mixin.py:190} INFO - [2025-03-17T23:26:16.361+0000] {dag.py:4180} INFO - Setting next_dagrun for dataset_s3_bucket_producer_with_no_taskflow to None, run_after=None
[2025-03-17T23:26:16.371+0000] {processor.py:208} INFO - Processing /home/airflow/.local/lib/python3.12/site-packages/airflow/example_dags/example_dataset_alias_with_no_taskflow.py took 0.341 seconds
[2025-03-17T23:26:46.928+0000] {processor.py:186} INFO - Started process (PID=3338) to work on /home/airflow/.local/lib/python3.12/site-packages/airflow/example_dags/example_dataset_alias_with_no_taskflow.py
[2025-03-17T23:26:46.929+0000] {processor.py:914} INFO - Processing file /home/airflow/.local/lib/python3.12/site-packages/airflow/example_dags/example_dataset_alias_with_no_taskflow.py for tasks to queue
[2025-03-17T23:26:46.931+0000] {logging_mixin.py:190} INFO - [2025-03-17T23:26:46.931+0000] {dagbag.py:588} INFO - Filling up the DagBag from /home/airflow/.local/lib/python3.12/site-packages/airflow/example_dags/example_dataset_alias_with_no_taskflow.py
[2025-03-17T23:26:47.234+0000] {processor.py:925} INFO - DAG(s) 'dataset_alias_example_alias_consumer_with_no_taskflow', 'dataset_s3_bucket_consumer_with_no_taskflow', 'dataset_alias_example_alias_producer_with_no_taskflow', 'dataset_s3_bucket_producer_with_no_taskflow' retrieved from /home/airflow/.local/lib/python3.12/site-packages/airflow/example_dags/example_dataset_alias_with_no_taskflow.py
[2025-03-17T23:26:47.244+0000] {logging_mixin.py:190} INFO - [2025-03-17T23:26:47.244+0000] {dag.py:3239} INFO - Sync 4 DAGs
[2025-03-17T23:26:47.254+0000] {logging_mixin.py:190} INFO - [2025-03-17T23:26:47.253+0000] {dag.py:4180} INFO - Setting next_dagrun for dataset_alias_example_alias_consumer_with_no_taskflow to None, run_after=None
[2025-03-17T23:26:47.256+0000] {logging_mixin.py:190} INFO - [2025-03-17T23:26:47.255+0000] {dag.py:4180} INFO - Setting next_dagrun for dataset_alias_example_alias_producer_with_no_taskflow to None, run_after=None
[2025-03-17T23:26:47.257+0000] {logging_mixin.py:190} INFO - [2025-03-17T23:26:47.256+0000] {dag.py:4180} INFO - Setting next_dagrun for dataset_s3_bucket_consumer_with_no_taskflow to None, run_after=None
[2025-03-17T23:26:47.257+0000] {logging_mixin.py:190} INFO - [2025-03-17T23:26:47.257+0000] {dag.py:4180} INFO - Setting next_dagrun for dataset_s3_bucket_producer_with_no_taskflow to None, run_after=None
[2025-03-17T23:26:47.268+0000] {processor.py:208} INFO - Processing /home/airflow/.local/lib/python3.12/site-packages/airflow/example_dags/example_dataset_alias_with_no_taskflow.py took 0.346 seconds
[2025-03-17T23:27:17.903+0000] {processor.py:186} INFO - Started process (PID=3629) to work on /home/airflow/.local/lib/python3.12/site-packages/airflow/example_dags/example_dataset_alias_with_no_taskflow.py
[2025-03-17T23:27:17.904+0000] {processor.py:914} INFO - Processing file /home/airflow/.local/lib/python3.12/site-packages/airflow/example_dags/example_dataset_alias_with_no_taskflow.py for tasks to queue
[2025-03-17T23:27:17.906+0000] {logging_mixin.py:190} INFO - [2025-03-17T23:27:17.906+0000] {dagbag.py:588} INFO - Filling up the DagBag from /home/airflow/.local/lib/python3.12/site-packages/airflow/example_dags/example_dataset_alias_with_no_taskflow.py
[2025-03-17T23:27:18.194+0000] {processor.py:925} INFO - DAG(s) 'dataset_alias_example_alias_producer_with_no_taskflow', 'dataset_s3_bucket_consumer_with_no_taskflow', 'dataset_alias_example_alias_consumer_with_no_taskflow', 'dataset_s3_bucket_producer_with_no_taskflow' retrieved from /home/airflow/.local/lib/python3.12/site-packages/airflow/example_dags/example_dataset_alias_with_no_taskflow.py
[2025-03-17T23:27:18.210+0000] {logging_mixin.py:190} INFO - [2025-03-17T23:27:18.210+0000] {dag.py:3239} INFO - Sync 4 DAGs
[2025-03-17T23:27:18.222+0000] {logging_mixin.py:190} INFO - [2025-03-17T23:27:18.222+0000] {dag.py:4180} INFO - Setting next_dagrun for dataset_alias_example_alias_consumer_with_no_taskflow to None, run_after=None
[2025-03-17T23:27:18.224+0000] {logging_mixin.py:190} INFO - [2025-03-17T23:27:18.223+0000] {dag.py:4180} INFO - Setting next_dagrun for dataset_alias_example_alias_producer_with_no_taskflow to None, run_after=None
[2025-03-17T23:27:18.225+0000] {logging_mixin.py:190} INFO - [2025-03-17T23:27:18.225+0000] {dag.py:4180} INFO - Setting next_dagrun for dataset_s3_bucket_consumer_with_no_taskflow to None, run_after=None
[2025-03-17T23:27:18.226+0000] {logging_mixin.py:190} INFO - [2025-03-17T23:27:18.226+0000] {dag.py:4180} INFO - Setting next_dagrun for dataset_s3_bucket_producer_with_no_taskflow to None, run_after=None
[2025-03-17T23:27:18.238+0000] {processor.py:208} INFO - Processing /home/airflow/.local/lib/python3.12/site-packages/airflow/example_dags/example_dataset_alias_with_no_taskflow.py took 0.341 seconds
[2025-03-17T23:27:48.455+0000] {processor.py:186} INFO - Started process (PID=3918) to work on /home/airflow/.local/lib/python3.12/site-packages/airflow/example_dags/example_dataset_alias_with_no_taskflow.py
[2025-03-17T23:27:48.457+0000] {processor.py:914} INFO - Processing file /home/airflow/.local/lib/python3.12/site-packages/airflow/example_dags/example_dataset_alias_with_no_taskflow.py for tasks to queue
[2025-03-17T23:27:48.459+0000] {logging_mixin.py:190} INFO - [2025-03-17T23:27:48.458+0000] {dagbag.py:588} INFO - Filling up the DagBag from /home/airflow/.local/lib/python3.12/site-packages/airflow/example_dags/example_dataset_alias_with_no_taskflow.py
[2025-03-17T23:27:48.874+0000] {processor.py:925} INFO - DAG(s) 'dataset_s3_bucket_consumer_with_no_taskflow', 'dataset_alias_example_alias_producer_with_no_taskflow', 'dataset_s3_bucket_producer_with_no_taskflow', 'dataset_alias_example_alias_consumer_with_no_taskflow' retrieved from /home/airflow/.local/lib/python3.12/site-packages/airflow/example_dags/example_dataset_alias_with_no_taskflow.py
[2025-03-17T23:27:48.887+0000] {logging_mixin.py:190} INFO - [2025-03-17T23:27:48.886+0000] {dag.py:3239} INFO - Sync 4 DAGs
[2025-03-17T23:27:48.899+0000] {logging_mixin.py:190} INFO - [2025-03-17T23:27:48.898+0000] {dag.py:4180} INFO - Setting next_dagrun for dataset_alias_example_alias_consumer_with_no_taskflow to None, run_after=None
[2025-03-17T23:27:48.900+0000] {logging_mixin.py:190} INFO - [2025-03-17T23:27:48.900+0000] {dag.py:4180} INFO - Setting next_dagrun for dataset_alias_example_alias_producer_with_no_taskflow to None, run_after=None
[2025-03-17T23:27:48.901+0000] {logging_mixin.py:190} INFO - [2025-03-17T23:27:48.900+0000] {dag.py:4180} INFO - Setting next_dagrun for dataset_s3_bucket_consumer_with_no_taskflow to None, run_after=None
[2025-03-17T23:27:48.901+0000] {logging_mixin.py:190} INFO - [2025-03-17T23:27:48.901+0000] {dag.py:4180} INFO - Setting next_dagrun for dataset_s3_bucket_producer_with_no_taskflow to None, run_after=None
[2025-03-17T23:27:48.912+0000] {processor.py:208} INFO - Processing /home/airflow/.local/lib/python3.12/site-packages/airflow/example_dags/example_dataset_alias_with_no_taskflow.py took 0.460 seconds
[2025-03-17T23:28:19.541+0000] {processor.py:186} INFO - Started process (PID=4211) to work on /home/airflow/.local/lib/python3.12/site-packages/airflow/example_dags/example_dataset_alias_with_no_taskflow.py
[2025-03-17T23:28:19.543+0000] {processor.py:914} INFO - Processing file /home/airflow/.local/lib/python3.12/site-packages/airflow/example_dags/example_dataset_alias_with_no_taskflow.py for tasks to queue
[2025-03-17T23:28:19.547+0000] {logging_mixin.py:190} INFO - [2025-03-17T23:28:19.546+0000] {dagbag.py:588} INFO - Filling up the DagBag from /home/airflow/.local/lib/python3.12/site-packages/airflow/example_dags/example_dataset_alias_with_no_taskflow.py
[2025-03-17T23:28:19.853+0000] {processor.py:925} INFO - DAG(s) 'dataset_alias_example_alias_consumer_with_no_taskflow', 'dataset_s3_bucket_producer_with_no_taskflow', 'dataset_alias_example_alias_producer_with_no_taskflow', 'dataset_s3_bucket_consumer_with_no_taskflow' retrieved from /home/airflow/.local/lib/python3.12/site-packages/airflow/example_dags/example_dataset_alias_with_no_taskflow.py
[2025-03-17T23:28:19.866+0000] {logging_mixin.py:190} INFO - [2025-03-17T23:28:19.866+0000] {dag.py:3239} INFO - Sync 4 DAGs
[2025-03-17T23:28:19.876+0000] {logging_mixin.py:190} INFO - [2025-03-17T23:28:19.876+0000] {dag.py:4180} INFO - Setting next_dagrun for dataset_alias_example_alias_consumer_with_no_taskflow to None, run_after=None
[2025-03-17T23:28:19.879+0000] {logging_mixin.py:190} INFO - [2025-03-17T23:28:19.879+0000] {dag.py:4180} INFO - Setting next_dagrun for dataset_alias_example_alias_producer_with_no_taskflow to None, run_after=None
[2025-03-17T23:28:19.880+0000] {logging_mixin.py:190} INFO - [2025-03-17T23:28:19.880+0000] {dag.py:4180} INFO - Setting next_dagrun for dataset_s3_bucket_consumer_with_no_taskflow to None, run_after=None
[2025-03-17T23:28:19.881+0000] {logging_mixin.py:190} INFO - [2025-03-17T23:28:19.881+0000] {dag.py:4180} INFO - Setting next_dagrun for dataset_s3_bucket_producer_with_no_taskflow to None, run_after=None
[2025-03-17T23:28:19.890+0000] {processor.py:208} INFO - Processing /home/airflow/.local/lib/python3.12/site-packages/airflow/example_dags/example_dataset_alias_with_no_taskflow.py took 0.357 seconds
[2025-03-17T23:28:50.313+0000] {processor.py:186} INFO - Started process (PID=4502) to work on /home/airflow/.local/lib/python3.12/site-packages/airflow/example_dags/example_dataset_alias_with_no_taskflow.py
[2025-03-17T23:28:50.314+0000] {processor.py:914} INFO - Processing file /home/airflow/.local/lib/python3.12/site-packages/airflow/example_dags/example_dataset_alias_with_no_taskflow.py for tasks to queue
[2025-03-17T23:28:50.318+0000] {logging_mixin.py:190} INFO - [2025-03-17T23:28:50.318+0000] {dagbag.py:588} INFO - Filling up the DagBag from /home/airflow/.local/lib/python3.12/site-packages/airflow/example_dags/example_dataset_alias_with_no_taskflow.py
[2025-03-17T23:28:50.599+0000] {processor.py:925} INFO - DAG(s) 'dataset_alias_example_alias_producer_with_no_taskflow', 'dataset_s3_bucket_consumer_with_no_taskflow', 'dataset_s3_bucket_producer_with_no_taskflow', 'dataset_alias_example_alias_consumer_with_no_taskflow' retrieved from /home/airflow/.local/lib/python3.12/site-packages/airflow/example_dags/example_dataset_alias_with_no_taskflow.py
[2025-03-17T23:28:50.614+0000] {logging_mixin.py:190} INFO - [2025-03-17T23:28:50.614+0000] {dag.py:3239} INFO - Sync 4 DAGs
[2025-03-17T23:28:50.626+0000] {logging_mixin.py:190} INFO - [2025-03-17T23:28:50.626+0000] {dag.py:4180} INFO - Setting next_dagrun for dataset_alias_example_alias_consumer_with_no_taskflow to None, run_after=None
[2025-03-17T23:28:50.627+0000] {logging_mixin.py:190} INFO - [2025-03-17T23:28:50.627+0000] {dag.py:4180} INFO - Setting next_dagrun for dataset_alias_example_alias_producer_with_no_taskflow to None, run_after=None
[2025-03-17T23:28:50.628+0000] {logging_mixin.py:190} INFO - [2025-03-17T23:28:50.628+0000] {dag.py:4180} INFO - Setting next_dagrun for dataset_s3_bucket_consumer_with_no_taskflow to None, run_after=None
[2025-03-17T23:28:50.628+0000] {logging_mixin.py:190} INFO - [2025-03-17T23:28:50.628+0000] {dag.py:4180} INFO - Setting next_dagrun for dataset_s3_bucket_producer_with_no_taskflow to None, run_after=None
[2025-03-17T23:28:50.637+0000] {processor.py:208} INFO - Processing /home/airflow/.local/lib/python3.12/site-packages/airflow/example_dags/example_dataset_alias_with_no_taskflow.py took 0.333 seconds
[2025-03-17T23:29:20.941+0000] {processor.py:186} INFO - Started process (PID=4793) to work on /home/airflow/.local/lib/python3.12/site-packages/airflow/example_dags/example_dataset_alias_with_no_taskflow.py
[2025-03-17T23:29:20.942+0000] {processor.py:914} INFO - Processing file /home/airflow/.local/lib/python3.12/site-packages/airflow/example_dags/example_dataset_alias_with_no_taskflow.py for tasks to queue
[2025-03-17T23:29:20.944+0000] {logging_mixin.py:190} INFO - [2025-03-17T23:29:20.944+0000] {dagbag.py:588} INFO - Filling up the DagBag from /home/airflow/.local/lib/python3.12/site-packages/airflow/example_dags/example_dataset_alias_with_no_taskflow.py
[2025-03-17T23:29:21.216+0000] {processor.py:925} INFO - DAG(s) 'dataset_alias_example_alias_consumer_with_no_taskflow', 'dataset_s3_bucket_producer_with_no_taskflow', 'dataset_alias_example_alias_producer_with_no_taskflow', 'dataset_s3_bucket_consumer_with_no_taskflow' retrieved from /home/airflow/.local/lib/python3.12/site-packages/airflow/example_dags/example_dataset_alias_with_no_taskflow.py
[2025-03-17T23:29:21.225+0000] {logging_mixin.py:190} INFO - [2025-03-17T23:29:21.225+0000] {dag.py:3239} INFO - Sync 4 DAGs
[2025-03-17T23:29:21.235+0000] {logging_mixin.py:190} INFO - [2025-03-17T23:29:21.235+0000] {dag.py:4180} INFO - Setting next_dagrun for dataset_alias_example_alias_consumer_with_no_taskflow to None, run_after=None
[2025-03-17T23:29:21.236+0000] {logging_mixin.py:190} INFO - [2025-03-17T23:29:21.236+0000] {dag.py:4180} INFO - Setting next_dagrun for dataset_alias_example_alias_producer_with_no_taskflow to None, run_after=None
[2025-03-17T23:29:21.238+0000] {logging_mixin.py:190} INFO - [2025-03-17T23:29:21.238+0000] {dag.py:4180} INFO - Setting next_dagrun for dataset_s3_bucket_consumer_with_no_taskflow to None, run_after=None
[2025-03-17T23:29:21.239+0000] {logging_mixin.py:190} INFO - [2025-03-17T23:29:21.239+0000] {dag.py:4180} INFO - Setting next_dagrun for dataset_s3_bucket_producer_with_no_taskflow to None, run_after=None
[2025-03-17T23:29:21.251+0000] {processor.py:208} INFO - Processing /home/airflow/.local/lib/python3.12/site-packages/airflow/example_dags/example_dataset_alias_with_no_taskflow.py took 0.316 seconds
[2025-03-17T23:29:51.484+0000] {processor.py:186} INFO - Started process (PID=5084) to work on /home/airflow/.local/lib/python3.12/site-packages/airflow/example_dags/example_dataset_alias_with_no_taskflow.py
[2025-03-17T23:29:51.485+0000] {processor.py:914} INFO - Processing file /home/airflow/.local/lib/python3.12/site-packages/airflow/example_dags/example_dataset_alias_with_no_taskflow.py for tasks to queue
[2025-03-17T23:29:51.487+0000] {logging_mixin.py:190} INFO - [2025-03-17T23:29:51.487+0000] {dagbag.py:588} INFO - Filling up the DagBag from /home/airflow/.local/lib/python3.12/site-packages/airflow/example_dags/example_dataset_alias_with_no_taskflow.py
[2025-03-17T23:29:51.755+0000] {processor.py:925} INFO - DAG(s) 'dataset_s3_bucket_producer_with_no_taskflow', 'dataset_s3_bucket_consumer_with_no_taskflow', 'dataset_alias_example_alias_producer_with_no_taskflow', 'dataset_alias_example_alias_consumer_with_no_taskflow' retrieved from /home/airflow/.local/lib/python3.12/site-packages/airflow/example_dags/example_dataset_alias_with_no_taskflow.py
[2025-03-17T23:29:51.765+0000] {logging_mixin.py:190} INFO - [2025-03-17T23:29:51.765+0000] {dag.py:3239} INFO - Sync 4 DAGs
[2025-03-17T23:29:51.774+0000] {logging_mixin.py:190} INFO - [2025-03-17T23:29:51.774+0000] {dag.py:4180} INFO - Setting next_dagrun for dataset_alias_example_alias_consumer_with_no_taskflow to None, run_after=None
[2025-03-17T23:29:51.777+0000] {logging_mixin.py:190} INFO - [2025-03-17T23:29:51.777+0000] {dag.py:4180} INFO - Setting next_dagrun for dataset_alias_example_alias_producer_with_no_taskflow to None, run_after=None
[2025-03-17T23:29:51.778+0000] {logging_mixin.py:190} INFO - [2025-03-17T23:29:51.778+0000] {dag.py:4180} INFO - Setting next_dagrun for dataset_s3_bucket_consumer_with_no_taskflow to None, run_after=None
[2025-03-17T23:29:51.780+0000] {logging_mixin.py:190} INFO - [2025-03-17T23:29:51.780+0000] {dag.py:4180} INFO - Setting next_dagrun for dataset_s3_bucket_producer_with_no_taskflow to None, run_after=None
[2025-03-17T23:29:51.789+0000] {processor.py:208} INFO - Processing /home/airflow/.local/lib/python3.12/site-packages/airflow/example_dags/example_dataset_alias_with_no_taskflow.py took 0.311 seconds
[2025-03-17T23:30:22.106+0000] {processor.py:186} INFO - Started process (PID=5375) to work on /home/airflow/.local/lib/python3.12/site-packages/airflow/example_dags/example_dataset_alias_with_no_taskflow.py
[2025-03-17T23:30:22.107+0000] {processor.py:914} INFO - Processing file /home/airflow/.local/lib/python3.12/site-packages/airflow/example_dags/example_dataset_alias_with_no_taskflow.py for tasks to queue
[2025-03-17T23:30:22.109+0000] {logging_mixin.py:190} INFO - [2025-03-17T23:30:22.108+0000] {dagbag.py:588} INFO - Filling up the DagBag from /home/airflow/.local/lib/python3.12/site-packages/airflow/example_dags/example_dataset_alias_with_no_taskflow.py
[2025-03-17T23:30:22.383+0000] {processor.py:925} INFO - DAG(s) 'dataset_s3_bucket_producer_with_no_taskflow', 'dataset_s3_bucket_consumer_with_no_taskflow', 'dataset_alias_example_alias_consumer_with_no_taskflow', 'dataset_alias_example_alias_producer_with_no_taskflow' retrieved from /home/airflow/.local/lib/python3.12/site-packages/airflow/example_dags/example_dataset_alias_with_no_taskflow.py
[2025-03-17T23:30:22.393+0000] {logging_mixin.py:190} INFO - [2025-03-17T23:30:22.393+0000] {dag.py:3239} INFO - Sync 4 DAGs
[2025-03-17T23:30:22.405+0000] {logging_mixin.py:190} INFO - [2025-03-17T23:30:22.405+0000] {dag.py:4180} INFO - Setting next_dagrun for dataset_alias_example_alias_consumer_with_no_taskflow to None, run_after=None
[2025-03-17T23:30:22.408+0000] {logging_mixin.py:190} INFO - [2025-03-17T23:30:22.408+0000] {dag.py:4180} INFO - Setting next_dagrun for dataset_alias_example_alias_producer_with_no_taskflow to None, run_after=None
[2025-03-17T23:30:22.409+0000] {logging_mixin.py:190} INFO - [2025-03-17T23:30:22.409+0000] {dag.py:4180} INFO - Setting next_dagrun for dataset_s3_bucket_consumer_with_no_taskflow to None, run_after=None
[2025-03-17T23:30:22.410+0000] {logging_mixin.py:190} INFO - [2025-03-17T23:30:22.410+0000] {dag.py:4180} INFO - Setting next_dagrun for dataset_s3_bucket_producer_with_no_taskflow to None, run_after=None
[2025-03-17T23:30:22.420+0000] {processor.py:208} INFO - Processing /home/airflow/.local/lib/python3.12/site-packages/airflow/example_dags/example_dataset_alias_with_no_taskflow.py took 0.321 seconds
[2025-03-17T23:30:52.673+0000] {processor.py:186} INFO - Started process (PID=5666) to work on /home/airflow/.local/lib/python3.12/site-packages/airflow/example_dags/example_dataset_alias_with_no_taskflow.py
[2025-03-17T23:30:52.673+0000] {processor.py:914} INFO - Processing file /home/airflow/.local/lib/python3.12/site-packages/airflow/example_dags/example_dataset_alias_with_no_taskflow.py for tasks to queue
[2025-03-17T23:30:52.675+0000] {logging_mixin.py:190} INFO - [2025-03-17T23:30:52.675+0000] {dagbag.py:588} INFO - Filling up the DagBag from /home/airflow/.local/lib/python3.12/site-packages/airflow/example_dags/example_dataset_alias_with_no_taskflow.py
[2025-03-17T23:30:52.928+0000] {processor.py:925} INFO - DAG(s) 'dataset_alias_example_alias_consumer_with_no_taskflow', 'dataset_s3_bucket_producer_with_no_taskflow', 'dataset_alias_example_alias_producer_with_no_taskflow', 'dataset_s3_bucket_consumer_with_no_taskflow' retrieved from /home/airflow/.local/lib/python3.12/site-packages/airflow/example_dags/example_dataset_alias_with_no_taskflow.py
[2025-03-17T23:30:52.938+0000] {logging_mixin.py:190} INFO - [2025-03-17T23:30:52.937+0000] {dag.py:3239} INFO - Sync 4 DAGs
[2025-03-17T23:30:52.947+0000] {logging_mixin.py:190} INFO - [2025-03-17T23:30:52.947+0000] {dag.py:4180} INFO - Setting next_dagrun for dataset_alias_example_alias_consumer_with_no_taskflow to None, run_after=None
[2025-03-17T23:30:52.949+0000] {logging_mixin.py:190} INFO - [2025-03-17T23:30:52.949+0000] {dag.py:4180} INFO - Setting next_dagrun for dataset_alias_example_alias_producer_with_no_taskflow to None, run_after=None
[2025-03-17T23:30:52.950+0000] {logging_mixin.py:190} INFO - [2025-03-17T23:30:52.950+0000] {dag.py:4180} INFO - Setting next_dagrun for dataset_s3_bucket_consumer_with_no_taskflow to None, run_after=None
[2025-03-17T23:30:52.951+0000] {logging_mixin.py:190} INFO - [2025-03-17T23:30:52.951+0000] {dag.py:4180} INFO - Setting next_dagrun for dataset_s3_bucket_producer_with_no_taskflow to None, run_after=None
[2025-03-17T23:30:52.960+0000] {processor.py:208} INFO - Processing /home/airflow/.local/lib/python3.12/site-packages/airflow/example_dags/example_dataset_alias_with_no_taskflow.py took 0.291 seconds
[2025-03-17T23:31:23.246+0000] {processor.py:186} INFO - Started process (PID=5957) to work on /home/airflow/.local/lib/python3.12/site-packages/airflow/example_dags/example_dataset_alias_with_no_taskflow.py
[2025-03-17T23:31:23.247+0000] {processor.py:914} INFO - Processing file /home/airflow/.local/lib/python3.12/site-packages/airflow/example_dags/example_dataset_alias_with_no_taskflow.py for tasks to queue
[2025-03-17T23:31:23.249+0000] {logging_mixin.py:190} INFO - [2025-03-17T23:31:23.249+0000] {dagbag.py:588} INFO - Filling up the DagBag from /home/airflow/.local/lib/python3.12/site-packages/airflow/example_dags/example_dataset_alias_with_no_taskflow.py
[2025-03-17T23:31:23.519+0000] {processor.py:925} INFO - DAG(s) 'dataset_alias_example_alias_producer_with_no_taskflow', 'dataset_s3_bucket_consumer_with_no_taskflow', 'dataset_alias_example_alias_consumer_with_no_taskflow', 'dataset_s3_bucket_producer_with_no_taskflow' retrieved from /home/airflow/.local/lib/python3.12/site-packages/airflow/example_dags/example_dataset_alias_with_no_taskflow.py
[2025-03-17T23:31:23.529+0000] {logging_mixin.py:190} INFO - [2025-03-17T23:31:23.528+0000] {dag.py:3239} INFO - Sync 4 DAGs
[2025-03-17T23:31:23.539+0000] {logging_mixin.py:190} INFO - [2025-03-17T23:31:23.539+0000] {dag.py:4180} INFO - Setting next_dagrun for dataset_alias_example_alias_consumer_with_no_taskflow to None, run_after=None
[2025-03-17T23:31:23.541+0000] {logging_mixin.py:190} INFO - [2025-03-17T23:31:23.541+0000] {dag.py:4180} INFO - Setting next_dagrun for dataset_alias_example_alias_producer_with_no_taskflow to None, run_after=None
[2025-03-17T23:31:23.542+0000] {logging_mixin.py:190} INFO - [2025-03-17T23:31:23.542+0000] {dag.py:4180} INFO - Setting next_dagrun for dataset_s3_bucket_consumer_with_no_taskflow to None, run_after=None
[2025-03-17T23:31:23.543+0000] {logging_mixin.py:190} INFO - [2025-03-17T23:31:23.543+0000] {dag.py:4180} INFO - Setting next_dagrun for dataset_s3_bucket_producer_with_no_taskflow to None, run_after=None
[2025-03-17T23:31:23.552+0000] {processor.py:208} INFO - Processing /home/airflow/.local/lib/python3.12/site-packages/airflow/example_dags/example_dataset_alias_with_no_taskflow.py took 0.312 seconds
[2025-03-17T23:31:53.769+0000] {processor.py:186} INFO - Started process (PID=6248) to work on /home/airflow/.local/lib/python3.12/site-packages/airflow/example_dags/example_dataset_alias_with_no_taskflow.py
[2025-03-17T23:31:53.770+0000] {processor.py:914} INFO - Processing file /home/airflow/.local/lib/python3.12/site-packages/airflow/example_dags/example_dataset_alias_with_no_taskflow.py for tasks to queue
[2025-03-17T23:31:53.772+0000] {logging_mixin.py:190} INFO - [2025-03-17T23:31:53.772+0000] {dagbag.py:588} INFO - Filling up the DagBag from /home/airflow/.local/lib/python3.12/site-packages/airflow/example_dags/example_dataset_alias_with_no_taskflow.py
[2025-03-17T23:31:54.044+0000] {processor.py:925} INFO - DAG(s) 'dataset_alias_example_alias_producer_with_no_taskflow', 'dataset_s3_bucket_producer_with_no_taskflow', 'dataset_alias_example_alias_consumer_with_no_taskflow', 'dataset_s3_bucket_consumer_with_no_taskflow' retrieved from /home/airflow/.local/lib/python3.12/site-packages/airflow/example_dags/example_dataset_alias_with_no_taskflow.py
[2025-03-17T23:31:54.052+0000] {logging_mixin.py:190} INFO - [2025-03-17T23:31:54.052+0000] {dag.py:3239} INFO - Sync 4 DAGs
[2025-03-17T23:31:54.062+0000] {logging_mixin.py:190} INFO - [2025-03-17T23:31:54.062+0000] {dag.py:4180} INFO - Setting next_dagrun for dataset_alias_example_alias_consumer_with_no_taskflow to None, run_after=None
[2025-03-17T23:31:54.063+0000] {logging_mixin.py:190} INFO - [2025-03-17T23:31:54.063+0000] {dag.py:4180} INFO - Setting next_dagrun for dataset_alias_example_alias_producer_with_no_taskflow to None, run_after=None
[2025-03-17T23:31:54.064+0000] {logging_mixin.py:190} INFO - [2025-03-17T23:31:54.064+0000] {dag.py:4180} INFO - Setting next_dagrun for dataset_s3_bucket_consumer_with_no_taskflow to None, run_after=None
[2025-03-17T23:31:54.064+0000] {logging_mixin.py:190} INFO - [2025-03-17T23:31:54.064+0000] {dag.py:4180} INFO - Setting next_dagrun for dataset_s3_bucket_producer_with_no_taskflow to None, run_after=None
[2025-03-17T23:31:54.074+0000] {processor.py:208} INFO - Processing /home/airflow/.local/lib/python3.12/site-packages/airflow/example_dags/example_dataset_alias_with_no_taskflow.py took 0.312 seconds
[2025-03-17T23:32:24.417+0000] {processor.py:186} INFO - Started process (PID=6539) to work on /home/airflow/.local/lib/python3.12/site-packages/airflow/example_dags/example_dataset_alias_with_no_taskflow.py
[2025-03-17T23:32:24.418+0000] {processor.py:914} INFO - Processing file /home/airflow/.local/lib/python3.12/site-packages/airflow/example_dags/example_dataset_alias_with_no_taskflow.py for tasks to queue
[2025-03-17T23:32:24.421+0000] {logging_mixin.py:190} INFO - [2025-03-17T23:32:24.421+0000] {dagbag.py:588} INFO - Filling up the DagBag from /home/airflow/.local/lib/python3.12/site-packages/airflow/example_dags/example_dataset_alias_with_no_taskflow.py
[2025-03-17T23:32:24.727+0000] {processor.py:925} INFO - DAG(s) 'dataset_s3_bucket_producer_with_no_taskflow', 'dataset_alias_example_alias_producer_with_no_taskflow', 'dataset_alias_example_alias_consumer_with_no_taskflow', 'dataset_s3_bucket_consumer_with_no_taskflow' retrieved from /home/airflow/.local/lib/python3.12/site-packages/airflow/example_dags/example_dataset_alias_with_no_taskflow.py
[2025-03-17T23:32:24.736+0000] {logging_mixin.py:190} INFO - [2025-03-17T23:32:24.736+0000] {dag.py:3239} INFO - Sync 4 DAGs
[2025-03-17T23:32:24.746+0000] {logging_mixin.py:190} INFO - [2025-03-17T23:32:24.746+0000] {dag.py:4180} INFO - Setting next_dagrun for dataset_alias_example_alias_consumer_with_no_taskflow to None, run_after=None
[2025-03-17T23:32:24.747+0000] {logging_mixin.py:190} INFO - [2025-03-17T23:32:24.747+0000] {dag.py:4180} INFO - Setting next_dagrun for dataset_alias_example_alias_producer_with_no_taskflow to None, run_after=None
[2025-03-17T23:32:24.748+0000] {logging_mixin.py:190} INFO - [2025-03-17T23:32:24.748+0000] {dag.py:4180} INFO - Setting next_dagrun for dataset_s3_bucket_consumer_with_no_taskflow to None, run_after=None
[2025-03-17T23:32:24.749+0000] {logging_mixin.py:190} INFO - [2025-03-17T23:32:24.748+0000] {dag.py:4180} INFO - Setting next_dagrun for dataset_s3_bucket_producer_with_no_taskflow to None, run_after=None
[2025-03-17T23:32:24.758+0000] {processor.py:208} INFO - Processing /home/airflow/.local/lib/python3.12/site-packages/airflow/example_dags/example_dataset_alias_with_no_taskflow.py took 0.351 seconds
[2025-03-17T23:32:54.897+0000] {processor.py:186} INFO - Started process (PID=6830) to work on /home/airflow/.local/lib/python3.12/site-packages/airflow/example_dags/example_dataset_alias_with_no_taskflow.py
[2025-03-17T23:32:54.898+0000] {processor.py:914} INFO - Processing file /home/airflow/.local/lib/python3.12/site-packages/airflow/example_dags/example_dataset_alias_with_no_taskflow.py for tasks to queue
[2025-03-17T23:32:54.901+0000] {logging_mixin.py:190} INFO - [2025-03-17T23:32:54.900+0000] {dagbag.py:588} INFO - Filling up the DagBag from /home/airflow/.local/lib/python3.12/site-packages/airflow/example_dags/example_dataset_alias_with_no_taskflow.py
[2025-03-17T23:32:55.188+0000] {processor.py:925} INFO - DAG(s) 'dataset_s3_bucket_producer_with_no_taskflow', 'dataset_alias_example_alias_consumer_with_no_taskflow', 'dataset_alias_example_alias_producer_with_no_taskflow', 'dataset_s3_bucket_consumer_with_no_taskflow' retrieved from /home/airflow/.local/lib/python3.12/site-packages/airflow/example_dags/example_dataset_alias_with_no_taskflow.py
[2025-03-17T23:32:55.197+0000] {logging_mixin.py:190} INFO - [2025-03-17T23:32:55.196+0000] {dag.py:3239} INFO - Sync 4 DAGs
[2025-03-17T23:32:55.208+0000] {logging_mixin.py:190} INFO - [2025-03-17T23:32:55.208+0000] {dag.py:4180} INFO - Setting next_dagrun for dataset_alias_example_alias_consumer_with_no_taskflow to None, run_after=None
[2025-03-17T23:32:55.209+0000] {logging_mixin.py:190} INFO - [2025-03-17T23:32:55.209+0000] {dag.py:4180} INFO - Setting next_dagrun for dataset_alias_example_alias_producer_with_no_taskflow to None, run_after=None
[2025-03-17T23:32:55.210+0000] {logging_mixin.py:190} INFO - [2025-03-17T23:32:55.210+0000] {dag.py:4180} INFO - Setting next_dagrun for dataset_s3_bucket_consumer_with_no_taskflow to None, run_after=None
[2025-03-17T23:32:55.210+0000] {logging_mixin.py:190} INFO - [2025-03-17T23:32:55.210+0000] {dag.py:4180} INFO - Setting next_dagrun for dataset_s3_bucket_producer_with_no_taskflow to None, run_after=None
[2025-03-17T23:32:55.221+0000] {processor.py:208} INFO - Processing /home/airflow/.local/lib/python3.12/site-packages/airflow/example_dags/example_dataset_alias_with_no_taskflow.py took 0.331 seconds
[2025-03-17T23:33:25.688+0000] {processor.py:186} INFO - Started process (PID=7121) to work on /home/airflow/.local/lib/python3.12/site-packages/airflow/example_dags/example_dataset_alias_with_no_taskflow.py
[2025-03-17T23:33:25.689+0000] {processor.py:914} INFO - Processing file /home/airflow/.local/lib/python3.12/site-packages/airflow/example_dags/example_dataset_alias_with_no_taskflow.py for tasks to queue
[2025-03-17T23:33:25.691+0000] {logging_mixin.py:190} INFO - [2025-03-17T23:33:25.691+0000] {dagbag.py:588} INFO - Filling up the DagBag from /home/airflow/.local/lib/python3.12/site-packages/airflow/example_dags/example_dataset_alias_with_no_taskflow.py
[2025-03-17T23:33:26.243+0000] {processor.py:925} INFO - DAG(s) 'dataset_alias_example_alias_consumer_with_no_taskflow', 'dataset_alias_example_alias_producer_with_no_taskflow', 'dataset_s3_bucket_producer_with_no_taskflow', 'dataset_s3_bucket_consumer_with_no_taskflow' retrieved from /home/airflow/.local/lib/python3.12/site-packages/airflow/example_dags/example_dataset_alias_with_no_taskflow.py
[2025-03-17T23:33:26.254+0000] {logging_mixin.py:190} INFO - [2025-03-17T23:33:26.253+0000] {dag.py:3239} INFO - Sync 4 DAGs
[2025-03-17T23:33:26.266+0000] {logging_mixin.py:190} INFO - [2025-03-17T23:33:26.266+0000] {dag.py:4180} INFO - Setting next_dagrun for dataset_alias_example_alias_consumer_with_no_taskflow to None, run_after=None
[2025-03-17T23:33:26.267+0000] {logging_mixin.py:190} INFO - [2025-03-17T23:33:26.267+0000] {dag.py:4180} INFO - Setting next_dagrun for dataset_alias_example_alias_producer_with_no_taskflow to None, run_after=None
[2025-03-17T23:33:26.268+0000] {logging_mixin.py:190} INFO - [2025-03-17T23:33:26.268+0000] {dag.py:4180} INFO - Setting next_dagrun for dataset_s3_bucket_consumer_with_no_taskflow to None, run_after=None
[2025-03-17T23:33:26.270+0000] {logging_mixin.py:190} INFO - [2025-03-17T23:33:26.269+0000] {dag.py:4180} INFO - Setting next_dagrun for dataset_s3_bucket_producer_with_no_taskflow to None, run_after=None
[2025-03-17T23:33:26.282+0000] {processor.py:208} INFO - Processing /home/airflow/.local/lib/python3.12/site-packages/airflow/example_dags/example_dataset_alias_with_no_taskflow.py took 0.605 seconds
[2025-03-17T23:33:56.706+0000] {processor.py:186} INFO - Started process (PID=7412) to work on /home/airflow/.local/lib/python3.12/site-packages/airflow/example_dags/example_dataset_alias_with_no_taskflow.py
[2025-03-17T23:33:56.708+0000] {processor.py:914} INFO - Processing file /home/airflow/.local/lib/python3.12/site-packages/airflow/example_dags/example_dataset_alias_with_no_taskflow.py for tasks to queue
[2025-03-17T23:33:56.710+0000] {logging_mixin.py:190} INFO - [2025-03-17T23:33:56.710+0000] {dagbag.py:588} INFO - Filling up the DagBag from /home/airflow/.local/lib/python3.12/site-packages/airflow/example_dags/example_dataset_alias_with_no_taskflow.py
[2025-03-17T23:33:57.001+0000] {processor.py:925} INFO - DAG(s) 'dataset_s3_bucket_consumer_with_no_taskflow', 'dataset_alias_example_alias_consumer_with_no_taskflow', 'dataset_alias_example_alias_producer_with_no_taskflow', 'dataset_s3_bucket_producer_with_no_taskflow' retrieved from /home/airflow/.local/lib/python3.12/site-packages/airflow/example_dags/example_dataset_alias_with_no_taskflow.py
[2025-03-17T23:33:57.010+0000] {logging_mixin.py:190} INFO - [2025-03-17T23:33:57.009+0000] {dag.py:3239} INFO - Sync 4 DAGs
[2025-03-17T23:33:57.018+0000] {logging_mixin.py:190} INFO - [2025-03-17T23:33:57.018+0000] {dag.py:4180} INFO - Setting next_dagrun for dataset_alias_example_alias_consumer_with_no_taskflow to None, run_after=None
[2025-03-17T23:33:57.020+0000] {logging_mixin.py:190} INFO - [2025-03-17T23:33:57.020+0000] {dag.py:4180} INFO - Setting next_dagrun for dataset_alias_example_alias_producer_with_no_taskflow to None, run_after=None
[2025-03-17T23:33:57.020+0000] {logging_mixin.py:190} INFO - [2025-03-17T23:33:57.020+0000] {dag.py:4180} INFO - Setting next_dagrun for dataset_s3_bucket_consumer_with_no_taskflow to None, run_after=None
[2025-03-17T23:33:57.021+0000] {logging_mixin.py:190} INFO - [2025-03-17T23:33:57.021+0000] {dag.py:4180} INFO - Setting next_dagrun for dataset_s3_bucket_producer_with_no_taskflow to None, run_after=None
[2025-03-17T23:33:57.030+0000] {processor.py:208} INFO - Processing /home/airflow/.local/lib/python3.12/site-packages/airflow/example_dags/example_dataset_alias_with_no_taskflow.py took 0.330 seconds
[2025-03-17T23:34:27.607+0000] {processor.py:186} INFO - Started process (PID=7703) to work on /home/airflow/.local/lib/python3.12/site-packages/airflow/example_dags/example_dataset_alias_with_no_taskflow.py
[2025-03-17T23:34:27.609+0000] {processor.py:914} INFO - Processing file /home/airflow/.local/lib/python3.12/site-packages/airflow/example_dags/example_dataset_alias_with_no_taskflow.py for tasks to queue
[2025-03-17T23:34:27.610+0000] {logging_mixin.py:190} INFO - [2025-03-17T23:34:27.610+0000] {dagbag.py:588} INFO - Filling up the DagBag from /home/airflow/.local/lib/python3.12/site-packages/airflow/example_dags/example_dataset_alias_with_no_taskflow.py
[2025-03-17T23:34:27.882+0000] {processor.py:925} INFO - DAG(s) 'dataset_alias_example_alias_producer_with_no_taskflow', 'dataset_s3_bucket_consumer_with_no_taskflow', 'dataset_s3_bucket_producer_with_no_taskflow', 'dataset_alias_example_alias_consumer_with_no_taskflow' retrieved from /home/airflow/.local/lib/python3.12/site-packages/airflow/example_dags/example_dataset_alias_with_no_taskflow.py
[2025-03-17T23:34:27.890+0000] {logging_mixin.py:190} INFO - [2025-03-17T23:34:27.890+0000] {dag.py:3239} INFO - Sync 4 DAGs
[2025-03-17T23:34:27.901+0000] {logging_mixin.py:190} INFO - [2025-03-17T23:34:27.901+0000] {dag.py:4180} INFO - Setting next_dagrun for dataset_alias_example_alias_consumer_with_no_taskflow to None, run_after=None
[2025-03-17T23:34:27.902+0000] {logging_mixin.py:190} INFO - [2025-03-17T23:34:27.902+0000] {dag.py:4180} INFO - Setting next_dagrun for dataset_alias_example_alias_producer_with_no_taskflow to None, run_after=None
[2025-03-17T23:34:27.903+0000] {logging_mixin.py:190} INFO - [2025-03-17T23:34:27.903+0000] {dag.py:4180} INFO - Setting next_dagrun for dataset_s3_bucket_consumer_with_no_taskflow to None, run_after=None
[2025-03-17T23:34:27.903+0000] {logging_mixin.py:190} INFO - [2025-03-17T23:34:27.903+0000] {dag.py:4180} INFO - Setting next_dagrun for dataset_s3_bucket_producer_with_no_taskflow to None, run_after=None
[2025-03-17T23:34:27.916+0000] {processor.py:208} INFO - Processing /home/airflow/.local/lib/python3.12/site-packages/airflow/example_dags/example_dataset_alias_with_no_taskflow.py took 0.315 seconds
[2025-03-17T23:34:58.882+0000] {processor.py:186} INFO - Started process (PID=8033) to work on /home/airflow/.local/lib/python3.12/site-packages/airflow/example_dags/example_dataset_alias_with_no_taskflow.py
[2025-03-17T23:34:58.884+0000] {processor.py:914} INFO - Processing file /home/airflow/.local/lib/python3.12/site-packages/airflow/example_dags/example_dataset_alias_with_no_taskflow.py for tasks to queue
[2025-03-17T23:34:58.886+0000] {logging_mixin.py:190} INFO - [2025-03-17T23:34:58.886+0000] {dagbag.py:588} INFO - Filling up the DagBag from /home/airflow/.local/lib/python3.12/site-packages/airflow/example_dags/example_dataset_alias_with_no_taskflow.py
[2025-03-17T23:34:59.203+0000] {processor.py:925} INFO - DAG(s) 'dataset_alias_example_alias_consumer_with_no_taskflow', 'dataset_alias_example_alias_producer_with_no_taskflow', 'dataset_s3_bucket_consumer_with_no_taskflow', 'dataset_s3_bucket_producer_with_no_taskflow' retrieved from /home/airflow/.local/lib/python3.12/site-packages/airflow/example_dags/example_dataset_alias_with_no_taskflow.py
[2025-03-17T23:34:59.213+0000] {logging_mixin.py:190} INFO - [2025-03-17T23:34:59.213+0000] {dag.py:3239} INFO - Sync 4 DAGs
[2025-03-17T23:34:59.223+0000] {logging_mixin.py:190} INFO - [2025-03-17T23:34:59.222+0000] {dag.py:4180} INFO - Setting next_dagrun for dataset_alias_example_alias_consumer_with_no_taskflow to None, run_after=None
[2025-03-17T23:34:59.224+0000] {logging_mixin.py:190} INFO - [2025-03-17T23:34:59.224+0000] {dag.py:4180} INFO - Setting next_dagrun for dataset_alias_example_alias_producer_with_no_taskflow to None, run_after=None
[2025-03-17T23:34:59.225+0000] {logging_mixin.py:190} INFO - [2025-03-17T23:34:59.225+0000] {dag.py:4180} INFO - Setting next_dagrun for dataset_s3_bucket_consumer_with_no_taskflow to None, run_after=None
[2025-03-17T23:34:59.227+0000] {logging_mixin.py:190} INFO - [2025-03-17T23:34:59.227+0000] {dag.py:4180} INFO - Setting next_dagrun for dataset_s3_bucket_producer_with_no_taskflow to None, run_after=None
[2025-03-17T23:34:59.236+0000] {processor.py:208} INFO - Processing /home/airflow/.local/lib/python3.12/site-packages/airflow/example_dags/example_dataset_alias_with_no_taskflow.py took 0.362 seconds
[2025-03-17T23:35:29.681+0000] {processor.py:186} INFO - Started process (PID=8324) to work on /home/airflow/.local/lib/python3.12/site-packages/airflow/example_dags/example_dataset_alias_with_no_taskflow.py
[2025-03-17T23:35:29.683+0000] {processor.py:914} INFO - Processing file /home/airflow/.local/lib/python3.12/site-packages/airflow/example_dags/example_dataset_alias_with_no_taskflow.py for tasks to queue
[2025-03-17T23:35:29.685+0000] {logging_mixin.py:190} INFO - [2025-03-17T23:35:29.685+0000] {dagbag.py:588} INFO - Filling up the DagBag from /home/airflow/.local/lib/python3.12/site-packages/airflow/example_dags/example_dataset_alias_with_no_taskflow.py
[2025-03-17T23:35:29.957+0000] {processor.py:925} INFO - DAG(s) 'dataset_alias_example_alias_producer_with_no_taskflow', 'dataset_s3_bucket_consumer_with_no_taskflow', 'dataset_s3_bucket_producer_with_no_taskflow', 'dataset_alias_example_alias_consumer_with_no_taskflow' retrieved from /home/airflow/.local/lib/python3.12/site-packages/airflow/example_dags/example_dataset_alias_with_no_taskflow.py
[2025-03-17T23:35:29.966+0000] {logging_mixin.py:190} INFO - [2025-03-17T23:35:29.966+0000] {dag.py:3239} INFO - Sync 4 DAGs
[2025-03-17T23:35:29.975+0000] {logging_mixin.py:190} INFO - [2025-03-17T23:35:29.974+0000] {dag.py:4180} INFO - Setting next_dagrun for dataset_alias_example_alias_consumer_with_no_taskflow to None, run_after=None
[2025-03-17T23:35:29.976+0000] {logging_mixin.py:190} INFO - [2025-03-17T23:35:29.976+0000] {dag.py:4180} INFO - Setting next_dagrun for dataset_alias_example_alias_producer_with_no_taskflow to None, run_after=None
[2025-03-17T23:35:29.976+0000] {logging_mixin.py:190} INFO - [2025-03-17T23:35:29.976+0000] {dag.py:4180} INFO - Setting next_dagrun for dataset_s3_bucket_consumer_with_no_taskflow to None, run_after=None
[2025-03-17T23:35:29.977+0000] {logging_mixin.py:190} INFO - [2025-03-17T23:35:29.977+0000] {dag.py:4180} INFO - Setting next_dagrun for dataset_s3_bucket_producer_with_no_taskflow to None, run_after=None
[2025-03-17T23:35:29.986+0000] {processor.py:208} INFO - Processing /home/airflow/.local/lib/python3.12/site-packages/airflow/example_dags/example_dataset_alias_with_no_taskflow.py took 0.312 seconds
[2025-03-17T23:36:00.955+0000] {processor.py:186} INFO - Started process (PID=8615) to work on /home/airflow/.local/lib/python3.12/site-packages/airflow/example_dags/example_dataset_alias_with_no_taskflow.py
[2025-03-17T23:36:00.958+0000] {processor.py:914} INFO - Processing file /home/airflow/.local/lib/python3.12/site-packages/airflow/example_dags/example_dataset_alias_with_no_taskflow.py for tasks to queue
[2025-03-17T23:36:00.959+0000] {logging_mixin.py:190} INFO - [2025-03-17T23:36:00.959+0000] {dagbag.py:588} INFO - Filling up the DagBag from /home/airflow/.local/lib/python3.12/site-packages/airflow/example_dags/example_dataset_alias_with_no_taskflow.py
[2025-03-17T23:36:01.280+0000] {processor.py:925} INFO - DAG(s) 'dataset_s3_bucket_producer_with_no_taskflow', 'dataset_s3_bucket_consumer_with_no_taskflow', 'dataset_alias_example_alias_consumer_with_no_taskflow', 'dataset_alias_example_alias_producer_with_no_taskflow' retrieved from /home/airflow/.local/lib/python3.12/site-packages/airflow/example_dags/example_dataset_alias_with_no_taskflow.py
[2025-03-17T23:36:01.290+0000] {logging_mixin.py:190} INFO - [2025-03-17T23:36:01.289+0000] {dag.py:3239} INFO - Sync 4 DAGs
[2025-03-17T23:36:01.303+0000] {logging_mixin.py:190} INFO - [2025-03-17T23:36:01.303+0000] {dag.py:4180} INFO - Setting next_dagrun for dataset_alias_example_alias_consumer_with_no_taskflow to None, run_after=None
[2025-03-17T23:36:01.305+0000] {logging_mixin.py:190} INFO - [2025-03-17T23:36:01.304+0000] {dag.py:4180} INFO - Setting next_dagrun for dataset_alias_example_alias_producer_with_no_taskflow to None, run_after=None
[2025-03-17T23:36:01.305+0000] {logging_mixin.py:190} INFO - [2025-03-17T23:36:01.305+0000] {dag.py:4180} INFO - Setting next_dagrun for dataset_s3_bucket_consumer_with_no_taskflow to None, run_after=None
[2025-03-17T23:36:01.306+0000] {logging_mixin.py:190} INFO - [2025-03-17T23:36:01.306+0000] {dag.py:4180} INFO - Setting next_dagrun for dataset_s3_bucket_producer_with_no_taskflow to None, run_after=None
[2025-03-17T23:36:01.320+0000] {processor.py:208} INFO - Processing /home/airflow/.local/lib/python3.12/site-packages/airflow/example_dags/example_dataset_alias_with_no_taskflow.py took 0.371 seconds
[2025-03-17T23:36:31.646+0000] {processor.py:186} INFO - Started process (PID=8911) to work on /home/airflow/.local/lib/python3.12/site-packages/airflow/example_dags/example_dataset_alias_with_no_taskflow.py
[2025-03-17T23:36:31.647+0000] {processor.py:914} INFO - Processing file /home/airflow/.local/lib/python3.12/site-packages/airflow/example_dags/example_dataset_alias_with_no_taskflow.py for tasks to queue
[2025-03-17T23:36:31.648+0000] {logging_mixin.py:190} INFO - [2025-03-17T23:36:31.648+0000] {dagbag.py:588} INFO - Filling up the DagBag from /home/airflow/.local/lib/python3.12/site-packages/airflow/example_dags/example_dataset_alias_with_no_taskflow.py
[2025-03-17T23:36:31.928+0000] {processor.py:925} INFO - DAG(s) 'dataset_alias_example_alias_consumer_with_no_taskflow', 'dataset_s3_bucket_producer_with_no_taskflow', 'dataset_alias_example_alias_producer_with_no_taskflow', 'dataset_s3_bucket_consumer_with_no_taskflow' retrieved from /home/airflow/.local/lib/python3.12/site-packages/airflow/example_dags/example_dataset_alias_with_no_taskflow.py
[2025-03-17T23:36:31.936+0000] {logging_mixin.py:190} INFO - [2025-03-17T23:36:31.935+0000] {dag.py:3239} INFO - Sync 4 DAGs
[2025-03-17T23:36:31.944+0000] {logging_mixin.py:190} INFO - [2025-03-17T23:36:31.944+0000] {dag.py:4180} INFO - Setting next_dagrun for dataset_alias_example_alias_consumer_with_no_taskflow to None, run_after=None
[2025-03-17T23:36:31.945+0000] {logging_mixin.py:190} INFO - [2025-03-17T23:36:31.945+0000] {dag.py:4180} INFO - Setting next_dagrun for dataset_alias_example_alias_producer_with_no_taskflow to None, run_after=None
[2025-03-17T23:36:31.946+0000] {logging_mixin.py:190} INFO - [2025-03-17T23:36:31.946+0000] {dag.py:4180} INFO - Setting next_dagrun for dataset_s3_bucket_consumer_with_no_taskflow to None, run_after=None
[2025-03-17T23:36:31.947+0000] {logging_mixin.py:190} INFO - [2025-03-17T23:36:31.947+0000] {dag.py:4180} INFO - Setting next_dagrun for dataset_s3_bucket_producer_with_no_taskflow to None, run_after=None
[2025-03-17T23:36:31.955+0000] {processor.py:208} INFO - Processing /home/airflow/.local/lib/python3.12/site-packages/airflow/example_dags/example_dataset_alias_with_no_taskflow.py took 0.313 seconds
[2025-03-17T23:37:02.540+0000] {processor.py:186} INFO - Started process (PID=9175) to work on /home/airflow/.local/lib/python3.12/site-packages/airflow/example_dags/example_dataset_alias_with_no_taskflow.py
[2025-03-17T23:37:02.541+0000] {processor.py:914} INFO - Processing file /home/airflow/.local/lib/python3.12/site-packages/airflow/example_dags/example_dataset_alias_with_no_taskflow.py for tasks to queue
[2025-03-17T23:37:02.542+0000] {logging_mixin.py:190} INFO - [2025-03-17T23:37:02.542+0000] {dagbag.py:588} INFO - Filling up the DagBag from /home/airflow/.local/lib/python3.12/site-packages/airflow/example_dags/example_dataset_alias_with_no_taskflow.py
[2025-03-17T23:37:02.978+0000] {processor.py:925} INFO - DAG(s) 'dataset_alias_example_alias_producer_with_no_taskflow', 'dataset_s3_bucket_producer_with_no_taskflow', 'dataset_s3_bucket_consumer_with_no_taskflow', 'dataset_alias_example_alias_consumer_with_no_taskflow' retrieved from /home/airflow/.local/lib/python3.12/site-packages/airflow/example_dags/example_dataset_alias_with_no_taskflow.py
[2025-03-17T23:37:03.010+0000] {logging_mixin.py:190} INFO - [2025-03-17T23:37:03.009+0000] {dag.py:3239} INFO - Sync 4 DAGs
[2025-03-17T23:37:03.023+0000] {logging_mixin.py:190} INFO - [2025-03-17T23:37:03.023+0000] {dag.py:4180} INFO - Setting next_dagrun for dataset_alias_example_alias_consumer_with_no_taskflow to None, run_after=None
[2025-03-17T23:37:03.025+0000] {logging_mixin.py:190} INFO - [2025-03-17T23:37:03.024+0000] {dag.py:4180} INFO - Setting next_dagrun for dataset_alias_example_alias_producer_with_no_taskflow to None, run_after=None
[2025-03-17T23:37:03.026+0000] {logging_mixin.py:190} INFO - [2025-03-17T23:37:03.026+0000] {dag.py:4180} INFO - Setting next_dagrun for dataset_s3_bucket_consumer_with_no_taskflow to None, run_after=None
[2025-03-17T23:37:03.027+0000] {logging_mixin.py:190} INFO - [2025-03-17T23:37:03.027+0000] {dag.py:4180} INFO - Setting next_dagrun for dataset_s3_bucket_producer_with_no_taskflow to None, run_after=None
[2025-03-17T23:37:03.079+0000] {processor.py:208} INFO - Processing /home/airflow/.local/lib/python3.12/site-packages/airflow/example_dags/example_dataset_alias_with_no_taskflow.py took 0.542 seconds
[2025-03-17T23:37:33.980+0000] {processor.py:186} INFO - Started process (PID=9472) to work on /home/airflow/.local/lib/python3.12/site-packages/airflow/example_dags/example_dataset_alias_with_no_taskflow.py
[2025-03-17T23:37:33.981+0000] {processor.py:914} INFO - Processing file /home/airflow/.local/lib/python3.12/site-packages/airflow/example_dags/example_dataset_alias_with_no_taskflow.py for tasks to queue
[2025-03-17T23:37:33.982+0000] {logging_mixin.py:190} INFO - [2025-03-17T23:37:33.982+0000] {dagbag.py:588} INFO - Filling up the DagBag from /home/airflow/.local/lib/python3.12/site-packages/airflow/example_dags/example_dataset_alias_with_no_taskflow.py
[2025-03-17T23:37:34.250+0000] {processor.py:925} INFO - DAG(s) 'dataset_alias_example_alias_consumer_with_no_taskflow', 'dataset_s3_bucket_producer_with_no_taskflow', 'dataset_s3_bucket_consumer_with_no_taskflow', 'dataset_alias_example_alias_producer_with_no_taskflow' retrieved from /home/airflow/.local/lib/python3.12/site-packages/airflow/example_dags/example_dataset_alias_with_no_taskflow.py
[2025-03-17T23:37:34.263+0000] {logging_mixin.py:190} INFO - [2025-03-17T23:37:34.263+0000] {dag.py:3239} INFO - Sync 4 DAGs
[2025-03-17T23:37:34.273+0000] {logging_mixin.py:190} INFO - [2025-03-17T23:37:34.273+0000] {dag.py:4180} INFO - Setting next_dagrun for dataset_alias_example_alias_consumer_with_no_taskflow to None, run_after=None
[2025-03-17T23:37:34.275+0000] {logging_mixin.py:190} INFO - [2025-03-17T23:37:34.275+0000] {dag.py:4180} INFO - Setting next_dagrun for dataset_alias_example_alias_producer_with_no_taskflow to None, run_after=None
[2025-03-17T23:37:34.276+0000] {logging_mixin.py:190} INFO - [2025-03-17T23:37:34.276+0000] {dag.py:4180} INFO - Setting next_dagrun for dataset_s3_bucket_consumer_with_no_taskflow to None, run_after=None
[2025-03-17T23:37:34.278+0000] {logging_mixin.py:190} INFO - [2025-03-17T23:37:34.278+0000] {dag.py:4180} INFO - Setting next_dagrun for dataset_s3_bucket_producer_with_no_taskflow to None, run_after=None
[2025-03-17T23:37:34.288+0000] {processor.py:208} INFO - Processing /home/airflow/.local/lib/python3.12/site-packages/airflow/example_dags/example_dataset_alias_with_no_taskflow.py took 0.311 seconds
