[2025-03-17T23:21:34.722+0000] {processor.py:186} INFO - Started process (PID=288) to work on /home/airflow/.local/lib/python3.12/site-packages/airflow/example_dags/example_branch_datetime_operator.py
[2025-03-17T23:21:34.723+0000] {processor.py:914} INFO - Processing file /home/airflow/.local/lib/python3.12/site-packages/airflow/example_dags/example_branch_datetime_operator.py for tasks to queue
[2025-03-17T23:21:34.728+0000] {logging_mixin.py:190} INFO - [2025-03-17T23:21:34.728+0000] {dagbag.py:588} INFO - Filling up the DagBag from /home/airflow/.local/lib/python3.12/site-packages/airflow/example_dags/example_branch_datetime_operator.py
[2025-03-17T23:21:34.737+0000] {processor.py:925} INFO - DAG(s) 'example_branch_datetime_operator', 'example_branch_datetime_operator_2', 'example_branch_datetime_operator_3' retrieved from /home/airflow/.local/lib/python3.12/site-packages/airflow/example_dags/example_branch_datetime_operator.py
[2025-03-17T23:21:34.795+0000] {logging_mixin.py:190} INFO - [2025-03-17T23:21:34.795+0000] {override.py:1912} INFO - Created Permission View: can edit on DAG:example_branch_datetime_operator
[2025-03-17T23:21:34.801+0000] {logging_mixin.py:190} INFO - [2025-03-17T23:21:34.801+0000] {override.py:1912} INFO - Created Permission View: can read on DAG:example_branch_datetime_operator
[2025-03-17T23:21:34.805+0000] {logging_mixin.py:190} INFO - [2025-03-17T23:21:34.805+0000] {override.py:1912} INFO - Created Permission View: can delete on DAG:example_branch_datetime_operator
[2025-03-17T23:21:34.810+0000] {logging_mixin.py:190} INFO - [2025-03-17T23:21:34.810+0000] {override.py:1912} INFO - Created Permission View: can create on DAG Run:example_branch_datetime_operator
[2025-03-17T23:21:34.814+0000] {logging_mixin.py:190} INFO - [2025-03-17T23:21:34.814+0000] {override.py:1912} INFO - Created Permission View: menu access on DAG Run:example_branch_datetime_operator
[2025-03-17T23:21:34.817+0000] {logging_mixin.py:190} INFO - [2025-03-17T23:21:34.817+0000] {override.py:1912} INFO - Created Permission View: can read on DAG Run:example_branch_datetime_operator
[2025-03-17T23:21:34.821+0000] {logging_mixin.py:190} INFO - [2025-03-17T23:21:34.821+0000] {override.py:1912} INFO - Created Permission View: can delete on DAG Run:example_branch_datetime_operator
[2025-03-17T23:21:34.827+0000] {logging_mixin.py:190} INFO - [2025-03-17T23:21:34.827+0000] {override.py:1912} INFO - Created Permission View: can edit on DAG:example_branch_datetime_operator_2
[2025-03-17T23:21:34.831+0000] {logging_mixin.py:190} INFO - [2025-03-17T23:21:34.831+0000] {override.py:1912} INFO - Created Permission View: can read on DAG:example_branch_datetime_operator_2
[2025-03-17T23:21:34.834+0000] {logging_mixin.py:190} INFO - [2025-03-17T23:21:34.834+0000] {override.py:1912} INFO - Created Permission View: can delete on DAG:example_branch_datetime_operator_2
[2025-03-17T23:21:34.838+0000] {logging_mixin.py:190} INFO - [2025-03-17T23:21:34.838+0000] {override.py:1912} INFO - Created Permission View: can create on DAG Run:example_branch_datetime_operator_2
[2025-03-17T23:21:34.841+0000] {logging_mixin.py:190} INFO - [2025-03-17T23:21:34.841+0000] {override.py:1912} INFO - Created Permission View: menu access on DAG Run:example_branch_datetime_operator_2
[2025-03-17T23:21:34.844+0000] {logging_mixin.py:190} INFO - [2025-03-17T23:21:34.844+0000] {override.py:1912} INFO - Created Permission View: can read on DAG Run:example_branch_datetime_operator_2
[2025-03-17T23:21:34.847+0000] {logging_mixin.py:190} INFO - [2025-03-17T23:21:34.847+0000] {override.py:1912} INFO - Created Permission View: can delete on DAG Run:example_branch_datetime_operator_2
[2025-03-17T23:21:34.854+0000] {logging_mixin.py:190} INFO - [2025-03-17T23:21:34.854+0000] {override.py:1912} INFO - Created Permission View: can edit on DAG:example_branch_datetime_operator_3
[2025-03-17T23:21:34.858+0000] {logging_mixin.py:190} INFO - [2025-03-17T23:21:34.858+0000] {override.py:1912} INFO - Created Permission View: can read on DAG:example_branch_datetime_operator_3
[2025-03-17T23:21:34.862+0000] {logging_mixin.py:190} INFO - [2025-03-17T23:21:34.862+0000] {override.py:1912} INFO - Created Permission View: can delete on DAG:example_branch_datetime_operator_3
[2025-03-17T23:21:34.866+0000] {logging_mixin.py:190} INFO - [2025-03-17T23:21:34.866+0000] {override.py:1912} INFO - Created Permission View: can create on DAG Run:example_branch_datetime_operator_3
[2025-03-17T23:21:34.870+0000] {logging_mixin.py:190} INFO - [2025-03-17T23:21:34.870+0000] {override.py:1912} INFO - Created Permission View: menu access on DAG Run:example_branch_datetime_operator_3
[2025-03-17T23:21:34.875+0000] {logging_mixin.py:190} INFO - [2025-03-17T23:21:34.874+0000] {override.py:1912} INFO - Created Permission View: can read on DAG Run:example_branch_datetime_operator_3
[2025-03-17T23:21:34.880+0000] {logging_mixin.py:190} INFO - [2025-03-17T23:21:34.880+0000] {override.py:1912} INFO - Created Permission View: can delete on DAG Run:example_branch_datetime_operator_3
[2025-03-17T23:21:34.884+0000] {logging_mixin.py:190} INFO - [2025-03-17T23:21:34.881+0000] {dag.py:3239} INFO - Sync 3 DAGs
[2025-03-17T23:21:34.893+0000] {logging_mixin.py:190} INFO - [2025-03-17T23:21:34.893+0000] {dag.py:3262} INFO - Creating ORM DAG for example_branch_datetime_operator
[2025-03-17T23:21:34.894+0000] {logging_mixin.py:190} INFO - [2025-03-17T23:21:34.894+0000] {dag.py:3262} INFO - Creating ORM DAG for example_branch_datetime_operator_2
[2025-03-17T23:21:34.894+0000] {logging_mixin.py:190} INFO - [2025-03-17T23:21:34.894+0000] {dag.py:3262} INFO - Creating ORM DAG for example_branch_datetime_operator_3
[2025-03-17T23:21:34.900+0000] {logging_mixin.py:190} INFO - [2025-03-17T23:21:34.900+0000] {dag.py:4180} INFO - Setting next_dagrun for example_branch_datetime_operator to 2025-03-16 00:00:00+00:00, run_after=2025-03-17 00:00:00+00:00
[2025-03-17T23:21:34.902+0000] {logging_mixin.py:190} INFO - [2025-03-17T23:21:34.902+0000] {dag.py:4180} INFO - Setting next_dagrun for example_branch_datetime_operator_2 to 2025-03-16 00:00:00+00:00, run_after=2025-03-17 00:00:00+00:00
[2025-03-17T23:21:34.902+0000] {logging_mixin.py:190} INFO - [2025-03-17T23:21:34.902+0000] {dag.py:4180} INFO - Setting next_dagrun for example_branch_datetime_operator_3 to 2025-03-16 00:00:00+00:00, run_after=2025-03-17 00:00:00+00:00
[2025-03-17T23:21:34.914+0000] {processor.py:208} INFO - Processing /home/airflow/.local/lib/python3.12/site-packages/airflow/example_dags/example_branch_datetime_operator.py took 0.195 seconds
[2025-03-17T23:22:04.964+0000] {processor.py:186} INFO - Started process (PID=583) to work on /home/airflow/.local/lib/python3.12/site-packages/airflow/example_dags/example_branch_datetime_operator.py
[2025-03-17T23:22:04.965+0000] {processor.py:914} INFO - Processing file /home/airflow/.local/lib/python3.12/site-packages/airflow/example_dags/example_branch_datetime_operator.py for tasks to queue
[2025-03-17T23:22:04.966+0000] {logging_mixin.py:190} INFO - [2025-03-17T23:22:04.966+0000] {dagbag.py:588} INFO - Filling up the DagBag from /home/airflow/.local/lib/python3.12/site-packages/airflow/example_dags/example_branch_datetime_operator.py
[2025-03-17T23:22:04.972+0000] {processor.py:925} INFO - DAG(s) 'example_branch_datetime_operator_2', 'example_branch_datetime_operator', 'example_branch_datetime_operator_3' retrieved from /home/airflow/.local/lib/python3.12/site-packages/airflow/example_dags/example_branch_datetime_operator.py
[2025-03-17T23:22:04.986+0000] {logging_mixin.py:190} INFO - [2025-03-17T23:22:04.986+0000] {dag.py:3239} INFO - Sync 3 DAGs
[2025-03-17T23:22:04.998+0000] {logging_mixin.py:190} INFO - [2025-03-17T23:22:04.998+0000] {dag.py:4180} INFO - Setting next_dagrun for example_branch_datetime_operator to 2025-03-16 00:00:00+00:00, run_after=2025-03-17 00:00:00+00:00
[2025-03-17T23:22:05.001+0000] {logging_mixin.py:190} INFO - [2025-03-17T23:22:05.001+0000] {dag.py:4180} INFO - Setting next_dagrun for example_branch_datetime_operator_2 to 2025-03-16 00:00:00+00:00, run_after=2025-03-17 00:00:00+00:00
[2025-03-17T23:22:05.002+0000] {logging_mixin.py:190} INFO - [2025-03-17T23:22:05.002+0000] {dag.py:4180} INFO - Setting next_dagrun for example_branch_datetime_operator_3 to 2025-03-16 00:00:00+00:00, run_after=2025-03-17 00:00:00+00:00
[2025-03-17T23:22:05.011+0000] {processor.py:208} INFO - Processing /home/airflow/.local/lib/python3.12/site-packages/airflow/example_dags/example_branch_datetime_operator.py took 0.051 seconds
[2025-03-17T23:22:36.154+0000] {processor.py:186} INFO - Started process (PID=869) to work on /home/airflow/.local/lib/python3.12/site-packages/airflow/example_dags/example_branch_datetime_operator.py
[2025-03-17T23:22:36.156+0000] {processor.py:914} INFO - Processing file /home/airflow/.local/lib/python3.12/site-packages/airflow/example_dags/example_branch_datetime_operator.py for tasks to queue
[2025-03-17T23:22:36.157+0000] {logging_mixin.py:190} INFO - [2025-03-17T23:22:36.157+0000] {dagbag.py:588} INFO - Filling up the DagBag from /home/airflow/.local/lib/python3.12/site-packages/airflow/example_dags/example_branch_datetime_operator.py
[2025-03-17T23:22:36.172+0000] {processor.py:925} INFO - DAG(s) 'example_branch_datetime_operator', 'example_branch_datetime_operator_2', 'example_branch_datetime_operator_3' retrieved from /home/airflow/.local/lib/python3.12/site-packages/airflow/example_dags/example_branch_datetime_operator.py
[2025-03-17T23:22:36.189+0000] {logging_mixin.py:190} INFO - [2025-03-17T23:22:36.189+0000] {dag.py:3239} INFO - Sync 3 DAGs
[2025-03-17T23:22:36.204+0000] {logging_mixin.py:190} INFO - [2025-03-17T23:22:36.204+0000] {dag.py:4180} INFO - Setting next_dagrun for example_branch_datetime_operator to 2025-03-16 00:00:00+00:00, run_after=2025-03-17 00:00:00+00:00
[2025-03-17T23:22:36.207+0000] {logging_mixin.py:190} INFO - [2025-03-17T23:22:36.207+0000] {dag.py:4180} INFO - Setting next_dagrun for example_branch_datetime_operator_2 to 2025-03-16 00:00:00+00:00, run_after=2025-03-17 00:00:00+00:00
[2025-03-17T23:22:36.208+0000] {logging_mixin.py:190} INFO - [2025-03-17T23:22:36.208+0000] {dag.py:4180} INFO - Setting next_dagrun for example_branch_datetime_operator_3 to 2025-03-16 00:00:00+00:00, run_after=2025-03-17 00:00:00+00:00
[2025-03-17T23:22:36.215+0000] {processor.py:208} INFO - Processing /home/airflow/.local/lib/python3.12/site-packages/airflow/example_dags/example_branch_datetime_operator.py took 0.064 seconds
[2025-03-17T23:23:07.080+0000] {processor.py:186} INFO - Started process (PID=1160) to work on /home/airflow/.local/lib/python3.12/site-packages/airflow/example_dags/example_branch_datetime_operator.py
[2025-03-17T23:23:07.081+0000] {processor.py:914} INFO - Processing file /home/airflow/.local/lib/python3.12/site-packages/airflow/example_dags/example_branch_datetime_operator.py for tasks to queue
[2025-03-17T23:23:07.082+0000] {logging_mixin.py:190} INFO - [2025-03-17T23:23:07.082+0000] {dagbag.py:588} INFO - Filling up the DagBag from /home/airflow/.local/lib/python3.12/site-packages/airflow/example_dags/example_branch_datetime_operator.py
[2025-03-17T23:23:07.088+0000] {processor.py:925} INFO - DAG(s) 'example_branch_datetime_operator_2', 'example_branch_datetime_operator_3', 'example_branch_datetime_operator' retrieved from /home/airflow/.local/lib/python3.12/site-packages/airflow/example_dags/example_branch_datetime_operator.py
[2025-03-17T23:23:07.100+0000] {logging_mixin.py:190} INFO - [2025-03-17T23:23:07.100+0000] {dag.py:3239} INFO - Sync 3 DAGs
[2025-03-17T23:23:07.111+0000] {logging_mixin.py:190} INFO - [2025-03-17T23:23:07.111+0000] {dag.py:4180} INFO - Setting next_dagrun for example_branch_datetime_operator to 2025-03-16 00:00:00+00:00, run_after=2025-03-17 00:00:00+00:00
[2025-03-17T23:23:07.113+0000] {logging_mixin.py:190} INFO - [2025-03-17T23:23:07.113+0000] {dag.py:4180} INFO - Setting next_dagrun for example_branch_datetime_operator_2 to 2025-03-16 00:00:00+00:00, run_after=2025-03-17 00:00:00+00:00
[2025-03-17T23:23:07.114+0000] {logging_mixin.py:190} INFO - [2025-03-17T23:23:07.114+0000] {dag.py:4180} INFO - Setting next_dagrun for example_branch_datetime_operator_3 to 2025-03-16 00:00:00+00:00, run_after=2025-03-17 00:00:00+00:00
[2025-03-17T23:23:07.121+0000] {processor.py:208} INFO - Processing /home/airflow/.local/lib/python3.12/site-packages/airflow/example_dags/example_branch_datetime_operator.py took 0.044 seconds
[2025-03-17T23:23:38.215+0000] {processor.py:186} INFO - Started process (PID=1451) to work on /home/airflow/.local/lib/python3.12/site-packages/airflow/example_dags/example_branch_datetime_operator.py
[2025-03-17T23:23:38.216+0000] {processor.py:914} INFO - Processing file /home/airflow/.local/lib/python3.12/site-packages/airflow/example_dags/example_branch_datetime_operator.py for tasks to queue
[2025-03-17T23:23:38.217+0000] {logging_mixin.py:190} INFO - [2025-03-17T23:23:38.217+0000] {dagbag.py:588} INFO - Filling up the DagBag from /home/airflow/.local/lib/python3.12/site-packages/airflow/example_dags/example_branch_datetime_operator.py
[2025-03-17T23:23:38.223+0000] {processor.py:925} INFO - DAG(s) 'example_branch_datetime_operator_2', 'example_branch_datetime_operator', 'example_branch_datetime_operator_3' retrieved from /home/airflow/.local/lib/python3.12/site-packages/airflow/example_dags/example_branch_datetime_operator.py
[2025-03-17T23:23:38.235+0000] {logging_mixin.py:190} INFO - [2025-03-17T23:23:38.235+0000] {dag.py:3239} INFO - Sync 3 DAGs
[2025-03-17T23:23:38.247+0000] {logging_mixin.py:190} INFO - [2025-03-17T23:23:38.247+0000] {dag.py:4180} INFO - Setting next_dagrun for example_branch_datetime_operator to 2025-03-16 00:00:00+00:00, run_after=2025-03-17 00:00:00+00:00
[2025-03-17T23:23:38.250+0000] {logging_mixin.py:190} INFO - [2025-03-17T23:23:38.250+0000] {dag.py:4180} INFO - Setting next_dagrun for example_branch_datetime_operator_2 to 2025-03-16 00:00:00+00:00, run_after=2025-03-17 00:00:00+00:00
[2025-03-17T23:23:38.252+0000] {logging_mixin.py:190} INFO - [2025-03-17T23:23:38.252+0000] {dag.py:4180} INFO - Setting next_dagrun for example_branch_datetime_operator_3 to 2025-03-16 00:00:00+00:00, run_after=2025-03-17 00:00:00+00:00
[2025-03-17T23:23:38.261+0000] {processor.py:208} INFO - Processing /home/airflow/.local/lib/python3.12/site-packages/airflow/example_dags/example_branch_datetime_operator.py took 0.049 seconds
[2025-03-17T23:24:09.196+0000] {processor.py:186} INFO - Started process (PID=1742) to work on /home/airflow/.local/lib/python3.12/site-packages/airflow/example_dags/example_branch_datetime_operator.py
[2025-03-17T23:24:09.196+0000] {processor.py:914} INFO - Processing file /home/airflow/.local/lib/python3.12/site-packages/airflow/example_dags/example_branch_datetime_operator.py for tasks to queue
[2025-03-17T23:24:09.198+0000] {logging_mixin.py:190} INFO - [2025-03-17T23:24:09.198+0000] {dagbag.py:588} INFO - Filling up the DagBag from /home/airflow/.local/lib/python3.12/site-packages/airflow/example_dags/example_branch_datetime_operator.py
[2025-03-17T23:24:09.205+0000] {processor.py:925} INFO - DAG(s) 'example_branch_datetime_operator_2', 'example_branch_datetime_operator', 'example_branch_datetime_operator_3' retrieved from /home/airflow/.local/lib/python3.12/site-packages/airflow/example_dags/example_branch_datetime_operator.py
[2025-03-17T23:24:09.217+0000] {logging_mixin.py:190} INFO - [2025-03-17T23:24:09.217+0000] {dag.py:3239} INFO - Sync 3 DAGs
[2025-03-17T23:24:09.228+0000] {logging_mixin.py:190} INFO - [2025-03-17T23:24:09.228+0000] {dag.py:4180} INFO - Setting next_dagrun for example_branch_datetime_operator to 2025-03-16 00:00:00+00:00, run_after=2025-03-17 00:00:00+00:00
[2025-03-17T23:24:09.230+0000] {logging_mixin.py:190} INFO - [2025-03-17T23:24:09.230+0000] {dag.py:4180} INFO - Setting next_dagrun for example_branch_datetime_operator_2 to 2025-03-16 00:00:00+00:00, run_after=2025-03-17 00:00:00+00:00
[2025-03-17T23:24:09.231+0000] {logging_mixin.py:190} INFO - [2025-03-17T23:24:09.231+0000] {dag.py:4180} INFO - Setting next_dagrun for example_branch_datetime_operator_3 to 2025-03-16 00:00:00+00:00, run_after=2025-03-17 00:00:00+00:00
[2025-03-17T23:24:09.238+0000] {processor.py:208} INFO - Processing /home/airflow/.local/lib/python3.12/site-packages/airflow/example_dags/example_branch_datetime_operator.py took 0.045 seconds
[2025-03-17T23:24:40.337+0000] {processor.py:186} INFO - Started process (PID=2032) to work on /home/airflow/.local/lib/python3.12/site-packages/airflow/example_dags/example_branch_datetime_operator.py
[2025-03-17T23:24:40.339+0000] {processor.py:914} INFO - Processing file /home/airflow/.local/lib/python3.12/site-packages/airflow/example_dags/example_branch_datetime_operator.py for tasks to queue
[2025-03-17T23:24:40.341+0000] {logging_mixin.py:190} INFO - [2025-03-17T23:24:40.341+0000] {dagbag.py:588} INFO - Filling up the DagBag from /home/airflow/.local/lib/python3.12/site-packages/airflow/example_dags/example_branch_datetime_operator.py
[2025-03-17T23:24:40.354+0000] {processor.py:925} INFO - DAG(s) 'example_branch_datetime_operator_3', 'example_branch_datetime_operator_2', 'example_branch_datetime_operator' retrieved from /home/airflow/.local/lib/python3.12/site-packages/airflow/example_dags/example_branch_datetime_operator.py
[2025-03-17T23:24:40.381+0000] {logging_mixin.py:190} INFO - [2025-03-17T23:24:40.380+0000] {dag.py:3239} INFO - Sync 3 DAGs
[2025-03-17T23:24:40.400+0000] {logging_mixin.py:190} INFO - [2025-03-17T23:24:40.400+0000] {dag.py:4180} INFO - Setting next_dagrun for example_branch_datetime_operator to 2025-03-16 00:00:00+00:00, run_after=2025-03-17 00:00:00+00:00
[2025-03-17T23:24:40.405+0000] {logging_mixin.py:190} INFO - [2025-03-17T23:24:40.405+0000] {dag.py:4180} INFO - Setting next_dagrun for example_branch_datetime_operator_2 to 2025-03-16 00:00:00+00:00, run_after=2025-03-17 00:00:00+00:00
[2025-03-17T23:24:40.407+0000] {logging_mixin.py:190} INFO - [2025-03-17T23:24:40.407+0000] {dag.py:4180} INFO - Setting next_dagrun for example_branch_datetime_operator_3 to 2025-03-16 00:00:00+00:00, run_after=2025-03-17 00:00:00+00:00
[2025-03-17T23:24:40.419+0000] {processor.py:208} INFO - Processing /home/airflow/.local/lib/python3.12/site-packages/airflow/example_dags/example_branch_datetime_operator.py took 0.092 seconds
[2025-03-17T23:25:11.670+0000] {processor.py:186} INFO - Started process (PID=2323) to work on /home/airflow/.local/lib/python3.12/site-packages/airflow/example_dags/example_branch_datetime_operator.py
[2025-03-17T23:25:11.671+0000] {processor.py:914} INFO - Processing file /home/airflow/.local/lib/python3.12/site-packages/airflow/example_dags/example_branch_datetime_operator.py for tasks to queue
[2025-03-17T23:25:11.673+0000] {logging_mixin.py:190} INFO - [2025-03-17T23:25:11.672+0000] {dagbag.py:588} INFO - Filling up the DagBag from /home/airflow/.local/lib/python3.12/site-packages/airflow/example_dags/example_branch_datetime_operator.py
[2025-03-17T23:25:11.680+0000] {processor.py:925} INFO - DAG(s) 'example_branch_datetime_operator_3', 'example_branch_datetime_operator_2', 'example_branch_datetime_operator' retrieved from /home/airflow/.local/lib/python3.12/site-packages/airflow/example_dags/example_branch_datetime_operator.py
[2025-03-17T23:25:11.694+0000] {logging_mixin.py:190} INFO - [2025-03-17T23:25:11.694+0000] {dag.py:3239} INFO - Sync 3 DAGs
[2025-03-17T23:25:11.706+0000] {logging_mixin.py:190} INFO - [2025-03-17T23:25:11.706+0000] {dag.py:4180} INFO - Setting next_dagrun for example_branch_datetime_operator to 2025-03-16 00:00:00+00:00, run_after=2025-03-17 00:00:00+00:00
[2025-03-17T23:25:11.708+0000] {logging_mixin.py:190} INFO - [2025-03-17T23:25:11.708+0000] {dag.py:4180} INFO - Setting next_dagrun for example_branch_datetime_operator_2 to 2025-03-16 00:00:00+00:00, run_after=2025-03-17 00:00:00+00:00
[2025-03-17T23:25:11.709+0000] {logging_mixin.py:190} INFO - [2025-03-17T23:25:11.709+0000] {dag.py:4180} INFO - Setting next_dagrun for example_branch_datetime_operator_3 to 2025-03-16 00:00:00+00:00, run_after=2025-03-17 00:00:00+00:00
[2025-03-17T23:25:11.716+0000] {processor.py:208} INFO - Processing /home/airflow/.local/lib/python3.12/site-packages/airflow/example_dags/example_branch_datetime_operator.py took 0.050 seconds
[2025-03-17T23:25:42.970+0000] {processor.py:186} INFO - Started process (PID=2616) to work on /home/airflow/.local/lib/python3.12/site-packages/airflow/example_dags/example_branch_datetime_operator.py
[2025-03-17T23:25:42.973+0000] {processor.py:914} INFO - Processing file /home/airflow/.local/lib/python3.12/site-packages/airflow/example_dags/example_branch_datetime_operator.py for tasks to queue
[2025-03-17T23:25:42.975+0000] {logging_mixin.py:190} INFO - [2025-03-17T23:25:42.974+0000] {dagbag.py:588} INFO - Filling up the DagBag from /home/airflow/.local/lib/python3.12/site-packages/airflow/example_dags/example_branch_datetime_operator.py
[2025-03-17T23:25:42.981+0000] {processor.py:925} INFO - DAG(s) 'example_branch_datetime_operator_2', 'example_branch_datetime_operator_3', 'example_branch_datetime_operator' retrieved from /home/airflow/.local/lib/python3.12/site-packages/airflow/example_dags/example_branch_datetime_operator.py
[2025-03-17T23:25:42.994+0000] {logging_mixin.py:190} INFO - [2025-03-17T23:25:42.994+0000] {dag.py:3239} INFO - Sync 3 DAGs
[2025-03-17T23:25:43.006+0000] {logging_mixin.py:190} INFO - [2025-03-17T23:25:43.006+0000] {dag.py:4180} INFO - Setting next_dagrun for example_branch_datetime_operator to 2025-03-16 00:00:00+00:00, run_after=2025-03-17 00:00:00+00:00
[2025-03-17T23:25:43.009+0000] {logging_mixin.py:190} INFO - [2025-03-17T23:25:43.008+0000] {dag.py:4180} INFO - Setting next_dagrun for example_branch_datetime_operator_2 to 2025-03-16 00:00:00+00:00, run_after=2025-03-17 00:00:00+00:00
[2025-03-17T23:25:43.010+0000] {logging_mixin.py:190} INFO - [2025-03-17T23:25:43.010+0000] {dag.py:4180} INFO - Setting next_dagrun for example_branch_datetime_operator_3 to 2025-03-16 00:00:00+00:00, run_after=2025-03-17 00:00:00+00:00
[2025-03-17T23:25:43.017+0000] {processor.py:208} INFO - Processing /home/airflow/.local/lib/python3.12/site-packages/airflow/example_dags/example_branch_datetime_operator.py took 0.051 seconds
[2025-03-17T23:26:14.139+0000] {processor.py:186} INFO - Started process (PID=2907) to work on /home/airflow/.local/lib/python3.12/site-packages/airflow/example_dags/example_branch_datetime_operator.py
[2025-03-17T23:26:14.140+0000] {processor.py:914} INFO - Processing file /home/airflow/.local/lib/python3.12/site-packages/airflow/example_dags/example_branch_datetime_operator.py for tasks to queue
[2025-03-17T23:26:14.141+0000] {logging_mixin.py:190} INFO - [2025-03-17T23:26:14.141+0000] {dagbag.py:588} INFO - Filling up the DagBag from /home/airflow/.local/lib/python3.12/site-packages/airflow/example_dags/example_branch_datetime_operator.py
[2025-03-17T23:26:14.147+0000] {processor.py:925} INFO - DAG(s) 'example_branch_datetime_operator_3', 'example_branch_datetime_operator_2', 'example_branch_datetime_operator' retrieved from /home/airflow/.local/lib/python3.12/site-packages/airflow/example_dags/example_branch_datetime_operator.py
[2025-03-17T23:26:14.160+0000] {logging_mixin.py:190} INFO - [2025-03-17T23:26:14.160+0000] {dag.py:3239} INFO - Sync 3 DAGs
[2025-03-17T23:26:14.171+0000] {logging_mixin.py:190} INFO - [2025-03-17T23:26:14.171+0000] {dag.py:4180} INFO - Setting next_dagrun for example_branch_datetime_operator to 2025-03-16 00:00:00+00:00, run_after=2025-03-17 00:00:00+00:00
[2025-03-17T23:26:14.173+0000] {logging_mixin.py:190} INFO - [2025-03-17T23:26:14.173+0000] {dag.py:4180} INFO - Setting next_dagrun for example_branch_datetime_operator_2 to 2025-03-16 00:00:00+00:00, run_after=2025-03-17 00:00:00+00:00
[2025-03-17T23:26:14.174+0000] {logging_mixin.py:190} INFO - [2025-03-17T23:26:14.174+0000] {dag.py:4180} INFO - Setting next_dagrun for example_branch_datetime_operator_3 to 2025-03-16 00:00:00+00:00, run_after=2025-03-17 00:00:00+00:00
[2025-03-17T23:26:14.180+0000] {processor.py:208} INFO - Processing /home/airflow/.local/lib/python3.12/site-packages/airflow/example_dags/example_branch_datetime_operator.py took 0.044 seconds
[2025-03-17T23:26:44.980+0000] {processor.py:186} INFO - Started process (PID=3196) to work on /home/airflow/.local/lib/python3.12/site-packages/airflow/example_dags/example_branch_datetime_operator.py
[2025-03-17T23:26:44.981+0000] {processor.py:914} INFO - Processing file /home/airflow/.local/lib/python3.12/site-packages/airflow/example_dags/example_branch_datetime_operator.py for tasks to queue
[2025-03-17T23:26:44.984+0000] {logging_mixin.py:190} INFO - [2025-03-17T23:26:44.984+0000] {dagbag.py:588} INFO - Filling up the DagBag from /home/airflow/.local/lib/python3.12/site-packages/airflow/example_dags/example_branch_datetime_operator.py
[2025-03-17T23:26:44.991+0000] {processor.py:925} INFO - DAG(s) 'example_branch_datetime_operator_3', 'example_branch_datetime_operator_2', 'example_branch_datetime_operator' retrieved from /home/airflow/.local/lib/python3.12/site-packages/airflow/example_dags/example_branch_datetime_operator.py
[2025-03-17T23:26:45.003+0000] {logging_mixin.py:190} INFO - [2025-03-17T23:26:45.002+0000] {dag.py:3239} INFO - Sync 3 DAGs
[2025-03-17T23:26:45.013+0000] {logging_mixin.py:190} INFO - [2025-03-17T23:26:45.013+0000] {dag.py:4180} INFO - Setting next_dagrun for example_branch_datetime_operator to 2025-03-16 00:00:00+00:00, run_after=2025-03-17 00:00:00+00:00
[2025-03-17T23:26:45.016+0000] {logging_mixin.py:190} INFO - [2025-03-17T23:26:45.015+0000] {dag.py:4180} INFO - Setting next_dagrun for example_branch_datetime_operator_2 to 2025-03-16 00:00:00+00:00, run_after=2025-03-17 00:00:00+00:00
[2025-03-17T23:26:45.016+0000] {logging_mixin.py:190} INFO - [2025-03-17T23:26:45.016+0000] {dag.py:4180} INFO - Setting next_dagrun for example_branch_datetime_operator_3 to 2025-03-16 00:00:00+00:00, run_after=2025-03-17 00:00:00+00:00
[2025-03-17T23:26:45.023+0000] {processor.py:208} INFO - Processing /home/airflow/.local/lib/python3.12/site-packages/airflow/example_dags/example_branch_datetime_operator.py took 0.046 seconds
[2025-03-17T23:27:15.960+0000] {processor.py:186} INFO - Started process (PID=3487) to work on /home/airflow/.local/lib/python3.12/site-packages/airflow/example_dags/example_branch_datetime_operator.py
[2025-03-17T23:27:15.961+0000] {processor.py:914} INFO - Processing file /home/airflow/.local/lib/python3.12/site-packages/airflow/example_dags/example_branch_datetime_operator.py for tasks to queue
[2025-03-17T23:27:15.962+0000] {logging_mixin.py:190} INFO - [2025-03-17T23:27:15.962+0000] {dagbag.py:588} INFO - Filling up the DagBag from /home/airflow/.local/lib/python3.12/site-packages/airflow/example_dags/example_branch_datetime_operator.py
[2025-03-17T23:27:15.968+0000] {processor.py:925} INFO - DAG(s) 'example_branch_datetime_operator_2', 'example_branch_datetime_operator_3', 'example_branch_datetime_operator' retrieved from /home/airflow/.local/lib/python3.12/site-packages/airflow/example_dags/example_branch_datetime_operator.py
[2025-03-17T23:27:15.983+0000] {logging_mixin.py:190} INFO - [2025-03-17T23:27:15.983+0000] {dag.py:3239} INFO - Sync 3 DAGs
[2025-03-17T23:27:15.994+0000] {logging_mixin.py:190} INFO - [2025-03-17T23:27:15.993+0000] {dag.py:4180} INFO - Setting next_dagrun for example_branch_datetime_operator to 2025-03-16 00:00:00+00:00, run_after=2025-03-17 00:00:00+00:00
[2025-03-17T23:27:15.997+0000] {logging_mixin.py:190} INFO - [2025-03-17T23:27:15.997+0000] {dag.py:4180} INFO - Setting next_dagrun for example_branch_datetime_operator_2 to 2025-03-16 00:00:00+00:00, run_after=2025-03-17 00:00:00+00:00
[2025-03-17T23:27:15.999+0000] {logging_mixin.py:190} INFO - [2025-03-17T23:27:15.999+0000] {dag.py:4180} INFO - Setting next_dagrun for example_branch_datetime_operator_3 to 2025-03-16 00:00:00+00:00, run_after=2025-03-17 00:00:00+00:00
[2025-03-17T23:27:16.007+0000] {processor.py:208} INFO - Processing /home/airflow/.local/lib/python3.12/site-packages/airflow/example_dags/example_branch_datetime_operator.py took 0.050 seconds
[2025-03-17T23:27:46.900+0000] {processor.py:186} INFO - Started process (PID=3778) to work on /home/airflow/.local/lib/python3.12/site-packages/airflow/example_dags/example_branch_datetime_operator.py
[2025-03-17T23:27:46.901+0000] {processor.py:914} INFO - Processing file /home/airflow/.local/lib/python3.12/site-packages/airflow/example_dags/example_branch_datetime_operator.py for tasks to queue
[2025-03-17T23:27:46.902+0000] {logging_mixin.py:190} INFO - [2025-03-17T23:27:46.902+0000] {dagbag.py:588} INFO - Filling up the DagBag from /home/airflow/.local/lib/python3.12/site-packages/airflow/example_dags/example_branch_datetime_operator.py
[2025-03-17T23:27:46.909+0000] {processor.py:925} INFO - DAG(s) 'example_branch_datetime_operator_2', 'example_branch_datetime_operator', 'example_branch_datetime_operator_3' retrieved from /home/airflow/.local/lib/python3.12/site-packages/airflow/example_dags/example_branch_datetime_operator.py
[2025-03-17T23:27:46.924+0000] {logging_mixin.py:190} INFO - [2025-03-17T23:27:46.924+0000] {dag.py:3239} INFO - Sync 3 DAGs
[2025-03-17T23:27:46.937+0000] {logging_mixin.py:190} INFO - [2025-03-17T23:27:46.937+0000] {dag.py:4180} INFO - Setting next_dagrun for example_branch_datetime_operator to 2025-03-16 00:00:00+00:00, run_after=2025-03-17 00:00:00+00:00
[2025-03-17T23:27:46.942+0000] {logging_mixin.py:190} INFO - [2025-03-17T23:27:46.942+0000] {dag.py:4180} INFO - Setting next_dagrun for example_branch_datetime_operator_2 to 2025-03-16 00:00:00+00:00, run_after=2025-03-17 00:00:00+00:00
[2025-03-17T23:27:46.944+0000] {logging_mixin.py:190} INFO - [2025-03-17T23:27:46.944+0000] {dag.py:4180} INFO - Setting next_dagrun for example_branch_datetime_operator_3 to 2025-03-16 00:00:00+00:00, run_after=2025-03-17 00:00:00+00:00
[2025-03-17T23:27:46.951+0000] {processor.py:208} INFO - Processing /home/airflow/.local/lib/python3.12/site-packages/airflow/example_dags/example_branch_datetime_operator.py took 0.055 seconds
[2025-03-17T23:28:17.577+0000] {processor.py:186} INFO - Started process (PID=4069) to work on /home/airflow/.local/lib/python3.12/site-packages/airflow/example_dags/example_branch_datetime_operator.py
[2025-03-17T23:28:17.578+0000] {processor.py:914} INFO - Processing file /home/airflow/.local/lib/python3.12/site-packages/airflow/example_dags/example_branch_datetime_operator.py for tasks to queue
[2025-03-17T23:28:17.579+0000] {logging_mixin.py:190} INFO - [2025-03-17T23:28:17.579+0000] {dagbag.py:588} INFO - Filling up the DagBag from /home/airflow/.local/lib/python3.12/site-packages/airflow/example_dags/example_branch_datetime_operator.py
[2025-03-17T23:28:17.585+0000] {processor.py:925} INFO - DAG(s) 'example_branch_datetime_operator_3', 'example_branch_datetime_operator_2', 'example_branch_datetime_operator' retrieved from /home/airflow/.local/lib/python3.12/site-packages/airflow/example_dags/example_branch_datetime_operator.py
[2025-03-17T23:28:17.602+0000] {logging_mixin.py:190} INFO - [2025-03-17T23:28:17.601+0000] {dag.py:3239} INFO - Sync 3 DAGs
[2025-03-17T23:28:17.614+0000] {logging_mixin.py:190} INFO - [2025-03-17T23:28:17.614+0000] {dag.py:4180} INFO - Setting next_dagrun for example_branch_datetime_operator to 2025-03-16 00:00:00+00:00, run_after=2025-03-17 00:00:00+00:00
[2025-03-17T23:28:17.616+0000] {logging_mixin.py:190} INFO - [2025-03-17T23:28:17.616+0000] {dag.py:4180} INFO - Setting next_dagrun for example_branch_datetime_operator_2 to 2025-03-16 00:00:00+00:00, run_after=2025-03-17 00:00:00+00:00
[2025-03-17T23:28:17.617+0000] {logging_mixin.py:190} INFO - [2025-03-17T23:28:17.617+0000] {dag.py:4180} INFO - Setting next_dagrun for example_branch_datetime_operator_3 to 2025-03-16 00:00:00+00:00, run_after=2025-03-17 00:00:00+00:00
[2025-03-17T23:28:17.628+0000] {processor.py:208} INFO - Processing /home/airflow/.local/lib/python3.12/site-packages/airflow/example_dags/example_branch_datetime_operator.py took 0.054 seconds
[2025-03-17T23:28:48.383+0000] {processor.py:186} INFO - Started process (PID=4360) to work on /home/airflow/.local/lib/python3.12/site-packages/airflow/example_dags/example_branch_datetime_operator.py
[2025-03-17T23:28:48.385+0000] {processor.py:914} INFO - Processing file /home/airflow/.local/lib/python3.12/site-packages/airflow/example_dags/example_branch_datetime_operator.py for tasks to queue
[2025-03-17T23:28:48.387+0000] {logging_mixin.py:190} INFO - [2025-03-17T23:28:48.387+0000] {dagbag.py:588} INFO - Filling up the DagBag from /home/airflow/.local/lib/python3.12/site-packages/airflow/example_dags/example_branch_datetime_operator.py
[2025-03-17T23:28:48.393+0000] {processor.py:925} INFO - DAG(s) 'example_branch_datetime_operator', 'example_branch_datetime_operator_3', 'example_branch_datetime_operator_2' retrieved from /home/airflow/.local/lib/python3.12/site-packages/airflow/example_dags/example_branch_datetime_operator.py
[2025-03-17T23:28:48.405+0000] {logging_mixin.py:190} INFO - [2025-03-17T23:28:48.405+0000] {dag.py:3239} INFO - Sync 3 DAGs
[2025-03-17T23:28:48.417+0000] {logging_mixin.py:190} INFO - [2025-03-17T23:28:48.417+0000] {dag.py:4180} INFO - Setting next_dagrun for example_branch_datetime_operator to 2025-03-16 00:00:00+00:00, run_after=2025-03-17 00:00:00+00:00
[2025-03-17T23:28:48.420+0000] {logging_mixin.py:190} INFO - [2025-03-17T23:28:48.419+0000] {dag.py:4180} INFO - Setting next_dagrun for example_branch_datetime_operator_2 to 2025-03-16 00:00:00+00:00, run_after=2025-03-17 00:00:00+00:00
[2025-03-17T23:28:48.422+0000] {logging_mixin.py:190} INFO - [2025-03-17T23:28:48.422+0000] {dag.py:4180} INFO - Setting next_dagrun for example_branch_datetime_operator_3 to 2025-03-16 00:00:00+00:00, run_after=2025-03-17 00:00:00+00:00
[2025-03-17T23:28:48.428+0000] {processor.py:208} INFO - Processing /home/airflow/.local/lib/python3.12/site-packages/airflow/example_dags/example_branch_datetime_operator.py took 0.049 seconds
[2025-03-17T23:29:19.027+0000] {processor.py:186} INFO - Started process (PID=4653) to work on /home/airflow/.local/lib/python3.12/site-packages/airflow/example_dags/example_branch_datetime_operator.py
[2025-03-17T23:29:19.027+0000] {processor.py:914} INFO - Processing file /home/airflow/.local/lib/python3.12/site-packages/airflow/example_dags/example_branch_datetime_operator.py for tasks to queue
[2025-03-17T23:29:19.028+0000] {logging_mixin.py:190} INFO - [2025-03-17T23:29:19.028+0000] {dagbag.py:588} INFO - Filling up the DagBag from /home/airflow/.local/lib/python3.12/site-packages/airflow/example_dags/example_branch_datetime_operator.py
[2025-03-17T23:29:19.034+0000] {processor.py:925} INFO - DAG(s) 'example_branch_datetime_operator_2', 'example_branch_datetime_operator_3', 'example_branch_datetime_operator' retrieved from /home/airflow/.local/lib/python3.12/site-packages/airflow/example_dags/example_branch_datetime_operator.py
[2025-03-17T23:29:19.045+0000] {logging_mixin.py:190} INFO - [2025-03-17T23:29:19.045+0000] {dag.py:3239} INFO - Sync 3 DAGs
[2025-03-17T23:29:19.055+0000] {logging_mixin.py:190} INFO - [2025-03-17T23:29:19.055+0000] {dag.py:4180} INFO - Setting next_dagrun for example_branch_datetime_operator to 2025-03-16 00:00:00+00:00, run_after=2025-03-17 00:00:00+00:00
[2025-03-17T23:29:19.057+0000] {logging_mixin.py:190} INFO - [2025-03-17T23:29:19.057+0000] {dag.py:4180} INFO - Setting next_dagrun for example_branch_datetime_operator_2 to 2025-03-16 00:00:00+00:00, run_after=2025-03-17 00:00:00+00:00
[2025-03-17T23:29:19.058+0000] {logging_mixin.py:190} INFO - [2025-03-17T23:29:19.058+0000] {dag.py:4180} INFO - Setting next_dagrun for example_branch_datetime_operator_3 to 2025-03-16 00:00:00+00:00, run_after=2025-03-17 00:00:00+00:00
[2025-03-17T23:29:19.064+0000] {processor.py:208} INFO - Processing /home/airflow/.local/lib/python3.12/site-packages/airflow/example_dags/example_branch_datetime_operator.py took 0.040 seconds
[2025-03-17T23:29:49.589+0000] {processor.py:186} INFO - Started process (PID=4942) to work on /home/airflow/.local/lib/python3.12/site-packages/airflow/example_dags/example_branch_datetime_operator.py
[2025-03-17T23:29:49.591+0000] {processor.py:914} INFO - Processing file /home/airflow/.local/lib/python3.12/site-packages/airflow/example_dags/example_branch_datetime_operator.py for tasks to queue
[2025-03-17T23:29:49.592+0000] {logging_mixin.py:190} INFO - [2025-03-17T23:29:49.592+0000] {dagbag.py:588} INFO - Filling up the DagBag from /home/airflow/.local/lib/python3.12/site-packages/airflow/example_dags/example_branch_datetime_operator.py
[2025-03-17T23:29:49.598+0000] {processor.py:925} INFO - DAG(s) 'example_branch_datetime_operator', 'example_branch_datetime_operator_3', 'example_branch_datetime_operator_2' retrieved from /home/airflow/.local/lib/python3.12/site-packages/airflow/example_dags/example_branch_datetime_operator.py
[2025-03-17T23:29:49.611+0000] {logging_mixin.py:190} INFO - [2025-03-17T23:29:49.611+0000] {dag.py:3239} INFO - Sync 3 DAGs
[2025-03-17T23:29:49.621+0000] {logging_mixin.py:190} INFO - [2025-03-17T23:29:49.621+0000] {dag.py:4180} INFO - Setting next_dagrun for example_branch_datetime_operator to 2025-03-16 00:00:00+00:00, run_after=2025-03-17 00:00:00+00:00
[2025-03-17T23:29:49.624+0000] {logging_mixin.py:190} INFO - [2025-03-17T23:29:49.623+0000] {dag.py:4180} INFO - Setting next_dagrun for example_branch_datetime_operator_2 to 2025-03-16 00:00:00+00:00, run_after=2025-03-17 00:00:00+00:00
[2025-03-17T23:29:49.625+0000] {logging_mixin.py:190} INFO - [2025-03-17T23:29:49.625+0000] {dag.py:4180} INFO - Setting next_dagrun for example_branch_datetime_operator_3 to 2025-03-16 00:00:00+00:00, run_after=2025-03-17 00:00:00+00:00
[2025-03-17T23:29:49.633+0000] {processor.py:208} INFO - Processing /home/airflow/.local/lib/python3.12/site-packages/airflow/example_dags/example_branch_datetime_operator.py took 0.047 seconds
[2025-03-17T23:30:20.206+0000] {processor.py:186} INFO - Started process (PID=5233) to work on /home/airflow/.local/lib/python3.12/site-packages/airflow/example_dags/example_branch_datetime_operator.py
[2025-03-17T23:30:20.207+0000] {processor.py:914} INFO - Processing file /home/airflow/.local/lib/python3.12/site-packages/airflow/example_dags/example_branch_datetime_operator.py for tasks to queue
[2025-03-17T23:30:20.208+0000] {logging_mixin.py:190} INFO - [2025-03-17T23:30:20.208+0000] {dagbag.py:588} INFO - Filling up the DagBag from /home/airflow/.local/lib/python3.12/site-packages/airflow/example_dags/example_branch_datetime_operator.py
[2025-03-17T23:30:20.214+0000] {processor.py:925} INFO - DAG(s) 'example_branch_datetime_operator_3', 'example_branch_datetime_operator', 'example_branch_datetime_operator_2' retrieved from /home/airflow/.local/lib/python3.12/site-packages/airflow/example_dags/example_branch_datetime_operator.py
[2025-03-17T23:30:20.226+0000] {logging_mixin.py:190} INFO - [2025-03-17T23:30:20.226+0000] {dag.py:3239} INFO - Sync 3 DAGs
[2025-03-17T23:30:20.239+0000] {logging_mixin.py:190} INFO - [2025-03-17T23:30:20.238+0000] {dag.py:4180} INFO - Setting next_dagrun for example_branch_datetime_operator to 2025-03-16 00:00:00+00:00, run_after=2025-03-17 00:00:00+00:00
[2025-03-17T23:30:20.242+0000] {logging_mixin.py:190} INFO - [2025-03-17T23:30:20.242+0000] {dag.py:4180} INFO - Setting next_dagrun for example_branch_datetime_operator_2 to 2025-03-16 00:00:00+00:00, run_after=2025-03-17 00:00:00+00:00
[2025-03-17T23:30:20.243+0000] {logging_mixin.py:190} INFO - [2025-03-17T23:30:20.242+0000] {dag.py:4180} INFO - Setting next_dagrun for example_branch_datetime_operator_3 to 2025-03-16 00:00:00+00:00, run_after=2025-03-17 00:00:00+00:00
[2025-03-17T23:30:20.251+0000] {processor.py:208} INFO - Processing /home/airflow/.local/lib/python3.12/site-packages/airflow/example_dags/example_branch_datetime_operator.py took 0.048 seconds
[2025-03-17T23:30:50.788+0000] {processor.py:186} INFO - Started process (PID=5526) to work on /home/airflow/.local/lib/python3.12/site-packages/airflow/example_dags/example_branch_datetime_operator.py
[2025-03-17T23:30:50.788+0000] {processor.py:914} INFO - Processing file /home/airflow/.local/lib/python3.12/site-packages/airflow/example_dags/example_branch_datetime_operator.py for tasks to queue
[2025-03-17T23:30:50.789+0000] {logging_mixin.py:190} INFO - [2025-03-17T23:30:50.789+0000] {dagbag.py:588} INFO - Filling up the DagBag from /home/airflow/.local/lib/python3.12/site-packages/airflow/example_dags/example_branch_datetime_operator.py
[2025-03-17T23:30:50.795+0000] {processor.py:925} INFO - DAG(s) 'example_branch_datetime_operator', 'example_branch_datetime_operator_3', 'example_branch_datetime_operator_2' retrieved from /home/airflow/.local/lib/python3.12/site-packages/airflow/example_dags/example_branch_datetime_operator.py
[2025-03-17T23:30:50.813+0000] {logging_mixin.py:190} INFO - [2025-03-17T23:30:50.813+0000] {dag.py:3239} INFO - Sync 3 DAGs
[2025-03-17T23:30:50.825+0000] {logging_mixin.py:190} INFO - [2025-03-17T23:30:50.824+0000] {dag.py:4180} INFO - Setting next_dagrun for example_branch_datetime_operator to 2025-03-16 00:00:00+00:00, run_after=2025-03-17 00:00:00+00:00
[2025-03-17T23:30:50.828+0000] {logging_mixin.py:190} INFO - [2025-03-17T23:30:50.828+0000] {dag.py:4180} INFO - Setting next_dagrun for example_branch_datetime_operator_2 to 2025-03-16 00:00:00+00:00, run_after=2025-03-17 00:00:00+00:00
[2025-03-17T23:30:50.829+0000] {logging_mixin.py:190} INFO - [2025-03-17T23:30:50.829+0000] {dag.py:4180} INFO - Setting next_dagrun for example_branch_datetime_operator_3 to 2025-03-16 00:00:00+00:00, run_after=2025-03-17 00:00:00+00:00
[2025-03-17T23:30:50.838+0000] {processor.py:208} INFO - Processing /home/airflow/.local/lib/python3.12/site-packages/airflow/example_dags/example_branch_datetime_operator.py took 0.053 seconds
[2025-03-17T23:31:21.348+0000] {processor.py:186} INFO - Started process (PID=5817) to work on /home/airflow/.local/lib/python3.12/site-packages/airflow/example_dags/example_branch_datetime_operator.py
[2025-03-17T23:31:21.349+0000] {processor.py:914} INFO - Processing file /home/airflow/.local/lib/python3.12/site-packages/airflow/example_dags/example_branch_datetime_operator.py for tasks to queue
[2025-03-17T23:31:21.350+0000] {logging_mixin.py:190} INFO - [2025-03-17T23:31:21.350+0000] {dagbag.py:588} INFO - Filling up the DagBag from /home/airflow/.local/lib/python3.12/site-packages/airflow/example_dags/example_branch_datetime_operator.py
[2025-03-17T23:31:21.355+0000] {processor.py:925} INFO - DAG(s) 'example_branch_datetime_operator_2', 'example_branch_datetime_operator_3', 'example_branch_datetime_operator' retrieved from /home/airflow/.local/lib/python3.12/site-packages/airflow/example_dags/example_branch_datetime_operator.py
[2025-03-17T23:31:21.367+0000] {logging_mixin.py:190} INFO - [2025-03-17T23:31:21.367+0000] {dag.py:3239} INFO - Sync 3 DAGs
[2025-03-17T23:31:21.379+0000] {logging_mixin.py:190} INFO - [2025-03-17T23:31:21.379+0000] {dag.py:4180} INFO - Setting next_dagrun for example_branch_datetime_operator to 2025-03-16 00:00:00+00:00, run_after=2025-03-17 00:00:00+00:00
[2025-03-17T23:31:21.381+0000] {logging_mixin.py:190} INFO - [2025-03-17T23:31:21.381+0000] {dag.py:4180} INFO - Setting next_dagrun for example_branch_datetime_operator_2 to 2025-03-16 00:00:00+00:00, run_after=2025-03-17 00:00:00+00:00
[2025-03-17T23:31:21.383+0000] {logging_mixin.py:190} INFO - [2025-03-17T23:31:21.383+0000] {dag.py:4180} INFO - Setting next_dagrun for example_branch_datetime_operator_3 to 2025-03-16 00:00:00+00:00, run_after=2025-03-17 00:00:00+00:00
[2025-03-17T23:31:21.391+0000] {processor.py:208} INFO - Processing /home/airflow/.local/lib/python3.12/site-packages/airflow/example_dags/example_branch_datetime_operator.py took 0.046 seconds
[2025-03-17T23:31:51.876+0000] {processor.py:186} INFO - Started process (PID=6106) to work on /home/airflow/.local/lib/python3.12/site-packages/airflow/example_dags/example_branch_datetime_operator.py
[2025-03-17T23:31:51.877+0000] {processor.py:914} INFO - Processing file /home/airflow/.local/lib/python3.12/site-packages/airflow/example_dags/example_branch_datetime_operator.py for tasks to queue
[2025-03-17T23:31:51.879+0000] {logging_mixin.py:190} INFO - [2025-03-17T23:31:51.878+0000] {dagbag.py:588} INFO - Filling up the DagBag from /home/airflow/.local/lib/python3.12/site-packages/airflow/example_dags/example_branch_datetime_operator.py
[2025-03-17T23:31:51.884+0000] {processor.py:925} INFO - DAG(s) 'example_branch_datetime_operator', 'example_branch_datetime_operator_3', 'example_branch_datetime_operator_2' retrieved from /home/airflow/.local/lib/python3.12/site-packages/airflow/example_dags/example_branch_datetime_operator.py
[2025-03-17T23:31:51.896+0000] {logging_mixin.py:190} INFO - [2025-03-17T23:31:51.896+0000] {dag.py:3239} INFO - Sync 3 DAGs
[2025-03-17T23:31:51.907+0000] {logging_mixin.py:190} INFO - [2025-03-17T23:31:51.907+0000] {dag.py:4180} INFO - Setting next_dagrun for example_branch_datetime_operator to 2025-03-16 00:00:00+00:00, run_after=2025-03-17 00:00:00+00:00
[2025-03-17T23:31:51.909+0000] {logging_mixin.py:190} INFO - [2025-03-17T23:31:51.909+0000] {dag.py:4180} INFO - Setting next_dagrun for example_branch_datetime_operator_2 to 2025-03-16 00:00:00+00:00, run_after=2025-03-17 00:00:00+00:00
[2025-03-17T23:31:51.910+0000] {logging_mixin.py:190} INFO - [2025-03-17T23:31:51.910+0000] {dag.py:4180} INFO - Setting next_dagrun for example_branch_datetime_operator_3 to 2025-03-16 00:00:00+00:00, run_after=2025-03-17 00:00:00+00:00
[2025-03-17T23:31:51.918+0000] {processor.py:208} INFO - Processing /home/airflow/.local/lib/python3.12/site-packages/airflow/example_dags/example_branch_datetime_operator.py took 0.044 seconds
[2025-03-17T23:32:22.444+0000] {processor.py:186} INFO - Started process (PID=6397) to work on /home/airflow/.local/lib/python3.12/site-packages/airflow/example_dags/example_branch_datetime_operator.py
[2025-03-17T23:32:22.444+0000] {processor.py:914} INFO - Processing file /home/airflow/.local/lib/python3.12/site-packages/airflow/example_dags/example_branch_datetime_operator.py for tasks to queue
[2025-03-17T23:32:22.446+0000] {logging_mixin.py:190} INFO - [2025-03-17T23:32:22.446+0000] {dagbag.py:588} INFO - Filling up the DagBag from /home/airflow/.local/lib/python3.12/site-packages/airflow/example_dags/example_branch_datetime_operator.py
[2025-03-17T23:32:22.452+0000] {processor.py:925} INFO - DAG(s) 'example_branch_datetime_operator_2', 'example_branch_datetime_operator', 'example_branch_datetime_operator_3' retrieved from /home/airflow/.local/lib/python3.12/site-packages/airflow/example_dags/example_branch_datetime_operator.py
[2025-03-17T23:32:22.464+0000] {logging_mixin.py:190} INFO - [2025-03-17T23:32:22.464+0000] {dag.py:3239} INFO - Sync 3 DAGs
[2025-03-17T23:32:22.475+0000] {logging_mixin.py:190} INFO - [2025-03-17T23:32:22.475+0000] {dag.py:4180} INFO - Setting next_dagrun for example_branch_datetime_operator to 2025-03-16 00:00:00+00:00, run_after=2025-03-17 00:00:00+00:00
[2025-03-17T23:32:22.477+0000] {logging_mixin.py:190} INFO - [2025-03-17T23:32:22.477+0000] {dag.py:4180} INFO - Setting next_dagrun for example_branch_datetime_operator_2 to 2025-03-16 00:00:00+00:00, run_after=2025-03-17 00:00:00+00:00
[2025-03-17T23:32:22.478+0000] {logging_mixin.py:190} INFO - [2025-03-17T23:32:22.478+0000] {dag.py:4180} INFO - Setting next_dagrun for example_branch_datetime_operator_3 to 2025-03-16 00:00:00+00:00, run_after=2025-03-17 00:00:00+00:00
[2025-03-17T23:32:22.484+0000] {processor.py:208} INFO - Processing /home/airflow/.local/lib/python3.12/site-packages/airflow/example_dags/example_branch_datetime_operator.py took 0.043 seconds
[2025-03-17T23:32:53.123+0000] {processor.py:186} INFO - Started process (PID=6688) to work on /home/airflow/.local/lib/python3.12/site-packages/airflow/example_dags/example_branch_datetime_operator.py
[2025-03-17T23:32:53.125+0000] {processor.py:914} INFO - Processing file /home/airflow/.local/lib/python3.12/site-packages/airflow/example_dags/example_branch_datetime_operator.py for tasks to queue
[2025-03-17T23:32:53.126+0000] {logging_mixin.py:190} INFO - [2025-03-17T23:32:53.126+0000] {dagbag.py:588} INFO - Filling up the DagBag from /home/airflow/.local/lib/python3.12/site-packages/airflow/example_dags/example_branch_datetime_operator.py
[2025-03-17T23:32:53.132+0000] {processor.py:925} INFO - DAG(s) 'example_branch_datetime_operator_3', 'example_branch_datetime_operator_2', 'example_branch_datetime_operator' retrieved from /home/airflow/.local/lib/python3.12/site-packages/airflow/example_dags/example_branch_datetime_operator.py
[2025-03-17T23:32:53.145+0000] {logging_mixin.py:190} INFO - [2025-03-17T23:32:53.144+0000] {dag.py:3239} INFO - Sync 3 DAGs
[2025-03-17T23:32:53.155+0000] {logging_mixin.py:190} INFO - [2025-03-17T23:32:53.155+0000] {dag.py:4180} INFO - Setting next_dagrun for example_branch_datetime_operator to 2025-03-16 00:00:00+00:00, run_after=2025-03-17 00:00:00+00:00
[2025-03-17T23:32:53.157+0000] {logging_mixin.py:190} INFO - [2025-03-17T23:32:53.157+0000] {dag.py:4180} INFO - Setting next_dagrun for example_branch_datetime_operator_2 to 2025-03-16 00:00:00+00:00, run_after=2025-03-17 00:00:00+00:00
[2025-03-17T23:32:53.158+0000] {logging_mixin.py:190} INFO - [2025-03-17T23:32:53.158+0000] {dag.py:4180} INFO - Setting next_dagrun for example_branch_datetime_operator_3 to 2025-03-16 00:00:00+00:00, run_after=2025-03-17 00:00:00+00:00
[2025-03-17T23:32:53.165+0000] {processor.py:208} INFO - Processing /home/airflow/.local/lib/python3.12/site-packages/airflow/example_dags/example_branch_datetime_operator.py took 0.045 seconds
[2025-03-17T23:33:23.774+0000] {processor.py:186} INFO - Started process (PID=6980) to work on /home/airflow/.local/lib/python3.12/site-packages/airflow/example_dags/example_branch_datetime_operator.py
[2025-03-17T23:33:23.775+0000] {processor.py:914} INFO - Processing file /home/airflow/.local/lib/python3.12/site-packages/airflow/example_dags/example_branch_datetime_operator.py for tasks to queue
[2025-03-17T23:33:23.777+0000] {logging_mixin.py:190} INFO - [2025-03-17T23:33:23.777+0000] {dagbag.py:588} INFO - Filling up the DagBag from /home/airflow/.local/lib/python3.12/site-packages/airflow/example_dags/example_branch_datetime_operator.py
[2025-03-17T23:33:23.783+0000] {processor.py:925} INFO - DAG(s) 'example_branch_datetime_operator_3', 'example_branch_datetime_operator_2', 'example_branch_datetime_operator' retrieved from /home/airflow/.local/lib/python3.12/site-packages/airflow/example_dags/example_branch_datetime_operator.py
[2025-03-17T23:33:23.796+0000] {logging_mixin.py:190} INFO - [2025-03-17T23:33:23.796+0000] {dag.py:3239} INFO - Sync 3 DAGs
[2025-03-17T23:33:23.807+0000] {logging_mixin.py:190} INFO - [2025-03-17T23:33:23.807+0000] {dag.py:4180} INFO - Setting next_dagrun for example_branch_datetime_operator to 2025-03-16 00:00:00+00:00, run_after=2025-03-17 00:00:00+00:00
[2025-03-17T23:33:23.810+0000] {logging_mixin.py:190} INFO - [2025-03-17T23:33:23.809+0000] {dag.py:4180} INFO - Setting next_dagrun for example_branch_datetime_operator_2 to 2025-03-16 00:00:00+00:00, run_after=2025-03-17 00:00:00+00:00
[2025-03-17T23:33:23.811+0000] {logging_mixin.py:190} INFO - [2025-03-17T23:33:23.811+0000] {dag.py:4180} INFO - Setting next_dagrun for example_branch_datetime_operator_3 to 2025-03-16 00:00:00+00:00, run_after=2025-03-17 00:00:00+00:00
[2025-03-17T23:33:23.817+0000] {processor.py:208} INFO - Processing /home/airflow/.local/lib/python3.12/site-packages/airflow/example_dags/example_branch_datetime_operator.py took 0.046 seconds
[2025-03-17T23:33:54.745+0000] {processor.py:186} INFO - Started process (PID=7270) to work on /home/airflow/.local/lib/python3.12/site-packages/airflow/example_dags/example_branch_datetime_operator.py
[2025-03-17T23:33:54.745+0000] {processor.py:914} INFO - Processing file /home/airflow/.local/lib/python3.12/site-packages/airflow/example_dags/example_branch_datetime_operator.py for tasks to queue
[2025-03-17T23:33:54.747+0000] {logging_mixin.py:190} INFO - [2025-03-17T23:33:54.747+0000] {dagbag.py:588} INFO - Filling up the DagBag from /home/airflow/.local/lib/python3.12/site-packages/airflow/example_dags/example_branch_datetime_operator.py
[2025-03-17T23:33:54.755+0000] {processor.py:925} INFO - DAG(s) 'example_branch_datetime_operator', 'example_branch_datetime_operator_3', 'example_branch_datetime_operator_2' retrieved from /home/airflow/.local/lib/python3.12/site-packages/airflow/example_dags/example_branch_datetime_operator.py
[2025-03-17T23:33:54.767+0000] {logging_mixin.py:190} INFO - [2025-03-17T23:33:54.767+0000] {dag.py:3239} INFO - Sync 3 DAGs
[2025-03-17T23:33:54.778+0000] {logging_mixin.py:190} INFO - [2025-03-17T23:33:54.778+0000] {dag.py:4180} INFO - Setting next_dagrun for example_branch_datetime_operator to 2025-03-16 00:00:00+00:00, run_after=2025-03-17 00:00:00+00:00
[2025-03-17T23:33:54.781+0000] {logging_mixin.py:190} INFO - [2025-03-17T23:33:54.781+0000] {dag.py:4180} INFO - Setting next_dagrun for example_branch_datetime_operator_2 to 2025-03-16 00:00:00+00:00, run_after=2025-03-17 00:00:00+00:00
[2025-03-17T23:33:54.782+0000] {logging_mixin.py:190} INFO - [2025-03-17T23:33:54.782+0000] {dag.py:4180} INFO - Setting next_dagrun for example_branch_datetime_operator_3 to 2025-03-16 00:00:00+00:00, run_after=2025-03-17 00:00:00+00:00
[2025-03-17T23:33:54.790+0000] {processor.py:208} INFO - Processing /home/airflow/.local/lib/python3.12/site-packages/airflow/example_dags/example_branch_datetime_operator.py took 0.048 seconds
[2025-03-17T23:34:25.625+0000] {processor.py:186} INFO - Started process (PID=7563) to work on /home/airflow/.local/lib/python3.12/site-packages/airflow/example_dags/example_branch_datetime_operator.py
[2025-03-17T23:34:25.626+0000] {processor.py:914} INFO - Processing file /home/airflow/.local/lib/python3.12/site-packages/airflow/example_dags/example_branch_datetime_operator.py for tasks to queue
[2025-03-17T23:34:25.627+0000] {logging_mixin.py:190} INFO - [2025-03-17T23:34:25.627+0000] {dagbag.py:588} INFO - Filling up the DagBag from /home/airflow/.local/lib/python3.12/site-packages/airflow/example_dags/example_branch_datetime_operator.py
[2025-03-17T23:34:25.632+0000] {processor.py:925} INFO - DAG(s) 'example_branch_datetime_operator', 'example_branch_datetime_operator_3', 'example_branch_datetime_operator_2' retrieved from /home/airflow/.local/lib/python3.12/site-packages/airflow/example_dags/example_branch_datetime_operator.py
[2025-03-17T23:34:25.643+0000] {logging_mixin.py:190} INFO - [2025-03-17T23:34:25.643+0000] {dag.py:3239} INFO - Sync 3 DAGs
[2025-03-17T23:34:25.653+0000] {logging_mixin.py:190} INFO - [2025-03-17T23:34:25.653+0000] {dag.py:4180} INFO - Setting next_dagrun for example_branch_datetime_operator to 2025-03-16 00:00:00+00:00, run_after=2025-03-17 00:00:00+00:00
[2025-03-17T23:34:25.655+0000] {logging_mixin.py:190} INFO - [2025-03-17T23:34:25.655+0000] {dag.py:4180} INFO - Setting next_dagrun for example_branch_datetime_operator_2 to 2025-03-16 00:00:00+00:00, run_after=2025-03-17 00:00:00+00:00
[2025-03-17T23:34:25.656+0000] {logging_mixin.py:190} INFO - [2025-03-17T23:34:25.656+0000] {dag.py:4180} INFO - Setting next_dagrun for example_branch_datetime_operator_3 to 2025-03-16 00:00:00+00:00, run_after=2025-03-17 00:00:00+00:00
[2025-03-17T23:34:25.662+0000] {processor.py:208} INFO - Processing /home/airflow/.local/lib/python3.12/site-packages/airflow/example_dags/example_branch_datetime_operator.py took 0.040 seconds
[2025-03-17T23:34:56.803+0000] {processor.py:186} INFO - Started process (PID=7891) to work on /home/airflow/.local/lib/python3.12/site-packages/airflow/example_dags/example_branch_datetime_operator.py
[2025-03-17T23:34:56.804+0000] {processor.py:914} INFO - Processing file /home/airflow/.local/lib/python3.12/site-packages/airflow/example_dags/example_branch_datetime_operator.py for tasks to queue
[2025-03-17T23:34:56.806+0000] {logging_mixin.py:190} INFO - [2025-03-17T23:34:56.806+0000] {dagbag.py:588} INFO - Filling up the DagBag from /home/airflow/.local/lib/python3.12/site-packages/airflow/example_dags/example_branch_datetime_operator.py
[2025-03-17T23:34:56.812+0000] {processor.py:925} INFO - DAG(s) 'example_branch_datetime_operator_2', 'example_branch_datetime_operator', 'example_branch_datetime_operator_3' retrieved from /home/airflow/.local/lib/python3.12/site-packages/airflow/example_dags/example_branch_datetime_operator.py
[2025-03-17T23:34:56.824+0000] {logging_mixin.py:190} INFO - [2025-03-17T23:34:56.824+0000] {dag.py:3239} INFO - Sync 3 DAGs
[2025-03-17T23:34:56.835+0000] {logging_mixin.py:190} INFO - [2025-03-17T23:34:56.835+0000] {dag.py:4180} INFO - Setting next_dagrun for example_branch_datetime_operator to 2025-03-16 00:00:00+00:00, run_after=2025-03-17 00:00:00+00:00
[2025-03-17T23:34:56.838+0000] {logging_mixin.py:190} INFO - [2025-03-17T23:34:56.837+0000] {dag.py:4180} INFO - Setting next_dagrun for example_branch_datetime_operator_2 to 2025-03-16 00:00:00+00:00, run_after=2025-03-17 00:00:00+00:00
[2025-03-17T23:34:56.838+0000] {logging_mixin.py:190} INFO - [2025-03-17T23:34:56.838+0000] {dag.py:4180} INFO - Setting next_dagrun for example_branch_datetime_operator_3 to 2025-03-16 00:00:00+00:00, run_after=2025-03-17 00:00:00+00:00
[2025-03-17T23:34:56.845+0000] {processor.py:208} INFO - Processing /home/airflow/.local/lib/python3.12/site-packages/airflow/example_dags/example_branch_datetime_operator.py took 0.045 seconds
[2025-03-17T23:35:27.768+0000] {processor.py:186} INFO - Started process (PID=8183) to work on /home/airflow/.local/lib/python3.12/site-packages/airflow/example_dags/example_branch_datetime_operator.py
[2025-03-17T23:35:27.769+0000] {processor.py:914} INFO - Processing file /home/airflow/.local/lib/python3.12/site-packages/airflow/example_dags/example_branch_datetime_operator.py for tasks to queue
[2025-03-17T23:35:27.772+0000] {logging_mixin.py:190} INFO - [2025-03-17T23:35:27.771+0000] {dagbag.py:588} INFO - Filling up the DagBag from /home/airflow/.local/lib/python3.12/site-packages/airflow/example_dags/example_branch_datetime_operator.py
[2025-03-17T23:35:27.778+0000] {processor.py:925} INFO - DAG(s) 'example_branch_datetime_operator', 'example_branch_datetime_operator_2', 'example_branch_datetime_operator_3' retrieved from /home/airflow/.local/lib/python3.12/site-packages/airflow/example_dags/example_branch_datetime_operator.py
[2025-03-17T23:35:27.790+0000] {logging_mixin.py:190} INFO - [2025-03-17T23:35:27.790+0000] {dag.py:3239} INFO - Sync 3 DAGs
[2025-03-17T23:35:27.801+0000] {logging_mixin.py:190} INFO - [2025-03-17T23:35:27.801+0000] {dag.py:4180} INFO - Setting next_dagrun for example_branch_datetime_operator to 2025-03-16 00:00:00+00:00, run_after=2025-03-17 00:00:00+00:00
[2025-03-17T23:35:27.803+0000] {logging_mixin.py:190} INFO - [2025-03-17T23:35:27.803+0000] {dag.py:4180} INFO - Setting next_dagrun for example_branch_datetime_operator_2 to 2025-03-16 00:00:00+00:00, run_after=2025-03-17 00:00:00+00:00
[2025-03-17T23:35:27.804+0000] {logging_mixin.py:190} INFO - [2025-03-17T23:35:27.804+0000] {dag.py:4180} INFO - Setting next_dagrun for example_branch_datetime_operator_3 to 2025-03-16 00:00:00+00:00, run_after=2025-03-17 00:00:00+00:00
[2025-03-17T23:35:27.811+0000] {processor.py:208} INFO - Processing /home/airflow/.local/lib/python3.12/site-packages/airflow/example_dags/example_branch_datetime_operator.py took 0.046 seconds
[2025-03-17T23:35:58.707+0000] {processor.py:186} INFO - Started process (PID=8473) to work on /home/airflow/.local/lib/python3.12/site-packages/airflow/example_dags/example_branch_datetime_operator.py
[2025-03-17T23:35:58.707+0000] {processor.py:914} INFO - Processing file /home/airflow/.local/lib/python3.12/site-packages/airflow/example_dags/example_branch_datetime_operator.py for tasks to queue
[2025-03-17T23:35:58.709+0000] {logging_mixin.py:190} INFO - [2025-03-17T23:35:58.708+0000] {dagbag.py:588} INFO - Filling up the DagBag from /home/airflow/.local/lib/python3.12/site-packages/airflow/example_dags/example_branch_datetime_operator.py
[2025-03-17T23:35:58.715+0000] {processor.py:925} INFO - DAG(s) 'example_branch_datetime_operator', 'example_branch_datetime_operator_3', 'example_branch_datetime_operator_2' retrieved from /home/airflow/.local/lib/python3.12/site-packages/airflow/example_dags/example_branch_datetime_operator.py
[2025-03-17T23:35:58.729+0000] {logging_mixin.py:190} INFO - [2025-03-17T23:35:58.729+0000] {dag.py:3239} INFO - Sync 3 DAGs
[2025-03-17T23:35:58.743+0000] {logging_mixin.py:190} INFO - [2025-03-17T23:35:58.743+0000] {dag.py:4180} INFO - Setting next_dagrun for example_branch_datetime_operator to 2025-03-16 00:00:00+00:00, run_after=2025-03-17 00:00:00+00:00
[2025-03-17T23:35:58.746+0000] {logging_mixin.py:190} INFO - [2025-03-17T23:35:58.746+0000] {dag.py:4180} INFO - Setting next_dagrun for example_branch_datetime_operator_2 to 2025-03-16 00:00:00+00:00, run_after=2025-03-17 00:00:00+00:00
[2025-03-17T23:35:58.747+0000] {logging_mixin.py:190} INFO - [2025-03-17T23:35:58.747+0000] {dag.py:4180} INFO - Setting next_dagrun for example_branch_datetime_operator_3 to 2025-03-16 00:00:00+00:00, run_after=2025-03-17 00:00:00+00:00
[2025-03-17T23:35:58.755+0000] {processor.py:208} INFO - Processing /home/airflow/.local/lib/python3.12/site-packages/airflow/example_dags/example_branch_datetime_operator.py took 0.052 seconds
[2025-03-17T23:36:30.210+0000] {processor.py:186} INFO - Started process (PID=8765) to work on /home/airflow/.local/lib/python3.12/site-packages/airflow/example_dags/example_branch_datetime_operator.py
[2025-03-17T23:36:30.211+0000] {processor.py:914} INFO - Processing file /home/airflow/.local/lib/python3.12/site-packages/airflow/example_dags/example_branch_datetime_operator.py for tasks to queue
[2025-03-17T23:36:30.215+0000] {logging_mixin.py:190} INFO - [2025-03-17T23:36:30.214+0000] {dagbag.py:588} INFO - Filling up the DagBag from /home/airflow/.local/lib/python3.12/site-packages/airflow/example_dags/example_branch_datetime_operator.py
[2025-03-17T23:36:30.220+0000] {processor.py:925} INFO - DAG(s) 'example_branch_datetime_operator', 'example_branch_datetime_operator_2', 'example_branch_datetime_operator_3' retrieved from /home/airflow/.local/lib/python3.12/site-packages/airflow/example_dags/example_branch_datetime_operator.py
[2025-03-17T23:36:30.232+0000] {logging_mixin.py:190} INFO - [2025-03-17T23:36:30.232+0000] {dag.py:3239} INFO - Sync 3 DAGs
[2025-03-17T23:36:30.243+0000] {logging_mixin.py:190} INFO - [2025-03-17T23:36:30.243+0000] {dag.py:4180} INFO - Setting next_dagrun for example_branch_datetime_operator to 2025-03-16 00:00:00+00:00, run_after=2025-03-17 00:00:00+00:00
[2025-03-17T23:36:30.245+0000] {logging_mixin.py:190} INFO - [2025-03-17T23:36:30.245+0000] {dag.py:4180} INFO - Setting next_dagrun for example_branch_datetime_operator_2 to 2025-03-16 00:00:00+00:00, run_after=2025-03-17 00:00:00+00:00
[2025-03-17T23:36:30.246+0000] {logging_mixin.py:190} INFO - [2025-03-17T23:36:30.246+0000] {dag.py:4180} INFO - Setting next_dagrun for example_branch_datetime_operator_3 to 2025-03-16 00:00:00+00:00, run_after=2025-03-17 00:00:00+00:00
[2025-03-17T23:36:30.254+0000] {processor.py:208} INFO - Processing /home/airflow/.local/lib/python3.12/site-packages/airflow/example_dags/example_branch_datetime_operator.py took 0.046 seconds
[2025-03-17T23:37:01.601+0000] {processor.py:186} INFO - Started process (PID=9055) to work on /home/airflow/.local/lib/python3.12/site-packages/airflow/example_dags/example_branch_datetime_operator.py
[2025-03-17T23:37:01.603+0000] {processor.py:914} INFO - Processing file /home/airflow/.local/lib/python3.12/site-packages/airflow/example_dags/example_branch_datetime_operator.py for tasks to queue
[2025-03-17T23:37:01.604+0000] {logging_mixin.py:190} INFO - [2025-03-17T23:37:01.604+0000] {dagbag.py:588} INFO - Filling up the DagBag from /home/airflow/.local/lib/python3.12/site-packages/airflow/example_dags/example_branch_datetime_operator.py
[2025-03-17T23:37:01.610+0000] {processor.py:925} INFO - DAG(s) 'example_branch_datetime_operator_2', 'example_branch_datetime_operator_3', 'example_branch_datetime_operator' retrieved from /home/airflow/.local/lib/python3.12/site-packages/airflow/example_dags/example_branch_datetime_operator.py
[2025-03-17T23:37:01.624+0000] {logging_mixin.py:190} INFO - [2025-03-17T23:37:01.624+0000] {dag.py:3239} INFO - Sync 3 DAGs
[2025-03-17T23:37:01.636+0000] {logging_mixin.py:190} INFO - [2025-03-17T23:37:01.636+0000] {dag.py:4180} INFO - Setting next_dagrun for example_branch_datetime_operator to 2025-03-16 00:00:00+00:00, run_after=2025-03-17 00:00:00+00:00
[2025-03-17T23:37:01.638+0000] {logging_mixin.py:190} INFO - [2025-03-17T23:37:01.638+0000] {dag.py:4180} INFO - Setting next_dagrun for example_branch_datetime_operator_2 to 2025-03-16 00:00:00+00:00, run_after=2025-03-17 00:00:00+00:00
[2025-03-17T23:37:01.641+0000] {logging_mixin.py:190} INFO - [2025-03-17T23:37:01.641+0000] {dag.py:4180} INFO - Setting next_dagrun for example_branch_datetime_operator_3 to 2025-03-16 00:00:00+00:00, run_after=2025-03-17 00:00:00+00:00
[2025-03-17T23:37:01.652+0000] {processor.py:208} INFO - Processing /home/airflow/.local/lib/python3.12/site-packages/airflow/example_dags/example_branch_datetime_operator.py took 0.054 seconds
[2025-03-17T23:37:33.180+0000] {processor.py:186} INFO - Started process (PID=9354) to work on /home/airflow/.local/lib/python3.12/site-packages/airflow/example_dags/example_branch_datetime_operator.py
[2025-03-17T23:37:33.181+0000] {processor.py:914} INFO - Processing file /home/airflow/.local/lib/python3.12/site-packages/airflow/example_dags/example_branch_datetime_operator.py for tasks to queue
[2025-03-17T23:37:33.182+0000] {logging_mixin.py:190} INFO - [2025-03-17T23:37:33.182+0000] {dagbag.py:588} INFO - Filling up the DagBag from /home/airflow/.local/lib/python3.12/site-packages/airflow/example_dags/example_branch_datetime_operator.py
[2025-03-17T23:37:33.188+0000] {processor.py:925} INFO - DAG(s) 'example_branch_datetime_operator_2', 'example_branch_datetime_operator', 'example_branch_datetime_operator_3' retrieved from /home/airflow/.local/lib/python3.12/site-packages/airflow/example_dags/example_branch_datetime_operator.py
[2025-03-17T23:37:33.207+0000] {logging_mixin.py:190} INFO - [2025-03-17T23:37:33.207+0000] {dag.py:3239} INFO - Sync 3 DAGs
[2025-03-17T23:37:33.225+0000] {logging_mixin.py:190} INFO - [2025-03-17T23:37:33.225+0000] {dag.py:4180} INFO - Setting next_dagrun for example_branch_datetime_operator to 2025-03-16 00:00:00+00:00, run_after=2025-03-17 00:00:00+00:00
[2025-03-17T23:37:33.230+0000] {logging_mixin.py:190} INFO - [2025-03-17T23:37:33.230+0000] {dag.py:4180} INFO - Setting next_dagrun for example_branch_datetime_operator_2 to 2025-03-16 00:00:00+00:00, run_after=2025-03-17 00:00:00+00:00
[2025-03-17T23:37:33.231+0000] {logging_mixin.py:190} INFO - [2025-03-17T23:37:33.231+0000] {dag.py:4180} INFO - Setting next_dagrun for example_branch_datetime_operator_3 to 2025-03-16 00:00:00+00:00, run_after=2025-03-17 00:00:00+00:00
[2025-03-17T23:37:33.242+0000] {processor.py:208} INFO - Processing /home/airflow/.local/lib/python3.12/site-packages/airflow/example_dags/example_branch_datetime_operator.py took 0.065 seconds
