[2025-03-17T23:21:31.792+0000] {processor.py:186} INFO - Started process (PID=222) to work on /home/airflow/.local/lib/python3.12/site-packages/airflow/example_dags/example_display_name.py
[2025-03-17T23:21:31.793+0000] {processor.py:914} INFO - Processing file /home/airflow/.local/lib/python3.12/site-packages/airflow/example_dags/example_display_name.py for tasks to queue
[2025-03-17T23:21:31.794+0000] {logging_mixin.py:190} INFO - [2025-03-17T23:21:31.794+0000] {dagbag.py:588} INFO - Filling up the DagBag from /home/airflow/.local/lib/python3.12/site-packages/airflow/example_dags/example_display_name.py
[2025-03-17T23:21:31.800+0000] {processor.py:925} INFO - DAG(s) 'example_display_name' retrieved from /home/airflow/.local/lib/python3.12/site-packages/airflow/example_dags/example_display_name.py
[2025-03-17T23:21:31.859+0000] {logging_mixin.py:190} INFO - [2025-03-17T23:21:31.859+0000] {override.py:1912} INFO - Created Permission View: can edit on DAG:example_display_name
[2025-03-17T23:21:31.865+0000] {logging_mixin.py:190} INFO - [2025-03-17T23:21:31.865+0000] {override.py:1912} INFO - Created Permission View: can read on DAG:example_display_name
[2025-03-17T23:21:31.868+0000] {logging_mixin.py:190} INFO - [2025-03-17T23:21:31.868+0000] {override.py:1912} INFO - Created Permission View: can delete on DAG:example_display_name
[2025-03-17T23:21:31.872+0000] {logging_mixin.py:190} INFO - [2025-03-17T23:21:31.872+0000] {override.py:1912} INFO - Created Permission View: can create on DAG Run:example_display_name
[2025-03-17T23:21:31.875+0000] {logging_mixin.py:190} INFO - [2025-03-17T23:21:31.875+0000] {override.py:1912} INFO - Created Permission View: menu access on DAG Run:example_display_name
[2025-03-17T23:21:31.879+0000] {logging_mixin.py:190} INFO - [2025-03-17T23:21:31.879+0000] {override.py:1912} INFO - Created Permission View: can read on DAG Run:example_display_name
[2025-03-17T23:21:31.882+0000] {logging_mixin.py:190} INFO - [2025-03-17T23:21:31.882+0000] {override.py:1912} INFO - Created Permission View: can delete on DAG Run:example_display_name
[2025-03-17T23:21:31.882+0000] {logging_mixin.py:190} INFO - [2025-03-17T23:21:31.882+0000] {dag.py:3239} INFO - Sync 1 DAGs
[2025-03-17T23:21:31.892+0000] {logging_mixin.py:190} INFO - [2025-03-17T23:21:31.891+0000] {dag.py:3262} INFO - Creating ORM DAG for example_display_name
[2025-03-17T23:21:31.892+0000] {logging_mixin.py:190} INFO - [2025-03-17T23:21:31.892+0000] {dag.py:4180} INFO - Setting next_dagrun for example_display_name to None, run_after=None
[2025-03-17T23:21:31.902+0000] {processor.py:208} INFO - Processing /home/airflow/.local/lib/python3.12/site-packages/airflow/example_dags/example_display_name.py took 0.113 seconds
[2025-03-17T23:22:02.070+0000] {processor.py:186} INFO - Started process (PID=515) to work on /home/airflow/.local/lib/python3.12/site-packages/airflow/example_dags/example_display_name.py
[2025-03-17T23:22:02.071+0000] {processor.py:914} INFO - Processing file /home/airflow/.local/lib/python3.12/site-packages/airflow/example_dags/example_display_name.py for tasks to queue
[2025-03-17T23:22:02.072+0000] {logging_mixin.py:190} INFO - [2025-03-17T23:22:02.071+0000] {dagbag.py:588} INFO - Filling up the DagBag from /home/airflow/.local/lib/python3.12/site-packages/airflow/example_dags/example_display_name.py
[2025-03-17T23:22:02.075+0000] {processor.py:925} INFO - DAG(s) 'example_display_name' retrieved from /home/airflow/.local/lib/python3.12/site-packages/airflow/example_dags/example_display_name.py
[2025-03-17T23:22:02.083+0000] {logging_mixin.py:190} INFO - [2025-03-17T23:22:02.083+0000] {dag.py:3239} INFO - Sync 1 DAGs
[2025-03-17T23:22:02.089+0000] {logging_mixin.py:190} INFO - [2025-03-17T23:22:02.089+0000] {dag.py:4180} INFO - Setting next_dagrun for example_display_name to None, run_after=None
[2025-03-17T23:22:02.096+0000] {processor.py:208} INFO - Processing /home/airflow/.local/lib/python3.12/site-packages/airflow/example_dags/example_display_name.py took 0.028 seconds
[2025-03-17T23:22:32.280+0000] {processor.py:186} INFO - Started process (PID=804) to work on /home/airflow/.local/lib/python3.12/site-packages/airflow/example_dags/example_display_name.py
[2025-03-17T23:22:32.281+0000] {processor.py:914} INFO - Processing file /home/airflow/.local/lib/python3.12/site-packages/airflow/example_dags/example_display_name.py for tasks to queue
[2025-03-17T23:22:32.282+0000] {logging_mixin.py:190} INFO - [2025-03-17T23:22:32.282+0000] {dagbag.py:588} INFO - Filling up the DagBag from /home/airflow/.local/lib/python3.12/site-packages/airflow/example_dags/example_display_name.py
[2025-03-17T23:22:32.286+0000] {processor.py:925} INFO - DAG(s) 'example_display_name' retrieved from /home/airflow/.local/lib/python3.12/site-packages/airflow/example_dags/example_display_name.py
[2025-03-17T23:22:32.297+0000] {logging_mixin.py:190} INFO - [2025-03-17T23:22:32.296+0000] {dag.py:3239} INFO - Sync 1 DAGs
[2025-03-17T23:22:32.305+0000] {logging_mixin.py:190} INFO - [2025-03-17T23:22:32.305+0000] {dag.py:4180} INFO - Setting next_dagrun for example_display_name to None, run_after=None
[2025-03-17T23:22:32.316+0000] {processor.py:208} INFO - Processing /home/airflow/.local/lib/python3.12/site-packages/airflow/example_dags/example_display_name.py took 0.039 seconds
[2025-03-17T23:23:03.277+0000] {processor.py:186} INFO - Started process (PID=1095) to work on /home/airflow/.local/lib/python3.12/site-packages/airflow/example_dags/example_display_name.py
[2025-03-17T23:23:03.278+0000] {processor.py:914} INFO - Processing file /home/airflow/.local/lib/python3.12/site-packages/airflow/example_dags/example_display_name.py for tasks to queue
[2025-03-17T23:23:03.279+0000] {logging_mixin.py:190} INFO - [2025-03-17T23:23:03.278+0000] {dagbag.py:588} INFO - Filling up the DagBag from /home/airflow/.local/lib/python3.12/site-packages/airflow/example_dags/example_display_name.py
[2025-03-17T23:23:03.283+0000] {processor.py:925} INFO - DAG(s) 'example_display_name' retrieved from /home/airflow/.local/lib/python3.12/site-packages/airflow/example_dags/example_display_name.py
[2025-03-17T23:23:03.292+0000] {logging_mixin.py:190} INFO - [2025-03-17T23:23:03.292+0000] {dag.py:3239} INFO - Sync 1 DAGs
[2025-03-17T23:23:03.298+0000] {logging_mixin.py:190} INFO - [2025-03-17T23:23:03.298+0000] {dag.py:4180} INFO - Setting next_dagrun for example_display_name to None, run_after=None
[2025-03-17T23:23:03.306+0000] {processor.py:208} INFO - Processing /home/airflow/.local/lib/python3.12/site-packages/airflow/example_dags/example_display_name.py took 0.032 seconds
[2025-03-17T23:23:34.254+0000] {processor.py:186} INFO - Started process (PID=1386) to work on /home/airflow/.local/lib/python3.12/site-packages/airflow/example_dags/example_display_name.py
[2025-03-17T23:23:34.254+0000] {processor.py:914} INFO - Processing file /home/airflow/.local/lib/python3.12/site-packages/airflow/example_dags/example_display_name.py for tasks to queue
[2025-03-17T23:23:34.256+0000] {logging_mixin.py:190} INFO - [2025-03-17T23:23:34.255+0000] {dagbag.py:588} INFO - Filling up the DagBag from /home/airflow/.local/lib/python3.12/site-packages/airflow/example_dags/example_display_name.py
[2025-03-17T23:23:34.260+0000] {processor.py:925} INFO - DAG(s) 'example_display_name' retrieved from /home/airflow/.local/lib/python3.12/site-packages/airflow/example_dags/example_display_name.py
[2025-03-17T23:23:34.268+0000] {logging_mixin.py:190} INFO - [2025-03-17T23:23:34.268+0000] {dag.py:3239} INFO - Sync 1 DAGs
[2025-03-17T23:23:34.276+0000] {logging_mixin.py:190} INFO - [2025-03-17T23:23:34.276+0000] {dag.py:4180} INFO - Setting next_dagrun for example_display_name to None, run_after=None
[2025-03-17T23:23:34.285+0000] {processor.py:208} INFO - Processing /home/airflow/.local/lib/python3.12/site-packages/airflow/example_dags/example_display_name.py took 0.034 seconds
[2025-03-17T23:24:04.411+0000] {processor.py:186} INFO - Started process (PID=1677) to work on /home/airflow/.local/lib/python3.12/site-packages/airflow/example_dags/example_display_name.py
[2025-03-17T23:24:04.411+0000] {processor.py:914} INFO - Processing file /home/airflow/.local/lib/python3.12/site-packages/airflow/example_dags/example_display_name.py for tasks to queue
[2025-03-17T23:24:04.413+0000] {logging_mixin.py:190} INFO - [2025-03-17T23:24:04.413+0000] {dagbag.py:588} INFO - Filling up the DagBag from /home/airflow/.local/lib/python3.12/site-packages/airflow/example_dags/example_display_name.py
[2025-03-17T23:24:04.417+0000] {processor.py:925} INFO - DAG(s) 'example_display_name' retrieved from /home/airflow/.local/lib/python3.12/site-packages/airflow/example_dags/example_display_name.py
[2025-03-17T23:24:04.427+0000] {logging_mixin.py:190} INFO - [2025-03-17T23:24:04.427+0000] {dag.py:3239} INFO - Sync 1 DAGs
[2025-03-17T23:24:04.435+0000] {logging_mixin.py:190} INFO - [2025-03-17T23:24:04.435+0000] {dag.py:4180} INFO - Setting next_dagrun for example_display_name to None, run_after=None
[2025-03-17T23:24:04.445+0000] {processor.py:208} INFO - Processing /home/airflow/.local/lib/python3.12/site-packages/airflow/example_dags/example_display_name.py took 0.039 seconds
[2025-03-17T23:24:35.419+0000] {processor.py:186} INFO - Started process (PID=1967) to work on /home/airflow/.local/lib/python3.12/site-packages/airflow/example_dags/example_display_name.py
[2025-03-17T23:24:35.420+0000] {processor.py:914} INFO - Processing file /home/airflow/.local/lib/python3.12/site-packages/airflow/example_dags/example_display_name.py for tasks to queue
[2025-03-17T23:24:35.421+0000] {logging_mixin.py:190} INFO - [2025-03-17T23:24:35.421+0000] {dagbag.py:588} INFO - Filling up the DagBag from /home/airflow/.local/lib/python3.12/site-packages/airflow/example_dags/example_display_name.py
[2025-03-17T23:24:35.425+0000] {processor.py:925} INFO - DAG(s) 'example_display_name' retrieved from /home/airflow/.local/lib/python3.12/site-packages/airflow/example_dags/example_display_name.py
[2025-03-17T23:24:35.435+0000] {logging_mixin.py:190} INFO - [2025-03-17T23:24:35.435+0000] {dag.py:3239} INFO - Sync 1 DAGs
[2025-03-17T23:24:35.442+0000] {logging_mixin.py:190} INFO - [2025-03-17T23:24:35.442+0000] {dag.py:4180} INFO - Setting next_dagrun for example_display_name to None, run_after=None
[2025-03-17T23:24:35.450+0000] {processor.py:208} INFO - Processing /home/airflow/.local/lib/python3.12/site-packages/airflow/example_dags/example_display_name.py took 0.034 seconds
[2025-03-17T23:25:05.760+0000] {processor.py:186} INFO - Started process (PID=2258) to work on /home/airflow/.local/lib/python3.12/site-packages/airflow/example_dags/example_display_name.py
[2025-03-17T23:25:05.761+0000] {processor.py:914} INFO - Processing file /home/airflow/.local/lib/python3.12/site-packages/airflow/example_dags/example_display_name.py for tasks to queue
[2025-03-17T23:25:05.762+0000] {logging_mixin.py:190} INFO - [2025-03-17T23:25:05.762+0000] {dagbag.py:588} INFO - Filling up the DagBag from /home/airflow/.local/lib/python3.12/site-packages/airflow/example_dags/example_display_name.py
[2025-03-17T23:25:05.766+0000] {processor.py:925} INFO - DAG(s) 'example_display_name' retrieved from /home/airflow/.local/lib/python3.12/site-packages/airflow/example_dags/example_display_name.py
[2025-03-17T23:25:05.775+0000] {logging_mixin.py:190} INFO - [2025-03-17T23:25:05.775+0000] {dag.py:3239} INFO - Sync 1 DAGs
[2025-03-17T23:25:05.784+0000] {logging_mixin.py:190} INFO - [2025-03-17T23:25:05.784+0000] {dag.py:4180} INFO - Setting next_dagrun for example_display_name to None, run_after=None
[2025-03-17T23:25:05.794+0000] {processor.py:208} INFO - Processing /home/airflow/.local/lib/python3.12/site-packages/airflow/example_dags/example_display_name.py took 0.037 seconds
[2025-03-17T23:25:36.860+0000] {processor.py:186} INFO - Started process (PID=2549) to work on /home/airflow/.local/lib/python3.12/site-packages/airflow/example_dags/example_display_name.py
[2025-03-17T23:25:36.861+0000] {processor.py:914} INFO - Processing file /home/airflow/.local/lib/python3.12/site-packages/airflow/example_dags/example_display_name.py for tasks to queue
[2025-03-17T23:25:36.862+0000] {logging_mixin.py:190} INFO - [2025-03-17T23:25:36.862+0000] {dagbag.py:588} INFO - Filling up the DagBag from /home/airflow/.local/lib/python3.12/site-packages/airflow/example_dags/example_display_name.py
[2025-03-17T23:25:36.867+0000] {processor.py:925} INFO - DAG(s) 'example_display_name' retrieved from /home/airflow/.local/lib/python3.12/site-packages/airflow/example_dags/example_display_name.py
[2025-03-17T23:25:36.877+0000] {logging_mixin.py:190} INFO - [2025-03-17T23:25:36.877+0000] {dag.py:3239} INFO - Sync 1 DAGs
[2025-03-17T23:25:36.884+0000] {logging_mixin.py:190} INFO - [2025-03-17T23:25:36.884+0000] {dag.py:4180} INFO - Setting next_dagrun for example_display_name to None, run_after=None
[2025-03-17T23:25:36.893+0000] {processor.py:208} INFO - Processing /home/airflow/.local/lib/python3.12/site-packages/airflow/example_dags/example_display_name.py took 0.037 seconds
[2025-03-17T23:26:07.276+0000] {processor.py:186} INFO - Started process (PID=2840) to work on /home/airflow/.local/lib/python3.12/site-packages/airflow/example_dags/example_display_name.py
[2025-03-17T23:26:07.277+0000] {processor.py:914} INFO - Processing file /home/airflow/.local/lib/python3.12/site-packages/airflow/example_dags/example_display_name.py for tasks to queue
[2025-03-17T23:26:07.278+0000] {logging_mixin.py:190} INFO - [2025-03-17T23:26:07.277+0000] {dagbag.py:588} INFO - Filling up the DagBag from /home/airflow/.local/lib/python3.12/site-packages/airflow/example_dags/example_display_name.py
[2025-03-17T23:26:07.282+0000] {processor.py:925} INFO - DAG(s) 'example_display_name' retrieved from /home/airflow/.local/lib/python3.12/site-packages/airflow/example_dags/example_display_name.py
[2025-03-17T23:26:07.292+0000] {logging_mixin.py:190} INFO - [2025-03-17T23:26:07.292+0000] {dag.py:3239} INFO - Sync 1 DAGs
[2025-03-17T23:26:07.300+0000] {logging_mixin.py:190} INFO - [2025-03-17T23:26:07.300+0000] {dag.py:4180} INFO - Setting next_dagrun for example_display_name to None, run_after=None
[2025-03-17T23:26:07.315+0000] {processor.py:208} INFO - Processing /home/airflow/.local/lib/python3.12/site-packages/airflow/example_dags/example_display_name.py took 0.042 seconds
[2025-03-17T23:26:38.097+0000] {processor.py:186} INFO - Started process (PID=3131) to work on /home/airflow/.local/lib/python3.12/site-packages/airflow/example_dags/example_display_name.py
[2025-03-17T23:26:38.098+0000] {processor.py:914} INFO - Processing file /home/airflow/.local/lib/python3.12/site-packages/airflow/example_dags/example_display_name.py for tasks to queue
[2025-03-17T23:26:38.099+0000] {logging_mixin.py:190} INFO - [2025-03-17T23:26:38.099+0000] {dagbag.py:588} INFO - Filling up the DagBag from /home/airflow/.local/lib/python3.12/site-packages/airflow/example_dags/example_display_name.py
[2025-03-17T23:26:38.103+0000] {processor.py:925} INFO - DAG(s) 'example_display_name' retrieved from /home/airflow/.local/lib/python3.12/site-packages/airflow/example_dags/example_display_name.py
[2025-03-17T23:26:38.112+0000] {logging_mixin.py:190} INFO - [2025-03-17T23:26:38.111+0000] {dag.py:3239} INFO - Sync 1 DAGs
[2025-03-17T23:26:38.117+0000] {logging_mixin.py:190} INFO - [2025-03-17T23:26:38.117+0000] {dag.py:4180} INFO - Setting next_dagrun for example_display_name to None, run_after=None
[2025-03-17T23:26:38.125+0000] {processor.py:208} INFO - Processing /home/airflow/.local/lib/python3.12/site-packages/airflow/example_dags/example_display_name.py took 0.031 seconds
[2025-03-17T23:27:09.002+0000] {processor.py:186} INFO - Started process (PID=3422) to work on /home/airflow/.local/lib/python3.12/site-packages/airflow/example_dags/example_display_name.py
[2025-03-17T23:27:09.003+0000] {processor.py:914} INFO - Processing file /home/airflow/.local/lib/python3.12/site-packages/airflow/example_dags/example_display_name.py for tasks to queue
[2025-03-17T23:27:09.004+0000] {logging_mixin.py:190} INFO - [2025-03-17T23:27:09.004+0000] {dagbag.py:588} INFO - Filling up the DagBag from /home/airflow/.local/lib/python3.12/site-packages/airflow/example_dags/example_display_name.py
[2025-03-17T23:27:09.008+0000] {processor.py:925} INFO - DAG(s) 'example_display_name' retrieved from /home/airflow/.local/lib/python3.12/site-packages/airflow/example_dags/example_display_name.py
[2025-03-17T23:27:09.021+0000] {logging_mixin.py:190} INFO - [2025-03-17T23:27:09.021+0000] {dag.py:3239} INFO - Sync 1 DAGs
[2025-03-17T23:27:09.027+0000] {logging_mixin.py:190} INFO - [2025-03-17T23:27:09.027+0000] {dag.py:4180} INFO - Setting next_dagrun for example_display_name to None, run_after=None
[2025-03-17T23:27:09.037+0000] {processor.py:208} INFO - Processing /home/airflow/.local/lib/python3.12/site-packages/airflow/example_dags/example_display_name.py took 0.038 seconds
[2025-03-17T23:27:39.930+0000] {processor.py:186} INFO - Started process (PID=3713) to work on /home/airflow/.local/lib/python3.12/site-packages/airflow/example_dags/example_display_name.py
[2025-03-17T23:27:39.931+0000] {processor.py:914} INFO - Processing file /home/airflow/.local/lib/python3.12/site-packages/airflow/example_dags/example_display_name.py for tasks to queue
[2025-03-17T23:27:39.933+0000] {logging_mixin.py:190} INFO - [2025-03-17T23:27:39.932+0000] {dagbag.py:588} INFO - Filling up the DagBag from /home/airflow/.local/lib/python3.12/site-packages/airflow/example_dags/example_display_name.py
[2025-03-17T23:27:39.937+0000] {processor.py:925} INFO - DAG(s) 'example_display_name' retrieved from /home/airflow/.local/lib/python3.12/site-packages/airflow/example_dags/example_display_name.py
[2025-03-17T23:27:39.947+0000] {logging_mixin.py:190} INFO - [2025-03-17T23:27:39.947+0000] {dag.py:3239} INFO - Sync 1 DAGs
[2025-03-17T23:27:39.954+0000] {logging_mixin.py:190} INFO - [2025-03-17T23:27:39.953+0000] {dag.py:4180} INFO - Setting next_dagrun for example_display_name to None, run_after=None
[2025-03-17T23:27:39.964+0000] {processor.py:208} INFO - Processing /home/airflow/.local/lib/python3.12/site-packages/airflow/example_dags/example_display_name.py took 0.037 seconds
[2025-03-17T23:28:10.682+0000] {processor.py:186} INFO - Started process (PID=4004) to work on /home/airflow/.local/lib/python3.12/site-packages/airflow/example_dags/example_display_name.py
[2025-03-17T23:28:10.684+0000] {processor.py:914} INFO - Processing file /home/airflow/.local/lib/python3.12/site-packages/airflow/example_dags/example_display_name.py for tasks to queue
[2025-03-17T23:28:10.685+0000] {logging_mixin.py:190} INFO - [2025-03-17T23:28:10.685+0000] {dagbag.py:588} INFO - Filling up the DagBag from /home/airflow/.local/lib/python3.12/site-packages/airflow/example_dags/example_display_name.py
[2025-03-17T23:28:10.689+0000] {processor.py:925} INFO - DAG(s) 'example_display_name' retrieved from /home/airflow/.local/lib/python3.12/site-packages/airflow/example_dags/example_display_name.py
[2025-03-17T23:28:10.702+0000] {logging_mixin.py:190} INFO - [2025-03-17T23:28:10.702+0000] {dag.py:3239} INFO - Sync 1 DAGs
[2025-03-17T23:28:10.708+0000] {logging_mixin.py:190} INFO - [2025-03-17T23:28:10.708+0000] {dag.py:4180} INFO - Setting next_dagrun for example_display_name to None, run_after=None
[2025-03-17T23:28:10.719+0000] {processor.py:208} INFO - Processing /home/airflow/.local/lib/python3.12/site-packages/airflow/example_dags/example_display_name.py took 0.040 seconds
[2025-03-17T23:28:41.555+0000] {processor.py:186} INFO - Started process (PID=4295) to work on /home/airflow/.local/lib/python3.12/site-packages/airflow/example_dags/example_display_name.py
[2025-03-17T23:28:41.556+0000] {processor.py:914} INFO - Processing file /home/airflow/.local/lib/python3.12/site-packages/airflow/example_dags/example_display_name.py for tasks to queue
[2025-03-17T23:28:41.557+0000] {logging_mixin.py:190} INFO - [2025-03-17T23:28:41.557+0000] {dagbag.py:588} INFO - Filling up the DagBag from /home/airflow/.local/lib/python3.12/site-packages/airflow/example_dags/example_display_name.py
[2025-03-17T23:28:41.562+0000] {processor.py:925} INFO - DAG(s) 'example_display_name' retrieved from /home/airflow/.local/lib/python3.12/site-packages/airflow/example_dags/example_display_name.py
[2025-03-17T23:28:41.571+0000] {logging_mixin.py:190} INFO - [2025-03-17T23:28:41.570+0000] {dag.py:3239} INFO - Sync 1 DAGs
[2025-03-17T23:28:41.577+0000] {logging_mixin.py:190} INFO - [2025-03-17T23:28:41.577+0000] {dag.py:4180} INFO - Setting next_dagrun for example_display_name to None, run_after=None
[2025-03-17T23:28:41.586+0000] {processor.py:208} INFO - Processing /home/airflow/.local/lib/python3.12/site-packages/airflow/example_dags/example_display_name.py took 0.034 seconds
[2025-03-17T23:29:12.299+0000] {processor.py:186} INFO - Started process (PID=4586) to work on /home/airflow/.local/lib/python3.12/site-packages/airflow/example_dags/example_display_name.py
[2025-03-17T23:29:12.299+0000] {processor.py:914} INFO - Processing file /home/airflow/.local/lib/python3.12/site-packages/airflow/example_dags/example_display_name.py for tasks to queue
[2025-03-17T23:29:12.301+0000] {logging_mixin.py:190} INFO - [2025-03-17T23:29:12.301+0000] {dagbag.py:588} INFO - Filling up the DagBag from /home/airflow/.local/lib/python3.12/site-packages/airflow/example_dags/example_display_name.py
[2025-03-17T23:29:12.305+0000] {processor.py:925} INFO - DAG(s) 'example_display_name' retrieved from /home/airflow/.local/lib/python3.12/site-packages/airflow/example_dags/example_display_name.py
[2025-03-17T23:29:12.315+0000] {logging_mixin.py:190} INFO - [2025-03-17T23:29:12.315+0000] {dag.py:3239} INFO - Sync 1 DAGs
[2025-03-17T23:29:12.322+0000] {logging_mixin.py:190} INFO - [2025-03-17T23:29:12.321+0000] {dag.py:4180} INFO - Setting next_dagrun for example_display_name to None, run_after=None
[2025-03-17T23:29:12.332+0000] {processor.py:208} INFO - Processing /home/airflow/.local/lib/python3.12/site-packages/airflow/example_dags/example_display_name.py took 0.036 seconds
[2025-03-17T23:29:42.889+0000] {processor.py:186} INFO - Started process (PID=4877) to work on /home/airflow/.local/lib/python3.12/site-packages/airflow/example_dags/example_display_name.py
[2025-03-17T23:29:42.890+0000] {processor.py:914} INFO - Processing file /home/airflow/.local/lib/python3.12/site-packages/airflow/example_dags/example_display_name.py for tasks to queue
[2025-03-17T23:29:42.891+0000] {logging_mixin.py:190} INFO - [2025-03-17T23:29:42.891+0000] {dagbag.py:588} INFO - Filling up the DagBag from /home/airflow/.local/lib/python3.12/site-packages/airflow/example_dags/example_display_name.py
[2025-03-17T23:29:42.895+0000] {processor.py:925} INFO - DAG(s) 'example_display_name' retrieved from /home/airflow/.local/lib/python3.12/site-packages/airflow/example_dags/example_display_name.py
[2025-03-17T23:29:42.904+0000] {logging_mixin.py:190} INFO - [2025-03-17T23:29:42.903+0000] {dag.py:3239} INFO - Sync 1 DAGs
[2025-03-17T23:29:42.910+0000] {logging_mixin.py:190} INFO - [2025-03-17T23:29:42.910+0000] {dag.py:4180} INFO - Setting next_dagrun for example_display_name to None, run_after=None
[2025-03-17T23:29:42.918+0000] {processor.py:208} INFO - Processing /home/airflow/.local/lib/python3.12/site-packages/airflow/example_dags/example_display_name.py took 0.032 seconds
[2025-03-17T23:30:13.430+0000] {processor.py:186} INFO - Started process (PID=5168) to work on /home/airflow/.local/lib/python3.12/site-packages/airflow/example_dags/example_display_name.py
[2025-03-17T23:30:13.430+0000] {processor.py:914} INFO - Processing file /home/airflow/.local/lib/python3.12/site-packages/airflow/example_dags/example_display_name.py for tasks to queue
[2025-03-17T23:30:13.431+0000] {logging_mixin.py:190} INFO - [2025-03-17T23:30:13.431+0000] {dagbag.py:588} INFO - Filling up the DagBag from /home/airflow/.local/lib/python3.12/site-packages/airflow/example_dags/example_display_name.py
[2025-03-17T23:30:13.435+0000] {processor.py:925} INFO - DAG(s) 'example_display_name' retrieved from /home/airflow/.local/lib/python3.12/site-packages/airflow/example_dags/example_display_name.py
[2025-03-17T23:30:13.444+0000] {logging_mixin.py:190} INFO - [2025-03-17T23:30:13.444+0000] {dag.py:3239} INFO - Sync 1 DAGs
[2025-03-17T23:30:13.450+0000] {logging_mixin.py:190} INFO - [2025-03-17T23:30:13.450+0000] {dag.py:4180} INFO - Setting next_dagrun for example_display_name to None, run_after=None
[2025-03-17T23:30:13.460+0000] {processor.py:208} INFO - Processing /home/airflow/.local/lib/python3.12/site-packages/airflow/example_dags/example_display_name.py took 0.034 seconds
[2025-03-17T23:30:44.056+0000] {processor.py:186} INFO - Started process (PID=5459) to work on /home/airflow/.local/lib/python3.12/site-packages/airflow/example_dags/example_display_name.py
[2025-03-17T23:30:44.057+0000] {processor.py:914} INFO - Processing file /home/airflow/.local/lib/python3.12/site-packages/airflow/example_dags/example_display_name.py for tasks to queue
[2025-03-17T23:30:44.058+0000] {logging_mixin.py:190} INFO - [2025-03-17T23:30:44.058+0000] {dagbag.py:588} INFO - Filling up the DagBag from /home/airflow/.local/lib/python3.12/site-packages/airflow/example_dags/example_display_name.py
[2025-03-17T23:30:44.062+0000] {processor.py:925} INFO - DAG(s) 'example_display_name' retrieved from /home/airflow/.local/lib/python3.12/site-packages/airflow/example_dags/example_display_name.py
[2025-03-17T23:30:44.073+0000] {logging_mixin.py:190} INFO - [2025-03-17T23:30:44.073+0000] {dag.py:3239} INFO - Sync 1 DAGs
[2025-03-17T23:30:44.080+0000] {logging_mixin.py:190} INFO - [2025-03-17T23:30:44.080+0000] {dag.py:4180} INFO - Setting next_dagrun for example_display_name to None, run_after=None
[2025-03-17T23:30:44.092+0000] {processor.py:208} INFO - Processing /home/airflow/.local/lib/python3.12/site-packages/airflow/example_dags/example_display_name.py took 0.038 seconds
[2025-03-17T23:31:14.617+0000] {processor.py:186} INFO - Started process (PID=5750) to work on /home/airflow/.local/lib/python3.12/site-packages/airflow/example_dags/example_display_name.py
[2025-03-17T23:31:14.619+0000] {processor.py:914} INFO - Processing file /home/airflow/.local/lib/python3.12/site-packages/airflow/example_dags/example_display_name.py for tasks to queue
[2025-03-17T23:31:14.620+0000] {logging_mixin.py:190} INFO - [2025-03-17T23:31:14.620+0000] {dagbag.py:588} INFO - Filling up the DagBag from /home/airflow/.local/lib/python3.12/site-packages/airflow/example_dags/example_display_name.py
[2025-03-17T23:31:14.624+0000] {processor.py:925} INFO - DAG(s) 'example_display_name' retrieved from /home/airflow/.local/lib/python3.12/site-packages/airflow/example_dags/example_display_name.py
[2025-03-17T23:31:14.635+0000] {logging_mixin.py:190} INFO - [2025-03-17T23:31:14.635+0000] {dag.py:3239} INFO - Sync 1 DAGs
[2025-03-17T23:31:14.642+0000] {logging_mixin.py:190} INFO - [2025-03-17T23:31:14.642+0000] {dag.py:4180} INFO - Setting next_dagrun for example_display_name to None, run_after=None
[2025-03-17T23:31:14.654+0000] {processor.py:208} INFO - Processing /home/airflow/.local/lib/python3.12/site-packages/airflow/example_dags/example_display_name.py took 0.040 seconds
[2025-03-17T23:31:45.193+0000] {processor.py:186} INFO - Started process (PID=6041) to work on /home/airflow/.local/lib/python3.12/site-packages/airflow/example_dags/example_display_name.py
[2025-03-17T23:31:45.194+0000] {processor.py:914} INFO - Processing file /home/airflow/.local/lib/python3.12/site-packages/airflow/example_dags/example_display_name.py for tasks to queue
[2025-03-17T23:31:45.195+0000] {logging_mixin.py:190} INFO - [2025-03-17T23:31:45.195+0000] {dagbag.py:588} INFO - Filling up the DagBag from /home/airflow/.local/lib/python3.12/site-packages/airflow/example_dags/example_display_name.py
[2025-03-17T23:31:45.199+0000] {processor.py:925} INFO - DAG(s) 'example_display_name' retrieved from /home/airflow/.local/lib/python3.12/site-packages/airflow/example_dags/example_display_name.py
[2025-03-17T23:31:45.207+0000] {logging_mixin.py:190} INFO - [2025-03-17T23:31:45.207+0000] {dag.py:3239} INFO - Sync 1 DAGs
[2025-03-17T23:31:45.214+0000] {logging_mixin.py:190} INFO - [2025-03-17T23:31:45.214+0000] {dag.py:4180} INFO - Setting next_dagrun for example_display_name to None, run_after=None
[2025-03-17T23:31:45.222+0000] {processor.py:208} INFO - Processing /home/airflow/.local/lib/python3.12/site-packages/airflow/example_dags/example_display_name.py took 0.032 seconds
[2025-03-17T23:32:15.724+0000] {processor.py:186} INFO - Started process (PID=6332) to work on /home/airflow/.local/lib/python3.12/site-packages/airflow/example_dags/example_display_name.py
[2025-03-17T23:32:15.724+0000] {processor.py:914} INFO - Processing file /home/airflow/.local/lib/python3.12/site-packages/airflow/example_dags/example_display_name.py for tasks to queue
[2025-03-17T23:32:15.725+0000] {logging_mixin.py:190} INFO - [2025-03-17T23:32:15.725+0000] {dagbag.py:588} INFO - Filling up the DagBag from /home/airflow/.local/lib/python3.12/site-packages/airflow/example_dags/example_display_name.py
[2025-03-17T23:32:15.729+0000] {processor.py:925} INFO - DAG(s) 'example_display_name' retrieved from /home/airflow/.local/lib/python3.12/site-packages/airflow/example_dags/example_display_name.py
[2025-03-17T23:32:15.738+0000] {logging_mixin.py:190} INFO - [2025-03-17T23:32:15.738+0000] {dag.py:3239} INFO - Sync 1 DAGs
[2025-03-17T23:32:15.744+0000] {logging_mixin.py:190} INFO - [2025-03-17T23:32:15.744+0000] {dag.py:4180} INFO - Setting next_dagrun for example_display_name to None, run_after=None
[2025-03-17T23:32:15.751+0000] {processor.py:208} INFO - Processing /home/airflow/.local/lib/python3.12/site-packages/airflow/example_dags/example_display_name.py took 0.030 seconds
[2025-03-17T23:32:46.422+0000] {processor.py:186} INFO - Started process (PID=6623) to work on /home/airflow/.local/lib/python3.12/site-packages/airflow/example_dags/example_display_name.py
[2025-03-17T23:32:46.423+0000] {processor.py:914} INFO - Processing file /home/airflow/.local/lib/python3.12/site-packages/airflow/example_dags/example_display_name.py for tasks to queue
[2025-03-17T23:32:46.424+0000] {logging_mixin.py:190} INFO - [2025-03-17T23:32:46.424+0000] {dagbag.py:588} INFO - Filling up the DagBag from /home/airflow/.local/lib/python3.12/site-packages/airflow/example_dags/example_display_name.py
[2025-03-17T23:32:46.428+0000] {processor.py:925} INFO - DAG(s) 'example_display_name' retrieved from /home/airflow/.local/lib/python3.12/site-packages/airflow/example_dags/example_display_name.py
[2025-03-17T23:32:46.436+0000] {logging_mixin.py:190} INFO - [2025-03-17T23:32:46.436+0000] {dag.py:3239} INFO - Sync 1 DAGs
[2025-03-17T23:32:46.442+0000] {logging_mixin.py:190} INFO - [2025-03-17T23:32:46.442+0000] {dag.py:4180} INFO - Setting next_dagrun for example_display_name to None, run_after=None
[2025-03-17T23:32:46.449+0000] {processor.py:208} INFO - Processing /home/airflow/.local/lib/python3.12/site-packages/airflow/example_dags/example_display_name.py took 0.029 seconds
[2025-03-17T23:33:16.880+0000] {processor.py:186} INFO - Started process (PID=6914) to work on /home/airflow/.local/lib/python3.12/site-packages/airflow/example_dags/example_display_name.py
[2025-03-17T23:33:16.881+0000] {processor.py:914} INFO - Processing file /home/airflow/.local/lib/python3.12/site-packages/airflow/example_dags/example_display_name.py for tasks to queue
[2025-03-17T23:33:16.882+0000] {logging_mixin.py:190} INFO - [2025-03-17T23:33:16.881+0000] {dagbag.py:588} INFO - Filling up the DagBag from /home/airflow/.local/lib/python3.12/site-packages/airflow/example_dags/example_display_name.py
[2025-03-17T23:33:16.885+0000] {processor.py:925} INFO - DAG(s) 'example_display_name' retrieved from /home/airflow/.local/lib/python3.12/site-packages/airflow/example_dags/example_display_name.py
[2025-03-17T23:33:16.894+0000] {logging_mixin.py:190} INFO - [2025-03-17T23:33:16.894+0000] {dag.py:3239} INFO - Sync 1 DAGs
[2025-03-17T23:33:16.900+0000] {logging_mixin.py:190} INFO - [2025-03-17T23:33:16.900+0000] {dag.py:4180} INFO - Setting next_dagrun for example_display_name to None, run_after=None
[2025-03-17T23:33:16.907+0000] {processor.py:208} INFO - Processing /home/airflow/.local/lib/python3.12/site-packages/airflow/example_dags/example_display_name.py took 0.030 seconds
[2025-03-17T23:33:47.923+0000] {processor.py:186} INFO - Started process (PID=7205) to work on /home/airflow/.local/lib/python3.12/site-packages/airflow/example_dags/example_display_name.py
[2025-03-17T23:33:47.924+0000] {processor.py:914} INFO - Processing file /home/airflow/.local/lib/python3.12/site-packages/airflow/example_dags/example_display_name.py for tasks to queue
[2025-03-17T23:33:47.925+0000] {logging_mixin.py:190} INFO - [2025-03-17T23:33:47.925+0000] {dagbag.py:588} INFO - Filling up the DagBag from /home/airflow/.local/lib/python3.12/site-packages/airflow/example_dags/example_display_name.py
[2025-03-17T23:33:47.930+0000] {processor.py:925} INFO - DAG(s) 'example_display_name' retrieved from /home/airflow/.local/lib/python3.12/site-packages/airflow/example_dags/example_display_name.py
[2025-03-17T23:33:47.941+0000] {logging_mixin.py:190} INFO - [2025-03-17T23:33:47.941+0000] {dag.py:3239} INFO - Sync 1 DAGs
[2025-03-17T23:33:47.947+0000] {logging_mixin.py:190} INFO - [2025-03-17T23:33:47.947+0000] {dag.py:4180} INFO - Setting next_dagrun for example_display_name to None, run_after=None
[2025-03-17T23:33:47.956+0000] {processor.py:208} INFO - Processing /home/airflow/.local/lib/python3.12/site-packages/airflow/example_dags/example_display_name.py took 0.036 seconds
[2025-03-17T23:34:18.685+0000] {processor.py:186} INFO - Started process (PID=7496) to work on /home/airflow/.local/lib/python3.12/site-packages/airflow/example_dags/example_display_name.py
[2025-03-17T23:34:18.686+0000] {processor.py:914} INFO - Processing file /home/airflow/.local/lib/python3.12/site-packages/airflow/example_dags/example_display_name.py for tasks to queue
[2025-03-17T23:34:18.688+0000] {logging_mixin.py:190} INFO - [2025-03-17T23:34:18.687+0000] {dagbag.py:588} INFO - Filling up the DagBag from /home/airflow/.local/lib/python3.12/site-packages/airflow/example_dags/example_display_name.py
[2025-03-17T23:34:18.692+0000] {processor.py:925} INFO - DAG(s) 'example_display_name' retrieved from /home/airflow/.local/lib/python3.12/site-packages/airflow/example_dags/example_display_name.py
[2025-03-17T23:34:18.701+0000] {logging_mixin.py:190} INFO - [2025-03-17T23:34:18.700+0000] {dag.py:3239} INFO - Sync 1 DAGs
[2025-03-17T23:34:18.707+0000] {logging_mixin.py:190} INFO - [2025-03-17T23:34:18.707+0000] {dag.py:4180} INFO - Setting next_dagrun for example_display_name to None, run_after=None
[2025-03-17T23:34:18.715+0000] {processor.py:208} INFO - Processing /home/airflow/.local/lib/python3.12/site-packages/airflow/example_dags/example_display_name.py took 0.032 seconds
[2025-03-17T23:34:50.989+0000] {processor.py:186} INFO - Started process (PID=7822) to work on /home/airflow/.local/lib/python3.12/site-packages/airflow/example_dags/example_display_name.py
[2025-03-17T23:34:50.990+0000] {processor.py:914} INFO - Processing file /home/airflow/.local/lib/python3.12/site-packages/airflow/example_dags/example_display_name.py for tasks to queue
[2025-03-17T23:34:50.992+0000] {logging_mixin.py:190} INFO - [2025-03-17T23:34:50.992+0000] {dagbag.py:588} INFO - Filling up the DagBag from /home/airflow/.local/lib/python3.12/site-packages/airflow/example_dags/example_display_name.py
[2025-03-17T23:34:50.999+0000] {processor.py:925} INFO - DAG(s) 'example_display_name' retrieved from /home/airflow/.local/lib/python3.12/site-packages/airflow/example_dags/example_display_name.py
[2025-03-17T23:34:51.016+0000] {logging_mixin.py:190} INFO - [2025-03-17T23:34:51.016+0000] {dag.py:3239} INFO - Sync 1 DAGs
[2025-03-17T23:34:51.024+0000] {logging_mixin.py:190} INFO - [2025-03-17T23:34:51.023+0000] {dag.py:4180} INFO - Setting next_dagrun for example_display_name to None, run_after=None
[2025-03-17T23:34:51.032+0000] {processor.py:208} INFO - Processing /home/airflow/.local/lib/python3.12/site-packages/airflow/example_dags/example_display_name.py took 0.046 seconds
[2025-03-17T23:35:21.952+0000] {processor.py:186} INFO - Started process (PID=8117) to work on /home/airflow/.local/lib/python3.12/site-packages/airflow/example_dags/example_display_name.py
[2025-03-17T23:35:21.953+0000] {processor.py:914} INFO - Processing file /home/airflow/.local/lib/python3.12/site-packages/airflow/example_dags/example_display_name.py for tasks to queue
[2025-03-17T23:35:21.955+0000] {logging_mixin.py:190} INFO - [2025-03-17T23:35:21.955+0000] {dagbag.py:588} INFO - Filling up the DagBag from /home/airflow/.local/lib/python3.12/site-packages/airflow/example_dags/example_display_name.py
[2025-03-17T23:35:21.959+0000] {processor.py:925} INFO - DAG(s) 'example_display_name' retrieved from /home/airflow/.local/lib/python3.12/site-packages/airflow/example_dags/example_display_name.py
[2025-03-17T23:35:21.968+0000] {logging_mixin.py:190} INFO - [2025-03-17T23:35:21.968+0000] {dag.py:3239} INFO - Sync 1 DAGs
[2025-03-17T23:35:21.979+0000] {logging_mixin.py:190} INFO - [2025-03-17T23:35:21.979+0000] {dag.py:4180} INFO - Setting next_dagrun for example_display_name to None, run_after=None
[2025-03-17T23:35:21.989+0000] {processor.py:208} INFO - Processing /home/airflow/.local/lib/python3.12/site-packages/airflow/example_dags/example_display_name.py took 0.040 seconds
[2025-03-17T23:35:52.720+0000] {processor.py:186} INFO - Started process (PID=8408) to work on /home/airflow/.local/lib/python3.12/site-packages/airflow/example_dags/example_display_name.py
[2025-03-17T23:35:52.720+0000] {processor.py:914} INFO - Processing file /home/airflow/.local/lib/python3.12/site-packages/airflow/example_dags/example_display_name.py for tasks to queue
[2025-03-17T23:35:52.721+0000] {logging_mixin.py:190} INFO - [2025-03-17T23:35:52.721+0000] {dagbag.py:588} INFO - Filling up the DagBag from /home/airflow/.local/lib/python3.12/site-packages/airflow/example_dags/example_display_name.py
[2025-03-17T23:35:52.725+0000] {processor.py:925} INFO - DAG(s) 'example_display_name' retrieved from /home/airflow/.local/lib/python3.12/site-packages/airflow/example_dags/example_display_name.py
[2025-03-17T23:35:52.734+0000] {logging_mixin.py:190} INFO - [2025-03-17T23:35:52.734+0000] {dag.py:3239} INFO - Sync 1 DAGs
[2025-03-17T23:35:52.740+0000] {logging_mixin.py:190} INFO - [2025-03-17T23:35:52.740+0000] {dag.py:4180} INFO - Setting next_dagrun for example_display_name to None, run_after=None
[2025-03-17T23:35:52.748+0000] {processor.py:208} INFO - Processing /home/airflow/.local/lib/python3.12/site-packages/airflow/example_dags/example_display_name.py took 0.032 seconds
[2025-03-17T23:36:23.161+0000] {processor.py:186} INFO - Started process (PID=8699) to work on /home/airflow/.local/lib/python3.12/site-packages/airflow/example_dags/example_display_name.py
[2025-03-17T23:36:23.162+0000] {processor.py:914} INFO - Processing file /home/airflow/.local/lib/python3.12/site-packages/airflow/example_dags/example_display_name.py for tasks to queue
[2025-03-17T23:36:23.164+0000] {logging_mixin.py:190} INFO - [2025-03-17T23:36:23.163+0000] {dagbag.py:588} INFO - Filling up the DagBag from /home/airflow/.local/lib/python3.12/site-packages/airflow/example_dags/example_display_name.py
[2025-03-17T23:36:23.169+0000] {processor.py:925} INFO - DAG(s) 'example_display_name' retrieved from /home/airflow/.local/lib/python3.12/site-packages/airflow/example_dags/example_display_name.py
[2025-03-17T23:36:23.179+0000] {logging_mixin.py:190} INFO - [2025-03-17T23:36:23.179+0000] {dag.py:3239} INFO - Sync 1 DAGs
[2025-03-17T23:36:23.187+0000] {logging_mixin.py:190} INFO - [2025-03-17T23:36:23.186+0000] {dag.py:4180} INFO - Setting next_dagrun for example_display_name to None, run_after=None
[2025-03-17T23:36:23.201+0000] {processor.py:208} INFO - Processing /home/airflow/.local/lib/python3.12/site-packages/airflow/example_dags/example_display_name.py took 0.044 seconds
[2025-03-17T23:36:53.457+0000] {processor.py:186} INFO - Started process (PID=8990) to work on /home/airflow/.local/lib/python3.12/site-packages/airflow/example_dags/example_display_name.py
[2025-03-17T23:36:53.458+0000] {processor.py:914} INFO - Processing file /home/airflow/.local/lib/python3.12/site-packages/airflow/example_dags/example_display_name.py for tasks to queue
[2025-03-17T23:36:53.460+0000] {logging_mixin.py:190} INFO - [2025-03-17T23:36:53.460+0000] {dagbag.py:588} INFO - Filling up the DagBag from /home/airflow/.local/lib/python3.12/site-packages/airflow/example_dags/example_display_name.py
[2025-03-17T23:36:53.468+0000] {processor.py:925} INFO - DAG(s) 'example_display_name' retrieved from /home/airflow/.local/lib/python3.12/site-packages/airflow/example_dags/example_display_name.py
[2025-03-17T23:36:53.486+0000] {logging_mixin.py:190} INFO - [2025-03-17T23:36:53.486+0000] {dag.py:3239} INFO - Sync 1 DAGs
[2025-03-17T23:36:53.497+0000] {logging_mixin.py:190} INFO - [2025-03-17T23:36:53.497+0000] {dag.py:4180} INFO - Setting next_dagrun for example_display_name to None, run_after=None
[2025-03-17T23:36:53.507+0000] {processor.py:208} INFO - Processing /home/airflow/.local/lib/python3.12/site-packages/airflow/example_dags/example_display_name.py took 0.056 seconds
[2025-03-17T23:37:24.051+0000] {processor.py:186} INFO - Started process (PID=9281) to work on /home/airflow/.local/lib/python3.12/site-packages/airflow/example_dags/example_display_name.py
[2025-03-17T23:37:24.052+0000] {processor.py:914} INFO - Processing file /home/airflow/.local/lib/python3.12/site-packages/airflow/example_dags/example_display_name.py for tasks to queue
[2025-03-17T23:37:24.054+0000] {logging_mixin.py:190} INFO - [2025-03-17T23:37:24.054+0000] {dagbag.py:588} INFO - Filling up the DagBag from /home/airflow/.local/lib/python3.12/site-packages/airflow/example_dags/example_display_name.py
[2025-03-17T23:37:24.059+0000] {processor.py:925} INFO - DAG(s) 'example_display_name' retrieved from /home/airflow/.local/lib/python3.12/site-packages/airflow/example_dags/example_display_name.py
[2025-03-17T23:37:24.072+0000] {logging_mixin.py:190} INFO - [2025-03-17T23:37:24.072+0000] {dag.py:3239} INFO - Sync 1 DAGs
[2025-03-17T23:37:24.081+0000] {logging_mixin.py:190} INFO - [2025-03-17T23:37:24.080+0000] {dag.py:4180} INFO - Setting next_dagrun for example_display_name to None, run_after=None
[2025-03-17T23:37:24.092+0000] {processor.py:208} INFO - Processing /home/airflow/.local/lib/python3.12/site-packages/airflow/example_dags/example_display_name.py took 0.045 seconds
