[2025-03-17T23:21:32.284+0000] {processor.py:186} INFO - Started process (PID=247) to work on /home/airflow/.local/lib/python3.12/site-packages/airflow/example_dags/example_xcomargs.py
[2025-03-17T23:21:32.285+0000] {processor.py:914} INFO - Processing file /home/airflow/.local/lib/python3.12/site-packages/airflow/example_dags/example_xcomargs.py for tasks to queue
[2025-03-17T23:21:32.286+0000] {logging_mixin.py:190} INFO - [2025-03-17T23:21:32.286+0000] {dagbag.py:588} INFO - Filling up the DagBag from /home/airflow/.local/lib/python3.12/site-packages/airflow/example_dags/example_xcomargs.py
[2025-03-17T23:21:32.294+0000] {processor.py:925} INFO - DAG(s) 'example_xcom_args', 'example_xcom_args_with_operators' retrieved from /home/airflow/.local/lib/python3.12/site-packages/airflow/example_dags/example_xcomargs.py
[2025-03-17T23:21:32.372+0000] {logging_mixin.py:190} INFO - [2025-03-17T23:21:32.372+0000] {override.py:1912} INFO - Created Permission View: can edit on DAG:example_xcom_args
[2025-03-17T23:21:32.377+0000] {logging_mixin.py:190} INFO - [2025-03-17T23:21:32.376+0000] {override.py:1912} INFO - Created Permission View: can read on DAG:example_xcom_args
[2025-03-17T23:21:32.380+0000] {logging_mixin.py:190} INFO - [2025-03-17T23:21:32.380+0000] {override.py:1912} INFO - Created Permission View: can delete on DAG:example_xcom_args
[2025-03-17T23:21:32.386+0000] {logging_mixin.py:190} INFO - [2025-03-17T23:21:32.385+0000] {override.py:1912} INFO - Created Permission View: can create on DAG Run:example_xcom_args
[2025-03-17T23:21:32.390+0000] {logging_mixin.py:190} INFO - [2025-03-17T23:21:32.390+0000] {override.py:1912} INFO - Created Permission View: menu access on DAG Run:example_xcom_args
[2025-03-17T23:21:32.393+0000] {logging_mixin.py:190} INFO - [2025-03-17T23:21:32.393+0000] {override.py:1912} INFO - Created Permission View: can read on DAG Run:example_xcom_args
[2025-03-17T23:21:32.397+0000] {logging_mixin.py:190} INFO - [2025-03-17T23:21:32.397+0000] {override.py:1912} INFO - Created Permission View: can delete on DAG Run:example_xcom_args
[2025-03-17T23:21:32.410+0000] {logging_mixin.py:190} INFO - [2025-03-17T23:21:32.409+0000] {override.py:1912} INFO - Created Permission View: can edit on DAG:example_xcom_args_with_operators
[2025-03-17T23:21:32.415+0000] {logging_mixin.py:190} INFO - [2025-03-17T23:21:32.414+0000] {override.py:1912} INFO - Created Permission View: can read on DAG:example_xcom_args_with_operators
[2025-03-17T23:21:32.421+0000] {logging_mixin.py:190} INFO - [2025-03-17T23:21:32.420+0000] {override.py:1912} INFO - Created Permission View: can delete on DAG:example_xcom_args_with_operators
[2025-03-17T23:21:32.426+0000] {logging_mixin.py:190} INFO - [2025-03-17T23:21:32.426+0000] {override.py:1912} INFO - Created Permission View: can create on DAG Run:example_xcom_args_with_operators
[2025-03-17T23:21:32.431+0000] {logging_mixin.py:190} INFO - [2025-03-17T23:21:32.431+0000] {override.py:1912} INFO - Created Permission View: menu access on DAG Run:example_xcom_args_with_operators
[2025-03-17T23:21:32.435+0000] {logging_mixin.py:190} INFO - [2025-03-17T23:21:32.435+0000] {override.py:1912} INFO - Created Permission View: can read on DAG Run:example_xcom_args_with_operators
[2025-03-17T23:21:32.441+0000] {logging_mixin.py:190} INFO - [2025-03-17T23:21:32.440+0000] {override.py:1912} INFO - Created Permission View: can delete on DAG Run:example_xcom_args_with_operators
[2025-03-17T23:21:32.441+0000] {logging_mixin.py:190} INFO - [2025-03-17T23:21:32.441+0000] {dag.py:3239} INFO - Sync 2 DAGs
[2025-03-17T23:21:32.451+0000] {logging_mixin.py:190} INFO - [2025-03-17T23:21:32.451+0000] {dag.py:3262} INFO - Creating ORM DAG for example_xcom_args_with_operators
[2025-03-17T23:21:32.452+0000] {logging_mixin.py:190} INFO - [2025-03-17T23:21:32.452+0000] {dag.py:3262} INFO - Creating ORM DAG for example_xcom_args
[2025-03-17T23:21:32.452+0000] {logging_mixin.py:190} INFO - [2025-03-17T23:21:32.452+0000] {dag.py:4180} INFO - Setting next_dagrun for example_xcom_args to None, run_after=None
[2025-03-17T23:21:32.453+0000] {logging_mixin.py:190} INFO - [2025-03-17T23:21:32.453+0000] {dag.py:4180} INFO - Setting next_dagrun for example_xcom_args_with_operators to None, run_after=None
[2025-03-17T23:21:32.495+0000] {processor.py:208} INFO - Processing /home/airflow/.local/lib/python3.12/site-packages/airflow/example_dags/example_xcomargs.py took 0.214 seconds
[2025-03-17T23:22:03.213+0000] {processor.py:186} INFO - Started process (PID=538) to work on /home/airflow/.local/lib/python3.12/site-packages/airflow/example_dags/example_xcomargs.py
[2025-03-17T23:22:03.214+0000] {processor.py:914} INFO - Processing file /home/airflow/.local/lib/python3.12/site-packages/airflow/example_dags/example_xcomargs.py for tasks to queue
[2025-03-17T23:22:03.215+0000] {logging_mixin.py:190} INFO - [2025-03-17T23:22:03.215+0000] {dagbag.py:588} INFO - Filling up the DagBag from /home/airflow/.local/lib/python3.12/site-packages/airflow/example_dags/example_xcomargs.py
[2025-03-17T23:22:03.220+0000] {processor.py:925} INFO - DAG(s) 'example_xcom_args', 'example_xcom_args_with_operators' retrieved from /home/airflow/.local/lib/python3.12/site-packages/airflow/example_dags/example_xcomargs.py
[2025-03-17T23:22:03.232+0000] {logging_mixin.py:190} INFO - [2025-03-17T23:22:03.232+0000] {dag.py:3239} INFO - Sync 2 DAGs
[2025-03-17T23:22:03.239+0000] {logging_mixin.py:190} INFO - [2025-03-17T23:22:03.239+0000] {dag.py:4180} INFO - Setting next_dagrun for example_xcom_args to None, run_after=None
[2025-03-17T23:22:03.242+0000] {logging_mixin.py:190} INFO - [2025-03-17T23:22:03.242+0000] {dag.py:4180} INFO - Setting next_dagrun for example_xcom_args_with_operators to None, run_after=None
[2025-03-17T23:22:03.251+0000] {processor.py:208} INFO - Processing /home/airflow/.local/lib/python3.12/site-packages/airflow/example_dags/example_xcomargs.py took 0.042 seconds
[2025-03-17T23:22:33.442+0000] {processor.py:186} INFO - Started process (PID=829) to work on /home/airflow/.local/lib/python3.12/site-packages/airflow/example_dags/example_xcomargs.py
[2025-03-17T23:22:33.444+0000] {processor.py:914} INFO - Processing file /home/airflow/.local/lib/python3.12/site-packages/airflow/example_dags/example_xcomargs.py for tasks to queue
[2025-03-17T23:22:33.445+0000] {logging_mixin.py:190} INFO - [2025-03-17T23:22:33.445+0000] {dagbag.py:588} INFO - Filling up the DagBag from /home/airflow/.local/lib/python3.12/site-packages/airflow/example_dags/example_xcomargs.py
[2025-03-17T23:22:33.451+0000] {processor.py:925} INFO - DAG(s) 'example_xcom_args', 'example_xcom_args_with_operators' retrieved from /home/airflow/.local/lib/python3.12/site-packages/airflow/example_dags/example_xcomargs.py
[2025-03-17T23:22:33.464+0000] {logging_mixin.py:190} INFO - [2025-03-17T23:22:33.463+0000] {dag.py:3239} INFO - Sync 2 DAGs
[2025-03-17T23:22:33.472+0000] {logging_mixin.py:190} INFO - [2025-03-17T23:22:33.471+0000] {dag.py:4180} INFO - Setting next_dagrun for example_xcom_args to None, run_after=None
[2025-03-17T23:22:33.474+0000] {logging_mixin.py:190} INFO - [2025-03-17T23:22:33.474+0000] {dag.py:4180} INFO - Setting next_dagrun for example_xcom_args_with_operators to None, run_after=None
[2025-03-17T23:22:33.484+0000] {processor.py:208} INFO - Processing /home/airflow/.local/lib/python3.12/site-packages/airflow/example_dags/example_xcomargs.py took 0.045 seconds
[2025-03-17T23:23:04.444+0000] {processor.py:186} INFO - Started process (PID=1120) to work on /home/airflow/.local/lib/python3.12/site-packages/airflow/example_dags/example_xcomargs.py
[2025-03-17T23:23:04.447+0000] {processor.py:914} INFO - Processing file /home/airflow/.local/lib/python3.12/site-packages/airflow/example_dags/example_xcomargs.py for tasks to queue
[2025-03-17T23:23:04.448+0000] {logging_mixin.py:190} INFO - [2025-03-17T23:23:04.448+0000] {dagbag.py:588} INFO - Filling up the DagBag from /home/airflow/.local/lib/python3.12/site-packages/airflow/example_dags/example_xcomargs.py
[2025-03-17T23:23:04.453+0000] {processor.py:925} INFO - DAG(s) 'example_xcom_args', 'example_xcom_args_with_operators' retrieved from /home/airflow/.local/lib/python3.12/site-packages/airflow/example_dags/example_xcomargs.py
[2025-03-17T23:23:04.465+0000] {logging_mixin.py:190} INFO - [2025-03-17T23:23:04.465+0000] {dag.py:3239} INFO - Sync 2 DAGs
[2025-03-17T23:23:04.474+0000] {logging_mixin.py:190} INFO - [2025-03-17T23:23:04.474+0000] {dag.py:4180} INFO - Setting next_dagrun for example_xcom_args to None, run_after=None
[2025-03-17T23:23:04.476+0000] {logging_mixin.py:190} INFO - [2025-03-17T23:23:04.476+0000] {dag.py:4180} INFO - Setting next_dagrun for example_xcom_args_with_operators to None, run_after=None
[2025-03-17T23:23:04.485+0000] {processor.py:208} INFO - Processing /home/airflow/.local/lib/python3.12/site-packages/airflow/example_dags/example_xcomargs.py took 0.043 seconds
[2025-03-17T23:23:35.419+0000] {processor.py:186} INFO - Started process (PID=1411) to work on /home/airflow/.local/lib/python3.12/site-packages/airflow/example_dags/example_xcomargs.py
[2025-03-17T23:23:35.420+0000] {processor.py:914} INFO - Processing file /home/airflow/.local/lib/python3.12/site-packages/airflow/example_dags/example_xcomargs.py for tasks to queue
[2025-03-17T23:23:35.421+0000] {logging_mixin.py:190} INFO - [2025-03-17T23:23:35.421+0000] {dagbag.py:588} INFO - Filling up the DagBag from /home/airflow/.local/lib/python3.12/site-packages/airflow/example_dags/example_xcomargs.py
[2025-03-17T23:23:35.427+0000] {processor.py:925} INFO - DAG(s) 'example_xcom_args_with_operators', 'example_xcom_args' retrieved from /home/airflow/.local/lib/python3.12/site-packages/airflow/example_dags/example_xcomargs.py
[2025-03-17T23:23:35.439+0000] {logging_mixin.py:190} INFO - [2025-03-17T23:23:35.439+0000] {dag.py:3239} INFO - Sync 2 DAGs
[2025-03-17T23:23:35.447+0000] {logging_mixin.py:190} INFO - [2025-03-17T23:23:35.447+0000] {dag.py:4180} INFO - Setting next_dagrun for example_xcom_args to None, run_after=None
[2025-03-17T23:23:35.450+0000] {logging_mixin.py:190} INFO - [2025-03-17T23:23:35.449+0000] {dag.py:4180} INFO - Setting next_dagrun for example_xcom_args_with_operators to None, run_after=None
[2025-03-17T23:23:35.459+0000] {processor.py:208} INFO - Processing /home/airflow/.local/lib/python3.12/site-packages/airflow/example_dags/example_xcomargs.py took 0.043 seconds
[2025-03-17T23:24:05.562+0000] {processor.py:186} INFO - Started process (PID=1702) to work on /home/airflow/.local/lib/python3.12/site-packages/airflow/example_dags/example_xcomargs.py
[2025-03-17T23:24:05.563+0000] {processor.py:914} INFO - Processing file /home/airflow/.local/lib/python3.12/site-packages/airflow/example_dags/example_xcomargs.py for tasks to queue
[2025-03-17T23:24:05.564+0000] {logging_mixin.py:190} INFO - [2025-03-17T23:24:05.564+0000] {dagbag.py:588} INFO - Filling up the DagBag from /home/airflow/.local/lib/python3.12/site-packages/airflow/example_dags/example_xcomargs.py
[2025-03-17T23:24:05.569+0000] {processor.py:925} INFO - DAG(s) 'example_xcom_args_with_operators', 'example_xcom_args' retrieved from /home/airflow/.local/lib/python3.12/site-packages/airflow/example_dags/example_xcomargs.py
[2025-03-17T23:24:05.580+0000] {logging_mixin.py:190} INFO - [2025-03-17T23:24:05.579+0000] {dag.py:3239} INFO - Sync 2 DAGs
[2025-03-17T23:24:05.587+0000] {logging_mixin.py:190} INFO - [2025-03-17T23:24:05.587+0000] {dag.py:4180} INFO - Setting next_dagrun for example_xcom_args to None, run_after=None
[2025-03-17T23:24:05.589+0000] {logging_mixin.py:190} INFO - [2025-03-17T23:24:05.589+0000] {dag.py:4180} INFO - Setting next_dagrun for example_xcom_args_with_operators to None, run_after=None
[2025-03-17T23:24:05.596+0000] {processor.py:208} INFO - Processing /home/airflow/.local/lib/python3.12/site-packages/airflow/example_dags/example_xcomargs.py took 0.037 seconds
[2025-03-17T23:24:36.567+0000] {processor.py:186} INFO - Started process (PID=1992) to work on /home/airflow/.local/lib/python3.12/site-packages/airflow/example_dags/example_xcomargs.py
[2025-03-17T23:24:36.568+0000] {processor.py:914} INFO - Processing file /home/airflow/.local/lib/python3.12/site-packages/airflow/example_dags/example_xcomargs.py for tasks to queue
[2025-03-17T23:24:36.569+0000] {logging_mixin.py:190} INFO - [2025-03-17T23:24:36.569+0000] {dagbag.py:588} INFO - Filling up the DagBag from /home/airflow/.local/lib/python3.12/site-packages/airflow/example_dags/example_xcomargs.py
[2025-03-17T23:24:36.575+0000] {processor.py:925} INFO - DAG(s) 'example_xcom_args', 'example_xcom_args_with_operators' retrieved from /home/airflow/.local/lib/python3.12/site-packages/airflow/example_dags/example_xcomargs.py
[2025-03-17T23:24:36.588+0000] {logging_mixin.py:190} INFO - [2025-03-17T23:24:36.588+0000] {dag.py:3239} INFO - Sync 2 DAGs
[2025-03-17T23:24:36.598+0000] {logging_mixin.py:190} INFO - [2025-03-17T23:24:36.598+0000] {dag.py:4180} INFO - Setting next_dagrun for example_xcom_args to None, run_after=None
[2025-03-17T23:24:36.600+0000] {logging_mixin.py:190} INFO - [2025-03-17T23:24:36.600+0000] {dag.py:4180} INFO - Setting next_dagrun for example_xcom_args_with_operators to None, run_after=None
[2025-03-17T23:24:36.608+0000] {processor.py:208} INFO - Processing /home/airflow/.local/lib/python3.12/site-packages/airflow/example_dags/example_xcomargs.py took 0.044 seconds
[2025-03-17T23:25:06.918+0000] {processor.py:186} INFO - Started process (PID=2283) to work on /home/airflow/.local/lib/python3.12/site-packages/airflow/example_dags/example_xcomargs.py
[2025-03-17T23:25:06.919+0000] {processor.py:914} INFO - Processing file /home/airflow/.local/lib/python3.12/site-packages/airflow/example_dags/example_xcomargs.py for tasks to queue
[2025-03-17T23:25:06.920+0000] {logging_mixin.py:190} INFO - [2025-03-17T23:25:06.920+0000] {dagbag.py:588} INFO - Filling up the DagBag from /home/airflow/.local/lib/python3.12/site-packages/airflow/example_dags/example_xcomargs.py
[2025-03-17T23:25:06.925+0000] {processor.py:925} INFO - DAG(s) 'example_xcom_args', 'example_xcom_args_with_operators' retrieved from /home/airflow/.local/lib/python3.12/site-packages/airflow/example_dags/example_xcomargs.py
[2025-03-17T23:25:06.944+0000] {logging_mixin.py:190} INFO - [2025-03-17T23:25:06.944+0000] {dag.py:3239} INFO - Sync 2 DAGs
[2025-03-17T23:25:06.953+0000] {logging_mixin.py:190} INFO - [2025-03-17T23:25:06.953+0000] {dag.py:4180} INFO - Setting next_dagrun for example_xcom_args to None, run_after=None
[2025-03-17T23:25:06.955+0000] {logging_mixin.py:190} INFO - [2025-03-17T23:25:06.955+0000] {dag.py:4180} INFO - Setting next_dagrun for example_xcom_args_with_operators to None, run_after=None
[2025-03-17T23:25:06.963+0000] {processor.py:208} INFO - Processing /home/airflow/.local/lib/python3.12/site-packages/airflow/example_dags/example_xcomargs.py took 0.048 seconds
[2025-03-17T23:25:37.039+0000] {processor.py:186} INFO - Started process (PID=2574) to work on /home/airflow/.local/lib/python3.12/site-packages/airflow/example_dags/example_xcomargs.py
[2025-03-17T23:25:37.040+0000] {processor.py:914} INFO - Processing file /home/airflow/.local/lib/python3.12/site-packages/airflow/example_dags/example_xcomargs.py for tasks to queue
[2025-03-17T23:25:37.041+0000] {logging_mixin.py:190} INFO - [2025-03-17T23:25:37.041+0000] {dagbag.py:588} INFO - Filling up the DagBag from /home/airflow/.local/lib/python3.12/site-packages/airflow/example_dags/example_xcomargs.py
[2025-03-17T23:25:37.047+0000] {processor.py:925} INFO - DAG(s) 'example_xcom_args', 'example_xcom_args_with_operators' retrieved from /home/airflow/.local/lib/python3.12/site-packages/airflow/example_dags/example_xcomargs.py
[2025-03-17T23:25:37.060+0000] {logging_mixin.py:190} INFO - [2025-03-17T23:25:37.060+0000] {dag.py:3239} INFO - Sync 2 DAGs
[2025-03-17T23:25:37.067+0000] {logging_mixin.py:190} INFO - [2025-03-17T23:25:37.067+0000] {dag.py:4180} INFO - Setting next_dagrun for example_xcom_args to None, run_after=None
[2025-03-17T23:25:37.070+0000] {logging_mixin.py:190} INFO - [2025-03-17T23:25:37.070+0000] {dag.py:4180} INFO - Setting next_dagrun for example_xcom_args_with_operators to None, run_after=None
[2025-03-17T23:25:37.078+0000] {processor.py:208} INFO - Processing /home/airflow/.local/lib/python3.12/site-packages/airflow/example_dags/example_xcomargs.py took 0.041 seconds
[2025-03-17T23:26:07.467+0000] {processor.py:186} INFO - Started process (PID=2865) to work on /home/airflow/.local/lib/python3.12/site-packages/airflow/example_dags/example_xcomargs.py
[2025-03-17T23:26:07.468+0000] {processor.py:914} INFO - Processing file /home/airflow/.local/lib/python3.12/site-packages/airflow/example_dags/example_xcomargs.py for tasks to queue
[2025-03-17T23:26:07.469+0000] {logging_mixin.py:190} INFO - [2025-03-17T23:26:07.469+0000] {dagbag.py:588} INFO - Filling up the DagBag from /home/airflow/.local/lib/python3.12/site-packages/airflow/example_dags/example_xcomargs.py
[2025-03-17T23:26:07.474+0000] {processor.py:925} INFO - DAG(s) 'example_xcom_args', 'example_xcom_args_with_operators' retrieved from /home/airflow/.local/lib/python3.12/site-packages/airflow/example_dags/example_xcomargs.py
[2025-03-17T23:26:07.485+0000] {logging_mixin.py:190} INFO - [2025-03-17T23:26:07.485+0000] {dag.py:3239} INFO - Sync 2 DAGs
[2025-03-17T23:26:07.492+0000] {logging_mixin.py:190} INFO - [2025-03-17T23:26:07.492+0000] {dag.py:4180} INFO - Setting next_dagrun for example_xcom_args to None, run_after=None
[2025-03-17T23:26:07.494+0000] {logging_mixin.py:190} INFO - [2025-03-17T23:26:07.494+0000] {dag.py:4180} INFO - Setting next_dagrun for example_xcom_args_with_operators to None, run_after=None
[2025-03-17T23:26:07.502+0000] {processor.py:208} INFO - Processing /home/airflow/.local/lib/python3.12/site-packages/airflow/example_dags/example_xcomargs.py took 0.038 seconds
[2025-03-17T23:26:38.240+0000] {processor.py:186} INFO - Started process (PID=3156) to work on /home/airflow/.local/lib/python3.12/site-packages/airflow/example_dags/example_xcomargs.py
[2025-03-17T23:26:38.242+0000] {processor.py:914} INFO - Processing file /home/airflow/.local/lib/python3.12/site-packages/airflow/example_dags/example_xcomargs.py for tasks to queue
[2025-03-17T23:26:38.243+0000] {logging_mixin.py:190} INFO - [2025-03-17T23:26:38.243+0000] {dagbag.py:588} INFO - Filling up the DagBag from /home/airflow/.local/lib/python3.12/site-packages/airflow/example_dags/example_xcomargs.py
[2025-03-17T23:26:38.248+0000] {processor.py:925} INFO - DAG(s) 'example_xcom_args', 'example_xcom_args_with_operators' retrieved from /home/airflow/.local/lib/python3.12/site-packages/airflow/example_dags/example_xcomargs.py
[2025-03-17T23:26:38.259+0000] {logging_mixin.py:190} INFO - [2025-03-17T23:26:38.258+0000] {dag.py:3239} INFO - Sync 2 DAGs
[2025-03-17T23:26:38.266+0000] {logging_mixin.py:190} INFO - [2025-03-17T23:26:38.265+0000] {dag.py:4180} INFO - Setting next_dagrun for example_xcom_args to None, run_after=None
[2025-03-17T23:26:38.268+0000] {logging_mixin.py:190} INFO - [2025-03-17T23:26:38.268+0000] {dag.py:4180} INFO - Setting next_dagrun for example_xcom_args_with_operators to None, run_after=None
[2025-03-17T23:26:38.276+0000] {processor.py:208} INFO - Processing /home/airflow/.local/lib/python3.12/site-packages/airflow/example_dags/example_xcomargs.py took 0.039 seconds
[2025-03-17T23:27:09.174+0000] {processor.py:186} INFO - Started process (PID=3447) to work on /home/airflow/.local/lib/python3.12/site-packages/airflow/example_dags/example_xcomargs.py
[2025-03-17T23:27:09.175+0000] {processor.py:914} INFO - Processing file /home/airflow/.local/lib/python3.12/site-packages/airflow/example_dags/example_xcomargs.py for tasks to queue
[2025-03-17T23:27:09.176+0000] {logging_mixin.py:190} INFO - [2025-03-17T23:27:09.176+0000] {dagbag.py:588} INFO - Filling up the DagBag from /home/airflow/.local/lib/python3.12/site-packages/airflow/example_dags/example_xcomargs.py
[2025-03-17T23:27:09.181+0000] {processor.py:925} INFO - DAG(s) 'example_xcom_args', 'example_xcom_args_with_operators' retrieved from /home/airflow/.local/lib/python3.12/site-packages/airflow/example_dags/example_xcomargs.py
[2025-03-17T23:27:09.194+0000] {logging_mixin.py:190} INFO - [2025-03-17T23:27:09.194+0000] {dag.py:3239} INFO - Sync 2 DAGs
[2025-03-17T23:27:09.203+0000] {logging_mixin.py:190} INFO - [2025-03-17T23:27:09.202+0000] {dag.py:4180} INFO - Setting next_dagrun for example_xcom_args to None, run_after=None
[2025-03-17T23:27:09.206+0000] {logging_mixin.py:190} INFO - [2025-03-17T23:27:09.205+0000] {dag.py:4180} INFO - Setting next_dagrun for example_xcom_args_with_operators to None, run_after=None
[2025-03-17T23:27:09.215+0000] {processor.py:208} INFO - Processing /home/airflow/.local/lib/python3.12/site-packages/airflow/example_dags/example_xcomargs.py took 0.045 seconds
[2025-03-17T23:27:40.088+0000] {processor.py:186} INFO - Started process (PID=3738) to work on /home/airflow/.local/lib/python3.12/site-packages/airflow/example_dags/example_xcomargs.py
[2025-03-17T23:27:40.089+0000] {processor.py:914} INFO - Processing file /home/airflow/.local/lib/python3.12/site-packages/airflow/example_dags/example_xcomargs.py for tasks to queue
[2025-03-17T23:27:40.092+0000] {logging_mixin.py:190} INFO - [2025-03-17T23:27:40.091+0000] {dagbag.py:588} INFO - Filling up the DagBag from /home/airflow/.local/lib/python3.12/site-packages/airflow/example_dags/example_xcomargs.py
[2025-03-17T23:27:40.097+0000] {processor.py:925} INFO - DAG(s) 'example_xcom_args', 'example_xcom_args_with_operators' retrieved from /home/airflow/.local/lib/python3.12/site-packages/airflow/example_dags/example_xcomargs.py
[2025-03-17T23:27:40.109+0000] {logging_mixin.py:190} INFO - [2025-03-17T23:27:40.109+0000] {dag.py:3239} INFO - Sync 2 DAGs
[2025-03-17T23:27:40.115+0000] {logging_mixin.py:190} INFO - [2025-03-17T23:27:40.115+0000] {dag.py:4180} INFO - Setting next_dagrun for example_xcom_args to None, run_after=None
[2025-03-17T23:27:40.117+0000] {logging_mixin.py:190} INFO - [2025-03-17T23:27:40.117+0000] {dag.py:4180} INFO - Setting next_dagrun for example_xcom_args_with_operators to None, run_after=None
[2025-03-17T23:27:40.125+0000] {processor.py:208} INFO - Processing /home/airflow/.local/lib/python3.12/site-packages/airflow/example_dags/example_xcomargs.py took 0.040 seconds
[2025-03-17T23:28:10.845+0000] {processor.py:186} INFO - Started process (PID=4031) to work on /home/airflow/.local/lib/python3.12/site-packages/airflow/example_dags/example_xcomargs.py
[2025-03-17T23:28:10.846+0000] {processor.py:914} INFO - Processing file /home/airflow/.local/lib/python3.12/site-packages/airflow/example_dags/example_xcomargs.py for tasks to queue
[2025-03-17T23:28:10.847+0000] {logging_mixin.py:190} INFO - [2025-03-17T23:28:10.846+0000] {dagbag.py:588} INFO - Filling up the DagBag from /home/airflow/.local/lib/python3.12/site-packages/airflow/example_dags/example_xcomargs.py
[2025-03-17T23:28:10.851+0000] {processor.py:925} INFO - DAG(s) 'example_xcom_args_with_operators', 'example_xcom_args' retrieved from /home/airflow/.local/lib/python3.12/site-packages/airflow/example_dags/example_xcomargs.py
[2025-03-17T23:28:10.862+0000] {logging_mixin.py:190} INFO - [2025-03-17T23:28:10.861+0000] {dag.py:3239} INFO - Sync 2 DAGs
[2025-03-17T23:28:10.868+0000] {logging_mixin.py:190} INFO - [2025-03-17T23:28:10.867+0000] {dag.py:4180} INFO - Setting next_dagrun for example_xcom_args to None, run_after=None
[2025-03-17T23:28:10.869+0000] {logging_mixin.py:190} INFO - [2025-03-17T23:28:10.869+0000] {dag.py:4180} INFO - Setting next_dagrun for example_xcom_args_with_operators to None, run_after=None
[2025-03-17T23:28:10.875+0000] {processor.py:208} INFO - Processing /home/airflow/.local/lib/python3.12/site-packages/airflow/example_dags/example_xcomargs.py took 0.033 seconds
[2025-03-17T23:28:41.697+0000] {processor.py:186} INFO - Started process (PID=4322) to work on /home/airflow/.local/lib/python3.12/site-packages/airflow/example_dags/example_xcomargs.py
[2025-03-17T23:28:41.698+0000] {processor.py:914} INFO - Processing file /home/airflow/.local/lib/python3.12/site-packages/airflow/example_dags/example_xcomargs.py for tasks to queue
[2025-03-17T23:28:41.699+0000] {logging_mixin.py:190} INFO - [2025-03-17T23:28:41.699+0000] {dagbag.py:588} INFO - Filling up the DagBag from /home/airflow/.local/lib/python3.12/site-packages/airflow/example_dags/example_xcomargs.py
[2025-03-17T23:28:41.705+0000] {processor.py:925} INFO - DAG(s) 'example_xcom_args_with_operators', 'example_xcom_args' retrieved from /home/airflow/.local/lib/python3.12/site-packages/airflow/example_dags/example_xcomargs.py
[2025-03-17T23:28:41.716+0000] {logging_mixin.py:190} INFO - [2025-03-17T23:28:41.716+0000] {dag.py:3239} INFO - Sync 2 DAGs
[2025-03-17T23:28:41.726+0000] {logging_mixin.py:190} INFO - [2025-03-17T23:28:41.726+0000] {dag.py:4180} INFO - Setting next_dagrun for example_xcom_args to None, run_after=None
[2025-03-17T23:28:41.729+0000] {logging_mixin.py:190} INFO - [2025-03-17T23:28:41.729+0000] {dag.py:4180} INFO - Setting next_dagrun for example_xcom_args_with_operators to None, run_after=None
[2025-03-17T23:28:41.741+0000] {processor.py:208} INFO - Processing /home/airflow/.local/lib/python3.12/site-packages/airflow/example_dags/example_xcomargs.py took 0.047 seconds
[2025-03-17T23:29:12.450+0000] {processor.py:186} INFO - Started process (PID=4611) to work on /home/airflow/.local/lib/python3.12/site-packages/airflow/example_dags/example_xcomargs.py
[2025-03-17T23:29:12.450+0000] {processor.py:914} INFO - Processing file /home/airflow/.local/lib/python3.12/site-packages/airflow/example_dags/example_xcomargs.py for tasks to queue
[2025-03-17T23:29:12.452+0000] {logging_mixin.py:190} INFO - [2025-03-17T23:29:12.452+0000] {dagbag.py:588} INFO - Filling up the DagBag from /home/airflow/.local/lib/python3.12/site-packages/airflow/example_dags/example_xcomargs.py
[2025-03-17T23:29:12.460+0000] {processor.py:925} INFO - DAG(s) 'example_xcom_args', 'example_xcom_args_with_operators' retrieved from /home/airflow/.local/lib/python3.12/site-packages/airflow/example_dags/example_xcomargs.py
[2025-03-17T23:29:12.473+0000] {logging_mixin.py:190} INFO - [2025-03-17T23:29:12.473+0000] {dag.py:3239} INFO - Sync 2 DAGs
[2025-03-17T23:29:12.480+0000] {logging_mixin.py:190} INFO - [2025-03-17T23:29:12.480+0000] {dag.py:4180} INFO - Setting next_dagrun for example_xcom_args to None, run_after=None
[2025-03-17T23:29:12.482+0000] {logging_mixin.py:190} INFO - [2025-03-17T23:29:12.481+0000] {dag.py:4180} INFO - Setting next_dagrun for example_xcom_args_with_operators to None, run_after=None
[2025-03-17T23:29:12.489+0000] {processor.py:208} INFO - Processing /home/airflow/.local/lib/python3.12/site-packages/airflow/example_dags/example_xcomargs.py took 0.042 seconds
[2025-03-17T23:29:43.031+0000] {processor.py:186} INFO - Started process (PID=4902) to work on /home/airflow/.local/lib/python3.12/site-packages/airflow/example_dags/example_xcomargs.py
[2025-03-17T23:29:43.031+0000] {processor.py:914} INFO - Processing file /home/airflow/.local/lib/python3.12/site-packages/airflow/example_dags/example_xcomargs.py for tasks to queue
[2025-03-17T23:29:43.032+0000] {logging_mixin.py:190} INFO - [2025-03-17T23:29:43.032+0000] {dagbag.py:588} INFO - Filling up the DagBag from /home/airflow/.local/lib/python3.12/site-packages/airflow/example_dags/example_xcomargs.py
[2025-03-17T23:29:43.037+0000] {processor.py:925} INFO - DAG(s) 'example_xcom_args', 'example_xcom_args_with_operators' retrieved from /home/airflow/.local/lib/python3.12/site-packages/airflow/example_dags/example_xcomargs.py
[2025-03-17T23:29:43.049+0000] {logging_mixin.py:190} INFO - [2025-03-17T23:29:43.049+0000] {dag.py:3239} INFO - Sync 2 DAGs
[2025-03-17T23:29:43.056+0000] {logging_mixin.py:190} INFO - [2025-03-17T23:29:43.055+0000] {dag.py:4180} INFO - Setting next_dagrun for example_xcom_args to None, run_after=None
[2025-03-17T23:29:43.058+0000] {logging_mixin.py:190} INFO - [2025-03-17T23:29:43.058+0000] {dag.py:4180} INFO - Setting next_dagrun for example_xcom_args_with_operators to None, run_after=None
[2025-03-17T23:29:43.067+0000] {processor.py:208} INFO - Processing /home/airflow/.local/lib/python3.12/site-packages/airflow/example_dags/example_xcomargs.py took 0.039 seconds
[2025-03-17T23:30:13.576+0000] {processor.py:186} INFO - Started process (PID=5193) to work on /home/airflow/.local/lib/python3.12/site-packages/airflow/example_dags/example_xcomargs.py
[2025-03-17T23:30:13.577+0000] {processor.py:914} INFO - Processing file /home/airflow/.local/lib/python3.12/site-packages/airflow/example_dags/example_xcomargs.py for tasks to queue
[2025-03-17T23:30:13.578+0000] {logging_mixin.py:190} INFO - [2025-03-17T23:30:13.578+0000] {dagbag.py:588} INFO - Filling up the DagBag from /home/airflow/.local/lib/python3.12/site-packages/airflow/example_dags/example_xcomargs.py
[2025-03-17T23:30:13.583+0000] {processor.py:925} INFO - DAG(s) 'example_xcom_args_with_operators', 'example_xcom_args' retrieved from /home/airflow/.local/lib/python3.12/site-packages/airflow/example_dags/example_xcomargs.py
[2025-03-17T23:30:13.595+0000] {logging_mixin.py:190} INFO - [2025-03-17T23:30:13.595+0000] {dag.py:3239} INFO - Sync 2 DAGs
[2025-03-17T23:30:13.601+0000] {logging_mixin.py:190} INFO - [2025-03-17T23:30:13.601+0000] {dag.py:4180} INFO - Setting next_dagrun for example_xcom_args to None, run_after=None
[2025-03-17T23:30:13.603+0000] {logging_mixin.py:190} INFO - [2025-03-17T23:30:13.603+0000] {dag.py:4180} INFO - Setting next_dagrun for example_xcom_args_with_operators to None, run_after=None
[2025-03-17T23:30:13.610+0000] {processor.py:208} INFO - Processing /home/airflow/.local/lib/python3.12/site-packages/airflow/example_dags/example_xcomargs.py took 0.037 seconds
[2025-03-17T23:30:44.192+0000] {processor.py:186} INFO - Started process (PID=5484) to work on /home/airflow/.local/lib/python3.12/site-packages/airflow/example_dags/example_xcomargs.py
[2025-03-17T23:30:44.193+0000] {processor.py:914} INFO - Processing file /home/airflow/.local/lib/python3.12/site-packages/airflow/example_dags/example_xcomargs.py for tasks to queue
[2025-03-17T23:30:44.195+0000] {logging_mixin.py:190} INFO - [2025-03-17T23:30:44.195+0000] {dagbag.py:588} INFO - Filling up the DagBag from /home/airflow/.local/lib/python3.12/site-packages/airflow/example_dags/example_xcomargs.py
[2025-03-17T23:30:44.200+0000] {processor.py:925} INFO - DAG(s) 'example_xcom_args', 'example_xcom_args_with_operators' retrieved from /home/airflow/.local/lib/python3.12/site-packages/airflow/example_dags/example_xcomargs.py
[2025-03-17T23:30:44.212+0000] {logging_mixin.py:190} INFO - [2025-03-17T23:30:44.212+0000] {dag.py:3239} INFO - Sync 2 DAGs
[2025-03-17T23:30:44.220+0000] {logging_mixin.py:190} INFO - [2025-03-17T23:30:44.219+0000] {dag.py:4180} INFO - Setting next_dagrun for example_xcom_args to None, run_after=None
[2025-03-17T23:30:44.223+0000] {logging_mixin.py:190} INFO - [2025-03-17T23:30:44.223+0000] {dag.py:4180} INFO - Setting next_dagrun for example_xcom_args_with_operators to None, run_after=None
[2025-03-17T23:30:44.236+0000] {processor.py:208} INFO - Processing /home/airflow/.local/lib/python3.12/site-packages/airflow/example_dags/example_xcomargs.py took 0.046 seconds
[2025-03-17T23:31:14.768+0000] {processor.py:186} INFO - Started process (PID=5775) to work on /home/airflow/.local/lib/python3.12/site-packages/airflow/example_dags/example_xcomargs.py
[2025-03-17T23:31:14.769+0000] {processor.py:914} INFO - Processing file /home/airflow/.local/lib/python3.12/site-packages/airflow/example_dags/example_xcomargs.py for tasks to queue
[2025-03-17T23:31:14.770+0000] {logging_mixin.py:190} INFO - [2025-03-17T23:31:14.770+0000] {dagbag.py:588} INFO - Filling up the DagBag from /home/airflow/.local/lib/python3.12/site-packages/airflow/example_dags/example_xcomargs.py
[2025-03-17T23:31:14.776+0000] {processor.py:925} INFO - DAG(s) 'example_xcom_args_with_operators', 'example_xcom_args' retrieved from /home/airflow/.local/lib/python3.12/site-packages/airflow/example_dags/example_xcomargs.py
[2025-03-17T23:31:14.789+0000] {logging_mixin.py:190} INFO - [2025-03-17T23:31:14.789+0000] {dag.py:3239} INFO - Sync 2 DAGs
[2025-03-17T23:31:14.795+0000] {logging_mixin.py:190} INFO - [2025-03-17T23:31:14.795+0000] {dag.py:4180} INFO - Setting next_dagrun for example_xcom_args to None, run_after=None
[2025-03-17T23:31:14.797+0000] {logging_mixin.py:190} INFO - [2025-03-17T23:31:14.797+0000] {dag.py:4180} INFO - Setting next_dagrun for example_xcom_args_with_operators to None, run_after=None
[2025-03-17T23:31:14.806+0000] {processor.py:208} INFO - Processing /home/airflow/.local/lib/python3.12/site-packages/airflow/example_dags/example_xcomargs.py took 0.040 seconds
[2025-03-17T23:31:45.331+0000] {processor.py:186} INFO - Started process (PID=6068) to work on /home/airflow/.local/lib/python3.12/site-packages/airflow/example_dags/example_xcomargs.py
[2025-03-17T23:31:45.332+0000] {processor.py:914} INFO - Processing file /home/airflow/.local/lib/python3.12/site-packages/airflow/example_dags/example_xcomargs.py for tasks to queue
[2025-03-17T23:31:45.333+0000] {logging_mixin.py:190} INFO - [2025-03-17T23:31:45.333+0000] {dagbag.py:588} INFO - Filling up the DagBag from /home/airflow/.local/lib/python3.12/site-packages/airflow/example_dags/example_xcomargs.py
[2025-03-17T23:31:45.338+0000] {processor.py:925} INFO - DAG(s) 'example_xcom_args_with_operators', 'example_xcom_args' retrieved from /home/airflow/.local/lib/python3.12/site-packages/airflow/example_dags/example_xcomargs.py
[2025-03-17T23:31:45.349+0000] {logging_mixin.py:190} INFO - [2025-03-17T23:31:45.349+0000] {dag.py:3239} INFO - Sync 2 DAGs
[2025-03-17T23:31:45.355+0000] {logging_mixin.py:190} INFO - [2025-03-17T23:31:45.355+0000] {dag.py:4180} INFO - Setting next_dagrun for example_xcom_args to None, run_after=None
[2025-03-17T23:31:45.356+0000] {logging_mixin.py:190} INFO - [2025-03-17T23:31:45.356+0000] {dag.py:4180} INFO - Setting next_dagrun for example_xcom_args_with_operators to None, run_after=None
[2025-03-17T23:31:45.363+0000] {processor.py:208} INFO - Processing /home/airflow/.local/lib/python3.12/site-packages/airflow/example_dags/example_xcomargs.py took 0.035 seconds
[2025-03-17T23:32:15.862+0000] {processor.py:186} INFO - Started process (PID=6357) to work on /home/airflow/.local/lib/python3.12/site-packages/airflow/example_dags/example_xcomargs.py
[2025-03-17T23:32:15.863+0000] {processor.py:914} INFO - Processing file /home/airflow/.local/lib/python3.12/site-packages/airflow/example_dags/example_xcomargs.py for tasks to queue
[2025-03-17T23:32:15.864+0000] {logging_mixin.py:190} INFO - [2025-03-17T23:32:15.864+0000] {dagbag.py:588} INFO - Filling up the DagBag from /home/airflow/.local/lib/python3.12/site-packages/airflow/example_dags/example_xcomargs.py
[2025-03-17T23:32:15.868+0000] {processor.py:925} INFO - DAG(s) 'example_xcom_args_with_operators', 'example_xcom_args' retrieved from /home/airflow/.local/lib/python3.12/site-packages/airflow/example_dags/example_xcomargs.py
[2025-03-17T23:32:15.879+0000] {logging_mixin.py:190} INFO - [2025-03-17T23:32:15.879+0000] {dag.py:3239} INFO - Sync 2 DAGs
[2025-03-17T23:32:15.887+0000] {logging_mixin.py:190} INFO - [2025-03-17T23:32:15.887+0000] {dag.py:4180} INFO - Setting next_dagrun for example_xcom_args to None, run_after=None
[2025-03-17T23:32:15.889+0000] {logging_mixin.py:190} INFO - [2025-03-17T23:32:15.889+0000] {dag.py:4180} INFO - Setting next_dagrun for example_xcom_args_with_operators to None, run_after=None
[2025-03-17T23:32:15.896+0000] {processor.py:208} INFO - Processing /home/airflow/.local/lib/python3.12/site-packages/airflow/example_dags/example_xcomargs.py took 0.037 seconds
[2025-03-17T23:32:46.564+0000] {processor.py:186} INFO - Started process (PID=6648) to work on /home/airflow/.local/lib/python3.12/site-packages/airflow/example_dags/example_xcomargs.py
[2025-03-17T23:32:46.564+0000] {processor.py:914} INFO - Processing file /home/airflow/.local/lib/python3.12/site-packages/airflow/example_dags/example_xcomargs.py for tasks to queue
[2025-03-17T23:32:46.565+0000] {logging_mixin.py:190} INFO - [2025-03-17T23:32:46.565+0000] {dagbag.py:588} INFO - Filling up the DagBag from /home/airflow/.local/lib/python3.12/site-packages/airflow/example_dags/example_xcomargs.py
[2025-03-17T23:32:46.570+0000] {processor.py:925} INFO - DAG(s) 'example_xcom_args_with_operators', 'example_xcom_args' retrieved from /home/airflow/.local/lib/python3.12/site-packages/airflow/example_dags/example_xcomargs.py
[2025-03-17T23:32:46.581+0000] {logging_mixin.py:190} INFO - [2025-03-17T23:32:46.581+0000] {dag.py:3239} INFO - Sync 2 DAGs
[2025-03-17T23:32:46.587+0000] {logging_mixin.py:190} INFO - [2025-03-17T23:32:46.587+0000] {dag.py:4180} INFO - Setting next_dagrun for example_xcom_args to None, run_after=None
[2025-03-17T23:32:46.591+0000] {logging_mixin.py:190} INFO - [2025-03-17T23:32:46.591+0000] {dag.py:4180} INFO - Setting next_dagrun for example_xcom_args_with_operators to None, run_after=None
[2025-03-17T23:32:46.598+0000] {processor.py:208} INFO - Processing /home/airflow/.local/lib/python3.12/site-packages/airflow/example_dags/example_xcomargs.py took 0.038 seconds
[2025-03-17T23:33:17.047+0000] {processor.py:186} INFO - Started process (PID=6939) to work on /home/airflow/.local/lib/python3.12/site-packages/airflow/example_dags/example_xcomargs.py
[2025-03-17T23:33:17.047+0000] {processor.py:914} INFO - Processing file /home/airflow/.local/lib/python3.12/site-packages/airflow/example_dags/example_xcomargs.py for tasks to queue
[2025-03-17T23:33:17.048+0000] {logging_mixin.py:190} INFO - [2025-03-17T23:33:17.048+0000] {dagbag.py:588} INFO - Filling up the DagBag from /home/airflow/.local/lib/python3.12/site-packages/airflow/example_dags/example_xcomargs.py
[2025-03-17T23:33:17.055+0000] {processor.py:925} INFO - DAG(s) 'example_xcom_args_with_operators', 'example_xcom_args' retrieved from /home/airflow/.local/lib/python3.12/site-packages/airflow/example_dags/example_xcomargs.py
[2025-03-17T23:33:17.066+0000] {logging_mixin.py:190} INFO - [2025-03-17T23:33:17.066+0000] {dag.py:3239} INFO - Sync 2 DAGs
[2025-03-17T23:33:17.073+0000] {logging_mixin.py:190} INFO - [2025-03-17T23:33:17.073+0000] {dag.py:4180} INFO - Setting next_dagrun for example_xcom_args to None, run_after=None
[2025-03-17T23:33:17.075+0000] {logging_mixin.py:190} INFO - [2025-03-17T23:33:17.075+0000] {dag.py:4180} INFO - Setting next_dagrun for example_xcom_args_with_operators to None, run_after=None
[2025-03-17T23:33:17.082+0000] {processor.py:208} INFO - Processing /home/airflow/.local/lib/python3.12/site-packages/airflow/example_dags/example_xcomargs.py took 0.038 seconds
[2025-03-17T23:33:48.065+0000] {processor.py:186} INFO - Started process (PID=7230) to work on /home/airflow/.local/lib/python3.12/site-packages/airflow/example_dags/example_xcomargs.py
[2025-03-17T23:33:48.068+0000] {processor.py:914} INFO - Processing file /home/airflow/.local/lib/python3.12/site-packages/airflow/example_dags/example_xcomargs.py for tasks to queue
[2025-03-17T23:33:48.069+0000] {logging_mixin.py:190} INFO - [2025-03-17T23:33:48.069+0000] {dagbag.py:588} INFO - Filling up the DagBag from /home/airflow/.local/lib/python3.12/site-packages/airflow/example_dags/example_xcomargs.py
[2025-03-17T23:33:48.074+0000] {processor.py:925} INFO - DAG(s) 'example_xcom_args_with_operators', 'example_xcom_args' retrieved from /home/airflow/.local/lib/python3.12/site-packages/airflow/example_dags/example_xcomargs.py
[2025-03-17T23:33:48.085+0000] {logging_mixin.py:190} INFO - [2025-03-17T23:33:48.085+0000] {dag.py:3239} INFO - Sync 2 DAGs
[2025-03-17T23:33:48.094+0000] {logging_mixin.py:190} INFO - [2025-03-17T23:33:48.094+0000] {dag.py:4180} INFO - Setting next_dagrun for example_xcom_args to None, run_after=None
[2025-03-17T23:33:48.095+0000] {logging_mixin.py:190} INFO - [2025-03-17T23:33:48.095+0000] {dag.py:4180} INFO - Setting next_dagrun for example_xcom_args_with_operators to None, run_after=None
[2025-03-17T23:33:48.103+0000] {processor.py:208} INFO - Processing /home/airflow/.local/lib/python3.12/site-packages/airflow/example_dags/example_xcomargs.py took 0.040 seconds
[2025-03-17T23:34:18.802+0000] {processor.py:186} INFO - Started process (PID=7521) to work on /home/airflow/.local/lib/python3.12/site-packages/airflow/example_dags/example_xcomargs.py
[2025-03-17T23:34:18.802+0000] {processor.py:914} INFO - Processing file /home/airflow/.local/lib/python3.12/site-packages/airflow/example_dags/example_xcomargs.py for tasks to queue
[2025-03-17T23:34:18.804+0000] {logging_mixin.py:190} INFO - [2025-03-17T23:34:18.803+0000] {dagbag.py:588} INFO - Filling up the DagBag from /home/airflow/.local/lib/python3.12/site-packages/airflow/example_dags/example_xcomargs.py
[2025-03-17T23:34:18.809+0000] {processor.py:925} INFO - DAG(s) 'example_xcom_args_with_operators', 'example_xcom_args' retrieved from /home/airflow/.local/lib/python3.12/site-packages/airflow/example_dags/example_xcomargs.py
[2025-03-17T23:34:18.821+0000] {logging_mixin.py:190} INFO - [2025-03-17T23:34:18.821+0000] {dag.py:3239} INFO - Sync 2 DAGs
[2025-03-17T23:34:18.831+0000] {logging_mixin.py:190} INFO - [2025-03-17T23:34:18.830+0000] {dag.py:4180} INFO - Setting next_dagrun for example_xcom_args to None, run_after=None
[2025-03-17T23:34:18.833+0000] {logging_mixin.py:190} INFO - [2025-03-17T23:34:18.833+0000] {dag.py:4180} INFO - Setting next_dagrun for example_xcom_args_with_operators to None, run_after=None
[2025-03-17T23:34:18.840+0000] {processor.py:208} INFO - Processing /home/airflow/.local/lib/python3.12/site-packages/airflow/example_dags/example_xcomargs.py took 0.041 seconds
[2025-03-17T23:34:51.130+0000] {processor.py:186} INFO - Started process (PID=7847) to work on /home/airflow/.local/lib/python3.12/site-packages/airflow/example_dags/example_xcomargs.py
[2025-03-17T23:34:51.130+0000] {processor.py:914} INFO - Processing file /home/airflow/.local/lib/python3.12/site-packages/airflow/example_dags/example_xcomargs.py for tasks to queue
[2025-03-17T23:34:51.131+0000] {logging_mixin.py:190} INFO - [2025-03-17T23:34:51.131+0000] {dagbag.py:588} INFO - Filling up the DagBag from /home/airflow/.local/lib/python3.12/site-packages/airflow/example_dags/example_xcomargs.py
[2025-03-17T23:34:51.137+0000] {processor.py:925} INFO - DAG(s) 'example_xcom_args_with_operators', 'example_xcom_args' retrieved from /home/airflow/.local/lib/python3.12/site-packages/airflow/example_dags/example_xcomargs.py
[2025-03-17T23:34:51.149+0000] {logging_mixin.py:190} INFO - [2025-03-17T23:34:51.149+0000] {dag.py:3239} INFO - Sync 2 DAGs
[2025-03-17T23:34:51.157+0000] {logging_mixin.py:190} INFO - [2025-03-17T23:34:51.156+0000] {dag.py:4180} INFO - Setting next_dagrun for example_xcom_args to None, run_after=None
[2025-03-17T23:34:51.159+0000] {logging_mixin.py:190} INFO - [2025-03-17T23:34:51.159+0000] {dag.py:4180} INFO - Setting next_dagrun for example_xcom_args_with_operators to None, run_after=None
[2025-03-17T23:34:51.167+0000] {processor.py:208} INFO - Processing /home/airflow/.local/lib/python3.12/site-packages/airflow/example_dags/example_xcomargs.py took 0.040 seconds
[2025-03-17T23:35:22.102+0000] {processor.py:186} INFO - Started process (PID=8144) to work on /home/airflow/.local/lib/python3.12/site-packages/airflow/example_dags/example_xcomargs.py
[2025-03-17T23:35:22.103+0000] {processor.py:914} INFO - Processing file /home/airflow/.local/lib/python3.12/site-packages/airflow/example_dags/example_xcomargs.py for tasks to queue
[2025-03-17T23:35:22.104+0000] {logging_mixin.py:190} INFO - [2025-03-17T23:35:22.104+0000] {dagbag.py:588} INFO - Filling up the DagBag from /home/airflow/.local/lib/python3.12/site-packages/airflow/example_dags/example_xcomargs.py
[2025-03-17T23:35:22.108+0000] {processor.py:925} INFO - DAG(s) 'example_xcom_args', 'example_xcom_args_with_operators' retrieved from /home/airflow/.local/lib/python3.12/site-packages/airflow/example_dags/example_xcomargs.py
[2025-03-17T23:35:22.118+0000] {logging_mixin.py:190} INFO - [2025-03-17T23:35:22.118+0000] {dag.py:3239} INFO - Sync 2 DAGs
[2025-03-17T23:35:22.124+0000] {logging_mixin.py:190} INFO - [2025-03-17T23:35:22.124+0000] {dag.py:4180} INFO - Setting next_dagrun for example_xcom_args to None, run_after=None
[2025-03-17T23:35:22.126+0000] {logging_mixin.py:190} INFO - [2025-03-17T23:35:22.126+0000] {dag.py:4180} INFO - Setting next_dagrun for example_xcom_args_with_operators to None, run_after=None
[2025-03-17T23:35:22.132+0000] {processor.py:208} INFO - Processing /home/airflow/.local/lib/python3.12/site-packages/airflow/example_dags/example_xcomargs.py took 0.032 seconds
[2025-03-17T23:35:52.871+0000] {processor.py:186} INFO - Started process (PID=8433) to work on /home/airflow/.local/lib/python3.12/site-packages/airflow/example_dags/example_xcomargs.py
[2025-03-17T23:35:52.871+0000] {processor.py:914} INFO - Processing file /home/airflow/.local/lib/python3.12/site-packages/airflow/example_dags/example_xcomargs.py for tasks to queue
[2025-03-17T23:35:52.872+0000] {logging_mixin.py:190} INFO - [2025-03-17T23:35:52.872+0000] {dagbag.py:588} INFO - Filling up the DagBag from /home/airflow/.local/lib/python3.12/site-packages/airflow/example_dags/example_xcomargs.py
[2025-03-17T23:35:52.877+0000] {processor.py:925} INFO - DAG(s) 'example_xcom_args_with_operators', 'example_xcom_args' retrieved from /home/airflow/.local/lib/python3.12/site-packages/airflow/example_dags/example_xcomargs.py
[2025-03-17T23:35:52.888+0000] {logging_mixin.py:190} INFO - [2025-03-17T23:35:52.888+0000] {dag.py:3239} INFO - Sync 2 DAGs
[2025-03-17T23:35:52.897+0000] {logging_mixin.py:190} INFO - [2025-03-17T23:35:52.897+0000] {dag.py:4180} INFO - Setting next_dagrun for example_xcom_args to None, run_after=None
[2025-03-17T23:35:52.899+0000] {logging_mixin.py:190} INFO - [2025-03-17T23:35:52.898+0000] {dag.py:4180} INFO - Setting next_dagrun for example_xcom_args_with_operators to None, run_after=None
[2025-03-17T23:35:52.906+0000] {processor.py:208} INFO - Processing /home/airflow/.local/lib/python3.12/site-packages/airflow/example_dags/example_xcomargs.py took 0.038 seconds
[2025-03-17T23:36:23.328+0000] {processor.py:186} INFO - Started process (PID=8724) to work on /home/airflow/.local/lib/python3.12/site-packages/airflow/example_dags/example_xcomargs.py
[2025-03-17T23:36:23.328+0000] {processor.py:914} INFO - Processing file /home/airflow/.local/lib/python3.12/site-packages/airflow/example_dags/example_xcomargs.py for tasks to queue
[2025-03-17T23:36:23.329+0000] {logging_mixin.py:190} INFO - [2025-03-17T23:36:23.329+0000] {dagbag.py:588} INFO - Filling up the DagBag from /home/airflow/.local/lib/python3.12/site-packages/airflow/example_dags/example_xcomargs.py
[2025-03-17T23:36:23.334+0000] {processor.py:925} INFO - DAG(s) 'example_xcom_args', 'example_xcom_args_with_operators' retrieved from /home/airflow/.local/lib/python3.12/site-packages/airflow/example_dags/example_xcomargs.py
[2025-03-17T23:36:23.346+0000] {logging_mixin.py:190} INFO - [2025-03-17T23:36:23.346+0000] {dag.py:3239} INFO - Sync 2 DAGs
[2025-03-17T23:36:23.354+0000] {logging_mixin.py:190} INFO - [2025-03-17T23:36:23.354+0000] {dag.py:4180} INFO - Setting next_dagrun for example_xcom_args to None, run_after=None
[2025-03-17T23:36:23.357+0000] {logging_mixin.py:190} INFO - [2025-03-17T23:36:23.357+0000] {dag.py:4180} INFO - Setting next_dagrun for example_xcom_args_with_operators to None, run_after=None
[2025-03-17T23:36:23.365+0000] {processor.py:208} INFO - Processing /home/airflow/.local/lib/python3.12/site-packages/airflow/example_dags/example_xcomargs.py took 0.041 seconds
[2025-03-17T23:36:53.646+0000] {processor.py:186} INFO - Started process (PID=9017) to work on /home/airflow/.local/lib/python3.12/site-packages/airflow/example_dags/example_xcomargs.py
[2025-03-17T23:36:53.647+0000] {processor.py:914} INFO - Processing file /home/airflow/.local/lib/python3.12/site-packages/airflow/example_dags/example_xcomargs.py for tasks to queue
[2025-03-17T23:36:53.649+0000] {logging_mixin.py:190} INFO - [2025-03-17T23:36:53.649+0000] {dagbag.py:588} INFO - Filling up the DagBag from /home/airflow/.local/lib/python3.12/site-packages/airflow/example_dags/example_xcomargs.py
[2025-03-17T23:36:53.656+0000] {processor.py:925} INFO - DAG(s) 'example_xcom_args_with_operators', 'example_xcom_args' retrieved from /home/airflow/.local/lib/python3.12/site-packages/airflow/example_dags/example_xcomargs.py
[2025-03-17T23:36:53.674+0000] {logging_mixin.py:190} INFO - [2025-03-17T23:36:53.673+0000] {dag.py:3239} INFO - Sync 2 DAGs
[2025-03-17T23:36:53.687+0000] {logging_mixin.py:190} INFO - [2025-03-17T23:36:53.686+0000] {dag.py:4180} INFO - Setting next_dagrun for example_xcom_args to None, run_after=None
[2025-03-17T23:36:53.690+0000] {logging_mixin.py:190} INFO - [2025-03-17T23:36:53.690+0000] {dag.py:4180} INFO - Setting next_dagrun for example_xcom_args_with_operators to None, run_after=None
[2025-03-17T23:36:53.700+0000] {processor.py:208} INFO - Processing /home/airflow/.local/lib/python3.12/site-packages/airflow/example_dags/example_xcomargs.py took 0.058 seconds
[2025-03-17T23:37:24.230+0000] {processor.py:186} INFO - Started process (PID=9308) to work on /home/airflow/.local/lib/python3.12/site-packages/airflow/example_dags/example_xcomargs.py
[2025-03-17T23:37:24.231+0000] {processor.py:914} INFO - Processing file /home/airflow/.local/lib/python3.12/site-packages/airflow/example_dags/example_xcomargs.py for tasks to queue
[2025-03-17T23:37:24.232+0000] {logging_mixin.py:190} INFO - [2025-03-17T23:37:24.232+0000] {dagbag.py:588} INFO - Filling up the DagBag from /home/airflow/.local/lib/python3.12/site-packages/airflow/example_dags/example_xcomargs.py
[2025-03-17T23:37:24.238+0000] {processor.py:925} INFO - DAG(s) 'example_xcom_args', 'example_xcom_args_with_operators' retrieved from /home/airflow/.local/lib/python3.12/site-packages/airflow/example_dags/example_xcomargs.py
[2025-03-17T23:37:24.248+0000] {logging_mixin.py:190} INFO - [2025-03-17T23:37:24.248+0000] {dag.py:3239} INFO - Sync 2 DAGs
[2025-03-17T23:37:24.254+0000] {logging_mixin.py:190} INFO - [2025-03-17T23:37:24.254+0000] {dag.py:4180} INFO - Setting next_dagrun for example_xcom_args to None, run_after=None
[2025-03-17T23:37:24.256+0000] {logging_mixin.py:190} INFO - [2025-03-17T23:37:24.256+0000] {dag.py:4180} INFO - Setting next_dagrun for example_xcom_args_with_operators to None, run_after=None
[2025-03-17T23:37:24.262+0000] {processor.py:208} INFO - Processing /home/airflow/.local/lib/python3.12/site-packages/airflow/example_dags/example_xcomargs.py took 0.034 seconds
