[2025-03-17T23:21:36.179+0000] {processor.py:186} INFO - Started process (PID=372) to work on /home/airflow/.local/lib/python3.12/site-packages/airflow/example_dags/example_xcom.py
[2025-03-17T23:21:36.180+0000] {processor.py:914} INFO - Processing file /home/airflow/.local/lib/python3.12/site-packages/airflow/example_dags/example_xcom.py for tasks to queue
[2025-03-17T23:21:36.182+0000] {logging_mixin.py:190} INFO - [2025-03-17T23:21:36.181+0000] {dagbag.py:588} INFO - Filling up the DagBag from /home/airflow/.local/lib/python3.12/site-packages/airflow/example_dags/example_xcom.py
[2025-03-17T23:21:36.192+0000] {processor.py:925} INFO - DAG(s) 'example_xcom' retrieved from /home/airflow/.local/lib/python3.12/site-packages/airflow/example_dags/example_xcom.py
[2025-03-17T23:21:36.251+0000] {logging_mixin.py:190} INFO - [2025-03-17T23:21:36.250+0000] {override.py:1912} INFO - Created Permission View: can edit on DAG:example_xcom
[2025-03-17T23:21:36.255+0000] {logging_mixin.py:190} INFO - [2025-03-17T23:21:36.255+0000] {override.py:1912} INFO - Created Permission View: can read on DAG:example_xcom
[2025-03-17T23:21:36.258+0000] {logging_mixin.py:190} INFO - [2025-03-17T23:21:36.257+0000] {override.py:1912} INFO - Created Permission View: can delete on DAG:example_xcom
[2025-03-17T23:21:36.260+0000] {logging_mixin.py:190} INFO - [2025-03-17T23:21:36.260+0000] {override.py:1912} INFO - Created Permission View: can create on DAG Run:example_xcom
[2025-03-17T23:21:36.262+0000] {logging_mixin.py:190} INFO - [2025-03-17T23:21:36.262+0000] {override.py:1912} INFO - Created Permission View: menu access on DAG Run:example_xcom
[2025-03-17T23:21:36.265+0000] {logging_mixin.py:190} INFO - [2025-03-17T23:21:36.265+0000] {override.py:1912} INFO - Created Permission View: can read on DAG Run:example_xcom
[2025-03-17T23:21:36.267+0000] {logging_mixin.py:190} INFO - [2025-03-17T23:21:36.267+0000] {override.py:1912} INFO - Created Permission View: can delete on DAG Run:example_xcom
[2025-03-17T23:21:36.267+0000] {logging_mixin.py:190} INFO - [2025-03-17T23:21:36.267+0000] {dag.py:3239} INFO - Sync 1 DAGs
[2025-03-17T23:21:36.273+0000] {logging_mixin.py:190} INFO - [2025-03-17T23:21:36.273+0000] {dag.py:3262} INFO - Creating ORM DAG for example_xcom
[2025-03-17T23:21:36.278+0000] {logging_mixin.py:190} INFO - [2025-03-17T23:21:36.278+0000] {dag.py:4180} INFO - Setting next_dagrun for example_xcom to 2021-01-01 00:00:00+00:00, run_after=2021-01-01 00:00:00+00:00
[2025-03-17T23:21:36.286+0000] {processor.py:208} INFO - Processing /home/airflow/.local/lib/python3.12/site-packages/airflow/example_dags/example_xcom.py took 0.111 seconds
[2025-03-17T23:22:06.562+0000] {processor.py:186} INFO - Started process (PID=663) to work on /home/airflow/.local/lib/python3.12/site-packages/airflow/example_dags/example_xcom.py
[2025-03-17T23:22:06.563+0000] {processor.py:914} INFO - Processing file /home/airflow/.local/lib/python3.12/site-packages/airflow/example_dags/example_xcom.py for tasks to queue
[2025-03-17T23:22:06.564+0000] {logging_mixin.py:190} INFO - [2025-03-17T23:22:06.564+0000] {dagbag.py:588} INFO - Filling up the DagBag from /home/airflow/.local/lib/python3.12/site-packages/airflow/example_dags/example_xcom.py
[2025-03-17T23:22:06.570+0000] {processor.py:925} INFO - DAG(s) 'example_xcom' retrieved from /home/airflow/.local/lib/python3.12/site-packages/airflow/example_dags/example_xcom.py
[2025-03-17T23:22:06.583+0000] {logging_mixin.py:190} INFO - [2025-03-17T23:22:06.583+0000] {dag.py:3239} INFO - Sync 1 DAGs
[2025-03-17T23:22:06.596+0000] {logging_mixin.py:190} INFO - [2025-03-17T23:22:06.596+0000] {dag.py:4180} INFO - Setting next_dagrun for example_xcom to 2021-01-01 00:00:00+00:00, run_after=2021-01-01 00:00:00+00:00
[2025-03-17T23:22:06.606+0000] {processor.py:208} INFO - Processing /home/airflow/.local/lib/python3.12/site-packages/airflow/example_dags/example_xcom.py took 0.048 seconds
[2025-03-17T23:22:36.674+0000] {processor.py:186} INFO - Started process (PID=949) to work on /home/airflow/.local/lib/python3.12/site-packages/airflow/example_dags/example_xcom.py
[2025-03-17T23:22:36.675+0000] {processor.py:914} INFO - Processing file /home/airflow/.local/lib/python3.12/site-packages/airflow/example_dags/example_xcom.py for tasks to queue
[2025-03-17T23:22:36.676+0000] {logging_mixin.py:190} INFO - [2025-03-17T23:22:36.676+0000] {dagbag.py:588} INFO - Filling up the DagBag from /home/airflow/.local/lib/python3.12/site-packages/airflow/example_dags/example_xcom.py
[2025-03-17T23:22:36.681+0000] {processor.py:925} INFO - DAG(s) 'example_xcom' retrieved from /home/airflow/.local/lib/python3.12/site-packages/airflow/example_dags/example_xcom.py
[2025-03-17T23:22:36.690+0000] {logging_mixin.py:190} INFO - [2025-03-17T23:22:36.690+0000] {dag.py:3239} INFO - Sync 1 DAGs
[2025-03-17T23:22:36.702+0000] {logging_mixin.py:190} INFO - [2025-03-17T23:22:36.702+0000] {dag.py:4180} INFO - Setting next_dagrun for example_xcom to 2021-01-01 00:00:00+00:00, run_after=2021-01-01 00:00:00+00:00
[2025-03-17T23:22:36.711+0000] {processor.py:208} INFO - Processing /home/airflow/.local/lib/python3.12/site-packages/airflow/example_dags/example_xcom.py took 0.040 seconds
[2025-03-17T23:23:07.564+0000] {processor.py:186} INFO - Started process (PID=1245) to work on /home/airflow/.local/lib/python3.12/site-packages/airflow/example_dags/example_xcom.py
[2025-03-17T23:23:07.565+0000] {processor.py:914} INFO - Processing file /home/airflow/.local/lib/python3.12/site-packages/airflow/example_dags/example_xcom.py for tasks to queue
[2025-03-17T23:23:07.566+0000] {logging_mixin.py:190} INFO - [2025-03-17T23:23:07.566+0000] {dagbag.py:588} INFO - Filling up the DagBag from /home/airflow/.local/lib/python3.12/site-packages/airflow/example_dags/example_xcom.py
[2025-03-17T23:23:07.570+0000] {processor.py:925} INFO - DAG(s) 'example_xcom' retrieved from /home/airflow/.local/lib/python3.12/site-packages/airflow/example_dags/example_xcom.py
[2025-03-17T23:23:07.580+0000] {logging_mixin.py:190} INFO - [2025-03-17T23:23:07.580+0000] {dag.py:3239} INFO - Sync 1 DAGs
[2025-03-17T23:23:07.589+0000] {logging_mixin.py:190} INFO - [2025-03-17T23:23:07.589+0000] {dag.py:4180} INFO - Setting next_dagrun for example_xcom to 2021-01-01 00:00:00+00:00, run_after=2021-01-01 00:00:00+00:00
[2025-03-17T23:23:07.597+0000] {processor.py:208} INFO - Processing /home/airflow/.local/lib/python3.12/site-packages/airflow/example_dags/example_xcom.py took 0.036 seconds
[2025-03-17T23:23:38.759+0000] {processor.py:186} INFO - Started process (PID=1536) to work on /home/airflow/.local/lib/python3.12/site-packages/airflow/example_dags/example_xcom.py
[2025-03-17T23:23:38.760+0000] {processor.py:914} INFO - Processing file /home/airflow/.local/lib/python3.12/site-packages/airflow/example_dags/example_xcom.py for tasks to queue
[2025-03-17T23:23:38.761+0000] {logging_mixin.py:190} INFO - [2025-03-17T23:23:38.761+0000] {dagbag.py:588} INFO - Filling up the DagBag from /home/airflow/.local/lib/python3.12/site-packages/airflow/example_dags/example_xcom.py
[2025-03-17T23:23:38.765+0000] {processor.py:925} INFO - DAG(s) 'example_xcom' retrieved from /home/airflow/.local/lib/python3.12/site-packages/airflow/example_dags/example_xcom.py
[2025-03-17T23:23:38.776+0000] {logging_mixin.py:190} INFO - [2025-03-17T23:23:38.776+0000] {dag.py:3239} INFO - Sync 1 DAGs
[2025-03-17T23:23:38.786+0000] {logging_mixin.py:190} INFO - [2025-03-17T23:23:38.786+0000] {dag.py:4180} INFO - Setting next_dagrun for example_xcom to 2021-01-01 00:00:00+00:00, run_after=2021-01-01 00:00:00+00:00
[2025-03-17T23:23:38.795+0000] {processor.py:208} INFO - Processing /home/airflow/.local/lib/python3.12/site-packages/airflow/example_dags/example_xcom.py took 0.038 seconds
[2025-03-17T23:24:09.754+0000] {processor.py:186} INFO - Started process (PID=1827) to work on /home/airflow/.local/lib/python3.12/site-packages/airflow/example_dags/example_xcom.py
[2025-03-17T23:24:09.755+0000] {processor.py:914} INFO - Processing file /home/airflow/.local/lib/python3.12/site-packages/airflow/example_dags/example_xcom.py for tasks to queue
[2025-03-17T23:24:09.756+0000] {logging_mixin.py:190} INFO - [2025-03-17T23:24:09.756+0000] {dagbag.py:588} INFO - Filling up the DagBag from /home/airflow/.local/lib/python3.12/site-packages/airflow/example_dags/example_xcom.py
[2025-03-17T23:24:09.760+0000] {processor.py:925} INFO - DAG(s) 'example_xcom' retrieved from /home/airflow/.local/lib/python3.12/site-packages/airflow/example_dags/example_xcom.py
[2025-03-17T23:24:09.770+0000] {logging_mixin.py:190} INFO - [2025-03-17T23:24:09.770+0000] {dag.py:3239} INFO - Sync 1 DAGs
[2025-03-17T23:24:09.780+0000] {logging_mixin.py:190} INFO - [2025-03-17T23:24:09.779+0000] {dag.py:4180} INFO - Setting next_dagrun for example_xcom to 2021-01-01 00:00:00+00:00, run_after=2021-01-01 00:00:00+00:00
[2025-03-17T23:24:09.787+0000] {processor.py:208} INFO - Processing /home/airflow/.local/lib/python3.12/site-packages/airflow/example_dags/example_xcom.py took 0.036 seconds
[2025-03-17T23:24:41.061+0000] {processor.py:186} INFO - Started process (PID=2117) to work on /home/airflow/.local/lib/python3.12/site-packages/airflow/example_dags/example_xcom.py
[2025-03-17T23:24:41.061+0000] {processor.py:914} INFO - Processing file /home/airflow/.local/lib/python3.12/site-packages/airflow/example_dags/example_xcom.py for tasks to queue
[2025-03-17T23:24:41.062+0000] {logging_mixin.py:190} INFO - [2025-03-17T23:24:41.062+0000] {dagbag.py:588} INFO - Filling up the DagBag from /home/airflow/.local/lib/python3.12/site-packages/airflow/example_dags/example_xcom.py
[2025-03-17T23:24:41.067+0000] {processor.py:925} INFO - DAG(s) 'example_xcom' retrieved from /home/airflow/.local/lib/python3.12/site-packages/airflow/example_dags/example_xcom.py
[2025-03-17T23:24:41.081+0000] {logging_mixin.py:190} INFO - [2025-03-17T23:24:41.081+0000] {dag.py:3239} INFO - Sync 1 DAGs
[2025-03-17T23:24:41.092+0000] {logging_mixin.py:190} INFO - [2025-03-17T23:24:41.092+0000] {dag.py:4180} INFO - Setting next_dagrun for example_xcom to 2021-01-01 00:00:00+00:00, run_after=2021-01-01 00:00:00+00:00
[2025-03-17T23:24:41.100+0000] {processor.py:208} INFO - Processing /home/airflow/.local/lib/python3.12/site-packages/airflow/example_dags/example_xcom.py took 0.042 seconds
[2025-03-17T23:25:12.497+0000] {processor.py:186} INFO - Started process (PID=2408) to work on /home/airflow/.local/lib/python3.12/site-packages/airflow/example_dags/example_xcom.py
[2025-03-17T23:25:12.498+0000] {processor.py:914} INFO - Processing file /home/airflow/.local/lib/python3.12/site-packages/airflow/example_dags/example_xcom.py for tasks to queue
[2025-03-17T23:25:12.501+0000] {logging_mixin.py:190} INFO - [2025-03-17T23:25:12.500+0000] {dagbag.py:588} INFO - Filling up the DagBag from /home/airflow/.local/lib/python3.12/site-packages/airflow/example_dags/example_xcom.py
[2025-03-17T23:25:12.508+0000] {processor.py:925} INFO - DAG(s) 'example_xcom' retrieved from /home/airflow/.local/lib/python3.12/site-packages/airflow/example_dags/example_xcom.py
[2025-03-17T23:25:12.524+0000] {logging_mixin.py:190} INFO - [2025-03-17T23:25:12.524+0000] {dag.py:3239} INFO - Sync 1 DAGs
[2025-03-17T23:25:12.541+0000] {logging_mixin.py:190} INFO - [2025-03-17T23:25:12.541+0000] {dag.py:4180} INFO - Setting next_dagrun for example_xcom to 2021-01-01 00:00:00+00:00, run_after=2021-01-01 00:00:00+00:00
[2025-03-17T23:25:12.554+0000] {processor.py:208} INFO - Processing /home/airflow/.local/lib/python3.12/site-packages/airflow/example_dags/example_xcom.py took 0.062 seconds
[2025-03-17T23:25:43.658+0000] {processor.py:186} INFO - Started process (PID=2699) to work on /home/airflow/.local/lib/python3.12/site-packages/airflow/example_dags/example_xcom.py
[2025-03-17T23:25:43.659+0000] {processor.py:914} INFO - Processing file /home/airflow/.local/lib/python3.12/site-packages/airflow/example_dags/example_xcom.py for tasks to queue
[2025-03-17T23:25:43.660+0000] {logging_mixin.py:190} INFO - [2025-03-17T23:25:43.660+0000] {dagbag.py:588} INFO - Filling up the DagBag from /home/airflow/.local/lib/python3.12/site-packages/airflow/example_dags/example_xcom.py
[2025-03-17T23:25:43.665+0000] {processor.py:925} INFO - DAG(s) 'example_xcom' retrieved from /home/airflow/.local/lib/python3.12/site-packages/airflow/example_dags/example_xcom.py
[2025-03-17T23:25:43.676+0000] {logging_mixin.py:190} INFO - [2025-03-17T23:25:43.675+0000] {dag.py:3239} INFO - Sync 1 DAGs
[2025-03-17T23:25:43.686+0000] {logging_mixin.py:190} INFO - [2025-03-17T23:25:43.686+0000] {dag.py:4180} INFO - Setting next_dagrun for example_xcom to 2021-01-01 00:00:00+00:00, run_after=2021-01-01 00:00:00+00:00
[2025-03-17T23:25:43.695+0000] {processor.py:208} INFO - Processing /home/airflow/.local/lib/python3.12/site-packages/airflow/example_dags/example_xcom.py took 0.040 seconds
[2025-03-17T23:26:14.633+0000] {processor.py:186} INFO - Started process (PID=2990) to work on /home/airflow/.local/lib/python3.12/site-packages/airflow/example_dags/example_xcom.py
[2025-03-17T23:26:14.634+0000] {processor.py:914} INFO - Processing file /home/airflow/.local/lib/python3.12/site-packages/airflow/example_dags/example_xcom.py for tasks to queue
[2025-03-17T23:26:14.635+0000] {logging_mixin.py:190} INFO - [2025-03-17T23:26:14.634+0000] {dagbag.py:588} INFO - Filling up the DagBag from /home/airflow/.local/lib/python3.12/site-packages/airflow/example_dags/example_xcom.py
[2025-03-17T23:26:14.639+0000] {processor.py:925} INFO - DAG(s) 'example_xcom' retrieved from /home/airflow/.local/lib/python3.12/site-packages/airflow/example_dags/example_xcom.py
[2025-03-17T23:26:14.649+0000] {logging_mixin.py:190} INFO - [2025-03-17T23:26:14.649+0000] {dag.py:3239} INFO - Sync 1 DAGs
[2025-03-17T23:26:14.659+0000] {logging_mixin.py:190} INFO - [2025-03-17T23:26:14.659+0000] {dag.py:4180} INFO - Setting next_dagrun for example_xcom to 2021-01-01 00:00:00+00:00, run_after=2021-01-01 00:00:00+00:00
[2025-03-17T23:26:14.668+0000] {processor.py:208} INFO - Processing /home/airflow/.local/lib/python3.12/site-packages/airflow/example_dags/example_xcom.py took 0.037 seconds
[2025-03-17T23:26:45.520+0000] {processor.py:186} INFO - Started process (PID=3281) to work on /home/airflow/.local/lib/python3.12/site-packages/airflow/example_dags/example_xcom.py
[2025-03-17T23:26:45.521+0000] {processor.py:914} INFO - Processing file /home/airflow/.local/lib/python3.12/site-packages/airflow/example_dags/example_xcom.py for tasks to queue
[2025-03-17T23:26:45.522+0000] {logging_mixin.py:190} INFO - [2025-03-17T23:26:45.522+0000] {dagbag.py:588} INFO - Filling up the DagBag from /home/airflow/.local/lib/python3.12/site-packages/airflow/example_dags/example_xcom.py
[2025-03-17T23:26:45.527+0000] {processor.py:925} INFO - DAG(s) 'example_xcom' retrieved from /home/airflow/.local/lib/python3.12/site-packages/airflow/example_dags/example_xcom.py
[2025-03-17T23:26:45.538+0000] {logging_mixin.py:190} INFO - [2025-03-17T23:26:45.538+0000] {dag.py:3239} INFO - Sync 1 DAGs
[2025-03-17T23:26:45.549+0000] {logging_mixin.py:190} INFO - [2025-03-17T23:26:45.549+0000] {dag.py:4180} INFO - Setting next_dagrun for example_xcom to 2021-01-01 00:00:00+00:00, run_after=2021-01-01 00:00:00+00:00
[2025-03-17T23:26:45.558+0000] {processor.py:208} INFO - Processing /home/airflow/.local/lib/python3.12/site-packages/airflow/example_dags/example_xcom.py took 0.041 seconds
[2025-03-17T23:27:16.502+0000] {processor.py:186} INFO - Started process (PID=3572) to work on /home/airflow/.local/lib/python3.12/site-packages/airflow/example_dags/example_xcom.py
[2025-03-17T23:27:16.502+0000] {processor.py:914} INFO - Processing file /home/airflow/.local/lib/python3.12/site-packages/airflow/example_dags/example_xcom.py for tasks to queue
[2025-03-17T23:27:16.503+0000] {logging_mixin.py:190} INFO - [2025-03-17T23:27:16.503+0000] {dagbag.py:588} INFO - Filling up the DagBag from /home/airflow/.local/lib/python3.12/site-packages/airflow/example_dags/example_xcom.py
[2025-03-17T23:27:16.507+0000] {processor.py:925} INFO - DAG(s) 'example_xcom' retrieved from /home/airflow/.local/lib/python3.12/site-packages/airflow/example_dags/example_xcom.py
[2025-03-17T23:27:16.517+0000] {logging_mixin.py:190} INFO - [2025-03-17T23:27:16.517+0000] {dag.py:3239} INFO - Sync 1 DAGs
[2025-03-17T23:27:16.527+0000] {logging_mixin.py:190} INFO - [2025-03-17T23:27:16.527+0000] {dag.py:4180} INFO - Setting next_dagrun for example_xcom to 2021-01-01 00:00:00+00:00, run_after=2021-01-01 00:00:00+00:00
[2025-03-17T23:27:16.536+0000] {processor.py:208} INFO - Processing /home/airflow/.local/lib/python3.12/site-packages/airflow/example_dags/example_xcom.py took 0.037 seconds
[2025-03-17T23:27:47.673+0000] {processor.py:186} INFO - Started process (PID=3863) to work on /home/airflow/.local/lib/python3.12/site-packages/airflow/example_dags/example_xcom.py
[2025-03-17T23:27:47.674+0000] {processor.py:914} INFO - Processing file /home/airflow/.local/lib/python3.12/site-packages/airflow/example_dags/example_xcom.py for tasks to queue
[2025-03-17T23:27:47.675+0000] {logging_mixin.py:190} INFO - [2025-03-17T23:27:47.675+0000] {dagbag.py:588} INFO - Filling up the DagBag from /home/airflow/.local/lib/python3.12/site-packages/airflow/example_dags/example_xcom.py
[2025-03-17T23:27:47.680+0000] {processor.py:925} INFO - DAG(s) 'example_xcom' retrieved from /home/airflow/.local/lib/python3.12/site-packages/airflow/example_dags/example_xcom.py
[2025-03-17T23:27:47.692+0000] {logging_mixin.py:190} INFO - [2025-03-17T23:27:47.692+0000] {dag.py:3239} INFO - Sync 1 DAGs
[2025-03-17T23:27:47.705+0000] {logging_mixin.py:190} INFO - [2025-03-17T23:27:47.705+0000] {dag.py:4180} INFO - Setting next_dagrun for example_xcom to 2021-01-01 00:00:00+00:00, run_after=2021-01-01 00:00:00+00:00
[2025-03-17T23:27:47.716+0000] {processor.py:208} INFO - Processing /home/airflow/.local/lib/python3.12/site-packages/airflow/example_dags/example_xcom.py took 0.046 seconds
[2025-03-17T23:28:18.046+0000] {processor.py:186} INFO - Started process (PID=4149) to work on /home/airflow/.local/lib/python3.12/site-packages/airflow/example_dags/example_xcom.py
[2025-03-17T23:28:18.047+0000] {processor.py:914} INFO - Processing file /home/airflow/.local/lib/python3.12/site-packages/airflow/example_dags/example_xcom.py for tasks to queue
[2025-03-17T23:28:18.048+0000] {logging_mixin.py:190} INFO - [2025-03-17T23:28:18.048+0000] {dagbag.py:588} INFO - Filling up the DagBag from /home/airflow/.local/lib/python3.12/site-packages/airflow/example_dags/example_xcom.py
[2025-03-17T23:28:18.053+0000] {processor.py:925} INFO - DAG(s) 'example_xcom' retrieved from /home/airflow/.local/lib/python3.12/site-packages/airflow/example_dags/example_xcom.py
[2025-03-17T23:28:18.065+0000] {logging_mixin.py:190} INFO - [2025-03-17T23:28:18.064+0000] {dag.py:3239} INFO - Sync 1 DAGs
[2025-03-17T23:28:18.089+0000] {logging_mixin.py:190} INFO - [2025-03-17T23:28:18.088+0000] {dag.py:4180} INFO - Setting next_dagrun for example_xcom to 2021-01-01 00:00:00+00:00, run_after=2021-01-01 00:00:00+00:00
[2025-03-17T23:28:18.105+0000] {processor.py:208} INFO - Processing /home/airflow/.local/lib/python3.12/site-packages/airflow/example_dags/example_xcom.py took 0.063 seconds
[2025-03-17T23:28:48.896+0000] {processor.py:186} INFO - Started process (PID=4445) to work on /home/airflow/.local/lib/python3.12/site-packages/airflow/example_dags/example_xcom.py
[2025-03-17T23:28:48.897+0000] {processor.py:914} INFO - Processing file /home/airflow/.local/lib/python3.12/site-packages/airflow/example_dags/example_xcom.py for tasks to queue
[2025-03-17T23:28:48.898+0000] {logging_mixin.py:190} INFO - [2025-03-17T23:28:48.897+0000] {dagbag.py:588} INFO - Filling up the DagBag from /home/airflow/.local/lib/python3.12/site-packages/airflow/example_dags/example_xcom.py
[2025-03-17T23:28:48.902+0000] {processor.py:925} INFO - DAG(s) 'example_xcom' retrieved from /home/airflow/.local/lib/python3.12/site-packages/airflow/example_dags/example_xcom.py
[2025-03-17T23:28:48.912+0000] {logging_mixin.py:190} INFO - [2025-03-17T23:28:48.911+0000] {dag.py:3239} INFO - Sync 1 DAGs
[2025-03-17T23:28:48.921+0000] {logging_mixin.py:190} INFO - [2025-03-17T23:28:48.921+0000] {dag.py:4180} INFO - Setting next_dagrun for example_xcom to 2021-01-01 00:00:00+00:00, run_after=2021-01-01 00:00:00+00:00
[2025-03-17T23:28:48.929+0000] {processor.py:208} INFO - Processing /home/airflow/.local/lib/python3.12/site-packages/airflow/example_dags/example_xcom.py took 0.035 seconds
[2025-03-17T23:29:19.540+0000] {processor.py:186} INFO - Started process (PID=4736) to work on /home/airflow/.local/lib/python3.12/site-packages/airflow/example_dags/example_xcom.py
[2025-03-17T23:29:19.541+0000] {processor.py:914} INFO - Processing file /home/airflow/.local/lib/python3.12/site-packages/airflow/example_dags/example_xcom.py for tasks to queue
[2025-03-17T23:29:19.542+0000] {logging_mixin.py:190} INFO - [2025-03-17T23:29:19.542+0000] {dagbag.py:588} INFO - Filling up the DagBag from /home/airflow/.local/lib/python3.12/site-packages/airflow/example_dags/example_xcom.py
[2025-03-17T23:29:19.547+0000] {processor.py:925} INFO - DAG(s) 'example_xcom' retrieved from /home/airflow/.local/lib/python3.12/site-packages/airflow/example_dags/example_xcom.py
[2025-03-17T23:29:19.557+0000] {logging_mixin.py:190} INFO - [2025-03-17T23:29:19.557+0000] {dag.py:3239} INFO - Sync 1 DAGs
[2025-03-17T23:29:19.569+0000] {logging_mixin.py:190} INFO - [2025-03-17T23:29:19.569+0000] {dag.py:4180} INFO - Setting next_dagrun for example_xcom to 2021-01-01 00:00:00+00:00, run_after=2021-01-01 00:00:00+00:00
[2025-03-17T23:29:19.577+0000] {processor.py:208} INFO - Processing /home/airflow/.local/lib/python3.12/site-packages/airflow/example_dags/example_xcom.py took 0.040 seconds
[2025-03-17T23:29:50.012+0000] {processor.py:186} INFO - Started process (PID=5022) to work on /home/airflow/.local/lib/python3.12/site-packages/airflow/example_dags/example_xcom.py
[2025-03-17T23:29:50.013+0000] {processor.py:914} INFO - Processing file /home/airflow/.local/lib/python3.12/site-packages/airflow/example_dags/example_xcom.py for tasks to queue
[2025-03-17T23:29:50.015+0000] {logging_mixin.py:190} INFO - [2025-03-17T23:29:50.015+0000] {dagbag.py:588} INFO - Filling up the DagBag from /home/airflow/.local/lib/python3.12/site-packages/airflow/example_dags/example_xcom.py
[2025-03-17T23:29:50.020+0000] {processor.py:925} INFO - DAG(s) 'example_xcom' retrieved from /home/airflow/.local/lib/python3.12/site-packages/airflow/example_dags/example_xcom.py
[2025-03-17T23:29:50.029+0000] {logging_mixin.py:190} INFO - [2025-03-17T23:29:50.029+0000] {dag.py:3239} INFO - Sync 1 DAGs
[2025-03-17T23:29:50.040+0000] {logging_mixin.py:190} INFO - [2025-03-17T23:29:50.040+0000] {dag.py:4180} INFO - Setting next_dagrun for example_xcom to 2021-01-01 00:00:00+00:00, run_after=2021-01-01 00:00:00+00:00
[2025-03-17T23:29:50.048+0000] {processor.py:208} INFO - Processing /home/airflow/.local/lib/python3.12/site-packages/airflow/example_dags/example_xcom.py took 0.038 seconds
[2025-03-17T23:30:20.632+0000] {processor.py:186} INFO - Started process (PID=5313) to work on /home/airflow/.local/lib/python3.12/site-packages/airflow/example_dags/example_xcom.py
[2025-03-17T23:30:20.633+0000] {processor.py:914} INFO - Processing file /home/airflow/.local/lib/python3.12/site-packages/airflow/example_dags/example_xcom.py for tasks to queue
[2025-03-17T23:30:20.634+0000] {logging_mixin.py:190} INFO - [2025-03-17T23:30:20.634+0000] {dagbag.py:588} INFO - Filling up the DagBag from /home/airflow/.local/lib/python3.12/site-packages/airflow/example_dags/example_xcom.py
[2025-03-17T23:30:20.639+0000] {processor.py:925} INFO - DAG(s) 'example_xcom' retrieved from /home/airflow/.local/lib/python3.12/site-packages/airflow/example_dags/example_xcom.py
[2025-03-17T23:30:20.651+0000] {logging_mixin.py:190} INFO - [2025-03-17T23:30:20.651+0000] {dag.py:3239} INFO - Sync 1 DAGs
[2025-03-17T23:30:20.661+0000] {logging_mixin.py:190} INFO - [2025-03-17T23:30:20.661+0000] {dag.py:4180} INFO - Setting next_dagrun for example_xcom to 2021-01-01 00:00:00+00:00, run_after=2021-01-01 00:00:00+00:00
[2025-03-17T23:30:20.671+0000] {processor.py:208} INFO - Processing /home/airflow/.local/lib/python3.12/site-packages/airflow/example_dags/example_xcom.py took 0.042 seconds
[2025-03-17T23:30:51.234+0000] {processor.py:186} INFO - Started process (PID=5604) to work on /home/airflow/.local/lib/python3.12/site-packages/airflow/example_dags/example_xcom.py
[2025-03-17T23:30:51.234+0000] {processor.py:914} INFO - Processing file /home/airflow/.local/lib/python3.12/site-packages/airflow/example_dags/example_xcom.py for tasks to queue
[2025-03-17T23:30:51.235+0000] {logging_mixin.py:190} INFO - [2025-03-17T23:30:51.235+0000] {dagbag.py:588} INFO - Filling up the DagBag from /home/airflow/.local/lib/python3.12/site-packages/airflow/example_dags/example_xcom.py
[2025-03-17T23:30:51.240+0000] {processor.py:925} INFO - DAG(s) 'example_xcom' retrieved from /home/airflow/.local/lib/python3.12/site-packages/airflow/example_dags/example_xcom.py
[2025-03-17T23:30:51.251+0000] {logging_mixin.py:190} INFO - [2025-03-17T23:30:51.251+0000] {dag.py:3239} INFO - Sync 1 DAGs
[2025-03-17T23:30:51.261+0000] {logging_mixin.py:190} INFO - [2025-03-17T23:30:51.261+0000] {dag.py:4180} INFO - Setting next_dagrun for example_xcom to 2021-01-01 00:00:00+00:00, run_after=2021-01-01 00:00:00+00:00
[2025-03-17T23:30:51.270+0000] {processor.py:208} INFO - Processing /home/airflow/.local/lib/python3.12/site-packages/airflow/example_dags/example_xcom.py took 0.039 seconds
[2025-03-17T23:31:21.775+0000] {processor.py:186} INFO - Started process (PID=5895) to work on /home/airflow/.local/lib/python3.12/site-packages/airflow/example_dags/example_xcom.py
[2025-03-17T23:31:21.776+0000] {processor.py:914} INFO - Processing file /home/airflow/.local/lib/python3.12/site-packages/airflow/example_dags/example_xcom.py for tasks to queue
[2025-03-17T23:31:21.777+0000] {logging_mixin.py:190} INFO - [2025-03-17T23:31:21.776+0000] {dagbag.py:588} INFO - Filling up the DagBag from /home/airflow/.local/lib/python3.12/site-packages/airflow/example_dags/example_xcom.py
[2025-03-17T23:31:21.781+0000] {processor.py:925} INFO - DAG(s) 'example_xcom' retrieved from /home/airflow/.local/lib/python3.12/site-packages/airflow/example_dags/example_xcom.py
[2025-03-17T23:31:21.792+0000] {logging_mixin.py:190} INFO - [2025-03-17T23:31:21.792+0000] {dag.py:3239} INFO - Sync 1 DAGs
[2025-03-17T23:31:21.804+0000] {logging_mixin.py:190} INFO - [2025-03-17T23:31:21.804+0000] {dag.py:4180} INFO - Setting next_dagrun for example_xcom to 2021-01-01 00:00:00+00:00, run_after=2021-01-01 00:00:00+00:00
[2025-03-17T23:31:21.813+0000] {processor.py:208} INFO - Processing /home/airflow/.local/lib/python3.12/site-packages/airflow/example_dags/example_xcom.py took 0.041 seconds
[2025-03-17T23:31:52.295+0000] {processor.py:186} INFO - Started process (PID=6186) to work on /home/airflow/.local/lib/python3.12/site-packages/airflow/example_dags/example_xcom.py
[2025-03-17T23:31:52.296+0000] {processor.py:914} INFO - Processing file /home/airflow/.local/lib/python3.12/site-packages/airflow/example_dags/example_xcom.py for tasks to queue
[2025-03-17T23:31:52.297+0000] {logging_mixin.py:190} INFO - [2025-03-17T23:31:52.297+0000] {dagbag.py:588} INFO - Filling up the DagBag from /home/airflow/.local/lib/python3.12/site-packages/airflow/example_dags/example_xcom.py
[2025-03-17T23:31:52.302+0000] {processor.py:925} INFO - DAG(s) 'example_xcom' retrieved from /home/airflow/.local/lib/python3.12/site-packages/airflow/example_dags/example_xcom.py
[2025-03-17T23:31:52.312+0000] {logging_mixin.py:190} INFO - [2025-03-17T23:31:52.311+0000] {dag.py:3239} INFO - Sync 1 DAGs
[2025-03-17T23:31:52.326+0000] {logging_mixin.py:190} INFO - [2025-03-17T23:31:52.326+0000] {dag.py:4180} INFO - Setting next_dagrun for example_xcom to 2021-01-01 00:00:00+00:00, run_after=2021-01-01 00:00:00+00:00
[2025-03-17T23:31:52.334+0000] {processor.py:208} INFO - Processing /home/airflow/.local/lib/python3.12/site-packages/airflow/example_dags/example_xcom.py took 0.042 seconds
[2025-03-17T23:32:22.851+0000] {processor.py:186} INFO - Started process (PID=6477) to work on /home/airflow/.local/lib/python3.12/site-packages/airflow/example_dags/example_xcom.py
[2025-03-17T23:32:22.851+0000] {processor.py:914} INFO - Processing file /home/airflow/.local/lib/python3.12/site-packages/airflow/example_dags/example_xcom.py for tasks to queue
[2025-03-17T23:32:22.852+0000] {logging_mixin.py:190} INFO - [2025-03-17T23:32:22.852+0000] {dagbag.py:588} INFO - Filling up the DagBag from /home/airflow/.local/lib/python3.12/site-packages/airflow/example_dags/example_xcom.py
[2025-03-17T23:32:22.857+0000] {processor.py:925} INFO - DAG(s) 'example_xcom' retrieved from /home/airflow/.local/lib/python3.12/site-packages/airflow/example_dags/example_xcom.py
[2025-03-17T23:32:22.866+0000] {logging_mixin.py:190} INFO - [2025-03-17T23:32:22.866+0000] {dag.py:3239} INFO - Sync 1 DAGs
[2025-03-17T23:32:22.877+0000] {logging_mixin.py:190} INFO - [2025-03-17T23:32:22.877+0000] {dag.py:4180} INFO - Setting next_dagrun for example_xcom to 2021-01-01 00:00:00+00:00, run_after=2021-01-01 00:00:00+00:00
[2025-03-17T23:32:22.886+0000] {processor.py:208} INFO - Processing /home/airflow/.local/lib/python3.12/site-packages/airflow/example_dags/example_xcom.py took 0.038 seconds
[2025-03-17T23:32:53.535+0000] {processor.py:186} INFO - Started process (PID=6768) to work on /home/airflow/.local/lib/python3.12/site-packages/airflow/example_dags/example_xcom.py
[2025-03-17T23:32:53.536+0000] {processor.py:914} INFO - Processing file /home/airflow/.local/lib/python3.12/site-packages/airflow/example_dags/example_xcom.py for tasks to queue
[2025-03-17T23:32:53.538+0000] {logging_mixin.py:190} INFO - [2025-03-17T23:32:53.537+0000] {dagbag.py:588} INFO - Filling up the DagBag from /home/airflow/.local/lib/python3.12/site-packages/airflow/example_dags/example_xcom.py
[2025-03-17T23:32:53.542+0000] {processor.py:925} INFO - DAG(s) 'example_xcom' retrieved from /home/airflow/.local/lib/python3.12/site-packages/airflow/example_dags/example_xcom.py
[2025-03-17T23:32:53.551+0000] {logging_mixin.py:190} INFO - [2025-03-17T23:32:53.551+0000] {dag.py:3239} INFO - Sync 1 DAGs
[2025-03-17T23:32:53.563+0000] {logging_mixin.py:190} INFO - [2025-03-17T23:32:53.562+0000] {dag.py:4180} INFO - Setting next_dagrun for example_xcom to 2021-01-01 00:00:00+00:00, run_after=2021-01-01 00:00:00+00:00
[2025-03-17T23:32:53.571+0000] {processor.py:208} INFO - Processing /home/airflow/.local/lib/python3.12/site-packages/airflow/example_dags/example_xcom.py took 0.039 seconds
[2025-03-17T23:33:24.212+0000] {processor.py:186} INFO - Started process (PID=7059) to work on /home/airflow/.local/lib/python3.12/site-packages/airflow/example_dags/example_xcom.py
[2025-03-17T23:33:24.212+0000] {processor.py:914} INFO - Processing file /home/airflow/.local/lib/python3.12/site-packages/airflow/example_dags/example_xcom.py for tasks to queue
[2025-03-17T23:33:24.214+0000] {logging_mixin.py:190} INFO - [2025-03-17T23:33:24.213+0000] {dagbag.py:588} INFO - Filling up the DagBag from /home/airflow/.local/lib/python3.12/site-packages/airflow/example_dags/example_xcom.py
[2025-03-17T23:33:24.219+0000] {processor.py:925} INFO - DAG(s) 'example_xcom' retrieved from /home/airflow/.local/lib/python3.12/site-packages/airflow/example_dags/example_xcom.py
[2025-03-17T23:33:24.230+0000] {logging_mixin.py:190} INFO - [2025-03-17T23:33:24.230+0000] {dag.py:3239} INFO - Sync 1 DAGs
[2025-03-17T23:33:24.241+0000] {logging_mixin.py:190} INFO - [2025-03-17T23:33:24.241+0000] {dag.py:4180} INFO - Setting next_dagrun for example_xcom to 2021-01-01 00:00:00+00:00, run_after=2021-01-01 00:00:00+00:00
[2025-03-17T23:33:24.250+0000] {processor.py:208} INFO - Processing /home/airflow/.local/lib/python3.12/site-packages/airflow/example_dags/example_xcom.py took 0.041 seconds
[2025-03-17T23:33:55.270+0000] {processor.py:186} INFO - Started process (PID=7355) to work on /home/airflow/.local/lib/python3.12/site-packages/airflow/example_dags/example_xcom.py
[2025-03-17T23:33:55.271+0000] {processor.py:914} INFO - Processing file /home/airflow/.local/lib/python3.12/site-packages/airflow/example_dags/example_xcom.py for tasks to queue
[2025-03-17T23:33:55.272+0000] {logging_mixin.py:190} INFO - [2025-03-17T23:33:55.272+0000] {dagbag.py:588} INFO - Filling up the DagBag from /home/airflow/.local/lib/python3.12/site-packages/airflow/example_dags/example_xcom.py
[2025-03-17T23:33:55.277+0000] {processor.py:925} INFO - DAG(s) 'example_xcom' retrieved from /home/airflow/.local/lib/python3.12/site-packages/airflow/example_dags/example_xcom.py
[2025-03-17T23:33:55.288+0000] {logging_mixin.py:190} INFO - [2025-03-17T23:33:55.288+0000] {dag.py:3239} INFO - Sync 1 DAGs
[2025-03-17T23:33:55.298+0000] {logging_mixin.py:190} INFO - [2025-03-17T23:33:55.298+0000] {dag.py:4180} INFO - Setting next_dagrun for example_xcom to 2021-01-01 00:00:00+00:00, run_after=2021-01-01 00:00:00+00:00
[2025-03-17T23:33:55.307+0000] {processor.py:208} INFO - Processing /home/airflow/.local/lib/python3.12/site-packages/airflow/example_dags/example_xcom.py took 0.040 seconds
[2025-03-17T23:34:26.200+0000] {processor.py:186} INFO - Started process (PID=7646) to work on /home/airflow/.local/lib/python3.12/site-packages/airflow/example_dags/example_xcom.py
[2025-03-17T23:34:26.200+0000] {processor.py:914} INFO - Processing file /home/airflow/.local/lib/python3.12/site-packages/airflow/example_dags/example_xcom.py for tasks to queue
[2025-03-17T23:34:26.202+0000] {logging_mixin.py:190} INFO - [2025-03-17T23:34:26.202+0000] {dagbag.py:588} INFO - Filling up the DagBag from /home/airflow/.local/lib/python3.12/site-packages/airflow/example_dags/example_xcom.py
[2025-03-17T23:34:26.207+0000] {processor.py:925} INFO - DAG(s) 'example_xcom' retrieved from /home/airflow/.local/lib/python3.12/site-packages/airflow/example_dags/example_xcom.py
[2025-03-17T23:34:26.218+0000] {logging_mixin.py:190} INFO - [2025-03-17T23:34:26.218+0000] {dag.py:3239} INFO - Sync 1 DAGs
[2025-03-17T23:34:26.230+0000] {logging_mixin.py:190} INFO - [2025-03-17T23:34:26.230+0000] {dag.py:4180} INFO - Setting next_dagrun for example_xcom to 2021-01-01 00:00:00+00:00, run_after=2021-01-01 00:00:00+00:00
[2025-03-17T23:34:26.240+0000] {processor.py:208} INFO - Processing /home/airflow/.local/lib/python3.12/site-packages/airflow/example_dags/example_xcom.py took 0.044 seconds
[2025-03-17T23:34:57.400+0000] {processor.py:186} INFO - Started process (PID=7976) to work on /home/airflow/.local/lib/python3.12/site-packages/airflow/example_dags/example_xcom.py
[2025-03-17T23:34:57.401+0000] {processor.py:914} INFO - Processing file /home/airflow/.local/lib/python3.12/site-packages/airflow/example_dags/example_xcom.py for tasks to queue
[2025-03-17T23:34:57.402+0000] {logging_mixin.py:190} INFO - [2025-03-17T23:34:57.402+0000] {dagbag.py:588} INFO - Filling up the DagBag from /home/airflow/.local/lib/python3.12/site-packages/airflow/example_dags/example_xcom.py
[2025-03-17T23:34:57.407+0000] {processor.py:925} INFO - DAG(s) 'example_xcom' retrieved from /home/airflow/.local/lib/python3.12/site-packages/airflow/example_dags/example_xcom.py
[2025-03-17T23:34:57.418+0000] {logging_mixin.py:190} INFO - [2025-03-17T23:34:57.418+0000] {dag.py:3239} INFO - Sync 1 DAGs
[2025-03-17T23:34:57.429+0000] {logging_mixin.py:190} INFO - [2025-03-17T23:34:57.429+0000] {dag.py:4180} INFO - Setting next_dagrun for example_xcom to 2021-01-01 00:00:00+00:00, run_after=2021-01-01 00:00:00+00:00
[2025-03-17T23:34:57.437+0000] {processor.py:208} INFO - Processing /home/airflow/.local/lib/python3.12/site-packages/airflow/example_dags/example_xcom.py took 0.041 seconds
[2025-03-17T23:35:28.287+0000] {processor.py:186} INFO - Started process (PID=8267) to work on /home/airflow/.local/lib/python3.12/site-packages/airflow/example_dags/example_xcom.py
[2025-03-17T23:35:28.288+0000] {processor.py:914} INFO - Processing file /home/airflow/.local/lib/python3.12/site-packages/airflow/example_dags/example_xcom.py for tasks to queue
[2025-03-17T23:35:28.289+0000] {logging_mixin.py:190} INFO - [2025-03-17T23:35:28.289+0000] {dagbag.py:588} INFO - Filling up the DagBag from /home/airflow/.local/lib/python3.12/site-packages/airflow/example_dags/example_xcom.py
[2025-03-17T23:35:28.294+0000] {processor.py:925} INFO - DAG(s) 'example_xcom' retrieved from /home/airflow/.local/lib/python3.12/site-packages/airflow/example_dags/example_xcom.py
[2025-03-17T23:35:28.305+0000] {logging_mixin.py:190} INFO - [2025-03-17T23:35:28.304+0000] {dag.py:3239} INFO - Sync 1 DAGs
[2025-03-17T23:35:28.316+0000] {logging_mixin.py:190} INFO - [2025-03-17T23:35:28.316+0000] {dag.py:4180} INFO - Setting next_dagrun for example_xcom to 2021-01-01 00:00:00+00:00, run_after=2021-01-01 00:00:00+00:00
[2025-03-17T23:35:28.325+0000] {processor.py:208} INFO - Processing /home/airflow/.local/lib/python3.12/site-packages/airflow/example_dags/example_xcom.py took 0.041 seconds
[2025-03-17T23:35:59.442+0000] {processor.py:186} INFO - Started process (PID=8558) to work on /home/airflow/.local/lib/python3.12/site-packages/airflow/example_dags/example_xcom.py
[2025-03-17T23:35:59.443+0000] {processor.py:914} INFO - Processing file /home/airflow/.local/lib/python3.12/site-packages/airflow/example_dags/example_xcom.py for tasks to queue
[2025-03-17T23:35:59.445+0000] {logging_mixin.py:190} INFO - [2025-03-17T23:35:59.445+0000] {dagbag.py:588} INFO - Filling up the DagBag from /home/airflow/.local/lib/python3.12/site-packages/airflow/example_dags/example_xcom.py
[2025-03-17T23:35:59.451+0000] {processor.py:925} INFO - DAG(s) 'example_xcom' retrieved from /home/airflow/.local/lib/python3.12/site-packages/airflow/example_dags/example_xcom.py
[2025-03-17T23:35:59.470+0000] {logging_mixin.py:190} INFO - [2025-03-17T23:35:59.470+0000] {dag.py:3239} INFO - Sync 1 DAGs
[2025-03-17T23:35:59.488+0000] {logging_mixin.py:190} INFO - [2025-03-17T23:35:59.488+0000] {dag.py:4180} INFO - Setting next_dagrun for example_xcom to 2021-01-01 00:00:00+00:00, run_after=2021-01-01 00:00:00+00:00
[2025-03-17T23:35:59.507+0000] {processor.py:208} INFO - Processing /home/airflow/.local/lib/python3.12/site-packages/airflow/example_dags/example_xcom.py took 0.069 seconds
[2025-03-17T23:36:30.740+0000] {processor.py:186} INFO - Started process (PID=8849) to work on /home/airflow/.local/lib/python3.12/site-packages/airflow/example_dags/example_xcom.py
[2025-03-17T23:36:30.740+0000] {processor.py:914} INFO - Processing file /home/airflow/.local/lib/python3.12/site-packages/airflow/example_dags/example_xcom.py for tasks to queue
[2025-03-17T23:36:30.741+0000] {logging_mixin.py:190} INFO - [2025-03-17T23:36:30.741+0000] {dagbag.py:588} INFO - Filling up the DagBag from /home/airflow/.local/lib/python3.12/site-packages/airflow/example_dags/example_xcom.py
[2025-03-17T23:36:30.746+0000] {processor.py:925} INFO - DAG(s) 'example_xcom' retrieved from /home/airflow/.local/lib/python3.12/site-packages/airflow/example_dags/example_xcom.py
[2025-03-17T23:36:30.756+0000] {logging_mixin.py:190} INFO - [2025-03-17T23:36:30.756+0000] {dag.py:3239} INFO - Sync 1 DAGs
[2025-03-17T23:36:30.767+0000] {logging_mixin.py:190} INFO - [2025-03-17T23:36:30.767+0000] {dag.py:4180} INFO - Setting next_dagrun for example_xcom to 2021-01-01 00:00:00+00:00, run_after=2021-01-01 00:00:00+00:00
[2025-03-17T23:36:30.775+0000] {processor.py:208} INFO - Processing /home/airflow/.local/lib/python3.12/site-packages/airflow/example_dags/example_xcom.py took 0.038 seconds
[2025-03-17T23:37:02.144+0000] {processor.py:186} INFO - Started process (PID=9140) to work on /home/airflow/.local/lib/python3.12/site-packages/airflow/example_dags/example_xcom.py
[2025-03-17T23:37:02.145+0000] {processor.py:914} INFO - Processing file /home/airflow/.local/lib/python3.12/site-packages/airflow/example_dags/example_xcom.py for tasks to queue
[2025-03-17T23:37:02.146+0000] {logging_mixin.py:190} INFO - [2025-03-17T23:37:02.146+0000] {dagbag.py:588} INFO - Filling up the DagBag from /home/airflow/.local/lib/python3.12/site-packages/airflow/example_dags/example_xcom.py
[2025-03-17T23:37:02.150+0000] {processor.py:925} INFO - DAG(s) 'example_xcom' retrieved from /home/airflow/.local/lib/python3.12/site-packages/airflow/example_dags/example_xcom.py
[2025-03-17T23:37:02.160+0000] {logging_mixin.py:190} INFO - [2025-03-17T23:37:02.160+0000] {dag.py:3239} INFO - Sync 1 DAGs
[2025-03-17T23:37:02.170+0000] {logging_mixin.py:190} INFO - [2025-03-17T23:37:02.170+0000] {dag.py:4180} INFO - Setting next_dagrun for example_xcom to 2021-01-01 00:00:00+00:00, run_after=2021-01-01 00:00:00+00:00
[2025-03-17T23:37:02.177+0000] {processor.py:208} INFO - Processing /home/airflow/.local/lib/python3.12/site-packages/airflow/example_dags/example_xcom.py took 0.036 seconds
[2025-03-17T23:37:33.687+0000] {processor.py:186} INFO - Started process (PID=9434) to work on /home/airflow/.local/lib/python3.12/site-packages/airflow/example_dags/example_xcom.py
[2025-03-17T23:37:33.688+0000] {processor.py:914} INFO - Processing file /home/airflow/.local/lib/python3.12/site-packages/airflow/example_dags/example_xcom.py for tasks to queue
[2025-03-17T23:37:33.689+0000] {logging_mixin.py:190} INFO - [2025-03-17T23:37:33.689+0000] {dagbag.py:588} INFO - Filling up the DagBag from /home/airflow/.local/lib/python3.12/site-packages/airflow/example_dags/example_xcom.py
[2025-03-17T23:37:33.695+0000] {processor.py:925} INFO - DAG(s) 'example_xcom' retrieved from /home/airflow/.local/lib/python3.12/site-packages/airflow/example_dags/example_xcom.py
[2025-03-17T23:37:33.707+0000] {logging_mixin.py:190} INFO - [2025-03-17T23:37:33.707+0000] {dag.py:3239} INFO - Sync 1 DAGs
[2025-03-17T23:37:33.720+0000] {logging_mixin.py:190} INFO - [2025-03-17T23:37:33.720+0000] {dag.py:4180} INFO - Setting next_dagrun for example_xcom to 2021-01-01 00:00:00+00:00, run_after=2021-01-01 00:00:00+00:00
[2025-03-17T23:37:33.735+0000] {processor.py:208} INFO - Processing /home/airflow/.local/lib/python3.12/site-packages/airflow/example_dags/example_xcom.py took 0.051 seconds
