[2025-03-17T23:21:31.557+0000] {processor.py:186} INFO - Started process (PID=212) to work on /home/airflow/.local/lib/python3.12/site-packages/airflow/example_dags/example_params_ui_tutorial.py
[2025-03-17T23:21:31.558+0000] {processor.py:914} INFO - Processing file /home/airflow/.local/lib/python3.12/site-packages/airflow/example_dags/example_params_ui_tutorial.py for tasks to queue
[2025-03-17T23:21:31.560+0000] {logging_mixin.py:190} INFO - [2025-03-17T23:21:31.560+0000] {dagbag.py:588} INFO - Filling up the DagBag from /home/airflow/.local/lib/python3.12/site-packages/airflow/example_dags/example_params_ui_tutorial.py
[2025-03-17T23:21:31.568+0000] {processor.py:925} INFO - DAG(s) 'example_params_ui_tutorial' retrieved from /home/airflow/.local/lib/python3.12/site-packages/airflow/example_dags/example_params_ui_tutorial.py
[2025-03-17T23:21:31.657+0000] {logging_mixin.py:190} INFO - [2025-03-17T23:21:31.656+0000] {override.py:1912} INFO - Created Permission View: can edit on DAG:example_params_ui_tutorial
[2025-03-17T23:21:31.669+0000] {logging_mixin.py:190} INFO - [2025-03-17T23:21:31.668+0000] {override.py:1912} INFO - Created Permission View: can read on DAG:example_params_ui_tutorial
[2025-03-17T23:21:31.676+0000] {logging_mixin.py:190} INFO - [2025-03-17T23:21:31.675+0000] {override.py:1912} INFO - Created Permission View: can delete on DAG:example_params_ui_tutorial
[2025-03-17T23:21:31.683+0000] {logging_mixin.py:190} INFO - [2025-03-17T23:21:31.682+0000] {override.py:1912} INFO - Created Permission View: can create on DAG Run:example_params_ui_tutorial
[2025-03-17T23:21:31.687+0000] {logging_mixin.py:190} INFO - [2025-03-17T23:21:31.686+0000] {override.py:1912} INFO - Created Permission View: menu access on DAG Run:example_params_ui_tutorial
[2025-03-17T23:21:31.700+0000] {logging_mixin.py:190} INFO - [2025-03-17T23:21:31.699+0000] {override.py:1912} INFO - Created Permission View: can read on DAG Run:example_params_ui_tutorial
[2025-03-17T23:21:31.716+0000] {logging_mixin.py:190} INFO - [2025-03-17T23:21:31.716+0000] {override.py:1912} INFO - Created Permission View: can delete on DAG Run:example_params_ui_tutorial
[2025-03-17T23:21:31.717+0000] {logging_mixin.py:190} INFO - [2025-03-17T23:21:31.717+0000] {dag.py:3239} INFO - Sync 1 DAGs
[2025-03-17T23:21:31.736+0000] {logging_mixin.py:190} INFO - [2025-03-17T23:21:31.736+0000] {dag.py:3262} INFO - Creating ORM DAG for example_params_ui_tutorial
[2025-03-17T23:21:31.738+0000] {logging_mixin.py:190} INFO - [2025-03-17T23:21:31.737+0000] {dag.py:4180} INFO - Setting next_dagrun for example_params_ui_tutorial to None, run_after=None
[2025-03-17T23:21:31.765+0000] {processor.py:208} INFO - Processing /home/airflow/.local/lib/python3.12/site-packages/airflow/example_dags/example_params_ui_tutorial.py took 0.213 seconds
[2025-03-17T23:22:01.975+0000] {processor.py:186} INFO - Started process (PID=503) to work on /home/airflow/.local/lib/python3.12/site-packages/airflow/example_dags/example_params_ui_tutorial.py
[2025-03-17T23:22:01.976+0000] {processor.py:914} INFO - Processing file /home/airflow/.local/lib/python3.12/site-packages/airflow/example_dags/example_params_ui_tutorial.py for tasks to queue
[2025-03-17T23:22:01.977+0000] {logging_mixin.py:190} INFO - [2025-03-17T23:22:01.977+0000] {dagbag.py:588} INFO - Filling up the DagBag from /home/airflow/.local/lib/python3.12/site-packages/airflow/example_dags/example_params_ui_tutorial.py
[2025-03-17T23:22:01.982+0000] {processor.py:925} INFO - DAG(s) 'example_params_ui_tutorial' retrieved from /home/airflow/.local/lib/python3.12/site-packages/airflow/example_dags/example_params_ui_tutorial.py
[2025-03-17T23:22:02.000+0000] {logging_mixin.py:190} INFO - [2025-03-17T23:22:02.000+0000] {dag.py:3239} INFO - Sync 1 DAGs
[2025-03-17T23:22:02.006+0000] {logging_mixin.py:190} INFO - [2025-03-17T23:22:02.006+0000] {dag.py:4180} INFO - Setting next_dagrun for example_params_ui_tutorial to None, run_after=None
[2025-03-17T23:22:02.014+0000] {processor.py:208} INFO - Processing /home/airflow/.local/lib/python3.12/site-packages/airflow/example_dags/example_params_ui_tutorial.py took 0.042 seconds
[2025-03-17T23:22:32.140+0000] {processor.py:186} INFO - Started process (PID=794) to work on /home/airflow/.local/lib/python3.12/site-packages/airflow/example_dags/example_params_ui_tutorial.py
[2025-03-17T23:22:32.141+0000] {processor.py:914} INFO - Processing file /home/airflow/.local/lib/python3.12/site-packages/airflow/example_dags/example_params_ui_tutorial.py for tasks to queue
[2025-03-17T23:22:32.142+0000] {logging_mixin.py:190} INFO - [2025-03-17T23:22:32.142+0000] {dagbag.py:588} INFO - Filling up the DagBag from /home/airflow/.local/lib/python3.12/site-packages/airflow/example_dags/example_params_ui_tutorial.py
[2025-03-17T23:22:32.147+0000] {processor.py:925} INFO - DAG(s) 'example_params_ui_tutorial' retrieved from /home/airflow/.local/lib/python3.12/site-packages/airflow/example_dags/example_params_ui_tutorial.py
[2025-03-17T23:22:32.170+0000] {logging_mixin.py:190} INFO - [2025-03-17T23:22:32.170+0000] {dag.py:3239} INFO - Sync 1 DAGs
[2025-03-17T23:22:32.178+0000] {logging_mixin.py:190} INFO - [2025-03-17T23:22:32.178+0000] {dag.py:4180} INFO - Setting next_dagrun for example_params_ui_tutorial to None, run_after=None
[2025-03-17T23:22:32.188+0000] {processor.py:208} INFO - Processing /home/airflow/.local/lib/python3.12/site-packages/airflow/example_dags/example_params_ui_tutorial.py took 0.051 seconds
[2025-03-17T23:23:03.205+0000] {processor.py:186} INFO - Started process (PID=1085) to work on /home/airflow/.local/lib/python3.12/site-packages/airflow/example_dags/example_params_ui_tutorial.py
[2025-03-17T23:23:03.206+0000] {processor.py:914} INFO - Processing file /home/airflow/.local/lib/python3.12/site-packages/airflow/example_dags/example_params_ui_tutorial.py for tasks to queue
[2025-03-17T23:23:03.207+0000] {logging_mixin.py:190} INFO - [2025-03-17T23:23:03.207+0000] {dagbag.py:588} INFO - Filling up the DagBag from /home/airflow/.local/lib/python3.12/site-packages/airflow/example_dags/example_params_ui_tutorial.py
[2025-03-17T23:23:03.211+0000] {processor.py:925} INFO - DAG(s) 'example_params_ui_tutorial' retrieved from /home/airflow/.local/lib/python3.12/site-packages/airflow/example_dags/example_params_ui_tutorial.py
[2025-03-17T23:23:03.238+0000] {logging_mixin.py:190} INFO - [2025-03-17T23:23:03.238+0000] {dag.py:3239} INFO - Sync 1 DAGs
[2025-03-17T23:23:03.245+0000] {logging_mixin.py:190} INFO - [2025-03-17T23:23:03.245+0000] {dag.py:4180} INFO - Setting next_dagrun for example_params_ui_tutorial to None, run_after=None
[2025-03-17T23:23:03.253+0000] {processor.py:208} INFO - Processing /home/airflow/.local/lib/python3.12/site-packages/airflow/example_dags/example_params_ui_tutorial.py took 0.051 seconds
[2025-03-17T23:23:34.189+0000] {processor.py:186} INFO - Started process (PID=1376) to work on /home/airflow/.local/lib/python3.12/site-packages/airflow/example_dags/example_params_ui_tutorial.py
[2025-03-17T23:23:34.189+0000] {processor.py:914} INFO - Processing file /home/airflow/.local/lib/python3.12/site-packages/airflow/example_dags/example_params_ui_tutorial.py for tasks to queue
[2025-03-17T23:23:34.191+0000] {logging_mixin.py:190} INFO - [2025-03-17T23:23:34.191+0000] {dagbag.py:588} INFO - Filling up the DagBag from /home/airflow/.local/lib/python3.12/site-packages/airflow/example_dags/example_params_ui_tutorial.py
[2025-03-17T23:23:34.196+0000] {processor.py:925} INFO - DAG(s) 'example_params_ui_tutorial' retrieved from /home/airflow/.local/lib/python3.12/site-packages/airflow/example_dags/example_params_ui_tutorial.py
[2025-03-17T23:23:34.217+0000] {logging_mixin.py:190} INFO - [2025-03-17T23:23:34.216+0000] {dag.py:3239} INFO - Sync 1 DAGs
[2025-03-17T23:23:34.225+0000] {logging_mixin.py:190} INFO - [2025-03-17T23:23:34.225+0000] {dag.py:4180} INFO - Setting next_dagrun for example_params_ui_tutorial to None, run_after=None
[2025-03-17T23:23:34.237+0000] {processor.py:208} INFO - Processing /home/airflow/.local/lib/python3.12/site-packages/airflow/example_dags/example_params_ui_tutorial.py took 0.052 seconds
[2025-03-17T23:24:04.315+0000] {processor.py:186} INFO - Started process (PID=1667) to work on /home/airflow/.local/lib/python3.12/site-packages/airflow/example_dags/example_params_ui_tutorial.py
[2025-03-17T23:24:04.315+0000] {processor.py:914} INFO - Processing file /home/airflow/.local/lib/python3.12/site-packages/airflow/example_dags/example_params_ui_tutorial.py for tasks to queue
[2025-03-17T23:24:04.316+0000] {logging_mixin.py:190} INFO - [2025-03-17T23:24:04.316+0000] {dagbag.py:588} INFO - Filling up the DagBag from /home/airflow/.local/lib/python3.12/site-packages/airflow/example_dags/example_params_ui_tutorial.py
[2025-03-17T23:24:04.321+0000] {processor.py:925} INFO - DAG(s) 'example_params_ui_tutorial' retrieved from /home/airflow/.local/lib/python3.12/site-packages/airflow/example_dags/example_params_ui_tutorial.py
[2025-03-17T23:24:04.340+0000] {logging_mixin.py:190} INFO - [2025-03-17T23:24:04.340+0000] {dag.py:3239} INFO - Sync 1 DAGs
[2025-03-17T23:24:04.347+0000] {logging_mixin.py:190} INFO - [2025-03-17T23:24:04.347+0000] {dag.py:4180} INFO - Setting next_dagrun for example_params_ui_tutorial to None, run_after=None
[2025-03-17T23:24:04.355+0000] {processor.py:208} INFO - Processing /home/airflow/.local/lib/python3.12/site-packages/airflow/example_dags/example_params_ui_tutorial.py took 0.043 seconds
[2025-03-17T23:24:35.328+0000] {processor.py:186} INFO - Started process (PID=1957) to work on /home/airflow/.local/lib/python3.12/site-packages/airflow/example_dags/example_params_ui_tutorial.py
[2025-03-17T23:24:35.328+0000] {processor.py:914} INFO - Processing file /home/airflow/.local/lib/python3.12/site-packages/airflow/example_dags/example_params_ui_tutorial.py for tasks to queue
[2025-03-17T23:24:35.330+0000] {logging_mixin.py:190} INFO - [2025-03-17T23:24:35.330+0000] {dagbag.py:588} INFO - Filling up the DagBag from /home/airflow/.local/lib/python3.12/site-packages/airflow/example_dags/example_params_ui_tutorial.py
[2025-03-17T23:24:35.334+0000] {processor.py:925} INFO - DAG(s) 'example_params_ui_tutorial' retrieved from /home/airflow/.local/lib/python3.12/site-packages/airflow/example_dags/example_params_ui_tutorial.py
[2025-03-17T23:24:35.363+0000] {logging_mixin.py:190} INFO - [2025-03-17T23:24:35.363+0000] {dag.py:3239} INFO - Sync 1 DAGs
[2025-03-17T23:24:35.372+0000] {logging_mixin.py:190} INFO - [2025-03-17T23:24:35.371+0000] {dag.py:4180} INFO - Setting next_dagrun for example_params_ui_tutorial to None, run_after=None
[2025-03-17T23:24:35.384+0000] {processor.py:208} INFO - Processing /home/airflow/.local/lib/python3.12/site-packages/airflow/example_dags/example_params_ui_tutorial.py took 0.060 seconds
[2025-03-17T23:25:05.640+0000] {processor.py:186} INFO - Started process (PID=2248) to work on /home/airflow/.local/lib/python3.12/site-packages/airflow/example_dags/example_params_ui_tutorial.py
[2025-03-17T23:25:05.641+0000] {processor.py:914} INFO - Processing file /home/airflow/.local/lib/python3.12/site-packages/airflow/example_dags/example_params_ui_tutorial.py for tasks to queue
[2025-03-17T23:25:05.643+0000] {logging_mixin.py:190} INFO - [2025-03-17T23:25:05.643+0000] {dagbag.py:588} INFO - Filling up the DagBag from /home/airflow/.local/lib/python3.12/site-packages/airflow/example_dags/example_params_ui_tutorial.py
[2025-03-17T23:25:05.650+0000] {processor.py:925} INFO - DAG(s) 'example_params_ui_tutorial' retrieved from /home/airflow/.local/lib/python3.12/site-packages/airflow/example_dags/example_params_ui_tutorial.py
[2025-03-17T23:25:05.672+0000] {logging_mixin.py:190} INFO - [2025-03-17T23:25:05.672+0000] {dag.py:3239} INFO - Sync 1 DAGs
[2025-03-17T23:25:05.680+0000] {logging_mixin.py:190} INFO - [2025-03-17T23:25:05.680+0000] {dag.py:4180} INFO - Setting next_dagrun for example_params_ui_tutorial to None, run_after=None
[2025-03-17T23:25:05.688+0000] {processor.py:208} INFO - Processing /home/airflow/.local/lib/python3.12/site-packages/airflow/example_dags/example_params_ui_tutorial.py took 0.052 seconds
[2025-03-17T23:25:36.778+0000] {processor.py:186} INFO - Started process (PID=2539) to work on /home/airflow/.local/lib/python3.12/site-packages/airflow/example_dags/example_params_ui_tutorial.py
[2025-03-17T23:25:36.779+0000] {processor.py:914} INFO - Processing file /home/airflow/.local/lib/python3.12/site-packages/airflow/example_dags/example_params_ui_tutorial.py for tasks to queue
[2025-03-17T23:25:36.780+0000] {logging_mixin.py:190} INFO - [2025-03-17T23:25:36.780+0000] {dagbag.py:588} INFO - Filling up the DagBag from /home/airflow/.local/lib/python3.12/site-packages/airflow/example_dags/example_params_ui_tutorial.py
[2025-03-17T23:25:36.788+0000] {processor.py:925} INFO - DAG(s) 'example_params_ui_tutorial' retrieved from /home/airflow/.local/lib/python3.12/site-packages/airflow/example_dags/example_params_ui_tutorial.py
[2025-03-17T23:25:36.813+0000] {logging_mixin.py:190} INFO - [2025-03-17T23:25:36.813+0000] {dag.py:3239} INFO - Sync 1 DAGs
[2025-03-17T23:25:36.822+0000] {logging_mixin.py:190} INFO - [2025-03-17T23:25:36.822+0000] {dag.py:4180} INFO - Setting next_dagrun for example_params_ui_tutorial to None, run_after=None
[2025-03-17T23:25:36.837+0000] {processor.py:208} INFO - Processing /home/airflow/.local/lib/python3.12/site-packages/airflow/example_dags/example_params_ui_tutorial.py took 0.065 seconds
[2025-03-17T23:26:07.218+0000] {processor.py:186} INFO - Started process (PID=2830) to work on /home/airflow/.local/lib/python3.12/site-packages/airflow/example_dags/example_params_ui_tutorial.py
[2025-03-17T23:26:07.218+0000] {processor.py:914} INFO - Processing file /home/airflow/.local/lib/python3.12/site-packages/airflow/example_dags/example_params_ui_tutorial.py for tasks to queue
[2025-03-17T23:26:07.219+0000] {logging_mixin.py:190} INFO - [2025-03-17T23:26:07.219+0000] {dagbag.py:588} INFO - Filling up the DagBag from /home/airflow/.local/lib/python3.12/site-packages/airflow/example_dags/example_params_ui_tutorial.py
[2025-03-17T23:26:07.224+0000] {processor.py:925} INFO - DAG(s) 'example_params_ui_tutorial' retrieved from /home/airflow/.local/lib/python3.12/site-packages/airflow/example_dags/example_params_ui_tutorial.py
[2025-03-17T23:26:07.242+0000] {logging_mixin.py:190} INFO - [2025-03-17T23:26:07.242+0000] {dag.py:3239} INFO - Sync 1 DAGs
[2025-03-17T23:26:07.249+0000] {logging_mixin.py:190} INFO - [2025-03-17T23:26:07.249+0000] {dag.py:4180} INFO - Setting next_dagrun for example_params_ui_tutorial to None, run_after=None
[2025-03-17T23:26:07.258+0000] {processor.py:208} INFO - Processing /home/airflow/.local/lib/python3.12/site-packages/airflow/example_dags/example_params_ui_tutorial.py took 0.044 seconds
[2025-03-17T23:26:38.006+0000] {processor.py:186} INFO - Started process (PID=3121) to work on /home/airflow/.local/lib/python3.12/site-packages/airflow/example_dags/example_params_ui_tutorial.py
[2025-03-17T23:26:38.007+0000] {processor.py:914} INFO - Processing file /home/airflow/.local/lib/python3.12/site-packages/airflow/example_dags/example_params_ui_tutorial.py for tasks to queue
[2025-03-17T23:26:38.008+0000] {logging_mixin.py:190} INFO - [2025-03-17T23:26:38.008+0000] {dagbag.py:588} INFO - Filling up the DagBag from /home/airflow/.local/lib/python3.12/site-packages/airflow/example_dags/example_params_ui_tutorial.py
[2025-03-17T23:26:38.013+0000] {processor.py:925} INFO - DAG(s) 'example_params_ui_tutorial' retrieved from /home/airflow/.local/lib/python3.12/site-packages/airflow/example_dags/example_params_ui_tutorial.py
[2025-03-17T23:26:38.036+0000] {logging_mixin.py:190} INFO - [2025-03-17T23:26:38.036+0000] {dag.py:3239} INFO - Sync 1 DAGs
[2025-03-17T23:26:38.055+0000] {logging_mixin.py:190} INFO - [2025-03-17T23:26:38.055+0000] {dag.py:4180} INFO - Setting next_dagrun for example_params_ui_tutorial to None, run_after=None
[2025-03-17T23:26:38.069+0000] {processor.py:208} INFO - Processing /home/airflow/.local/lib/python3.12/site-packages/airflow/example_dags/example_params_ui_tutorial.py took 0.066 seconds
[2025-03-17T23:27:08.925+0000] {processor.py:186} INFO - Started process (PID=3412) to work on /home/airflow/.local/lib/python3.12/site-packages/airflow/example_dags/example_params_ui_tutorial.py
[2025-03-17T23:27:08.928+0000] {processor.py:914} INFO - Processing file /home/airflow/.local/lib/python3.12/site-packages/airflow/example_dags/example_params_ui_tutorial.py for tasks to queue
[2025-03-17T23:27:08.930+0000] {logging_mixin.py:190} INFO - [2025-03-17T23:27:08.930+0000] {dagbag.py:588} INFO - Filling up the DagBag from /home/airflow/.local/lib/python3.12/site-packages/airflow/example_dags/example_params_ui_tutorial.py
[2025-03-17T23:27:08.935+0000] {processor.py:925} INFO - DAG(s) 'example_params_ui_tutorial' retrieved from /home/airflow/.local/lib/python3.12/site-packages/airflow/example_dags/example_params_ui_tutorial.py
[2025-03-17T23:27:08.964+0000] {logging_mixin.py:190} INFO - [2025-03-17T23:27:08.964+0000] {dag.py:3239} INFO - Sync 1 DAGs
[2025-03-17T23:27:08.972+0000] {logging_mixin.py:190} INFO - [2025-03-17T23:27:08.971+0000] {dag.py:4180} INFO - Setting next_dagrun for example_params_ui_tutorial to None, run_after=None
[2025-03-17T23:27:08.985+0000] {processor.py:208} INFO - Processing /home/airflow/.local/lib/python3.12/site-packages/airflow/example_dags/example_params_ui_tutorial.py took 0.063 seconds
[2025-03-17T23:27:39.872+0000] {processor.py:186} INFO - Started process (PID=3703) to work on /home/airflow/.local/lib/python3.12/site-packages/airflow/example_dags/example_params_ui_tutorial.py
[2025-03-17T23:27:39.873+0000] {processor.py:914} INFO - Processing file /home/airflow/.local/lib/python3.12/site-packages/airflow/example_dags/example_params_ui_tutorial.py for tasks to queue
[2025-03-17T23:27:39.875+0000] {logging_mixin.py:190} INFO - [2025-03-17T23:27:39.874+0000] {dagbag.py:588} INFO - Filling up the DagBag from /home/airflow/.local/lib/python3.12/site-packages/airflow/example_dags/example_params_ui_tutorial.py
[2025-03-17T23:27:39.880+0000] {processor.py:925} INFO - DAG(s) 'example_params_ui_tutorial' retrieved from /home/airflow/.local/lib/python3.12/site-packages/airflow/example_dags/example_params_ui_tutorial.py
[2025-03-17T23:27:39.898+0000] {logging_mixin.py:190} INFO - [2025-03-17T23:27:39.898+0000] {dag.py:3239} INFO - Sync 1 DAGs
[2025-03-17T23:27:39.905+0000] {logging_mixin.py:190} INFO - [2025-03-17T23:27:39.905+0000] {dag.py:4180} INFO - Setting next_dagrun for example_params_ui_tutorial to None, run_after=None
[2025-03-17T23:27:39.915+0000] {processor.py:208} INFO - Processing /home/airflow/.local/lib/python3.12/site-packages/airflow/example_dags/example_params_ui_tutorial.py took 0.046 seconds
[2025-03-17T23:28:10.621+0000] {processor.py:186} INFO - Started process (PID=3994) to work on /home/airflow/.local/lib/python3.12/site-packages/airflow/example_dags/example_params_ui_tutorial.py
[2025-03-17T23:28:10.622+0000] {processor.py:914} INFO - Processing file /home/airflow/.local/lib/python3.12/site-packages/airflow/example_dags/example_params_ui_tutorial.py for tasks to queue
[2025-03-17T23:28:10.623+0000] {logging_mixin.py:190} INFO - [2025-03-17T23:28:10.623+0000] {dagbag.py:588} INFO - Filling up the DagBag from /home/airflow/.local/lib/python3.12/site-packages/airflow/example_dags/example_params_ui_tutorial.py
[2025-03-17T23:28:10.627+0000] {processor.py:925} INFO - DAG(s) 'example_params_ui_tutorial' retrieved from /home/airflow/.local/lib/python3.12/site-packages/airflow/example_dags/example_params_ui_tutorial.py
[2025-03-17T23:28:10.647+0000] {logging_mixin.py:190} INFO - [2025-03-17T23:28:10.646+0000] {dag.py:3239} INFO - Sync 1 DAGs
[2025-03-17T23:28:10.655+0000] {logging_mixin.py:190} INFO - [2025-03-17T23:28:10.655+0000] {dag.py:4180} INFO - Setting next_dagrun for example_params_ui_tutorial to None, run_after=None
[2025-03-17T23:28:10.667+0000] {processor.py:208} INFO - Processing /home/airflow/.local/lib/python3.12/site-packages/airflow/example_dags/example_params_ui_tutorial.py took 0.048 seconds
[2025-03-17T23:28:41.470+0000] {processor.py:186} INFO - Started process (PID=4285) to work on /home/airflow/.local/lib/python3.12/site-packages/airflow/example_dags/example_params_ui_tutorial.py
[2025-03-17T23:28:41.472+0000] {processor.py:914} INFO - Processing file /home/airflow/.local/lib/python3.12/site-packages/airflow/example_dags/example_params_ui_tutorial.py for tasks to queue
[2025-03-17T23:28:41.473+0000] {logging_mixin.py:190} INFO - [2025-03-17T23:28:41.473+0000] {dagbag.py:588} INFO - Filling up the DagBag from /home/airflow/.local/lib/python3.12/site-packages/airflow/example_dags/example_params_ui_tutorial.py
[2025-03-17T23:28:41.478+0000] {processor.py:925} INFO - DAG(s) 'example_params_ui_tutorial' retrieved from /home/airflow/.local/lib/python3.12/site-packages/airflow/example_dags/example_params_ui_tutorial.py
[2025-03-17T23:28:41.499+0000] {logging_mixin.py:190} INFO - [2025-03-17T23:28:41.499+0000] {dag.py:3239} INFO - Sync 1 DAGs
[2025-03-17T23:28:41.506+0000] {logging_mixin.py:190} INFO - [2025-03-17T23:28:41.506+0000] {dag.py:4180} INFO - Setting next_dagrun for example_params_ui_tutorial to None, run_after=None
[2025-03-17T23:28:41.516+0000] {processor.py:208} INFO - Processing /home/airflow/.local/lib/python3.12/site-packages/airflow/example_dags/example_params_ui_tutorial.py took 0.049 seconds
[2025-03-17T23:29:12.232+0000] {processor.py:186} INFO - Started process (PID=4576) to work on /home/airflow/.local/lib/python3.12/site-packages/airflow/example_dags/example_params_ui_tutorial.py
[2025-03-17T23:29:12.233+0000] {processor.py:914} INFO - Processing file /home/airflow/.local/lib/python3.12/site-packages/airflow/example_dags/example_params_ui_tutorial.py for tasks to queue
[2025-03-17T23:29:12.235+0000] {logging_mixin.py:190} INFO - [2025-03-17T23:29:12.234+0000] {dagbag.py:588} INFO - Filling up the DagBag from /home/airflow/.local/lib/python3.12/site-packages/airflow/example_dags/example_params_ui_tutorial.py
[2025-03-17T23:29:12.240+0000] {processor.py:925} INFO - DAG(s) 'example_params_ui_tutorial' retrieved from /home/airflow/.local/lib/python3.12/site-packages/airflow/example_dags/example_params_ui_tutorial.py
[2025-03-17T23:29:12.263+0000] {logging_mixin.py:190} INFO - [2025-03-17T23:29:12.263+0000] {dag.py:3239} INFO - Sync 1 DAGs
[2025-03-17T23:29:12.271+0000] {logging_mixin.py:190} INFO - [2025-03-17T23:29:12.271+0000] {dag.py:4180} INFO - Setting next_dagrun for example_params_ui_tutorial to None, run_after=None
[2025-03-17T23:29:12.283+0000] {processor.py:208} INFO - Processing /home/airflow/.local/lib/python3.12/site-packages/airflow/example_dags/example_params_ui_tutorial.py took 0.054 seconds
[2025-03-17T23:29:42.820+0000] {processor.py:186} INFO - Started process (PID=4867) to work on /home/airflow/.local/lib/python3.12/site-packages/airflow/example_dags/example_params_ui_tutorial.py
[2025-03-17T23:29:42.820+0000] {processor.py:914} INFO - Processing file /home/airflow/.local/lib/python3.12/site-packages/airflow/example_dags/example_params_ui_tutorial.py for tasks to queue
[2025-03-17T23:29:42.823+0000] {logging_mixin.py:190} INFO - [2025-03-17T23:29:42.823+0000] {dagbag.py:588} INFO - Filling up the DagBag from /home/airflow/.local/lib/python3.12/site-packages/airflow/example_dags/example_params_ui_tutorial.py
[2025-03-17T23:29:42.828+0000] {processor.py:925} INFO - DAG(s) 'example_params_ui_tutorial' retrieved from /home/airflow/.local/lib/python3.12/site-packages/airflow/example_dags/example_params_ui_tutorial.py
[2025-03-17T23:29:42.848+0000] {logging_mixin.py:190} INFO - [2025-03-17T23:29:42.848+0000] {dag.py:3239} INFO - Sync 1 DAGs
[2025-03-17T23:29:42.854+0000] {logging_mixin.py:190} INFO - [2025-03-17T23:29:42.854+0000] {dag.py:4180} INFO - Setting next_dagrun for example_params_ui_tutorial to None, run_after=None
[2025-03-17T23:29:42.863+0000] {processor.py:208} INFO - Processing /home/airflow/.local/lib/python3.12/site-packages/airflow/example_dags/example_params_ui_tutorial.py took 0.046 seconds
[2025-03-17T23:30:13.356+0000] {processor.py:186} INFO - Started process (PID=5158) to work on /home/airflow/.local/lib/python3.12/site-packages/airflow/example_dags/example_params_ui_tutorial.py
[2025-03-17T23:30:13.356+0000] {processor.py:914} INFO - Processing file /home/airflow/.local/lib/python3.12/site-packages/airflow/example_dags/example_params_ui_tutorial.py for tasks to queue
[2025-03-17T23:30:13.359+0000] {logging_mixin.py:190} INFO - [2025-03-17T23:30:13.358+0000] {dagbag.py:588} INFO - Filling up the DagBag from /home/airflow/.local/lib/python3.12/site-packages/airflow/example_dags/example_params_ui_tutorial.py
[2025-03-17T23:30:13.363+0000] {processor.py:925} INFO - DAG(s) 'example_params_ui_tutorial' retrieved from /home/airflow/.local/lib/python3.12/site-packages/airflow/example_dags/example_params_ui_tutorial.py
[2025-03-17T23:30:13.384+0000] {logging_mixin.py:190} INFO - [2025-03-17T23:30:13.384+0000] {dag.py:3239} INFO - Sync 1 DAGs
[2025-03-17T23:30:13.391+0000] {logging_mixin.py:190} INFO - [2025-03-17T23:30:13.391+0000] {dag.py:4180} INFO - Setting next_dagrun for example_params_ui_tutorial to None, run_after=None
[2025-03-17T23:30:13.402+0000] {processor.py:208} INFO - Processing /home/airflow/.local/lib/python3.12/site-packages/airflow/example_dags/example_params_ui_tutorial.py took 0.050 seconds
[2025-03-17T23:30:43.992+0000] {processor.py:186} INFO - Started process (PID=5449) to work on /home/airflow/.local/lib/python3.12/site-packages/airflow/example_dags/example_params_ui_tutorial.py
[2025-03-17T23:30:43.994+0000] {processor.py:914} INFO - Processing file /home/airflow/.local/lib/python3.12/site-packages/airflow/example_dags/example_params_ui_tutorial.py for tasks to queue
[2025-03-17T23:30:43.995+0000] {logging_mixin.py:190} INFO - [2025-03-17T23:30:43.995+0000] {dagbag.py:588} INFO - Filling up the DagBag from /home/airflow/.local/lib/python3.12/site-packages/airflow/example_dags/example_params_ui_tutorial.py
[2025-03-17T23:30:44.000+0000] {processor.py:925} INFO - DAG(s) 'example_params_ui_tutorial' retrieved from /home/airflow/.local/lib/python3.12/site-packages/airflow/example_dags/example_params_ui_tutorial.py
[2025-03-17T23:30:44.021+0000] {logging_mixin.py:190} INFO - [2025-03-17T23:30:44.021+0000] {dag.py:3239} INFO - Sync 1 DAGs
[2025-03-17T23:30:44.029+0000] {logging_mixin.py:190} INFO - [2025-03-17T23:30:44.029+0000] {dag.py:4180} INFO - Setting next_dagrun for example_params_ui_tutorial to None, run_after=None
[2025-03-17T23:30:44.039+0000] {processor.py:208} INFO - Processing /home/airflow/.local/lib/python3.12/site-packages/airflow/example_dags/example_params_ui_tutorial.py took 0.050 seconds
[2025-03-17T23:31:14.557+0000] {processor.py:186} INFO - Started process (PID=5740) to work on /home/airflow/.local/lib/python3.12/site-packages/airflow/example_dags/example_params_ui_tutorial.py
[2025-03-17T23:31:14.559+0000] {processor.py:914} INFO - Processing file /home/airflow/.local/lib/python3.12/site-packages/airflow/example_dags/example_params_ui_tutorial.py for tasks to queue
[2025-03-17T23:31:14.560+0000] {logging_mixin.py:190} INFO - [2025-03-17T23:31:14.560+0000] {dagbag.py:588} INFO - Filling up the DagBag from /home/airflow/.local/lib/python3.12/site-packages/airflow/example_dags/example_params_ui_tutorial.py
[2025-03-17T23:31:14.565+0000] {processor.py:925} INFO - DAG(s) 'example_params_ui_tutorial' retrieved from /home/airflow/.local/lib/python3.12/site-packages/airflow/example_dags/example_params_ui_tutorial.py
[2025-03-17T23:31:14.585+0000] {logging_mixin.py:190} INFO - [2025-03-17T23:31:14.585+0000] {dag.py:3239} INFO - Sync 1 DAGs
[2025-03-17T23:31:14.592+0000] {logging_mixin.py:190} INFO - [2025-03-17T23:31:14.591+0000] {dag.py:4180} INFO - Setting next_dagrun for example_params_ui_tutorial to None, run_after=None
[2025-03-17T23:31:14.602+0000] {processor.py:208} INFO - Processing /home/airflow/.local/lib/python3.12/site-packages/airflow/example_dags/example_params_ui_tutorial.py took 0.047 seconds
[2025-03-17T23:31:45.138+0000] {processor.py:186} INFO - Started process (PID=6031) to work on /home/airflow/.local/lib/python3.12/site-packages/airflow/example_dags/example_params_ui_tutorial.py
[2025-03-17T23:31:45.139+0000] {processor.py:914} INFO - Processing file /home/airflow/.local/lib/python3.12/site-packages/airflow/example_dags/example_params_ui_tutorial.py for tasks to queue
[2025-03-17T23:31:45.140+0000] {logging_mixin.py:190} INFO - [2025-03-17T23:31:45.140+0000] {dagbag.py:588} INFO - Filling up the DagBag from /home/airflow/.local/lib/python3.12/site-packages/airflow/example_dags/example_params_ui_tutorial.py
[2025-03-17T23:31:45.144+0000] {processor.py:925} INFO - DAG(s) 'example_params_ui_tutorial' retrieved from /home/airflow/.local/lib/python3.12/site-packages/airflow/example_dags/example_params_ui_tutorial.py
[2025-03-17T23:31:45.162+0000] {logging_mixin.py:190} INFO - [2025-03-17T23:31:45.162+0000] {dag.py:3239} INFO - Sync 1 DAGs
[2025-03-17T23:31:45.170+0000] {logging_mixin.py:190} INFO - [2025-03-17T23:31:45.169+0000] {dag.py:4180} INFO - Setting next_dagrun for example_params_ui_tutorial to None, run_after=None
[2025-03-17T23:31:45.179+0000] {processor.py:208} INFO - Processing /home/airflow/.local/lib/python3.12/site-packages/airflow/example_dags/example_params_ui_tutorial.py took 0.044 seconds
[2025-03-17T23:32:15.669+0000] {processor.py:186} INFO - Started process (PID=6322) to work on /home/airflow/.local/lib/python3.12/site-packages/airflow/example_dags/example_params_ui_tutorial.py
[2025-03-17T23:32:15.669+0000] {processor.py:914} INFO - Processing file /home/airflow/.local/lib/python3.12/site-packages/airflow/example_dags/example_params_ui_tutorial.py for tasks to queue
[2025-03-17T23:32:15.671+0000] {logging_mixin.py:190} INFO - [2025-03-17T23:32:15.670+0000] {dagbag.py:588} INFO - Filling up the DagBag from /home/airflow/.local/lib/python3.12/site-packages/airflow/example_dags/example_params_ui_tutorial.py
[2025-03-17T23:32:15.675+0000] {processor.py:925} INFO - DAG(s) 'example_params_ui_tutorial' retrieved from /home/airflow/.local/lib/python3.12/site-packages/airflow/example_dags/example_params_ui_tutorial.py
[2025-03-17T23:32:15.692+0000] {logging_mixin.py:190} INFO - [2025-03-17T23:32:15.692+0000] {dag.py:3239} INFO - Sync 1 DAGs
[2025-03-17T23:32:15.699+0000] {logging_mixin.py:190} INFO - [2025-03-17T23:32:15.699+0000] {dag.py:4180} INFO - Setting next_dagrun for example_params_ui_tutorial to None, run_after=None
[2025-03-17T23:32:15.707+0000] {processor.py:208} INFO - Processing /home/airflow/.local/lib/python3.12/site-packages/airflow/example_dags/example_params_ui_tutorial.py took 0.041 seconds
[2025-03-17T23:32:46.369+0000] {processor.py:186} INFO - Started process (PID=6613) to work on /home/airflow/.local/lib/python3.12/site-packages/airflow/example_dags/example_params_ui_tutorial.py
[2025-03-17T23:32:46.370+0000] {processor.py:914} INFO - Processing file /home/airflow/.local/lib/python3.12/site-packages/airflow/example_dags/example_params_ui_tutorial.py for tasks to queue
[2025-03-17T23:32:46.371+0000] {logging_mixin.py:190} INFO - [2025-03-17T23:32:46.371+0000] {dagbag.py:588} INFO - Filling up the DagBag from /home/airflow/.local/lib/python3.12/site-packages/airflow/example_dags/example_params_ui_tutorial.py
[2025-03-17T23:32:46.375+0000] {processor.py:925} INFO - DAG(s) 'example_params_ui_tutorial' retrieved from /home/airflow/.local/lib/python3.12/site-packages/airflow/example_dags/example_params_ui_tutorial.py
[2025-03-17T23:32:46.392+0000] {logging_mixin.py:190} INFO - [2025-03-17T23:32:46.392+0000] {dag.py:3239} INFO - Sync 1 DAGs
[2025-03-17T23:32:46.399+0000] {logging_mixin.py:190} INFO - [2025-03-17T23:32:46.398+0000] {dag.py:4180} INFO - Setting next_dagrun for example_params_ui_tutorial to None, run_after=None
[2025-03-17T23:32:46.406+0000] {processor.py:208} INFO - Processing /home/airflow/.local/lib/python3.12/site-packages/airflow/example_dags/example_params_ui_tutorial.py took 0.040 seconds
[2025-03-17T23:33:16.825+0000] {processor.py:186} INFO - Started process (PID=6904) to work on /home/airflow/.local/lib/python3.12/site-packages/airflow/example_dags/example_params_ui_tutorial.py
[2025-03-17T23:33:16.826+0000] {processor.py:914} INFO - Processing file /home/airflow/.local/lib/python3.12/site-packages/airflow/example_dags/example_params_ui_tutorial.py for tasks to queue
[2025-03-17T23:33:16.827+0000] {logging_mixin.py:190} INFO - [2025-03-17T23:33:16.827+0000] {dagbag.py:588} INFO - Filling up the DagBag from /home/airflow/.local/lib/python3.12/site-packages/airflow/example_dags/example_params_ui_tutorial.py
[2025-03-17T23:33:16.832+0000] {processor.py:925} INFO - DAG(s) 'example_params_ui_tutorial' retrieved from /home/airflow/.local/lib/python3.12/site-packages/airflow/example_dags/example_params_ui_tutorial.py
[2025-03-17T23:33:16.849+0000] {logging_mixin.py:190} INFO - [2025-03-17T23:33:16.849+0000] {dag.py:3239} INFO - Sync 1 DAGs
[2025-03-17T23:33:16.855+0000] {logging_mixin.py:190} INFO - [2025-03-17T23:33:16.855+0000] {dag.py:4180} INFO - Setting next_dagrun for example_params_ui_tutorial to None, run_after=None
[2025-03-17T23:33:16.864+0000] {processor.py:208} INFO - Processing /home/airflow/.local/lib/python3.12/site-packages/airflow/example_dags/example_params_ui_tutorial.py took 0.041 seconds
[2025-03-17T23:33:47.861+0000] {processor.py:186} INFO - Started process (PID=7195) to work on /home/airflow/.local/lib/python3.12/site-packages/airflow/example_dags/example_params_ui_tutorial.py
[2025-03-17T23:33:47.862+0000] {processor.py:914} INFO - Processing file /home/airflow/.local/lib/python3.12/site-packages/airflow/example_dags/example_params_ui_tutorial.py for tasks to queue
[2025-03-17T23:33:47.863+0000] {logging_mixin.py:190} INFO - [2025-03-17T23:33:47.863+0000] {dagbag.py:588} INFO - Filling up the DagBag from /home/airflow/.local/lib/python3.12/site-packages/airflow/example_dags/example_params_ui_tutorial.py
[2025-03-17T23:33:47.868+0000] {processor.py:925} INFO - DAG(s) 'example_params_ui_tutorial' retrieved from /home/airflow/.local/lib/python3.12/site-packages/airflow/example_dags/example_params_ui_tutorial.py
[2025-03-17T23:33:47.886+0000] {logging_mixin.py:190} INFO - [2025-03-17T23:33:47.886+0000] {dag.py:3239} INFO - Sync 1 DAGs
[2025-03-17T23:33:47.892+0000] {logging_mixin.py:190} INFO - [2025-03-17T23:33:47.892+0000] {dag.py:4180} INFO - Setting next_dagrun for example_params_ui_tutorial to None, run_after=None
[2025-03-17T23:33:47.900+0000] {processor.py:208} INFO - Processing /home/airflow/.local/lib/python3.12/site-packages/airflow/example_dags/example_params_ui_tutorial.py took 0.043 seconds
[2025-03-17T23:34:18.640+0000] {processor.py:186} INFO - Started process (PID=7491) to work on /home/airflow/.local/lib/python3.12/site-packages/airflow/example_dags/example_params_ui_tutorial.py
[2025-03-17T23:34:18.641+0000] {processor.py:914} INFO - Processing file /home/airflow/.local/lib/python3.12/site-packages/airflow/example_dags/example_params_ui_tutorial.py for tasks to queue
[2025-03-17T23:34:18.642+0000] {logging_mixin.py:190} INFO - [2025-03-17T23:34:18.642+0000] {dagbag.py:588} INFO - Filling up the DagBag from /home/airflow/.local/lib/python3.12/site-packages/airflow/example_dags/example_params_ui_tutorial.py
[2025-03-17T23:34:18.646+0000] {processor.py:925} INFO - DAG(s) 'example_params_ui_tutorial' retrieved from /home/airflow/.local/lib/python3.12/site-packages/airflow/example_dags/example_params_ui_tutorial.py
[2025-03-17T23:34:18.664+0000] {logging_mixin.py:190} INFO - [2025-03-17T23:34:18.663+0000] {dag.py:3239} INFO - Sync 1 DAGs
[2025-03-17T23:34:18.671+0000] {logging_mixin.py:190} INFO - [2025-03-17T23:34:18.670+0000] {dag.py:4180} INFO - Setting next_dagrun for example_params_ui_tutorial to None, run_after=None
[2025-03-17T23:34:18.678+0000] {processor.py:208} INFO - Processing /home/airflow/.local/lib/python3.12/site-packages/airflow/example_dags/example_params_ui_tutorial.py took 0.041 seconds
[2025-03-17T23:34:50.917+0000] {processor.py:186} INFO - Started process (PID=7817) to work on /home/airflow/.local/lib/python3.12/site-packages/airflow/example_dags/example_params_ui_tutorial.py
[2025-03-17T23:34:50.919+0000] {processor.py:914} INFO - Processing file /home/airflow/.local/lib/python3.12/site-packages/airflow/example_dags/example_params_ui_tutorial.py for tasks to queue
[2025-03-17T23:34:50.921+0000] {logging_mixin.py:190} INFO - [2025-03-17T23:34:50.921+0000] {dagbag.py:588} INFO - Filling up the DagBag from /home/airflow/.local/lib/python3.12/site-packages/airflow/example_dags/example_params_ui_tutorial.py
[2025-03-17T23:34:50.931+0000] {processor.py:925} INFO - DAG(s) 'example_params_ui_tutorial' retrieved from /home/airflow/.local/lib/python3.12/site-packages/airflow/example_dags/example_params_ui_tutorial.py
[2025-03-17T23:34:50.957+0000] {logging_mixin.py:190} INFO - [2025-03-17T23:34:50.957+0000] {dag.py:3239} INFO - Sync 1 DAGs
[2025-03-17T23:34:50.972+0000] {logging_mixin.py:190} INFO - [2025-03-17T23:34:50.972+0000] {dag.py:4180} INFO - Setting next_dagrun for example_params_ui_tutorial to None, run_after=None
[2025-03-17T23:34:50.983+0000] {processor.py:208} INFO - Processing /home/airflow/.local/lib/python3.12/site-packages/airflow/example_dags/example_params_ui_tutorial.py took 0.076 seconds
[2025-03-17T23:35:21.894+0000] {processor.py:186} INFO - Started process (PID=8112) to work on /home/airflow/.local/lib/python3.12/site-packages/airflow/example_dags/example_params_ui_tutorial.py
[2025-03-17T23:35:21.895+0000] {processor.py:914} INFO - Processing file /home/airflow/.local/lib/python3.12/site-packages/airflow/example_dags/example_params_ui_tutorial.py for tasks to queue
[2025-03-17T23:35:21.896+0000] {logging_mixin.py:190} INFO - [2025-03-17T23:35:21.896+0000] {dagbag.py:588} INFO - Filling up the DagBag from /home/airflow/.local/lib/python3.12/site-packages/airflow/example_dags/example_params_ui_tutorial.py
[2025-03-17T23:35:21.901+0000] {processor.py:925} INFO - DAG(s) 'example_params_ui_tutorial' retrieved from /home/airflow/.local/lib/python3.12/site-packages/airflow/example_dags/example_params_ui_tutorial.py
[2025-03-17T23:35:21.921+0000] {logging_mixin.py:190} INFO - [2025-03-17T23:35:21.921+0000] {dag.py:3239} INFO - Sync 1 DAGs
[2025-03-17T23:35:21.929+0000] {logging_mixin.py:190} INFO - [2025-03-17T23:35:21.928+0000] {dag.py:4180} INFO - Setting next_dagrun for example_params_ui_tutorial to None, run_after=None
[2025-03-17T23:35:21.938+0000] {processor.py:208} INFO - Processing /home/airflow/.local/lib/python3.12/site-packages/airflow/example_dags/example_params_ui_tutorial.py took 0.047 seconds
[2025-03-17T23:35:52.659+0000] {processor.py:186} INFO - Started process (PID=8403) to work on /home/airflow/.local/lib/python3.12/site-packages/airflow/example_dags/example_params_ui_tutorial.py
[2025-03-17T23:35:52.660+0000] {processor.py:914} INFO - Processing file /home/airflow/.local/lib/python3.12/site-packages/airflow/example_dags/example_params_ui_tutorial.py for tasks to queue
[2025-03-17T23:35:52.661+0000] {logging_mixin.py:190} INFO - [2025-03-17T23:35:52.661+0000] {dagbag.py:588} INFO - Filling up the DagBag from /home/airflow/.local/lib/python3.12/site-packages/airflow/example_dags/example_params_ui_tutorial.py
[2025-03-17T23:35:52.666+0000] {processor.py:925} INFO - DAG(s) 'example_params_ui_tutorial' retrieved from /home/airflow/.local/lib/python3.12/site-packages/airflow/example_dags/example_params_ui_tutorial.py
[2025-03-17T23:35:52.686+0000] {logging_mixin.py:190} INFO - [2025-03-17T23:35:52.686+0000] {dag.py:3239} INFO - Sync 1 DAGs
[2025-03-17T23:35:52.695+0000] {logging_mixin.py:190} INFO - [2025-03-17T23:35:52.694+0000] {dag.py:4180} INFO - Setting next_dagrun for example_params_ui_tutorial to None, run_after=None
[2025-03-17T23:35:52.703+0000] {processor.py:208} INFO - Processing /home/airflow/.local/lib/python3.12/site-packages/airflow/example_dags/example_params_ui_tutorial.py took 0.048 seconds
[2025-03-17T23:36:23.088+0000] {processor.py:186} INFO - Started process (PID=8694) to work on /home/airflow/.local/lib/python3.12/site-packages/airflow/example_dags/example_params_ui_tutorial.py
[2025-03-17T23:36:23.089+0000] {processor.py:914} INFO - Processing file /home/airflow/.local/lib/python3.12/site-packages/airflow/example_dags/example_params_ui_tutorial.py for tasks to queue
[2025-03-17T23:36:23.090+0000] {logging_mixin.py:190} INFO - [2025-03-17T23:36:23.090+0000] {dagbag.py:588} INFO - Filling up the DagBag from /home/airflow/.local/lib/python3.12/site-packages/airflow/example_dags/example_params_ui_tutorial.py
[2025-03-17T23:36:23.096+0000] {processor.py:925} INFO - DAG(s) 'example_params_ui_tutorial' retrieved from /home/airflow/.local/lib/python3.12/site-packages/airflow/example_dags/example_params_ui_tutorial.py
[2025-03-17T23:36:23.117+0000] {logging_mixin.py:190} INFO - [2025-03-17T23:36:23.117+0000] {dag.py:3239} INFO - Sync 1 DAGs
[2025-03-17T23:36:23.126+0000] {logging_mixin.py:190} INFO - [2025-03-17T23:36:23.126+0000] {dag.py:4180} INFO - Setting next_dagrun for example_params_ui_tutorial to None, run_after=None
[2025-03-17T23:36:23.137+0000] {processor.py:208} INFO - Processing /home/airflow/.local/lib/python3.12/site-packages/airflow/example_dags/example_params_ui_tutorial.py took 0.052 seconds
[2025-03-17T23:36:53.381+0000] {processor.py:186} INFO - Started process (PID=8985) to work on /home/airflow/.local/lib/python3.12/site-packages/airflow/example_dags/example_params_ui_tutorial.py
[2025-03-17T23:36:53.382+0000] {processor.py:914} INFO - Processing file /home/airflow/.local/lib/python3.12/site-packages/airflow/example_dags/example_params_ui_tutorial.py for tasks to queue
[2025-03-17T23:36:53.383+0000] {logging_mixin.py:190} INFO - [2025-03-17T23:36:53.383+0000] {dagbag.py:588} INFO - Filling up the DagBag from /home/airflow/.local/lib/python3.12/site-packages/airflow/example_dags/example_params_ui_tutorial.py
[2025-03-17T23:36:53.389+0000] {processor.py:925} INFO - DAG(s) 'example_params_ui_tutorial' retrieved from /home/airflow/.local/lib/python3.12/site-packages/airflow/example_dags/example_params_ui_tutorial.py
[2025-03-17T23:36:53.415+0000] {logging_mixin.py:190} INFO - [2025-03-17T23:36:53.415+0000] {dag.py:3239} INFO - Sync 1 DAGs
[2025-03-17T23:36:53.425+0000] {logging_mixin.py:190} INFO - [2025-03-17T23:36:53.425+0000] {dag.py:4180} INFO - Setting next_dagrun for example_params_ui_tutorial to None, run_after=None
[2025-03-17T23:36:53.437+0000] {processor.py:208} INFO - Processing /home/airflow/.local/lib/python3.12/site-packages/airflow/example_dags/example_params_ui_tutorial.py took 0.061 seconds
[2025-03-17T23:37:23.973+0000] {processor.py:186} INFO - Started process (PID=9276) to work on /home/airflow/.local/lib/python3.12/site-packages/airflow/example_dags/example_params_ui_tutorial.py
[2025-03-17T23:37:23.974+0000] {processor.py:914} INFO - Processing file /home/airflow/.local/lib/python3.12/site-packages/airflow/example_dags/example_params_ui_tutorial.py for tasks to queue
[2025-03-17T23:37:23.977+0000] {logging_mixin.py:190} INFO - [2025-03-17T23:37:23.976+0000] {dagbag.py:588} INFO - Filling up the DagBag from /home/airflow/.local/lib/python3.12/site-packages/airflow/example_dags/example_params_ui_tutorial.py
[2025-03-17T23:37:23.984+0000] {processor.py:925} INFO - DAG(s) 'example_params_ui_tutorial' retrieved from /home/airflow/.local/lib/python3.12/site-packages/airflow/example_dags/example_params_ui_tutorial.py
[2025-03-17T23:37:24.007+0000] {logging_mixin.py:190} INFO - [2025-03-17T23:37:24.007+0000] {dag.py:3239} INFO - Sync 1 DAGs
[2025-03-17T23:37:24.016+0000] {logging_mixin.py:190} INFO - [2025-03-17T23:37:24.016+0000] {dag.py:4180} INFO - Setting next_dagrun for example_params_ui_tutorial to None, run_after=None
[2025-03-17T23:37:24.032+0000] {processor.py:208} INFO - Processing /home/airflow/.local/lib/python3.12/site-packages/airflow/example_dags/example_params_ui_tutorial.py took 0.062 seconds
