[2025-03-17T23:21:35.685+0000] {processor.py:186} INFO - Started process (PID=352) to work on /home/airflow/.local/lib/python3.12/site-packages/airflow/example_dags/example_short_circuit_decorator.py
[2025-03-17T23:21:35.686+0000] {processor.py:914} INFO - Processing file /home/airflow/.local/lib/python3.12/site-packages/airflow/example_dags/example_short_circuit_decorator.py for tasks to queue
[2025-03-17T23:21:35.688+0000] {logging_mixin.py:190} INFO - [2025-03-17T23:21:35.687+0000] {dagbag.py:588} INFO - Filling up the DagBag from /home/airflow/.local/lib/python3.12/site-packages/airflow/example_dags/example_short_circuit_decorator.py
[2025-03-17T23:21:35.697+0000] {processor.py:925} INFO - DAG(s) 'example_short_circuit_decorator' retrieved from /home/airflow/.local/lib/python3.12/site-packages/airflow/example_dags/example_short_circuit_decorator.py
[2025-03-17T23:21:35.790+0000] {logging_mixin.py:190} INFO - [2025-03-17T23:21:35.789+0000] {override.py:1912} INFO - Created Permission View: can edit on DAG:example_short_circuit_decorator
[2025-03-17T23:21:35.800+0000] {logging_mixin.py:190} INFO - [2025-03-17T23:21:35.800+0000] {override.py:1912} INFO - Created Permission View: can read on DAG:example_short_circuit_decorator
[2025-03-17T23:21:35.804+0000] {logging_mixin.py:190} INFO - [2025-03-17T23:21:35.804+0000] {override.py:1912} INFO - Created Permission View: can delete on DAG:example_short_circuit_decorator
[2025-03-17T23:21:35.809+0000] {logging_mixin.py:190} INFO - [2025-03-17T23:21:35.808+0000] {override.py:1912} INFO - Created Permission View: can create on DAG Run:example_short_circuit_decorator
[2025-03-17T23:21:35.812+0000] {logging_mixin.py:190} INFO - [2025-03-17T23:21:35.812+0000] {override.py:1912} INFO - Created Permission View: menu access on DAG Run:example_short_circuit_decorator
[2025-03-17T23:21:35.815+0000] {logging_mixin.py:190} INFO - [2025-03-17T23:21:35.815+0000] {override.py:1912} INFO - Created Permission View: can read on DAG Run:example_short_circuit_decorator
[2025-03-17T23:21:35.818+0000] {logging_mixin.py:190} INFO - [2025-03-17T23:21:35.818+0000] {override.py:1912} INFO - Created Permission View: can delete on DAG Run:example_short_circuit_decorator
[2025-03-17T23:21:35.818+0000] {logging_mixin.py:190} INFO - [2025-03-17T23:21:35.818+0000] {dag.py:3239} INFO - Sync 1 DAGs
[2025-03-17T23:21:35.826+0000] {logging_mixin.py:190} INFO - [2025-03-17T23:21:35.826+0000] {dag.py:3262} INFO - Creating ORM DAG for example_short_circuit_decorator
[2025-03-17T23:21:35.827+0000] {logging_mixin.py:190} INFO - [2025-03-17T23:21:35.827+0000] {dag.py:4180} INFO - Setting next_dagrun for example_short_circuit_decorator to None, run_after=None
[2025-03-17T23:21:35.836+0000] {processor.py:208} INFO - Processing /home/airflow/.local/lib/python3.12/site-packages/airflow/example_dags/example_short_circuit_decorator.py took 0.156 seconds
[2025-03-17T23:22:06.398+0000] {processor.py:186} INFO - Started process (PID=643) to work on /home/airflow/.local/lib/python3.12/site-packages/airflow/example_dags/example_short_circuit_decorator.py
[2025-03-17T23:22:06.399+0000] {processor.py:914} INFO - Processing file /home/airflow/.local/lib/python3.12/site-packages/airflow/example_dags/example_short_circuit_decorator.py for tasks to queue
[2025-03-17T23:22:06.400+0000] {logging_mixin.py:190} INFO - [2025-03-17T23:22:06.400+0000] {dagbag.py:588} INFO - Filling up the DagBag from /home/airflow/.local/lib/python3.12/site-packages/airflow/example_dags/example_short_circuit_decorator.py
[2025-03-17T23:22:06.405+0000] {processor.py:925} INFO - DAG(s) 'example_short_circuit_decorator' retrieved from /home/airflow/.local/lib/python3.12/site-packages/airflow/example_dags/example_short_circuit_decorator.py
[2025-03-17T23:22:06.418+0000] {logging_mixin.py:190} INFO - [2025-03-17T23:22:06.418+0000] {dag.py:3239} INFO - Sync 1 DAGs
[2025-03-17T23:22:06.427+0000] {logging_mixin.py:190} INFO - [2025-03-17T23:22:06.427+0000] {dag.py:4180} INFO - Setting next_dagrun for example_short_circuit_decorator to None, run_after=None
[2025-03-17T23:22:06.441+0000] {processor.py:208} INFO - Processing /home/airflow/.local/lib/python3.12/site-packages/airflow/example_dags/example_short_circuit_decorator.py took 0.046 seconds
[2025-03-17T23:22:36.606+0000] {processor.py:186} INFO - Started process (PID=934) to work on /home/airflow/.local/lib/python3.12/site-packages/airflow/example_dags/example_short_circuit_decorator.py
[2025-03-17T23:22:36.607+0000] {processor.py:914} INFO - Processing file /home/airflow/.local/lib/python3.12/site-packages/airflow/example_dags/example_short_circuit_decorator.py for tasks to queue
[2025-03-17T23:22:36.609+0000] {logging_mixin.py:190} INFO - [2025-03-17T23:22:36.609+0000] {dagbag.py:588} INFO - Filling up the DagBag from /home/airflow/.local/lib/python3.12/site-packages/airflow/example_dags/example_short_circuit_decorator.py
[2025-03-17T23:22:36.615+0000] {processor.py:925} INFO - DAG(s) 'example_short_circuit_decorator' retrieved from /home/airflow/.local/lib/python3.12/site-packages/airflow/example_dags/example_short_circuit_decorator.py
[2025-03-17T23:22:36.626+0000] {logging_mixin.py:190} INFO - [2025-03-17T23:22:36.626+0000] {dag.py:3239} INFO - Sync 1 DAGs
[2025-03-17T23:22:36.633+0000] {logging_mixin.py:190} INFO - [2025-03-17T23:22:36.632+0000] {dag.py:4180} INFO - Setting next_dagrun for example_short_circuit_decorator to None, run_after=None
[2025-03-17T23:22:36.641+0000] {processor.py:208} INFO - Processing /home/airflow/.local/lib/python3.12/site-packages/airflow/example_dags/example_short_circuit_decorator.py took 0.038 seconds
[2025-03-17T23:23:07.420+0000] {processor.py:186} INFO - Started process (PID=1225) to work on /home/airflow/.local/lib/python3.12/site-packages/airflow/example_dags/example_short_circuit_decorator.py
[2025-03-17T23:23:07.420+0000] {processor.py:914} INFO - Processing file /home/airflow/.local/lib/python3.12/site-packages/airflow/example_dags/example_short_circuit_decorator.py for tasks to queue
[2025-03-17T23:23:07.422+0000] {logging_mixin.py:190} INFO - [2025-03-17T23:23:07.422+0000] {dagbag.py:588} INFO - Filling up the DagBag from /home/airflow/.local/lib/python3.12/site-packages/airflow/example_dags/example_short_circuit_decorator.py
[2025-03-17T23:23:07.427+0000] {processor.py:925} INFO - DAG(s) 'example_short_circuit_decorator' retrieved from /home/airflow/.local/lib/python3.12/site-packages/airflow/example_dags/example_short_circuit_decorator.py
[2025-03-17T23:23:07.440+0000] {logging_mixin.py:190} INFO - [2025-03-17T23:23:07.440+0000] {dag.py:3239} INFO - Sync 1 DAGs
[2025-03-17T23:23:07.447+0000] {logging_mixin.py:190} INFO - [2025-03-17T23:23:07.447+0000] {dag.py:4180} INFO - Setting next_dagrun for example_short_circuit_decorator to None, run_after=None
[2025-03-17T23:23:07.455+0000] {processor.py:208} INFO - Processing /home/airflow/.local/lib/python3.12/site-packages/airflow/example_dags/example_short_circuit_decorator.py took 0.038 seconds
[2025-03-17T23:23:38.608+0000] {processor.py:186} INFO - Started process (PID=1518) to work on /home/airflow/.local/lib/python3.12/site-packages/airflow/example_dags/example_short_circuit_decorator.py
[2025-03-17T23:23:38.609+0000] {processor.py:914} INFO - Processing file /home/airflow/.local/lib/python3.12/site-packages/airflow/example_dags/example_short_circuit_decorator.py for tasks to queue
[2025-03-17T23:23:38.610+0000] {logging_mixin.py:190} INFO - [2025-03-17T23:23:38.610+0000] {dagbag.py:588} INFO - Filling up the DagBag from /home/airflow/.local/lib/python3.12/site-packages/airflow/example_dags/example_short_circuit_decorator.py
[2025-03-17T23:23:38.614+0000] {processor.py:925} INFO - DAG(s) 'example_short_circuit_decorator' retrieved from /home/airflow/.local/lib/python3.12/site-packages/airflow/example_dags/example_short_circuit_decorator.py
[2025-03-17T23:23:38.625+0000] {logging_mixin.py:190} INFO - [2025-03-17T23:23:38.625+0000] {dag.py:3239} INFO - Sync 1 DAGs
[2025-03-17T23:23:38.631+0000] {logging_mixin.py:190} INFO - [2025-03-17T23:23:38.631+0000] {dag.py:4180} INFO - Setting next_dagrun for example_short_circuit_decorator to None, run_after=None
[2025-03-17T23:23:38.638+0000] {processor.py:208} INFO - Processing /home/airflow/.local/lib/python3.12/site-packages/airflow/example_dags/example_short_circuit_decorator.py took 0.033 seconds
[2025-03-17T23:24:09.606+0000] {processor.py:186} INFO - Started process (PID=1807) to work on /home/airflow/.local/lib/python3.12/site-packages/airflow/example_dags/example_short_circuit_decorator.py
[2025-03-17T23:24:09.607+0000] {processor.py:914} INFO - Processing file /home/airflow/.local/lib/python3.12/site-packages/airflow/example_dags/example_short_circuit_decorator.py for tasks to queue
[2025-03-17T23:24:09.608+0000] {logging_mixin.py:190} INFO - [2025-03-17T23:24:09.608+0000] {dagbag.py:588} INFO - Filling up the DagBag from /home/airflow/.local/lib/python3.12/site-packages/airflow/example_dags/example_short_circuit_decorator.py
[2025-03-17T23:24:09.614+0000] {processor.py:925} INFO - DAG(s) 'example_short_circuit_decorator' retrieved from /home/airflow/.local/lib/python3.12/site-packages/airflow/example_dags/example_short_circuit_decorator.py
[2025-03-17T23:24:09.627+0000] {logging_mixin.py:190} INFO - [2025-03-17T23:24:09.627+0000] {dag.py:3239} INFO - Sync 1 DAGs
[2025-03-17T23:24:09.633+0000] {logging_mixin.py:190} INFO - [2025-03-17T23:24:09.633+0000] {dag.py:4180} INFO - Setting next_dagrun for example_short_circuit_decorator to None, run_after=None
[2025-03-17T23:24:09.641+0000] {processor.py:208} INFO - Processing /home/airflow/.local/lib/python3.12/site-packages/airflow/example_dags/example_short_circuit_decorator.py took 0.038 seconds
[2025-03-17T23:24:40.896+0000] {processor.py:186} INFO - Started process (PID=2097) to work on /home/airflow/.local/lib/python3.12/site-packages/airflow/example_dags/example_short_circuit_decorator.py
[2025-03-17T23:24:40.896+0000] {processor.py:914} INFO - Processing file /home/airflow/.local/lib/python3.12/site-packages/airflow/example_dags/example_short_circuit_decorator.py for tasks to queue
[2025-03-17T23:24:40.898+0000] {logging_mixin.py:190} INFO - [2025-03-17T23:24:40.897+0000] {dagbag.py:588} INFO - Filling up the DagBag from /home/airflow/.local/lib/python3.12/site-packages/airflow/example_dags/example_short_circuit_decorator.py
[2025-03-17T23:24:40.903+0000] {processor.py:925} INFO - DAG(s) 'example_short_circuit_decorator' retrieved from /home/airflow/.local/lib/python3.12/site-packages/airflow/example_dags/example_short_circuit_decorator.py
[2025-03-17T23:24:40.916+0000] {logging_mixin.py:190} INFO - [2025-03-17T23:24:40.916+0000] {dag.py:3239} INFO - Sync 1 DAGs
[2025-03-17T23:24:40.924+0000] {logging_mixin.py:190} INFO - [2025-03-17T23:24:40.924+0000] {dag.py:4180} INFO - Setting next_dagrun for example_short_circuit_decorator to None, run_after=None
[2025-03-17T23:24:40.933+0000] {processor.py:208} INFO - Processing /home/airflow/.local/lib/python3.12/site-packages/airflow/example_dags/example_short_circuit_decorator.py took 0.040 seconds
[2025-03-17T23:25:12.087+0000] {processor.py:186} INFO - Started process (PID=2388) to work on /home/airflow/.local/lib/python3.12/site-packages/airflow/example_dags/example_short_circuit_decorator.py
[2025-03-17T23:25:12.088+0000] {processor.py:914} INFO - Processing file /home/airflow/.local/lib/python3.12/site-packages/airflow/example_dags/example_short_circuit_decorator.py for tasks to queue
[2025-03-17T23:25:12.092+0000] {logging_mixin.py:190} INFO - [2025-03-17T23:25:12.091+0000] {dagbag.py:588} INFO - Filling up the DagBag from /home/airflow/.local/lib/python3.12/site-packages/airflow/example_dags/example_short_circuit_decorator.py
[2025-03-17T23:25:12.117+0000] {processor.py:925} INFO - DAG(s) 'example_short_circuit_decorator' retrieved from /home/airflow/.local/lib/python3.12/site-packages/airflow/example_dags/example_short_circuit_decorator.py
[2025-03-17T23:25:12.175+0000] {logging_mixin.py:190} INFO - [2025-03-17T23:25:12.174+0000] {dag.py:3239} INFO - Sync 1 DAGs
[2025-03-17T23:25:12.190+0000] {logging_mixin.py:190} INFO - [2025-03-17T23:25:12.190+0000] {dag.py:4180} INFO - Setting next_dagrun for example_short_circuit_decorator to None, run_after=None
[2025-03-17T23:25:12.208+0000] {processor.py:208} INFO - Processing /home/airflow/.local/lib/python3.12/site-packages/airflow/example_dags/example_short_circuit_decorator.py took 0.128 seconds
[2025-03-17T23:25:43.487+0000] {processor.py:186} INFO - Started process (PID=2679) to work on /home/airflow/.local/lib/python3.12/site-packages/airflow/example_dags/example_short_circuit_decorator.py
[2025-03-17T23:25:43.487+0000] {processor.py:914} INFO - Processing file /home/airflow/.local/lib/python3.12/site-packages/airflow/example_dags/example_short_circuit_decorator.py for tasks to queue
[2025-03-17T23:25:43.489+0000] {logging_mixin.py:190} INFO - [2025-03-17T23:25:43.489+0000] {dagbag.py:588} INFO - Filling up the DagBag from /home/airflow/.local/lib/python3.12/site-packages/airflow/example_dags/example_short_circuit_decorator.py
[2025-03-17T23:25:43.494+0000] {processor.py:925} INFO - DAG(s) 'example_short_circuit_decorator' retrieved from /home/airflow/.local/lib/python3.12/site-packages/airflow/example_dags/example_short_circuit_decorator.py
[2025-03-17T23:25:43.505+0000] {logging_mixin.py:190} INFO - [2025-03-17T23:25:43.504+0000] {dag.py:3239} INFO - Sync 1 DAGs
[2025-03-17T23:25:43.512+0000] {logging_mixin.py:190} INFO - [2025-03-17T23:25:43.512+0000] {dag.py:4180} INFO - Setting next_dagrun for example_short_circuit_decorator to None, run_after=None
[2025-03-17T23:25:43.524+0000] {processor.py:208} INFO - Processing /home/airflow/.local/lib/python3.12/site-packages/airflow/example_dags/example_short_circuit_decorator.py took 0.041 seconds
[2025-03-17T23:26:14.485+0000] {processor.py:186} INFO - Started process (PID=2970) to work on /home/airflow/.local/lib/python3.12/site-packages/airflow/example_dags/example_short_circuit_decorator.py
[2025-03-17T23:26:14.486+0000] {processor.py:914} INFO - Processing file /home/airflow/.local/lib/python3.12/site-packages/airflow/example_dags/example_short_circuit_decorator.py for tasks to queue
[2025-03-17T23:26:14.487+0000] {logging_mixin.py:190} INFO - [2025-03-17T23:26:14.487+0000] {dagbag.py:588} INFO - Filling up the DagBag from /home/airflow/.local/lib/python3.12/site-packages/airflow/example_dags/example_short_circuit_decorator.py
[2025-03-17T23:26:14.493+0000] {processor.py:925} INFO - DAG(s) 'example_short_circuit_decorator' retrieved from /home/airflow/.local/lib/python3.12/site-packages/airflow/example_dags/example_short_circuit_decorator.py
[2025-03-17T23:26:14.505+0000] {logging_mixin.py:190} INFO - [2025-03-17T23:26:14.505+0000] {dag.py:3239} INFO - Sync 1 DAGs
[2025-03-17T23:26:14.512+0000] {logging_mixin.py:190} INFO - [2025-03-17T23:26:14.512+0000] {dag.py:4180} INFO - Setting next_dagrun for example_short_circuit_decorator to None, run_after=None
[2025-03-17T23:26:14.520+0000] {processor.py:208} INFO - Processing /home/airflow/.local/lib/python3.12/site-packages/airflow/example_dags/example_short_circuit_decorator.py took 0.038 seconds
[2025-03-17T23:26:45.334+0000] {processor.py:186} INFO - Started process (PID=3261) to work on /home/airflow/.local/lib/python3.12/site-packages/airflow/example_dags/example_short_circuit_decorator.py
[2025-03-17T23:26:45.334+0000] {processor.py:914} INFO - Processing file /home/airflow/.local/lib/python3.12/site-packages/airflow/example_dags/example_short_circuit_decorator.py for tasks to queue
[2025-03-17T23:26:45.336+0000] {logging_mixin.py:190} INFO - [2025-03-17T23:26:45.336+0000] {dagbag.py:588} INFO - Filling up the DagBag from /home/airflow/.local/lib/python3.12/site-packages/airflow/example_dags/example_short_circuit_decorator.py
[2025-03-17T23:26:45.341+0000] {processor.py:925} INFO - DAG(s) 'example_short_circuit_decorator' retrieved from /home/airflow/.local/lib/python3.12/site-packages/airflow/example_dags/example_short_circuit_decorator.py
[2025-03-17T23:26:45.354+0000] {logging_mixin.py:190} INFO - [2025-03-17T23:26:45.354+0000] {dag.py:3239} INFO - Sync 1 DAGs
[2025-03-17T23:26:45.362+0000] {logging_mixin.py:190} INFO - [2025-03-17T23:26:45.362+0000] {dag.py:4180} INFO - Setting next_dagrun for example_short_circuit_decorator to None, run_after=None
[2025-03-17T23:26:45.380+0000] {processor.py:208} INFO - Processing /home/airflow/.local/lib/python3.12/site-packages/airflow/example_dags/example_short_circuit_decorator.py took 0.050 seconds
[2025-03-17T23:27:16.341+0000] {processor.py:186} INFO - Started process (PID=3552) to work on /home/airflow/.local/lib/python3.12/site-packages/airflow/example_dags/example_short_circuit_decorator.py
[2025-03-17T23:27:16.341+0000] {processor.py:914} INFO - Processing file /home/airflow/.local/lib/python3.12/site-packages/airflow/example_dags/example_short_circuit_decorator.py for tasks to queue
[2025-03-17T23:27:16.343+0000] {logging_mixin.py:190} INFO - [2025-03-17T23:27:16.342+0000] {dagbag.py:588} INFO - Filling up the DagBag from /home/airflow/.local/lib/python3.12/site-packages/airflow/example_dags/example_short_circuit_decorator.py
[2025-03-17T23:27:16.347+0000] {processor.py:925} INFO - DAG(s) 'example_short_circuit_decorator' retrieved from /home/airflow/.local/lib/python3.12/site-packages/airflow/example_dags/example_short_circuit_decorator.py
[2025-03-17T23:27:16.358+0000] {logging_mixin.py:190} INFO - [2025-03-17T23:27:16.358+0000] {dag.py:3239} INFO - Sync 1 DAGs
[2025-03-17T23:27:16.367+0000] {logging_mixin.py:190} INFO - [2025-03-17T23:27:16.367+0000] {dag.py:4180} INFO - Setting next_dagrun for example_short_circuit_decorator to None, run_after=None
[2025-03-17T23:27:16.382+0000] {processor.py:208} INFO - Processing /home/airflow/.local/lib/python3.12/site-packages/airflow/example_dags/example_short_circuit_decorator.py took 0.043 seconds
[2025-03-17T23:27:47.441+0000] {processor.py:186} INFO - Started process (PID=3843) to work on /home/airflow/.local/lib/python3.12/site-packages/airflow/example_dags/example_short_circuit_decorator.py
[2025-03-17T23:27:47.444+0000] {processor.py:914} INFO - Processing file /home/airflow/.local/lib/python3.12/site-packages/airflow/example_dags/example_short_circuit_decorator.py for tasks to queue
[2025-03-17T23:27:47.445+0000] {logging_mixin.py:190} INFO - [2025-03-17T23:27:47.445+0000] {dagbag.py:588} INFO - Filling up the DagBag from /home/airflow/.local/lib/python3.12/site-packages/airflow/example_dags/example_short_circuit_decorator.py
[2025-03-17T23:27:47.457+0000] {processor.py:925} INFO - DAG(s) 'example_short_circuit_decorator' retrieved from /home/airflow/.local/lib/python3.12/site-packages/airflow/example_dags/example_short_circuit_decorator.py
[2025-03-17T23:27:47.474+0000] {logging_mixin.py:190} INFO - [2025-03-17T23:27:47.473+0000] {dag.py:3239} INFO - Sync 1 DAGs
[2025-03-17T23:27:47.491+0000] {logging_mixin.py:190} INFO - [2025-03-17T23:27:47.489+0000] {dag.py:4180} INFO - Setting next_dagrun for example_short_circuit_decorator to None, run_after=None
[2025-03-17T23:27:47.509+0000] {processor.py:208} INFO - Processing /home/airflow/.local/lib/python3.12/site-packages/airflow/example_dags/example_short_circuit_decorator.py took 0.076 seconds
[2025-03-17T23:28:17.947+0000] {processor.py:186} INFO - Started process (PID=4134) to work on /home/airflow/.local/lib/python3.12/site-packages/airflow/example_dags/example_short_circuit_decorator.py
[2025-03-17T23:28:17.948+0000] {processor.py:914} INFO - Processing file /home/airflow/.local/lib/python3.12/site-packages/airflow/example_dags/example_short_circuit_decorator.py for tasks to queue
[2025-03-17T23:28:17.950+0000] {logging_mixin.py:190} INFO - [2025-03-17T23:28:17.950+0000] {dagbag.py:588} INFO - Filling up the DagBag from /home/airflow/.local/lib/python3.12/site-packages/airflow/example_dags/example_short_circuit_decorator.py
[2025-03-17T23:28:17.955+0000] {processor.py:925} INFO - DAG(s) 'example_short_circuit_decorator' retrieved from /home/airflow/.local/lib/python3.12/site-packages/airflow/example_dags/example_short_circuit_decorator.py
[2025-03-17T23:28:17.971+0000] {logging_mixin.py:190} INFO - [2025-03-17T23:28:17.968+0000] {dag.py:3239} INFO - Sync 1 DAGs
[2025-03-17T23:28:17.977+0000] {logging_mixin.py:190} INFO - [2025-03-17T23:28:17.977+0000] {dag.py:4180} INFO - Setting next_dagrun for example_short_circuit_decorator to None, run_after=None
[2025-03-17T23:28:17.987+0000] {processor.py:208} INFO - Processing /home/airflow/.local/lib/python3.12/site-packages/airflow/example_dags/example_short_circuit_decorator.py took 0.043 seconds
[2025-03-17T23:28:48.747+0000] {processor.py:186} INFO - Started process (PID=4425) to work on /home/airflow/.local/lib/python3.12/site-packages/airflow/example_dags/example_short_circuit_decorator.py
[2025-03-17T23:28:48.748+0000] {processor.py:914} INFO - Processing file /home/airflow/.local/lib/python3.12/site-packages/airflow/example_dags/example_short_circuit_decorator.py for tasks to queue
[2025-03-17T23:28:48.749+0000] {logging_mixin.py:190} INFO - [2025-03-17T23:28:48.749+0000] {dagbag.py:588} INFO - Filling up the DagBag from /home/airflow/.local/lib/python3.12/site-packages/airflow/example_dags/example_short_circuit_decorator.py
[2025-03-17T23:28:48.754+0000] {processor.py:925} INFO - DAG(s) 'example_short_circuit_decorator' retrieved from /home/airflow/.local/lib/python3.12/site-packages/airflow/example_dags/example_short_circuit_decorator.py
[2025-03-17T23:28:48.767+0000] {logging_mixin.py:190} INFO - [2025-03-17T23:28:48.767+0000] {dag.py:3239} INFO - Sync 1 DAGs
[2025-03-17T23:28:48.773+0000] {logging_mixin.py:190} INFO - [2025-03-17T23:28:48.773+0000] {dag.py:4180} INFO - Setting next_dagrun for example_short_circuit_decorator to None, run_after=None
[2025-03-17T23:28:48.786+0000] {processor.py:208} INFO - Processing /home/airflow/.local/lib/python3.12/site-packages/airflow/example_dags/example_short_circuit_decorator.py took 0.041 seconds
[2025-03-17T23:29:19.400+0000] {processor.py:186} INFO - Started process (PID=4718) to work on /home/airflow/.local/lib/python3.12/site-packages/airflow/example_dags/example_short_circuit_decorator.py
[2025-03-17T23:29:19.401+0000] {processor.py:914} INFO - Processing file /home/airflow/.local/lib/python3.12/site-packages/airflow/example_dags/example_short_circuit_decorator.py for tasks to queue
[2025-03-17T23:29:19.402+0000] {logging_mixin.py:190} INFO - [2025-03-17T23:29:19.402+0000] {dagbag.py:588} INFO - Filling up the DagBag from /home/airflow/.local/lib/python3.12/site-packages/airflow/example_dags/example_short_circuit_decorator.py
[2025-03-17T23:29:19.407+0000] {processor.py:925} INFO - DAG(s) 'example_short_circuit_decorator' retrieved from /home/airflow/.local/lib/python3.12/site-packages/airflow/example_dags/example_short_circuit_decorator.py
[2025-03-17T23:29:19.418+0000] {logging_mixin.py:190} INFO - [2025-03-17T23:29:19.417+0000] {dag.py:3239} INFO - Sync 1 DAGs
[2025-03-17T23:29:19.424+0000] {logging_mixin.py:190} INFO - [2025-03-17T23:29:19.424+0000] {dag.py:4180} INFO - Setting next_dagrun for example_short_circuit_decorator to None, run_after=None
[2025-03-17T23:29:19.432+0000] {processor.py:208} INFO - Processing /home/airflow/.local/lib/python3.12/site-packages/airflow/example_dags/example_short_circuit_decorator.py took 0.035 seconds
[2025-03-17T23:29:49.948+0000] {processor.py:186} INFO - Started process (PID=5009) to work on /home/airflow/.local/lib/python3.12/site-packages/airflow/example_dags/example_short_circuit_decorator.py
[2025-03-17T23:29:49.948+0000] {processor.py:914} INFO - Processing file /home/airflow/.local/lib/python3.12/site-packages/airflow/example_dags/example_short_circuit_decorator.py for tasks to queue
[2025-03-17T23:29:49.950+0000] {logging_mixin.py:190} INFO - [2025-03-17T23:29:49.949+0000] {dagbag.py:588} INFO - Filling up the DagBag from /home/airflow/.local/lib/python3.12/site-packages/airflow/example_dags/example_short_circuit_decorator.py
[2025-03-17T23:29:49.954+0000] {processor.py:925} INFO - DAG(s) 'example_short_circuit_decorator' retrieved from /home/airflow/.local/lib/python3.12/site-packages/airflow/example_dags/example_short_circuit_decorator.py
[2025-03-17T23:29:49.965+0000] {logging_mixin.py:190} INFO - [2025-03-17T23:29:49.965+0000] {dag.py:3239} INFO - Sync 1 DAGs
[2025-03-17T23:29:49.972+0000] {logging_mixin.py:190} INFO - [2025-03-17T23:29:49.971+0000] {dag.py:4180} INFO - Setting next_dagrun for example_short_circuit_decorator to None, run_after=None
[2025-03-17T23:29:49.982+0000] {processor.py:208} INFO - Processing /home/airflow/.local/lib/python3.12/site-packages/airflow/example_dags/example_short_circuit_decorator.py took 0.037 seconds
[2025-03-17T23:30:20.557+0000] {processor.py:186} INFO - Started process (PID=5298) to work on /home/airflow/.local/lib/python3.12/site-packages/airflow/example_dags/example_short_circuit_decorator.py
[2025-03-17T23:30:20.558+0000] {processor.py:914} INFO - Processing file /home/airflow/.local/lib/python3.12/site-packages/airflow/example_dags/example_short_circuit_decorator.py for tasks to queue
[2025-03-17T23:30:20.559+0000] {logging_mixin.py:190} INFO - [2025-03-17T23:30:20.559+0000] {dagbag.py:588} INFO - Filling up the DagBag from /home/airflow/.local/lib/python3.12/site-packages/airflow/example_dags/example_short_circuit_decorator.py
[2025-03-17T23:30:20.564+0000] {processor.py:925} INFO - DAG(s) 'example_short_circuit_decorator' retrieved from /home/airflow/.local/lib/python3.12/site-packages/airflow/example_dags/example_short_circuit_decorator.py
[2025-03-17T23:30:20.575+0000] {logging_mixin.py:190} INFO - [2025-03-17T23:30:20.575+0000] {dag.py:3239} INFO - Sync 1 DAGs
[2025-03-17T23:30:20.581+0000] {logging_mixin.py:190} INFO - [2025-03-17T23:30:20.581+0000] {dag.py:4180} INFO - Setting next_dagrun for example_short_circuit_decorator to None, run_after=None
[2025-03-17T23:30:20.592+0000] {processor.py:208} INFO - Processing /home/airflow/.local/lib/python3.12/site-packages/airflow/example_dags/example_short_circuit_decorator.py took 0.037 seconds
[2025-03-17T23:30:51.142+0000] {processor.py:186} INFO - Started process (PID=5589) to work on /home/airflow/.local/lib/python3.12/site-packages/airflow/example_dags/example_short_circuit_decorator.py
[2025-03-17T23:30:51.143+0000] {processor.py:914} INFO - Processing file /home/airflow/.local/lib/python3.12/site-packages/airflow/example_dags/example_short_circuit_decorator.py for tasks to queue
[2025-03-17T23:30:51.144+0000] {logging_mixin.py:190} INFO - [2025-03-17T23:30:51.144+0000] {dagbag.py:588} INFO - Filling up the DagBag from /home/airflow/.local/lib/python3.12/site-packages/airflow/example_dags/example_short_circuit_decorator.py
[2025-03-17T23:30:51.150+0000] {processor.py:925} INFO - DAG(s) 'example_short_circuit_decorator' retrieved from /home/airflow/.local/lib/python3.12/site-packages/airflow/example_dags/example_short_circuit_decorator.py
[2025-03-17T23:30:51.161+0000] {logging_mixin.py:190} INFO - [2025-03-17T23:30:51.161+0000] {dag.py:3239} INFO - Sync 1 DAGs
[2025-03-17T23:30:51.169+0000] {logging_mixin.py:190} INFO - [2025-03-17T23:30:51.169+0000] {dag.py:4180} INFO - Setting next_dagrun for example_short_circuit_decorator to None, run_after=None
[2025-03-17T23:30:51.178+0000] {processor.py:208} INFO - Processing /home/airflow/.local/lib/python3.12/site-packages/airflow/example_dags/example_short_circuit_decorator.py took 0.039 seconds
[2025-03-17T23:31:21.698+0000] {processor.py:186} INFO - Started process (PID=5880) to work on /home/airflow/.local/lib/python3.12/site-packages/airflow/example_dags/example_short_circuit_decorator.py
[2025-03-17T23:31:21.698+0000] {processor.py:914} INFO - Processing file /home/airflow/.local/lib/python3.12/site-packages/airflow/example_dags/example_short_circuit_decorator.py for tasks to queue
[2025-03-17T23:31:21.700+0000] {logging_mixin.py:190} INFO - [2025-03-17T23:31:21.699+0000] {dagbag.py:588} INFO - Filling up the DagBag from /home/airflow/.local/lib/python3.12/site-packages/airflow/example_dags/example_short_circuit_decorator.py
[2025-03-17T23:31:21.705+0000] {processor.py:925} INFO - DAG(s) 'example_short_circuit_decorator' retrieved from /home/airflow/.local/lib/python3.12/site-packages/airflow/example_dags/example_short_circuit_decorator.py
[2025-03-17T23:31:21.717+0000] {logging_mixin.py:190} INFO - [2025-03-17T23:31:21.717+0000] {dag.py:3239} INFO - Sync 1 DAGs
[2025-03-17T23:31:21.724+0000] {logging_mixin.py:190} INFO - [2025-03-17T23:31:21.724+0000] {dag.py:4180} INFO - Setting next_dagrun for example_short_circuit_decorator to None, run_after=None
[2025-03-17T23:31:21.734+0000] {processor.py:208} INFO - Processing /home/airflow/.local/lib/python3.12/site-packages/airflow/example_dags/example_short_circuit_decorator.py took 0.039 seconds
[2025-03-17T23:31:52.222+0000] {processor.py:186} INFO - Started process (PID=6171) to work on /home/airflow/.local/lib/python3.12/site-packages/airflow/example_dags/example_short_circuit_decorator.py
[2025-03-17T23:31:52.223+0000] {processor.py:914} INFO - Processing file /home/airflow/.local/lib/python3.12/site-packages/airflow/example_dags/example_short_circuit_decorator.py for tasks to queue
[2025-03-17T23:31:52.224+0000] {logging_mixin.py:190} INFO - [2025-03-17T23:31:52.224+0000] {dagbag.py:588} INFO - Filling up the DagBag from /home/airflow/.local/lib/python3.12/site-packages/airflow/example_dags/example_short_circuit_decorator.py
[2025-03-17T23:31:52.229+0000] {processor.py:925} INFO - DAG(s) 'example_short_circuit_decorator' retrieved from /home/airflow/.local/lib/python3.12/site-packages/airflow/example_dags/example_short_circuit_decorator.py
[2025-03-17T23:31:52.239+0000] {logging_mixin.py:190} INFO - [2025-03-17T23:31:52.239+0000] {dag.py:3239} INFO - Sync 1 DAGs
[2025-03-17T23:31:52.246+0000] {logging_mixin.py:190} INFO - [2025-03-17T23:31:52.246+0000] {dag.py:4180} INFO - Setting next_dagrun for example_short_circuit_decorator to None, run_after=None
[2025-03-17T23:31:52.257+0000] {processor.py:208} INFO - Processing /home/airflow/.local/lib/python3.12/site-packages/airflow/example_dags/example_short_circuit_decorator.py took 0.038 seconds
[2025-03-17T23:32:22.781+0000] {processor.py:186} INFO - Started process (PID=6462) to work on /home/airflow/.local/lib/python3.12/site-packages/airflow/example_dags/example_short_circuit_decorator.py
[2025-03-17T23:32:22.782+0000] {processor.py:914} INFO - Processing file /home/airflow/.local/lib/python3.12/site-packages/airflow/example_dags/example_short_circuit_decorator.py for tasks to queue
[2025-03-17T23:32:22.784+0000] {logging_mixin.py:190} INFO - [2025-03-17T23:32:22.783+0000] {dagbag.py:588} INFO - Filling up the DagBag from /home/airflow/.local/lib/python3.12/site-packages/airflow/example_dags/example_short_circuit_decorator.py
[2025-03-17T23:32:22.791+0000] {processor.py:925} INFO - DAG(s) 'example_short_circuit_decorator' retrieved from /home/airflow/.local/lib/python3.12/site-packages/airflow/example_dags/example_short_circuit_decorator.py
[2025-03-17T23:32:22.801+0000] {logging_mixin.py:190} INFO - [2025-03-17T23:32:22.801+0000] {dag.py:3239} INFO - Sync 1 DAGs
[2025-03-17T23:32:22.808+0000] {logging_mixin.py:190} INFO - [2025-03-17T23:32:22.808+0000] {dag.py:4180} INFO - Setting next_dagrun for example_short_circuit_decorator to None, run_after=None
[2025-03-17T23:32:22.815+0000] {processor.py:208} INFO - Processing /home/airflow/.local/lib/python3.12/site-packages/airflow/example_dags/example_short_circuit_decorator.py took 0.037 seconds
[2025-03-17T23:32:53.458+0000] {processor.py:186} INFO - Started process (PID=6753) to work on /home/airflow/.local/lib/python3.12/site-packages/airflow/example_dags/example_short_circuit_decorator.py
[2025-03-17T23:32:53.459+0000] {processor.py:914} INFO - Processing file /home/airflow/.local/lib/python3.12/site-packages/airflow/example_dags/example_short_circuit_decorator.py for tasks to queue
[2025-03-17T23:32:53.460+0000] {logging_mixin.py:190} INFO - [2025-03-17T23:32:53.460+0000] {dagbag.py:588} INFO - Filling up the DagBag from /home/airflow/.local/lib/python3.12/site-packages/airflow/example_dags/example_short_circuit_decorator.py
[2025-03-17T23:32:53.465+0000] {processor.py:925} INFO - DAG(s) 'example_short_circuit_decorator' retrieved from /home/airflow/.local/lib/python3.12/site-packages/airflow/example_dags/example_short_circuit_decorator.py
[2025-03-17T23:32:53.480+0000] {logging_mixin.py:190} INFO - [2025-03-17T23:32:53.480+0000] {dag.py:3239} INFO - Sync 1 DAGs
[2025-03-17T23:32:53.491+0000] {logging_mixin.py:190} INFO - [2025-03-17T23:32:53.490+0000] {dag.py:4180} INFO - Setting next_dagrun for example_short_circuit_decorator to None, run_after=None
[2025-03-17T23:32:53.499+0000] {processor.py:208} INFO - Processing /home/airflow/.local/lib/python3.12/site-packages/airflow/example_dags/example_short_circuit_decorator.py took 0.043 seconds
[2025-03-17T23:33:24.132+0000] {processor.py:186} INFO - Started process (PID=7044) to work on /home/airflow/.local/lib/python3.12/site-packages/airflow/example_dags/example_short_circuit_decorator.py
[2025-03-17T23:33:24.133+0000] {processor.py:914} INFO - Processing file /home/airflow/.local/lib/python3.12/site-packages/airflow/example_dags/example_short_circuit_decorator.py for tasks to queue
[2025-03-17T23:33:24.134+0000] {logging_mixin.py:190} INFO - [2025-03-17T23:33:24.134+0000] {dagbag.py:588} INFO - Filling up the DagBag from /home/airflow/.local/lib/python3.12/site-packages/airflow/example_dags/example_short_circuit_decorator.py
[2025-03-17T23:33:24.139+0000] {processor.py:925} INFO - DAG(s) 'example_short_circuit_decorator' retrieved from /home/airflow/.local/lib/python3.12/site-packages/airflow/example_dags/example_short_circuit_decorator.py
[2025-03-17T23:33:24.151+0000] {logging_mixin.py:190} INFO - [2025-03-17T23:33:24.151+0000] {dag.py:3239} INFO - Sync 1 DAGs
[2025-03-17T23:33:24.159+0000] {logging_mixin.py:190} INFO - [2025-03-17T23:33:24.159+0000] {dag.py:4180} INFO - Setting next_dagrun for example_short_circuit_decorator to None, run_after=None
[2025-03-17T23:33:24.168+0000] {processor.py:208} INFO - Processing /home/airflow/.local/lib/python3.12/site-packages/airflow/example_dags/example_short_circuit_decorator.py took 0.040 seconds
[2025-03-17T23:33:55.114+0000] {processor.py:186} INFO - Started process (PID=7335) to work on /home/airflow/.local/lib/python3.12/site-packages/airflow/example_dags/example_short_circuit_decorator.py
[2025-03-17T23:33:55.115+0000] {processor.py:914} INFO - Processing file /home/airflow/.local/lib/python3.12/site-packages/airflow/example_dags/example_short_circuit_decorator.py for tasks to queue
[2025-03-17T23:33:55.116+0000] {logging_mixin.py:190} INFO - [2025-03-17T23:33:55.116+0000] {dagbag.py:588} INFO - Filling up the DagBag from /home/airflow/.local/lib/python3.12/site-packages/airflow/example_dags/example_short_circuit_decorator.py
[2025-03-17T23:33:55.121+0000] {processor.py:925} INFO - DAG(s) 'example_short_circuit_decorator' retrieved from /home/airflow/.local/lib/python3.12/site-packages/airflow/example_dags/example_short_circuit_decorator.py
[2025-03-17T23:33:55.132+0000] {logging_mixin.py:190} INFO - [2025-03-17T23:33:55.132+0000] {dag.py:3239} INFO - Sync 1 DAGs
[2025-03-17T23:33:55.141+0000] {logging_mixin.py:190} INFO - [2025-03-17T23:33:55.141+0000] {dag.py:4180} INFO - Setting next_dagrun for example_short_circuit_decorator to None, run_after=None
[2025-03-17T23:33:55.152+0000] {processor.py:208} INFO - Processing /home/airflow/.local/lib/python3.12/site-packages/airflow/example_dags/example_short_circuit_decorator.py took 0.041 seconds
[2025-03-17T23:34:26.036+0000] {processor.py:186} INFO - Started process (PID=7626) to work on /home/airflow/.local/lib/python3.12/site-packages/airflow/example_dags/example_short_circuit_decorator.py
[2025-03-17T23:34:26.040+0000] {processor.py:914} INFO - Processing file /home/airflow/.local/lib/python3.12/site-packages/airflow/example_dags/example_short_circuit_decorator.py for tasks to queue
[2025-03-17T23:34:26.043+0000] {logging_mixin.py:190} INFO - [2025-03-17T23:34:26.042+0000] {dagbag.py:588} INFO - Filling up the DagBag from /home/airflow/.local/lib/python3.12/site-packages/airflow/example_dags/example_short_circuit_decorator.py
[2025-03-17T23:34:26.052+0000] {processor.py:925} INFO - DAG(s) 'example_short_circuit_decorator' retrieved from /home/airflow/.local/lib/python3.12/site-packages/airflow/example_dags/example_short_circuit_decorator.py
[2025-03-17T23:34:26.063+0000] {logging_mixin.py:190} INFO - [2025-03-17T23:34:26.063+0000] {dag.py:3239} INFO - Sync 1 DAGs
[2025-03-17T23:34:26.071+0000] {logging_mixin.py:190} INFO - [2025-03-17T23:34:26.071+0000] {dag.py:4180} INFO - Setting next_dagrun for example_short_circuit_decorator to None, run_after=None
[2025-03-17T23:34:26.081+0000] {processor.py:208} INFO - Processing /home/airflow/.local/lib/python3.12/site-packages/airflow/example_dags/example_short_circuit_decorator.py took 0.051 seconds
[2025-03-17T23:34:57.283+0000] {processor.py:186} INFO - Started process (PID=7956) to work on /home/airflow/.local/lib/python3.12/site-packages/airflow/example_dags/example_short_circuit_decorator.py
[2025-03-17T23:34:57.284+0000] {processor.py:914} INFO - Processing file /home/airflow/.local/lib/python3.12/site-packages/airflow/example_dags/example_short_circuit_decorator.py for tasks to queue
[2025-03-17T23:34:57.285+0000] {logging_mixin.py:190} INFO - [2025-03-17T23:34:57.284+0000] {dagbag.py:588} INFO - Filling up the DagBag from /home/airflow/.local/lib/python3.12/site-packages/airflow/example_dags/example_short_circuit_decorator.py
[2025-03-17T23:34:57.290+0000] {processor.py:925} INFO - DAG(s) 'example_short_circuit_decorator' retrieved from /home/airflow/.local/lib/python3.12/site-packages/airflow/example_dags/example_short_circuit_decorator.py
[2025-03-17T23:34:57.302+0000] {logging_mixin.py:190} INFO - [2025-03-17T23:34:57.301+0000] {dag.py:3239} INFO - Sync 1 DAGs
[2025-03-17T23:34:57.310+0000] {logging_mixin.py:190} INFO - [2025-03-17T23:34:57.309+0000] {dag.py:4180} INFO - Setting next_dagrun for example_short_circuit_decorator to None, run_after=None
[2025-03-17T23:34:57.318+0000] {processor.py:208} INFO - Processing /home/airflow/.local/lib/python3.12/site-packages/airflow/example_dags/example_short_circuit_decorator.py took 0.038 seconds
[2025-03-17T23:35:28.115+0000] {processor.py:186} INFO - Started process (PID=8247) to work on /home/airflow/.local/lib/python3.12/site-packages/airflow/example_dags/example_short_circuit_decorator.py
[2025-03-17T23:35:28.116+0000] {processor.py:914} INFO - Processing file /home/airflow/.local/lib/python3.12/site-packages/airflow/example_dags/example_short_circuit_decorator.py for tasks to queue
[2025-03-17T23:35:28.119+0000] {logging_mixin.py:190} INFO - [2025-03-17T23:35:28.118+0000] {dagbag.py:588} INFO - Filling up the DagBag from /home/airflow/.local/lib/python3.12/site-packages/airflow/example_dags/example_short_circuit_decorator.py
[2025-03-17T23:35:28.124+0000] {processor.py:925} INFO - DAG(s) 'example_short_circuit_decorator' retrieved from /home/airflow/.local/lib/python3.12/site-packages/airflow/example_dags/example_short_circuit_decorator.py
[2025-03-17T23:35:28.135+0000] {logging_mixin.py:190} INFO - [2025-03-17T23:35:28.135+0000] {dag.py:3239} INFO - Sync 1 DAGs
[2025-03-17T23:35:28.141+0000] {logging_mixin.py:190} INFO - [2025-03-17T23:35:28.141+0000] {dag.py:4180} INFO - Setting next_dagrun for example_short_circuit_decorator to None, run_after=None
[2025-03-17T23:35:28.149+0000] {processor.py:208} INFO - Processing /home/airflow/.local/lib/python3.12/site-packages/airflow/example_dags/example_short_circuit_decorator.py took 0.038 seconds
[2025-03-17T23:35:59.241+0000] {processor.py:186} INFO - Started process (PID=8538) to work on /home/airflow/.local/lib/python3.12/site-packages/airflow/example_dags/example_short_circuit_decorator.py
[2025-03-17T23:35:59.243+0000] {processor.py:914} INFO - Processing file /home/airflow/.local/lib/python3.12/site-packages/airflow/example_dags/example_short_circuit_decorator.py for tasks to queue
[2025-03-17T23:35:59.245+0000] {logging_mixin.py:190} INFO - [2025-03-17T23:35:59.245+0000] {dagbag.py:588} INFO - Filling up the DagBag from /home/airflow/.local/lib/python3.12/site-packages/airflow/example_dags/example_short_circuit_decorator.py
[2025-03-17T23:35:59.251+0000] {processor.py:925} INFO - DAG(s) 'example_short_circuit_decorator' retrieved from /home/airflow/.local/lib/python3.12/site-packages/airflow/example_dags/example_short_circuit_decorator.py
[2025-03-17T23:35:59.262+0000] {logging_mixin.py:190} INFO - [2025-03-17T23:35:59.262+0000] {dag.py:3239} INFO - Sync 1 DAGs
[2025-03-17T23:35:59.269+0000] {logging_mixin.py:190} INFO - [2025-03-17T23:35:59.269+0000] {dag.py:4180} INFO - Setting next_dagrun for example_short_circuit_decorator to None, run_after=None
[2025-03-17T23:35:59.278+0000] {processor.py:208} INFO - Processing /home/airflow/.local/lib/python3.12/site-packages/airflow/example_dags/example_short_circuit_decorator.py took 0.040 seconds
[2025-03-17T23:36:30.605+0000] {processor.py:186} INFO - Started process (PID=8829) to work on /home/airflow/.local/lib/python3.12/site-packages/airflow/example_dags/example_short_circuit_decorator.py
[2025-03-17T23:36:30.607+0000] {processor.py:914} INFO - Processing file /home/airflow/.local/lib/python3.12/site-packages/airflow/example_dags/example_short_circuit_decorator.py for tasks to queue
[2025-03-17T23:36:30.609+0000] {logging_mixin.py:190} INFO - [2025-03-17T23:36:30.609+0000] {dagbag.py:588} INFO - Filling up the DagBag from /home/airflow/.local/lib/python3.12/site-packages/airflow/example_dags/example_short_circuit_decorator.py
[2025-03-17T23:36:30.616+0000] {processor.py:925} INFO - DAG(s) 'example_short_circuit_decorator' retrieved from /home/airflow/.local/lib/python3.12/site-packages/airflow/example_dags/example_short_circuit_decorator.py
[2025-03-17T23:36:30.632+0000] {logging_mixin.py:190} INFO - [2025-03-17T23:36:30.632+0000] {dag.py:3239} INFO - Sync 1 DAGs
[2025-03-17T23:36:30.639+0000] {logging_mixin.py:190} INFO - [2025-03-17T23:36:30.639+0000] {dag.py:4180} INFO - Setting next_dagrun for example_short_circuit_decorator to None, run_after=None
[2025-03-17T23:36:30.650+0000] {processor.py:208} INFO - Processing /home/airflow/.local/lib/python3.12/site-packages/airflow/example_dags/example_short_circuit_decorator.py took 0.051 seconds
[2025-03-17T23:37:01.993+0000] {processor.py:186} INFO - Started process (PID=9120) to work on /home/airflow/.local/lib/python3.12/site-packages/airflow/example_dags/example_short_circuit_decorator.py
[2025-03-17T23:37:01.994+0000] {processor.py:914} INFO - Processing file /home/airflow/.local/lib/python3.12/site-packages/airflow/example_dags/example_short_circuit_decorator.py for tasks to queue
[2025-03-17T23:37:01.995+0000] {logging_mixin.py:190} INFO - [2025-03-17T23:37:01.995+0000] {dagbag.py:588} INFO - Filling up the DagBag from /home/airflow/.local/lib/python3.12/site-packages/airflow/example_dags/example_short_circuit_decorator.py
[2025-03-17T23:37:02.001+0000] {processor.py:925} INFO - DAG(s) 'example_short_circuit_decorator' retrieved from /home/airflow/.local/lib/python3.12/site-packages/airflow/example_dags/example_short_circuit_decorator.py
[2025-03-17T23:37:02.015+0000] {logging_mixin.py:190} INFO - [2025-03-17T23:37:02.014+0000] {dag.py:3239} INFO - Sync 1 DAGs
[2025-03-17T23:37:02.023+0000] {logging_mixin.py:190} INFO - [2025-03-17T23:37:02.022+0000] {dag.py:4180} INFO - Setting next_dagrun for example_short_circuit_decorator to None, run_after=None
[2025-03-17T23:37:02.036+0000] {processor.py:208} INFO - Processing /home/airflow/.local/lib/python3.12/site-packages/airflow/example_dags/example_short_circuit_decorator.py took 0.046 seconds
[2025-03-17T23:37:33.588+0000] {processor.py:186} INFO - Started process (PID=9417) to work on /home/airflow/.local/lib/python3.12/site-packages/airflow/example_dags/example_short_circuit_decorator.py
[2025-03-17T23:37:33.589+0000] {processor.py:914} INFO - Processing file /home/airflow/.local/lib/python3.12/site-packages/airflow/example_dags/example_short_circuit_decorator.py for tasks to queue
[2025-03-17T23:37:33.591+0000] {logging_mixin.py:190} INFO - [2025-03-17T23:37:33.591+0000] {dagbag.py:588} INFO - Filling up the DagBag from /home/airflow/.local/lib/python3.12/site-packages/airflow/example_dags/example_short_circuit_decorator.py
[2025-03-17T23:37:33.596+0000] {processor.py:925} INFO - DAG(s) 'example_short_circuit_decorator' retrieved from /home/airflow/.local/lib/python3.12/site-packages/airflow/example_dags/example_short_circuit_decorator.py
[2025-03-17T23:37:33.608+0000] {logging_mixin.py:190} INFO - [2025-03-17T23:37:33.608+0000] {dag.py:3239} INFO - Sync 1 DAGs
[2025-03-17T23:37:33.615+0000] {logging_mixin.py:190} INFO - [2025-03-17T23:37:33.615+0000] {dag.py:4180} INFO - Setting next_dagrun for example_short_circuit_decorator to None, run_after=None
[2025-03-17T23:37:33.623+0000] {processor.py:208} INFO - Processing /home/airflow/.local/lib/python3.12/site-packages/airflow/example_dags/example_short_circuit_decorator.py took 0.039 seconds
