[2025-03-17T23:21:32.257+0000] {processor.py:186} INFO - Started process (PID=242) to work on /home/airflow/.local/lib/python3.12/site-packages/airflow/example_dags/example_sensor_decorator.py
[2025-03-17T23:21:32.258+0000] {processor.py:914} INFO - Processing file /home/airflow/.local/lib/python3.12/site-packages/airflow/example_dags/example_sensor_decorator.py for tasks to queue
[2025-03-17T23:21:32.261+0000] {logging_mixin.py:190} INFO - [2025-03-17T23:21:32.261+0000] {dagbag.py:588} INFO - Filling up the DagBag from /home/airflow/.local/lib/python3.12/site-packages/airflow/example_dags/example_sensor_decorator.py
[2025-03-17T23:21:32.274+0000] {processor.py:925} INFO - DAG(s) 'example_sensor_decorator' retrieved from /home/airflow/.local/lib/python3.12/site-packages/airflow/example_dags/example_sensor_decorator.py
[2025-03-17T23:21:32.344+0000] {logging_mixin.py:190} INFO - [2025-03-17T23:21:32.343+0000] {override.py:1912} INFO - Created Permission View: can edit on DAG:example_sensor_decorator
[2025-03-17T23:21:32.354+0000] {logging_mixin.py:190} INFO - [2025-03-17T23:21:32.353+0000] {override.py:1912} INFO - Created Permission View: can read on DAG:example_sensor_decorator
[2025-03-17T23:21:32.358+0000] {logging_mixin.py:190} INFO - [2025-03-17T23:21:32.358+0000] {override.py:1912} INFO - Created Permission View: can delete on DAG:example_sensor_decorator
[2025-03-17T23:21:32.366+0000] {logging_mixin.py:190} INFO - [2025-03-17T23:21:32.365+0000] {override.py:1912} INFO - Created Permission View: can create on DAG Run:example_sensor_decorator
[2025-03-17T23:21:32.373+0000] {logging_mixin.py:190} INFO - [2025-03-17T23:21:32.372+0000] {override.py:1912} INFO - Created Permission View: menu access on DAG Run:example_sensor_decorator
[2025-03-17T23:21:32.375+0000] {logging_mixin.py:190} INFO - [2025-03-17T23:21:32.375+0000] {override.py:1912} INFO - Created Permission View: can read on DAG Run:example_sensor_decorator
[2025-03-17T23:21:32.378+0000] {logging_mixin.py:190} INFO - [2025-03-17T23:21:32.378+0000] {override.py:1912} INFO - Created Permission View: can delete on DAG Run:example_sensor_decorator
[2025-03-17T23:21:32.378+0000] {logging_mixin.py:190} INFO - [2025-03-17T23:21:32.378+0000] {dag.py:3239} INFO - Sync 1 DAGs
[2025-03-17T23:21:32.384+0000] {logging_mixin.py:190} INFO - [2025-03-17T23:21:32.384+0000] {dag.py:3262} INFO - Creating ORM DAG for example_sensor_decorator
[2025-03-17T23:21:32.385+0000] {logging_mixin.py:190} INFO - [2025-03-17T23:21:32.385+0000] {dag.py:4180} INFO - Setting next_dagrun for example_sensor_decorator to None, run_after=None
[2025-03-17T23:21:32.395+0000] {processor.py:208} INFO - Processing /home/airflow/.local/lib/python3.12/site-packages/airflow/example_dags/example_sensor_decorator.py took 0.143 seconds
[2025-03-17T23:22:03.196+0000] {processor.py:186} INFO - Started process (PID=533) to work on /home/airflow/.local/lib/python3.12/site-packages/airflow/example_dags/example_sensor_decorator.py
[2025-03-17T23:22:03.197+0000] {processor.py:914} INFO - Processing file /home/airflow/.local/lib/python3.12/site-packages/airflow/example_dags/example_sensor_decorator.py for tasks to queue
[2025-03-17T23:22:03.199+0000] {logging_mixin.py:190} INFO - [2025-03-17T23:22:03.198+0000] {dagbag.py:588} INFO - Filling up the DagBag from /home/airflow/.local/lib/python3.12/site-packages/airflow/example_dags/example_sensor_decorator.py
[2025-03-17T23:22:03.211+0000] {processor.py:925} INFO - DAG(s) 'example_sensor_decorator' retrieved from /home/airflow/.local/lib/python3.12/site-packages/airflow/example_dags/example_sensor_decorator.py
[2025-03-17T23:22:03.221+0000] {logging_mixin.py:190} INFO - [2025-03-17T23:22:03.221+0000] {dag.py:3239} INFO - Sync 1 DAGs
[2025-03-17T23:22:03.228+0000] {logging_mixin.py:190} INFO - [2025-03-17T23:22:03.228+0000] {dag.py:4180} INFO - Setting next_dagrun for example_sensor_decorator to None, run_after=None
[2025-03-17T23:22:03.237+0000] {processor.py:208} INFO - Processing /home/airflow/.local/lib/python3.12/site-packages/airflow/example_dags/example_sensor_decorator.py took 0.044 seconds
[2025-03-17T23:22:33.426+0000] {processor.py:186} INFO - Started process (PID=824) to work on /home/airflow/.local/lib/python3.12/site-packages/airflow/example_dags/example_sensor_decorator.py
[2025-03-17T23:22:33.427+0000] {processor.py:914} INFO - Processing file /home/airflow/.local/lib/python3.12/site-packages/airflow/example_dags/example_sensor_decorator.py for tasks to queue
[2025-03-17T23:22:33.428+0000] {logging_mixin.py:190} INFO - [2025-03-17T23:22:33.428+0000] {dagbag.py:588} INFO - Filling up the DagBag from /home/airflow/.local/lib/python3.12/site-packages/airflow/example_dags/example_sensor_decorator.py
[2025-03-17T23:22:33.434+0000] {processor.py:925} INFO - DAG(s) 'example_sensor_decorator' retrieved from /home/airflow/.local/lib/python3.12/site-packages/airflow/example_dags/example_sensor_decorator.py
[2025-03-17T23:22:33.446+0000] {logging_mixin.py:190} INFO - [2025-03-17T23:22:33.446+0000] {dag.py:3239} INFO - Sync 1 DAGs
[2025-03-17T23:22:33.453+0000] {logging_mixin.py:190} INFO - [2025-03-17T23:22:33.453+0000] {dag.py:4180} INFO - Setting next_dagrun for example_sensor_decorator to None, run_after=None
[2025-03-17T23:22:33.463+0000] {processor.py:208} INFO - Processing /home/airflow/.local/lib/python3.12/site-packages/airflow/example_dags/example_sensor_decorator.py took 0.040 seconds
[2025-03-17T23:23:04.430+0000] {processor.py:186} INFO - Started process (PID=1115) to work on /home/airflow/.local/lib/python3.12/site-packages/airflow/example_dags/example_sensor_decorator.py
[2025-03-17T23:23:04.432+0000] {processor.py:914} INFO - Processing file /home/airflow/.local/lib/python3.12/site-packages/airflow/example_dags/example_sensor_decorator.py for tasks to queue
[2025-03-17T23:23:04.434+0000] {logging_mixin.py:190} INFO - [2025-03-17T23:23:04.433+0000] {dagbag.py:588} INFO - Filling up the DagBag from /home/airflow/.local/lib/python3.12/site-packages/airflow/example_dags/example_sensor_decorator.py
[2025-03-17T23:23:04.438+0000] {processor.py:925} INFO - DAG(s) 'example_sensor_decorator' retrieved from /home/airflow/.local/lib/python3.12/site-packages/airflow/example_dags/example_sensor_decorator.py
[2025-03-17T23:23:04.448+0000] {logging_mixin.py:190} INFO - [2025-03-17T23:23:04.448+0000] {dag.py:3239} INFO - Sync 1 DAGs
[2025-03-17T23:23:04.456+0000] {logging_mixin.py:190} INFO - [2025-03-17T23:23:04.455+0000] {dag.py:4180} INFO - Setting next_dagrun for example_sensor_decorator to None, run_after=None
[2025-03-17T23:23:04.464+0000] {processor.py:208} INFO - Processing /home/airflow/.local/lib/python3.12/site-packages/airflow/example_dags/example_sensor_decorator.py took 0.048 seconds
[2025-03-17T23:23:35.410+0000] {processor.py:186} INFO - Started process (PID=1407) to work on /home/airflow/.local/lib/python3.12/site-packages/airflow/example_dags/example_sensor_decorator.py
[2025-03-17T23:23:35.413+0000] {processor.py:914} INFO - Processing file /home/airflow/.local/lib/python3.12/site-packages/airflow/example_dags/example_sensor_decorator.py for tasks to queue
[2025-03-17T23:23:35.415+0000] {logging_mixin.py:190} INFO - [2025-03-17T23:23:35.414+0000] {dagbag.py:588} INFO - Filling up the DagBag from /home/airflow/.local/lib/python3.12/site-packages/airflow/example_dags/example_sensor_decorator.py
[2025-03-17T23:23:35.419+0000] {processor.py:925} INFO - DAG(s) 'example_sensor_decorator' retrieved from /home/airflow/.local/lib/python3.12/site-packages/airflow/example_dags/example_sensor_decorator.py
[2025-03-17T23:23:35.429+0000] {logging_mixin.py:190} INFO - [2025-03-17T23:23:35.428+0000] {dag.py:3239} INFO - Sync 1 DAGs
[2025-03-17T23:23:35.435+0000] {logging_mixin.py:190} INFO - [2025-03-17T23:23:35.435+0000] {dag.py:4180} INFO - Setting next_dagrun for example_sensor_decorator to None, run_after=None
[2025-03-17T23:23:35.444+0000] {processor.py:208} INFO - Processing /home/airflow/.local/lib/python3.12/site-packages/airflow/example_dags/example_sensor_decorator.py took 0.039 seconds
[2025-03-17T23:24:05.541+0000] {processor.py:186} INFO - Started process (PID=1697) to work on /home/airflow/.local/lib/python3.12/site-packages/airflow/example_dags/example_sensor_decorator.py
[2025-03-17T23:24:05.542+0000] {processor.py:914} INFO - Processing file /home/airflow/.local/lib/python3.12/site-packages/airflow/example_dags/example_sensor_decorator.py for tasks to queue
[2025-03-17T23:24:05.544+0000] {logging_mixin.py:190} INFO - [2025-03-17T23:24:05.544+0000] {dagbag.py:588} INFO - Filling up the DagBag from /home/airflow/.local/lib/python3.12/site-packages/airflow/example_dags/example_sensor_decorator.py
[2025-03-17T23:24:05.550+0000] {processor.py:925} INFO - DAG(s) 'example_sensor_decorator' retrieved from /home/airflow/.local/lib/python3.12/site-packages/airflow/example_dags/example_sensor_decorator.py
[2025-03-17T23:24:05.562+0000] {logging_mixin.py:190} INFO - [2025-03-17T23:24:05.562+0000] {dag.py:3239} INFO - Sync 1 DAGs
[2025-03-17T23:24:05.569+0000] {logging_mixin.py:190} INFO - [2025-03-17T23:24:05.569+0000] {dag.py:4180} INFO - Setting next_dagrun for example_sensor_decorator to None, run_after=None
[2025-03-17T23:24:05.577+0000] {processor.py:208} INFO - Processing /home/airflow/.local/lib/python3.12/site-packages/airflow/example_dags/example_sensor_decorator.py took 0.039 seconds
[2025-03-17T23:24:36.553+0000] {processor.py:186} INFO - Started process (PID=1987) to work on /home/airflow/.local/lib/python3.12/site-packages/airflow/example_dags/example_sensor_decorator.py
[2025-03-17T23:24:36.554+0000] {processor.py:914} INFO - Processing file /home/airflow/.local/lib/python3.12/site-packages/airflow/example_dags/example_sensor_decorator.py for tasks to queue
[2025-03-17T23:24:36.555+0000] {logging_mixin.py:190} INFO - [2025-03-17T23:24:36.555+0000] {dagbag.py:588} INFO - Filling up the DagBag from /home/airflow/.local/lib/python3.12/site-packages/airflow/example_dags/example_sensor_decorator.py
[2025-03-17T23:24:36.560+0000] {processor.py:925} INFO - DAG(s) 'example_sensor_decorator' retrieved from /home/airflow/.local/lib/python3.12/site-packages/airflow/example_dags/example_sensor_decorator.py
[2025-03-17T23:24:36.570+0000] {logging_mixin.py:190} INFO - [2025-03-17T23:24:36.570+0000] {dag.py:3239} INFO - Sync 1 DAGs
[2025-03-17T23:24:36.578+0000] {logging_mixin.py:190} INFO - [2025-03-17T23:24:36.578+0000] {dag.py:4180} INFO - Setting next_dagrun for example_sensor_decorator to None, run_after=None
[2025-03-17T23:24:36.587+0000] {processor.py:208} INFO - Processing /home/airflow/.local/lib/python3.12/site-packages/airflow/example_dags/example_sensor_decorator.py took 0.037 seconds
[2025-03-17T23:25:06.901+0000] {processor.py:186} INFO - Started process (PID=2278) to work on /home/airflow/.local/lib/python3.12/site-packages/airflow/example_dags/example_sensor_decorator.py
[2025-03-17T23:25:06.902+0000] {processor.py:914} INFO - Processing file /home/airflow/.local/lib/python3.12/site-packages/airflow/example_dags/example_sensor_decorator.py for tasks to queue
[2025-03-17T23:25:06.904+0000] {logging_mixin.py:190} INFO - [2025-03-17T23:25:06.903+0000] {dagbag.py:588} INFO - Filling up the DagBag from /home/airflow/.local/lib/python3.12/site-packages/airflow/example_dags/example_sensor_decorator.py
[2025-03-17T23:25:06.909+0000] {processor.py:925} INFO - DAG(s) 'example_sensor_decorator' retrieved from /home/airflow/.local/lib/python3.12/site-packages/airflow/example_dags/example_sensor_decorator.py
[2025-03-17T23:25:06.920+0000] {logging_mixin.py:190} INFO - [2025-03-17T23:25:06.920+0000] {dag.py:3239} INFO - Sync 1 DAGs
[2025-03-17T23:25:06.927+0000] {logging_mixin.py:190} INFO - [2025-03-17T23:25:06.927+0000] {dag.py:4180} INFO - Setting next_dagrun for example_sensor_decorator to None, run_after=None
[2025-03-17T23:25:06.938+0000] {processor.py:208} INFO - Processing /home/airflow/.local/lib/python3.12/site-packages/airflow/example_dags/example_sensor_decorator.py took 0.041 seconds
[2025-03-17T23:25:37.023+0000] {processor.py:186} INFO - Started process (PID=2569) to work on /home/airflow/.local/lib/python3.12/site-packages/airflow/example_dags/example_sensor_decorator.py
[2025-03-17T23:25:37.026+0000] {processor.py:914} INFO - Processing file /home/airflow/.local/lib/python3.12/site-packages/airflow/example_dags/example_sensor_decorator.py for tasks to queue
[2025-03-17T23:25:37.027+0000] {logging_mixin.py:190} INFO - [2025-03-17T23:25:37.027+0000] {dagbag.py:588} INFO - Filling up the DagBag from /home/airflow/.local/lib/python3.12/site-packages/airflow/example_dags/example_sensor_decorator.py
[2025-03-17T23:25:37.031+0000] {processor.py:925} INFO - DAG(s) 'example_sensor_decorator' retrieved from /home/airflow/.local/lib/python3.12/site-packages/airflow/example_dags/example_sensor_decorator.py
[2025-03-17T23:25:37.041+0000] {logging_mixin.py:190} INFO - [2025-03-17T23:25:37.041+0000] {dag.py:3239} INFO - Sync 1 DAGs
[2025-03-17T23:25:37.049+0000] {logging_mixin.py:190} INFO - [2025-03-17T23:25:37.049+0000] {dag.py:4180} INFO - Setting next_dagrun for example_sensor_decorator to None, run_after=None
[2025-03-17T23:25:37.059+0000] {processor.py:208} INFO - Processing /home/airflow/.local/lib/python3.12/site-packages/airflow/example_dags/example_sensor_decorator.py took 0.040 seconds
[2025-03-17T23:26:07.455+0000] {processor.py:186} INFO - Started process (PID=2860) to work on /home/airflow/.local/lib/python3.12/site-packages/airflow/example_dags/example_sensor_decorator.py
[2025-03-17T23:26:07.456+0000] {processor.py:914} INFO - Processing file /home/airflow/.local/lib/python3.12/site-packages/airflow/example_dags/example_sensor_decorator.py for tasks to queue
[2025-03-17T23:26:07.457+0000] {logging_mixin.py:190} INFO - [2025-03-17T23:26:07.457+0000] {dagbag.py:588} INFO - Filling up the DagBag from /home/airflow/.local/lib/python3.12/site-packages/airflow/example_dags/example_sensor_decorator.py
[2025-03-17T23:26:07.464+0000] {processor.py:925} INFO - DAG(s) 'example_sensor_decorator' retrieved from /home/airflow/.local/lib/python3.12/site-packages/airflow/example_dags/example_sensor_decorator.py
[2025-03-17T23:26:07.473+0000] {logging_mixin.py:190} INFO - [2025-03-17T23:26:07.473+0000] {dag.py:3239} INFO - Sync 1 DAGs
[2025-03-17T23:26:07.480+0000] {logging_mixin.py:190} INFO - [2025-03-17T23:26:07.480+0000] {dag.py:4180} INFO - Setting next_dagrun for example_sensor_decorator to None, run_after=None
[2025-03-17T23:26:07.488+0000] {processor.py:208} INFO - Processing /home/airflow/.local/lib/python3.12/site-packages/airflow/example_dags/example_sensor_decorator.py took 0.037 seconds
[2025-03-17T23:26:38.227+0000] {processor.py:186} INFO - Started process (PID=3151) to work on /home/airflow/.local/lib/python3.12/site-packages/airflow/example_dags/example_sensor_decorator.py
[2025-03-17T23:26:38.228+0000] {processor.py:914} INFO - Processing file /home/airflow/.local/lib/python3.12/site-packages/airflow/example_dags/example_sensor_decorator.py for tasks to queue
[2025-03-17T23:26:38.229+0000] {logging_mixin.py:190} INFO - [2025-03-17T23:26:38.229+0000] {dagbag.py:588} INFO - Filling up the DagBag from /home/airflow/.local/lib/python3.12/site-packages/airflow/example_dags/example_sensor_decorator.py
[2025-03-17T23:26:38.234+0000] {processor.py:925} INFO - DAG(s) 'example_sensor_decorator' retrieved from /home/airflow/.local/lib/python3.12/site-packages/airflow/example_dags/example_sensor_decorator.py
[2025-03-17T23:26:38.243+0000] {logging_mixin.py:190} INFO - [2025-03-17T23:26:38.243+0000] {dag.py:3239} INFO - Sync 1 DAGs
[2025-03-17T23:26:38.250+0000] {logging_mixin.py:190} INFO - [2025-03-17T23:26:38.250+0000] {dag.py:4180} INFO - Setting next_dagrun for example_sensor_decorator to None, run_after=None
[2025-03-17T23:26:38.258+0000] {processor.py:208} INFO - Processing /home/airflow/.local/lib/python3.12/site-packages/airflow/example_dags/example_sensor_decorator.py took 0.034 seconds
[2025-03-17T23:27:09.161+0000] {processor.py:186} INFO - Started process (PID=3442) to work on /home/airflow/.local/lib/python3.12/site-packages/airflow/example_dags/example_sensor_decorator.py
[2025-03-17T23:27:09.161+0000] {processor.py:914} INFO - Processing file /home/airflow/.local/lib/python3.12/site-packages/airflow/example_dags/example_sensor_decorator.py for tasks to queue
[2025-03-17T23:27:09.163+0000] {logging_mixin.py:190} INFO - [2025-03-17T23:27:09.162+0000] {dagbag.py:588} INFO - Filling up the DagBag from /home/airflow/.local/lib/python3.12/site-packages/airflow/example_dags/example_sensor_decorator.py
[2025-03-17T23:27:09.167+0000] {processor.py:925} INFO - DAG(s) 'example_sensor_decorator' retrieved from /home/airflow/.local/lib/python3.12/site-packages/airflow/example_dags/example_sensor_decorator.py
[2025-03-17T23:27:09.179+0000] {logging_mixin.py:190} INFO - [2025-03-17T23:27:09.179+0000] {dag.py:3239} INFO - Sync 1 DAGs
[2025-03-17T23:27:09.187+0000] {logging_mixin.py:190} INFO - [2025-03-17T23:27:09.187+0000] {dag.py:4180} INFO - Setting next_dagrun for example_sensor_decorator to None, run_after=None
[2025-03-17T23:27:09.202+0000] {processor.py:208} INFO - Processing /home/airflow/.local/lib/python3.12/site-packages/airflow/example_dags/example_sensor_decorator.py took 0.044 seconds
[2025-03-17T23:27:40.071+0000] {processor.py:186} INFO - Started process (PID=3733) to work on /home/airflow/.local/lib/python3.12/site-packages/airflow/example_dags/example_sensor_decorator.py
[2025-03-17T23:27:40.071+0000] {processor.py:914} INFO - Processing file /home/airflow/.local/lib/python3.12/site-packages/airflow/example_dags/example_sensor_decorator.py for tasks to queue
[2025-03-17T23:27:40.073+0000] {logging_mixin.py:190} INFO - [2025-03-17T23:27:40.072+0000] {dagbag.py:588} INFO - Filling up the DagBag from /home/airflow/.local/lib/python3.12/site-packages/airflow/example_dags/example_sensor_decorator.py
[2025-03-17T23:27:40.077+0000] {processor.py:925} INFO - DAG(s) 'example_sensor_decorator' retrieved from /home/airflow/.local/lib/python3.12/site-packages/airflow/example_dags/example_sensor_decorator.py
[2025-03-17T23:27:40.087+0000] {logging_mixin.py:190} INFO - [2025-03-17T23:27:40.087+0000] {dag.py:3239} INFO - Sync 1 DAGs
[2025-03-17T23:27:40.094+0000] {logging_mixin.py:190} INFO - [2025-03-17T23:27:40.093+0000] {dag.py:4180} INFO - Setting next_dagrun for example_sensor_decorator to None, run_after=None
[2025-03-17T23:27:40.104+0000] {processor.py:208} INFO - Processing /home/airflow/.local/lib/python3.12/site-packages/airflow/example_dags/example_sensor_decorator.py took 0.037 seconds
[2025-03-17T23:28:10.793+0000] {processor.py:186} INFO - Started process (PID=4024) to work on /home/airflow/.local/lib/python3.12/site-packages/airflow/example_dags/example_sensor_decorator.py
[2025-03-17T23:28:10.794+0000] {processor.py:914} INFO - Processing file /home/airflow/.local/lib/python3.12/site-packages/airflow/example_dags/example_sensor_decorator.py for tasks to queue
[2025-03-17T23:28:10.796+0000] {logging_mixin.py:190} INFO - [2025-03-17T23:28:10.796+0000] {dagbag.py:588} INFO - Filling up the DagBag from /home/airflow/.local/lib/python3.12/site-packages/airflow/example_dags/example_sensor_decorator.py
[2025-03-17T23:28:10.801+0000] {processor.py:925} INFO - DAG(s) 'example_sensor_decorator' retrieved from /home/airflow/.local/lib/python3.12/site-packages/airflow/example_dags/example_sensor_decorator.py
[2025-03-17T23:28:10.816+0000] {logging_mixin.py:190} INFO - [2025-03-17T23:28:10.816+0000] {dag.py:3239} INFO - Sync 1 DAGs
[2025-03-17T23:28:10.823+0000] {logging_mixin.py:190} INFO - [2025-03-17T23:28:10.823+0000] {dag.py:4180} INFO - Setting next_dagrun for example_sensor_decorator to None, run_after=None
[2025-03-17T23:28:10.833+0000] {processor.py:208} INFO - Processing /home/airflow/.local/lib/python3.12/site-packages/airflow/example_dags/example_sensor_decorator.py took 0.042 seconds
[2025-03-17T23:28:41.653+0000] {processor.py:186} INFO - Started process (PID=4315) to work on /home/airflow/.local/lib/python3.12/site-packages/airflow/example_dags/example_sensor_decorator.py
[2025-03-17T23:28:41.654+0000] {processor.py:914} INFO - Processing file /home/airflow/.local/lib/python3.12/site-packages/airflow/example_dags/example_sensor_decorator.py for tasks to queue
[2025-03-17T23:28:41.656+0000] {logging_mixin.py:190} INFO - [2025-03-17T23:28:41.656+0000] {dagbag.py:588} INFO - Filling up the DagBag from /home/airflow/.local/lib/python3.12/site-packages/airflow/example_dags/example_sensor_decorator.py
[2025-03-17T23:28:41.662+0000] {processor.py:925} INFO - DAG(s) 'example_sensor_decorator' retrieved from /home/airflow/.local/lib/python3.12/site-packages/airflow/example_dags/example_sensor_decorator.py
[2025-03-17T23:28:41.671+0000] {logging_mixin.py:190} INFO - [2025-03-17T23:28:41.671+0000] {dag.py:3239} INFO - Sync 1 DAGs
[2025-03-17T23:28:41.678+0000] {logging_mixin.py:190} INFO - [2025-03-17T23:28:41.678+0000] {dag.py:4180} INFO - Setting next_dagrun for example_sensor_decorator to None, run_after=None
[2025-03-17T23:28:41.688+0000] {processor.py:208} INFO - Processing /home/airflow/.local/lib/python3.12/site-packages/airflow/example_dags/example_sensor_decorator.py took 0.039 seconds
[2025-03-17T23:29:12.442+0000] {processor.py:186} INFO - Started process (PID=4606) to work on /home/airflow/.local/lib/python3.12/site-packages/airflow/example_dags/example_sensor_decorator.py
[2025-03-17T23:29:12.442+0000] {processor.py:914} INFO - Processing file /home/airflow/.local/lib/python3.12/site-packages/airflow/example_dags/example_sensor_decorator.py for tasks to queue
[2025-03-17T23:29:12.443+0000] {logging_mixin.py:190} INFO - [2025-03-17T23:29:12.443+0000] {dagbag.py:588} INFO - Filling up the DagBag from /home/airflow/.local/lib/python3.12/site-packages/airflow/example_dags/example_sensor_decorator.py
[2025-03-17T23:29:12.447+0000] {processor.py:925} INFO - DAG(s) 'example_sensor_decorator' retrieved from /home/airflow/.local/lib/python3.12/site-packages/airflow/example_dags/example_sensor_decorator.py
[2025-03-17T23:29:12.456+0000] {logging_mixin.py:190} INFO - [2025-03-17T23:29:12.456+0000] {dag.py:3239} INFO - Sync 1 DAGs
[2025-03-17T23:29:12.463+0000] {logging_mixin.py:190} INFO - [2025-03-17T23:29:12.463+0000] {dag.py:4180} INFO - Setting next_dagrun for example_sensor_decorator to None, run_after=None
[2025-03-17T23:29:12.472+0000] {processor.py:208} INFO - Processing /home/airflow/.local/lib/python3.12/site-packages/airflow/example_dags/example_sensor_decorator.py took 0.034 seconds
[2025-03-17T23:29:43.030+0000] {processor.py:186} INFO - Started process (PID=4899) to work on /home/airflow/.local/lib/python3.12/site-packages/airflow/example_dags/example_sensor_decorator.py
[2025-03-17T23:29:43.031+0000] {processor.py:914} INFO - Processing file /home/airflow/.local/lib/python3.12/site-packages/airflow/example_dags/example_sensor_decorator.py for tasks to queue
[2025-03-17T23:29:43.032+0000] {logging_mixin.py:190} INFO - [2025-03-17T23:29:43.032+0000] {dagbag.py:588} INFO - Filling up the DagBag from /home/airflow/.local/lib/python3.12/site-packages/airflow/example_dags/example_sensor_decorator.py
[2025-03-17T23:29:43.036+0000] {processor.py:925} INFO - DAG(s) 'example_sensor_decorator' retrieved from /home/airflow/.local/lib/python3.12/site-packages/airflow/example_dags/example_sensor_decorator.py
[2025-03-17T23:29:43.046+0000] {logging_mixin.py:190} INFO - [2025-03-17T23:29:43.046+0000] {dag.py:3239} INFO - Sync 1 DAGs
[2025-03-17T23:29:43.052+0000] {logging_mixin.py:190} INFO - [2025-03-17T23:29:43.052+0000] {dag.py:4180} INFO - Setting next_dagrun for example_sensor_decorator to None, run_after=None
[2025-03-17T23:29:43.060+0000] {processor.py:208} INFO - Processing /home/airflow/.local/lib/python3.12/site-packages/airflow/example_dags/example_sensor_decorator.py took 0.033 seconds
[2025-03-17T23:30:13.563+0000] {processor.py:186} INFO - Started process (PID=5188) to work on /home/airflow/.local/lib/python3.12/site-packages/airflow/example_dags/example_sensor_decorator.py
[2025-03-17T23:30:13.564+0000] {processor.py:914} INFO - Processing file /home/airflow/.local/lib/python3.12/site-packages/airflow/example_dags/example_sensor_decorator.py for tasks to queue
[2025-03-17T23:30:13.565+0000] {logging_mixin.py:190} INFO - [2025-03-17T23:30:13.565+0000] {dagbag.py:588} INFO - Filling up the DagBag from /home/airflow/.local/lib/python3.12/site-packages/airflow/example_dags/example_sensor_decorator.py
[2025-03-17T23:30:13.569+0000] {processor.py:925} INFO - DAG(s) 'example_sensor_decorator' retrieved from /home/airflow/.local/lib/python3.12/site-packages/airflow/example_dags/example_sensor_decorator.py
[2025-03-17T23:30:13.579+0000] {logging_mixin.py:190} INFO - [2025-03-17T23:30:13.579+0000] {dag.py:3239} INFO - Sync 1 DAGs
[2025-03-17T23:30:13.587+0000] {logging_mixin.py:190} INFO - [2025-03-17T23:30:13.587+0000] {dag.py:4180} INFO - Setting next_dagrun for example_sensor_decorator to None, run_after=None
[2025-03-17T23:30:13.596+0000] {processor.py:208} INFO - Processing /home/airflow/.local/lib/python3.12/site-packages/airflow/example_dags/example_sensor_decorator.py took 0.036 seconds
[2025-03-17T23:30:44.159+0000] {processor.py:186} INFO - Started process (PID=5479) to work on /home/airflow/.local/lib/python3.12/site-packages/airflow/example_dags/example_sensor_decorator.py
[2025-03-17T23:30:44.159+0000] {processor.py:914} INFO - Processing file /home/airflow/.local/lib/python3.12/site-packages/airflow/example_dags/example_sensor_decorator.py for tasks to queue
[2025-03-17T23:30:44.161+0000] {logging_mixin.py:190} INFO - [2025-03-17T23:30:44.161+0000] {dagbag.py:588} INFO - Filling up the DagBag from /home/airflow/.local/lib/python3.12/site-packages/airflow/example_dags/example_sensor_decorator.py
[2025-03-17T23:30:44.165+0000] {processor.py:925} INFO - DAG(s) 'example_sensor_decorator' retrieved from /home/airflow/.local/lib/python3.12/site-packages/airflow/example_dags/example_sensor_decorator.py
[2025-03-17T23:30:44.175+0000] {logging_mixin.py:190} INFO - [2025-03-17T23:30:44.175+0000] {dag.py:3239} INFO - Sync 1 DAGs
[2025-03-17T23:30:44.184+0000] {logging_mixin.py:190} INFO - [2025-03-17T23:30:44.183+0000] {dag.py:4180} INFO - Setting next_dagrun for example_sensor_decorator to None, run_after=None
[2025-03-17T23:30:44.192+0000] {processor.py:208} INFO - Processing /home/airflow/.local/lib/python3.12/site-packages/airflow/example_dags/example_sensor_decorator.py took 0.036 seconds
[2025-03-17T23:31:14.768+0000] {processor.py:186} INFO - Started process (PID=5772) to work on /home/airflow/.local/lib/python3.12/site-packages/airflow/example_dags/example_sensor_decorator.py
[2025-03-17T23:31:14.769+0000] {processor.py:914} INFO - Processing file /home/airflow/.local/lib/python3.12/site-packages/airflow/example_dags/example_sensor_decorator.py for tasks to queue
[2025-03-17T23:31:14.770+0000] {logging_mixin.py:190} INFO - [2025-03-17T23:31:14.770+0000] {dagbag.py:588} INFO - Filling up the DagBag from /home/airflow/.local/lib/python3.12/site-packages/airflow/example_dags/example_sensor_decorator.py
[2025-03-17T23:31:14.774+0000] {processor.py:925} INFO - DAG(s) 'example_sensor_decorator' retrieved from /home/airflow/.local/lib/python3.12/site-packages/airflow/example_dags/example_sensor_decorator.py
[2025-03-17T23:31:14.783+0000] {logging_mixin.py:190} INFO - [2025-03-17T23:31:14.783+0000] {dag.py:3239} INFO - Sync 1 DAGs
[2025-03-17T23:31:14.790+0000] {logging_mixin.py:190} INFO - [2025-03-17T23:31:14.790+0000] {dag.py:4180} INFO - Setting next_dagrun for example_sensor_decorator to None, run_after=None
[2025-03-17T23:31:14.798+0000] {processor.py:208} INFO - Processing /home/airflow/.local/lib/python3.12/site-packages/airflow/example_dags/example_sensor_decorator.py took 0.033 seconds
[2025-03-17T23:31:45.289+0000] {processor.py:186} INFO - Started process (PID=6061) to work on /home/airflow/.local/lib/python3.12/site-packages/airflow/example_dags/example_sensor_decorator.py
[2025-03-17T23:31:45.290+0000] {processor.py:914} INFO - Processing file /home/airflow/.local/lib/python3.12/site-packages/airflow/example_dags/example_sensor_decorator.py for tasks to queue
[2025-03-17T23:31:45.291+0000] {logging_mixin.py:190} INFO - [2025-03-17T23:31:45.291+0000] {dagbag.py:588} INFO - Filling up the DagBag from /home/airflow/.local/lib/python3.12/site-packages/airflow/example_dags/example_sensor_decorator.py
[2025-03-17T23:31:45.295+0000] {processor.py:925} INFO - DAG(s) 'example_sensor_decorator' retrieved from /home/airflow/.local/lib/python3.12/site-packages/airflow/example_dags/example_sensor_decorator.py
[2025-03-17T23:31:45.304+0000] {logging_mixin.py:190} INFO - [2025-03-17T23:31:45.304+0000] {dag.py:3239} INFO - Sync 1 DAGs
[2025-03-17T23:31:45.310+0000] {logging_mixin.py:190} INFO - [2025-03-17T23:31:45.310+0000] {dag.py:4180} INFO - Setting next_dagrun for example_sensor_decorator to None, run_after=None
[2025-03-17T23:31:45.318+0000] {processor.py:208} INFO - Processing /home/airflow/.local/lib/python3.12/site-packages/airflow/example_dags/example_sensor_decorator.py took 0.031 seconds
[2025-03-17T23:32:15.846+0000] {processor.py:186} INFO - Started process (PID=6352) to work on /home/airflow/.local/lib/python3.12/site-packages/airflow/example_dags/example_sensor_decorator.py
[2025-03-17T23:32:15.847+0000] {processor.py:914} INFO - Processing file /home/airflow/.local/lib/python3.12/site-packages/airflow/example_dags/example_sensor_decorator.py for tasks to queue
[2025-03-17T23:32:15.848+0000] {logging_mixin.py:190} INFO - [2025-03-17T23:32:15.848+0000] {dagbag.py:588} INFO - Filling up the DagBag from /home/airflow/.local/lib/python3.12/site-packages/airflow/example_dags/example_sensor_decorator.py
[2025-03-17T23:32:15.853+0000] {processor.py:925} INFO - DAG(s) 'example_sensor_decorator' retrieved from /home/airflow/.local/lib/python3.12/site-packages/airflow/example_dags/example_sensor_decorator.py
[2025-03-17T23:32:15.864+0000] {logging_mixin.py:190} INFO - [2025-03-17T23:32:15.864+0000] {dag.py:3239} INFO - Sync 1 DAGs
[2025-03-17T23:32:15.870+0000] {logging_mixin.py:190} INFO - [2025-03-17T23:32:15.870+0000] {dag.py:4180} INFO - Setting next_dagrun for example_sensor_decorator to None, run_after=None
[2025-03-17T23:32:15.878+0000] {processor.py:208} INFO - Processing /home/airflow/.local/lib/python3.12/site-packages/airflow/example_dags/example_sensor_decorator.py took 0.035 seconds
[2025-03-17T23:32:46.550+0000] {processor.py:186} INFO - Started process (PID=6643) to work on /home/airflow/.local/lib/python3.12/site-packages/airflow/example_dags/example_sensor_decorator.py
[2025-03-17T23:32:46.551+0000] {processor.py:914} INFO - Processing file /home/airflow/.local/lib/python3.12/site-packages/airflow/example_dags/example_sensor_decorator.py for tasks to queue
[2025-03-17T23:32:46.552+0000] {logging_mixin.py:190} INFO - [2025-03-17T23:32:46.552+0000] {dagbag.py:588} INFO - Filling up the DagBag from /home/airflow/.local/lib/python3.12/site-packages/airflow/example_dags/example_sensor_decorator.py
[2025-03-17T23:32:46.557+0000] {processor.py:925} INFO - DAG(s) 'example_sensor_decorator' retrieved from /home/airflow/.local/lib/python3.12/site-packages/airflow/example_dags/example_sensor_decorator.py
[2025-03-17T23:32:46.566+0000] {logging_mixin.py:190} INFO - [2025-03-17T23:32:46.566+0000] {dag.py:3239} INFO - Sync 1 DAGs
[2025-03-17T23:32:46.573+0000] {logging_mixin.py:190} INFO - [2025-03-17T23:32:46.573+0000] {dag.py:4180} INFO - Setting next_dagrun for example_sensor_decorator to None, run_after=None
[2025-03-17T23:32:46.581+0000] {processor.py:208} INFO - Processing /home/airflow/.local/lib/python3.12/site-packages/airflow/example_dags/example_sensor_decorator.py took 0.034 seconds
[2025-03-17T23:33:17.003+0000] {processor.py:186} INFO - Started process (PID=6934) to work on /home/airflow/.local/lib/python3.12/site-packages/airflow/example_dags/example_sensor_decorator.py
[2025-03-17T23:33:17.003+0000] {processor.py:914} INFO - Processing file /home/airflow/.local/lib/python3.12/site-packages/airflow/example_dags/example_sensor_decorator.py for tasks to queue
[2025-03-17T23:33:17.004+0000] {logging_mixin.py:190} INFO - [2025-03-17T23:33:17.004+0000] {dagbag.py:588} INFO - Filling up the DagBag from /home/airflow/.local/lib/python3.12/site-packages/airflow/example_dags/example_sensor_decorator.py
[2025-03-17T23:33:17.007+0000] {processor.py:925} INFO - DAG(s) 'example_sensor_decorator' retrieved from /home/airflow/.local/lib/python3.12/site-packages/airflow/example_dags/example_sensor_decorator.py
[2025-03-17T23:33:17.016+0000] {logging_mixin.py:190} INFO - [2025-03-17T23:33:17.016+0000] {dag.py:3239} INFO - Sync 1 DAGs
[2025-03-17T23:33:17.022+0000] {logging_mixin.py:190} INFO - [2025-03-17T23:33:17.022+0000] {dag.py:4180} INFO - Setting next_dagrun for example_sensor_decorator to None, run_after=None
[2025-03-17T23:33:17.031+0000] {processor.py:208} INFO - Processing /home/airflow/.local/lib/python3.12/site-packages/airflow/example_dags/example_sensor_decorator.py took 0.030 seconds
[2025-03-17T23:33:48.052+0000] {processor.py:186} INFO - Started process (PID=7225) to work on /home/airflow/.local/lib/python3.12/site-packages/airflow/example_dags/example_sensor_decorator.py
[2025-03-17T23:33:48.053+0000] {processor.py:914} INFO - Processing file /home/airflow/.local/lib/python3.12/site-packages/airflow/example_dags/example_sensor_decorator.py for tasks to queue
[2025-03-17T23:33:48.054+0000] {logging_mixin.py:190} INFO - [2025-03-17T23:33:48.054+0000] {dagbag.py:588} INFO - Filling up the DagBag from /home/airflow/.local/lib/python3.12/site-packages/airflow/example_dags/example_sensor_decorator.py
[2025-03-17T23:33:48.059+0000] {processor.py:925} INFO - DAG(s) 'example_sensor_decorator' retrieved from /home/airflow/.local/lib/python3.12/site-packages/airflow/example_dags/example_sensor_decorator.py
[2025-03-17T23:33:48.069+0000] {logging_mixin.py:190} INFO - [2025-03-17T23:33:48.068+0000] {dag.py:3239} INFO - Sync 1 DAGs
[2025-03-17T23:33:48.075+0000] {logging_mixin.py:190} INFO - [2025-03-17T23:33:48.075+0000] {dag.py:4180} INFO - Setting next_dagrun for example_sensor_decorator to None, run_after=None
[2025-03-17T23:33:48.083+0000] {processor.py:208} INFO - Processing /home/airflow/.local/lib/python3.12/site-packages/airflow/example_dags/example_sensor_decorator.py took 0.034 seconds
[2025-03-17T23:34:18.776+0000] {processor.py:186} INFO - Started process (PID=7516) to work on /home/airflow/.local/lib/python3.12/site-packages/airflow/example_dags/example_sensor_decorator.py
[2025-03-17T23:34:18.776+0000] {processor.py:914} INFO - Processing file /home/airflow/.local/lib/python3.12/site-packages/airflow/example_dags/example_sensor_decorator.py for tasks to queue
[2025-03-17T23:34:18.777+0000] {logging_mixin.py:190} INFO - [2025-03-17T23:34:18.777+0000] {dagbag.py:588} INFO - Filling up the DagBag from /home/airflow/.local/lib/python3.12/site-packages/airflow/example_dags/example_sensor_decorator.py
[2025-03-17T23:34:18.782+0000] {processor.py:925} INFO - DAG(s) 'example_sensor_decorator' retrieved from /home/airflow/.local/lib/python3.12/site-packages/airflow/example_dags/example_sensor_decorator.py
[2025-03-17T23:34:18.791+0000] {logging_mixin.py:190} INFO - [2025-03-17T23:34:18.791+0000] {dag.py:3239} INFO - Sync 1 DAGs
[2025-03-17T23:34:18.798+0000] {logging_mixin.py:190} INFO - [2025-03-17T23:34:18.798+0000] {dag.py:4180} INFO - Setting next_dagrun for example_sensor_decorator to None, run_after=None
[2025-03-17T23:34:18.807+0000] {processor.py:208} INFO - Processing /home/airflow/.local/lib/python3.12/site-packages/airflow/example_dags/example_sensor_decorator.py took 0.034 seconds
[2025-03-17T23:34:51.102+0000] {processor.py:186} INFO - Started process (PID=7842) to work on /home/airflow/.local/lib/python3.12/site-packages/airflow/example_dags/example_sensor_decorator.py
[2025-03-17T23:34:51.103+0000] {processor.py:914} INFO - Processing file /home/airflow/.local/lib/python3.12/site-packages/airflow/example_dags/example_sensor_decorator.py for tasks to queue
[2025-03-17T23:34:51.104+0000] {logging_mixin.py:190} INFO - [2025-03-17T23:34:51.104+0000] {dagbag.py:588} INFO - Filling up the DagBag from /home/airflow/.local/lib/python3.12/site-packages/airflow/example_dags/example_sensor_decorator.py
[2025-03-17T23:34:51.109+0000] {processor.py:925} INFO - DAG(s) 'example_sensor_decorator' retrieved from /home/airflow/.local/lib/python3.12/site-packages/airflow/example_dags/example_sensor_decorator.py
[2025-03-17T23:34:51.122+0000] {logging_mixin.py:190} INFO - [2025-03-17T23:34:51.122+0000] {dag.py:3239} INFO - Sync 1 DAGs
[2025-03-17T23:34:51.130+0000] {logging_mixin.py:190} INFO - [2025-03-17T23:34:51.130+0000] {dag.py:4180} INFO - Setting next_dagrun for example_sensor_decorator to None, run_after=None
[2025-03-17T23:34:51.139+0000] {processor.py:208} INFO - Processing /home/airflow/.local/lib/python3.12/site-packages/airflow/example_dags/example_sensor_decorator.py took 0.040 seconds
[2025-03-17T23:35:22.062+0000] {processor.py:186} INFO - Started process (PID=8137) to work on /home/airflow/.local/lib/python3.12/site-packages/airflow/example_dags/example_sensor_decorator.py
[2025-03-17T23:35:22.063+0000] {processor.py:914} INFO - Processing file /home/airflow/.local/lib/python3.12/site-packages/airflow/example_dags/example_sensor_decorator.py for tasks to queue
[2025-03-17T23:35:22.064+0000] {logging_mixin.py:190} INFO - [2025-03-17T23:35:22.064+0000] {dagbag.py:588} INFO - Filling up the DagBag from /home/airflow/.local/lib/python3.12/site-packages/airflow/example_dags/example_sensor_decorator.py
[2025-03-17T23:35:22.068+0000] {processor.py:925} INFO - DAG(s) 'example_sensor_decorator' retrieved from /home/airflow/.local/lib/python3.12/site-packages/airflow/example_dags/example_sensor_decorator.py
[2025-03-17T23:35:22.076+0000] {logging_mixin.py:190} INFO - [2025-03-17T23:35:22.076+0000] {dag.py:3239} INFO - Sync 1 DAGs
[2025-03-17T23:35:22.083+0000] {logging_mixin.py:190} INFO - [2025-03-17T23:35:22.083+0000] {dag.py:4180} INFO - Setting next_dagrun for example_sensor_decorator to None, run_after=None
[2025-03-17T23:35:22.091+0000] {processor.py:208} INFO - Processing /home/airflow/.local/lib/python3.12/site-packages/airflow/example_dags/example_sensor_decorator.py took 0.031 seconds
[2025-03-17T23:35:52.855+0000] {processor.py:186} INFO - Started process (PID=8428) to work on /home/airflow/.local/lib/python3.12/site-packages/airflow/example_dags/example_sensor_decorator.py
[2025-03-17T23:35:52.856+0000] {processor.py:914} INFO - Processing file /home/airflow/.local/lib/python3.12/site-packages/airflow/example_dags/example_sensor_decorator.py for tasks to queue
[2025-03-17T23:35:52.857+0000] {logging_mixin.py:190} INFO - [2025-03-17T23:35:52.857+0000] {dagbag.py:588} INFO - Filling up the DagBag from /home/airflow/.local/lib/python3.12/site-packages/airflow/example_dags/example_sensor_decorator.py
[2025-03-17T23:35:52.861+0000] {processor.py:925} INFO - DAG(s) 'example_sensor_decorator' retrieved from /home/airflow/.local/lib/python3.12/site-packages/airflow/example_dags/example_sensor_decorator.py
[2025-03-17T23:35:52.871+0000] {logging_mixin.py:190} INFO - [2025-03-17T23:35:52.870+0000] {dag.py:3239} INFO - Sync 1 DAGs
[2025-03-17T23:35:52.877+0000] {logging_mixin.py:190} INFO - [2025-03-17T23:35:52.877+0000] {dag.py:4180} INFO - Setting next_dagrun for example_sensor_decorator to None, run_after=None
[2025-03-17T23:35:52.886+0000] {processor.py:208} INFO - Processing /home/airflow/.local/lib/python3.12/site-packages/airflow/example_dags/example_sensor_decorator.py took 0.034 seconds
[2025-03-17T23:36:23.311+0000] {processor.py:186} INFO - Started process (PID=8719) to work on /home/airflow/.local/lib/python3.12/site-packages/airflow/example_dags/example_sensor_decorator.py
[2025-03-17T23:36:23.312+0000] {processor.py:914} INFO - Processing file /home/airflow/.local/lib/python3.12/site-packages/airflow/example_dags/example_sensor_decorator.py for tasks to queue
[2025-03-17T23:36:23.313+0000] {logging_mixin.py:190} INFO - [2025-03-17T23:36:23.313+0000] {dagbag.py:588} INFO - Filling up the DagBag from /home/airflow/.local/lib/python3.12/site-packages/airflow/example_dags/example_sensor_decorator.py
[2025-03-17T23:36:23.319+0000] {processor.py:925} INFO - DAG(s) 'example_sensor_decorator' retrieved from /home/airflow/.local/lib/python3.12/site-packages/airflow/example_dags/example_sensor_decorator.py
[2025-03-17T23:36:23.330+0000] {logging_mixin.py:190} INFO - [2025-03-17T23:36:23.330+0000] {dag.py:3239} INFO - Sync 1 DAGs
[2025-03-17T23:36:23.337+0000] {logging_mixin.py:190} INFO - [2025-03-17T23:36:23.337+0000] {dag.py:4180} INFO - Setting next_dagrun for example_sensor_decorator to None, run_after=None
[2025-03-17T23:36:23.346+0000] {processor.py:208} INFO - Processing /home/airflow/.local/lib/python3.12/site-packages/airflow/example_dags/example_sensor_decorator.py took 0.038 seconds
[2025-03-17T23:36:53.592+0000] {processor.py:186} INFO - Started process (PID=9010) to work on /home/airflow/.local/lib/python3.12/site-packages/airflow/example_dags/example_sensor_decorator.py
[2025-03-17T23:36:53.594+0000] {processor.py:914} INFO - Processing file /home/airflow/.local/lib/python3.12/site-packages/airflow/example_dags/example_sensor_decorator.py for tasks to queue
[2025-03-17T23:36:53.599+0000] {logging_mixin.py:190} INFO - [2025-03-17T23:36:53.598+0000] {dagbag.py:588} INFO - Filling up the DagBag from /home/airflow/.local/lib/python3.12/site-packages/airflow/example_dags/example_sensor_decorator.py
[2025-03-17T23:36:53.603+0000] {processor.py:925} INFO - DAG(s) 'example_sensor_decorator' retrieved from /home/airflow/.local/lib/python3.12/site-packages/airflow/example_dags/example_sensor_decorator.py
[2025-03-17T23:36:53.618+0000] {logging_mixin.py:190} INFO - [2025-03-17T23:36:53.618+0000] {dag.py:3239} INFO - Sync 1 DAGs
[2025-03-17T23:36:53.626+0000] {logging_mixin.py:190} INFO - [2025-03-17T23:36:53.626+0000] {dag.py:4180} INFO - Setting next_dagrun for example_sensor_decorator to None, run_after=None
[2025-03-17T23:36:53.636+0000] {processor.py:208} INFO - Processing /home/airflow/.local/lib/python3.12/site-packages/airflow/example_dags/example_sensor_decorator.py took 0.047 seconds
[2025-03-17T23:37:24.172+0000] {processor.py:186} INFO - Started process (PID=9301) to work on /home/airflow/.local/lib/python3.12/site-packages/airflow/example_dags/example_sensor_decorator.py
[2025-03-17T23:37:24.172+0000] {processor.py:914} INFO - Processing file /home/airflow/.local/lib/python3.12/site-packages/airflow/example_dags/example_sensor_decorator.py for tasks to queue
[2025-03-17T23:37:24.174+0000] {logging_mixin.py:190} INFO - [2025-03-17T23:37:24.173+0000] {dagbag.py:588} INFO - Filling up the DagBag from /home/airflow/.local/lib/python3.12/site-packages/airflow/example_dags/example_sensor_decorator.py
[2025-03-17T23:37:24.179+0000] {processor.py:925} INFO - DAG(s) 'example_sensor_decorator' retrieved from /home/airflow/.local/lib/python3.12/site-packages/airflow/example_dags/example_sensor_decorator.py
[2025-03-17T23:37:24.197+0000] {logging_mixin.py:190} INFO - [2025-03-17T23:37:24.197+0000] {dag.py:3239} INFO - Sync 1 DAGs
[2025-03-17T23:37:24.205+0000] {logging_mixin.py:190} INFO - [2025-03-17T23:37:24.205+0000] {dag.py:4180} INFO - Setting next_dagrun for example_sensor_decorator to None, run_after=None
[2025-03-17T23:37:24.217+0000] {processor.py:208} INFO - Processing /home/airflow/.local/lib/python3.12/site-packages/airflow/example_dags/example_sensor_decorator.py took 0.048 seconds
