[2025-03-17T23:21:32.531+0000] {processor.py:186} INFO - Started process (PID=257) to work on /home/airflow/.local/lib/python3.12/site-packages/airflow/example_dags/example_outlet_event_extra.py
[2025-03-17T23:21:32.531+0000] {processor.py:914} INFO - Processing file /home/airflow/.local/lib/python3.12/site-packages/airflow/example_dags/example_outlet_event_extra.py for tasks to queue
[2025-03-17T23:21:32.534+0000] {logging_mixin.py:190} INFO - [2025-03-17T23:21:32.533+0000] {dagbag.py:588} INFO - Filling up the DagBag from /home/airflow/.local/lib/python3.12/site-packages/airflow/example_dags/example_outlet_event_extra.py
[2025-03-17T23:21:33.710+0000] {processor.py:925} INFO - DAG(s) 'dataset_with_extra_by_context', 'dataset_with_extra_from_classic_operator', 'dataset_with_extra_by_yield' retrieved from /home/airflow/.local/lib/python3.12/site-packages/airflow/example_dags/example_outlet_event_extra.py
[2025-03-17T23:21:34.105+0000] {logging_mixin.py:190} INFO - [2025-03-17T23:21:34.104+0000] {override.py:1912} INFO - Created Permission View: can edit on DAG:dataset_with_extra_by_context
[2025-03-17T23:21:34.111+0000] {logging_mixin.py:190} INFO - [2025-03-17T23:21:34.110+0000] {override.py:1912} INFO - Created Permission View: can read on DAG:dataset_with_extra_by_context
[2025-03-17T23:21:34.114+0000] {logging_mixin.py:190} INFO - [2025-03-17T23:21:34.114+0000] {override.py:1912} INFO - Created Permission View: can delete on DAG:dataset_with_extra_by_context
[2025-03-17T23:21:34.118+0000] {logging_mixin.py:190} INFO - [2025-03-17T23:21:34.118+0000] {override.py:1912} INFO - Created Permission View: can create on DAG Run:dataset_with_extra_by_context
[2025-03-17T23:21:34.123+0000] {logging_mixin.py:190} INFO - [2025-03-17T23:21:34.122+0000] {override.py:1912} INFO - Created Permission View: menu access on DAG Run:dataset_with_extra_by_context
[2025-03-17T23:21:34.126+0000] {logging_mixin.py:190} INFO - [2025-03-17T23:21:34.126+0000] {override.py:1912} INFO - Created Permission View: can read on DAG Run:dataset_with_extra_by_context
[2025-03-17T23:21:34.129+0000] {logging_mixin.py:190} INFO - [2025-03-17T23:21:34.129+0000] {override.py:1912} INFO - Created Permission View: can delete on DAG Run:dataset_with_extra_by_context
[2025-03-17T23:21:34.136+0000] {logging_mixin.py:190} INFO - [2025-03-17T23:21:34.136+0000] {override.py:1912} INFO - Created Permission View: can edit on DAG:dataset_with_extra_from_classic_operator
[2025-03-17T23:21:34.140+0000] {logging_mixin.py:190} INFO - [2025-03-17T23:21:34.140+0000] {override.py:1912} INFO - Created Permission View: can read on DAG:dataset_with_extra_from_classic_operator
[2025-03-17T23:21:34.144+0000] {logging_mixin.py:190} INFO - [2025-03-17T23:21:34.144+0000] {override.py:1912} INFO - Created Permission View: can delete on DAG:dataset_with_extra_from_classic_operator
[2025-03-17T23:21:34.148+0000] {logging_mixin.py:190} INFO - [2025-03-17T23:21:34.148+0000] {override.py:1912} INFO - Created Permission View: can create on DAG Run:dataset_with_extra_from_classic_operator
[2025-03-17T23:21:34.151+0000] {logging_mixin.py:190} INFO - [2025-03-17T23:21:34.151+0000] {override.py:1912} INFO - Created Permission View: menu access on DAG Run:dataset_with_extra_from_classic_operator
[2025-03-17T23:21:34.154+0000] {logging_mixin.py:190} INFO - [2025-03-17T23:21:34.154+0000] {override.py:1912} INFO - Created Permission View: can read on DAG Run:dataset_with_extra_from_classic_operator
[2025-03-17T23:21:34.157+0000] {logging_mixin.py:190} INFO - [2025-03-17T23:21:34.157+0000] {override.py:1912} INFO - Created Permission View: can delete on DAG Run:dataset_with_extra_from_classic_operator
[2025-03-17T23:21:34.163+0000] {logging_mixin.py:190} INFO - [2025-03-17T23:21:34.163+0000] {override.py:1912} INFO - Created Permission View: can edit on DAG:dataset_with_extra_by_yield
[2025-03-17T23:21:34.166+0000] {logging_mixin.py:190} INFO - [2025-03-17T23:21:34.166+0000] {override.py:1912} INFO - Created Permission View: can read on DAG:dataset_with_extra_by_yield
[2025-03-17T23:21:34.169+0000] {logging_mixin.py:190} INFO - [2025-03-17T23:21:34.168+0000] {override.py:1912} INFO - Created Permission View: can delete on DAG:dataset_with_extra_by_yield
[2025-03-17T23:21:34.172+0000] {logging_mixin.py:190} INFO - [2025-03-17T23:21:34.172+0000] {override.py:1912} INFO - Created Permission View: can create on DAG Run:dataset_with_extra_by_yield
[2025-03-17T23:21:34.175+0000] {logging_mixin.py:190} INFO - [2025-03-17T23:21:34.174+0000] {override.py:1912} INFO - Created Permission View: menu access on DAG Run:dataset_with_extra_by_yield
[2025-03-17T23:21:34.177+0000] {logging_mixin.py:190} INFO - [2025-03-17T23:21:34.177+0000] {override.py:1912} INFO - Created Permission View: can read on DAG Run:dataset_with_extra_by_yield
[2025-03-17T23:21:34.180+0000] {logging_mixin.py:190} INFO - [2025-03-17T23:21:34.180+0000] {override.py:1912} INFO - Created Permission View: can delete on DAG Run:dataset_with_extra_by_yield
[2025-03-17T23:21:34.180+0000] {logging_mixin.py:190} INFO - [2025-03-17T23:21:34.180+0000] {dag.py:3239} INFO - Sync 3 DAGs
[2025-03-17T23:21:34.188+0000] {logging_mixin.py:190} INFO - [2025-03-17T23:21:34.188+0000] {dag.py:3262} INFO - Creating ORM DAG for dataset_with_extra_from_classic_operator
[2025-03-17T23:21:34.189+0000] {logging_mixin.py:190} INFO - [2025-03-17T23:21:34.188+0000] {dag.py:3262} INFO - Creating ORM DAG for dataset_with_extra_by_context
[2025-03-17T23:21:34.189+0000] {logging_mixin.py:190} INFO - [2025-03-17T23:21:34.189+0000] {dag.py:3262} INFO - Creating ORM DAG for dataset_with_extra_by_yield
[2025-03-17T23:21:34.199+0000] {logging_mixin.py:190} INFO - [2025-03-17T23:21:34.199+0000] {dag.py:4180} INFO - Setting next_dagrun for dataset_with_extra_by_context to 2025-03-16 00:00:00+00:00, run_after=2025-03-17 00:00:00+00:00
[2025-03-17T23:21:34.200+0000] {logging_mixin.py:190} INFO - [2025-03-17T23:21:34.200+0000] {dag.py:4180} INFO - Setting next_dagrun for dataset_with_extra_by_yield to 2025-03-16 00:00:00+00:00, run_after=2025-03-17 00:00:00+00:00
[2025-03-17T23:21:34.201+0000] {logging_mixin.py:190} INFO - [2025-03-17T23:21:34.201+0000] {dag.py:4180} INFO - Setting next_dagrun for dataset_with_extra_from_classic_operator to 2025-03-16 00:00:00+00:00, run_after=2025-03-17 00:00:00+00:00
[2025-03-17T23:21:34.215+0000] {processor.py:208} INFO - Processing /home/airflow/.local/lib/python3.12/site-packages/airflow/example_dags/example_outlet_event_extra.py took 1.691 seconds
[2025-03-17T23:22:04.300+0000] {processor.py:186} INFO - Started process (PID=550) to work on /home/airflow/.local/lib/python3.12/site-packages/airflow/example_dags/example_outlet_event_extra.py
[2025-03-17T23:22:04.301+0000] {processor.py:914} INFO - Processing file /home/airflow/.local/lib/python3.12/site-packages/airflow/example_dags/example_outlet_event_extra.py for tasks to queue
[2025-03-17T23:22:04.303+0000] {logging_mixin.py:190} INFO - [2025-03-17T23:22:04.303+0000] {dagbag.py:588} INFO - Filling up the DagBag from /home/airflow/.local/lib/python3.12/site-packages/airflow/example_dags/example_outlet_event_extra.py
[2025-03-17T23:22:04.661+0000] {processor.py:925} INFO - DAG(s) 'dataset_with_extra_by_yield', 'dataset_with_extra_by_context', 'dataset_with_extra_from_classic_operator' retrieved from /home/airflow/.local/lib/python3.12/site-packages/airflow/example_dags/example_outlet_event_extra.py
[2025-03-17T23:22:04.673+0000] {logging_mixin.py:190} INFO - [2025-03-17T23:22:04.672+0000] {dag.py:3239} INFO - Sync 3 DAGs
[2025-03-17T23:22:04.682+0000] {logging_mixin.py:190} INFO - [2025-03-17T23:22:04.682+0000] {dag.py:4180} INFO - Setting next_dagrun for dataset_with_extra_by_context to 2025-03-16 00:00:00+00:00, run_after=2025-03-17 00:00:00+00:00
[2025-03-17T23:22:04.684+0000] {logging_mixin.py:190} INFO - [2025-03-17T23:22:04.684+0000] {dag.py:4180} INFO - Setting next_dagrun for dataset_with_extra_by_yield to 2025-03-16 00:00:00+00:00, run_after=2025-03-17 00:00:00+00:00
[2025-03-17T23:22:04.685+0000] {logging_mixin.py:190} INFO - [2025-03-17T23:22:04.685+0000] {dag.py:4180} INFO - Setting next_dagrun for dataset_with_extra_from_classic_operator to 2025-03-16 00:00:00+00:00, run_after=2025-03-17 00:00:00+00:00
[2025-03-17T23:22:04.695+0000] {processor.py:208} INFO - Processing /home/airflow/.local/lib/python3.12/site-packages/airflow/example_dags/example_outlet_event_extra.py took 0.403 seconds
[2025-03-17T23:22:35.531+0000] {processor.py:186} INFO - Started process (PID=841) to work on /home/airflow/.local/lib/python3.12/site-packages/airflow/example_dags/example_outlet_event_extra.py
[2025-03-17T23:22:35.532+0000] {processor.py:914} INFO - Processing file /home/airflow/.local/lib/python3.12/site-packages/airflow/example_dags/example_outlet_event_extra.py for tasks to queue
[2025-03-17T23:22:35.534+0000] {logging_mixin.py:190} INFO - [2025-03-17T23:22:35.534+0000] {dagbag.py:588} INFO - Filling up the DagBag from /home/airflow/.local/lib/python3.12/site-packages/airflow/example_dags/example_outlet_event_extra.py
[2025-03-17T23:22:35.774+0000] {processor.py:925} INFO - DAG(s) 'dataset_with_extra_from_classic_operator', 'dataset_with_extra_by_context', 'dataset_with_extra_by_yield' retrieved from /home/airflow/.local/lib/python3.12/site-packages/airflow/example_dags/example_outlet_event_extra.py
[2025-03-17T23:22:35.989+0000] {logging_mixin.py:190} INFO - [2025-03-17T23:22:35.989+0000] {dag.py:3239} INFO - Sync 3 DAGs
[2025-03-17T23:22:36.001+0000] {logging_mixin.py:190} INFO - [2025-03-17T23:22:36.000+0000] {dag.py:4180} INFO - Setting next_dagrun for dataset_with_extra_by_context to 2025-03-16 00:00:00+00:00, run_after=2025-03-17 00:00:00+00:00
[2025-03-17T23:22:36.003+0000] {logging_mixin.py:190} INFO - [2025-03-17T23:22:36.003+0000] {dag.py:4180} INFO - Setting next_dagrun for dataset_with_extra_by_yield to 2025-03-16 00:00:00+00:00, run_after=2025-03-17 00:00:00+00:00
[2025-03-17T23:22:36.004+0000] {logging_mixin.py:190} INFO - [2025-03-17T23:22:36.004+0000] {dag.py:4180} INFO - Setting next_dagrun for dataset_with_extra_from_classic_operator to 2025-03-16 00:00:00+00:00, run_after=2025-03-17 00:00:00+00:00
[2025-03-17T23:22:36.013+0000] {processor.py:208} INFO - Processing /home/airflow/.local/lib/python3.12/site-packages/airflow/example_dags/example_outlet_event_extra.py took 0.488 seconds
[2025-03-17T23:23:06.542+0000] {processor.py:186} INFO - Started process (PID=1132) to work on /home/airflow/.local/lib/python3.12/site-packages/airflow/example_dags/example_outlet_event_extra.py
[2025-03-17T23:23:06.544+0000] {processor.py:914} INFO - Processing file /home/airflow/.local/lib/python3.12/site-packages/airflow/example_dags/example_outlet_event_extra.py for tasks to queue
[2025-03-17T23:23:06.546+0000] {logging_mixin.py:190} INFO - [2025-03-17T23:23:06.546+0000] {dagbag.py:588} INFO - Filling up the DagBag from /home/airflow/.local/lib/python3.12/site-packages/airflow/example_dags/example_outlet_event_extra.py
[2025-03-17T23:23:06.746+0000] {processor.py:925} INFO - DAG(s) 'dataset_with_extra_from_classic_operator', 'dataset_with_extra_by_yield', 'dataset_with_extra_by_context' retrieved from /home/airflow/.local/lib/python3.12/site-packages/airflow/example_dags/example_outlet_event_extra.py
[2025-03-17T23:23:06.761+0000] {logging_mixin.py:190} INFO - [2025-03-17T23:23:06.761+0000] {dag.py:3239} INFO - Sync 3 DAGs
[2025-03-17T23:23:06.947+0000] {logging_mixin.py:190} INFO - [2025-03-17T23:23:06.947+0000] {dag.py:4180} INFO - Setting next_dagrun for dataset_with_extra_by_context to 2025-03-16 00:00:00+00:00, run_after=2025-03-17 00:00:00+00:00
[2025-03-17T23:23:06.949+0000] {logging_mixin.py:190} INFO - [2025-03-17T23:23:06.949+0000] {dag.py:4180} INFO - Setting next_dagrun for dataset_with_extra_by_yield to 2025-03-16 00:00:00+00:00, run_after=2025-03-17 00:00:00+00:00
[2025-03-17T23:23:06.950+0000] {logging_mixin.py:190} INFO - [2025-03-17T23:23:06.950+0000] {dag.py:4180} INFO - Setting next_dagrun for dataset_with_extra_from_classic_operator to 2025-03-16 00:00:00+00:00, run_after=2025-03-17 00:00:00+00:00
[2025-03-17T23:23:06.959+0000] {processor.py:208} INFO - Processing /home/airflow/.local/lib/python3.12/site-packages/airflow/example_dags/example_outlet_event_extra.py took 0.427 seconds
[2025-03-17T23:23:37.491+0000] {processor.py:186} INFO - Started process (PID=1423) to work on /home/airflow/.local/lib/python3.12/site-packages/airflow/example_dags/example_outlet_event_extra.py
[2025-03-17T23:23:37.492+0000] {processor.py:914} INFO - Processing file /home/airflow/.local/lib/python3.12/site-packages/airflow/example_dags/example_outlet_event_extra.py for tasks to queue
[2025-03-17T23:23:37.494+0000] {logging_mixin.py:190} INFO - [2025-03-17T23:23:37.493+0000] {dagbag.py:588} INFO - Filling up the DagBag from /home/airflow/.local/lib/python3.12/site-packages/airflow/example_dags/example_outlet_event_extra.py
[2025-03-17T23:23:37.800+0000] {processor.py:925} INFO - DAG(s) 'dataset_with_extra_from_classic_operator', 'dataset_with_extra_by_context', 'dataset_with_extra_by_yield' retrieved from /home/airflow/.local/lib/python3.12/site-packages/airflow/example_dags/example_outlet_event_extra.py
[2025-03-17T23:23:37.818+0000] {logging_mixin.py:190} INFO - [2025-03-17T23:23:37.818+0000] {dag.py:3239} INFO - Sync 3 DAGs
[2025-03-17T23:23:38.051+0000] {logging_mixin.py:190} INFO - [2025-03-17T23:23:38.050+0000] {dag.py:4180} INFO - Setting next_dagrun for dataset_with_extra_by_context to 2025-03-16 00:00:00+00:00, run_after=2025-03-17 00:00:00+00:00
[2025-03-17T23:23:38.053+0000] {logging_mixin.py:190} INFO - [2025-03-17T23:23:38.053+0000] {dag.py:4180} INFO - Setting next_dagrun for dataset_with_extra_by_yield to 2025-03-16 00:00:00+00:00, run_after=2025-03-17 00:00:00+00:00
[2025-03-17T23:23:38.054+0000] {logging_mixin.py:190} INFO - [2025-03-17T23:23:38.054+0000] {dag.py:4180} INFO - Setting next_dagrun for dataset_with_extra_from_classic_operator to 2025-03-16 00:00:00+00:00, run_after=2025-03-17 00:00:00+00:00
[2025-03-17T23:23:38.064+0000] {processor.py:208} INFO - Processing /home/airflow/.local/lib/python3.12/site-packages/airflow/example_dags/example_outlet_event_extra.py took 0.579 seconds
[2025-03-17T23:24:08.652+0000] {processor.py:186} INFO - Started process (PID=1714) to work on /home/airflow/.local/lib/python3.12/site-packages/airflow/example_dags/example_outlet_event_extra.py
[2025-03-17T23:24:08.653+0000] {processor.py:914} INFO - Processing file /home/airflow/.local/lib/python3.12/site-packages/airflow/example_dags/example_outlet_event_extra.py for tasks to queue
[2025-03-17T23:24:08.655+0000] {logging_mixin.py:190} INFO - [2025-03-17T23:24:08.655+0000] {dagbag.py:588} INFO - Filling up the DagBag from /home/airflow/.local/lib/python3.12/site-packages/airflow/example_dags/example_outlet_event_extra.py
[2025-03-17T23:24:09.024+0000] {processor.py:925} INFO - DAG(s) 'dataset_with_extra_from_classic_operator', 'dataset_with_extra_by_yield', 'dataset_with_extra_by_context' retrieved from /home/airflow/.local/lib/python3.12/site-packages/airflow/example_dags/example_outlet_event_extra.py
[2025-03-17T23:24:09.045+0000] {logging_mixin.py:190} INFO - [2025-03-17T23:24:09.045+0000] {dag.py:3239} INFO - Sync 3 DAGs
[2025-03-17T23:24:09.056+0000] {logging_mixin.py:190} INFO - [2025-03-17T23:24:09.056+0000] {dag.py:4180} INFO - Setting next_dagrun for dataset_with_extra_by_context to 2025-03-16 00:00:00+00:00, run_after=2025-03-17 00:00:00+00:00
[2025-03-17T23:24:09.058+0000] {logging_mixin.py:190} INFO - [2025-03-17T23:24:09.058+0000] {dag.py:4180} INFO - Setting next_dagrun for dataset_with_extra_by_yield to 2025-03-16 00:00:00+00:00, run_after=2025-03-17 00:00:00+00:00
[2025-03-17T23:24:09.059+0000] {logging_mixin.py:190} INFO - [2025-03-17T23:24:09.059+0000] {dag.py:4180} INFO - Setting next_dagrun for dataset_with_extra_from_classic_operator to 2025-03-16 00:00:00+00:00, run_after=2025-03-17 00:00:00+00:00
[2025-03-17T23:24:09.068+0000] {processor.py:208} INFO - Processing /home/airflow/.local/lib/python3.12/site-packages/airflow/example_dags/example_outlet_event_extra.py took 0.421 seconds
[2025-03-17T23:24:39.673+0000] {processor.py:186} INFO - Started process (PID=2004) to work on /home/airflow/.local/lib/python3.12/site-packages/airflow/example_dags/example_outlet_event_extra.py
[2025-03-17T23:24:39.675+0000] {processor.py:914} INFO - Processing file /home/airflow/.local/lib/python3.12/site-packages/airflow/example_dags/example_outlet_event_extra.py for tasks to queue
[2025-03-17T23:24:39.677+0000] {logging_mixin.py:190} INFO - [2025-03-17T23:24:39.677+0000] {dagbag.py:588} INFO - Filling up the DagBag from /home/airflow/.local/lib/python3.12/site-packages/airflow/example_dags/example_outlet_event_extra.py
[2025-03-17T23:24:40.074+0000] {processor.py:925} INFO - DAG(s) 'dataset_with_extra_by_yield', 'dataset_with_extra_from_classic_operator', 'dataset_with_extra_by_context' retrieved from /home/airflow/.local/lib/python3.12/site-packages/airflow/example_dags/example_outlet_event_extra.py
[2025-03-17T23:24:40.088+0000] {logging_mixin.py:190} INFO - [2025-03-17T23:24:40.088+0000] {dag.py:3239} INFO - Sync 3 DAGs
[2025-03-17T23:24:40.103+0000] {logging_mixin.py:190} INFO - [2025-03-17T23:24:40.103+0000] {dag.py:4180} INFO - Setting next_dagrun for dataset_with_extra_by_context to 2025-03-16 00:00:00+00:00, run_after=2025-03-17 00:00:00+00:00
[2025-03-17T23:24:40.121+0000] {logging_mixin.py:190} INFO - [2025-03-17T23:24:40.121+0000] {dag.py:4180} INFO - Setting next_dagrun for dataset_with_extra_by_yield to 2025-03-16 00:00:00+00:00, run_after=2025-03-17 00:00:00+00:00
[2025-03-17T23:24:40.123+0000] {logging_mixin.py:190} INFO - [2025-03-17T23:24:40.123+0000] {dag.py:4180} INFO - Setting next_dagrun for dataset_with_extra_from_classic_operator to 2025-03-16 00:00:00+00:00, run_after=2025-03-17 00:00:00+00:00
[2025-03-17T23:24:40.146+0000] {processor.py:208} INFO - Processing /home/airflow/.local/lib/python3.12/site-packages/airflow/example_dags/example_outlet_event_extra.py took 0.482 seconds
[2025-03-17T23:25:11.053+0000] {processor.py:186} INFO - Started process (PID=2295) to work on /home/airflow/.local/lib/python3.12/site-packages/airflow/example_dags/example_outlet_event_extra.py
[2025-03-17T23:25:11.055+0000] {processor.py:914} INFO - Processing file /home/airflow/.local/lib/python3.12/site-packages/airflow/example_dags/example_outlet_event_extra.py for tasks to queue
[2025-03-17T23:25:11.059+0000] {logging_mixin.py:190} INFO - [2025-03-17T23:25:11.059+0000] {dagbag.py:588} INFO - Filling up the DagBag from /home/airflow/.local/lib/python3.12/site-packages/airflow/example_dags/example_outlet_event_extra.py
[2025-03-17T23:25:11.295+0000] {processor.py:925} INFO - DAG(s) 'dataset_with_extra_by_yield', 'dataset_with_extra_from_classic_operator', 'dataset_with_extra_by_context' retrieved from /home/airflow/.local/lib/python3.12/site-packages/airflow/example_dags/example_outlet_event_extra.py
[2025-03-17T23:25:11.487+0000] {logging_mixin.py:190} INFO - [2025-03-17T23:25:11.487+0000] {dag.py:3239} INFO - Sync 3 DAGs
[2025-03-17T23:25:11.500+0000] {logging_mixin.py:190} INFO - [2025-03-17T23:25:11.499+0000] {dag.py:4180} INFO - Setting next_dagrun for dataset_with_extra_by_context to 2025-03-16 00:00:00+00:00, run_after=2025-03-17 00:00:00+00:00
[2025-03-17T23:25:11.502+0000] {logging_mixin.py:190} INFO - [2025-03-17T23:25:11.502+0000] {dag.py:4180} INFO - Setting next_dagrun for dataset_with_extra_by_yield to 2025-03-16 00:00:00+00:00, run_after=2025-03-17 00:00:00+00:00
[2025-03-17T23:25:11.503+0000] {logging_mixin.py:190} INFO - [2025-03-17T23:25:11.503+0000] {dag.py:4180} INFO - Setting next_dagrun for dataset_with_extra_from_classic_operator to 2025-03-16 00:00:00+00:00, run_after=2025-03-17 00:00:00+00:00
[2025-03-17T23:25:11.512+0000] {processor.py:208} INFO - Processing /home/airflow/.local/lib/python3.12/site-packages/airflow/example_dags/example_outlet_event_extra.py took 0.470 seconds
[2025-03-17T23:25:42.194+0000] {processor.py:186} INFO - Started process (PID=2586) to work on /home/airflow/.local/lib/python3.12/site-packages/airflow/example_dags/example_outlet_event_extra.py
[2025-03-17T23:25:42.196+0000] {processor.py:914} INFO - Processing file /home/airflow/.local/lib/python3.12/site-packages/airflow/example_dags/example_outlet_event_extra.py for tasks to queue
[2025-03-17T23:25:42.200+0000] {logging_mixin.py:190} INFO - [2025-03-17T23:25:42.200+0000] {dagbag.py:588} INFO - Filling up the DagBag from /home/airflow/.local/lib/python3.12/site-packages/airflow/example_dags/example_outlet_event_extra.py
[2025-03-17T23:25:42.636+0000] {processor.py:925} INFO - DAG(s) 'dataset_with_extra_by_yield', 'dataset_with_extra_from_classic_operator', 'dataset_with_extra_by_context' retrieved from /home/airflow/.local/lib/python3.12/site-packages/airflow/example_dags/example_outlet_event_extra.py
[2025-03-17T23:25:42.660+0000] {logging_mixin.py:190} INFO - [2025-03-17T23:25:42.660+0000] {dag.py:3239} INFO - Sync 3 DAGs
[2025-03-17T23:25:42.695+0000] {logging_mixin.py:190} INFO - [2025-03-17T23:25:42.695+0000] {dag.py:4180} INFO - Setting next_dagrun for dataset_with_extra_by_context to 2025-03-16 00:00:00+00:00, run_after=2025-03-17 00:00:00+00:00
[2025-03-17T23:25:42.699+0000] {logging_mixin.py:190} INFO - [2025-03-17T23:25:42.698+0000] {dag.py:4180} INFO - Setting next_dagrun for dataset_with_extra_by_yield to 2025-03-16 00:00:00+00:00, run_after=2025-03-17 00:00:00+00:00
[2025-03-17T23:25:42.701+0000] {logging_mixin.py:190} INFO - [2025-03-17T23:25:42.701+0000] {dag.py:4180} INFO - Setting next_dagrun for dataset_with_extra_from_classic_operator to 2025-03-16 00:00:00+00:00, run_after=2025-03-17 00:00:00+00:00
[2025-03-17T23:25:42.726+0000] {processor.py:208} INFO - Processing /home/airflow/.local/lib/python3.12/site-packages/airflow/example_dags/example_outlet_event_extra.py took 0.555 seconds
[2025-03-17T23:26:13.595+0000] {processor.py:186} INFO - Started process (PID=2877) to work on /home/airflow/.local/lib/python3.12/site-packages/airflow/example_dags/example_outlet_event_extra.py
[2025-03-17T23:26:13.597+0000] {processor.py:914} INFO - Processing file /home/airflow/.local/lib/python3.12/site-packages/airflow/example_dags/example_outlet_event_extra.py for tasks to queue
[2025-03-17T23:26:13.600+0000] {logging_mixin.py:190} INFO - [2025-03-17T23:26:13.599+0000] {dagbag.py:588} INFO - Filling up the DagBag from /home/airflow/.local/lib/python3.12/site-packages/airflow/example_dags/example_outlet_event_extra.py
[2025-03-17T23:26:13.975+0000] {processor.py:925} INFO - DAG(s) 'dataset_with_extra_by_yield', 'dataset_with_extra_by_context', 'dataset_with_extra_from_classic_operator' retrieved from /home/airflow/.local/lib/python3.12/site-packages/airflow/example_dags/example_outlet_event_extra.py
[2025-03-17T23:26:13.986+0000] {logging_mixin.py:190} INFO - [2025-03-17T23:26:13.986+0000] {dag.py:3239} INFO - Sync 3 DAGs
[2025-03-17T23:26:13.998+0000] {logging_mixin.py:190} INFO - [2025-03-17T23:26:13.998+0000] {dag.py:4180} INFO - Setting next_dagrun for dataset_with_extra_by_context to 2025-03-16 00:00:00+00:00, run_after=2025-03-17 00:00:00+00:00
[2025-03-17T23:26:14.000+0000] {logging_mixin.py:190} INFO - [2025-03-17T23:26:14.000+0000] {dag.py:4180} INFO - Setting next_dagrun for dataset_with_extra_by_yield to 2025-03-16 00:00:00+00:00, run_after=2025-03-17 00:00:00+00:00
[2025-03-17T23:26:14.001+0000] {logging_mixin.py:190} INFO - [2025-03-17T23:26:14.001+0000] {dag.py:4180} INFO - Setting next_dagrun for dataset_with_extra_from_classic_operator to 2025-03-16 00:00:00+00:00, run_after=2025-03-17 00:00:00+00:00
[2025-03-17T23:26:14.010+0000] {processor.py:208} INFO - Processing /home/airflow/.local/lib/python3.12/site-packages/airflow/example_dags/example_outlet_event_extra.py took 0.422 seconds
[2025-03-17T23:26:44.383+0000] {processor.py:186} INFO - Started process (PID=3168) to work on /home/airflow/.local/lib/python3.12/site-packages/airflow/example_dags/example_outlet_event_extra.py
[2025-03-17T23:26:44.386+0000] {processor.py:914} INFO - Processing file /home/airflow/.local/lib/python3.12/site-packages/airflow/example_dags/example_outlet_event_extra.py for tasks to queue
[2025-03-17T23:26:44.389+0000] {logging_mixin.py:190} INFO - [2025-03-17T23:26:44.389+0000] {dagbag.py:588} INFO - Filling up the DagBag from /home/airflow/.local/lib/python3.12/site-packages/airflow/example_dags/example_outlet_event_extra.py
[2025-03-17T23:26:44.811+0000] {processor.py:925} INFO - DAG(s) 'dataset_with_extra_by_yield', 'dataset_with_extra_from_classic_operator', 'dataset_with_extra_by_context' retrieved from /home/airflow/.local/lib/python3.12/site-packages/airflow/example_dags/example_outlet_event_extra.py
[2025-03-17T23:26:44.828+0000] {logging_mixin.py:190} INFO - [2025-03-17T23:26:44.827+0000] {dag.py:3239} INFO - Sync 3 DAGs
[2025-03-17T23:26:44.840+0000] {logging_mixin.py:190} INFO - [2025-03-17T23:26:44.839+0000] {dag.py:4180} INFO - Setting next_dagrun for dataset_with_extra_by_context to 2025-03-16 00:00:00+00:00, run_after=2025-03-17 00:00:00+00:00
[2025-03-17T23:26:44.842+0000] {logging_mixin.py:190} INFO - [2025-03-17T23:26:44.842+0000] {dag.py:4180} INFO - Setting next_dagrun for dataset_with_extra_by_yield to 2025-03-16 00:00:00+00:00, run_after=2025-03-17 00:00:00+00:00
[2025-03-17T23:26:44.843+0000] {logging_mixin.py:190} INFO - [2025-03-17T23:26:44.843+0000] {dag.py:4180} INFO - Setting next_dagrun for dataset_with_extra_from_classic_operator to 2025-03-16 00:00:00+00:00, run_after=2025-03-17 00:00:00+00:00
[2025-03-17T23:26:44.853+0000] {processor.py:208} INFO - Processing /home/airflow/.local/lib/python3.12/site-packages/airflow/example_dags/example_outlet_event_extra.py took 0.479 seconds
[2025-03-17T23:27:15.351+0000] {processor.py:186} INFO - Started process (PID=3459) to work on /home/airflow/.local/lib/python3.12/site-packages/airflow/example_dags/example_outlet_event_extra.py
[2025-03-17T23:27:15.356+0000] {processor.py:914} INFO - Processing file /home/airflow/.local/lib/python3.12/site-packages/airflow/example_dags/example_outlet_event_extra.py for tasks to queue
[2025-03-17T23:27:15.370+0000] {logging_mixin.py:190} INFO - [2025-03-17T23:27:15.369+0000] {dagbag.py:588} INFO - Filling up the DagBag from /home/airflow/.local/lib/python3.12/site-packages/airflow/example_dags/example_outlet_event_extra.py
[2025-03-17T23:27:15.772+0000] {processor.py:925} INFO - DAG(s) 'dataset_with_extra_from_classic_operator', 'dataset_with_extra_by_context', 'dataset_with_extra_by_yield' retrieved from /home/airflow/.local/lib/python3.12/site-packages/airflow/example_dags/example_outlet_event_extra.py
[2025-03-17T23:27:15.790+0000] {logging_mixin.py:190} INFO - [2025-03-17T23:27:15.789+0000] {dag.py:3239} INFO - Sync 3 DAGs
[2025-03-17T23:27:15.803+0000] {logging_mixin.py:190} INFO - [2025-03-17T23:27:15.802+0000] {dag.py:4180} INFO - Setting next_dagrun for dataset_with_extra_by_context to 2025-03-16 00:00:00+00:00, run_after=2025-03-17 00:00:00+00:00
[2025-03-17T23:27:15.805+0000] {logging_mixin.py:190} INFO - [2025-03-17T23:27:15.805+0000] {dag.py:4180} INFO - Setting next_dagrun for dataset_with_extra_by_yield to 2025-03-16 00:00:00+00:00, run_after=2025-03-17 00:00:00+00:00
[2025-03-17T23:27:15.808+0000] {logging_mixin.py:190} INFO - [2025-03-17T23:27:15.808+0000] {dag.py:4180} INFO - Setting next_dagrun for dataset_with_extra_from_classic_operator to 2025-03-16 00:00:00+00:00, run_after=2025-03-17 00:00:00+00:00
[2025-03-17T23:27:15.819+0000] {processor.py:208} INFO - Processing /home/airflow/.local/lib/python3.12/site-packages/airflow/example_dags/example_outlet_event_extra.py took 0.478 seconds
[2025-03-17T23:27:46.213+0000] {processor.py:186} INFO - Started process (PID=3750) to work on /home/airflow/.local/lib/python3.12/site-packages/airflow/example_dags/example_outlet_event_extra.py
[2025-03-17T23:27:46.215+0000] {processor.py:914} INFO - Processing file /home/airflow/.local/lib/python3.12/site-packages/airflow/example_dags/example_outlet_event_extra.py for tasks to queue
[2025-03-17T23:27:46.218+0000] {logging_mixin.py:190} INFO - [2025-03-17T23:27:46.218+0000] {dagbag.py:588} INFO - Filling up the DagBag from /home/airflow/.local/lib/python3.12/site-packages/airflow/example_dags/example_outlet_event_extra.py
[2025-03-17T23:27:46.690+0000] {processor.py:925} INFO - DAG(s) 'dataset_with_extra_by_yield', 'dataset_with_extra_by_context', 'dataset_with_extra_from_classic_operator' retrieved from /home/airflow/.local/lib/python3.12/site-packages/airflow/example_dags/example_outlet_event_extra.py
[2025-03-17T23:27:46.709+0000] {logging_mixin.py:190} INFO - [2025-03-17T23:27:46.709+0000] {dag.py:3239} INFO - Sync 3 DAGs
[2025-03-17T23:27:46.725+0000] {logging_mixin.py:190} INFO - [2025-03-17T23:27:46.724+0000] {dag.py:4180} INFO - Setting next_dagrun for dataset_with_extra_by_context to 2025-03-16 00:00:00+00:00, run_after=2025-03-17 00:00:00+00:00
[2025-03-17T23:27:46.727+0000] {logging_mixin.py:190} INFO - [2025-03-17T23:27:46.727+0000] {dag.py:4180} INFO - Setting next_dagrun for dataset_with_extra_by_yield to 2025-03-16 00:00:00+00:00, run_after=2025-03-17 00:00:00+00:00
[2025-03-17T23:27:46.728+0000] {logging_mixin.py:190} INFO - [2025-03-17T23:27:46.728+0000] {dag.py:4180} INFO - Setting next_dagrun for dataset_with_extra_from_classic_operator to 2025-03-16 00:00:00+00:00, run_after=2025-03-17 00:00:00+00:00
[2025-03-17T23:27:46.739+0000] {processor.py:208} INFO - Processing /home/airflow/.local/lib/python3.12/site-packages/airflow/example_dags/example_outlet_event_extra.py took 0.532 seconds
[2025-03-17T23:28:16.988+0000] {processor.py:186} INFO - Started process (PID=4041) to work on /home/airflow/.local/lib/python3.12/site-packages/airflow/example_dags/example_outlet_event_extra.py
[2025-03-17T23:28:16.989+0000] {processor.py:914} INFO - Processing file /home/airflow/.local/lib/python3.12/site-packages/airflow/example_dags/example_outlet_event_extra.py for tasks to queue
[2025-03-17T23:28:16.991+0000] {logging_mixin.py:190} INFO - [2025-03-17T23:28:16.991+0000] {dagbag.py:588} INFO - Filling up the DagBag from /home/airflow/.local/lib/python3.12/site-packages/airflow/example_dags/example_outlet_event_extra.py
[2025-03-17T23:28:17.391+0000] {processor.py:925} INFO - DAG(s) 'dataset_with_extra_from_classic_operator', 'dataset_with_extra_by_yield', 'dataset_with_extra_by_context' retrieved from /home/airflow/.local/lib/python3.12/site-packages/airflow/example_dags/example_outlet_event_extra.py
[2025-03-17T23:28:17.403+0000] {logging_mixin.py:190} INFO - [2025-03-17T23:28:17.403+0000] {dag.py:3239} INFO - Sync 3 DAGs
[2025-03-17T23:28:17.418+0000] {logging_mixin.py:190} INFO - [2025-03-17T23:28:17.417+0000] {dag.py:4180} INFO - Setting next_dagrun for dataset_with_extra_by_context to 2025-03-16 00:00:00+00:00, run_after=2025-03-17 00:00:00+00:00
[2025-03-17T23:28:17.420+0000] {logging_mixin.py:190} INFO - [2025-03-17T23:28:17.420+0000] {dag.py:4180} INFO - Setting next_dagrun for dataset_with_extra_by_yield to 2025-03-16 00:00:00+00:00, run_after=2025-03-17 00:00:00+00:00
[2025-03-17T23:28:17.422+0000] {logging_mixin.py:190} INFO - [2025-03-17T23:28:17.422+0000] {dag.py:4180} INFO - Setting next_dagrun for dataset_with_extra_from_classic_operator to 2025-03-16 00:00:00+00:00, run_after=2025-03-17 00:00:00+00:00
[2025-03-17T23:28:17.436+0000] {processor.py:208} INFO - Processing /home/airflow/.local/lib/python3.12/site-packages/airflow/example_dags/example_outlet_event_extra.py took 0.456 seconds
[2025-03-17T23:28:47.837+0000] {processor.py:186} INFO - Started process (PID=4332) to work on /home/airflow/.local/lib/python3.12/site-packages/airflow/example_dags/example_outlet_event_extra.py
[2025-03-17T23:28:47.839+0000] {processor.py:914} INFO - Processing file /home/airflow/.local/lib/python3.12/site-packages/airflow/example_dags/example_outlet_event_extra.py for tasks to queue
[2025-03-17T23:28:47.842+0000] {logging_mixin.py:190} INFO - [2025-03-17T23:28:47.841+0000] {dagbag.py:588} INFO - Filling up the DagBag from /home/airflow/.local/lib/python3.12/site-packages/airflow/example_dags/example_outlet_event_extra.py
[2025-03-17T23:28:48.209+0000] {processor.py:925} INFO - DAG(s) 'dataset_with_extra_by_context', 'dataset_with_extra_by_yield', 'dataset_with_extra_from_classic_operator' retrieved from /home/airflow/.local/lib/python3.12/site-packages/airflow/example_dags/example_outlet_event_extra.py
[2025-03-17T23:28:48.221+0000] {logging_mixin.py:190} INFO - [2025-03-17T23:28:48.221+0000] {dag.py:3239} INFO - Sync 3 DAGs
[2025-03-17T23:28:48.233+0000] {logging_mixin.py:190} INFO - [2025-03-17T23:28:48.232+0000] {dag.py:4180} INFO - Setting next_dagrun for dataset_with_extra_by_context to 2025-03-16 00:00:00+00:00, run_after=2025-03-17 00:00:00+00:00
[2025-03-17T23:28:48.236+0000] {logging_mixin.py:190} INFO - [2025-03-17T23:28:48.236+0000] {dag.py:4180} INFO - Setting next_dagrun for dataset_with_extra_by_yield to 2025-03-16 00:00:00+00:00, run_after=2025-03-17 00:00:00+00:00
[2025-03-17T23:28:48.238+0000] {logging_mixin.py:190} INFO - [2025-03-17T23:28:48.238+0000] {dag.py:4180} INFO - Setting next_dagrun for dataset_with_extra_from_classic_operator to 2025-03-16 00:00:00+00:00, run_after=2025-03-17 00:00:00+00:00
[2025-03-17T23:28:48.250+0000] {processor.py:208} INFO - Processing /home/airflow/.local/lib/python3.12/site-packages/airflow/example_dags/example_outlet_event_extra.py took 0.422 seconds
[2025-03-17T23:29:18.590+0000] {processor.py:186} INFO - Started process (PID=4623) to work on /home/airflow/.local/lib/python3.12/site-packages/airflow/example_dags/example_outlet_event_extra.py
[2025-03-17T23:29:18.592+0000] {processor.py:914} INFO - Processing file /home/airflow/.local/lib/python3.12/site-packages/airflow/example_dags/example_outlet_event_extra.py for tasks to queue
[2025-03-17T23:29:18.595+0000] {logging_mixin.py:190} INFO - [2025-03-17T23:29:18.595+0000] {dagbag.py:588} INFO - Filling up the DagBag from /home/airflow/.local/lib/python3.12/site-packages/airflow/example_dags/example_outlet_event_extra.py
[2025-03-17T23:29:18.856+0000] {processor.py:925} INFO - DAG(s) 'dataset_with_extra_from_classic_operator', 'dataset_with_extra_by_context', 'dataset_with_extra_by_yield' retrieved from /home/airflow/.local/lib/python3.12/site-packages/airflow/example_dags/example_outlet_event_extra.py
[2025-03-17T23:29:18.870+0000] {logging_mixin.py:190} INFO - [2025-03-17T23:29:18.869+0000] {dag.py:3239} INFO - Sync 3 DAGs
[2025-03-17T23:29:18.883+0000] {logging_mixin.py:190} INFO - [2025-03-17T23:29:18.883+0000] {dag.py:4180} INFO - Setting next_dagrun for dataset_with_extra_by_context to 2025-03-16 00:00:00+00:00, run_after=2025-03-17 00:00:00+00:00
[2025-03-17T23:29:18.885+0000] {logging_mixin.py:190} INFO - [2025-03-17T23:29:18.885+0000] {dag.py:4180} INFO - Setting next_dagrun for dataset_with_extra_by_yield to 2025-03-16 00:00:00+00:00, run_after=2025-03-17 00:00:00+00:00
[2025-03-17T23:29:18.886+0000] {logging_mixin.py:190} INFO - [2025-03-17T23:29:18.886+0000] {dag.py:4180} INFO - Setting next_dagrun for dataset_with_extra_from_classic_operator to 2025-03-16 00:00:00+00:00, run_after=2025-03-17 00:00:00+00:00
[2025-03-17T23:29:18.896+0000] {processor.py:208} INFO - Processing /home/airflow/.local/lib/python3.12/site-packages/airflow/example_dags/example_outlet_event_extra.py took 0.312 seconds
[2025-03-17T23:29:49.160+0000] {processor.py:186} INFO - Started process (PID=4914) to work on /home/airflow/.local/lib/python3.12/site-packages/airflow/example_dags/example_outlet_event_extra.py
[2025-03-17T23:29:49.161+0000] {processor.py:914} INFO - Processing file /home/airflow/.local/lib/python3.12/site-packages/airflow/example_dags/example_outlet_event_extra.py for tasks to queue
[2025-03-17T23:29:49.164+0000] {logging_mixin.py:190} INFO - [2025-03-17T23:29:49.163+0000] {dagbag.py:588} INFO - Filling up the DagBag from /home/airflow/.local/lib/python3.12/site-packages/airflow/example_dags/example_outlet_event_extra.py
[2025-03-17T23:29:49.427+0000] {processor.py:925} INFO - DAG(s) 'dataset_with_extra_from_classic_operator', 'dataset_with_extra_by_yield', 'dataset_with_extra_by_context' retrieved from /home/airflow/.local/lib/python3.12/site-packages/airflow/example_dags/example_outlet_event_extra.py
[2025-03-17T23:29:49.438+0000] {logging_mixin.py:190} INFO - [2025-03-17T23:29:49.438+0000] {dag.py:3239} INFO - Sync 3 DAGs
[2025-03-17T23:29:49.449+0000] {logging_mixin.py:190} INFO - [2025-03-17T23:29:49.449+0000] {dag.py:4180} INFO - Setting next_dagrun for dataset_with_extra_by_context to 2025-03-16 00:00:00+00:00, run_after=2025-03-17 00:00:00+00:00
[2025-03-17T23:29:49.453+0000] {logging_mixin.py:190} INFO - [2025-03-17T23:29:49.453+0000] {dag.py:4180} INFO - Setting next_dagrun for dataset_with_extra_by_yield to 2025-03-16 00:00:00+00:00, run_after=2025-03-17 00:00:00+00:00
[2025-03-17T23:29:49.454+0000] {logging_mixin.py:190} INFO - [2025-03-17T23:29:49.454+0000] {dag.py:4180} INFO - Setting next_dagrun for dataset_with_extra_from_classic_operator to 2025-03-16 00:00:00+00:00, run_after=2025-03-17 00:00:00+00:00
[2025-03-17T23:29:49.462+0000] {processor.py:208} INFO - Processing /home/airflow/.local/lib/python3.12/site-packages/airflow/example_dags/example_outlet_event_extra.py took 0.308 seconds
[2025-03-17T23:30:19.718+0000] {processor.py:186} INFO - Started process (PID=5205) to work on /home/airflow/.local/lib/python3.12/site-packages/airflow/example_dags/example_outlet_event_extra.py
[2025-03-17T23:30:19.719+0000] {processor.py:914} INFO - Processing file /home/airflow/.local/lib/python3.12/site-packages/airflow/example_dags/example_outlet_event_extra.py for tasks to queue
[2025-03-17T23:30:19.722+0000] {logging_mixin.py:190} INFO - [2025-03-17T23:30:19.721+0000] {dagbag.py:588} INFO - Filling up the DagBag from /home/airflow/.local/lib/python3.12/site-packages/airflow/example_dags/example_outlet_event_extra.py
[2025-03-17T23:30:20.036+0000] {processor.py:925} INFO - DAG(s) 'dataset_with_extra_by_context', 'dataset_with_extra_from_classic_operator', 'dataset_with_extra_by_yield' retrieved from /home/airflow/.local/lib/python3.12/site-packages/airflow/example_dags/example_outlet_event_extra.py
[2025-03-17T23:30:20.050+0000] {logging_mixin.py:190} INFO - [2025-03-17T23:30:20.050+0000] {dag.py:3239} INFO - Sync 3 DAGs
[2025-03-17T23:30:20.061+0000] {logging_mixin.py:190} INFO - [2025-03-17T23:30:20.061+0000] {dag.py:4180} INFO - Setting next_dagrun for dataset_with_extra_by_context to 2025-03-16 00:00:00+00:00, run_after=2025-03-17 00:00:00+00:00
[2025-03-17T23:30:20.064+0000] {logging_mixin.py:190} INFO - [2025-03-17T23:30:20.064+0000] {dag.py:4180} INFO - Setting next_dagrun for dataset_with_extra_by_yield to 2025-03-16 00:00:00+00:00, run_after=2025-03-17 00:00:00+00:00
[2025-03-17T23:30:20.065+0000] {logging_mixin.py:190} INFO - [2025-03-17T23:30:20.065+0000] {dag.py:4180} INFO - Setting next_dagrun for dataset_with_extra_from_classic_operator to 2025-03-16 00:00:00+00:00, run_after=2025-03-17 00:00:00+00:00
[2025-03-17T23:30:20.075+0000] {processor.py:208} INFO - Processing /home/airflow/.local/lib/python3.12/site-packages/airflow/example_dags/example_outlet_event_extra.py took 0.366 seconds
[2025-03-17T23:30:50.345+0000] {processor.py:186} INFO - Started process (PID=5496) to work on /home/airflow/.local/lib/python3.12/site-packages/airflow/example_dags/example_outlet_event_extra.py
[2025-03-17T23:30:50.346+0000] {processor.py:914} INFO - Processing file /home/airflow/.local/lib/python3.12/site-packages/airflow/example_dags/example_outlet_event_extra.py for tasks to queue
[2025-03-17T23:30:50.350+0000] {logging_mixin.py:190} INFO - [2025-03-17T23:30:50.350+0000] {dagbag.py:588} INFO - Filling up the DagBag from /home/airflow/.local/lib/python3.12/site-packages/airflow/example_dags/example_outlet_event_extra.py
[2025-03-17T23:30:50.622+0000] {processor.py:925} INFO - DAG(s) 'dataset_with_extra_from_classic_operator', 'dataset_with_extra_by_context', 'dataset_with_extra_by_yield' retrieved from /home/airflow/.local/lib/python3.12/site-packages/airflow/example_dags/example_outlet_event_extra.py
[2025-03-17T23:30:50.634+0000] {logging_mixin.py:190} INFO - [2025-03-17T23:30:50.634+0000] {dag.py:3239} INFO - Sync 3 DAGs
[2025-03-17T23:30:50.644+0000] {logging_mixin.py:190} INFO - [2025-03-17T23:30:50.644+0000] {dag.py:4180} INFO - Setting next_dagrun for dataset_with_extra_by_context to 2025-03-16 00:00:00+00:00, run_after=2025-03-17 00:00:00+00:00
[2025-03-17T23:30:50.647+0000] {logging_mixin.py:190} INFO - [2025-03-17T23:30:50.647+0000] {dag.py:4180} INFO - Setting next_dagrun for dataset_with_extra_by_yield to 2025-03-16 00:00:00+00:00, run_after=2025-03-17 00:00:00+00:00
[2025-03-17T23:30:50.649+0000] {logging_mixin.py:190} INFO - [2025-03-17T23:30:50.649+0000] {dag.py:4180} INFO - Setting next_dagrun for dataset_with_extra_from_classic_operator to 2025-03-16 00:00:00+00:00, run_after=2025-03-17 00:00:00+00:00
[2025-03-17T23:30:50.663+0000] {processor.py:208} INFO - Processing /home/airflow/.local/lib/python3.12/site-packages/airflow/example_dags/example_outlet_event_extra.py took 0.328 seconds
[2025-03-17T23:31:20.916+0000] {processor.py:186} INFO - Started process (PID=5787) to work on /home/airflow/.local/lib/python3.12/site-packages/airflow/example_dags/example_outlet_event_extra.py
[2025-03-17T23:31:20.918+0000] {processor.py:914} INFO - Processing file /home/airflow/.local/lib/python3.12/site-packages/airflow/example_dags/example_outlet_event_extra.py for tasks to queue
[2025-03-17T23:31:20.921+0000] {logging_mixin.py:190} INFO - [2025-03-17T23:31:20.921+0000] {dagbag.py:588} INFO - Filling up the DagBag from /home/airflow/.local/lib/python3.12/site-packages/airflow/example_dags/example_outlet_event_extra.py
[2025-03-17T23:31:21.184+0000] {processor.py:925} INFO - DAG(s) 'dataset_with_extra_by_context', 'dataset_with_extra_by_yield', 'dataset_with_extra_from_classic_operator' retrieved from /home/airflow/.local/lib/python3.12/site-packages/airflow/example_dags/example_outlet_event_extra.py
[2025-03-17T23:31:21.196+0000] {logging_mixin.py:190} INFO - [2025-03-17T23:31:21.196+0000] {dag.py:3239} INFO - Sync 3 DAGs
[2025-03-17T23:31:21.206+0000] {logging_mixin.py:190} INFO - [2025-03-17T23:31:21.206+0000] {dag.py:4180} INFO - Setting next_dagrun for dataset_with_extra_by_context to 2025-03-16 00:00:00+00:00, run_after=2025-03-17 00:00:00+00:00
[2025-03-17T23:31:21.208+0000] {logging_mixin.py:190} INFO - [2025-03-17T23:31:21.208+0000] {dag.py:4180} INFO - Setting next_dagrun for dataset_with_extra_by_yield to 2025-03-16 00:00:00+00:00, run_after=2025-03-17 00:00:00+00:00
[2025-03-17T23:31:21.210+0000] {logging_mixin.py:190} INFO - [2025-03-17T23:31:21.210+0000] {dag.py:4180} INFO - Setting next_dagrun for dataset_with_extra_from_classic_operator to 2025-03-16 00:00:00+00:00, run_after=2025-03-17 00:00:00+00:00
[2025-03-17T23:31:21.220+0000] {processor.py:208} INFO - Processing /home/airflow/.local/lib/python3.12/site-packages/airflow/example_dags/example_outlet_event_extra.py took 0.310 seconds
[2025-03-17T23:31:51.461+0000] {processor.py:186} INFO - Started process (PID=6078) to work on /home/airflow/.local/lib/python3.12/site-packages/airflow/example_dags/example_outlet_event_extra.py
[2025-03-17T23:31:51.463+0000] {processor.py:914} INFO - Processing file /home/airflow/.local/lib/python3.12/site-packages/airflow/example_dags/example_outlet_event_extra.py for tasks to queue
[2025-03-17T23:31:51.465+0000] {logging_mixin.py:190} INFO - [2025-03-17T23:31:51.465+0000] {dagbag.py:588} INFO - Filling up the DagBag from /home/airflow/.local/lib/python3.12/site-packages/airflow/example_dags/example_outlet_event_extra.py
[2025-03-17T23:31:51.723+0000] {processor.py:925} INFO - DAG(s) 'dataset_with_extra_from_classic_operator', 'dataset_with_extra_by_yield', 'dataset_with_extra_by_context' retrieved from /home/airflow/.local/lib/python3.12/site-packages/airflow/example_dags/example_outlet_event_extra.py
[2025-03-17T23:31:51.735+0000] {logging_mixin.py:190} INFO - [2025-03-17T23:31:51.735+0000] {dag.py:3239} INFO - Sync 3 DAGs
[2025-03-17T23:31:51.745+0000] {logging_mixin.py:190} INFO - [2025-03-17T23:31:51.745+0000] {dag.py:4180} INFO - Setting next_dagrun for dataset_with_extra_by_context to 2025-03-16 00:00:00+00:00, run_after=2025-03-17 00:00:00+00:00
[2025-03-17T23:31:51.747+0000] {logging_mixin.py:190} INFO - [2025-03-17T23:31:51.747+0000] {dag.py:4180} INFO - Setting next_dagrun for dataset_with_extra_by_yield to 2025-03-16 00:00:00+00:00, run_after=2025-03-17 00:00:00+00:00
[2025-03-17T23:31:51.748+0000] {logging_mixin.py:190} INFO - [2025-03-17T23:31:51.748+0000] {dag.py:4180} INFO - Setting next_dagrun for dataset_with_extra_from_classic_operator to 2025-03-16 00:00:00+00:00, run_after=2025-03-17 00:00:00+00:00
[2025-03-17T23:31:51.757+0000] {processor.py:208} INFO - Processing /home/airflow/.local/lib/python3.12/site-packages/airflow/example_dags/example_outlet_event_extra.py took 0.302 seconds
[2025-03-17T23:32:21.998+0000] {processor.py:186} INFO - Started process (PID=6369) to work on /home/airflow/.local/lib/python3.12/site-packages/airflow/example_dags/example_outlet_event_extra.py
[2025-03-17T23:32:21.999+0000] {processor.py:914} INFO - Processing file /home/airflow/.local/lib/python3.12/site-packages/airflow/example_dags/example_outlet_event_extra.py for tasks to queue
[2025-03-17T23:32:22.002+0000] {logging_mixin.py:190} INFO - [2025-03-17T23:32:22.001+0000] {dagbag.py:588} INFO - Filling up the DagBag from /home/airflow/.local/lib/python3.12/site-packages/airflow/example_dags/example_outlet_event_extra.py
[2025-03-17T23:32:22.290+0000] {processor.py:925} INFO - DAG(s) 'dataset_with_extra_by_yield', 'dataset_with_extra_from_classic_operator', 'dataset_with_extra_by_context' retrieved from /home/airflow/.local/lib/python3.12/site-packages/airflow/example_dags/example_outlet_event_extra.py
[2025-03-17T23:32:22.301+0000] {logging_mixin.py:190} INFO - [2025-03-17T23:32:22.301+0000] {dag.py:3239} INFO - Sync 3 DAGs
[2025-03-17T23:32:22.311+0000] {logging_mixin.py:190} INFO - [2025-03-17T23:32:22.311+0000] {dag.py:4180} INFO - Setting next_dagrun for dataset_with_extra_by_context to 2025-03-16 00:00:00+00:00, run_after=2025-03-17 00:00:00+00:00
[2025-03-17T23:32:22.313+0000] {logging_mixin.py:190} INFO - [2025-03-17T23:32:22.313+0000] {dag.py:4180} INFO - Setting next_dagrun for dataset_with_extra_by_yield to 2025-03-16 00:00:00+00:00, run_after=2025-03-17 00:00:00+00:00
[2025-03-17T23:32:22.314+0000] {logging_mixin.py:190} INFO - [2025-03-17T23:32:22.314+0000] {dag.py:4180} INFO - Setting next_dagrun for dataset_with_extra_from_classic_operator to 2025-03-16 00:00:00+00:00, run_after=2025-03-17 00:00:00+00:00
[2025-03-17T23:32:22.322+0000] {processor.py:208} INFO - Processing /home/airflow/.local/lib/python3.12/site-packages/airflow/example_dags/example_outlet_event_extra.py took 0.332 seconds
[2025-03-17T23:32:52.685+0000] {processor.py:186} INFO - Started process (PID=6660) to work on /home/airflow/.local/lib/python3.12/site-packages/airflow/example_dags/example_outlet_event_extra.py
[2025-03-17T23:32:52.686+0000] {processor.py:914} INFO - Processing file /home/airflow/.local/lib/python3.12/site-packages/airflow/example_dags/example_outlet_event_extra.py for tasks to queue
[2025-03-17T23:32:52.688+0000] {logging_mixin.py:190} INFO - [2025-03-17T23:32:52.688+0000] {dagbag.py:588} INFO - Filling up the DagBag from /home/airflow/.local/lib/python3.12/site-packages/airflow/example_dags/example_outlet_event_extra.py
[2025-03-17T23:32:52.970+0000] {processor.py:925} INFO - DAG(s) 'dataset_with_extra_from_classic_operator', 'dataset_with_extra_by_yield', 'dataset_with_extra_by_context' retrieved from /home/airflow/.local/lib/python3.12/site-packages/airflow/example_dags/example_outlet_event_extra.py
[2025-03-17T23:32:52.980+0000] {logging_mixin.py:190} INFO - [2025-03-17T23:32:52.980+0000] {dag.py:3239} INFO - Sync 3 DAGs
[2025-03-17T23:32:52.990+0000] {logging_mixin.py:190} INFO - [2025-03-17T23:32:52.990+0000] {dag.py:4180} INFO - Setting next_dagrun for dataset_with_extra_by_context to 2025-03-16 00:00:00+00:00, run_after=2025-03-17 00:00:00+00:00
[2025-03-17T23:32:52.993+0000] {logging_mixin.py:190} INFO - [2025-03-17T23:32:52.992+0000] {dag.py:4180} INFO - Setting next_dagrun for dataset_with_extra_by_yield to 2025-03-16 00:00:00+00:00, run_after=2025-03-17 00:00:00+00:00
[2025-03-17T23:32:52.993+0000] {logging_mixin.py:190} INFO - [2025-03-17T23:32:52.993+0000] {dag.py:4180} INFO - Setting next_dagrun for dataset_with_extra_from_classic_operator to 2025-03-16 00:00:00+00:00, run_after=2025-03-17 00:00:00+00:00
[2025-03-17T23:32:53.003+0000] {processor.py:208} INFO - Processing /home/airflow/.local/lib/python3.12/site-packages/airflow/example_dags/example_outlet_event_extra.py took 0.324 seconds
[2025-03-17T23:33:23.199+0000] {processor.py:186} INFO - Started process (PID=6951) to work on /home/airflow/.local/lib/python3.12/site-packages/airflow/example_dags/example_outlet_event_extra.py
[2025-03-17T23:33:23.200+0000] {processor.py:914} INFO - Processing file /home/airflow/.local/lib/python3.12/site-packages/airflow/example_dags/example_outlet_event_extra.py for tasks to queue
[2025-03-17T23:33:23.205+0000] {logging_mixin.py:190} INFO - [2025-03-17T23:33:23.205+0000] {dagbag.py:588} INFO - Filling up the DagBag from /home/airflow/.local/lib/python3.12/site-packages/airflow/example_dags/example_outlet_event_extra.py
[2025-03-17T23:33:23.595+0000] {processor.py:925} INFO - DAG(s) 'dataset_with_extra_by_context', 'dataset_with_extra_by_yield', 'dataset_with_extra_from_classic_operator' retrieved from /home/airflow/.local/lib/python3.12/site-packages/airflow/example_dags/example_outlet_event_extra.py
[2025-03-17T23:33:23.612+0000] {logging_mixin.py:190} INFO - [2025-03-17T23:33:23.612+0000] {dag.py:3239} INFO - Sync 3 DAGs
[2025-03-17T23:33:23.623+0000] {logging_mixin.py:190} INFO - [2025-03-17T23:33:23.623+0000] {dag.py:4180} INFO - Setting next_dagrun for dataset_with_extra_by_context to 2025-03-16 00:00:00+00:00, run_after=2025-03-17 00:00:00+00:00
[2025-03-17T23:33:23.625+0000] {logging_mixin.py:190} INFO - [2025-03-17T23:33:23.625+0000] {dag.py:4180} INFO - Setting next_dagrun for dataset_with_extra_by_yield to 2025-03-16 00:00:00+00:00, run_after=2025-03-17 00:00:00+00:00
[2025-03-17T23:33:23.626+0000] {logging_mixin.py:190} INFO - [2025-03-17T23:33:23.626+0000] {dag.py:4180} INFO - Setting next_dagrun for dataset_with_extra_from_classic_operator to 2025-03-16 00:00:00+00:00, run_after=2025-03-17 00:00:00+00:00
[2025-03-17T23:33:23.635+0000] {processor.py:208} INFO - Processing /home/airflow/.local/lib/python3.12/site-packages/airflow/example_dags/example_outlet_event_extra.py took 0.448 seconds
[2025-03-17T23:33:54.192+0000] {processor.py:186} INFO - Started process (PID=7242) to work on /home/airflow/.local/lib/python3.12/site-packages/airflow/example_dags/example_outlet_event_extra.py
[2025-03-17T23:33:54.194+0000] {processor.py:914} INFO - Processing file /home/airflow/.local/lib/python3.12/site-packages/airflow/example_dags/example_outlet_event_extra.py for tasks to queue
[2025-03-17T23:33:54.197+0000] {logging_mixin.py:190} INFO - [2025-03-17T23:33:54.197+0000] {dagbag.py:588} INFO - Filling up the DagBag from /home/airflow/.local/lib/python3.12/site-packages/airflow/example_dags/example_outlet_event_extra.py
[2025-03-17T23:33:54.570+0000] {processor.py:925} INFO - DAG(s) 'dataset_with_extra_by_context', 'dataset_with_extra_by_yield', 'dataset_with_extra_from_classic_operator' retrieved from /home/airflow/.local/lib/python3.12/site-packages/airflow/example_dags/example_outlet_event_extra.py
[2025-03-17T23:33:54.584+0000] {logging_mixin.py:190} INFO - [2025-03-17T23:33:54.584+0000] {dag.py:3239} INFO - Sync 3 DAGs
[2025-03-17T23:33:54.596+0000] {logging_mixin.py:190} INFO - [2025-03-17T23:33:54.596+0000] {dag.py:4180} INFO - Setting next_dagrun for dataset_with_extra_by_context to 2025-03-16 00:00:00+00:00, run_after=2025-03-17 00:00:00+00:00
[2025-03-17T23:33:54.599+0000] {logging_mixin.py:190} INFO - [2025-03-17T23:33:54.599+0000] {dag.py:4180} INFO - Setting next_dagrun for dataset_with_extra_by_yield to 2025-03-16 00:00:00+00:00, run_after=2025-03-17 00:00:00+00:00
[2025-03-17T23:33:54.601+0000] {logging_mixin.py:190} INFO - [2025-03-17T23:33:54.601+0000] {dag.py:4180} INFO - Setting next_dagrun for dataset_with_extra_from_classic_operator to 2025-03-16 00:00:00+00:00, run_after=2025-03-17 00:00:00+00:00
[2025-03-17T23:33:54.611+0000] {processor.py:208} INFO - Processing /home/airflow/.local/lib/python3.12/site-packages/airflow/example_dags/example_outlet_event_extra.py took 0.427 seconds
[2025-03-17T23:34:24.960+0000] {processor.py:186} INFO - Started process (PID=7533) to work on /home/airflow/.local/lib/python3.12/site-packages/airflow/example_dags/example_outlet_event_extra.py
[2025-03-17T23:34:24.962+0000] {processor.py:914} INFO - Processing file /home/airflow/.local/lib/python3.12/site-packages/airflow/example_dags/example_outlet_event_extra.py for tasks to queue
[2025-03-17T23:34:24.966+0000] {logging_mixin.py:190} INFO - [2025-03-17T23:34:24.965+0000] {dagbag.py:588} INFO - Filling up the DagBag from /home/airflow/.local/lib/python3.12/site-packages/airflow/example_dags/example_outlet_event_extra.py
[2025-03-17T23:34:25.431+0000] {processor.py:925} INFO - DAG(s) 'dataset_with_extra_by_yield', 'dataset_with_extra_from_classic_operator', 'dataset_with_extra_by_context' retrieved from /home/airflow/.local/lib/python3.12/site-packages/airflow/example_dags/example_outlet_event_extra.py
[2025-03-17T23:34:25.447+0000] {logging_mixin.py:190} INFO - [2025-03-17T23:34:25.447+0000] {dag.py:3239} INFO - Sync 3 DAGs
[2025-03-17T23:34:25.465+0000] {logging_mixin.py:190} INFO - [2025-03-17T23:34:25.465+0000] {dag.py:4180} INFO - Setting next_dagrun for dataset_with_extra_by_context to 2025-03-16 00:00:00+00:00, run_after=2025-03-17 00:00:00+00:00
[2025-03-17T23:34:25.467+0000] {logging_mixin.py:190} INFO - [2025-03-17T23:34:25.467+0000] {dag.py:4180} INFO - Setting next_dagrun for dataset_with_extra_by_yield to 2025-03-16 00:00:00+00:00, run_after=2025-03-17 00:00:00+00:00
[2025-03-17T23:34:25.468+0000] {logging_mixin.py:190} INFO - [2025-03-17T23:34:25.468+0000] {dag.py:4180} INFO - Setting next_dagrun for dataset_with_extra_from_classic_operator to 2025-03-16 00:00:00+00:00, run_after=2025-03-17 00:00:00+00:00
[2025-03-17T23:34:25.479+0000] {processor.py:208} INFO - Processing /home/airflow/.local/lib/python3.12/site-packages/airflow/example_dags/example_outlet_event_extra.py took 0.530 seconds
[2025-03-17T23:34:56.256+0000] {processor.py:186} INFO - Started process (PID=7863) to work on /home/airflow/.local/lib/python3.12/site-packages/airflow/example_dags/example_outlet_event_extra.py
[2025-03-17T23:34:56.258+0000] {processor.py:914} INFO - Processing file /home/airflow/.local/lib/python3.12/site-packages/airflow/example_dags/example_outlet_event_extra.py for tasks to queue
[2025-03-17T23:34:56.262+0000] {logging_mixin.py:190} INFO - [2025-03-17T23:34:56.262+0000] {dagbag.py:588} INFO - Filling up the DagBag from /home/airflow/.local/lib/python3.12/site-packages/airflow/example_dags/example_outlet_event_extra.py
[2025-03-17T23:34:56.640+0000] {processor.py:925} INFO - DAG(s) 'dataset_with_extra_from_classic_operator', 'dataset_with_extra_by_context', 'dataset_with_extra_by_yield' retrieved from /home/airflow/.local/lib/python3.12/site-packages/airflow/example_dags/example_outlet_event_extra.py
[2025-03-17T23:34:56.652+0000] {logging_mixin.py:190} INFO - [2025-03-17T23:34:56.652+0000] {dag.py:3239} INFO - Sync 3 DAGs
[2025-03-17T23:34:56.664+0000] {logging_mixin.py:190} INFO - [2025-03-17T23:34:56.664+0000] {dag.py:4180} INFO - Setting next_dagrun for dataset_with_extra_by_context to 2025-03-16 00:00:00+00:00, run_after=2025-03-17 00:00:00+00:00
[2025-03-17T23:34:56.667+0000] {logging_mixin.py:190} INFO - [2025-03-17T23:34:56.666+0000] {dag.py:4180} INFO - Setting next_dagrun for dataset_with_extra_by_yield to 2025-03-16 00:00:00+00:00, run_after=2025-03-17 00:00:00+00:00
[2025-03-17T23:34:56.668+0000] {logging_mixin.py:190} INFO - [2025-03-17T23:34:56.667+0000] {dag.py:4180} INFO - Setting next_dagrun for dataset_with_extra_from_classic_operator to 2025-03-16 00:00:00+00:00, run_after=2025-03-17 00:00:00+00:00
[2025-03-17T23:34:56.676+0000] {processor.py:208} INFO - Processing /home/airflow/.local/lib/python3.12/site-packages/airflow/example_dags/example_outlet_event_extra.py took 0.430 seconds
[2025-03-17T23:35:27.217+0000] {processor.py:186} INFO - Started process (PID=8154) to work on /home/airflow/.local/lib/python3.12/site-packages/airflow/example_dags/example_outlet_event_extra.py
[2025-03-17T23:35:27.218+0000] {processor.py:914} INFO - Processing file /home/airflow/.local/lib/python3.12/site-packages/airflow/example_dags/example_outlet_event_extra.py for tasks to queue
[2025-03-17T23:35:27.222+0000] {logging_mixin.py:190} INFO - [2025-03-17T23:35:27.221+0000] {dagbag.py:588} INFO - Filling up the DagBag from /home/airflow/.local/lib/python3.12/site-packages/airflow/example_dags/example_outlet_event_extra.py
[2025-03-17T23:35:27.588+0000] {processor.py:925} INFO - DAG(s) 'dataset_with_extra_by_context', 'dataset_with_extra_by_yield', 'dataset_with_extra_from_classic_operator' retrieved from /home/airflow/.local/lib/python3.12/site-packages/airflow/example_dags/example_outlet_event_extra.py
[2025-03-17T23:35:27.609+0000] {logging_mixin.py:190} INFO - [2025-03-17T23:35:27.609+0000] {dag.py:3239} INFO - Sync 3 DAGs
[2025-03-17T23:35:27.627+0000] {logging_mixin.py:190} INFO - [2025-03-17T23:35:27.627+0000] {dag.py:4180} INFO - Setting next_dagrun for dataset_with_extra_by_context to 2025-03-16 00:00:00+00:00, run_after=2025-03-17 00:00:00+00:00
[2025-03-17T23:35:27.630+0000] {logging_mixin.py:190} INFO - [2025-03-17T23:35:27.630+0000] {dag.py:4180} INFO - Setting next_dagrun for dataset_with_extra_by_yield to 2025-03-16 00:00:00+00:00, run_after=2025-03-17 00:00:00+00:00
[2025-03-17T23:35:27.631+0000] {logging_mixin.py:190} INFO - [2025-03-17T23:35:27.631+0000] {dag.py:4180} INFO - Setting next_dagrun for dataset_with_extra_from_classic_operator to 2025-03-16 00:00:00+00:00, run_after=2025-03-17 00:00:00+00:00
[2025-03-17T23:35:27.642+0000] {processor.py:208} INFO - Processing /home/airflow/.local/lib/python3.12/site-packages/airflow/example_dags/example_outlet_event_extra.py took 0.432 seconds
[2025-03-17T23:35:58.018+0000] {processor.py:186} INFO - Started process (PID=8445) to work on /home/airflow/.local/lib/python3.12/site-packages/airflow/example_dags/example_outlet_event_extra.py
[2025-03-17T23:35:58.021+0000] {processor.py:914} INFO - Processing file /home/airflow/.local/lib/python3.12/site-packages/airflow/example_dags/example_outlet_event_extra.py for tasks to queue
[2025-03-17T23:35:58.024+0000] {logging_mixin.py:190} INFO - [2025-03-17T23:35:58.024+0000] {dagbag.py:588} INFO - Filling up the DagBag from /home/airflow/.local/lib/python3.12/site-packages/airflow/example_dags/example_outlet_event_extra.py
[2025-03-17T23:35:58.453+0000] {processor.py:925} INFO - DAG(s) 'dataset_with_extra_from_classic_operator', 'dataset_with_extra_by_context', 'dataset_with_extra_by_yield' retrieved from /home/airflow/.local/lib/python3.12/site-packages/airflow/example_dags/example_outlet_event_extra.py
[2025-03-17T23:35:58.466+0000] {logging_mixin.py:190} INFO - [2025-03-17T23:35:58.466+0000] {dag.py:3239} INFO - Sync 3 DAGs
[2025-03-17T23:35:58.480+0000] {logging_mixin.py:190} INFO - [2025-03-17T23:35:58.480+0000] {dag.py:4180} INFO - Setting next_dagrun for dataset_with_extra_by_context to 2025-03-16 00:00:00+00:00, run_after=2025-03-17 00:00:00+00:00
[2025-03-17T23:35:58.483+0000] {logging_mixin.py:190} INFO - [2025-03-17T23:35:58.483+0000] {dag.py:4180} INFO - Setting next_dagrun for dataset_with_extra_by_yield to 2025-03-16 00:00:00+00:00, run_after=2025-03-17 00:00:00+00:00
[2025-03-17T23:35:58.484+0000] {logging_mixin.py:190} INFO - [2025-03-17T23:35:58.484+0000] {dag.py:4180} INFO - Setting next_dagrun for dataset_with_extra_from_classic_operator to 2025-03-16 00:00:00+00:00, run_after=2025-03-17 00:00:00+00:00
[2025-03-17T23:35:58.494+0000] {processor.py:208} INFO - Processing /home/airflow/.local/lib/python3.12/site-packages/airflow/example_dags/example_outlet_event_extra.py took 0.488 seconds
[2025-03-17T23:36:29.486+0000] {processor.py:186} INFO - Started process (PID=8736) to work on /home/airflow/.local/lib/python3.12/site-packages/airflow/example_dags/example_outlet_event_extra.py
[2025-03-17T23:36:29.488+0000] {processor.py:914} INFO - Processing file /home/airflow/.local/lib/python3.12/site-packages/airflow/example_dags/example_outlet_event_extra.py for tasks to queue
[2025-03-17T23:36:29.493+0000] {logging_mixin.py:190} INFO - [2025-03-17T23:36:29.492+0000] {dagbag.py:588} INFO - Filling up the DagBag from /home/airflow/.local/lib/python3.12/site-packages/airflow/example_dags/example_outlet_event_extra.py
[2025-03-17T23:36:30.003+0000] {processor.py:925} INFO - DAG(s) 'dataset_with_extra_by_yield', 'dataset_with_extra_by_context', 'dataset_with_extra_from_classic_operator' retrieved from /home/airflow/.local/lib/python3.12/site-packages/airflow/example_dags/example_outlet_event_extra.py
[2025-03-17T23:36:30.025+0000] {logging_mixin.py:190} INFO - [2025-03-17T23:36:30.025+0000] {dag.py:3239} INFO - Sync 3 DAGs
[2025-03-17T23:36:30.044+0000] {logging_mixin.py:190} INFO - [2025-03-17T23:36:30.043+0000] {dag.py:4180} INFO - Setting next_dagrun for dataset_with_extra_by_context to 2025-03-16 00:00:00+00:00, run_after=2025-03-17 00:00:00+00:00
[2025-03-17T23:36:30.048+0000] {logging_mixin.py:190} INFO - [2025-03-17T23:36:30.048+0000] {dag.py:4180} INFO - Setting next_dagrun for dataset_with_extra_by_yield to 2025-03-16 00:00:00+00:00, run_after=2025-03-17 00:00:00+00:00
[2025-03-17T23:36:30.050+0000] {logging_mixin.py:190} INFO - [2025-03-17T23:36:30.050+0000] {dag.py:4180} INFO - Setting next_dagrun for dataset_with_extra_from_classic_operator to 2025-03-16 00:00:00+00:00, run_after=2025-03-17 00:00:00+00:00
[2025-03-17T23:36:30.064+0000] {processor.py:208} INFO - Processing /home/airflow/.local/lib/python3.12/site-packages/airflow/example_dags/example_outlet_event_extra.py took 0.587 seconds
[2025-03-17T23:37:00.862+0000] {processor.py:186} INFO - Started process (PID=9027) to work on /home/airflow/.local/lib/python3.12/site-packages/airflow/example_dags/example_outlet_event_extra.py
[2025-03-17T23:37:00.864+0000] {processor.py:914} INFO - Processing file /home/airflow/.local/lib/python3.12/site-packages/airflow/example_dags/example_outlet_event_extra.py for tasks to queue
[2025-03-17T23:37:00.869+0000] {logging_mixin.py:190} INFO - [2025-03-17T23:37:00.868+0000] {dagbag.py:588} INFO - Filling up the DagBag from /home/airflow/.local/lib/python3.12/site-packages/airflow/example_dags/example_outlet_event_extra.py
[2025-03-17T23:37:01.371+0000] {processor.py:925} INFO - DAG(s) 'dataset_with_extra_by_context', 'dataset_with_extra_from_classic_operator', 'dataset_with_extra_by_yield' retrieved from /home/airflow/.local/lib/python3.12/site-packages/airflow/example_dags/example_outlet_event_extra.py
[2025-03-17T23:37:01.394+0000] {logging_mixin.py:190} INFO - [2025-03-17T23:37:01.394+0000] {dag.py:3239} INFO - Sync 3 DAGs
[2025-03-17T23:37:01.418+0000] {logging_mixin.py:190} INFO - [2025-03-17T23:37:01.418+0000] {dag.py:4180} INFO - Setting next_dagrun for dataset_with_extra_by_context to 2025-03-16 00:00:00+00:00, run_after=2025-03-17 00:00:00+00:00
[2025-03-17T23:37:01.423+0000] {logging_mixin.py:190} INFO - [2025-03-17T23:37:01.423+0000] {dag.py:4180} INFO - Setting next_dagrun for dataset_with_extra_by_yield to 2025-03-16 00:00:00+00:00, run_after=2025-03-17 00:00:00+00:00
[2025-03-17T23:37:01.424+0000] {logging_mixin.py:190} INFO - [2025-03-17T23:37:01.424+0000] {dag.py:4180} INFO - Setting next_dagrun for dataset_with_extra_from_classic_operator to 2025-03-16 00:00:00+00:00, run_after=2025-03-17 00:00:00+00:00
[2025-03-17T23:37:01.438+0000] {processor.py:208} INFO - Processing /home/airflow/.local/lib/python3.12/site-packages/airflow/example_dags/example_outlet_event_extra.py took 0.606 seconds
[2025-03-17T23:37:32.440+0000] {processor.py:186} INFO - Started process (PID=9318) to work on /home/airflow/.local/lib/python3.12/site-packages/airflow/example_dags/example_outlet_event_extra.py
[2025-03-17T23:37:32.442+0000] {processor.py:914} INFO - Processing file /home/airflow/.local/lib/python3.12/site-packages/airflow/example_dags/example_outlet_event_extra.py for tasks to queue
[2025-03-17T23:37:32.452+0000] {logging_mixin.py:190} INFO - [2025-03-17T23:37:32.447+0000] {dagbag.py:588} INFO - Filling up the DagBag from /home/airflow/.local/lib/python3.12/site-packages/airflow/example_dags/example_outlet_event_extra.py
[2025-03-17T23:37:32.953+0000] {processor.py:925} INFO - DAG(s) 'dataset_with_extra_from_classic_operator', 'dataset_with_extra_by_context', 'dataset_with_extra_by_yield' retrieved from /home/airflow/.local/lib/python3.12/site-packages/airflow/example_dags/example_outlet_event_extra.py
[2025-03-17T23:37:32.973+0000] {logging_mixin.py:190} INFO - [2025-03-17T23:37:32.973+0000] {dag.py:3239} INFO - Sync 3 DAGs
[2025-03-17T23:37:32.989+0000] {logging_mixin.py:190} INFO - [2025-03-17T23:37:32.989+0000] {dag.py:4180} INFO - Setting next_dagrun for dataset_with_extra_by_context to 2025-03-16 00:00:00+00:00, run_after=2025-03-17 00:00:00+00:00
[2025-03-17T23:37:32.993+0000] {logging_mixin.py:190} INFO - [2025-03-17T23:37:32.993+0000] {dag.py:4180} INFO - Setting next_dagrun for dataset_with_extra_by_yield to 2025-03-16 00:00:00+00:00, run_after=2025-03-17 00:00:00+00:00
[2025-03-17T23:37:32.996+0000] {logging_mixin.py:190} INFO - [2025-03-17T23:37:32.996+0000] {dag.py:4180} INFO - Setting next_dagrun for dataset_with_extra_from_classic_operator to 2025-03-16 00:00:00+00:00, run_after=2025-03-17 00:00:00+00:00
[2025-03-17T23:37:33.010+0000] {processor.py:208} INFO - Processing /home/airflow/.local/lib/python3.12/site-packages/airflow/example_dags/example_outlet_event_extra.py took 0.583 seconds
