[2025-03-17T23:21:36.936+0000] {processor.py:186} INFO - Started process (PID=417) to work on /home/airflow/.local/lib/python3.12/site-packages/airflow/example_dags/tutorial_objectstorage.py
[2025-03-17T23:21:36.937+0000] {processor.py:914} INFO - Processing file /home/airflow/.local/lib/python3.12/site-packages/airflow/example_dags/tutorial_objectstorage.py for tasks to queue
[2025-03-17T23:21:36.938+0000] {logging_mixin.py:190} INFO - [2025-03-17T23:21:36.938+0000] {dagbag.py:588} INFO - Filling up the DagBag from /home/airflow/.local/lib/python3.12/site-packages/airflow/example_dags/tutorial_objectstorage.py
[2025-03-17T23:21:36.943+0000] {processor.py:925} INFO - DAG(s) 'tutorial_objectstorage' retrieved from /home/airflow/.local/lib/python3.12/site-packages/airflow/example_dags/tutorial_objectstorage.py
[2025-03-17T23:21:36.997+0000] {logging_mixin.py:190} INFO - [2025-03-17T23:21:36.996+0000] {override.py:1912} INFO - Created Permission View: can edit on DAG:tutorial_objectstorage
[2025-03-17T23:21:37.001+0000] {logging_mixin.py:190} INFO - [2025-03-17T23:21:37.001+0000] {override.py:1912} INFO - Created Permission View: can read on DAG:tutorial_objectstorage
[2025-03-17T23:21:37.005+0000] {logging_mixin.py:190} INFO - [2025-03-17T23:21:37.005+0000] {override.py:1912} INFO - Created Permission View: can delete on DAG:tutorial_objectstorage
[2025-03-17T23:21:37.008+0000] {logging_mixin.py:190} INFO - [2025-03-17T23:21:37.008+0000] {override.py:1912} INFO - Created Permission View: can create on DAG Run:tutorial_objectstorage
[2025-03-17T23:21:37.011+0000] {logging_mixin.py:190} INFO - [2025-03-17T23:21:37.011+0000] {override.py:1912} INFO - Created Permission View: menu access on DAG Run:tutorial_objectstorage
[2025-03-17T23:21:37.014+0000] {logging_mixin.py:190} INFO - [2025-03-17T23:21:37.014+0000] {override.py:1912} INFO - Created Permission View: can read on DAG Run:tutorial_objectstorage
[2025-03-17T23:21:37.017+0000] {logging_mixin.py:190} INFO - [2025-03-17T23:21:37.016+0000] {override.py:1912} INFO - Created Permission View: can delete on DAG Run:tutorial_objectstorage
[2025-03-17T23:21:37.017+0000] {logging_mixin.py:190} INFO - [2025-03-17T23:21:37.017+0000] {dag.py:3239} INFO - Sync 1 DAGs
[2025-03-17T23:21:37.024+0000] {logging_mixin.py:190} INFO - [2025-03-17T23:21:37.024+0000] {dag.py:3262} INFO - Creating ORM DAG for tutorial_objectstorage
[2025-03-17T23:21:37.024+0000] {logging_mixin.py:190} INFO - [2025-03-17T23:21:37.024+0000] {dag.py:4180} INFO - Setting next_dagrun for tutorial_objectstorage to None, run_after=None
[2025-03-17T23:21:37.032+0000] {processor.py:208} INFO - Processing /home/airflow/.local/lib/python3.12/site-packages/airflow/example_dags/tutorial_objectstorage.py took 0.100 seconds
[2025-03-17T23:22:08.008+0000] {processor.py:186} INFO - Started process (PID=708) to work on /home/airflow/.local/lib/python3.12/site-packages/airflow/example_dags/tutorial_objectstorage.py
[2025-03-17T23:22:08.009+0000] {processor.py:914} INFO - Processing file /home/airflow/.local/lib/python3.12/site-packages/airflow/example_dags/tutorial_objectstorage.py for tasks to queue
[2025-03-17T23:22:08.010+0000] {logging_mixin.py:190} INFO - [2025-03-17T23:22:08.010+0000] {dagbag.py:588} INFO - Filling up the DagBag from /home/airflow/.local/lib/python3.12/site-packages/airflow/example_dags/tutorial_objectstorage.py
[2025-03-17T23:22:08.016+0000] {processor.py:925} INFO - DAG(s) 'tutorial_objectstorage' retrieved from /home/airflow/.local/lib/python3.12/site-packages/airflow/example_dags/tutorial_objectstorage.py
[2025-03-17T23:22:08.028+0000] {logging_mixin.py:190} INFO - [2025-03-17T23:22:08.028+0000] {dag.py:3239} INFO - Sync 1 DAGs
[2025-03-17T23:22:08.036+0000] {logging_mixin.py:190} INFO - [2025-03-17T23:22:08.036+0000] {dag.py:4180} INFO - Setting next_dagrun for tutorial_objectstorage to None, run_after=None
[2025-03-17T23:22:08.045+0000] {processor.py:208} INFO - Processing /home/airflow/.local/lib/python3.12/site-packages/airflow/example_dags/tutorial_objectstorage.py took 0.040 seconds
[2025-03-17T23:22:38.120+0000] {processor.py:186} INFO - Started process (PID=993) to work on /home/airflow/.local/lib/python3.12/site-packages/airflow/example_dags/tutorial_objectstorage.py
[2025-03-17T23:22:38.121+0000] {processor.py:914} INFO - Processing file /home/airflow/.local/lib/python3.12/site-packages/airflow/example_dags/tutorial_objectstorage.py for tasks to queue
[2025-03-17T23:22:38.123+0000] {logging_mixin.py:190} INFO - [2025-03-17T23:22:38.122+0000] {dagbag.py:588} INFO - Filling up the DagBag from /home/airflow/.local/lib/python3.12/site-packages/airflow/example_dags/tutorial_objectstorage.py
[2025-03-17T23:22:38.127+0000] {processor.py:925} INFO - DAG(s) 'tutorial_objectstorage' retrieved from /home/airflow/.local/lib/python3.12/site-packages/airflow/example_dags/tutorial_objectstorage.py
[2025-03-17T23:22:38.138+0000] {logging_mixin.py:190} INFO - [2025-03-17T23:22:38.138+0000] {dag.py:3239} INFO - Sync 1 DAGs
[2025-03-17T23:22:38.145+0000] {logging_mixin.py:190} INFO - [2025-03-17T23:22:38.145+0000] {dag.py:4180} INFO - Setting next_dagrun for tutorial_objectstorage to None, run_after=None
[2025-03-17T23:22:38.155+0000] {processor.py:208} INFO - Processing /home/airflow/.local/lib/python3.12/site-packages/airflow/example_dags/tutorial_objectstorage.py took 0.038 seconds
[2025-03-17T23:23:08.871+0000] {processor.py:186} INFO - Started process (PID=1285) to work on /home/airflow/.local/lib/python3.12/site-packages/airflow/example_dags/tutorial_objectstorage.py
[2025-03-17T23:23:08.872+0000] {processor.py:914} INFO - Processing file /home/airflow/.local/lib/python3.12/site-packages/airflow/example_dags/tutorial_objectstorage.py for tasks to queue
[2025-03-17T23:23:08.874+0000] {logging_mixin.py:190} INFO - [2025-03-17T23:23:08.873+0000] {dagbag.py:588} INFO - Filling up the DagBag from /home/airflow/.local/lib/python3.12/site-packages/airflow/example_dags/tutorial_objectstorage.py
[2025-03-17T23:23:08.880+0000] {processor.py:925} INFO - DAG(s) 'tutorial_objectstorage' retrieved from /home/airflow/.local/lib/python3.12/site-packages/airflow/example_dags/tutorial_objectstorage.py
[2025-03-17T23:23:08.892+0000] {logging_mixin.py:190} INFO - [2025-03-17T23:23:08.892+0000] {dag.py:3239} INFO - Sync 1 DAGs
[2025-03-17T23:23:08.902+0000] {logging_mixin.py:190} INFO - [2025-03-17T23:23:08.901+0000] {dag.py:4180} INFO - Setting next_dagrun for tutorial_objectstorage to None, run_after=None
[2025-03-17T23:23:08.912+0000] {processor.py:208} INFO - Processing /home/airflow/.local/lib/python3.12/site-packages/airflow/example_dags/tutorial_objectstorage.py took 0.045 seconds
[2025-03-17T23:23:39.101+0000] {processor.py:186} INFO - Started process (PID=1576) to work on /home/airflow/.local/lib/python3.12/site-packages/airflow/example_dags/tutorial_objectstorage.py
[2025-03-17T23:23:39.102+0000] {processor.py:914} INFO - Processing file /home/airflow/.local/lib/python3.12/site-packages/airflow/example_dags/tutorial_objectstorage.py for tasks to queue
[2025-03-17T23:23:39.105+0000] {logging_mixin.py:190} INFO - [2025-03-17T23:23:39.105+0000] {dagbag.py:588} INFO - Filling up the DagBag from /home/airflow/.local/lib/python3.12/site-packages/airflow/example_dags/tutorial_objectstorage.py
[2025-03-17T23:23:39.111+0000] {processor.py:925} INFO - DAG(s) 'tutorial_objectstorage' retrieved from /home/airflow/.local/lib/python3.12/site-packages/airflow/example_dags/tutorial_objectstorage.py
[2025-03-17T23:23:39.121+0000] {logging_mixin.py:190} INFO - [2025-03-17T23:23:39.121+0000] {dag.py:3239} INFO - Sync 1 DAGs
[2025-03-17T23:23:39.128+0000] {logging_mixin.py:190} INFO - [2025-03-17T23:23:39.128+0000] {dag.py:4180} INFO - Setting next_dagrun for tutorial_objectstorage to None, run_after=None
[2025-03-17T23:23:39.137+0000] {processor.py:208} INFO - Processing /home/airflow/.local/lib/python3.12/site-packages/airflow/example_dags/tutorial_objectstorage.py took 0.039 seconds
[2025-03-17T23:24:10.045+0000] {processor.py:186} INFO - Started process (PID=1867) to work on /home/airflow/.local/lib/python3.12/site-packages/airflow/example_dags/tutorial_objectstorage.py
[2025-03-17T23:24:10.046+0000] {processor.py:914} INFO - Processing file /home/airflow/.local/lib/python3.12/site-packages/airflow/example_dags/tutorial_objectstorage.py for tasks to queue
[2025-03-17T23:24:10.047+0000] {logging_mixin.py:190} INFO - [2025-03-17T23:24:10.047+0000] {dagbag.py:588} INFO - Filling up the DagBag from /home/airflow/.local/lib/python3.12/site-packages/airflow/example_dags/tutorial_objectstorage.py
[2025-03-17T23:24:10.052+0000] {processor.py:925} INFO - DAG(s) 'tutorial_objectstorage' retrieved from /home/airflow/.local/lib/python3.12/site-packages/airflow/example_dags/tutorial_objectstorage.py
[2025-03-17T23:24:10.061+0000] {logging_mixin.py:190} INFO - [2025-03-17T23:24:10.061+0000] {dag.py:3239} INFO - Sync 1 DAGs
[2025-03-17T23:24:10.068+0000] {logging_mixin.py:190} INFO - [2025-03-17T23:24:10.068+0000] {dag.py:4180} INFO - Setting next_dagrun for tutorial_objectstorage to None, run_after=None
[2025-03-17T23:24:10.077+0000] {processor.py:208} INFO - Processing /home/airflow/.local/lib/python3.12/site-packages/airflow/example_dags/tutorial_objectstorage.py took 0.035 seconds
[2025-03-17T23:24:41.415+0000] {processor.py:186} INFO - Started process (PID=2157) to work on /home/airflow/.local/lib/python3.12/site-packages/airflow/example_dags/tutorial_objectstorage.py
[2025-03-17T23:24:41.415+0000] {processor.py:914} INFO - Processing file /home/airflow/.local/lib/python3.12/site-packages/airflow/example_dags/tutorial_objectstorage.py for tasks to queue
[2025-03-17T23:24:41.417+0000] {logging_mixin.py:190} INFO - [2025-03-17T23:24:41.417+0000] {dagbag.py:588} INFO - Filling up the DagBag from /home/airflow/.local/lib/python3.12/site-packages/airflow/example_dags/tutorial_objectstorage.py
[2025-03-17T23:24:41.421+0000] {processor.py:925} INFO - DAG(s) 'tutorial_objectstorage' retrieved from /home/airflow/.local/lib/python3.12/site-packages/airflow/example_dags/tutorial_objectstorage.py
[2025-03-17T23:24:41.431+0000] {logging_mixin.py:190} INFO - [2025-03-17T23:24:41.431+0000] {dag.py:3239} INFO - Sync 1 DAGs
[2025-03-17T23:24:41.437+0000] {logging_mixin.py:190} INFO - [2025-03-17T23:24:41.437+0000] {dag.py:4180} INFO - Setting next_dagrun for tutorial_objectstorage to None, run_after=None
[2025-03-17T23:24:41.446+0000] {processor.py:208} INFO - Processing /home/airflow/.local/lib/python3.12/site-packages/airflow/example_dags/tutorial_objectstorage.py took 0.034 seconds
[2025-03-17T23:25:13.249+0000] {processor.py:186} INFO - Started process (PID=2450) to work on /home/airflow/.local/lib/python3.12/site-packages/airflow/example_dags/tutorial_objectstorage.py
[2025-03-17T23:25:13.252+0000] {processor.py:914} INFO - Processing file /home/airflow/.local/lib/python3.12/site-packages/airflow/example_dags/tutorial_objectstorage.py for tasks to queue
[2025-03-17T23:25:13.255+0000] {logging_mixin.py:190} INFO - [2025-03-17T23:25:13.254+0000] {dagbag.py:588} INFO - Filling up the DagBag from /home/airflow/.local/lib/python3.12/site-packages/airflow/example_dags/tutorial_objectstorage.py
[2025-03-17T23:25:13.265+0000] {processor.py:925} INFO - DAG(s) 'tutorial_objectstorage' retrieved from /home/airflow/.local/lib/python3.12/site-packages/airflow/example_dags/tutorial_objectstorage.py
[2025-03-17T23:25:13.281+0000] {logging_mixin.py:190} INFO - [2025-03-17T23:25:13.281+0000] {dag.py:3239} INFO - Sync 1 DAGs
[2025-03-17T23:25:13.295+0000] {logging_mixin.py:190} INFO - [2025-03-17T23:25:13.295+0000] {dag.py:4180} INFO - Setting next_dagrun for tutorial_objectstorage to None, run_after=None
[2025-03-17T23:25:13.324+0000] {processor.py:208} INFO - Processing /home/airflow/.local/lib/python3.12/site-packages/airflow/example_dags/tutorial_objectstorage.py took 0.081 seconds
[2025-03-17T23:25:44.035+0000] {processor.py:186} INFO - Started process (PID=2739) to work on /home/airflow/.local/lib/python3.12/site-packages/airflow/example_dags/tutorial_objectstorage.py
[2025-03-17T23:25:44.035+0000] {processor.py:914} INFO - Processing file /home/airflow/.local/lib/python3.12/site-packages/airflow/example_dags/tutorial_objectstorage.py for tasks to queue
[2025-03-17T23:25:44.036+0000] {logging_mixin.py:190} INFO - [2025-03-17T23:25:44.036+0000] {dagbag.py:588} INFO - Filling up the DagBag from /home/airflow/.local/lib/python3.12/site-packages/airflow/example_dags/tutorial_objectstorage.py
[2025-03-17T23:25:44.041+0000] {processor.py:925} INFO - DAG(s) 'tutorial_objectstorage' retrieved from /home/airflow/.local/lib/python3.12/site-packages/airflow/example_dags/tutorial_objectstorage.py
[2025-03-17T23:25:44.050+0000] {logging_mixin.py:190} INFO - [2025-03-17T23:25:44.050+0000] {dag.py:3239} INFO - Sync 1 DAGs
[2025-03-17T23:25:44.057+0000] {logging_mixin.py:190} INFO - [2025-03-17T23:25:44.057+0000] {dag.py:4180} INFO - Setting next_dagrun for tutorial_objectstorage to None, run_after=None
[2025-03-17T23:25:44.067+0000] {processor.py:208} INFO - Processing /home/airflow/.local/lib/python3.12/site-packages/airflow/example_dags/tutorial_objectstorage.py took 0.035 seconds
[2025-03-17T23:26:14.927+0000] {processor.py:186} INFO - Started process (PID=3030) to work on /home/airflow/.local/lib/python3.12/site-packages/airflow/example_dags/tutorial_objectstorage.py
[2025-03-17T23:26:14.928+0000] {processor.py:914} INFO - Processing file /home/airflow/.local/lib/python3.12/site-packages/airflow/example_dags/tutorial_objectstorage.py for tasks to queue
[2025-03-17T23:26:14.929+0000] {logging_mixin.py:190} INFO - [2025-03-17T23:26:14.929+0000] {dagbag.py:588} INFO - Filling up the DagBag from /home/airflow/.local/lib/python3.12/site-packages/airflow/example_dags/tutorial_objectstorage.py
[2025-03-17T23:26:14.934+0000] {processor.py:925} INFO - DAG(s) 'tutorial_objectstorage' retrieved from /home/airflow/.local/lib/python3.12/site-packages/airflow/example_dags/tutorial_objectstorage.py
[2025-03-17T23:26:14.943+0000] {logging_mixin.py:190} INFO - [2025-03-17T23:26:14.943+0000] {dag.py:3239} INFO - Sync 1 DAGs
[2025-03-17T23:26:14.953+0000] {logging_mixin.py:190} INFO - [2025-03-17T23:26:14.953+0000] {dag.py:4180} INFO - Setting next_dagrun for tutorial_objectstorage to None, run_after=None
[2025-03-17T23:26:14.962+0000] {processor.py:208} INFO - Processing /home/airflow/.local/lib/python3.12/site-packages/airflow/example_dags/tutorial_objectstorage.py took 0.038 seconds
[2025-03-17T23:26:45.827+0000] {processor.py:186} INFO - Started process (PID=3321) to work on /home/airflow/.local/lib/python3.12/site-packages/airflow/example_dags/tutorial_objectstorage.py
[2025-03-17T23:26:45.828+0000] {processor.py:914} INFO - Processing file /home/airflow/.local/lib/python3.12/site-packages/airflow/example_dags/tutorial_objectstorage.py for tasks to queue
[2025-03-17T23:26:45.830+0000] {logging_mixin.py:190} INFO - [2025-03-17T23:26:45.830+0000] {dagbag.py:588} INFO - Filling up the DagBag from /home/airflow/.local/lib/python3.12/site-packages/airflow/example_dags/tutorial_objectstorage.py
[2025-03-17T23:26:45.835+0000] {processor.py:925} INFO - DAG(s) 'tutorial_objectstorage' retrieved from /home/airflow/.local/lib/python3.12/site-packages/airflow/example_dags/tutorial_objectstorage.py
[2025-03-17T23:26:45.846+0000] {logging_mixin.py:190} INFO - [2025-03-17T23:26:45.846+0000] {dag.py:3239} INFO - Sync 1 DAGs
[2025-03-17T23:26:45.853+0000] {logging_mixin.py:190} INFO - [2025-03-17T23:26:45.852+0000] {dag.py:4180} INFO - Setting next_dagrun for tutorial_objectstorage to None, run_after=None
[2025-03-17T23:26:45.865+0000] {processor.py:208} INFO - Processing /home/airflow/.local/lib/python3.12/site-packages/airflow/example_dags/tutorial_objectstorage.py took 0.041 seconds
[2025-03-17T23:27:16.807+0000] {processor.py:186} INFO - Started process (PID=3612) to work on /home/airflow/.local/lib/python3.12/site-packages/airflow/example_dags/tutorial_objectstorage.py
[2025-03-17T23:27:16.808+0000] {processor.py:914} INFO - Processing file /home/airflow/.local/lib/python3.12/site-packages/airflow/example_dags/tutorial_objectstorage.py for tasks to queue
[2025-03-17T23:27:16.809+0000] {logging_mixin.py:190} INFO - [2025-03-17T23:27:16.809+0000] {dagbag.py:588} INFO - Filling up the DagBag from /home/airflow/.local/lib/python3.12/site-packages/airflow/example_dags/tutorial_objectstorage.py
[2025-03-17T23:27:16.815+0000] {processor.py:925} INFO - DAG(s) 'tutorial_objectstorage' retrieved from /home/airflow/.local/lib/python3.12/site-packages/airflow/example_dags/tutorial_objectstorage.py
[2025-03-17T23:27:16.826+0000] {logging_mixin.py:190} INFO - [2025-03-17T23:27:16.826+0000] {dag.py:3239} INFO - Sync 1 DAGs
[2025-03-17T23:27:16.833+0000] {logging_mixin.py:190} INFO - [2025-03-17T23:27:16.833+0000] {dag.py:4180} INFO - Setting next_dagrun for tutorial_objectstorage to None, run_after=None
[2025-03-17T23:27:16.841+0000] {processor.py:208} INFO - Processing /home/airflow/.local/lib/python3.12/site-packages/airflow/example_dags/tutorial_objectstorage.py took 0.037 seconds
[2025-03-17T23:27:48.279+0000] {processor.py:186} INFO - Started process (PID=3903) to work on /home/airflow/.local/lib/python3.12/site-packages/airflow/example_dags/tutorial_objectstorage.py
[2025-03-17T23:27:48.280+0000] {processor.py:914} INFO - Processing file /home/airflow/.local/lib/python3.12/site-packages/airflow/example_dags/tutorial_objectstorage.py for tasks to queue
[2025-03-17T23:27:48.283+0000] {logging_mixin.py:190} INFO - [2025-03-17T23:27:48.283+0000] {dagbag.py:588} INFO - Filling up the DagBag from /home/airflow/.local/lib/python3.12/site-packages/airflow/example_dags/tutorial_objectstorage.py
[2025-03-17T23:27:48.298+0000] {processor.py:925} INFO - DAG(s) 'tutorial_objectstorage' retrieved from /home/airflow/.local/lib/python3.12/site-packages/airflow/example_dags/tutorial_objectstorage.py
[2025-03-17T23:27:48.377+0000] {logging_mixin.py:190} INFO - [2025-03-17T23:27:48.377+0000] {dag.py:3239} INFO - Sync 1 DAGs
[2025-03-17T23:27:48.386+0000] {logging_mixin.py:190} INFO - [2025-03-17T23:27:48.386+0000] {dag.py:4180} INFO - Setting next_dagrun for tutorial_objectstorage to None, run_after=None
[2025-03-17T23:27:48.401+0000] {processor.py:208} INFO - Processing /home/airflow/.local/lib/python3.12/site-packages/airflow/example_dags/tutorial_objectstorage.py took 0.126 seconds
[2025-03-17T23:28:18.427+0000] {processor.py:186} INFO - Started process (PID=4194) to work on /home/airflow/.local/lib/python3.12/site-packages/airflow/example_dags/tutorial_objectstorage.py
[2025-03-17T23:28:18.428+0000] {processor.py:914} INFO - Processing file /home/airflow/.local/lib/python3.12/site-packages/airflow/example_dags/tutorial_objectstorage.py for tasks to queue
[2025-03-17T23:28:18.429+0000] {logging_mixin.py:190} INFO - [2025-03-17T23:28:18.429+0000] {dagbag.py:588} INFO - Filling up the DagBag from /home/airflow/.local/lib/python3.12/site-packages/airflow/example_dags/tutorial_objectstorage.py
[2025-03-17T23:28:18.433+0000] {processor.py:925} INFO - DAG(s) 'tutorial_objectstorage' retrieved from /home/airflow/.local/lib/python3.12/site-packages/airflow/example_dags/tutorial_objectstorage.py
[2025-03-17T23:28:18.442+0000] {logging_mixin.py:190} INFO - [2025-03-17T23:28:18.442+0000] {dag.py:3239} INFO - Sync 1 DAGs
[2025-03-17T23:28:18.452+0000] {logging_mixin.py:190} INFO - [2025-03-17T23:28:18.452+0000] {dag.py:4180} INFO - Setting next_dagrun for tutorial_objectstorage to None, run_after=None
[2025-03-17T23:28:18.460+0000] {processor.py:208} INFO - Processing /home/airflow/.local/lib/python3.12/site-packages/airflow/example_dags/tutorial_objectstorage.py took 0.036 seconds
[2025-03-17T23:28:49.198+0000] {processor.py:186} INFO - Started process (PID=4485) to work on /home/airflow/.local/lib/python3.12/site-packages/airflow/example_dags/tutorial_objectstorage.py
[2025-03-17T23:28:49.199+0000] {processor.py:914} INFO - Processing file /home/airflow/.local/lib/python3.12/site-packages/airflow/example_dags/tutorial_objectstorage.py for tasks to queue
[2025-03-17T23:28:49.201+0000] {logging_mixin.py:190} INFO - [2025-03-17T23:28:49.201+0000] {dagbag.py:588} INFO - Filling up the DagBag from /home/airflow/.local/lib/python3.12/site-packages/airflow/example_dags/tutorial_objectstorage.py
[2025-03-17T23:28:49.206+0000] {processor.py:925} INFO - DAG(s) 'tutorial_objectstorage' retrieved from /home/airflow/.local/lib/python3.12/site-packages/airflow/example_dags/tutorial_objectstorage.py
[2025-03-17T23:28:49.217+0000] {logging_mixin.py:190} INFO - [2025-03-17T23:28:49.216+0000] {dag.py:3239} INFO - Sync 1 DAGs
[2025-03-17T23:28:49.223+0000] {logging_mixin.py:190} INFO - [2025-03-17T23:28:49.223+0000] {dag.py:4180} INFO - Setting next_dagrun for tutorial_objectstorage to None, run_after=None
[2025-03-17T23:28:49.234+0000] {processor.py:208} INFO - Processing /home/airflow/.local/lib/python3.12/site-packages/airflow/example_dags/tutorial_objectstorage.py took 0.039 seconds
[2025-03-17T23:29:19.855+0000] {processor.py:186} INFO - Started process (PID=4778) to work on /home/airflow/.local/lib/python3.12/site-packages/airflow/example_dags/tutorial_objectstorage.py
[2025-03-17T23:29:19.855+0000] {processor.py:914} INFO - Processing file /home/airflow/.local/lib/python3.12/site-packages/airflow/example_dags/tutorial_objectstorage.py for tasks to queue
[2025-03-17T23:29:19.856+0000] {logging_mixin.py:190} INFO - [2025-03-17T23:29:19.856+0000] {dagbag.py:588} INFO - Filling up the DagBag from /home/airflow/.local/lib/python3.12/site-packages/airflow/example_dags/tutorial_objectstorage.py
[2025-03-17T23:29:19.861+0000] {processor.py:925} INFO - DAG(s) 'tutorial_objectstorage' retrieved from /home/airflow/.local/lib/python3.12/site-packages/airflow/example_dags/tutorial_objectstorage.py
[2025-03-17T23:29:19.871+0000] {logging_mixin.py:190} INFO - [2025-03-17T23:29:19.870+0000] {dag.py:3239} INFO - Sync 1 DAGs
[2025-03-17T23:29:19.879+0000] {logging_mixin.py:190} INFO - [2025-03-17T23:29:19.879+0000] {dag.py:4180} INFO - Setting next_dagrun for tutorial_objectstorage to None, run_after=None
[2025-03-17T23:29:19.889+0000] {processor.py:208} INFO - Processing /home/airflow/.local/lib/python3.12/site-packages/airflow/example_dags/tutorial_objectstorage.py took 0.038 seconds
[2025-03-17T23:29:50.375+0000] {processor.py:186} INFO - Started process (PID=5067) to work on /home/airflow/.local/lib/python3.12/site-packages/airflow/example_dags/tutorial_objectstorage.py
[2025-03-17T23:29:50.376+0000] {processor.py:914} INFO - Processing file /home/airflow/.local/lib/python3.12/site-packages/airflow/example_dags/tutorial_objectstorage.py for tasks to queue
[2025-03-17T23:29:50.377+0000] {logging_mixin.py:190} INFO - [2025-03-17T23:29:50.377+0000] {dagbag.py:588} INFO - Filling up the DagBag from /home/airflow/.local/lib/python3.12/site-packages/airflow/example_dags/tutorial_objectstorage.py
[2025-03-17T23:29:50.382+0000] {processor.py:925} INFO - DAG(s) 'tutorial_objectstorage' retrieved from /home/airflow/.local/lib/python3.12/site-packages/airflow/example_dags/tutorial_objectstorage.py
[2025-03-17T23:29:50.392+0000] {logging_mixin.py:190} INFO - [2025-03-17T23:29:50.392+0000] {dag.py:3239} INFO - Sync 1 DAGs
[2025-03-17T23:29:50.399+0000] {logging_mixin.py:190} INFO - [2025-03-17T23:29:50.398+0000] {dag.py:4180} INFO - Setting next_dagrun for tutorial_objectstorage to None, run_after=None
[2025-03-17T23:29:50.410+0000] {processor.py:208} INFO - Processing /home/airflow/.local/lib/python3.12/site-packages/airflow/example_dags/tutorial_objectstorage.py took 0.038 seconds
[2025-03-17T23:30:20.949+0000] {processor.py:186} INFO - Started process (PID=5358) to work on /home/airflow/.local/lib/python3.12/site-packages/airflow/example_dags/tutorial_objectstorage.py
[2025-03-17T23:30:20.950+0000] {processor.py:914} INFO - Processing file /home/airflow/.local/lib/python3.12/site-packages/airflow/example_dags/tutorial_objectstorage.py for tasks to queue
[2025-03-17T23:30:20.953+0000] {logging_mixin.py:190} INFO - [2025-03-17T23:30:20.952+0000] {dagbag.py:588} INFO - Filling up the DagBag from /home/airflow/.local/lib/python3.12/site-packages/airflow/example_dags/tutorial_objectstorage.py
[2025-03-17T23:30:20.958+0000] {processor.py:925} INFO - DAG(s) 'tutorial_objectstorage' retrieved from /home/airflow/.local/lib/python3.12/site-packages/airflow/example_dags/tutorial_objectstorage.py
[2025-03-17T23:30:20.969+0000] {logging_mixin.py:190} INFO - [2025-03-17T23:30:20.968+0000] {dag.py:3239} INFO - Sync 1 DAGs
[2025-03-17T23:30:20.975+0000] {logging_mixin.py:190} INFO - [2025-03-17T23:30:20.975+0000] {dag.py:4180} INFO - Setting next_dagrun for tutorial_objectstorage to None, run_after=None
[2025-03-17T23:30:20.985+0000] {processor.py:208} INFO - Processing /home/airflow/.local/lib/python3.12/site-packages/airflow/example_dags/tutorial_objectstorage.py took 0.039 seconds
[2025-03-17T23:30:51.500+0000] {processor.py:186} INFO - Started process (PID=5649) to work on /home/airflow/.local/lib/python3.12/site-packages/airflow/example_dags/tutorial_objectstorage.py
[2025-03-17T23:30:51.501+0000] {processor.py:914} INFO - Processing file /home/airflow/.local/lib/python3.12/site-packages/airflow/example_dags/tutorial_objectstorage.py for tasks to queue
[2025-03-17T23:30:51.502+0000] {logging_mixin.py:190} INFO - [2025-03-17T23:30:51.502+0000] {dagbag.py:588} INFO - Filling up the DagBag from /home/airflow/.local/lib/python3.12/site-packages/airflow/example_dags/tutorial_objectstorage.py
[2025-03-17T23:30:51.506+0000] {processor.py:925} INFO - DAG(s) 'tutorial_objectstorage' retrieved from /home/airflow/.local/lib/python3.12/site-packages/airflow/example_dags/tutorial_objectstorage.py
[2025-03-17T23:30:51.516+0000] {logging_mixin.py:190} INFO - [2025-03-17T23:30:51.515+0000] {dag.py:3239} INFO - Sync 1 DAGs
[2025-03-17T23:30:51.522+0000] {logging_mixin.py:190} INFO - [2025-03-17T23:30:51.522+0000] {dag.py:4180} INFO - Setting next_dagrun for tutorial_objectstorage to None, run_after=None
[2025-03-17T23:30:51.531+0000] {processor.py:208} INFO - Processing /home/airflow/.local/lib/python3.12/site-packages/airflow/example_dags/tutorial_objectstorage.py took 0.033 seconds
[2025-03-17T23:31:22.076+0000] {processor.py:186} INFO - Started process (PID=5940) to work on /home/airflow/.local/lib/python3.12/site-packages/airflow/example_dags/tutorial_objectstorage.py
[2025-03-17T23:31:22.077+0000] {processor.py:914} INFO - Processing file /home/airflow/.local/lib/python3.12/site-packages/airflow/example_dags/tutorial_objectstorage.py for tasks to queue
[2025-03-17T23:31:22.079+0000] {logging_mixin.py:190} INFO - [2025-03-17T23:31:22.078+0000] {dagbag.py:588} INFO - Filling up the DagBag from /home/airflow/.local/lib/python3.12/site-packages/airflow/example_dags/tutorial_objectstorage.py
[2025-03-17T23:31:22.083+0000] {processor.py:925} INFO - DAG(s) 'tutorial_objectstorage' retrieved from /home/airflow/.local/lib/python3.12/site-packages/airflow/example_dags/tutorial_objectstorage.py
[2025-03-17T23:31:22.093+0000] {logging_mixin.py:190} INFO - [2025-03-17T23:31:22.093+0000] {dag.py:3239} INFO - Sync 1 DAGs
[2025-03-17T23:31:22.101+0000] {logging_mixin.py:190} INFO - [2025-03-17T23:31:22.100+0000] {dag.py:4180} INFO - Setting next_dagrun for tutorial_objectstorage to None, run_after=None
[2025-03-17T23:31:22.110+0000] {processor.py:208} INFO - Processing /home/airflow/.local/lib/python3.12/site-packages/airflow/example_dags/tutorial_objectstorage.py took 0.037 seconds
[2025-03-17T23:31:52.596+0000] {processor.py:186} INFO - Started process (PID=6231) to work on /home/airflow/.local/lib/python3.12/site-packages/airflow/example_dags/tutorial_objectstorage.py
[2025-03-17T23:31:52.596+0000] {processor.py:914} INFO - Processing file /home/airflow/.local/lib/python3.12/site-packages/airflow/example_dags/tutorial_objectstorage.py for tasks to queue
[2025-03-17T23:31:52.598+0000] {logging_mixin.py:190} INFO - [2025-03-17T23:31:52.597+0000] {dagbag.py:588} INFO - Filling up the DagBag from /home/airflow/.local/lib/python3.12/site-packages/airflow/example_dags/tutorial_objectstorage.py
[2025-03-17T23:31:52.602+0000] {processor.py:925} INFO - DAG(s) 'tutorial_objectstorage' retrieved from /home/airflow/.local/lib/python3.12/site-packages/airflow/example_dags/tutorial_objectstorage.py
[2025-03-17T23:31:52.612+0000] {logging_mixin.py:190} INFO - [2025-03-17T23:31:52.612+0000] {dag.py:3239} INFO - Sync 1 DAGs
[2025-03-17T23:31:52.620+0000] {logging_mixin.py:190} INFO - [2025-03-17T23:31:52.620+0000] {dag.py:4180} INFO - Setting next_dagrun for tutorial_objectstorage to None, run_after=None
[2025-03-17T23:31:52.629+0000] {processor.py:208} INFO - Processing /home/airflow/.local/lib/python3.12/site-packages/airflow/example_dags/tutorial_objectstorage.py took 0.037 seconds
[2025-03-17T23:32:23.178+0000] {processor.py:186} INFO - Started process (PID=6522) to work on /home/airflow/.local/lib/python3.12/site-packages/airflow/example_dags/tutorial_objectstorage.py
[2025-03-17T23:32:23.179+0000] {processor.py:914} INFO - Processing file /home/airflow/.local/lib/python3.12/site-packages/airflow/example_dags/tutorial_objectstorage.py for tasks to queue
[2025-03-17T23:32:23.180+0000] {logging_mixin.py:190} INFO - [2025-03-17T23:32:23.180+0000] {dagbag.py:588} INFO - Filling up the DagBag from /home/airflow/.local/lib/python3.12/site-packages/airflow/example_dags/tutorial_objectstorage.py
[2025-03-17T23:32:23.186+0000] {processor.py:925} INFO - DAG(s) 'tutorial_objectstorage' retrieved from /home/airflow/.local/lib/python3.12/site-packages/airflow/example_dags/tutorial_objectstorage.py
[2025-03-17T23:32:23.199+0000] {logging_mixin.py:190} INFO - [2025-03-17T23:32:23.198+0000] {dag.py:3239} INFO - Sync 1 DAGs
[2025-03-17T23:32:23.208+0000] {logging_mixin.py:190} INFO - [2025-03-17T23:32:23.208+0000] {dag.py:4180} INFO - Setting next_dagrun for tutorial_objectstorage to None, run_after=None
[2025-03-17T23:32:23.220+0000] {processor.py:208} INFO - Processing /home/airflow/.local/lib/python3.12/site-packages/airflow/example_dags/tutorial_objectstorage.py took 0.045 seconds
[2025-03-17T23:32:53.731+0000] {processor.py:186} INFO - Started process (PID=6808) to work on /home/airflow/.local/lib/python3.12/site-packages/airflow/example_dags/tutorial_objectstorage.py
[2025-03-17T23:32:53.732+0000] {processor.py:914} INFO - Processing file /home/airflow/.local/lib/python3.12/site-packages/airflow/example_dags/tutorial_objectstorage.py for tasks to queue
[2025-03-17T23:32:53.733+0000] {logging_mixin.py:190} INFO - [2025-03-17T23:32:53.733+0000] {dagbag.py:588} INFO - Filling up the DagBag from /home/airflow/.local/lib/python3.12/site-packages/airflow/example_dags/tutorial_objectstorage.py
[2025-03-17T23:32:53.738+0000] {processor.py:925} INFO - DAG(s) 'tutorial_objectstorage' retrieved from /home/airflow/.local/lib/python3.12/site-packages/airflow/example_dags/tutorial_objectstorage.py
[2025-03-17T23:32:53.747+0000] {logging_mixin.py:190} INFO - [2025-03-17T23:32:53.746+0000] {dag.py:3239} INFO - Sync 1 DAGs
[2025-03-17T23:32:53.753+0000] {logging_mixin.py:190} INFO - [2025-03-17T23:32:53.753+0000] {dag.py:4180} INFO - Setting next_dagrun for tutorial_objectstorage to None, run_after=None
[2025-03-17T23:32:53.761+0000] {processor.py:208} INFO - Processing /home/airflow/.local/lib/python3.12/site-packages/airflow/example_dags/tutorial_objectstorage.py took 0.032 seconds
[2025-03-17T23:33:24.469+0000] {processor.py:186} INFO - Started process (PID=7104) to work on /home/airflow/.local/lib/python3.12/site-packages/airflow/example_dags/tutorial_objectstorage.py
[2025-03-17T23:33:24.469+0000] {processor.py:914} INFO - Processing file /home/airflow/.local/lib/python3.12/site-packages/airflow/example_dags/tutorial_objectstorage.py for tasks to queue
[2025-03-17T23:33:24.470+0000] {logging_mixin.py:190} INFO - [2025-03-17T23:33:24.470+0000] {dagbag.py:588} INFO - Filling up the DagBag from /home/airflow/.local/lib/python3.12/site-packages/airflow/example_dags/tutorial_objectstorage.py
[2025-03-17T23:33:24.475+0000] {processor.py:925} INFO - DAG(s) 'tutorial_objectstorage' retrieved from /home/airflow/.local/lib/python3.12/site-packages/airflow/example_dags/tutorial_objectstorage.py
[2025-03-17T23:33:24.484+0000] {logging_mixin.py:190} INFO - [2025-03-17T23:33:24.484+0000] {dag.py:3239} INFO - Sync 1 DAGs
[2025-03-17T23:33:24.491+0000] {logging_mixin.py:190} INFO - [2025-03-17T23:33:24.490+0000] {dag.py:4180} INFO - Setting next_dagrun for tutorial_objectstorage to None, run_after=None
[2025-03-17T23:33:24.499+0000] {processor.py:208} INFO - Processing /home/airflow/.local/lib/python3.12/site-packages/airflow/example_dags/tutorial_objectstorage.py took 0.033 seconds
[2025-03-17T23:33:55.591+0000] {processor.py:186} INFO - Started process (PID=7395) to work on /home/airflow/.local/lib/python3.12/site-packages/airflow/example_dags/tutorial_objectstorage.py
[2025-03-17T23:33:55.592+0000] {processor.py:914} INFO - Processing file /home/airflow/.local/lib/python3.12/site-packages/airflow/example_dags/tutorial_objectstorage.py for tasks to queue
[2025-03-17T23:33:55.593+0000] {logging_mixin.py:190} INFO - [2025-03-17T23:33:55.593+0000] {dagbag.py:588} INFO - Filling up the DagBag from /home/airflow/.local/lib/python3.12/site-packages/airflow/example_dags/tutorial_objectstorage.py
[2025-03-17T23:33:55.598+0000] {processor.py:925} INFO - DAG(s) 'tutorial_objectstorage' retrieved from /home/airflow/.local/lib/python3.12/site-packages/airflow/example_dags/tutorial_objectstorage.py
[2025-03-17T23:33:55.612+0000] {logging_mixin.py:190} INFO - [2025-03-17T23:33:55.611+0000] {dag.py:3239} INFO - Sync 1 DAGs
[2025-03-17T23:33:55.620+0000] {logging_mixin.py:190} INFO - [2025-03-17T23:33:55.619+0000] {dag.py:4180} INFO - Setting next_dagrun for tutorial_objectstorage to None, run_after=None
[2025-03-17T23:33:55.628+0000] {processor.py:208} INFO - Processing /home/airflow/.local/lib/python3.12/site-packages/airflow/example_dags/tutorial_objectstorage.py took 0.040 seconds
[2025-03-17T23:34:26.476+0000] {processor.py:186} INFO - Started process (PID=7686) to work on /home/airflow/.local/lib/python3.12/site-packages/airflow/example_dags/tutorial_objectstorage.py
[2025-03-17T23:34:26.477+0000] {processor.py:914} INFO - Processing file /home/airflow/.local/lib/python3.12/site-packages/airflow/example_dags/tutorial_objectstorage.py for tasks to queue
[2025-03-17T23:34:26.478+0000] {logging_mixin.py:190} INFO - [2025-03-17T23:34:26.478+0000] {dagbag.py:588} INFO - Filling up the DagBag from /home/airflow/.local/lib/python3.12/site-packages/airflow/example_dags/tutorial_objectstorage.py
[2025-03-17T23:34:26.483+0000] {processor.py:925} INFO - DAG(s) 'tutorial_objectstorage' retrieved from /home/airflow/.local/lib/python3.12/site-packages/airflow/example_dags/tutorial_objectstorage.py
[2025-03-17T23:34:26.492+0000] {logging_mixin.py:190} INFO - [2025-03-17T23:34:26.491+0000] {dag.py:3239} INFO - Sync 1 DAGs
[2025-03-17T23:34:26.499+0000] {logging_mixin.py:190} INFO - [2025-03-17T23:34:26.499+0000] {dag.py:4180} INFO - Setting next_dagrun for tutorial_objectstorage to None, run_after=None
[2025-03-17T23:34:26.507+0000] {processor.py:208} INFO - Processing /home/airflow/.local/lib/python3.12/site-packages/airflow/example_dags/tutorial_objectstorage.py took 0.034 seconds
[2025-03-17T23:34:57.778+0000] {processor.py:186} INFO - Started process (PID=8016) to work on /home/airflow/.local/lib/python3.12/site-packages/airflow/example_dags/tutorial_objectstorage.py
[2025-03-17T23:34:57.779+0000] {processor.py:914} INFO - Processing file /home/airflow/.local/lib/python3.12/site-packages/airflow/example_dags/tutorial_objectstorage.py for tasks to queue
[2025-03-17T23:34:57.780+0000] {logging_mixin.py:190} INFO - [2025-03-17T23:34:57.780+0000] {dagbag.py:588} INFO - Filling up the DagBag from /home/airflow/.local/lib/python3.12/site-packages/airflow/example_dags/tutorial_objectstorage.py
[2025-03-17T23:34:57.785+0000] {processor.py:925} INFO - DAG(s) 'tutorial_objectstorage' retrieved from /home/airflow/.local/lib/python3.12/site-packages/airflow/example_dags/tutorial_objectstorage.py
[2025-03-17T23:34:57.794+0000] {logging_mixin.py:190} INFO - [2025-03-17T23:34:57.794+0000] {dag.py:3239} INFO - Sync 1 DAGs
[2025-03-17T23:34:57.802+0000] {logging_mixin.py:190} INFO - [2025-03-17T23:34:57.802+0000] {dag.py:4180} INFO - Setting next_dagrun for tutorial_objectstorage to None, run_after=None
[2025-03-17T23:34:57.810+0000] {processor.py:208} INFO - Processing /home/airflow/.local/lib/python3.12/site-packages/airflow/example_dags/tutorial_objectstorage.py took 0.034 seconds
[2025-03-17T23:35:28.570+0000] {processor.py:186} INFO - Started process (PID=8307) to work on /home/airflow/.local/lib/python3.12/site-packages/airflow/example_dags/tutorial_objectstorage.py
[2025-03-17T23:35:28.571+0000] {processor.py:914} INFO - Processing file /home/airflow/.local/lib/python3.12/site-packages/airflow/example_dags/tutorial_objectstorage.py for tasks to queue
[2025-03-17T23:35:28.572+0000] {logging_mixin.py:190} INFO - [2025-03-17T23:35:28.572+0000] {dagbag.py:588} INFO - Filling up the DagBag from /home/airflow/.local/lib/python3.12/site-packages/airflow/example_dags/tutorial_objectstorage.py
[2025-03-17T23:35:28.577+0000] {processor.py:925} INFO - DAG(s) 'tutorial_objectstorage' retrieved from /home/airflow/.local/lib/python3.12/site-packages/airflow/example_dags/tutorial_objectstorage.py
[2025-03-17T23:35:28.585+0000] {logging_mixin.py:190} INFO - [2025-03-17T23:35:28.585+0000] {dag.py:3239} INFO - Sync 1 DAGs
[2025-03-17T23:35:28.592+0000] {logging_mixin.py:190} INFO - [2025-03-17T23:35:28.592+0000] {dag.py:4180} INFO - Setting next_dagrun for tutorial_objectstorage to None, run_after=None
[2025-03-17T23:35:28.600+0000] {processor.py:208} INFO - Processing /home/airflow/.local/lib/python3.12/site-packages/airflow/example_dags/tutorial_objectstorage.py took 0.033 seconds
[2025-03-17T23:35:59.841+0000] {processor.py:186} INFO - Started process (PID=8598) to work on /home/airflow/.local/lib/python3.12/site-packages/airflow/example_dags/tutorial_objectstorage.py
[2025-03-17T23:35:59.842+0000] {processor.py:914} INFO - Processing file /home/airflow/.local/lib/python3.12/site-packages/airflow/example_dags/tutorial_objectstorage.py for tasks to queue
[2025-03-17T23:35:59.843+0000] {logging_mixin.py:190} INFO - [2025-03-17T23:35:59.842+0000] {dagbag.py:588} INFO - Filling up the DagBag from /home/airflow/.local/lib/python3.12/site-packages/airflow/example_dags/tutorial_objectstorage.py
[2025-03-17T23:35:59.847+0000] {processor.py:925} INFO - DAG(s) 'tutorial_objectstorage' retrieved from /home/airflow/.local/lib/python3.12/site-packages/airflow/example_dags/tutorial_objectstorage.py
[2025-03-17T23:35:59.857+0000] {logging_mixin.py:190} INFO - [2025-03-17T23:35:59.857+0000] {dag.py:3239} INFO - Sync 1 DAGs
[2025-03-17T23:35:59.864+0000] {logging_mixin.py:190} INFO - [2025-03-17T23:35:59.864+0000] {dag.py:4180} INFO - Setting next_dagrun for tutorial_objectstorage to None, run_after=None
[2025-03-17T23:35:59.875+0000] {processor.py:208} INFO - Processing /home/airflow/.local/lib/python3.12/site-packages/airflow/example_dags/tutorial_objectstorage.py took 0.037 seconds
[2025-03-17T23:36:31.188+0000] {processor.py:186} INFO - Started process (PID=8889) to work on /home/airflow/.local/lib/python3.12/site-packages/airflow/example_dags/tutorial_objectstorage.py
[2025-03-17T23:36:31.189+0000] {processor.py:914} INFO - Processing file /home/airflow/.local/lib/python3.12/site-packages/airflow/example_dags/tutorial_objectstorage.py for tasks to queue
[2025-03-17T23:36:31.190+0000] {logging_mixin.py:190} INFO - [2025-03-17T23:36:31.190+0000] {dagbag.py:588} INFO - Filling up the DagBag from /home/airflow/.local/lib/python3.12/site-packages/airflow/example_dags/tutorial_objectstorage.py
[2025-03-17T23:36:31.198+0000] {processor.py:925} INFO - DAG(s) 'tutorial_objectstorage' retrieved from /home/airflow/.local/lib/python3.12/site-packages/airflow/example_dags/tutorial_objectstorage.py
[2025-03-17T23:36:31.211+0000] {logging_mixin.py:190} INFO - [2025-03-17T23:36:31.211+0000] {dag.py:3239} INFO - Sync 1 DAGs
[2025-03-17T23:36:31.220+0000] {logging_mixin.py:190} INFO - [2025-03-17T23:36:31.219+0000] {dag.py:4180} INFO - Setting next_dagrun for tutorial_objectstorage to None, run_after=None
[2025-03-17T23:36:31.230+0000] {processor.py:208} INFO - Processing /home/airflow/.local/lib/python3.12/site-packages/airflow/example_dags/tutorial_objectstorage.py took 0.045 seconds
[2025-03-17T23:37:02.622+0000] {processor.py:186} INFO - Started process (PID=9185) to work on /home/airflow/.local/lib/python3.12/site-packages/airflow/example_dags/tutorial_objectstorage.py
[2025-03-17T23:37:02.623+0000] {processor.py:914} INFO - Processing file /home/airflow/.local/lib/python3.12/site-packages/airflow/example_dags/tutorial_objectstorage.py for tasks to queue
[2025-03-17T23:37:02.624+0000] {logging_mixin.py:190} INFO - [2025-03-17T23:37:02.624+0000] {dagbag.py:588} INFO - Filling up the DagBag from /home/airflow/.local/lib/python3.12/site-packages/airflow/example_dags/tutorial_objectstorage.py
[2025-03-17T23:37:02.629+0000] {processor.py:925} INFO - DAG(s) 'tutorial_objectstorage' retrieved from /home/airflow/.local/lib/python3.12/site-packages/airflow/example_dags/tutorial_objectstorage.py
[2025-03-17T23:37:02.643+0000] {logging_mixin.py:190} INFO - [2025-03-17T23:37:02.643+0000] {dag.py:3239} INFO - Sync 1 DAGs
[2025-03-17T23:37:02.652+0000] {logging_mixin.py:190} INFO - [2025-03-17T23:37:02.652+0000] {dag.py:4180} INFO - Setting next_dagrun for tutorial_objectstorage to None, run_after=None
[2025-03-17T23:37:02.662+0000] {processor.py:208} INFO - Processing /home/airflow/.local/lib/python3.12/site-packages/airflow/example_dags/tutorial_objectstorage.py took 0.044 seconds
[2025-03-17T23:37:34.192+0000] {processor.py:186} INFO - Started process (PID=9482) to work on /home/airflow/.local/lib/python3.12/site-packages/airflow/example_dags/tutorial_objectstorage.py
[2025-03-17T23:37:34.193+0000] {processor.py:914} INFO - Processing file /home/airflow/.local/lib/python3.12/site-packages/airflow/example_dags/tutorial_objectstorage.py for tasks to queue
[2025-03-17T23:37:34.194+0000] {logging_mixin.py:190} INFO - [2025-03-17T23:37:34.194+0000] {dagbag.py:588} INFO - Filling up the DagBag from /home/airflow/.local/lib/python3.12/site-packages/airflow/example_dags/tutorial_objectstorage.py
[2025-03-17T23:37:34.198+0000] {processor.py:925} INFO - DAG(s) 'tutorial_objectstorage' retrieved from /home/airflow/.local/lib/python3.12/site-packages/airflow/example_dags/tutorial_objectstorage.py
[2025-03-17T23:37:34.207+0000] {logging_mixin.py:190} INFO - [2025-03-17T23:37:34.207+0000] {dag.py:3239} INFO - Sync 1 DAGs
[2025-03-17T23:37:34.213+0000] {logging_mixin.py:190} INFO - [2025-03-17T23:37:34.213+0000] {dag.py:4180} INFO - Setting next_dagrun for tutorial_objectstorage to None, run_after=None
[2025-03-17T23:37:34.221+0000] {processor.py:208} INFO - Processing /home/airflow/.local/lib/python3.12/site-packages/airflow/example_dags/tutorial_objectstorage.py took 0.031 seconds
