[2025-03-17T23:21:35.034+0000] {processor.py:186} INFO - Started process (PID=307) to work on /home/airflow/.local/lib/python3.12/site-packages/airflow/example_dags/tutorial_taskflow_templates.py
[2025-03-17T23:21:35.037+0000] {processor.py:914} INFO - Processing file /home/airflow/.local/lib/python3.12/site-packages/airflow/example_dags/tutorial_taskflow_templates.py for tasks to queue
[2025-03-17T23:21:35.044+0000] {logging_mixin.py:190} INFO - [2025-03-17T23:21:35.043+0000] {dagbag.py:588} INFO - Filling up the DagBag from /home/airflow/.local/lib/python3.12/site-packages/airflow/example_dags/tutorial_taskflow_templates.py
[2025-03-17T23:21:35.061+0000] {processor.py:925} INFO - DAG(s) 'tutorial_taskflow_templates' retrieved from /home/airflow/.local/lib/python3.12/site-packages/airflow/example_dags/tutorial_taskflow_templates.py
[2025-03-17T23:21:35.136+0000] {logging_mixin.py:190} INFO - [2025-03-17T23:21:35.136+0000] {override.py:1912} INFO - Created Permission View: can edit on DAG:tutorial_taskflow_templates
[2025-03-17T23:21:35.142+0000] {logging_mixin.py:190} INFO - [2025-03-17T23:21:35.142+0000] {override.py:1912} INFO - Created Permission View: can read on DAG:tutorial_taskflow_templates
[2025-03-17T23:21:35.145+0000] {logging_mixin.py:190} INFO - [2025-03-17T23:21:35.145+0000] {override.py:1912} INFO - Created Permission View: can delete on DAG:tutorial_taskflow_templates
[2025-03-17T23:21:35.148+0000] {logging_mixin.py:190} INFO - [2025-03-17T23:21:35.148+0000] {override.py:1912} INFO - Created Permission View: can create on DAG Run:tutorial_taskflow_templates
[2025-03-17T23:21:35.150+0000] {logging_mixin.py:190} INFO - [2025-03-17T23:21:35.150+0000] {override.py:1912} INFO - Created Permission View: menu access on DAG Run:tutorial_taskflow_templates
[2025-03-17T23:21:35.152+0000] {logging_mixin.py:190} INFO - [2025-03-17T23:21:35.152+0000] {override.py:1912} INFO - Created Permission View: can read on DAG Run:tutorial_taskflow_templates
[2025-03-17T23:21:35.154+0000] {logging_mixin.py:190} INFO - [2025-03-17T23:21:35.154+0000] {override.py:1912} INFO - Created Permission View: can delete on DAG Run:tutorial_taskflow_templates
[2025-03-17T23:21:35.155+0000] {logging_mixin.py:190} INFO - [2025-03-17T23:21:35.155+0000] {dag.py:3239} INFO - Sync 1 DAGs
[2025-03-17T23:21:35.162+0000] {logging_mixin.py:190} INFO - [2025-03-17T23:21:35.162+0000] {dag.py:3262} INFO - Creating ORM DAG for tutorial_taskflow_templates
[2025-03-17T23:21:35.167+0000] {logging_mixin.py:190} INFO - [2025-03-17T23:21:35.167+0000] {dag.py:4180} INFO - Setting next_dagrun for tutorial_taskflow_templates to 2025-03-16 00:00:00+00:00, run_after=2025-03-17 00:00:00+00:00
[2025-03-17T23:21:35.175+0000] {processor.py:208} INFO - Processing /home/airflow/.local/lib/python3.12/site-packages/airflow/example_dags/tutorial_taskflow_templates.py took 0.145 seconds
[2025-03-17T23:22:06.075+0000] {processor.py:186} INFO - Started process (PID=598) to work on /home/airflow/.local/lib/python3.12/site-packages/airflow/example_dags/tutorial_taskflow_templates.py
[2025-03-17T23:22:06.076+0000] {processor.py:914} INFO - Processing file /home/airflow/.local/lib/python3.12/site-packages/airflow/example_dags/tutorial_taskflow_templates.py for tasks to queue
[2025-03-17T23:22:06.077+0000] {logging_mixin.py:190} INFO - [2025-03-17T23:22:06.077+0000] {dagbag.py:588} INFO - Filling up the DagBag from /home/airflow/.local/lib/python3.12/site-packages/airflow/example_dags/tutorial_taskflow_templates.py
[2025-03-17T23:22:06.086+0000] {processor.py:925} INFO - DAG(s) 'tutorial_taskflow_templates' retrieved from /home/airflow/.local/lib/python3.12/site-packages/airflow/example_dags/tutorial_taskflow_templates.py
[2025-03-17T23:22:06.098+0000] {logging_mixin.py:190} INFO - [2025-03-17T23:22:06.098+0000] {dag.py:3239} INFO - Sync 1 DAGs
[2025-03-17T23:22:06.116+0000] {logging_mixin.py:190} INFO - [2025-03-17T23:22:06.115+0000] {dag.py:4180} INFO - Setting next_dagrun for tutorial_taskflow_templates to 2025-03-16 00:00:00+00:00, run_after=2025-03-17 00:00:00+00:00
[2025-03-17T23:22:06.128+0000] {processor.py:208} INFO - Processing /home/airflow/.local/lib/python3.12/site-packages/airflow/example_dags/tutorial_taskflow_templates.py took 0.056 seconds
[2025-03-17T23:22:36.307+0000] {processor.py:186} INFO - Started process (PID=889) to work on /home/airflow/.local/lib/python3.12/site-packages/airflow/example_dags/tutorial_taskflow_templates.py
[2025-03-17T23:22:36.310+0000] {processor.py:914} INFO - Processing file /home/airflow/.local/lib/python3.12/site-packages/airflow/example_dags/tutorial_taskflow_templates.py for tasks to queue
[2025-03-17T23:22:36.311+0000] {logging_mixin.py:190} INFO - [2025-03-17T23:22:36.311+0000] {dagbag.py:588} INFO - Filling up the DagBag from /home/airflow/.local/lib/python3.12/site-packages/airflow/example_dags/tutorial_taskflow_templates.py
[2025-03-17T23:22:36.319+0000] {processor.py:925} INFO - DAG(s) 'tutorial_taskflow_templates' retrieved from /home/airflow/.local/lib/python3.12/site-packages/airflow/example_dags/tutorial_taskflow_templates.py
[2025-03-17T23:22:36.338+0000] {logging_mixin.py:190} INFO - [2025-03-17T23:22:36.337+0000] {dag.py:3239} INFO - Sync 1 DAGs
[2025-03-17T23:22:36.365+0000] {logging_mixin.py:190} INFO - [2025-03-17T23:22:36.365+0000] {dag.py:4180} INFO - Setting next_dagrun for tutorial_taskflow_templates to 2025-03-16 00:00:00+00:00, run_after=2025-03-17 00:00:00+00:00
[2025-03-17T23:22:36.377+0000] {processor.py:208} INFO - Processing /home/airflow/.local/lib/python3.12/site-packages/airflow/example_dags/tutorial_taskflow_templates.py took 0.076 seconds
[2025-03-17T23:23:07.185+0000] {processor.py:186} INFO - Started process (PID=1180) to work on /home/airflow/.local/lib/python3.12/site-packages/airflow/example_dags/tutorial_taskflow_templates.py
[2025-03-17T23:23:07.186+0000] {processor.py:914} INFO - Processing file /home/airflow/.local/lib/python3.12/site-packages/airflow/example_dags/tutorial_taskflow_templates.py for tasks to queue
[2025-03-17T23:23:07.187+0000] {logging_mixin.py:190} INFO - [2025-03-17T23:23:07.187+0000] {dagbag.py:588} INFO - Filling up the DagBag from /home/airflow/.local/lib/python3.12/site-packages/airflow/example_dags/tutorial_taskflow_templates.py
[2025-03-17T23:23:07.193+0000] {processor.py:925} INFO - DAG(s) 'tutorial_taskflow_templates' retrieved from /home/airflow/.local/lib/python3.12/site-packages/airflow/example_dags/tutorial_taskflow_templates.py
[2025-03-17T23:23:07.205+0000] {logging_mixin.py:190} INFO - [2025-03-17T23:23:07.205+0000] {dag.py:3239} INFO - Sync 1 DAGs
[2025-03-17T23:23:07.216+0000] {logging_mixin.py:190} INFO - [2025-03-17T23:23:07.216+0000] {dag.py:4180} INFO - Setting next_dagrun for tutorial_taskflow_templates to 2025-03-16 00:00:00+00:00, run_after=2025-03-17 00:00:00+00:00
[2025-03-17T23:23:07.224+0000] {processor.py:208} INFO - Processing /home/airflow/.local/lib/python3.12/site-packages/airflow/example_dags/tutorial_taskflow_templates.py took 0.041 seconds
[2025-03-17T23:23:38.335+0000] {processor.py:186} INFO - Started process (PID=1471) to work on /home/airflow/.local/lib/python3.12/site-packages/airflow/example_dags/tutorial_taskflow_templates.py
[2025-03-17T23:23:38.336+0000] {processor.py:914} INFO - Processing file /home/airflow/.local/lib/python3.12/site-packages/airflow/example_dags/tutorial_taskflow_templates.py for tasks to queue
[2025-03-17T23:23:38.337+0000] {logging_mixin.py:190} INFO - [2025-03-17T23:23:38.337+0000] {dagbag.py:588} INFO - Filling up the DagBag from /home/airflow/.local/lib/python3.12/site-packages/airflow/example_dags/tutorial_taskflow_templates.py
[2025-03-17T23:23:38.346+0000] {processor.py:925} INFO - DAG(s) 'tutorial_taskflow_templates' retrieved from /home/airflow/.local/lib/python3.12/site-packages/airflow/example_dags/tutorial_taskflow_templates.py
[2025-03-17T23:23:38.358+0000] {logging_mixin.py:190} INFO - [2025-03-17T23:23:38.358+0000] {dag.py:3239} INFO - Sync 1 DAGs
[2025-03-17T23:23:38.371+0000] {logging_mixin.py:190} INFO - [2025-03-17T23:23:38.370+0000] {dag.py:4180} INFO - Setting next_dagrun for tutorial_taskflow_templates to 2025-03-16 00:00:00+00:00, run_after=2025-03-17 00:00:00+00:00
[2025-03-17T23:23:38.380+0000] {processor.py:208} INFO - Processing /home/airflow/.local/lib/python3.12/site-packages/airflow/example_dags/tutorial_taskflow_templates.py took 0.048 seconds
[2025-03-17T23:24:09.302+0000] {processor.py:186} INFO - Started process (PID=1762) to work on /home/airflow/.local/lib/python3.12/site-packages/airflow/example_dags/tutorial_taskflow_templates.py
[2025-03-17T23:24:09.303+0000] {processor.py:914} INFO - Processing file /home/airflow/.local/lib/python3.12/site-packages/airflow/example_dags/tutorial_taskflow_templates.py for tasks to queue
[2025-03-17T23:24:09.304+0000] {logging_mixin.py:190} INFO - [2025-03-17T23:24:09.304+0000] {dagbag.py:588} INFO - Filling up the DagBag from /home/airflow/.local/lib/python3.12/site-packages/airflow/example_dags/tutorial_taskflow_templates.py
[2025-03-17T23:24:09.310+0000] {processor.py:925} INFO - DAG(s) 'tutorial_taskflow_templates' retrieved from /home/airflow/.local/lib/python3.12/site-packages/airflow/example_dags/tutorial_taskflow_templates.py
[2025-03-17T23:24:09.321+0000] {logging_mixin.py:190} INFO - [2025-03-17T23:24:09.321+0000] {dag.py:3239} INFO - Sync 1 DAGs
[2025-03-17T23:24:09.332+0000] {logging_mixin.py:190} INFO - [2025-03-17T23:24:09.332+0000] {dag.py:4180} INFO - Setting next_dagrun for tutorial_taskflow_templates to 2025-03-16 00:00:00+00:00, run_after=2025-03-17 00:00:00+00:00
[2025-03-17T23:24:09.341+0000] {processor.py:208} INFO - Processing /home/airflow/.local/lib/python3.12/site-packages/airflow/example_dags/tutorial_taskflow_templates.py took 0.041 seconds
[2025-03-17T23:24:40.521+0000] {processor.py:186} INFO - Started process (PID=2052) to work on /home/airflow/.local/lib/python3.12/site-packages/airflow/example_dags/tutorial_taskflow_templates.py
[2025-03-17T23:24:40.522+0000] {processor.py:914} INFO - Processing file /home/airflow/.local/lib/python3.12/site-packages/airflow/example_dags/tutorial_taskflow_templates.py for tasks to queue
[2025-03-17T23:24:40.525+0000] {logging_mixin.py:190} INFO - [2025-03-17T23:24:40.525+0000] {dagbag.py:588} INFO - Filling up the DagBag from /home/airflow/.local/lib/python3.12/site-packages/airflow/example_dags/tutorial_taskflow_templates.py
[2025-03-17T23:24:40.536+0000] {processor.py:925} INFO - DAG(s) 'tutorial_taskflow_templates' retrieved from /home/airflow/.local/lib/python3.12/site-packages/airflow/example_dags/tutorial_taskflow_templates.py
[2025-03-17T23:24:40.550+0000] {logging_mixin.py:190} INFO - [2025-03-17T23:24:40.550+0000] {dag.py:3239} INFO - Sync 1 DAGs
[2025-03-17T23:24:40.565+0000] {logging_mixin.py:190} INFO - [2025-03-17T23:24:40.565+0000] {dag.py:4180} INFO - Setting next_dagrun for tutorial_taskflow_templates to 2025-03-16 00:00:00+00:00, run_after=2025-03-17 00:00:00+00:00
[2025-03-17T23:24:40.578+0000] {processor.py:208} INFO - Processing /home/airflow/.local/lib/python3.12/site-packages/airflow/example_dags/tutorial_taskflow_templates.py took 0.063 seconds
[2025-03-17T23:25:11.790+0000] {processor.py:186} INFO - Started process (PID=2343) to work on /home/airflow/.local/lib/python3.12/site-packages/airflow/example_dags/tutorial_taskflow_templates.py
[2025-03-17T23:25:11.792+0000] {processor.py:914} INFO - Processing file /home/airflow/.local/lib/python3.12/site-packages/airflow/example_dags/tutorial_taskflow_templates.py for tasks to queue
[2025-03-17T23:25:11.793+0000] {logging_mixin.py:190} INFO - [2025-03-17T23:25:11.793+0000] {dagbag.py:588} INFO - Filling up the DagBag from /home/airflow/.local/lib/python3.12/site-packages/airflow/example_dags/tutorial_taskflow_templates.py
[2025-03-17T23:25:11.800+0000] {processor.py:925} INFO - DAG(s) 'tutorial_taskflow_templates' retrieved from /home/airflow/.local/lib/python3.12/site-packages/airflow/example_dags/tutorial_taskflow_templates.py
[2025-03-17T23:25:11.810+0000] {logging_mixin.py:190} INFO - [2025-03-17T23:25:11.810+0000] {dag.py:3239} INFO - Sync 1 DAGs
[2025-03-17T23:25:11.821+0000] {logging_mixin.py:190} INFO - [2025-03-17T23:25:11.821+0000] {dag.py:4180} INFO - Setting next_dagrun for tutorial_taskflow_templates to 2025-03-16 00:00:00+00:00, run_after=2025-03-17 00:00:00+00:00
[2025-03-17T23:25:11.830+0000] {processor.py:208} INFO - Processing /home/airflow/.local/lib/python3.12/site-packages/airflow/example_dags/tutorial_taskflow_templates.py took 0.042 seconds
[2025-03-17T23:25:43.157+0000] {processor.py:186} INFO - Started process (PID=2634) to work on /home/airflow/.local/lib/python3.12/site-packages/airflow/example_dags/tutorial_taskflow_templates.py
[2025-03-17T23:25:43.158+0000] {processor.py:914} INFO - Processing file /home/airflow/.local/lib/python3.12/site-packages/airflow/example_dags/tutorial_taskflow_templates.py for tasks to queue
[2025-03-17T23:25:43.162+0000] {logging_mixin.py:190} INFO - [2025-03-17T23:25:43.161+0000] {dagbag.py:588} INFO - Filling up the DagBag from /home/airflow/.local/lib/python3.12/site-packages/airflow/example_dags/tutorial_taskflow_templates.py
[2025-03-17T23:25:43.178+0000] {processor.py:925} INFO - DAG(s) 'tutorial_taskflow_templates' retrieved from /home/airflow/.local/lib/python3.12/site-packages/airflow/example_dags/tutorial_taskflow_templates.py
[2025-03-17T23:25:43.214+0000] {logging_mixin.py:190} INFO - [2025-03-17T23:25:43.214+0000] {dag.py:3239} INFO - Sync 1 DAGs
[2025-03-17T23:25:43.250+0000] {logging_mixin.py:190} INFO - [2025-03-17T23:25:43.249+0000] {dag.py:4180} INFO - Setting next_dagrun for tutorial_taskflow_templates to 2025-03-16 00:00:00+00:00, run_after=2025-03-17 00:00:00+00:00
[2025-03-17T23:25:43.270+0000] {processor.py:208} INFO - Processing /home/airflow/.local/lib/python3.12/site-packages/airflow/example_dags/tutorial_taskflow_templates.py took 0.120 seconds
[2025-03-17T23:26:14.244+0000] {processor.py:186} INFO - Started process (PID=2925) to work on /home/airflow/.local/lib/python3.12/site-packages/airflow/example_dags/tutorial_taskflow_templates.py
[2025-03-17T23:26:14.245+0000] {processor.py:914} INFO - Processing file /home/airflow/.local/lib/python3.12/site-packages/airflow/example_dags/tutorial_taskflow_templates.py for tasks to queue
[2025-03-17T23:26:14.246+0000] {logging_mixin.py:190} INFO - [2025-03-17T23:26:14.246+0000] {dagbag.py:588} INFO - Filling up the DagBag from /home/airflow/.local/lib/python3.12/site-packages/airflow/example_dags/tutorial_taskflow_templates.py
[2025-03-17T23:26:14.252+0000] {processor.py:925} INFO - DAG(s) 'tutorial_taskflow_templates' retrieved from /home/airflow/.local/lib/python3.12/site-packages/airflow/example_dags/tutorial_taskflow_templates.py
[2025-03-17T23:26:14.264+0000] {logging_mixin.py:190} INFO - [2025-03-17T23:26:14.264+0000] {dag.py:3239} INFO - Sync 1 DAGs
[2025-03-17T23:26:14.275+0000] {logging_mixin.py:190} INFO - [2025-03-17T23:26:14.275+0000] {dag.py:4180} INFO - Setting next_dagrun for tutorial_taskflow_templates to 2025-03-16 00:00:00+00:00, run_after=2025-03-17 00:00:00+00:00
[2025-03-17T23:26:14.284+0000] {processor.py:208} INFO - Processing /home/airflow/.local/lib/python3.12/site-packages/airflow/example_dags/tutorial_taskflow_templates.py took 0.043 seconds
[2025-03-17T23:26:45.086+0000] {processor.py:186} INFO - Started process (PID=3216) to work on /home/airflow/.local/lib/python3.12/site-packages/airflow/example_dags/tutorial_taskflow_templates.py
[2025-03-17T23:26:45.088+0000] {processor.py:914} INFO - Processing file /home/airflow/.local/lib/python3.12/site-packages/airflow/example_dags/tutorial_taskflow_templates.py for tasks to queue
[2025-03-17T23:26:45.089+0000] {logging_mixin.py:190} INFO - [2025-03-17T23:26:45.089+0000] {dagbag.py:588} INFO - Filling up the DagBag from /home/airflow/.local/lib/python3.12/site-packages/airflow/example_dags/tutorial_taskflow_templates.py
[2025-03-17T23:26:45.098+0000] {processor.py:925} INFO - DAG(s) 'tutorial_taskflow_templates' retrieved from /home/airflow/.local/lib/python3.12/site-packages/airflow/example_dags/tutorial_taskflow_templates.py
[2025-03-17T23:26:45.107+0000] {logging_mixin.py:190} INFO - [2025-03-17T23:26:45.107+0000] {dag.py:3239} INFO - Sync 1 DAGs
[2025-03-17T23:26:45.118+0000] {logging_mixin.py:190} INFO - [2025-03-17T23:26:45.118+0000] {dag.py:4180} INFO - Setting next_dagrun for tutorial_taskflow_templates to 2025-03-16 00:00:00+00:00, run_after=2025-03-17 00:00:00+00:00
[2025-03-17T23:26:45.126+0000] {processor.py:208} INFO - Processing /home/airflow/.local/lib/python3.12/site-packages/airflow/example_dags/tutorial_taskflow_templates.py took 0.043 seconds
[2025-03-17T23:27:16.084+0000] {processor.py:186} INFO - Started process (PID=3507) to work on /home/airflow/.local/lib/python3.12/site-packages/airflow/example_dags/tutorial_taskflow_templates.py
[2025-03-17T23:27:16.084+0000] {processor.py:914} INFO - Processing file /home/airflow/.local/lib/python3.12/site-packages/airflow/example_dags/tutorial_taskflow_templates.py for tasks to queue
[2025-03-17T23:27:16.086+0000] {logging_mixin.py:190} INFO - [2025-03-17T23:27:16.085+0000] {dagbag.py:588} INFO - Filling up the DagBag from /home/airflow/.local/lib/python3.12/site-packages/airflow/example_dags/tutorial_taskflow_templates.py
[2025-03-17T23:27:16.092+0000] {processor.py:925} INFO - DAG(s) 'tutorial_taskflow_templates' retrieved from /home/airflow/.local/lib/python3.12/site-packages/airflow/example_dags/tutorial_taskflow_templates.py
[2025-03-17T23:27:16.105+0000] {logging_mixin.py:190} INFO - [2025-03-17T23:27:16.104+0000] {dag.py:3239} INFO - Sync 1 DAGs
[2025-03-17T23:27:16.117+0000] {logging_mixin.py:190} INFO - [2025-03-17T23:27:16.117+0000] {dag.py:4180} INFO - Setting next_dagrun for tutorial_taskflow_templates to 2025-03-16 00:00:00+00:00, run_after=2025-03-17 00:00:00+00:00
[2025-03-17T23:27:16.132+0000] {processor.py:208} INFO - Processing /home/airflow/.local/lib/python3.12/site-packages/airflow/example_dags/tutorial_taskflow_templates.py took 0.051 seconds
[2025-03-17T23:27:47.032+0000] {processor.py:186} INFO - Started process (PID=3798) to work on /home/airflow/.local/lib/python3.12/site-packages/airflow/example_dags/tutorial_taskflow_templates.py
[2025-03-17T23:27:47.033+0000] {processor.py:914} INFO - Processing file /home/airflow/.local/lib/python3.12/site-packages/airflow/example_dags/tutorial_taskflow_templates.py for tasks to queue
[2025-03-17T23:27:47.035+0000] {logging_mixin.py:190} INFO - [2025-03-17T23:27:47.035+0000] {dagbag.py:588} INFO - Filling up the DagBag from /home/airflow/.local/lib/python3.12/site-packages/airflow/example_dags/tutorial_taskflow_templates.py
[2025-03-17T23:27:47.048+0000] {processor.py:925} INFO - DAG(s) 'tutorial_taskflow_templates' retrieved from /home/airflow/.local/lib/python3.12/site-packages/airflow/example_dags/tutorial_taskflow_templates.py
[2025-03-17T23:27:47.069+0000] {logging_mixin.py:190} INFO - [2025-03-17T23:27:47.068+0000] {dag.py:3239} INFO - Sync 1 DAGs
[2025-03-17T23:27:47.091+0000] {logging_mixin.py:190} INFO - [2025-03-17T23:27:47.091+0000] {dag.py:4180} INFO - Setting next_dagrun for tutorial_taskflow_templates to 2025-03-16 00:00:00+00:00, run_after=2025-03-17 00:00:00+00:00
[2025-03-17T23:27:47.106+0000] {processor.py:208} INFO - Processing /home/airflow/.local/lib/python3.12/site-packages/airflow/example_dags/tutorial_taskflow_templates.py took 0.078 seconds
[2025-03-17T23:28:17.689+0000] {processor.py:186} INFO - Started process (PID=4089) to work on /home/airflow/.local/lib/python3.12/site-packages/airflow/example_dags/tutorial_taskflow_templates.py
[2025-03-17T23:28:17.690+0000] {processor.py:914} INFO - Processing file /home/airflow/.local/lib/python3.12/site-packages/airflow/example_dags/tutorial_taskflow_templates.py for tasks to queue
[2025-03-17T23:28:17.692+0000] {logging_mixin.py:190} INFO - [2025-03-17T23:28:17.692+0000] {dagbag.py:588} INFO - Filling up the DagBag from /home/airflow/.local/lib/python3.12/site-packages/airflow/example_dags/tutorial_taskflow_templates.py
[2025-03-17T23:28:17.700+0000] {processor.py:925} INFO - DAG(s) 'tutorial_taskflow_templates' retrieved from /home/airflow/.local/lib/python3.12/site-packages/airflow/example_dags/tutorial_taskflow_templates.py
[2025-03-17T23:28:17.710+0000] {logging_mixin.py:190} INFO - [2025-03-17T23:28:17.710+0000] {dag.py:3239} INFO - Sync 1 DAGs
[2025-03-17T23:28:17.723+0000] {logging_mixin.py:190} INFO - [2025-03-17T23:28:17.723+0000] {dag.py:4180} INFO - Setting next_dagrun for tutorial_taskflow_templates to 2025-03-16 00:00:00+00:00, run_after=2025-03-17 00:00:00+00:00
[2025-03-17T23:28:17.738+0000] {processor.py:208} INFO - Processing /home/airflow/.local/lib/python3.12/site-packages/airflow/example_dags/tutorial_taskflow_templates.py took 0.051 seconds
[2025-03-17T23:28:48.497+0000] {processor.py:186} INFO - Started process (PID=4380) to work on /home/airflow/.local/lib/python3.12/site-packages/airflow/example_dags/tutorial_taskflow_templates.py
[2025-03-17T23:28:48.498+0000] {processor.py:914} INFO - Processing file /home/airflow/.local/lib/python3.12/site-packages/airflow/example_dags/tutorial_taskflow_templates.py for tasks to queue
[2025-03-17T23:28:48.499+0000] {logging_mixin.py:190} INFO - [2025-03-17T23:28:48.499+0000] {dagbag.py:588} INFO - Filling up the DagBag from /home/airflow/.local/lib/python3.12/site-packages/airflow/example_dags/tutorial_taskflow_templates.py
[2025-03-17T23:28:48.505+0000] {processor.py:925} INFO - DAG(s) 'tutorial_taskflow_templates' retrieved from /home/airflow/.local/lib/python3.12/site-packages/airflow/example_dags/tutorial_taskflow_templates.py
[2025-03-17T23:28:48.515+0000] {logging_mixin.py:190} INFO - [2025-03-17T23:28:48.515+0000] {dag.py:3239} INFO - Sync 1 DAGs
[2025-03-17T23:28:48.527+0000] {logging_mixin.py:190} INFO - [2025-03-17T23:28:48.527+0000] {dag.py:4180} INFO - Setting next_dagrun for tutorial_taskflow_templates to 2025-03-16 00:00:00+00:00, run_after=2025-03-17 00:00:00+00:00
[2025-03-17T23:28:48.541+0000] {processor.py:208} INFO - Processing /home/airflow/.local/lib/python3.12/site-packages/airflow/example_dags/tutorial_taskflow_templates.py took 0.047 seconds
[2025-03-17T23:29:19.142+0000] {processor.py:186} INFO - Started process (PID=4671) to work on /home/airflow/.local/lib/python3.12/site-packages/airflow/example_dags/tutorial_taskflow_templates.py
[2025-03-17T23:29:19.142+0000] {processor.py:914} INFO - Processing file /home/airflow/.local/lib/python3.12/site-packages/airflow/example_dags/tutorial_taskflow_templates.py for tasks to queue
[2025-03-17T23:29:19.143+0000] {logging_mixin.py:190} INFO - [2025-03-17T23:29:19.143+0000] {dagbag.py:588} INFO - Filling up the DagBag from /home/airflow/.local/lib/python3.12/site-packages/airflow/example_dags/tutorial_taskflow_templates.py
[2025-03-17T23:29:19.152+0000] {processor.py:925} INFO - DAG(s) 'tutorial_taskflow_templates' retrieved from /home/airflow/.local/lib/python3.12/site-packages/airflow/example_dags/tutorial_taskflow_templates.py
[2025-03-17T23:29:19.162+0000] {logging_mixin.py:190} INFO - [2025-03-17T23:29:19.162+0000] {dag.py:3239} INFO - Sync 1 DAGs
[2025-03-17T23:29:19.174+0000] {logging_mixin.py:190} INFO - [2025-03-17T23:29:19.173+0000] {dag.py:4180} INFO - Setting next_dagrun for tutorial_taskflow_templates to 2025-03-16 00:00:00+00:00, run_after=2025-03-17 00:00:00+00:00
[2025-03-17T23:29:19.182+0000] {processor.py:208} INFO - Processing /home/airflow/.local/lib/python3.12/site-packages/airflow/example_dags/tutorial_taskflow_templates.py took 0.043 seconds
[2025-03-17T23:29:49.697+0000] {processor.py:186} INFO - Started process (PID=4962) to work on /home/airflow/.local/lib/python3.12/site-packages/airflow/example_dags/tutorial_taskflow_templates.py
[2025-03-17T23:29:49.697+0000] {processor.py:914} INFO - Processing file /home/airflow/.local/lib/python3.12/site-packages/airflow/example_dags/tutorial_taskflow_templates.py for tasks to queue
[2025-03-17T23:29:49.699+0000] {logging_mixin.py:190} INFO - [2025-03-17T23:29:49.699+0000] {dagbag.py:588} INFO - Filling up the DagBag from /home/airflow/.local/lib/python3.12/site-packages/airflow/example_dags/tutorial_taskflow_templates.py
[2025-03-17T23:29:49.705+0000] {processor.py:925} INFO - DAG(s) 'tutorial_taskflow_templates' retrieved from /home/airflow/.local/lib/python3.12/site-packages/airflow/example_dags/tutorial_taskflow_templates.py
[2025-03-17T23:29:49.715+0000] {logging_mixin.py:190} INFO - [2025-03-17T23:29:49.715+0000] {dag.py:3239} INFO - Sync 1 DAGs
[2025-03-17T23:29:49.726+0000] {logging_mixin.py:190} INFO - [2025-03-17T23:29:49.726+0000] {dag.py:4180} INFO - Setting next_dagrun for tutorial_taskflow_templates to 2025-03-16 00:00:00+00:00, run_after=2025-03-17 00:00:00+00:00
[2025-03-17T23:29:49.735+0000] {processor.py:208} INFO - Processing /home/airflow/.local/lib/python3.12/site-packages/airflow/example_dags/tutorial_taskflow_templates.py took 0.041 seconds
[2025-03-17T23:30:20.317+0000] {processor.py:186} INFO - Started process (PID=5253) to work on /home/airflow/.local/lib/python3.12/site-packages/airflow/example_dags/tutorial_taskflow_templates.py
[2025-03-17T23:30:20.318+0000] {processor.py:914} INFO - Processing file /home/airflow/.local/lib/python3.12/site-packages/airflow/example_dags/tutorial_taskflow_templates.py for tasks to queue
[2025-03-17T23:30:20.319+0000] {logging_mixin.py:190} INFO - [2025-03-17T23:30:20.319+0000] {dagbag.py:588} INFO - Filling up the DagBag from /home/airflow/.local/lib/python3.12/site-packages/airflow/example_dags/tutorial_taskflow_templates.py
[2025-03-17T23:30:20.329+0000] {processor.py:925} INFO - DAG(s) 'tutorial_taskflow_templates' retrieved from /home/airflow/.local/lib/python3.12/site-packages/airflow/example_dags/tutorial_taskflow_templates.py
[2025-03-17T23:30:20.338+0000] {logging_mixin.py:190} INFO - [2025-03-17T23:30:20.338+0000] {dag.py:3239} INFO - Sync 1 DAGs
[2025-03-17T23:30:20.351+0000] {logging_mixin.py:190} INFO - [2025-03-17T23:30:20.350+0000] {dag.py:4180} INFO - Setting next_dagrun for tutorial_taskflow_templates to 2025-03-16 00:00:00+00:00, run_after=2025-03-17 00:00:00+00:00
[2025-03-17T23:30:20.359+0000] {processor.py:208} INFO - Processing /home/airflow/.local/lib/python3.12/site-packages/airflow/example_dags/tutorial_taskflow_templates.py took 0.045 seconds
[2025-03-17T23:30:50.905+0000] {processor.py:186} INFO - Started process (PID=5544) to work on /home/airflow/.local/lib/python3.12/site-packages/airflow/example_dags/tutorial_taskflow_templates.py
[2025-03-17T23:30:50.906+0000] {processor.py:914} INFO - Processing file /home/airflow/.local/lib/python3.12/site-packages/airflow/example_dags/tutorial_taskflow_templates.py for tasks to queue
[2025-03-17T23:30:50.907+0000] {logging_mixin.py:190} INFO - [2025-03-17T23:30:50.907+0000] {dagbag.py:588} INFO - Filling up the DagBag from /home/airflow/.local/lib/python3.12/site-packages/airflow/example_dags/tutorial_taskflow_templates.py
[2025-03-17T23:30:50.914+0000] {processor.py:925} INFO - DAG(s) 'tutorial_taskflow_templates' retrieved from /home/airflow/.local/lib/python3.12/site-packages/airflow/example_dags/tutorial_taskflow_templates.py
[2025-03-17T23:30:50.923+0000] {logging_mixin.py:190} INFO - [2025-03-17T23:30:50.923+0000] {dag.py:3239} INFO - Sync 1 DAGs
[2025-03-17T23:30:50.934+0000] {logging_mixin.py:190} INFO - [2025-03-17T23:30:50.934+0000] {dag.py:4180} INFO - Setting next_dagrun for tutorial_taskflow_templates to 2025-03-16 00:00:00+00:00, run_after=2025-03-17 00:00:00+00:00
[2025-03-17T23:30:50.943+0000] {processor.py:208} INFO - Processing /home/airflow/.local/lib/python3.12/site-packages/airflow/example_dags/tutorial_taskflow_templates.py took 0.041 seconds
[2025-03-17T23:31:21.454+0000] {processor.py:186} INFO - Started process (PID=5835) to work on /home/airflow/.local/lib/python3.12/site-packages/airflow/example_dags/tutorial_taskflow_templates.py
[2025-03-17T23:31:21.454+0000] {processor.py:914} INFO - Processing file /home/airflow/.local/lib/python3.12/site-packages/airflow/example_dags/tutorial_taskflow_templates.py for tasks to queue
[2025-03-17T23:31:21.456+0000] {logging_mixin.py:190} INFO - [2025-03-17T23:31:21.456+0000] {dagbag.py:588} INFO - Filling up the DagBag from /home/airflow/.local/lib/python3.12/site-packages/airflow/example_dags/tutorial_taskflow_templates.py
[2025-03-17T23:31:21.462+0000] {processor.py:925} INFO - DAG(s) 'tutorial_taskflow_templates' retrieved from /home/airflow/.local/lib/python3.12/site-packages/airflow/example_dags/tutorial_taskflow_templates.py
[2025-03-17T23:31:21.471+0000] {logging_mixin.py:190} INFO - [2025-03-17T23:31:21.471+0000] {dag.py:3239} INFO - Sync 1 DAGs
[2025-03-17T23:31:21.486+0000] {logging_mixin.py:190} INFO - [2025-03-17T23:31:21.486+0000] {dag.py:4180} INFO - Setting next_dagrun for tutorial_taskflow_templates to 2025-03-16 00:00:00+00:00, run_after=2025-03-17 00:00:00+00:00
[2025-03-17T23:31:21.496+0000] {processor.py:208} INFO - Processing /home/airflow/.local/lib/python3.12/site-packages/airflow/example_dags/tutorial_taskflow_templates.py took 0.045 seconds
[2025-03-17T23:31:51.990+0000] {processor.py:186} INFO - Started process (PID=6126) to work on /home/airflow/.local/lib/python3.12/site-packages/airflow/example_dags/tutorial_taskflow_templates.py
[2025-03-17T23:31:51.991+0000] {processor.py:914} INFO - Processing file /home/airflow/.local/lib/python3.12/site-packages/airflow/example_dags/tutorial_taskflow_templates.py for tasks to queue
[2025-03-17T23:31:51.992+0000] {logging_mixin.py:190} INFO - [2025-03-17T23:31:51.991+0000] {dagbag.py:588} INFO - Filling up the DagBag from /home/airflow/.local/lib/python3.12/site-packages/airflow/example_dags/tutorial_taskflow_templates.py
[2025-03-17T23:31:51.998+0000] {processor.py:925} INFO - DAG(s) 'tutorial_taskflow_templates' retrieved from /home/airflow/.local/lib/python3.12/site-packages/airflow/example_dags/tutorial_taskflow_templates.py
[2025-03-17T23:31:52.008+0000] {logging_mixin.py:190} INFO - [2025-03-17T23:31:52.008+0000] {dag.py:3239} INFO - Sync 1 DAGs
[2025-03-17T23:31:52.019+0000] {logging_mixin.py:190} INFO - [2025-03-17T23:31:52.019+0000] {dag.py:4180} INFO - Setting next_dagrun for tutorial_taskflow_templates to 2025-03-16 00:00:00+00:00, run_after=2025-03-17 00:00:00+00:00
[2025-03-17T23:31:52.027+0000] {processor.py:208} INFO - Processing /home/airflow/.local/lib/python3.12/site-packages/airflow/example_dags/tutorial_taskflow_templates.py took 0.040 seconds
[2025-03-17T23:32:22.546+0000] {processor.py:186} INFO - Started process (PID=6417) to work on /home/airflow/.local/lib/python3.12/site-packages/airflow/example_dags/tutorial_taskflow_templates.py
[2025-03-17T23:32:22.547+0000] {processor.py:914} INFO - Processing file /home/airflow/.local/lib/python3.12/site-packages/airflow/example_dags/tutorial_taskflow_templates.py for tasks to queue
[2025-03-17T23:32:22.548+0000] {logging_mixin.py:190} INFO - [2025-03-17T23:32:22.548+0000] {dagbag.py:588} INFO - Filling up the DagBag from /home/airflow/.local/lib/python3.12/site-packages/airflow/example_dags/tutorial_taskflow_templates.py
[2025-03-17T23:32:22.555+0000] {processor.py:925} INFO - DAG(s) 'tutorial_taskflow_templates' retrieved from /home/airflow/.local/lib/python3.12/site-packages/airflow/example_dags/tutorial_taskflow_templates.py
[2025-03-17T23:32:22.565+0000] {logging_mixin.py:190} INFO - [2025-03-17T23:32:22.565+0000] {dag.py:3239} INFO - Sync 1 DAGs
[2025-03-17T23:32:22.576+0000] {logging_mixin.py:190} INFO - [2025-03-17T23:32:22.575+0000] {dag.py:4180} INFO - Setting next_dagrun for tutorial_taskflow_templates to 2025-03-16 00:00:00+00:00, run_after=2025-03-17 00:00:00+00:00
[2025-03-17T23:32:22.584+0000] {processor.py:208} INFO - Processing /home/airflow/.local/lib/python3.12/site-packages/airflow/example_dags/tutorial_taskflow_templates.py took 0.040 seconds
[2025-03-17T23:32:53.227+0000] {processor.py:186} INFO - Started process (PID=6708) to work on /home/airflow/.local/lib/python3.12/site-packages/airflow/example_dags/tutorial_taskflow_templates.py
[2025-03-17T23:32:53.228+0000] {processor.py:914} INFO - Processing file /home/airflow/.local/lib/python3.12/site-packages/airflow/example_dags/tutorial_taskflow_templates.py for tasks to queue
[2025-03-17T23:32:53.229+0000] {logging_mixin.py:190} INFO - [2025-03-17T23:32:53.229+0000] {dagbag.py:588} INFO - Filling up the DagBag from /home/airflow/.local/lib/python3.12/site-packages/airflow/example_dags/tutorial_taskflow_templates.py
[2025-03-17T23:32:53.235+0000] {processor.py:925} INFO - DAG(s) 'tutorial_taskflow_templates' retrieved from /home/airflow/.local/lib/python3.12/site-packages/airflow/example_dags/tutorial_taskflow_templates.py
[2025-03-17T23:32:53.245+0000] {logging_mixin.py:190} INFO - [2025-03-17T23:32:53.245+0000] {dag.py:3239} INFO - Sync 1 DAGs
[2025-03-17T23:32:53.258+0000] {logging_mixin.py:190} INFO - [2025-03-17T23:32:53.258+0000] {dag.py:4180} INFO - Setting next_dagrun for tutorial_taskflow_templates to 2025-03-16 00:00:00+00:00, run_after=2025-03-17 00:00:00+00:00
[2025-03-17T23:32:53.267+0000] {processor.py:208} INFO - Processing /home/airflow/.local/lib/python3.12/site-packages/airflow/example_dags/tutorial_taskflow_templates.py took 0.042 seconds
[2025-03-17T23:33:23.886+0000] {processor.py:186} INFO - Started process (PID=6999) to work on /home/airflow/.local/lib/python3.12/site-packages/airflow/example_dags/tutorial_taskflow_templates.py
[2025-03-17T23:33:23.887+0000] {processor.py:914} INFO - Processing file /home/airflow/.local/lib/python3.12/site-packages/airflow/example_dags/tutorial_taskflow_templates.py for tasks to queue
[2025-03-17T23:33:23.888+0000] {logging_mixin.py:190} INFO - [2025-03-17T23:33:23.887+0000] {dagbag.py:588} INFO - Filling up the DagBag from /home/airflow/.local/lib/python3.12/site-packages/airflow/example_dags/tutorial_taskflow_templates.py
[2025-03-17T23:33:23.894+0000] {processor.py:925} INFO - DAG(s) 'tutorial_taskflow_templates' retrieved from /home/airflow/.local/lib/python3.12/site-packages/airflow/example_dags/tutorial_taskflow_templates.py
[2025-03-17T23:33:23.905+0000] {logging_mixin.py:190} INFO - [2025-03-17T23:33:23.904+0000] {dag.py:3239} INFO - Sync 1 DAGs
[2025-03-17T23:33:23.916+0000] {logging_mixin.py:190} INFO - [2025-03-17T23:33:23.916+0000] {dag.py:4180} INFO - Setting next_dagrun for tutorial_taskflow_templates to 2025-03-16 00:00:00+00:00, run_after=2025-03-17 00:00:00+00:00
[2025-03-17T23:33:23.924+0000] {processor.py:208} INFO - Processing /home/airflow/.local/lib/python3.12/site-packages/airflow/example_dags/tutorial_taskflow_templates.py took 0.041 seconds
[2025-03-17T23:33:54.858+0000] {processor.py:186} INFO - Started process (PID=7290) to work on /home/airflow/.local/lib/python3.12/site-packages/airflow/example_dags/tutorial_taskflow_templates.py
[2025-03-17T23:33:54.859+0000] {processor.py:914} INFO - Processing file /home/airflow/.local/lib/python3.12/site-packages/airflow/example_dags/tutorial_taskflow_templates.py for tasks to queue
[2025-03-17T23:33:54.860+0000] {logging_mixin.py:190} INFO - [2025-03-17T23:33:54.860+0000] {dagbag.py:588} INFO - Filling up the DagBag from /home/airflow/.local/lib/python3.12/site-packages/airflow/example_dags/tutorial_taskflow_templates.py
[2025-03-17T23:33:54.867+0000] {processor.py:925} INFO - DAG(s) 'tutorial_taskflow_templates' retrieved from /home/airflow/.local/lib/python3.12/site-packages/airflow/example_dags/tutorial_taskflow_templates.py
[2025-03-17T23:33:54.876+0000] {logging_mixin.py:190} INFO - [2025-03-17T23:33:54.876+0000] {dag.py:3239} INFO - Sync 1 DAGs
[2025-03-17T23:33:54.889+0000] {logging_mixin.py:190} INFO - [2025-03-17T23:33:54.889+0000] {dag.py:4180} INFO - Setting next_dagrun for tutorial_taskflow_templates to 2025-03-16 00:00:00+00:00, run_after=2025-03-17 00:00:00+00:00
[2025-03-17T23:33:54.898+0000] {processor.py:208} INFO - Processing /home/airflow/.local/lib/python3.12/site-packages/airflow/example_dags/tutorial_taskflow_templates.py took 0.043 seconds
[2025-03-17T23:34:25.753+0000] {processor.py:186} INFO - Started process (PID=7581) to work on /home/airflow/.local/lib/python3.12/site-packages/airflow/example_dags/tutorial_taskflow_templates.py
[2025-03-17T23:34:25.754+0000] {processor.py:914} INFO - Processing file /home/airflow/.local/lib/python3.12/site-packages/airflow/example_dags/tutorial_taskflow_templates.py for tasks to queue
[2025-03-17T23:34:25.755+0000] {logging_mixin.py:190} INFO - [2025-03-17T23:34:25.755+0000] {dagbag.py:588} INFO - Filling up the DagBag from /home/airflow/.local/lib/python3.12/site-packages/airflow/example_dags/tutorial_taskflow_templates.py
[2025-03-17T23:34:25.762+0000] {processor.py:925} INFO - DAG(s) 'tutorial_taskflow_templates' retrieved from /home/airflow/.local/lib/python3.12/site-packages/airflow/example_dags/tutorial_taskflow_templates.py
[2025-03-17T23:34:25.772+0000] {logging_mixin.py:190} INFO - [2025-03-17T23:34:25.772+0000] {dag.py:3239} INFO - Sync 1 DAGs
[2025-03-17T23:34:25.785+0000] {logging_mixin.py:190} INFO - [2025-03-17T23:34:25.784+0000] {dag.py:4180} INFO - Setting next_dagrun for tutorial_taskflow_templates to 2025-03-16 00:00:00+00:00, run_after=2025-03-17 00:00:00+00:00
[2025-03-17T23:34:25.793+0000] {processor.py:208} INFO - Processing /home/airflow/.local/lib/python3.12/site-packages/airflow/example_dags/tutorial_taskflow_templates.py took 0.046 seconds
[2025-03-17T23:34:56.985+0000] {processor.py:186} INFO - Started process (PID=7911) to work on /home/airflow/.local/lib/python3.12/site-packages/airflow/example_dags/tutorial_taskflow_templates.py
[2025-03-17T23:34:56.986+0000] {processor.py:914} INFO - Processing file /home/airflow/.local/lib/python3.12/site-packages/airflow/example_dags/tutorial_taskflow_templates.py for tasks to queue
[2025-03-17T23:34:56.988+0000] {logging_mixin.py:190} INFO - [2025-03-17T23:34:56.988+0000] {dagbag.py:588} INFO - Filling up the DagBag from /home/airflow/.local/lib/python3.12/site-packages/airflow/example_dags/tutorial_taskflow_templates.py
[2025-03-17T23:34:57.002+0000] {processor.py:925} INFO - DAG(s) 'tutorial_taskflow_templates' retrieved from /home/airflow/.local/lib/python3.12/site-packages/airflow/example_dags/tutorial_taskflow_templates.py
[2025-03-17T23:34:57.028+0000] {logging_mixin.py:190} INFO - [2025-03-17T23:34:57.028+0000] {dag.py:3239} INFO - Sync 1 DAGs
[2025-03-17T23:34:57.047+0000] {logging_mixin.py:190} INFO - [2025-03-17T23:34:57.047+0000] {dag.py:4180} INFO - Setting next_dagrun for tutorial_taskflow_templates to 2025-03-16 00:00:00+00:00, run_after=2025-03-17 00:00:00+00:00
[2025-03-17T23:34:57.058+0000] {processor.py:208} INFO - Processing /home/airflow/.local/lib/python3.12/site-packages/airflow/example_dags/tutorial_taskflow_templates.py took 0.081 seconds
[2025-03-17T23:35:27.876+0000] {processor.py:186} INFO - Started process (PID=8202) to work on /home/airflow/.local/lib/python3.12/site-packages/airflow/example_dags/tutorial_taskflow_templates.py
[2025-03-17T23:35:27.877+0000] {processor.py:914} INFO - Processing file /home/airflow/.local/lib/python3.12/site-packages/airflow/example_dags/tutorial_taskflow_templates.py for tasks to queue
[2025-03-17T23:35:27.878+0000] {logging_mixin.py:190} INFO - [2025-03-17T23:35:27.878+0000] {dagbag.py:588} INFO - Filling up the DagBag from /home/airflow/.local/lib/python3.12/site-packages/airflow/example_dags/tutorial_taskflow_templates.py
[2025-03-17T23:35:27.885+0000] {processor.py:925} INFO - DAG(s) 'tutorial_taskflow_templates' retrieved from /home/airflow/.local/lib/python3.12/site-packages/airflow/example_dags/tutorial_taskflow_templates.py
[2025-03-17T23:35:27.895+0000] {logging_mixin.py:190} INFO - [2025-03-17T23:35:27.894+0000] {dag.py:3239} INFO - Sync 1 DAGs
[2025-03-17T23:35:27.905+0000] {logging_mixin.py:190} INFO - [2025-03-17T23:35:27.905+0000] {dag.py:4180} INFO - Setting next_dagrun for tutorial_taskflow_templates to 2025-03-16 00:00:00+00:00, run_after=2025-03-17 00:00:00+00:00
[2025-03-17T23:35:27.913+0000] {processor.py:208} INFO - Processing /home/airflow/.local/lib/python3.12/site-packages/airflow/example_dags/tutorial_taskflow_templates.py took 0.040 seconds
[2025-03-17T23:35:58.841+0000] {processor.py:186} INFO - Started process (PID=8493) to work on /home/airflow/.local/lib/python3.12/site-packages/airflow/example_dags/tutorial_taskflow_templates.py
[2025-03-17T23:35:58.843+0000] {processor.py:914} INFO - Processing file /home/airflow/.local/lib/python3.12/site-packages/airflow/example_dags/tutorial_taskflow_templates.py for tasks to queue
[2025-03-17T23:35:58.845+0000] {logging_mixin.py:190} INFO - [2025-03-17T23:35:58.845+0000] {dagbag.py:588} INFO - Filling up the DagBag from /home/airflow/.local/lib/python3.12/site-packages/airflow/example_dags/tutorial_taskflow_templates.py
[2025-03-17T23:35:58.856+0000] {processor.py:925} INFO - DAG(s) 'tutorial_taskflow_templates' retrieved from /home/airflow/.local/lib/python3.12/site-packages/airflow/example_dags/tutorial_taskflow_templates.py
[2025-03-17T23:35:58.878+0000] {logging_mixin.py:190} INFO - [2025-03-17T23:35:58.878+0000] {dag.py:3239} INFO - Sync 1 DAGs
[2025-03-17T23:35:58.904+0000] {logging_mixin.py:190} INFO - [2025-03-17T23:35:58.903+0000] {dag.py:4180} INFO - Setting next_dagrun for tutorial_taskflow_templates to 2025-03-16 00:00:00+00:00, run_after=2025-03-17 00:00:00+00:00
[2025-03-17T23:35:58.917+0000] {processor.py:208} INFO - Processing /home/airflow/.local/lib/python3.12/site-packages/airflow/example_dags/tutorial_taskflow_templates.py took 0.081 seconds
[2025-03-17T23:36:30.331+0000] {processor.py:186} INFO - Started process (PID=8784) to work on /home/airflow/.local/lib/python3.12/site-packages/airflow/example_dags/tutorial_taskflow_templates.py
[2025-03-17T23:36:30.332+0000] {processor.py:914} INFO - Processing file /home/airflow/.local/lib/python3.12/site-packages/airflow/example_dags/tutorial_taskflow_templates.py for tasks to queue
[2025-03-17T23:36:30.334+0000] {logging_mixin.py:190} INFO - [2025-03-17T23:36:30.333+0000] {dagbag.py:588} INFO - Filling up the DagBag from /home/airflow/.local/lib/python3.12/site-packages/airflow/example_dags/tutorial_taskflow_templates.py
[2025-03-17T23:36:30.341+0000] {processor.py:925} INFO - DAG(s) 'tutorial_taskflow_templates' retrieved from /home/airflow/.local/lib/python3.12/site-packages/airflow/example_dags/tutorial_taskflow_templates.py
[2025-03-17T23:36:30.354+0000] {logging_mixin.py:190} INFO - [2025-03-17T23:36:30.353+0000] {dag.py:3239} INFO - Sync 1 DAGs
[2025-03-17T23:36:30.365+0000] {logging_mixin.py:190} INFO - [2025-03-17T23:36:30.365+0000] {dag.py:4180} INFO - Setting next_dagrun for tutorial_taskflow_templates to 2025-03-16 00:00:00+00:00, run_after=2025-03-17 00:00:00+00:00
[2025-03-17T23:36:30.374+0000] {processor.py:208} INFO - Processing /home/airflow/.local/lib/python3.12/site-packages/airflow/example_dags/tutorial_taskflow_templates.py took 0.046 seconds
[2025-03-17T23:37:01.735+0000] {processor.py:186} INFO - Started process (PID=9075) to work on /home/airflow/.local/lib/python3.12/site-packages/airflow/example_dags/tutorial_taskflow_templates.py
[2025-03-17T23:37:01.736+0000] {processor.py:914} INFO - Processing file /home/airflow/.local/lib/python3.12/site-packages/airflow/example_dags/tutorial_taskflow_templates.py for tasks to queue
[2025-03-17T23:37:01.737+0000] {logging_mixin.py:190} INFO - [2025-03-17T23:37:01.737+0000] {dagbag.py:588} INFO - Filling up the DagBag from /home/airflow/.local/lib/python3.12/site-packages/airflow/example_dags/tutorial_taskflow_templates.py
[2025-03-17T23:37:01.745+0000] {processor.py:925} INFO - DAG(s) 'tutorial_taskflow_templates' retrieved from /home/airflow/.local/lib/python3.12/site-packages/airflow/example_dags/tutorial_taskflow_templates.py
[2025-03-17T23:37:01.755+0000] {logging_mixin.py:190} INFO - [2025-03-17T23:37:01.755+0000] {dag.py:3239} INFO - Sync 1 DAGs
[2025-03-17T23:37:01.766+0000] {logging_mixin.py:190} INFO - [2025-03-17T23:37:01.766+0000] {dag.py:4180} INFO - Setting next_dagrun for tutorial_taskflow_templates to 2025-03-16 00:00:00+00:00, run_after=2025-03-17 00:00:00+00:00
[2025-03-17T23:37:01.779+0000] {processor.py:208} INFO - Processing /home/airflow/.local/lib/python3.12/site-packages/airflow/example_dags/tutorial_taskflow_templates.py took 0.047 seconds
[2025-03-17T23:37:33.326+0000] {processor.py:186} INFO - Started process (PID=9372) to work on /home/airflow/.local/lib/python3.12/site-packages/airflow/example_dags/tutorial_taskflow_templates.py
[2025-03-17T23:37:33.327+0000] {processor.py:914} INFO - Processing file /home/airflow/.local/lib/python3.12/site-packages/airflow/example_dags/tutorial_taskflow_templates.py for tasks to queue
[2025-03-17T23:37:33.328+0000] {logging_mixin.py:190} INFO - [2025-03-17T23:37:33.328+0000] {dagbag.py:588} INFO - Filling up the DagBag from /home/airflow/.local/lib/python3.12/site-packages/airflow/example_dags/tutorial_taskflow_templates.py
[2025-03-17T23:37:33.336+0000] {processor.py:925} INFO - DAG(s) 'tutorial_taskflow_templates' retrieved from /home/airflow/.local/lib/python3.12/site-packages/airflow/example_dags/tutorial_taskflow_templates.py
[2025-03-17T23:37:33.347+0000] {logging_mixin.py:190} INFO - [2025-03-17T23:37:33.346+0000] {dag.py:3239} INFO - Sync 1 DAGs
[2025-03-17T23:37:33.359+0000] {logging_mixin.py:190} INFO - [2025-03-17T23:37:33.359+0000] {dag.py:4180} INFO - Setting next_dagrun for tutorial_taskflow_templates to 2025-03-16 00:00:00+00:00, run_after=2025-03-17 00:00:00+00:00
[2025-03-17T23:37:33.368+0000] {processor.py:208} INFO - Processing /home/airflow/.local/lib/python3.12/site-packages/airflow/example_dags/tutorial_taskflow_templates.py took 0.045 seconds
