[2025-03-17T23:21:35.194+0000] {processor.py:186} INFO - Started process (PID=317) to work on /home/airflow/.local/lib/python3.12/site-packages/airflow/example_dags/tutorial_dag.py
[2025-03-17T23:21:35.195+0000] {processor.py:914} INFO - Processing file /home/airflow/.local/lib/python3.12/site-packages/airflow/example_dags/tutorial_dag.py for tasks to queue
[2025-03-17T23:21:35.196+0000] {logging_mixin.py:190} INFO - [2025-03-17T23:21:35.196+0000] {dagbag.py:588} INFO - Filling up the DagBag from /home/airflow/.local/lib/python3.12/site-packages/airflow/example_dags/tutorial_dag.py
[2025-03-17T23:21:35.203+0000] {processor.py:925} INFO - DAG(s) 'tutorial_dag' retrieved from /home/airflow/.local/lib/python3.12/site-packages/airflow/example_dags/tutorial_dag.py
[2025-03-17T23:21:35.263+0000] {logging_mixin.py:190} INFO - [2025-03-17T23:21:35.262+0000] {override.py:1912} INFO - Created Permission View: can edit on DAG:tutorial_dag
[2025-03-17T23:21:35.268+0000] {logging_mixin.py:190} INFO - [2025-03-17T23:21:35.268+0000] {override.py:1912} INFO - Created Permission View: can read on DAG:tutorial_dag
[2025-03-17T23:21:35.271+0000] {logging_mixin.py:190} INFO - [2025-03-17T23:21:35.271+0000] {override.py:1912} INFO - Created Permission View: can delete on DAG:tutorial_dag
[2025-03-17T23:21:35.274+0000] {logging_mixin.py:190} INFO - [2025-03-17T23:21:35.274+0000] {override.py:1912} INFO - Created Permission View: can create on DAG Run:tutorial_dag
[2025-03-17T23:21:35.277+0000] {logging_mixin.py:190} INFO - [2025-03-17T23:21:35.277+0000] {override.py:1912} INFO - Created Permission View: menu access on DAG Run:tutorial_dag
[2025-03-17T23:21:35.280+0000] {logging_mixin.py:190} INFO - [2025-03-17T23:21:35.280+0000] {override.py:1912} INFO - Created Permission View: can read on DAG Run:tutorial_dag
[2025-03-17T23:21:35.282+0000] {logging_mixin.py:190} INFO - [2025-03-17T23:21:35.282+0000] {override.py:1912} INFO - Created Permission View: can delete on DAG Run:tutorial_dag
[2025-03-17T23:21:35.282+0000] {logging_mixin.py:190} INFO - [2025-03-17T23:21:35.282+0000] {dag.py:3239} INFO - Sync 1 DAGs
[2025-03-17T23:21:35.291+0000] {logging_mixin.py:190} INFO - [2025-03-17T23:21:35.291+0000] {dag.py:3262} INFO - Creating ORM DAG for tutorial_dag
[2025-03-17T23:21:35.291+0000] {logging_mixin.py:190} INFO - [2025-03-17T23:21:35.291+0000] {dag.py:4180} INFO - Setting next_dagrun for tutorial_dag to None, run_after=None
[2025-03-17T23:21:35.299+0000] {processor.py:208} INFO - Processing /home/airflow/.local/lib/python3.12/site-packages/airflow/example_dags/tutorial_dag.py took 0.108 seconds
[2025-03-17T23:22:06.205+0000] {processor.py:186} INFO - Started process (PID=610) to work on /home/airflow/.local/lib/python3.12/site-packages/airflow/example_dags/tutorial_dag.py
[2025-03-17T23:22:06.205+0000] {processor.py:914} INFO - Processing file /home/airflow/.local/lib/python3.12/site-packages/airflow/example_dags/tutorial_dag.py for tasks to queue
[2025-03-17T23:22:06.208+0000] {logging_mixin.py:190} INFO - [2025-03-17T23:22:06.207+0000] {dagbag.py:588} INFO - Filling up the DagBag from /home/airflow/.local/lib/python3.12/site-packages/airflow/example_dags/tutorial_dag.py
[2025-03-17T23:22:06.212+0000] {processor.py:925} INFO - DAG(s) 'tutorial_dag' retrieved from /home/airflow/.local/lib/python3.12/site-packages/airflow/example_dags/tutorial_dag.py
[2025-03-17T23:22:06.223+0000] {logging_mixin.py:190} INFO - [2025-03-17T23:22:06.223+0000] {dag.py:3239} INFO - Sync 1 DAGs
[2025-03-17T23:22:06.231+0000] {logging_mixin.py:190} INFO - [2025-03-17T23:22:06.231+0000] {dag.py:4180} INFO - Setting next_dagrun for tutorial_dag to None, run_after=None
[2025-03-17T23:22:06.240+0000] {processor.py:208} INFO - Processing /home/airflow/.local/lib/python3.12/site-packages/airflow/example_dags/tutorial_dag.py took 0.039 seconds
[2025-03-17T23:22:36.397+0000] {processor.py:186} INFO - Started process (PID=899) to work on /home/airflow/.local/lib/python3.12/site-packages/airflow/example_dags/tutorial_dag.py
[2025-03-17T23:22:36.398+0000] {processor.py:914} INFO - Processing file /home/airflow/.local/lib/python3.12/site-packages/airflow/example_dags/tutorial_dag.py for tasks to queue
[2025-03-17T23:22:36.399+0000] {logging_mixin.py:190} INFO - [2025-03-17T23:22:36.399+0000] {dagbag.py:588} INFO - Filling up the DagBag from /home/airflow/.local/lib/python3.12/site-packages/airflow/example_dags/tutorial_dag.py
[2025-03-17T23:22:36.404+0000] {processor.py:925} INFO - DAG(s) 'tutorial_dag' retrieved from /home/airflow/.local/lib/python3.12/site-packages/airflow/example_dags/tutorial_dag.py
[2025-03-17T23:22:36.417+0000] {logging_mixin.py:190} INFO - [2025-03-17T23:22:36.417+0000] {dag.py:3239} INFO - Sync 1 DAGs
[2025-03-17T23:22:36.425+0000] {logging_mixin.py:190} INFO - [2025-03-17T23:22:36.424+0000] {dag.py:4180} INFO - Setting next_dagrun for tutorial_dag to None, run_after=None
[2025-03-17T23:22:36.433+0000] {processor.py:208} INFO - Processing /home/airflow/.local/lib/python3.12/site-packages/airflow/example_dags/tutorial_dag.py took 0.039 seconds
[2025-03-17T23:23:07.239+0000] {processor.py:186} INFO - Started process (PID=1190) to work on /home/airflow/.local/lib/python3.12/site-packages/airflow/example_dags/tutorial_dag.py
[2025-03-17T23:23:07.240+0000] {processor.py:914} INFO - Processing file /home/airflow/.local/lib/python3.12/site-packages/airflow/example_dags/tutorial_dag.py for tasks to queue
[2025-03-17T23:23:07.241+0000] {logging_mixin.py:190} INFO - [2025-03-17T23:23:07.241+0000] {dagbag.py:588} INFO - Filling up the DagBag from /home/airflow/.local/lib/python3.12/site-packages/airflow/example_dags/tutorial_dag.py
[2025-03-17T23:23:07.246+0000] {processor.py:925} INFO - DAG(s) 'tutorial_dag' retrieved from /home/airflow/.local/lib/python3.12/site-packages/airflow/example_dags/tutorial_dag.py
[2025-03-17T23:23:07.257+0000] {logging_mixin.py:190} INFO - [2025-03-17T23:23:07.257+0000] {dag.py:3239} INFO - Sync 1 DAGs
[2025-03-17T23:23:07.264+0000] {logging_mixin.py:190} INFO - [2025-03-17T23:23:07.264+0000] {dag.py:4180} INFO - Setting next_dagrun for tutorial_dag to None, run_after=None
[2025-03-17T23:23:07.272+0000] {processor.py:208} INFO - Processing /home/airflow/.local/lib/python3.12/site-packages/airflow/example_dags/tutorial_dag.py took 0.036 seconds
[2025-03-17T23:23:38.396+0000] {processor.py:186} INFO - Started process (PID=1481) to work on /home/airflow/.local/lib/python3.12/site-packages/airflow/example_dags/tutorial_dag.py
[2025-03-17T23:23:38.396+0000] {processor.py:914} INFO - Processing file /home/airflow/.local/lib/python3.12/site-packages/airflow/example_dags/tutorial_dag.py for tasks to queue
[2025-03-17T23:23:38.398+0000] {logging_mixin.py:190} INFO - [2025-03-17T23:23:38.397+0000] {dagbag.py:588} INFO - Filling up the DagBag from /home/airflow/.local/lib/python3.12/site-packages/airflow/example_dags/tutorial_dag.py
[2025-03-17T23:23:38.402+0000] {processor.py:925} INFO - DAG(s) 'tutorial_dag' retrieved from /home/airflow/.local/lib/python3.12/site-packages/airflow/example_dags/tutorial_dag.py
[2025-03-17T23:23:38.411+0000] {logging_mixin.py:190} INFO - [2025-03-17T23:23:38.411+0000] {dag.py:3239} INFO - Sync 1 DAGs
[2025-03-17T23:23:38.419+0000] {logging_mixin.py:190} INFO - [2025-03-17T23:23:38.419+0000] {dag.py:4180} INFO - Setting next_dagrun for tutorial_dag to None, run_after=None
[2025-03-17T23:23:38.428+0000] {processor.py:208} INFO - Processing /home/airflow/.local/lib/python3.12/site-packages/airflow/example_dags/tutorial_dag.py took 0.035 seconds
[2025-03-17T23:24:09.357+0000] {processor.py:186} INFO - Started process (PID=1772) to work on /home/airflow/.local/lib/python3.12/site-packages/airflow/example_dags/tutorial_dag.py
[2025-03-17T23:24:09.358+0000] {processor.py:914} INFO - Processing file /home/airflow/.local/lib/python3.12/site-packages/airflow/example_dags/tutorial_dag.py for tasks to queue
[2025-03-17T23:24:09.360+0000] {logging_mixin.py:190} INFO - [2025-03-17T23:24:09.360+0000] {dagbag.py:588} INFO - Filling up the DagBag from /home/airflow/.local/lib/python3.12/site-packages/airflow/example_dags/tutorial_dag.py
[2025-03-17T23:24:09.367+0000] {processor.py:925} INFO - DAG(s) 'tutorial_dag' retrieved from /home/airflow/.local/lib/python3.12/site-packages/airflow/example_dags/tutorial_dag.py
[2025-03-17T23:24:09.390+0000] {logging_mixin.py:190} INFO - [2025-03-17T23:24:09.389+0000] {dag.py:3239} INFO - Sync 1 DAGs
[2025-03-17T23:24:09.402+0000] {logging_mixin.py:190} INFO - [2025-03-17T23:24:09.402+0000] {dag.py:4180} INFO - Setting next_dagrun for tutorial_dag to None, run_after=None
[2025-03-17T23:24:09.424+0000] {processor.py:208} INFO - Processing /home/airflow/.local/lib/python3.12/site-packages/airflow/example_dags/tutorial_dag.py took 0.069 seconds
[2025-03-17T23:24:40.616+0000] {processor.py:186} INFO - Started process (PID=2062) to work on /home/airflow/.local/lib/python3.12/site-packages/airflow/example_dags/tutorial_dag.py
[2025-03-17T23:24:40.618+0000] {processor.py:914} INFO - Processing file /home/airflow/.local/lib/python3.12/site-packages/airflow/example_dags/tutorial_dag.py for tasks to queue
[2025-03-17T23:24:40.620+0000] {logging_mixin.py:190} INFO - [2025-03-17T23:24:40.620+0000] {dagbag.py:588} INFO - Filling up the DagBag from /home/airflow/.local/lib/python3.12/site-packages/airflow/example_dags/tutorial_dag.py
[2025-03-17T23:24:40.640+0000] {processor.py:925} INFO - DAG(s) 'tutorial_dag' retrieved from /home/airflow/.local/lib/python3.12/site-packages/airflow/example_dags/tutorial_dag.py
[2025-03-17T23:24:40.654+0000] {logging_mixin.py:190} INFO - [2025-03-17T23:24:40.654+0000] {dag.py:3239} INFO - Sync 1 DAGs
[2025-03-17T23:24:40.663+0000] {logging_mixin.py:190} INFO - [2025-03-17T23:24:40.663+0000] {dag.py:4180} INFO - Setting next_dagrun for tutorial_dag to None, run_after=None
[2025-03-17T23:24:40.674+0000] {processor.py:208} INFO - Processing /home/airflow/.local/lib/python3.12/site-packages/airflow/example_dags/tutorial_dag.py took 0.069 seconds
[2025-03-17T23:25:11.847+0000] {processor.py:186} INFO - Started process (PID=2353) to work on /home/airflow/.local/lib/python3.12/site-packages/airflow/example_dags/tutorial_dag.py
[2025-03-17T23:25:11.848+0000] {processor.py:914} INFO - Processing file /home/airflow/.local/lib/python3.12/site-packages/airflow/example_dags/tutorial_dag.py for tasks to queue
[2025-03-17T23:25:11.849+0000] {logging_mixin.py:190} INFO - [2025-03-17T23:25:11.849+0000] {dagbag.py:588} INFO - Filling up the DagBag from /home/airflow/.local/lib/python3.12/site-packages/airflow/example_dags/tutorial_dag.py
[2025-03-17T23:25:11.854+0000] {processor.py:925} INFO - DAG(s) 'tutorial_dag' retrieved from /home/airflow/.local/lib/python3.12/site-packages/airflow/example_dags/tutorial_dag.py
[2025-03-17T23:25:11.865+0000] {logging_mixin.py:190} INFO - [2025-03-17T23:25:11.865+0000] {dag.py:3239} INFO - Sync 1 DAGs
[2025-03-17T23:25:11.872+0000] {logging_mixin.py:190} INFO - [2025-03-17T23:25:11.872+0000] {dag.py:4180} INFO - Setting next_dagrun for tutorial_dag to None, run_after=None
[2025-03-17T23:25:11.881+0000] {processor.py:208} INFO - Processing /home/airflow/.local/lib/python3.12/site-packages/airflow/example_dags/tutorial_dag.py took 0.037 seconds
[2025-03-17T23:25:43.293+0000] {processor.py:186} INFO - Started process (PID=2644) to work on /home/airflow/.local/lib/python3.12/site-packages/airflow/example_dags/tutorial_dag.py
[2025-03-17T23:25:43.294+0000] {processor.py:914} INFO - Processing file /home/airflow/.local/lib/python3.12/site-packages/airflow/example_dags/tutorial_dag.py for tasks to queue
[2025-03-17T23:25:43.296+0000] {logging_mixin.py:190} INFO - [2025-03-17T23:25:43.295+0000] {dagbag.py:588} INFO - Filling up the DagBag from /home/airflow/.local/lib/python3.12/site-packages/airflow/example_dags/tutorial_dag.py
[2025-03-17T23:25:43.302+0000] {processor.py:925} INFO - DAG(s) 'tutorial_dag' retrieved from /home/airflow/.local/lib/python3.12/site-packages/airflow/example_dags/tutorial_dag.py
[2025-03-17T23:25:43.314+0000] {logging_mixin.py:190} INFO - [2025-03-17T23:25:43.313+0000] {dag.py:3239} INFO - Sync 1 DAGs
[2025-03-17T23:25:43.321+0000] {logging_mixin.py:190} INFO - [2025-03-17T23:25:43.321+0000] {dag.py:4180} INFO - Setting next_dagrun for tutorial_dag to None, run_after=None
[2025-03-17T23:25:43.329+0000] {processor.py:208} INFO - Processing /home/airflow/.local/lib/python3.12/site-packages/airflow/example_dags/tutorial_dag.py took 0.041 seconds
[2025-03-17T23:26:14.300+0000] {processor.py:186} INFO - Started process (PID=2935) to work on /home/airflow/.local/lib/python3.12/site-packages/airflow/example_dags/tutorial_dag.py
[2025-03-17T23:26:14.302+0000] {processor.py:914} INFO - Processing file /home/airflow/.local/lib/python3.12/site-packages/airflow/example_dags/tutorial_dag.py for tasks to queue
[2025-03-17T23:26:14.303+0000] {logging_mixin.py:190} INFO - [2025-03-17T23:26:14.303+0000] {dagbag.py:588} INFO - Filling up the DagBag from /home/airflow/.local/lib/python3.12/site-packages/airflow/example_dags/tutorial_dag.py
[2025-03-17T23:26:14.307+0000] {processor.py:925} INFO - DAG(s) 'tutorial_dag' retrieved from /home/airflow/.local/lib/python3.12/site-packages/airflow/example_dags/tutorial_dag.py
[2025-03-17T23:26:14.320+0000] {logging_mixin.py:190} INFO - [2025-03-17T23:26:14.319+0000] {dag.py:3239} INFO - Sync 1 DAGs
[2025-03-17T23:26:14.326+0000] {logging_mixin.py:190} INFO - [2025-03-17T23:26:14.326+0000] {dag.py:4180} INFO - Setting next_dagrun for tutorial_dag to None, run_after=None
[2025-03-17T23:26:14.334+0000] {processor.py:208} INFO - Processing /home/airflow/.local/lib/python3.12/site-packages/airflow/example_dags/tutorial_dag.py took 0.037 seconds
[2025-03-17T23:26:45.141+0000] {processor.py:186} INFO - Started process (PID=3226) to work on /home/airflow/.local/lib/python3.12/site-packages/airflow/example_dags/tutorial_dag.py
[2025-03-17T23:26:45.142+0000] {processor.py:914} INFO - Processing file /home/airflow/.local/lib/python3.12/site-packages/airflow/example_dags/tutorial_dag.py for tasks to queue
[2025-03-17T23:26:45.144+0000] {logging_mixin.py:190} INFO - [2025-03-17T23:26:45.144+0000] {dagbag.py:588} INFO - Filling up the DagBag from /home/airflow/.local/lib/python3.12/site-packages/airflow/example_dags/tutorial_dag.py
[2025-03-17T23:26:45.148+0000] {processor.py:925} INFO - DAG(s) 'tutorial_dag' retrieved from /home/airflow/.local/lib/python3.12/site-packages/airflow/example_dags/tutorial_dag.py
[2025-03-17T23:26:45.157+0000] {logging_mixin.py:190} INFO - [2025-03-17T23:26:45.157+0000] {dag.py:3239} INFO - Sync 1 DAGs
[2025-03-17T23:26:45.164+0000] {logging_mixin.py:190} INFO - [2025-03-17T23:26:45.164+0000] {dag.py:4180} INFO - Setting next_dagrun for tutorial_dag to None, run_after=None
[2025-03-17T23:26:45.174+0000] {processor.py:208} INFO - Processing /home/airflow/.local/lib/python3.12/site-packages/airflow/example_dags/tutorial_dag.py took 0.037 seconds
[2025-03-17T23:27:16.146+0000] {processor.py:186} INFO - Started process (PID=3517) to work on /home/airflow/.local/lib/python3.12/site-packages/airflow/example_dags/tutorial_dag.py
[2025-03-17T23:27:16.147+0000] {processor.py:914} INFO - Processing file /home/airflow/.local/lib/python3.12/site-packages/airflow/example_dags/tutorial_dag.py for tasks to queue
[2025-03-17T23:27:16.148+0000] {logging_mixin.py:190} INFO - [2025-03-17T23:27:16.147+0000] {dagbag.py:588} INFO - Filling up the DagBag from /home/airflow/.local/lib/python3.12/site-packages/airflow/example_dags/tutorial_dag.py
[2025-03-17T23:27:16.152+0000] {processor.py:925} INFO - DAG(s) 'tutorial_dag' retrieved from /home/airflow/.local/lib/python3.12/site-packages/airflow/example_dags/tutorial_dag.py
[2025-03-17T23:27:16.163+0000] {logging_mixin.py:190} INFO - [2025-03-17T23:27:16.163+0000] {dag.py:3239} INFO - Sync 1 DAGs
[2025-03-17T23:27:16.169+0000] {logging_mixin.py:190} INFO - [2025-03-17T23:27:16.169+0000] {dag.py:4180} INFO - Setting next_dagrun for tutorial_dag to None, run_after=None
[2025-03-17T23:27:16.180+0000] {processor.py:208} INFO - Processing /home/airflow/.local/lib/python3.12/site-packages/airflow/example_dags/tutorial_dag.py took 0.037 seconds
[2025-03-17T23:27:47.146+0000] {processor.py:186} INFO - Started process (PID=3808) to work on /home/airflow/.local/lib/python3.12/site-packages/airflow/example_dags/tutorial_dag.py
[2025-03-17T23:27:47.147+0000] {processor.py:914} INFO - Processing file /home/airflow/.local/lib/python3.12/site-packages/airflow/example_dags/tutorial_dag.py for tasks to queue
[2025-03-17T23:27:47.149+0000] {logging_mixin.py:190} INFO - [2025-03-17T23:27:47.149+0000] {dagbag.py:588} INFO - Filling up the DagBag from /home/airflow/.local/lib/python3.12/site-packages/airflow/example_dags/tutorial_dag.py
[2025-03-17T23:27:47.156+0000] {processor.py:925} INFO - DAG(s) 'tutorial_dag' retrieved from /home/airflow/.local/lib/python3.12/site-packages/airflow/example_dags/tutorial_dag.py
[2025-03-17T23:27:47.173+0000] {logging_mixin.py:190} INFO - [2025-03-17T23:27:47.172+0000] {dag.py:3239} INFO - Sync 1 DAGs
[2025-03-17T23:27:47.188+0000] {logging_mixin.py:190} INFO - [2025-03-17T23:27:47.188+0000] {dag.py:4180} INFO - Setting next_dagrun for tutorial_dag to None, run_after=None
[2025-03-17T23:27:47.202+0000] {processor.py:208} INFO - Processing /home/airflow/.local/lib/python3.12/site-packages/airflow/example_dags/tutorial_dag.py took 0.061 seconds
[2025-03-17T23:28:17.753+0000] {processor.py:186} INFO - Started process (PID=4099) to work on /home/airflow/.local/lib/python3.12/site-packages/airflow/example_dags/tutorial_dag.py
[2025-03-17T23:28:17.754+0000] {processor.py:914} INFO - Processing file /home/airflow/.local/lib/python3.12/site-packages/airflow/example_dags/tutorial_dag.py for tasks to queue
[2025-03-17T23:28:17.755+0000] {logging_mixin.py:190} INFO - [2025-03-17T23:28:17.755+0000] {dagbag.py:588} INFO - Filling up the DagBag from /home/airflow/.local/lib/python3.12/site-packages/airflow/example_dags/tutorial_dag.py
[2025-03-17T23:28:17.759+0000] {processor.py:925} INFO - DAG(s) 'tutorial_dag' retrieved from /home/airflow/.local/lib/python3.12/site-packages/airflow/example_dags/tutorial_dag.py
[2025-03-17T23:28:17.770+0000] {logging_mixin.py:190} INFO - [2025-03-17T23:28:17.770+0000] {dag.py:3239} INFO - Sync 1 DAGs
[2025-03-17T23:28:17.777+0000] {logging_mixin.py:190} INFO - [2025-03-17T23:28:17.777+0000] {dag.py:4180} INFO - Setting next_dagrun for tutorial_dag to None, run_after=None
[2025-03-17T23:28:17.790+0000] {processor.py:208} INFO - Processing /home/airflow/.local/lib/python3.12/site-packages/airflow/example_dags/tutorial_dag.py took 0.040 seconds
[2025-03-17T23:28:48.558+0000] {processor.py:186} INFO - Started process (PID=4390) to work on /home/airflow/.local/lib/python3.12/site-packages/airflow/example_dags/tutorial_dag.py
[2025-03-17T23:28:48.559+0000] {processor.py:914} INFO - Processing file /home/airflow/.local/lib/python3.12/site-packages/airflow/example_dags/tutorial_dag.py for tasks to queue
[2025-03-17T23:28:48.560+0000] {logging_mixin.py:190} INFO - [2025-03-17T23:28:48.560+0000] {dagbag.py:588} INFO - Filling up the DagBag from /home/airflow/.local/lib/python3.12/site-packages/airflow/example_dags/tutorial_dag.py
[2025-03-17T23:28:48.564+0000] {processor.py:925} INFO - DAG(s) 'tutorial_dag' retrieved from /home/airflow/.local/lib/python3.12/site-packages/airflow/example_dags/tutorial_dag.py
[2025-03-17T23:28:48.574+0000] {logging_mixin.py:190} INFO - [2025-03-17T23:28:48.574+0000] {dag.py:3239} INFO - Sync 1 DAGs
[2025-03-17T23:28:48.581+0000] {logging_mixin.py:190} INFO - [2025-03-17T23:28:48.581+0000] {dag.py:4180} INFO - Setting next_dagrun for tutorial_dag to None, run_after=None
[2025-03-17T23:28:48.589+0000] {processor.py:208} INFO - Processing /home/airflow/.local/lib/python3.12/site-packages/airflow/example_dags/tutorial_dag.py took 0.034 seconds
[2025-03-17T23:29:19.197+0000] {processor.py:186} INFO - Started process (PID=4681) to work on /home/airflow/.local/lib/python3.12/site-packages/airflow/example_dags/tutorial_dag.py
[2025-03-17T23:29:19.198+0000] {processor.py:914} INFO - Processing file /home/airflow/.local/lib/python3.12/site-packages/airflow/example_dags/tutorial_dag.py for tasks to queue
[2025-03-17T23:29:19.200+0000] {logging_mixin.py:190} INFO - [2025-03-17T23:29:19.199+0000] {dagbag.py:588} INFO - Filling up the DagBag from /home/airflow/.local/lib/python3.12/site-packages/airflow/example_dags/tutorial_dag.py
[2025-03-17T23:29:19.204+0000] {processor.py:925} INFO - DAG(s) 'tutorial_dag' retrieved from /home/airflow/.local/lib/python3.12/site-packages/airflow/example_dags/tutorial_dag.py
[2025-03-17T23:29:19.213+0000] {logging_mixin.py:190} INFO - [2025-03-17T23:29:19.213+0000] {dag.py:3239} INFO - Sync 1 DAGs
[2025-03-17T23:29:19.220+0000] {logging_mixin.py:190} INFO - [2025-03-17T23:29:19.220+0000] {dag.py:4180} INFO - Setting next_dagrun for tutorial_dag to None, run_after=None
[2025-03-17T23:29:19.230+0000] {processor.py:208} INFO - Processing /home/airflow/.local/lib/python3.12/site-packages/airflow/example_dags/tutorial_dag.py took 0.036 seconds
[2025-03-17T23:29:49.750+0000] {processor.py:186} INFO - Started process (PID=4972) to work on /home/airflow/.local/lib/python3.12/site-packages/airflow/example_dags/tutorial_dag.py
[2025-03-17T23:29:49.750+0000] {processor.py:914} INFO - Processing file /home/airflow/.local/lib/python3.12/site-packages/airflow/example_dags/tutorial_dag.py for tasks to queue
[2025-03-17T23:29:49.752+0000] {logging_mixin.py:190} INFO - [2025-03-17T23:29:49.752+0000] {dagbag.py:588} INFO - Filling up the DagBag from /home/airflow/.local/lib/python3.12/site-packages/airflow/example_dags/tutorial_dag.py
[2025-03-17T23:29:49.755+0000] {processor.py:925} INFO - DAG(s) 'tutorial_dag' retrieved from /home/airflow/.local/lib/python3.12/site-packages/airflow/example_dags/tutorial_dag.py
[2025-03-17T23:29:49.765+0000] {logging_mixin.py:190} INFO - [2025-03-17T23:29:49.764+0000] {dag.py:3239} INFO - Sync 1 DAGs
[2025-03-17T23:29:49.771+0000] {logging_mixin.py:190} INFO - [2025-03-17T23:29:49.771+0000] {dag.py:4180} INFO - Setting next_dagrun for tutorial_dag to None, run_after=None
[2025-03-17T23:29:49.781+0000] {processor.py:208} INFO - Processing /home/airflow/.local/lib/python3.12/site-packages/airflow/example_dags/tutorial_dag.py took 0.034 seconds
[2025-03-17T23:30:20.374+0000] {processor.py:186} INFO - Started process (PID=5263) to work on /home/airflow/.local/lib/python3.12/site-packages/airflow/example_dags/tutorial_dag.py
[2025-03-17T23:30:20.375+0000] {processor.py:914} INFO - Processing file /home/airflow/.local/lib/python3.12/site-packages/airflow/example_dags/tutorial_dag.py for tasks to queue
[2025-03-17T23:30:20.376+0000] {logging_mixin.py:190} INFO - [2025-03-17T23:30:20.376+0000] {dagbag.py:588} INFO - Filling up the DagBag from /home/airflow/.local/lib/python3.12/site-packages/airflow/example_dags/tutorial_dag.py
[2025-03-17T23:30:20.380+0000] {processor.py:925} INFO - DAG(s) 'tutorial_dag' retrieved from /home/airflow/.local/lib/python3.12/site-packages/airflow/example_dags/tutorial_dag.py
[2025-03-17T23:30:20.389+0000] {logging_mixin.py:190} INFO - [2025-03-17T23:30:20.389+0000] {dag.py:3239} INFO - Sync 1 DAGs
[2025-03-17T23:30:20.396+0000] {logging_mixin.py:190} INFO - [2025-03-17T23:30:20.396+0000] {dag.py:4180} INFO - Setting next_dagrun for tutorial_dag to None, run_after=None
[2025-03-17T23:30:20.405+0000] {processor.py:208} INFO - Processing /home/airflow/.local/lib/python3.12/site-packages/airflow/example_dags/tutorial_dag.py took 0.034 seconds
[2025-03-17T23:30:50.958+0000] {processor.py:186} INFO - Started process (PID=5554) to work on /home/airflow/.local/lib/python3.12/site-packages/airflow/example_dags/tutorial_dag.py
[2025-03-17T23:30:50.959+0000] {processor.py:914} INFO - Processing file /home/airflow/.local/lib/python3.12/site-packages/airflow/example_dags/tutorial_dag.py for tasks to queue
[2025-03-17T23:30:50.960+0000] {logging_mixin.py:190} INFO - [2025-03-17T23:30:50.960+0000] {dagbag.py:588} INFO - Filling up the DagBag from /home/airflow/.local/lib/python3.12/site-packages/airflow/example_dags/tutorial_dag.py
[2025-03-17T23:30:50.964+0000] {processor.py:925} INFO - DAG(s) 'tutorial_dag' retrieved from /home/airflow/.local/lib/python3.12/site-packages/airflow/example_dags/tutorial_dag.py
[2025-03-17T23:30:50.974+0000] {logging_mixin.py:190} INFO - [2025-03-17T23:30:50.974+0000] {dag.py:3239} INFO - Sync 1 DAGs
[2025-03-17T23:30:50.983+0000] {logging_mixin.py:190} INFO - [2025-03-17T23:30:50.983+0000] {dag.py:4180} INFO - Setting next_dagrun for tutorial_dag to None, run_after=None
[2025-03-17T23:30:50.994+0000] {processor.py:208} INFO - Processing /home/airflow/.local/lib/python3.12/site-packages/airflow/example_dags/tutorial_dag.py took 0.038 seconds
[2025-03-17T23:31:21.509+0000] {processor.py:186} INFO - Started process (PID=5845) to work on /home/airflow/.local/lib/python3.12/site-packages/airflow/example_dags/tutorial_dag.py
[2025-03-17T23:31:21.512+0000] {processor.py:914} INFO - Processing file /home/airflow/.local/lib/python3.12/site-packages/airflow/example_dags/tutorial_dag.py for tasks to queue
[2025-03-17T23:31:21.513+0000] {logging_mixin.py:190} INFO - [2025-03-17T23:31:21.513+0000] {dagbag.py:588} INFO - Filling up the DagBag from /home/airflow/.local/lib/python3.12/site-packages/airflow/example_dags/tutorial_dag.py
[2025-03-17T23:31:21.516+0000] {processor.py:925} INFO - DAG(s) 'tutorial_dag' retrieved from /home/airflow/.local/lib/python3.12/site-packages/airflow/example_dags/tutorial_dag.py
[2025-03-17T23:31:21.526+0000] {logging_mixin.py:190} INFO - [2025-03-17T23:31:21.526+0000] {dag.py:3239} INFO - Sync 1 DAGs
[2025-03-17T23:31:21.533+0000] {logging_mixin.py:190} INFO - [2025-03-17T23:31:21.533+0000] {dag.py:4180} INFO - Setting next_dagrun for tutorial_dag to None, run_after=None
[2025-03-17T23:31:21.543+0000] {processor.py:208} INFO - Processing /home/airflow/.local/lib/python3.12/site-packages/airflow/example_dags/tutorial_dag.py took 0.036 seconds
[2025-03-17T23:31:52.041+0000] {processor.py:186} INFO - Started process (PID=6136) to work on /home/airflow/.local/lib/python3.12/site-packages/airflow/example_dags/tutorial_dag.py
[2025-03-17T23:31:52.042+0000] {processor.py:914} INFO - Processing file /home/airflow/.local/lib/python3.12/site-packages/airflow/example_dags/tutorial_dag.py for tasks to queue
[2025-03-17T23:31:52.044+0000] {logging_mixin.py:190} INFO - [2025-03-17T23:31:52.043+0000] {dagbag.py:588} INFO - Filling up the DagBag from /home/airflow/.local/lib/python3.12/site-packages/airflow/example_dags/tutorial_dag.py
[2025-03-17T23:31:52.047+0000] {processor.py:925} INFO - DAG(s) 'tutorial_dag' retrieved from /home/airflow/.local/lib/python3.12/site-packages/airflow/example_dags/tutorial_dag.py
[2025-03-17T23:31:52.058+0000] {logging_mixin.py:190} INFO - [2025-03-17T23:31:52.058+0000] {dag.py:3239} INFO - Sync 1 DAGs
[2025-03-17T23:31:52.065+0000] {logging_mixin.py:190} INFO - [2025-03-17T23:31:52.065+0000] {dag.py:4180} INFO - Setting next_dagrun for tutorial_dag to None, run_after=None
[2025-03-17T23:31:52.072+0000] {processor.py:208} INFO - Processing /home/airflow/.local/lib/python3.12/site-packages/airflow/example_dags/tutorial_dag.py took 0.034 seconds
[2025-03-17T23:32:22.599+0000] {processor.py:186} INFO - Started process (PID=6427) to work on /home/airflow/.local/lib/python3.12/site-packages/airflow/example_dags/tutorial_dag.py
[2025-03-17T23:32:22.600+0000] {processor.py:914} INFO - Processing file /home/airflow/.local/lib/python3.12/site-packages/airflow/example_dags/tutorial_dag.py for tasks to queue
[2025-03-17T23:32:22.601+0000] {logging_mixin.py:190} INFO - [2025-03-17T23:32:22.601+0000] {dagbag.py:588} INFO - Filling up the DagBag from /home/airflow/.local/lib/python3.12/site-packages/airflow/example_dags/tutorial_dag.py
[2025-03-17T23:32:22.605+0000] {processor.py:925} INFO - DAG(s) 'tutorial_dag' retrieved from /home/airflow/.local/lib/python3.12/site-packages/airflow/example_dags/tutorial_dag.py
[2025-03-17T23:32:22.616+0000] {logging_mixin.py:190} INFO - [2025-03-17T23:32:22.616+0000] {dag.py:3239} INFO - Sync 1 DAGs
[2025-03-17T23:32:22.622+0000] {logging_mixin.py:190} INFO - [2025-03-17T23:32:22.622+0000] {dag.py:4180} INFO - Setting next_dagrun for tutorial_dag to None, run_after=None
[2025-03-17T23:32:22.630+0000] {processor.py:208} INFO - Processing /home/airflow/.local/lib/python3.12/site-packages/airflow/example_dags/tutorial_dag.py took 0.034 seconds
[2025-03-17T23:32:53.282+0000] {processor.py:186} INFO - Started process (PID=6718) to work on /home/airflow/.local/lib/python3.12/site-packages/airflow/example_dags/tutorial_dag.py
[2025-03-17T23:32:53.283+0000] {processor.py:914} INFO - Processing file /home/airflow/.local/lib/python3.12/site-packages/airflow/example_dags/tutorial_dag.py for tasks to queue
[2025-03-17T23:32:53.284+0000] {logging_mixin.py:190} INFO - [2025-03-17T23:32:53.284+0000] {dagbag.py:588} INFO - Filling up the DagBag from /home/airflow/.local/lib/python3.12/site-packages/airflow/example_dags/tutorial_dag.py
[2025-03-17T23:32:53.288+0000] {processor.py:925} INFO - DAG(s) 'tutorial_dag' retrieved from /home/airflow/.local/lib/python3.12/site-packages/airflow/example_dags/tutorial_dag.py
[2025-03-17T23:32:53.297+0000] {logging_mixin.py:190} INFO - [2025-03-17T23:32:53.297+0000] {dag.py:3239} INFO - Sync 1 DAGs
[2025-03-17T23:32:53.304+0000] {logging_mixin.py:190} INFO - [2025-03-17T23:32:53.304+0000] {dag.py:4180} INFO - Setting next_dagrun for tutorial_dag to None, run_after=None
[2025-03-17T23:32:53.312+0000] {processor.py:208} INFO - Processing /home/airflow/.local/lib/python3.12/site-packages/airflow/example_dags/tutorial_dag.py took 0.033 seconds
[2025-03-17T23:33:23.938+0000] {processor.py:186} INFO - Started process (PID=7009) to work on /home/airflow/.local/lib/python3.12/site-packages/airflow/example_dags/tutorial_dag.py
[2025-03-17T23:33:23.939+0000] {processor.py:914} INFO - Processing file /home/airflow/.local/lib/python3.12/site-packages/airflow/example_dags/tutorial_dag.py for tasks to queue
[2025-03-17T23:33:23.940+0000] {logging_mixin.py:190} INFO - [2025-03-17T23:33:23.940+0000] {dagbag.py:588} INFO - Filling up the DagBag from /home/airflow/.local/lib/python3.12/site-packages/airflow/example_dags/tutorial_dag.py
[2025-03-17T23:33:23.944+0000] {processor.py:925} INFO - DAG(s) 'tutorial_dag' retrieved from /home/airflow/.local/lib/python3.12/site-packages/airflow/example_dags/tutorial_dag.py
[2025-03-17T23:33:23.955+0000] {logging_mixin.py:190} INFO - [2025-03-17T23:33:23.955+0000] {dag.py:3239} INFO - Sync 1 DAGs
[2025-03-17T23:33:23.963+0000] {logging_mixin.py:190} INFO - [2025-03-17T23:33:23.963+0000] {dag.py:4180} INFO - Setting next_dagrun for tutorial_dag to None, run_after=None
[2025-03-17T23:33:23.974+0000] {processor.py:208} INFO - Processing /home/airflow/.local/lib/python3.12/site-packages/airflow/example_dags/tutorial_dag.py took 0.039 seconds
[2025-03-17T23:33:54.914+0000] {processor.py:186} INFO - Started process (PID=7300) to work on /home/airflow/.local/lib/python3.12/site-packages/airflow/example_dags/tutorial_dag.py
[2025-03-17T23:33:54.915+0000] {processor.py:914} INFO - Processing file /home/airflow/.local/lib/python3.12/site-packages/airflow/example_dags/tutorial_dag.py for tasks to queue
[2025-03-17T23:33:54.916+0000] {logging_mixin.py:190} INFO - [2025-03-17T23:33:54.916+0000] {dagbag.py:588} INFO - Filling up the DagBag from /home/airflow/.local/lib/python3.12/site-packages/airflow/example_dags/tutorial_dag.py
[2025-03-17T23:33:54.920+0000] {processor.py:925} INFO - DAG(s) 'tutorial_dag' retrieved from /home/airflow/.local/lib/python3.12/site-packages/airflow/example_dags/tutorial_dag.py
[2025-03-17T23:33:54.932+0000] {logging_mixin.py:190} INFO - [2025-03-17T23:33:54.932+0000] {dag.py:3239} INFO - Sync 1 DAGs
[2025-03-17T23:33:54.940+0000] {logging_mixin.py:190} INFO - [2025-03-17T23:33:54.940+0000] {dag.py:4180} INFO - Setting next_dagrun for tutorial_dag to None, run_after=None
[2025-03-17T23:33:54.954+0000] {processor.py:208} INFO - Processing /home/airflow/.local/lib/python3.12/site-packages/airflow/example_dags/tutorial_dag.py took 0.043 seconds
[2025-03-17T23:34:25.811+0000] {processor.py:186} INFO - Started process (PID=7591) to work on /home/airflow/.local/lib/python3.12/site-packages/airflow/example_dags/tutorial_dag.py
[2025-03-17T23:34:25.812+0000] {processor.py:914} INFO - Processing file /home/airflow/.local/lib/python3.12/site-packages/airflow/example_dags/tutorial_dag.py for tasks to queue
[2025-03-17T23:34:25.813+0000] {logging_mixin.py:190} INFO - [2025-03-17T23:34:25.813+0000] {dagbag.py:588} INFO - Filling up the DagBag from /home/airflow/.local/lib/python3.12/site-packages/airflow/example_dags/tutorial_dag.py
[2025-03-17T23:34:25.818+0000] {processor.py:925} INFO - DAG(s) 'tutorial_dag' retrieved from /home/airflow/.local/lib/python3.12/site-packages/airflow/example_dags/tutorial_dag.py
[2025-03-17T23:34:25.828+0000] {logging_mixin.py:190} INFO - [2025-03-17T23:34:25.828+0000] {dag.py:3239} INFO - Sync 1 DAGs
[2025-03-17T23:34:25.835+0000] {logging_mixin.py:190} INFO - [2025-03-17T23:34:25.835+0000] {dag.py:4180} INFO - Setting next_dagrun for tutorial_dag to None, run_after=None
[2025-03-17T23:34:25.845+0000] {processor.py:208} INFO - Processing /home/airflow/.local/lib/python3.12/site-packages/airflow/example_dags/tutorial_dag.py took 0.038 seconds
[2025-03-17T23:34:57.080+0000] {processor.py:186} INFO - Started process (PID=7921) to work on /home/airflow/.local/lib/python3.12/site-packages/airflow/example_dags/tutorial_dag.py
[2025-03-17T23:34:57.081+0000] {processor.py:914} INFO - Processing file /home/airflow/.local/lib/python3.12/site-packages/airflow/example_dags/tutorial_dag.py for tasks to queue
[2025-03-17T23:34:57.082+0000] {logging_mixin.py:190} INFO - [2025-03-17T23:34:57.082+0000] {dagbag.py:588} INFO - Filling up the DagBag from /home/airflow/.local/lib/python3.12/site-packages/airflow/example_dags/tutorial_dag.py
[2025-03-17T23:34:57.086+0000] {processor.py:925} INFO - DAG(s) 'tutorial_dag' retrieved from /home/airflow/.local/lib/python3.12/site-packages/airflow/example_dags/tutorial_dag.py
[2025-03-17T23:34:57.097+0000] {logging_mixin.py:190} INFO - [2025-03-17T23:34:57.097+0000] {dag.py:3239} INFO - Sync 1 DAGs
[2025-03-17T23:34:57.105+0000] {logging_mixin.py:190} INFO - [2025-03-17T23:34:57.105+0000] {dag.py:4180} INFO - Setting next_dagrun for tutorial_dag to None, run_after=None
[2025-03-17T23:34:57.114+0000] {processor.py:208} INFO - Processing /home/airflow/.local/lib/python3.12/site-packages/airflow/example_dags/tutorial_dag.py took 0.038 seconds
[2025-03-17T23:35:27.927+0000] {processor.py:186} INFO - Started process (PID=8212) to work on /home/airflow/.local/lib/python3.12/site-packages/airflow/example_dags/tutorial_dag.py
[2025-03-17T23:35:27.928+0000] {processor.py:914} INFO - Processing file /home/airflow/.local/lib/python3.12/site-packages/airflow/example_dags/tutorial_dag.py for tasks to queue
[2025-03-17T23:35:27.931+0000] {logging_mixin.py:190} INFO - [2025-03-17T23:35:27.931+0000] {dagbag.py:588} INFO - Filling up the DagBag from /home/airflow/.local/lib/python3.12/site-packages/airflow/example_dags/tutorial_dag.py
[2025-03-17T23:35:27.935+0000] {processor.py:925} INFO - DAG(s) 'tutorial_dag' retrieved from /home/airflow/.local/lib/python3.12/site-packages/airflow/example_dags/tutorial_dag.py
[2025-03-17T23:35:27.945+0000] {logging_mixin.py:190} INFO - [2025-03-17T23:35:27.945+0000] {dag.py:3239} INFO - Sync 1 DAGs
[2025-03-17T23:35:27.951+0000] {logging_mixin.py:190} INFO - [2025-03-17T23:35:27.951+0000] {dag.py:4180} INFO - Setting next_dagrun for tutorial_dag to None, run_after=None
[2025-03-17T23:35:27.959+0000] {processor.py:208} INFO - Processing /home/airflow/.local/lib/python3.12/site-packages/airflow/example_dags/tutorial_dag.py took 0.035 seconds
[2025-03-17T23:35:58.944+0000] {processor.py:186} INFO - Started process (PID=8503) to work on /home/airflow/.local/lib/python3.12/site-packages/airflow/example_dags/tutorial_dag.py
[2025-03-17T23:35:58.945+0000] {processor.py:914} INFO - Processing file /home/airflow/.local/lib/python3.12/site-packages/airflow/example_dags/tutorial_dag.py for tasks to queue
[2025-03-17T23:35:58.948+0000] {logging_mixin.py:190} INFO - [2025-03-17T23:35:58.947+0000] {dagbag.py:588} INFO - Filling up the DagBag from /home/airflow/.local/lib/python3.12/site-packages/airflow/example_dags/tutorial_dag.py
[2025-03-17T23:35:58.955+0000] {processor.py:925} INFO - DAG(s) 'tutorial_dag' retrieved from /home/airflow/.local/lib/python3.12/site-packages/airflow/example_dags/tutorial_dag.py
[2025-03-17T23:35:58.968+0000] {logging_mixin.py:190} INFO - [2025-03-17T23:35:58.968+0000] {dag.py:3239} INFO - Sync 1 DAGs
[2025-03-17T23:35:58.981+0000] {logging_mixin.py:190} INFO - [2025-03-17T23:35:58.981+0000] {dag.py:4180} INFO - Setting next_dagrun for tutorial_dag to None, run_after=None
[2025-03-17T23:35:58.993+0000] {processor.py:208} INFO - Processing /home/airflow/.local/lib/python3.12/site-packages/airflow/example_dags/tutorial_dag.py took 0.054 seconds
[2025-03-17T23:36:30.388+0000] {processor.py:186} INFO - Started process (PID=8794) to work on /home/airflow/.local/lib/python3.12/site-packages/airflow/example_dags/tutorial_dag.py
[2025-03-17T23:36:30.388+0000] {processor.py:914} INFO - Processing file /home/airflow/.local/lib/python3.12/site-packages/airflow/example_dags/tutorial_dag.py for tasks to queue
[2025-03-17T23:36:30.390+0000] {logging_mixin.py:190} INFO - [2025-03-17T23:36:30.389+0000] {dagbag.py:588} INFO - Filling up the DagBag from /home/airflow/.local/lib/python3.12/site-packages/airflow/example_dags/tutorial_dag.py
[2025-03-17T23:36:30.393+0000] {processor.py:925} INFO - DAG(s) 'tutorial_dag' retrieved from /home/airflow/.local/lib/python3.12/site-packages/airflow/example_dags/tutorial_dag.py
[2025-03-17T23:36:30.404+0000] {logging_mixin.py:190} INFO - [2025-03-17T23:36:30.404+0000] {dag.py:3239} INFO - Sync 1 DAGs
[2025-03-17T23:36:30.411+0000] {logging_mixin.py:190} INFO - [2025-03-17T23:36:30.411+0000] {dag.py:4180} INFO - Setting next_dagrun for tutorial_dag to None, run_after=None
[2025-03-17T23:36:30.419+0000] {processor.py:208} INFO - Processing /home/airflow/.local/lib/python3.12/site-packages/airflow/example_dags/tutorial_dag.py took 0.034 seconds
[2025-03-17T23:37:01.797+0000] {processor.py:186} INFO - Started process (PID=9085) to work on /home/airflow/.local/lib/python3.12/site-packages/airflow/example_dags/tutorial_dag.py
[2025-03-17T23:37:01.798+0000] {processor.py:914} INFO - Processing file /home/airflow/.local/lib/python3.12/site-packages/airflow/example_dags/tutorial_dag.py for tasks to queue
[2025-03-17T23:37:01.799+0000] {logging_mixin.py:190} INFO - [2025-03-17T23:37:01.799+0000] {dagbag.py:588} INFO - Filling up the DagBag from /home/airflow/.local/lib/python3.12/site-packages/airflow/example_dags/tutorial_dag.py
[2025-03-17T23:37:01.803+0000] {processor.py:925} INFO - DAG(s) 'tutorial_dag' retrieved from /home/airflow/.local/lib/python3.12/site-packages/airflow/example_dags/tutorial_dag.py
[2025-03-17T23:37:01.812+0000] {logging_mixin.py:190} INFO - [2025-03-17T23:37:01.812+0000] {dag.py:3239} INFO - Sync 1 DAGs
[2025-03-17T23:37:01.819+0000] {logging_mixin.py:190} INFO - [2025-03-17T23:37:01.819+0000] {dag.py:4180} INFO - Setting next_dagrun for tutorial_dag to None, run_after=None
[2025-03-17T23:37:01.831+0000] {processor.py:208} INFO - Processing /home/airflow/.local/lib/python3.12/site-packages/airflow/example_dags/tutorial_dag.py took 0.037 seconds
[2025-03-17T23:37:33.384+0000] {processor.py:186} INFO - Started process (PID=9382) to work on /home/airflow/.local/lib/python3.12/site-packages/airflow/example_dags/tutorial_dag.py
[2025-03-17T23:37:33.385+0000] {processor.py:914} INFO - Processing file /home/airflow/.local/lib/python3.12/site-packages/airflow/example_dags/tutorial_dag.py for tasks to queue
[2025-03-17T23:37:33.387+0000] {logging_mixin.py:190} INFO - [2025-03-17T23:37:33.386+0000] {dagbag.py:588} INFO - Filling up the DagBag from /home/airflow/.local/lib/python3.12/site-packages/airflow/example_dags/tutorial_dag.py
[2025-03-17T23:37:33.391+0000] {processor.py:925} INFO - DAG(s) 'tutorial_dag' retrieved from /home/airflow/.local/lib/python3.12/site-packages/airflow/example_dags/tutorial_dag.py
[2025-03-17T23:37:33.401+0000] {logging_mixin.py:190} INFO - [2025-03-17T23:37:33.401+0000] {dag.py:3239} INFO - Sync 1 DAGs
[2025-03-17T23:37:33.409+0000] {logging_mixin.py:190} INFO - [2025-03-17T23:37:33.408+0000] {dag.py:4180} INFO - Setting next_dagrun for tutorial_dag to None, run_after=None
[2025-03-17T23:37:33.421+0000] {processor.py:208} INFO - Processing /home/airflow/.local/lib/python3.12/site-packages/airflow/example_dags/tutorial_dag.py took 0.041 seconds
