[2025-03-17T23:21:35.317+0000] {processor.py:186} INFO - Started process (PID=327) to work on /home/airflow/.local/lib/python3.12/site-packages/airflow/example_dags/tutorial.py
[2025-03-17T23:21:35.318+0000] {processor.py:914} INFO - Processing file /home/airflow/.local/lib/python3.12/site-packages/airflow/example_dags/tutorial.py for tasks to queue
[2025-03-17T23:21:35.319+0000] {logging_mixin.py:190} INFO - [2025-03-17T23:21:35.319+0000] {dagbag.py:588} INFO - Filling up the DagBag from /home/airflow/.local/lib/python3.12/site-packages/airflow/example_dags/tutorial.py
[2025-03-17T23:21:35.324+0000] {processor.py:925} INFO - DAG(s) 'tutorial' retrieved from /home/airflow/.local/lib/python3.12/site-packages/airflow/example_dags/tutorial.py
[2025-03-17T23:21:35.413+0000] {logging_mixin.py:190} INFO - [2025-03-17T23:21:35.412+0000] {override.py:1912} INFO - Created Permission View: can edit on DAG:tutorial
[2025-03-17T23:21:35.418+0000] {logging_mixin.py:190} INFO - [2025-03-17T23:21:35.418+0000] {override.py:1912} INFO - Created Permission View: can read on DAG:tutorial
[2025-03-17T23:21:35.422+0000] {logging_mixin.py:190} INFO - [2025-03-17T23:21:35.422+0000] {override.py:1912} INFO - Created Permission View: can delete on DAG:tutorial
[2025-03-17T23:21:35.425+0000] {logging_mixin.py:190} INFO - [2025-03-17T23:21:35.425+0000] {override.py:1912} INFO - Created Permission View: can create on DAG Run:tutorial
[2025-03-17T23:21:35.428+0000] {logging_mixin.py:190} INFO - [2025-03-17T23:21:35.428+0000] {override.py:1912} INFO - Created Permission View: menu access on DAG Run:tutorial
[2025-03-17T23:21:35.431+0000] {logging_mixin.py:190} INFO - [2025-03-17T23:21:35.431+0000] {override.py:1912} INFO - Created Permission View: can read on DAG Run:tutorial
[2025-03-17T23:21:35.434+0000] {logging_mixin.py:190} INFO - [2025-03-17T23:21:35.433+0000] {override.py:1912} INFO - Created Permission View: can delete on DAG Run:tutorial
[2025-03-17T23:21:35.434+0000] {logging_mixin.py:190} INFO - [2025-03-17T23:21:35.434+0000] {dag.py:3239} INFO - Sync 1 DAGs
[2025-03-17T23:21:35.442+0000] {logging_mixin.py:190} INFO - [2025-03-17T23:21:35.442+0000] {dag.py:3262} INFO - Creating ORM DAG for tutorial
[2025-03-17T23:21:35.448+0000] {logging_mixin.py:190} INFO - [2025-03-17T23:21:35.448+0000] {dag.py:4180} INFO - Setting next_dagrun for tutorial to 2025-03-16 00:00:00+00:00, run_after=2025-03-17 00:00:00+00:00
[2025-03-17T23:21:35.456+0000] {processor.py:208} INFO - Processing /home/airflow/.local/lib/python3.12/site-packages/airflow/example_dags/tutorial.py took 0.141 seconds
[2025-03-17T23:22:06.257+0000] {processor.py:186} INFO - Started process (PID=618) to work on /home/airflow/.local/lib/python3.12/site-packages/airflow/example_dags/tutorial.py
[2025-03-17T23:22:06.257+0000] {processor.py:914} INFO - Processing file /home/airflow/.local/lib/python3.12/site-packages/airflow/example_dags/tutorial.py for tasks to queue
[2025-03-17T23:22:06.259+0000] {logging_mixin.py:190} INFO - [2025-03-17T23:22:06.259+0000] {dagbag.py:588} INFO - Filling up the DagBag from /home/airflow/.local/lib/python3.12/site-packages/airflow/example_dags/tutorial.py
[2025-03-17T23:22:06.264+0000] {processor.py:925} INFO - DAG(s) 'tutorial' retrieved from /home/airflow/.local/lib/python3.12/site-packages/airflow/example_dags/tutorial.py
[2025-03-17T23:22:06.276+0000] {logging_mixin.py:190} INFO - [2025-03-17T23:22:06.276+0000] {dag.py:3239} INFO - Sync 1 DAGs
[2025-03-17T23:22:06.290+0000] {logging_mixin.py:190} INFO - [2025-03-17T23:22:06.290+0000] {dag.py:4180} INFO - Setting next_dagrun for tutorial to 2025-03-16 00:00:00+00:00, run_after=2025-03-17 00:00:00+00:00
[2025-03-17T23:22:06.300+0000] {processor.py:208} INFO - Processing /home/airflow/.local/lib/python3.12/site-packages/airflow/example_dags/tutorial.py took 0.046 seconds
[2025-03-17T23:22:36.449+0000] {processor.py:186} INFO - Started process (PID=909) to work on /home/airflow/.local/lib/python3.12/site-packages/airflow/example_dags/tutorial.py
[2025-03-17T23:22:36.450+0000] {processor.py:914} INFO - Processing file /home/airflow/.local/lib/python3.12/site-packages/airflow/example_dags/tutorial.py for tasks to queue
[2025-03-17T23:22:36.453+0000] {logging_mixin.py:190} INFO - [2025-03-17T23:22:36.452+0000] {dagbag.py:588} INFO - Filling up the DagBag from /home/airflow/.local/lib/python3.12/site-packages/airflow/example_dags/tutorial.py
[2025-03-17T23:22:36.457+0000] {processor.py:925} INFO - DAG(s) 'tutorial' retrieved from /home/airflow/.local/lib/python3.12/site-packages/airflow/example_dags/tutorial.py
[2025-03-17T23:22:36.468+0000] {logging_mixin.py:190} INFO - [2025-03-17T23:22:36.468+0000] {dag.py:3239} INFO - Sync 1 DAGs
[2025-03-17T23:22:36.480+0000] {logging_mixin.py:190} INFO - [2025-03-17T23:22:36.480+0000] {dag.py:4180} INFO - Setting next_dagrun for tutorial to 2025-03-16 00:00:00+00:00, run_after=2025-03-17 00:00:00+00:00
[2025-03-17T23:22:36.489+0000] {processor.py:208} INFO - Processing /home/airflow/.local/lib/python3.12/site-packages/airflow/example_dags/tutorial.py took 0.043 seconds
[2025-03-17T23:23:07.285+0000] {processor.py:186} INFO - Started process (PID=1200) to work on /home/airflow/.local/lib/python3.12/site-packages/airflow/example_dags/tutorial.py
[2025-03-17T23:23:07.286+0000] {processor.py:914} INFO - Processing file /home/airflow/.local/lib/python3.12/site-packages/airflow/example_dags/tutorial.py for tasks to queue
[2025-03-17T23:23:07.287+0000] {logging_mixin.py:190} INFO - [2025-03-17T23:23:07.286+0000] {dagbag.py:588} INFO - Filling up the DagBag from /home/airflow/.local/lib/python3.12/site-packages/airflow/example_dags/tutorial.py
[2025-03-17T23:23:07.291+0000] {processor.py:925} INFO - DAG(s) 'tutorial' retrieved from /home/airflow/.local/lib/python3.12/site-packages/airflow/example_dags/tutorial.py
[2025-03-17T23:23:07.302+0000] {logging_mixin.py:190} INFO - [2025-03-17T23:23:07.302+0000] {dag.py:3239} INFO - Sync 1 DAGs
[2025-03-17T23:23:07.314+0000] {logging_mixin.py:190} INFO - [2025-03-17T23:23:07.314+0000] {dag.py:4180} INFO - Setting next_dagrun for tutorial to 2025-03-16 00:00:00+00:00, run_after=2025-03-17 00:00:00+00:00
[2025-03-17T23:23:07.322+0000] {processor.py:208} INFO - Processing /home/airflow/.local/lib/python3.12/site-packages/airflow/example_dags/tutorial.py took 0.039 seconds
[2025-03-17T23:23:38.445+0000] {processor.py:186} INFO - Started process (PID=1491) to work on /home/airflow/.local/lib/python3.12/site-packages/airflow/example_dags/tutorial.py
[2025-03-17T23:23:38.445+0000] {processor.py:914} INFO - Processing file /home/airflow/.local/lib/python3.12/site-packages/airflow/example_dags/tutorial.py for tasks to queue
[2025-03-17T23:23:38.446+0000] {logging_mixin.py:190} INFO - [2025-03-17T23:23:38.446+0000] {dagbag.py:588} INFO - Filling up the DagBag from /home/airflow/.local/lib/python3.12/site-packages/airflow/example_dags/tutorial.py
[2025-03-17T23:23:38.451+0000] {processor.py:925} INFO - DAG(s) 'tutorial' retrieved from /home/airflow/.local/lib/python3.12/site-packages/airflow/example_dags/tutorial.py
[2025-03-17T23:23:38.460+0000] {logging_mixin.py:190} INFO - [2025-03-17T23:23:38.460+0000] {dag.py:3239} INFO - Sync 1 DAGs
[2025-03-17T23:23:38.473+0000] {logging_mixin.py:190} INFO - [2025-03-17T23:23:38.473+0000] {dag.py:4180} INFO - Setting next_dagrun for tutorial to 2025-03-16 00:00:00+00:00, run_after=2025-03-17 00:00:00+00:00
[2025-03-17T23:23:38.484+0000] {processor.py:208} INFO - Processing /home/airflow/.local/lib/python3.12/site-packages/airflow/example_dags/tutorial.py took 0.043 seconds
[2025-03-17T23:24:09.444+0000] {processor.py:186} INFO - Started process (PID=1782) to work on /home/airflow/.local/lib/python3.12/site-packages/airflow/example_dags/tutorial.py
[2025-03-17T23:24:09.445+0000] {processor.py:914} INFO - Processing file /home/airflow/.local/lib/python3.12/site-packages/airflow/example_dags/tutorial.py for tasks to queue
[2025-03-17T23:24:09.446+0000] {logging_mixin.py:190} INFO - [2025-03-17T23:24:09.446+0000] {dagbag.py:588} INFO - Filling up the DagBag from /home/airflow/.local/lib/python3.12/site-packages/airflow/example_dags/tutorial.py
[2025-03-17T23:24:09.451+0000] {processor.py:925} INFO - DAG(s) 'tutorial' retrieved from /home/airflow/.local/lib/python3.12/site-packages/airflow/example_dags/tutorial.py
[2025-03-17T23:24:09.460+0000] {logging_mixin.py:190} INFO - [2025-03-17T23:24:09.460+0000] {dag.py:3239} INFO - Sync 1 DAGs
[2025-03-17T23:24:09.472+0000] {logging_mixin.py:190} INFO - [2025-03-17T23:24:09.472+0000] {dag.py:4180} INFO - Setting next_dagrun for tutorial to 2025-03-16 00:00:00+00:00, run_after=2025-03-17 00:00:00+00:00
[2025-03-17T23:24:09.484+0000] {processor.py:208} INFO - Processing /home/airflow/.local/lib/python3.12/site-packages/airflow/example_dags/tutorial.py took 0.043 seconds
[2025-03-17T23:24:40.695+0000] {processor.py:186} INFO - Started process (PID=2072) to work on /home/airflow/.local/lib/python3.12/site-packages/airflow/example_dags/tutorial.py
[2025-03-17T23:24:40.696+0000] {processor.py:914} INFO - Processing file /home/airflow/.local/lib/python3.12/site-packages/airflow/example_dags/tutorial.py for tasks to queue
[2025-03-17T23:24:40.698+0000] {logging_mixin.py:190} INFO - [2025-03-17T23:24:40.698+0000] {dagbag.py:588} INFO - Filling up the DagBag from /home/airflow/.local/lib/python3.12/site-packages/airflow/example_dags/tutorial.py
[2025-03-17T23:24:40.705+0000] {processor.py:925} INFO - DAG(s) 'tutorial' retrieved from /home/airflow/.local/lib/python3.12/site-packages/airflow/example_dags/tutorial.py
[2025-03-17T23:24:40.718+0000] {logging_mixin.py:190} INFO - [2025-03-17T23:24:40.718+0000] {dag.py:3239} INFO - Sync 1 DAGs
[2025-03-17T23:24:40.739+0000] {logging_mixin.py:190} INFO - [2025-03-17T23:24:40.739+0000] {dag.py:4180} INFO - Setting next_dagrun for tutorial to 2025-03-16 00:00:00+00:00, run_after=2025-03-17 00:00:00+00:00
[2025-03-17T23:24:40.760+0000] {processor.py:208} INFO - Processing /home/airflow/.local/lib/python3.12/site-packages/airflow/example_dags/tutorial.py took 0.067 seconds
[2025-03-17T23:25:11.903+0000] {processor.py:186} INFO - Started process (PID=2363) to work on /home/airflow/.local/lib/python3.12/site-packages/airflow/example_dags/tutorial.py
[2025-03-17T23:25:11.904+0000] {processor.py:914} INFO - Processing file /home/airflow/.local/lib/python3.12/site-packages/airflow/example_dags/tutorial.py for tasks to queue
[2025-03-17T23:25:11.905+0000] {logging_mixin.py:190} INFO - [2025-03-17T23:25:11.905+0000] {dagbag.py:588} INFO - Filling up the DagBag from /home/airflow/.local/lib/python3.12/site-packages/airflow/example_dags/tutorial.py
[2025-03-17T23:25:11.909+0000] {processor.py:925} INFO - DAG(s) 'tutorial' retrieved from /home/airflow/.local/lib/python3.12/site-packages/airflow/example_dags/tutorial.py
[2025-03-17T23:25:11.919+0000] {logging_mixin.py:190} INFO - [2025-03-17T23:25:11.919+0000] {dag.py:3239} INFO - Sync 1 DAGs
[2025-03-17T23:25:11.933+0000] {logging_mixin.py:190} INFO - [2025-03-17T23:25:11.933+0000] {dag.py:4180} INFO - Setting next_dagrun for tutorial to 2025-03-16 00:00:00+00:00, run_after=2025-03-17 00:00:00+00:00
[2025-03-17T23:25:11.941+0000] {processor.py:208} INFO - Processing /home/airflow/.local/lib/python3.12/site-packages/airflow/example_dags/tutorial.py took 0.040 seconds
[2025-03-17T23:25:43.343+0000] {processor.py:186} INFO - Started process (PID=2654) to work on /home/airflow/.local/lib/python3.12/site-packages/airflow/example_dags/tutorial.py
[2025-03-17T23:25:43.344+0000] {processor.py:914} INFO - Processing file /home/airflow/.local/lib/python3.12/site-packages/airflow/example_dags/tutorial.py for tasks to queue
[2025-03-17T23:25:43.345+0000] {logging_mixin.py:190} INFO - [2025-03-17T23:25:43.345+0000] {dagbag.py:588} INFO - Filling up the DagBag from /home/airflow/.local/lib/python3.12/site-packages/airflow/example_dags/tutorial.py
[2025-03-17T23:25:43.350+0000] {processor.py:925} INFO - DAG(s) 'tutorial' retrieved from /home/airflow/.local/lib/python3.12/site-packages/airflow/example_dags/tutorial.py
[2025-03-17T23:25:43.365+0000] {logging_mixin.py:190} INFO - [2025-03-17T23:25:43.364+0000] {dag.py:3239} INFO - Sync 1 DAGs
[2025-03-17T23:25:43.376+0000] {logging_mixin.py:190} INFO - [2025-03-17T23:25:43.376+0000] {dag.py:4180} INFO - Setting next_dagrun for tutorial to 2025-03-16 00:00:00+00:00, run_after=2025-03-17 00:00:00+00:00
[2025-03-17T23:25:43.384+0000] {processor.py:208} INFO - Processing /home/airflow/.local/lib/python3.12/site-packages/airflow/example_dags/tutorial.py took 0.043 seconds
[2025-03-17T23:26:14.348+0000] {processor.py:186} INFO - Started process (PID=2945) to work on /home/airflow/.local/lib/python3.12/site-packages/airflow/example_dags/tutorial.py
[2025-03-17T23:26:14.348+0000] {processor.py:914} INFO - Processing file /home/airflow/.local/lib/python3.12/site-packages/airflow/example_dags/tutorial.py for tasks to queue
[2025-03-17T23:26:14.350+0000] {logging_mixin.py:190} INFO - [2025-03-17T23:26:14.349+0000] {dagbag.py:588} INFO - Filling up the DagBag from /home/airflow/.local/lib/python3.12/site-packages/airflow/example_dags/tutorial.py
[2025-03-17T23:26:14.354+0000] {processor.py:925} INFO - DAG(s) 'tutorial' retrieved from /home/airflow/.local/lib/python3.12/site-packages/airflow/example_dags/tutorial.py
[2025-03-17T23:26:14.365+0000] {logging_mixin.py:190} INFO - [2025-03-17T23:26:14.365+0000] {dag.py:3239} INFO - Sync 1 DAGs
[2025-03-17T23:26:14.380+0000] {logging_mixin.py:190} INFO - [2025-03-17T23:26:14.380+0000] {dag.py:4180} INFO - Setting next_dagrun for tutorial to 2025-03-16 00:00:00+00:00, run_after=2025-03-17 00:00:00+00:00
[2025-03-17T23:26:14.387+0000] {processor.py:208} INFO - Processing /home/airflow/.local/lib/python3.12/site-packages/airflow/example_dags/tutorial.py took 0.042 seconds
[2025-03-17T23:26:45.189+0000] {processor.py:186} INFO - Started process (PID=3236) to work on /home/airflow/.local/lib/python3.12/site-packages/airflow/example_dags/tutorial.py
[2025-03-17T23:26:45.190+0000] {processor.py:914} INFO - Processing file /home/airflow/.local/lib/python3.12/site-packages/airflow/example_dags/tutorial.py for tasks to queue
[2025-03-17T23:26:45.191+0000] {logging_mixin.py:190} INFO - [2025-03-17T23:26:45.191+0000] {dagbag.py:588} INFO - Filling up the DagBag from /home/airflow/.local/lib/python3.12/site-packages/airflow/example_dags/tutorial.py
[2025-03-17T23:26:45.195+0000] {processor.py:925} INFO - DAG(s) 'tutorial' retrieved from /home/airflow/.local/lib/python3.12/site-packages/airflow/example_dags/tutorial.py
[2025-03-17T23:26:45.208+0000] {logging_mixin.py:190} INFO - [2025-03-17T23:26:45.208+0000] {dag.py:3239} INFO - Sync 1 DAGs
[2025-03-17T23:26:45.220+0000] {logging_mixin.py:190} INFO - [2025-03-17T23:26:45.219+0000] {dag.py:4180} INFO - Setting next_dagrun for tutorial to 2025-03-16 00:00:00+00:00, run_after=2025-03-17 00:00:00+00:00
[2025-03-17T23:26:45.228+0000] {processor.py:208} INFO - Processing /home/airflow/.local/lib/python3.12/site-packages/airflow/example_dags/tutorial.py took 0.042 seconds
[2025-03-17T23:27:16.201+0000] {processor.py:186} INFO - Started process (PID=3527) to work on /home/airflow/.local/lib/python3.12/site-packages/airflow/example_dags/tutorial.py
[2025-03-17T23:27:16.202+0000] {processor.py:914} INFO - Processing file /home/airflow/.local/lib/python3.12/site-packages/airflow/example_dags/tutorial.py for tasks to queue
[2025-03-17T23:27:16.203+0000] {logging_mixin.py:190} INFO - [2025-03-17T23:27:16.203+0000] {dagbag.py:588} INFO - Filling up the DagBag from /home/airflow/.local/lib/python3.12/site-packages/airflow/example_dags/tutorial.py
[2025-03-17T23:27:16.207+0000] {processor.py:925} INFO - DAG(s) 'tutorial' retrieved from /home/airflow/.local/lib/python3.12/site-packages/airflow/example_dags/tutorial.py
[2025-03-17T23:27:16.216+0000] {logging_mixin.py:190} INFO - [2025-03-17T23:27:16.216+0000] {dag.py:3239} INFO - Sync 1 DAGs
[2025-03-17T23:27:16.228+0000] {logging_mixin.py:190} INFO - [2025-03-17T23:27:16.228+0000] {dag.py:4180} INFO - Setting next_dagrun for tutorial to 2025-03-16 00:00:00+00:00, run_after=2025-03-17 00:00:00+00:00
[2025-03-17T23:27:16.239+0000] {processor.py:208} INFO - Processing /home/airflow/.local/lib/python3.12/site-packages/airflow/example_dags/tutorial.py took 0.041 seconds
[2025-03-17T23:27:47.221+0000] {processor.py:186} INFO - Started process (PID=3818) to work on /home/airflow/.local/lib/python3.12/site-packages/airflow/example_dags/tutorial.py
[2025-03-17T23:27:47.222+0000] {processor.py:914} INFO - Processing file /home/airflow/.local/lib/python3.12/site-packages/airflow/example_dags/tutorial.py for tasks to queue
[2025-03-17T23:27:47.223+0000] {logging_mixin.py:190} INFO - [2025-03-17T23:27:47.223+0000] {dagbag.py:588} INFO - Filling up the DagBag from /home/airflow/.local/lib/python3.12/site-packages/airflow/example_dags/tutorial.py
[2025-03-17T23:27:47.228+0000] {processor.py:925} INFO - DAG(s) 'tutorial' retrieved from /home/airflow/.local/lib/python3.12/site-packages/airflow/example_dags/tutorial.py
[2025-03-17T23:27:47.240+0000] {logging_mixin.py:190} INFO - [2025-03-17T23:27:47.239+0000] {dag.py:3239} INFO - Sync 1 DAGs
[2025-03-17T23:27:47.261+0000] {logging_mixin.py:190} INFO - [2025-03-17T23:27:47.261+0000] {dag.py:4180} INFO - Setting next_dagrun for tutorial to 2025-03-16 00:00:00+00:00, run_after=2025-03-17 00:00:00+00:00
[2025-03-17T23:27:47.284+0000] {processor.py:208} INFO - Processing /home/airflow/.local/lib/python3.12/site-packages/airflow/example_dags/tutorial.py took 0.067 seconds
[2025-03-17T23:28:17.806+0000] {processor.py:186} INFO - Started process (PID=4109) to work on /home/airflow/.local/lib/python3.12/site-packages/airflow/example_dags/tutorial.py
[2025-03-17T23:28:17.807+0000] {processor.py:914} INFO - Processing file /home/airflow/.local/lib/python3.12/site-packages/airflow/example_dags/tutorial.py for tasks to queue
[2025-03-17T23:28:17.808+0000] {logging_mixin.py:190} INFO - [2025-03-17T23:28:17.808+0000] {dagbag.py:588} INFO - Filling up the DagBag from /home/airflow/.local/lib/python3.12/site-packages/airflow/example_dags/tutorial.py
[2025-03-17T23:28:17.812+0000] {processor.py:925} INFO - DAG(s) 'tutorial' retrieved from /home/airflow/.local/lib/python3.12/site-packages/airflow/example_dags/tutorial.py
[2025-03-17T23:28:17.823+0000] {logging_mixin.py:190} INFO - [2025-03-17T23:28:17.823+0000] {dag.py:3239} INFO - Sync 1 DAGs
[2025-03-17T23:28:17.834+0000] {logging_mixin.py:190} INFO - [2025-03-17T23:28:17.834+0000] {dag.py:4180} INFO - Setting next_dagrun for tutorial to 2025-03-16 00:00:00+00:00, run_after=2025-03-17 00:00:00+00:00
[2025-03-17T23:28:17.849+0000] {processor.py:208} INFO - Processing /home/airflow/.local/lib/python3.12/site-packages/airflow/example_dags/tutorial.py took 0.045 seconds
[2025-03-17T23:28:48.605+0000] {processor.py:186} INFO - Started process (PID=4400) to work on /home/airflow/.local/lib/python3.12/site-packages/airflow/example_dags/tutorial.py
[2025-03-17T23:28:48.605+0000] {processor.py:914} INFO - Processing file /home/airflow/.local/lib/python3.12/site-packages/airflow/example_dags/tutorial.py for tasks to queue
[2025-03-17T23:28:48.607+0000] {logging_mixin.py:190} INFO - [2025-03-17T23:28:48.607+0000] {dagbag.py:588} INFO - Filling up the DagBag from /home/airflow/.local/lib/python3.12/site-packages/airflow/example_dags/tutorial.py
[2025-03-17T23:28:48.611+0000] {processor.py:925} INFO - DAG(s) 'tutorial' retrieved from /home/airflow/.local/lib/python3.12/site-packages/airflow/example_dags/tutorial.py
[2025-03-17T23:28:48.622+0000] {logging_mixin.py:190} INFO - [2025-03-17T23:28:48.622+0000] {dag.py:3239} INFO - Sync 1 DAGs
[2025-03-17T23:28:48.633+0000] {logging_mixin.py:190} INFO - [2025-03-17T23:28:48.633+0000] {dag.py:4180} INFO - Setting next_dagrun for tutorial to 2025-03-16 00:00:00+00:00, run_after=2025-03-17 00:00:00+00:00
[2025-03-17T23:28:48.642+0000] {processor.py:208} INFO - Processing /home/airflow/.local/lib/python3.12/site-packages/airflow/example_dags/tutorial.py took 0.040 seconds
[2025-03-17T23:29:19.244+0000] {processor.py:186} INFO - Started process (PID=4691) to work on /home/airflow/.local/lib/python3.12/site-packages/airflow/example_dags/tutorial.py
[2025-03-17T23:29:19.247+0000] {processor.py:914} INFO - Processing file /home/airflow/.local/lib/python3.12/site-packages/airflow/example_dags/tutorial.py for tasks to queue
[2025-03-17T23:29:19.249+0000] {logging_mixin.py:190} INFO - [2025-03-17T23:29:19.249+0000] {dagbag.py:588} INFO - Filling up the DagBag from /home/airflow/.local/lib/python3.12/site-packages/airflow/example_dags/tutorial.py
[2025-03-17T23:29:19.254+0000] {processor.py:925} INFO - DAG(s) 'tutorial' retrieved from /home/airflow/.local/lib/python3.12/site-packages/airflow/example_dags/tutorial.py
[2025-03-17T23:29:19.264+0000] {logging_mixin.py:190} INFO - [2025-03-17T23:29:19.263+0000] {dag.py:3239} INFO - Sync 1 DAGs
[2025-03-17T23:29:19.274+0000] {logging_mixin.py:190} INFO - [2025-03-17T23:29:19.274+0000] {dag.py:4180} INFO - Setting next_dagrun for tutorial to 2025-03-16 00:00:00+00:00, run_after=2025-03-17 00:00:00+00:00
[2025-03-17T23:29:19.282+0000] {processor.py:208} INFO - Processing /home/airflow/.local/lib/python3.12/site-packages/airflow/example_dags/tutorial.py took 0.041 seconds
[2025-03-17T23:29:49.794+0000] {processor.py:186} INFO - Started process (PID=4982) to work on /home/airflow/.local/lib/python3.12/site-packages/airflow/example_dags/tutorial.py
[2025-03-17T23:29:49.796+0000] {processor.py:914} INFO - Processing file /home/airflow/.local/lib/python3.12/site-packages/airflow/example_dags/tutorial.py for tasks to queue
[2025-03-17T23:29:49.797+0000] {logging_mixin.py:190} INFO - [2025-03-17T23:29:49.797+0000] {dagbag.py:588} INFO - Filling up the DagBag from /home/airflow/.local/lib/python3.12/site-packages/airflow/example_dags/tutorial.py
[2025-03-17T23:29:49.802+0000] {processor.py:925} INFO - DAG(s) 'tutorial' retrieved from /home/airflow/.local/lib/python3.12/site-packages/airflow/example_dags/tutorial.py
[2025-03-17T23:29:49.811+0000] {logging_mixin.py:190} INFO - [2025-03-17T23:29:49.811+0000] {dag.py:3239} INFO - Sync 1 DAGs
[2025-03-17T23:29:49.823+0000] {logging_mixin.py:190} INFO - [2025-03-17T23:29:49.823+0000] {dag.py:4180} INFO - Setting next_dagrun for tutorial to 2025-03-16 00:00:00+00:00, run_after=2025-03-17 00:00:00+00:00
[2025-03-17T23:29:49.835+0000] {processor.py:208} INFO - Processing /home/airflow/.local/lib/python3.12/site-packages/airflow/example_dags/tutorial.py took 0.044 seconds
[2025-03-17T23:30:20.422+0000] {processor.py:186} INFO - Started process (PID=5273) to work on /home/airflow/.local/lib/python3.12/site-packages/airflow/example_dags/tutorial.py
[2025-03-17T23:30:20.423+0000] {processor.py:914} INFO - Processing file /home/airflow/.local/lib/python3.12/site-packages/airflow/example_dags/tutorial.py for tasks to queue
[2025-03-17T23:30:20.425+0000] {logging_mixin.py:190} INFO - [2025-03-17T23:30:20.424+0000] {dagbag.py:588} INFO - Filling up the DagBag from /home/airflow/.local/lib/python3.12/site-packages/airflow/example_dags/tutorial.py
[2025-03-17T23:30:20.429+0000] {processor.py:925} INFO - DAG(s) 'tutorial' retrieved from /home/airflow/.local/lib/python3.12/site-packages/airflow/example_dags/tutorial.py
[2025-03-17T23:30:20.438+0000] {logging_mixin.py:190} INFO - [2025-03-17T23:30:20.438+0000] {dag.py:3239} INFO - Sync 1 DAGs
[2025-03-17T23:30:20.449+0000] {logging_mixin.py:190} INFO - [2025-03-17T23:30:20.449+0000] {dag.py:4180} INFO - Setting next_dagrun for tutorial to 2025-03-16 00:00:00+00:00, run_after=2025-03-17 00:00:00+00:00
[2025-03-17T23:30:20.457+0000] {processor.py:208} INFO - Processing /home/airflow/.local/lib/python3.12/site-packages/airflow/example_dags/tutorial.py took 0.038 seconds
[2025-03-17T23:30:51.010+0000] {processor.py:186} INFO - Started process (PID=5564) to work on /home/airflow/.local/lib/python3.12/site-packages/airflow/example_dags/tutorial.py
[2025-03-17T23:30:51.011+0000] {processor.py:914} INFO - Processing file /home/airflow/.local/lib/python3.12/site-packages/airflow/example_dags/tutorial.py for tasks to queue
[2025-03-17T23:30:51.012+0000] {logging_mixin.py:190} INFO - [2025-03-17T23:30:51.011+0000] {dagbag.py:588} INFO - Filling up the DagBag from /home/airflow/.local/lib/python3.12/site-packages/airflow/example_dags/tutorial.py
[2025-03-17T23:30:51.016+0000] {processor.py:925} INFO - DAG(s) 'tutorial' retrieved from /home/airflow/.local/lib/python3.12/site-packages/airflow/example_dags/tutorial.py
[2025-03-17T23:30:51.025+0000] {logging_mixin.py:190} INFO - [2025-03-17T23:30:51.025+0000] {dag.py:3239} INFO - Sync 1 DAGs
[2025-03-17T23:30:51.036+0000] {logging_mixin.py:190} INFO - [2025-03-17T23:30:51.036+0000] {dag.py:4180} INFO - Setting next_dagrun for tutorial to 2025-03-16 00:00:00+00:00, run_after=2025-03-17 00:00:00+00:00
[2025-03-17T23:30:51.046+0000] {processor.py:208} INFO - Processing /home/airflow/.local/lib/python3.12/site-packages/airflow/example_dags/tutorial.py took 0.039 seconds
[2025-03-17T23:31:21.559+0000] {processor.py:186} INFO - Started process (PID=5855) to work on /home/airflow/.local/lib/python3.12/site-packages/airflow/example_dags/tutorial.py
[2025-03-17T23:31:21.560+0000] {processor.py:914} INFO - Processing file /home/airflow/.local/lib/python3.12/site-packages/airflow/example_dags/tutorial.py for tasks to queue
[2025-03-17T23:31:21.562+0000] {logging_mixin.py:190} INFO - [2025-03-17T23:31:21.562+0000] {dagbag.py:588} INFO - Filling up the DagBag from /home/airflow/.local/lib/python3.12/site-packages/airflow/example_dags/tutorial.py
[2025-03-17T23:31:21.566+0000] {processor.py:925} INFO - DAG(s) 'tutorial' retrieved from /home/airflow/.local/lib/python3.12/site-packages/airflow/example_dags/tutorial.py
[2025-03-17T23:31:21.576+0000] {logging_mixin.py:190} INFO - [2025-03-17T23:31:21.575+0000] {dag.py:3239} INFO - Sync 1 DAGs
[2025-03-17T23:31:21.587+0000] {logging_mixin.py:190} INFO - [2025-03-17T23:31:21.587+0000] {dag.py:4180} INFO - Setting next_dagrun for tutorial to 2025-03-16 00:00:00+00:00, run_after=2025-03-17 00:00:00+00:00
[2025-03-17T23:31:21.594+0000] {processor.py:208} INFO - Processing /home/airflow/.local/lib/python3.12/site-packages/airflow/example_dags/tutorial.py took 0.038 seconds
[2025-03-17T23:31:52.086+0000] {processor.py:186} INFO - Started process (PID=6146) to work on /home/airflow/.local/lib/python3.12/site-packages/airflow/example_dags/tutorial.py
[2025-03-17T23:31:52.087+0000] {processor.py:914} INFO - Processing file /home/airflow/.local/lib/python3.12/site-packages/airflow/example_dags/tutorial.py for tasks to queue
[2025-03-17T23:31:52.088+0000] {logging_mixin.py:190} INFO - [2025-03-17T23:31:52.088+0000] {dagbag.py:588} INFO - Filling up the DagBag from /home/airflow/.local/lib/python3.12/site-packages/airflow/example_dags/tutorial.py
[2025-03-17T23:31:52.092+0000] {processor.py:925} INFO - DAG(s) 'tutorial' retrieved from /home/airflow/.local/lib/python3.12/site-packages/airflow/example_dags/tutorial.py
[2025-03-17T23:31:52.102+0000] {logging_mixin.py:190} INFO - [2025-03-17T23:31:52.102+0000] {dag.py:3239} INFO - Sync 1 DAGs
[2025-03-17T23:31:52.113+0000] {logging_mixin.py:190} INFO - [2025-03-17T23:31:52.113+0000] {dag.py:4180} INFO - Setting next_dagrun for tutorial to 2025-03-16 00:00:00+00:00, run_after=2025-03-17 00:00:00+00:00
[2025-03-17T23:31:52.121+0000] {processor.py:208} INFO - Processing /home/airflow/.local/lib/python3.12/site-packages/airflow/example_dags/tutorial.py took 0.038 seconds
[2025-03-17T23:32:22.644+0000] {processor.py:186} INFO - Started process (PID=6437) to work on /home/airflow/.local/lib/python3.12/site-packages/airflow/example_dags/tutorial.py
[2025-03-17T23:32:22.645+0000] {processor.py:914} INFO - Processing file /home/airflow/.local/lib/python3.12/site-packages/airflow/example_dags/tutorial.py for tasks to queue
[2025-03-17T23:32:22.646+0000] {logging_mixin.py:190} INFO - [2025-03-17T23:32:22.645+0000] {dagbag.py:588} INFO - Filling up the DagBag from /home/airflow/.local/lib/python3.12/site-packages/airflow/example_dags/tutorial.py
[2025-03-17T23:32:22.650+0000] {processor.py:925} INFO - DAG(s) 'tutorial' retrieved from /home/airflow/.local/lib/python3.12/site-packages/airflow/example_dags/tutorial.py
[2025-03-17T23:32:22.659+0000] {logging_mixin.py:190} INFO - [2025-03-17T23:32:22.659+0000] {dag.py:3239} INFO - Sync 1 DAGs
[2025-03-17T23:32:22.670+0000] {logging_mixin.py:190} INFO - [2025-03-17T23:32:22.670+0000] {dag.py:4180} INFO - Setting next_dagrun for tutorial to 2025-03-16 00:00:00+00:00, run_after=2025-03-17 00:00:00+00:00
[2025-03-17T23:32:22.678+0000] {processor.py:208} INFO - Processing /home/airflow/.local/lib/python3.12/site-packages/airflow/example_dags/tutorial.py took 0.037 seconds
[2025-03-17T23:32:53.328+0000] {processor.py:186} INFO - Started process (PID=6728) to work on /home/airflow/.local/lib/python3.12/site-packages/airflow/example_dags/tutorial.py
[2025-03-17T23:32:53.329+0000] {processor.py:914} INFO - Processing file /home/airflow/.local/lib/python3.12/site-packages/airflow/example_dags/tutorial.py for tasks to queue
[2025-03-17T23:32:53.330+0000] {logging_mixin.py:190} INFO - [2025-03-17T23:32:53.330+0000] {dagbag.py:588} INFO - Filling up the DagBag from /home/airflow/.local/lib/python3.12/site-packages/airflow/example_dags/tutorial.py
[2025-03-17T23:32:53.334+0000] {processor.py:925} INFO - DAG(s) 'tutorial' retrieved from /home/airflow/.local/lib/python3.12/site-packages/airflow/example_dags/tutorial.py
[2025-03-17T23:32:53.343+0000] {logging_mixin.py:190} INFO - [2025-03-17T23:32:53.343+0000] {dag.py:3239} INFO - Sync 1 DAGs
[2025-03-17T23:32:53.355+0000] {logging_mixin.py:190} INFO - [2025-03-17T23:32:53.354+0000] {dag.py:4180} INFO - Setting next_dagrun for tutorial to 2025-03-16 00:00:00+00:00, run_after=2025-03-17 00:00:00+00:00
[2025-03-17T23:32:53.364+0000] {processor.py:208} INFO - Processing /home/airflow/.local/lib/python3.12/site-packages/airflow/example_dags/tutorial.py took 0.039 seconds
[2025-03-17T23:33:23.988+0000] {processor.py:186} INFO - Started process (PID=7019) to work on /home/airflow/.local/lib/python3.12/site-packages/airflow/example_dags/tutorial.py
[2025-03-17T23:33:23.989+0000] {processor.py:914} INFO - Processing file /home/airflow/.local/lib/python3.12/site-packages/airflow/example_dags/tutorial.py for tasks to queue
[2025-03-17T23:33:23.991+0000] {logging_mixin.py:190} INFO - [2025-03-17T23:33:23.991+0000] {dagbag.py:588} INFO - Filling up the DagBag from /home/airflow/.local/lib/python3.12/site-packages/airflow/example_dags/tutorial.py
[2025-03-17T23:33:23.996+0000] {processor.py:925} INFO - DAG(s) 'tutorial' retrieved from /home/airflow/.local/lib/python3.12/site-packages/airflow/example_dags/tutorial.py
[2025-03-17T23:33:24.006+0000] {logging_mixin.py:190} INFO - [2025-03-17T23:33:24.006+0000] {dag.py:3239} INFO - Sync 1 DAGs
[2025-03-17T23:33:24.018+0000] {logging_mixin.py:190} INFO - [2025-03-17T23:33:24.018+0000] {dag.py:4180} INFO - Setting next_dagrun for tutorial to 2025-03-16 00:00:00+00:00, run_after=2025-03-17 00:00:00+00:00
[2025-03-17T23:33:24.026+0000] {processor.py:208} INFO - Processing /home/airflow/.local/lib/python3.12/site-packages/airflow/example_dags/tutorial.py took 0.040 seconds
[2025-03-17T23:33:54.971+0000] {processor.py:186} INFO - Started process (PID=7310) to work on /home/airflow/.local/lib/python3.12/site-packages/airflow/example_dags/tutorial.py
[2025-03-17T23:33:54.972+0000] {processor.py:914} INFO - Processing file /home/airflow/.local/lib/python3.12/site-packages/airflow/example_dags/tutorial.py for tasks to queue
[2025-03-17T23:33:54.973+0000] {logging_mixin.py:190} INFO - [2025-03-17T23:33:54.973+0000] {dagbag.py:588} INFO - Filling up the DagBag from /home/airflow/.local/lib/python3.12/site-packages/airflow/example_dags/tutorial.py
[2025-03-17T23:33:54.977+0000] {processor.py:925} INFO - DAG(s) 'tutorial' retrieved from /home/airflow/.local/lib/python3.12/site-packages/airflow/example_dags/tutorial.py
[2025-03-17T23:33:54.987+0000] {logging_mixin.py:190} INFO - [2025-03-17T23:33:54.987+0000] {dag.py:3239} INFO - Sync 1 DAGs
[2025-03-17T23:33:54.999+0000] {logging_mixin.py:190} INFO - [2025-03-17T23:33:54.999+0000] {dag.py:4180} INFO - Setting next_dagrun for tutorial to 2025-03-16 00:00:00+00:00, run_after=2025-03-17 00:00:00+00:00
[2025-03-17T23:33:55.007+0000] {processor.py:208} INFO - Processing /home/airflow/.local/lib/python3.12/site-packages/airflow/example_dags/tutorial.py took 0.039 seconds
[2025-03-17T23:34:25.868+0000] {processor.py:186} INFO - Started process (PID=7601) to work on /home/airflow/.local/lib/python3.12/site-packages/airflow/example_dags/tutorial.py
[2025-03-17T23:34:25.868+0000] {processor.py:914} INFO - Processing file /home/airflow/.local/lib/python3.12/site-packages/airflow/example_dags/tutorial.py for tasks to queue
[2025-03-17T23:34:25.869+0000] {logging_mixin.py:190} INFO - [2025-03-17T23:34:25.869+0000] {dagbag.py:588} INFO - Filling up the DagBag from /home/airflow/.local/lib/python3.12/site-packages/airflow/example_dags/tutorial.py
[2025-03-17T23:34:25.874+0000] {processor.py:925} INFO - DAG(s) 'tutorial' retrieved from /home/airflow/.local/lib/python3.12/site-packages/airflow/example_dags/tutorial.py
[2025-03-17T23:34:25.884+0000] {logging_mixin.py:190} INFO - [2025-03-17T23:34:25.884+0000] {dag.py:3239} INFO - Sync 1 DAGs
[2025-03-17T23:34:25.896+0000] {logging_mixin.py:190} INFO - [2025-03-17T23:34:25.895+0000] {dag.py:4180} INFO - Setting next_dagrun for tutorial to 2025-03-16 00:00:00+00:00, run_after=2025-03-17 00:00:00+00:00
[2025-03-17T23:34:25.907+0000] {processor.py:208} INFO - Processing /home/airflow/.local/lib/python3.12/site-packages/airflow/example_dags/tutorial.py took 0.042 seconds
[2025-03-17T23:34:57.136+0000] {processor.py:186} INFO - Started process (PID=7931) to work on /home/airflow/.local/lib/python3.12/site-packages/airflow/example_dags/tutorial.py
[2025-03-17T23:34:57.137+0000] {processor.py:914} INFO - Processing file /home/airflow/.local/lib/python3.12/site-packages/airflow/example_dags/tutorial.py for tasks to queue
[2025-03-17T23:34:57.139+0000] {logging_mixin.py:190} INFO - [2025-03-17T23:34:57.139+0000] {dagbag.py:588} INFO - Filling up the DagBag from /home/airflow/.local/lib/python3.12/site-packages/airflow/example_dags/tutorial.py
[2025-03-17T23:34:57.144+0000] {processor.py:925} INFO - DAG(s) 'tutorial' retrieved from /home/airflow/.local/lib/python3.12/site-packages/airflow/example_dags/tutorial.py
[2025-03-17T23:34:57.154+0000] {logging_mixin.py:190} INFO - [2025-03-17T23:34:57.154+0000] {dag.py:3239} INFO - Sync 1 DAGs
[2025-03-17T23:34:57.167+0000] {logging_mixin.py:190} INFO - [2025-03-17T23:34:57.167+0000] {dag.py:4180} INFO - Setting next_dagrun for tutorial to 2025-03-16 00:00:00+00:00, run_after=2025-03-17 00:00:00+00:00
[2025-03-17T23:34:57.176+0000] {processor.py:208} INFO - Processing /home/airflow/.local/lib/python3.12/site-packages/airflow/example_dags/tutorial.py took 0.043 seconds
[2025-03-17T23:35:27.973+0000] {processor.py:186} INFO - Started process (PID=8222) to work on /home/airflow/.local/lib/python3.12/site-packages/airflow/example_dags/tutorial.py
[2025-03-17T23:35:27.974+0000] {processor.py:914} INFO - Processing file /home/airflow/.local/lib/python3.12/site-packages/airflow/example_dags/tutorial.py for tasks to queue
[2025-03-17T23:35:27.976+0000] {logging_mixin.py:190} INFO - [2025-03-17T23:35:27.976+0000] {dagbag.py:588} INFO - Filling up the DagBag from /home/airflow/.local/lib/python3.12/site-packages/airflow/example_dags/tutorial.py
[2025-03-17T23:35:27.980+0000] {processor.py:925} INFO - DAG(s) 'tutorial' retrieved from /home/airflow/.local/lib/python3.12/site-packages/airflow/example_dags/tutorial.py
[2025-03-17T23:35:27.992+0000] {logging_mixin.py:190} INFO - [2025-03-17T23:35:27.991+0000] {dag.py:3239} INFO - Sync 1 DAGs
[2025-03-17T23:35:28.003+0000] {logging_mixin.py:190} INFO - [2025-03-17T23:35:28.003+0000] {dag.py:4180} INFO - Setting next_dagrun for tutorial to 2025-03-16 00:00:00+00:00, run_after=2025-03-17 00:00:00+00:00
[2025-03-17T23:35:28.011+0000] {processor.py:208} INFO - Processing /home/airflow/.local/lib/python3.12/site-packages/airflow/example_dags/tutorial.py took 0.040 seconds
[2025-03-17T23:35:59.025+0000] {processor.py:186} INFO - Started process (PID=8513) to work on /home/airflow/.local/lib/python3.12/site-packages/airflow/example_dags/tutorial.py
[2025-03-17T23:35:59.026+0000] {processor.py:914} INFO - Processing file /home/airflow/.local/lib/python3.12/site-packages/airflow/example_dags/tutorial.py for tasks to queue
[2025-03-17T23:35:59.027+0000] {logging_mixin.py:190} INFO - [2025-03-17T23:35:59.027+0000] {dagbag.py:588} INFO - Filling up the DagBag from /home/airflow/.local/lib/python3.12/site-packages/airflow/example_dags/tutorial.py
[2025-03-17T23:35:59.041+0000] {processor.py:925} INFO - DAG(s) 'tutorial' retrieved from /home/airflow/.local/lib/python3.12/site-packages/airflow/example_dags/tutorial.py
[2025-03-17T23:35:59.064+0000] {logging_mixin.py:190} INFO - [2025-03-17T23:35:59.064+0000] {dag.py:3239} INFO - Sync 1 DAGs
[2025-03-17T23:35:59.081+0000] {logging_mixin.py:190} INFO - [2025-03-17T23:35:59.081+0000] {dag.py:4180} INFO - Setting next_dagrun for tutorial to 2025-03-16 00:00:00+00:00, run_after=2025-03-17 00:00:00+00:00
[2025-03-17T23:35:59.095+0000] {processor.py:208} INFO - Processing /home/airflow/.local/lib/python3.12/site-packages/airflow/example_dags/tutorial.py took 0.074 seconds
[2025-03-17T23:36:30.439+0000] {processor.py:186} INFO - Started process (PID=8804) to work on /home/airflow/.local/lib/python3.12/site-packages/airflow/example_dags/tutorial.py
[2025-03-17T23:36:30.440+0000] {processor.py:914} INFO - Processing file /home/airflow/.local/lib/python3.12/site-packages/airflow/example_dags/tutorial.py for tasks to queue
[2025-03-17T23:36:30.441+0000] {logging_mixin.py:190} INFO - [2025-03-17T23:36:30.441+0000] {dagbag.py:588} INFO - Filling up the DagBag from /home/airflow/.local/lib/python3.12/site-packages/airflow/example_dags/tutorial.py
[2025-03-17T23:36:30.446+0000] {processor.py:925} INFO - DAG(s) 'tutorial' retrieved from /home/airflow/.local/lib/python3.12/site-packages/airflow/example_dags/tutorial.py
[2025-03-17T23:36:30.455+0000] {logging_mixin.py:190} INFO - [2025-03-17T23:36:30.455+0000] {dag.py:3239} INFO - Sync 1 DAGs
[2025-03-17T23:36:30.468+0000] {logging_mixin.py:190} INFO - [2025-03-17T23:36:30.468+0000] {dag.py:4180} INFO - Setting next_dagrun for tutorial to 2025-03-16 00:00:00+00:00, run_after=2025-03-17 00:00:00+00:00
[2025-03-17T23:36:30.477+0000] {processor.py:208} INFO - Processing /home/airflow/.local/lib/python3.12/site-packages/airflow/example_dags/tutorial.py took 0.041 seconds
[2025-03-17T23:37:01.845+0000] {processor.py:186} INFO - Started process (PID=9095) to work on /home/airflow/.local/lib/python3.12/site-packages/airflow/example_dags/tutorial.py
[2025-03-17T23:37:01.846+0000] {processor.py:914} INFO - Processing file /home/airflow/.local/lib/python3.12/site-packages/airflow/example_dags/tutorial.py for tasks to queue
[2025-03-17T23:37:01.848+0000] {logging_mixin.py:190} INFO - [2025-03-17T23:37:01.848+0000] {dagbag.py:588} INFO - Filling up the DagBag from /home/airflow/.local/lib/python3.12/site-packages/airflow/example_dags/tutorial.py
[2025-03-17T23:37:01.852+0000] {processor.py:925} INFO - DAG(s) 'tutorial' retrieved from /home/airflow/.local/lib/python3.12/site-packages/airflow/example_dags/tutorial.py
[2025-03-17T23:37:01.862+0000] {logging_mixin.py:190} INFO - [2025-03-17T23:37:01.862+0000] {dag.py:3239} INFO - Sync 1 DAGs
[2025-03-17T23:37:01.874+0000] {logging_mixin.py:190} INFO - [2025-03-17T23:37:01.874+0000] {dag.py:4180} INFO - Setting next_dagrun for tutorial to 2025-03-16 00:00:00+00:00, run_after=2025-03-17 00:00:00+00:00
[2025-03-17T23:37:01.884+0000] {processor.py:208} INFO - Processing /home/airflow/.local/lib/python3.12/site-packages/airflow/example_dags/tutorial.py took 0.041 seconds
[2025-03-17T23:37:33.436+0000] {processor.py:186} INFO - Started process (PID=9392) to work on /home/airflow/.local/lib/python3.12/site-packages/airflow/example_dags/tutorial.py
[2025-03-17T23:37:33.437+0000] {processor.py:914} INFO - Processing file /home/airflow/.local/lib/python3.12/site-packages/airflow/example_dags/tutorial.py for tasks to queue
[2025-03-17T23:37:33.438+0000] {logging_mixin.py:190} INFO - [2025-03-17T23:37:33.438+0000] {dagbag.py:588} INFO - Filling up the DagBag from /home/airflow/.local/lib/python3.12/site-packages/airflow/example_dags/tutorial.py
[2025-03-17T23:37:33.446+0000] {processor.py:925} INFO - DAG(s) 'tutorial' retrieved from /home/airflow/.local/lib/python3.12/site-packages/airflow/example_dags/tutorial.py
[2025-03-17T23:37:33.458+0000] {logging_mixin.py:190} INFO - [2025-03-17T23:37:33.458+0000] {dag.py:3239} INFO - Sync 1 DAGs
[2025-03-17T23:37:33.475+0000] {logging_mixin.py:190} INFO - [2025-03-17T23:37:33.475+0000] {dag.py:4180} INFO - Setting next_dagrun for tutorial to 2025-03-16 00:00:00+00:00, run_after=2025-03-17 00:00:00+00:00
[2025-03-17T23:37:33.490+0000] {processor.py:208} INFO - Processing /home/airflow/.local/lib/python3.12/site-packages/airflow/example_dags/tutorial.py took 0.057 seconds
