[2025-03-17T23:34:49.912+0000] {local_task_job_runner.py:123} INFO - ::group::Pre task execution logs
[2025-03-17T23:34:49.933+0000] {taskinstance.py:2614} INFO - Dependencies all met for dep_context=non-requeueable deps ti=<TaskInstance: example_bash_decorator.also_run_this manual__2025-03-17T23:34:47.415930+00:00 [queued]>
[2025-03-17T23:34:49.948+0000] {taskinstance.py:2614} INFO - Dependencies all met for dep_context=requeueable deps ti=<TaskInstance: example_bash_decorator.also_run_this manual__2025-03-17T23:34:47.415930+00:00 [queued]>
[2025-03-17T23:34:49.949+0000] {taskinstance.py:2867} INFO - Starting attempt 1 of 1
[2025-03-17T23:34:49.980+0000] {taskinstance.py:2890} INFO - Executing <Task(_BashDecoratedOperator): also_run_this> on 2025-03-17 23:34:47.415930+00:00
[2025-03-17T23:34:50.002+0000] {standard_task_runner.py:104} INFO - Running: ['***', 'tasks', 'run', 'example_bash_decorator', 'also_run_this', 'manual__2025-03-17T23:34:47.415930+00:00', '--job-id', '4', '--raw', '--subdir', '/home/***/.local/lib/python3.12/site-packages/***/example_dags/example_bash_decorator.py', '--cfg-path', '/tmp/tmpnr1pphv1']
[2025-03-17T23:34:50.007+0000] {standard_task_runner.py:105} INFO - Job 4: Subtask also_run_this
[2025-03-17T23:34:50.006+0000] {logging_mixin.py:190} WARNING - /home/***/.local/lib/python3.12/site-packages/***/task/task_runner/standard_task_runner.py:70 DeprecationWarning: This process (pid=7751) is multi-threaded, use of fork() may lead to deadlocks in the child.
[2025-03-17T23:34:50.017+0000] {standard_task_runner.py:72} INFO - Started process 7774 to run task
[2025-03-17T23:34:50.138+0000] {task_command.py:467} INFO - Running <TaskInstance: example_bash_decorator.also_run_this manual__2025-03-17T23:34:47.415930+00:00 [running]> on host e33ce2890154
[2025-03-17T23:34:50.340+0000] {taskinstance.py:3134} INFO - Exporting env vars: AIRFLOW_CTX_DAG_OWNER='***' AIRFLOW_CTX_DAG_ID='example_bash_decorator' AIRFLOW_CTX_TASK_ID='also_run_this' AIRFLOW_CTX_EXECUTION_DATE='2025-03-17T23:34:47.415930+00:00' AIRFLOW_CTX_TRY_NUMBER='1' AIRFLOW_CTX_DAG_RUN_ID='manual__2025-03-17T23:34:47.415930+00:00'
[2025-03-17T23:34:50.343+0000] {logging_mixin.py:190} INFO - Task instance is in running state
[2025-03-17T23:34:50.346+0000] {logging_mixin.py:190} INFO -  Previous state of the Task instance: queued
[2025-03-17T23:34:50.348+0000] {logging_mixin.py:190} INFO - Current task name:also_run_this state:running start_date:2025-03-17 23:34:49.935155+00:00
[2025-03-17T23:34:50.351+0000] {logging_mixin.py:190} INFO - Dag name:example_bash_decorator and current dag run status:running
[2025-03-17T23:34:50.354+0000] {taskinstance.py:732} INFO - ::endgroup::
[2025-03-17T23:34:50.400+0000] {subprocess.py:78} INFO - Tmp dir root location: /tmp
[2025-03-17T23:34:50.401+0000] {subprocess.py:88} INFO - Running command: ['/usr/bin/bash', '-c', 'echo "ti_key=example_bash_decorator__also_run_this__20250317"']
[2025-03-17T23:34:50.430+0000] {subprocess.py:99} INFO - Output:
[2025-03-17T23:34:50.433+0000] {subprocess.py:106} INFO - ti_key=example_bash_decorator__also_run_this__20250317
[2025-03-17T23:34:50.434+0000] {subprocess.py:110} INFO - Command exited with return code 0
[2025-03-17T23:34:50.498+0000] {taskinstance.py:341} INFO - ::group::Post task execution logs
[2025-03-17T23:34:50.501+0000] {taskinstance.py:353} INFO - Marking task as SUCCESS. dag_id=example_bash_decorator, task_id=also_run_this, run_id=manual__2025-03-17T23:34:47.415930+00:00, execution_date=20250317T233447, start_date=20250317T233449, end_date=20250317T233450
[2025-03-17T23:34:50.563+0000] {logging_mixin.py:190} INFO - Task instance in success state
[2025-03-17T23:34:50.564+0000] {logging_mixin.py:190} INFO -  Previous state of the Task instance: running
[2025-03-17T23:34:50.565+0000] {logging_mixin.py:190} INFO - Dag name:example_bash_decorator queued_at:2025-03-17 23:34:47.439331+00:00
[2025-03-17T23:34:50.566+0000] {logging_mixin.py:190} INFO - Task hostname:e33ce2890154 operator:_BashDecoratedOperator
[2025-03-17T23:34:50.588+0000] {local_task_job_runner.py:266} INFO - Task exited with return code 0
[2025-03-17T23:34:50.652+0000] {taskinstance.py:3901} INFO - 0 downstream tasks scheduled from follow-on schedule check
[2025-03-17T23:34:50.654+0000] {local_task_job_runner.py:245} INFO - ::endgroup::
